

================================================================
== Vitis HLS Report for 'ipv4_drop_optional_ip_header_512_s'
================================================================
* Date:           Tue Jul 19 06:02:56 2022

* Version:        2020.2 (Build 3064766 on Wed Nov 18 09:12:47 MST 2020)
* Project:        ipv4_prj
* Solution:       solution1 (Vivado IP Flow Target)
* Product family: virtexuplus
* Target device:  xcvu3p-ffvc1517-2-i


================================================================
== Performance Estimates
================================================================
+ Timing: 
    * Summary: 
    +--------+---------+----------+------------+
    |  Clock |  Target | Estimated| Uncertainty|
    +--------+---------+----------+------------+
    |ap_clk  |  3.20 ns|  3.114 ns|     0.86 ns|
    +--------+---------+----------+------------+

+ Latency: 
    * Summary: 
    +---------+---------+----------+----------+-----+-----+---------+
    |  Latency (cycles) |  Latency (absolute) |  Interval | Pipeline|
    |   min   |   max   |    min   |    max   | min | max |   Type  |
    +---------+---------+----------+----------+-----+-----+---------+
    |        1|        1|  3.200 ns|  3.200 ns|    1|    1|      yes|
    +---------+---------+----------+----------+-----+-----+---------+

    + Detail: 
        * Instance: 
        N/A

        * Loop: 
        N/A

============================================================
+ Verbose Summary: Synthesis Manager
============================================================
InlineROM: 1
ExposeGlobal: 0
============================================================
+ Verbose Summary: CDFG Model
============================================================
IsTopModel: 0
ResetActiveHigh: 1
IsCombinational: 2
IsDatapathOnly: 0
HasWiredReturn: 1
HasMFsm: 2
HasVarLatency: 0
IsPipeline: 1
IsRtlPipelined: 1
IsInstanceOverlapped: 0
IsDontTouch: 0
HasImplIP: 0
IsGatedGlobalClock: 0

+ Individual pipeline summary: 
  * Pipeline-0: initiation interval (II) = 1, depth = 2


============================================================
+ Verbose Summary: Schedule
============================================================
* Number of FSM states : 2
* Pipeline : 1
  Pipeline-0 : II = 1, D = 2, States = { 1 2 }
* Dataflow Pipeline: 0

* FSM state transitions: 
1 --> 2 
2 --> 

* FSM state operations: 

State 1 <SV = 0> <Delay = 3.11>
ST_1 : Operation 3 [1/1] (0.00ns)   --->   "%doh_state_load = load i3 %doh_state" [/home/haiyang3/eth-axi-streamer/fpga-network-stack/hls/ipv4/ipv4.hpp:211]   --->   Operation 3 'load' 'doh_state_load' <Predicate = true> <Delay = 0.00>
ST_1 : Operation 4 [1/1] (0.63ns)   --->   "%switch_ln211 = switch i3 %doh_state_load, void %ipv4_drop_optional_ip_header<512>.exit, i3 0, void, i3 1, void, i3 2, void, i3 3, void, i3 5, void, i3 4, void, i3 6, void" [/home/haiyang3/eth-axi-streamer/fpga-network-stack/hls/ipv4/ipv4.hpp:211]   --->   Operation 4 'switch' 'switch_ln211' <Predicate = true> <Delay = 0.63>
ST_1 : Operation 5 [1/1] (0.51ns)   --->   "%store_ln330 = store i3 0, i3 %doh_state" [/home/haiyang3/eth-axi-streamer/fpga-network-stack/hls/ipv4/ipv4.hpp:330]   --->   Operation 5 'store' 'store_ln330' <Predicate = (doh_state_load == 6)> <Delay = 0.51>
ST_1 : Operation 6 [1/1] (0.00ns)   --->   "%br_ln331 = br void %ipv4_drop_optional_ip_header<512>.exit" [/home/haiyang3/eth-axi-streamer/fpga-network-stack/hls/ipv4/ipv4.hpp:331]   --->   Operation 6 'br' 'br_ln331' <Predicate = (doh_state_load == 6)> <Delay = 0.00>
ST_1 : Operation 7 [1/1] (0.51ns)   --->   "%store_ln321 = store i3 0, i3 %doh_state" [/home/haiyang3/eth-axi-streamer/fpga-network-stack/hls/ipv4/ipv4.hpp:321]   --->   Operation 7 'store' 'store_ln321' <Predicate = (doh_state_load == 4)> <Delay = 0.51>
ST_1 : Operation 8 [1/1] (0.00ns)   --->   "%br_ln322 = br void %ipv4_drop_optional_ip_header<512>.exit" [/home/haiyang3/eth-axi-streamer/fpga-network-stack/hls/ipv4/ipv4.hpp:322]   --->   Operation 8 'br' 'br_ln322' <Predicate = (doh_state_load == 4)> <Delay = 0.00>
ST_1 : Operation 9 [1/1] (0.00ns)   --->   "%tmp_4_i = nbreadreq i1 @_ssdm_op_NbReadReq.ap_fifo.i1024P0A, i1024 %rx_process2dropFifo, i32 1" [/opt/xilinx/Vitis_HLS/2020.2/common/technology/autopilot/hls_stream_39.h:136]   --->   Operation 9 'nbreadreq' 'tmp_4_i' <Predicate = (doh_state_load == 5)> <Delay = 0.00> <CoreInst = "FIFO">   --->   Core 78 'FIFO' <Latency = 0> <II = 1> <Delay = 1.26> <Storage> <Opcode : 'read' 'write' 'nbread' 'nbwrite'> <Ports = 0> <Width = 1024> <Depth = 8> <FIFO>
ST_1 : Operation 10 [1/1] (0.00ns)   --->   "%br_ln294 = br i1 %tmp_4_i, void %ipv4_drop_optional_ip_header<512>.exit, void" [/home/haiyang3/eth-axi-streamer/fpga-network-stack/hls/ipv4/ipv4.hpp:294]   --->   Operation 10 'br' 'br_ln294' <Predicate = (doh_state_load == 5)> <Delay = 0.00>
ST_1 : Operation 11 [1/1] (1.16ns)   --->   "%rx_process2dropFifo_read_3 = read i1024 @_ssdm_op_Read.ap_fifo.volatile.i1024P0A, i1024 %rx_process2dropFifo" [/opt/xilinx/Vitis_HLS/2020.2/common/technology/autopilot/hls_stream_39.h:145]   --->   Operation 11 'read' 'rx_process2dropFifo_read_3' <Predicate = (doh_state_load == 5 & tmp_4_i)> <Delay = 1.16> <CoreInst = "FIFO">   --->   Core 78 'FIFO' <Latency = 0> <II = 1> <Delay = 1.26> <Storage> <Opcode : 'read' 'write' 'nbread' 'nbwrite'> <Ports = 0> <Width = 1024> <Depth = 8> <FIFO>
ST_1 : Operation 12 [1/1] (0.00ns)   --->   "%currWord_data_V_5 = trunc i1024 %rx_process2dropFifo_read_3" [/opt/xilinx/Vitis_HLS/2020.2/common/technology/autopilot/hls_stream_39.h:145]   --->   Operation 12 'trunc' 'currWord_data_V_5' <Predicate = (doh_state_load == 5 & tmp_4_i)> <Delay = 0.00>
ST_1 : Operation 13 [1/1] (0.00ns)   --->   "%currWord_keep_V_1 = partselect i64 @_ssdm_op_PartSelect.i64.i1024.i32.i32, i1024 %rx_process2dropFifo_read_3, i32 512, i32 575" [/opt/xilinx/Vitis_HLS/2020.2/common/technology/autopilot/hls_stream_39.h:145]   --->   Operation 13 'partselect' 'currWord_keep_V_1' <Predicate = (doh_state_load == 5 & tmp_4_i)> <Delay = 0.00>
ST_1 : Operation 14 [1/1] (0.00ns)   --->   "%currWord_last_V_3 = bitselect i1 @_ssdm_op_BitSelect.i1.i1024.i32, i1024 %rx_process2dropFifo_read_3, i32 576" [/opt/xilinx/Vitis_HLS/2020.2/common/technology/autopilot/hls_stream_39.h:145]   --->   Operation 14 'bitselect' 'currWord_last_V_3' <Predicate = (doh_state_load == 5 & tmp_4_i)> <Delay = 0.00>
ST_1 : Operation 15 [1/1] (0.00ns)   --->   "%trunc_ln674_1 = trunc i1024 %rx_process2dropFifo_read_3"   --->   Operation 15 'trunc' 'trunc_ln674_1' <Predicate = (doh_state_load == 5 & tmp_4_i)> <Delay = 0.00>
ST_1 : Operation 16 [1/1] (0.00ns)   --->   "%p_Result_32_i = partselect i20 @_ssdm_op_PartSelect.i20.i1024.i32.i32, i1024 %rx_process2dropFifo_read_3, i32 512, i32 531"   --->   Operation 16 'partselect' 'p_Result_32_i' <Predicate = (doh_state_load == 5 & tmp_4_i)> <Delay = 0.00>
ST_1 : Operation 17 [1/1] (0.00ns)   --->   "%tmp_5 = bitselect i1 @_ssdm_op_BitSelect.i1.i1024.i32, i1024 %rx_process2dropFifo_read_3, i32 532"   --->   Operation 17 'bitselect' 'tmp_5' <Predicate = (doh_state_load == 5 & tmp_4_i)> <Delay = 0.00>
ST_1 : Operation 18 [1/1] (0.00ns)   --->   "%br_ln304 = br i1 %tmp_5, void, void" [/home/haiyang3/eth-axi-streamer/fpga-network-stack/hls/ipv4/ipv4.hpp:304]   --->   Operation 18 'br' 'br_ln304' <Predicate = (doh_state_load == 5 & tmp_4_i)> <Delay = 0.00>
ST_1 : Operation 19 [1/1] (0.51ns)   --->   "%store_ln306 = store i3 0, i3 %doh_state" [/home/haiyang3/eth-axi-streamer/fpga-network-stack/hls/ipv4/ipv4.hpp:306]   --->   Operation 19 'store' 'store_ln306' <Predicate = (doh_state_load == 5 & tmp_4_i & !tmp_5)> <Delay = 0.51>
ST_1 : Operation 20 [1/1] (0.00ns)   --->   "%br_ln307 = br void %ipv4_drop_optional_ip_header<512>.exit" [/home/haiyang3/eth-axi-streamer/fpga-network-stack/hls/ipv4/ipv4.hpp:307]   --->   Operation 20 'br' 'br_ln307' <Predicate = (doh_state_load == 5 & tmp_4_i & !tmp_5)> <Delay = 0.00>
ST_1 : Operation 21 [1/1] (0.00ns)   --->   "%br_ln308 = br i1 %currWord_last_V_3, void %ipv4_drop_optional_ip_header<512>.exit, void" [/home/haiyang3/eth-axi-streamer/fpga-network-stack/hls/ipv4/ipv4.hpp:308]   --->   Operation 21 'br' 'br_ln308' <Predicate = (doh_state_load == 5 & tmp_4_i & tmp_5)> <Delay = 0.00>
ST_1 : Operation 22 [1/1] (0.51ns)   --->   "%store_ln310 = store i3 6, i3 %doh_state" [/home/haiyang3/eth-axi-streamer/fpga-network-stack/hls/ipv4/ipv4.hpp:310]   --->   Operation 22 'store' 'store_ln310' <Predicate = (doh_state_load == 5 & tmp_4_i & tmp_5 & currWord_last_V_3)> <Delay = 0.51>
ST_1 : Operation 23 [1/1] (0.00ns)   --->   "%br_ln311 = br void %ipv4_drop_optional_ip_header<512>.exit" [/home/haiyang3/eth-axi-streamer/fpga-network-stack/hls/ipv4/ipv4.hpp:311]   --->   Operation 23 'br' 'br_ln311' <Predicate = (doh_state_load == 5 & tmp_4_i & tmp_5 & currWord_last_V_3)> <Delay = 0.00>
ST_1 : Operation 24 [1/1] (0.00ns)   --->   "%tmp_3_i = nbreadreq i1 @_ssdm_op_NbReadReq.ap_fifo.i1024P0A, i1024 %rx_process2dropFifo, i32 1" [/opt/xilinx/Vitis_HLS/2020.2/common/technology/autopilot/hls_stream_39.h:136]   --->   Operation 24 'nbreadreq' 'tmp_3_i' <Predicate = (doh_state_load == 3)> <Delay = 0.00> <CoreInst = "FIFO">   --->   Core 78 'FIFO' <Latency = 0> <II = 1> <Delay = 1.26> <Storage> <Opcode : 'read' 'write' 'nbread' 'nbwrite'> <Ports = 0> <Width = 1024> <Depth = 8> <FIFO>
ST_1 : Operation 25 [1/1] (0.00ns)   --->   "%br_ln273 = br i1 %tmp_3_i, void %ipv4_drop_optional_ip_header<512>.exit, void" [/home/haiyang3/eth-axi-streamer/fpga-network-stack/hls/ipv4/ipv4.hpp:273]   --->   Operation 25 'br' 'br_ln273' <Predicate = (doh_state_load == 3)> <Delay = 0.00>
ST_1 : Operation 26 [1/1] (1.16ns)   --->   "%rx_process2dropFifo_read_2 = read i1024 @_ssdm_op_Read.ap_fifo.volatile.i1024P0A, i1024 %rx_process2dropFifo" [/opt/xilinx/Vitis_HLS/2020.2/common/technology/autopilot/hls_stream_39.h:145]   --->   Operation 26 'read' 'rx_process2dropFifo_read_2' <Predicate = (doh_state_load == 3 & tmp_3_i)> <Delay = 1.16> <CoreInst = "FIFO">   --->   Core 78 'FIFO' <Latency = 0> <II = 1> <Delay = 1.26> <Storage> <Opcode : 'read' 'write' 'nbread' 'nbwrite'> <Ports = 0> <Width = 1024> <Depth = 8> <FIFO>
ST_1 : Operation 27 [1/1] (0.00ns)   --->   "%currWord_data_V = trunc i1024 %rx_process2dropFifo_read_2" [/opt/xilinx/Vitis_HLS/2020.2/common/technology/autopilot/hls_stream_39.h:145]   --->   Operation 27 'trunc' 'currWord_data_V' <Predicate = (doh_state_load == 3 & tmp_3_i)> <Delay = 0.00>
ST_1 : Operation 28 [1/1] (0.00ns)   --->   "%currWord_keep_V = partselect i64 @_ssdm_op_PartSelect.i64.i1024.i32.i32, i1024 %rx_process2dropFifo_read_2, i32 512, i32 575" [/opt/xilinx/Vitis_HLS/2020.2/common/technology/autopilot/hls_stream_39.h:145]   --->   Operation 28 'partselect' 'currWord_keep_V' <Predicate = (doh_state_load == 3 & tmp_3_i)> <Delay = 0.00>
ST_1 : Operation 29 [1/1] (0.00ns)   --->   "%currWord_last_V_2 = bitselect i1 @_ssdm_op_BitSelect.i1.i1024.i32, i1024 %rx_process2dropFifo_read_2, i32 576" [/opt/xilinx/Vitis_HLS/2020.2/common/technology/autopilot/hls_stream_39.h:145]   --->   Operation 29 'bitselect' 'currWord_last_V_2' <Predicate = (doh_state_load == 3 & tmp_3_i)> <Delay = 0.00>
ST_1 : Operation 30 [1/1] (0.00ns)   --->   "%trunc_ln674 = trunc i1024 %rx_process2dropFifo_read_2"   --->   Operation 30 'trunc' 'trunc_ln674' <Predicate = (doh_state_load == 3 & tmp_3_i)> <Delay = 0.00>
ST_1 : Operation 31 [1/1] (0.00ns)   --->   "%p_Result_27_i = partselect i4 @_ssdm_op_PartSelect.i4.i1024.i32.i32, i1024 %rx_process2dropFifo_read_2, i32 512, i32 515"   --->   Operation 31 'partselect' 'p_Result_27_i' <Predicate = (doh_state_load == 3 & tmp_3_i)> <Delay = 0.00>
ST_1 : Operation 32 [1/1] (0.00ns)   --->   "%tmp = bitselect i1 @_ssdm_op_BitSelect.i1.i1024.i32, i1024 %rx_process2dropFifo_read_2, i32 516"   --->   Operation 32 'bitselect' 'tmp' <Predicate = (doh_state_load == 3 & tmp_3_i)> <Delay = 0.00>
ST_1 : Operation 33 [1/1] (0.00ns)   --->   "%br_ln283 = br i1 %tmp, void, void" [/home/haiyang3/eth-axi-streamer/fpga-network-stack/hls/ipv4/ipv4.hpp:283]   --->   Operation 33 'br' 'br_ln283' <Predicate = (doh_state_load == 3 & tmp_3_i)> <Delay = 0.00>
ST_1 : Operation 34 [1/1] (0.51ns)   --->   "%store_ln285 = store i3 0, i3 %doh_state" [/home/haiyang3/eth-axi-streamer/fpga-network-stack/hls/ipv4/ipv4.hpp:285]   --->   Operation 34 'store' 'store_ln285' <Predicate = (doh_state_load == 3 & tmp_3_i & !tmp)> <Delay = 0.51>
ST_1 : Operation 35 [1/1] (0.00ns)   --->   "%br_ln286 = br void %ipv4_drop_optional_ip_header<512>.exit" [/home/haiyang3/eth-axi-streamer/fpga-network-stack/hls/ipv4/ipv4.hpp:286]   --->   Operation 35 'br' 'br_ln286' <Predicate = (doh_state_load == 3 & tmp_3_i & !tmp)> <Delay = 0.00>
ST_1 : Operation 36 [1/1] (0.00ns)   --->   "%br_ln287 = br i1 %currWord_last_V_2, void %ipv4_drop_optional_ip_header<512>.exit, void" [/home/haiyang3/eth-axi-streamer/fpga-network-stack/hls/ipv4/ipv4.hpp:287]   --->   Operation 36 'br' 'br_ln287' <Predicate = (doh_state_load == 3 & tmp_3_i & tmp)> <Delay = 0.00>
ST_1 : Operation 37 [1/1] (0.51ns)   --->   "%store_ln289 = store i3 4, i3 %doh_state" [/home/haiyang3/eth-axi-streamer/fpga-network-stack/hls/ipv4/ipv4.hpp:289]   --->   Operation 37 'store' 'store_ln289' <Predicate = (doh_state_load == 3 & tmp_3_i & tmp & currWord_last_V_2)> <Delay = 0.51>
ST_1 : Operation 38 [1/1] (0.00ns)   --->   "%br_ln290 = br void %ipv4_drop_optional_ip_header<512>.exit" [/home/haiyang3/eth-axi-streamer/fpga-network-stack/hls/ipv4/ipv4.hpp:290]   --->   Operation 38 'br' 'br_ln290' <Predicate = (doh_state_load == 3 & tmp_3_i & tmp & currWord_last_V_2)> <Delay = 0.00>
ST_1 : Operation 39 [1/1] (0.00ns)   --->   "%tmp_2_i = nbreadreq i1 @_ssdm_op_NbReadReq.ap_fifo.i1024P0A, i1024 %rx_process2dropFifo, i32 1" [/opt/xilinx/Vitis_HLS/2020.2/common/technology/autopilot/hls_stream_39.h:136]   --->   Operation 39 'nbreadreq' 'tmp_2_i' <Predicate = (doh_state_load == 2)> <Delay = 0.00> <CoreInst = "FIFO">   --->   Core 78 'FIFO' <Latency = 0> <II = 1> <Delay = 1.26> <Storage> <Opcode : 'read' 'write' 'nbread' 'nbwrite'> <Ports = 0> <Width = 1024> <Depth = 8> <FIFO>
ST_1 : Operation 40 [1/1] (0.00ns)   --->   "%br_ln262 = br i1 %tmp_2_i, void %ipv4_drop_optional_ip_header<512>.exit, void" [/home/haiyang3/eth-axi-streamer/fpga-network-stack/hls/ipv4/ipv4.hpp:262]   --->   Operation 40 'br' 'br_ln262' <Predicate = (doh_state_load == 2)> <Delay = 0.00>
ST_1 : Operation 41 [1/1] (1.16ns)   --->   "%rx_process2dropFifo_read_1 = read i1024 @_ssdm_op_Read.ap_fifo.volatile.i1024P0A, i1024 %rx_process2dropFifo" [/opt/xilinx/Vitis_HLS/2020.2/common/technology/autopilot/hls_stream_39.h:145]   --->   Operation 41 'read' 'rx_process2dropFifo_read_1' <Predicate = (doh_state_load == 2 & tmp_2_i)> <Delay = 1.16> <CoreInst = "FIFO">   --->   Core 78 'FIFO' <Latency = 0> <II = 1> <Delay = 1.26> <Storage> <Opcode : 'read' 'write' 'nbread' 'nbwrite'> <Ports = 0> <Width = 1024> <Depth = 8> <FIFO>
ST_1 : Operation 42 [1/1] (0.00ns)   --->   "%currWord_last_V = bitselect i1 @_ssdm_op_BitSelect.i1.i1024.i32, i1024 %rx_process2dropFifo_read_1, i32 576" [/opt/xilinx/Vitis_HLS/2020.2/common/technology/autopilot/hls_stream_39.h:145]   --->   Operation 42 'bitselect' 'currWord_last_V' <Predicate = (doh_state_load == 2 & tmp_2_i)> <Delay = 0.00>
ST_1 : Operation 43 [1/1] (0.00ns)   --->   "%br_ln266 = br i1 %currWord_last_V, void %ipv4_drop_optional_ip_header<512>.exit, void" [/home/haiyang3/eth-axi-streamer/fpga-network-stack/hls/ipv4/ipv4.hpp:266]   --->   Operation 43 'br' 'br_ln266' <Predicate = (doh_state_load == 2 & tmp_2_i)> <Delay = 0.00>
ST_1 : Operation 44 [1/1] (0.51ns)   --->   "%store_ln268 = store i3 0, i3 %doh_state" [/home/haiyang3/eth-axi-streamer/fpga-network-stack/hls/ipv4/ipv4.hpp:268]   --->   Operation 44 'store' 'store_ln268' <Predicate = (doh_state_load == 2 & tmp_2_i & currWord_last_V)> <Delay = 0.51>
ST_1 : Operation 45 [1/1] (0.00ns)   --->   "%br_ln269 = br void %ipv4_drop_optional_ip_header<512>.exit" [/home/haiyang3/eth-axi-streamer/fpga-network-stack/hls/ipv4/ipv4.hpp:269]   --->   Operation 45 'br' 'br_ln269' <Predicate = (doh_state_load == 2 & tmp_2_i & currWord_last_V)> <Delay = 0.00>
ST_1 : Operation 46 [1/1] (0.00ns)   --->   "%tmp_i_51 = nbreadreq i1 @_ssdm_op_NbReadReq.ap_fifo.i1024P0A, i1024 %rx_process2dropFifo, i32 1" [/opt/xilinx/Vitis_HLS/2020.2/common/technology/autopilot/hls_stream_39.h:136]   --->   Operation 46 'nbreadreq' 'tmp_i_51' <Predicate = (doh_state_load == 1)> <Delay = 0.00> <CoreInst = "FIFO">   --->   Core 78 'FIFO' <Latency = 0> <II = 1> <Delay = 1.26> <Storage> <Opcode : 'read' 'write' 'nbread' 'nbwrite'> <Ports = 0> <Width = 1024> <Depth = 8> <FIFO>
ST_1 : Operation 47 [1/1] (0.00ns)   --->   "%br_ln248 = br i1 %tmp_i_51, void %ipv4_drop_optional_ip_header<512>.exit, void" [/home/haiyang3/eth-axi-streamer/fpga-network-stack/hls/ipv4/ipv4.hpp:248]   --->   Operation 47 'br' 'br_ln248' <Predicate = (doh_state_load == 1)> <Delay = 0.00>
ST_1 : Operation 48 [1/1] (1.16ns)   --->   "%rx_process2dropFifo_read = read i1024 @_ssdm_op_Read.ap_fifo.volatile.i1024P0A, i1024 %rx_process2dropFifo" [/opt/xilinx/Vitis_HLS/2020.2/common/technology/autopilot/hls_stream_39.h:145]   --->   Operation 48 'read' 'rx_process2dropFifo_read' <Predicate = (doh_state_load == 1 & tmp_i_51)> <Delay = 1.16> <CoreInst = "FIFO">   --->   Core 78 'FIFO' <Latency = 0> <II = 1> <Delay = 1.26> <Storage> <Opcode : 'read' 'write' 'nbread' 'nbwrite'> <Ports = 0> <Width = 1024> <Depth = 8> <FIFO>
ST_1 : Operation 49 [1/1] (0.00ns)   --->   "%trunc_ln145 = trunc i1024 %rx_process2dropFifo_read" [/opt/xilinx/Vitis_HLS/2020.2/common/technology/autopilot/hls_stream_39.h:145]   --->   Operation 49 'trunc' 'trunc_ln145' <Predicate = (doh_state_load == 1 & tmp_i_51)> <Delay = 0.00>
ST_1 : Operation 50 [1/1] (0.00ns)   --->   "%trunc_ln145_1 = partselect i64 @_ssdm_op_PartSelect.i64.i1024.i32.i32, i1024 %rx_process2dropFifo_read, i32 512, i32 575" [/opt/xilinx/Vitis_HLS/2020.2/common/technology/autopilot/hls_stream_39.h:145]   --->   Operation 50 'partselect' 'trunc_ln145_1' <Predicate = (doh_state_load == 1 & tmp_i_51)> <Delay = 0.00>
ST_1 : Operation 51 [1/1] (0.00ns)   --->   "%length_V_load = load i4 %length_V"   --->   Operation 51 'load' 'length_V_load' <Predicate = (doh_state_load == 1 & tmp_i_51)> <Delay = 0.00>
ST_1 : Operation 52 [1/1] (0.70ns)   --->   "%add_ln692 = add i4 %length_V_load, i4 14"   --->   Operation 52 'add' 'add_ln692' <Predicate = (doh_state_load == 1 & tmp_i_51)> <Delay = 0.70> <CoreInst = "Adder">   --->   Core 1 'Adder' <Latency = 0> <II = 1> <Delay = 0.70> <FuncUnit> <Opcode : 'add' 'sub'> <InPorts = 2> <OutPorts = 1>
ST_1 : Operation 53 [1/1] (0.38ns)   --->   "%store_ln692 = store i4 %add_ln692, i4 %length_V"   --->   Operation 53 'store' 'store_ln692' <Predicate = (doh_state_load == 1 & tmp_i_51)> <Delay = 0.38>
ST_1 : Operation 54 [1/1] (0.49ns)   --->   "%switch_ln252 = switch i4 %length_V_load, void %ipv4_drop_optional_ip_header<512>.exit, i4 3, void, i4 2, void" [/home/haiyang3/eth-axi-streamer/fpga-network-stack/hls/ipv4/ipv4.hpp:252]   --->   Operation 54 'switch' 'switch_ln252' <Predicate = (doh_state_load == 1 & tmp_i_51)> <Delay = 0.49>
ST_1 : Operation 55 [1/1] (0.51ns)   --->   "%store_ln257 = store i3 2, i3 %doh_state" [/home/haiyang3/eth-axi-streamer/fpga-network-stack/hls/ipv4/ipv4.hpp:257]   --->   Operation 55 'store' 'store_ln257' <Predicate = (doh_state_load == 1 & tmp_i_51 & length_V_load == 2)> <Delay = 0.51>
ST_1 : Operation 56 [1/1] (0.00ns)   --->   "%br_ln258 = br void %ipv4_drop_optional_ip_header<512>.exit" [/home/haiyang3/eth-axi-streamer/fpga-network-stack/hls/ipv4/ipv4.hpp:258]   --->   Operation 56 'br' 'br_ln258' <Predicate = (doh_state_load == 1 & tmp_i_51 & length_V_load == 2)> <Delay = 0.00>
ST_1 : Operation 57 [1/1] (0.51ns)   --->   "%store_ln254 = store i3 3, i3 %doh_state" [/home/haiyang3/eth-axi-streamer/fpga-network-stack/hls/ipv4/ipv4.hpp:254]   --->   Operation 57 'store' 'store_ln254' <Predicate = (doh_state_load == 1 & tmp_i_51 & length_V_load == 3)> <Delay = 0.51>
ST_1 : Operation 58 [1/1] (0.00ns)   --->   "%br_ln255 = br void %ipv4_drop_optional_ip_header<512>.exit" [/home/haiyang3/eth-axi-streamer/fpga-network-stack/hls/ipv4/ipv4.hpp:255]   --->   Operation 58 'br' 'br_ln255' <Predicate = (doh_state_load == 1 & tmp_i_51 & length_V_load == 3)> <Delay = 0.00>
ST_1 : Operation 59 [1/1] (0.00ns)   --->   "%tmp_i = nbreadreq i1 @_ssdm_op_NbReadReq.ap_fifo.i4P0A, i4 %rx_process2dropLengthFifo, i32 1" [/opt/xilinx/Vitis_HLS/2020.2/common/technology/autopilot/hls_stream_39.h:136]   --->   Operation 59 'nbreadreq' 'tmp_i' <Predicate = (doh_state_load == 0)> <Delay = 0.00> <CoreInst = "FIFO_SRL">   --->   Core 81 'FIFO_SRL' <Latency = 0> <II = 1> <Delay = 1.40> <Storage> <Opcode : 'read' 'write' 'nbread' 'nbwrite'> <Ports = 0> <Width = 4> <Depth = 2> <FIFO>
ST_1 : Operation 60 [1/1] (0.00ns)   --->   "%br_ln214 = br i1 %tmp_i, void %ipv4_drop_optional_ip_header<512>.exit, void" [/home/haiyang3/eth-axi-streamer/fpga-network-stack/hls/ipv4/ipv4.hpp:214]   --->   Operation 60 'br' 'br_ln214' <Predicate = (doh_state_load == 0)> <Delay = 0.00>
ST_1 : Operation 61 [1/1] (0.00ns)   --->   "%tmp_5_i = nbreadreq i1 @_ssdm_op_NbReadReq.ap_fifo.i1024P0A, i1024 %rx_process2dropFifo, i32 1" [/opt/xilinx/Vitis_HLS/2020.2/common/technology/autopilot/hls_stream_39.h:136]   --->   Operation 61 'nbreadreq' 'tmp_5_i' <Predicate = (doh_state_load == 0 & tmp_i)> <Delay = 0.00> <CoreInst = "FIFO">   --->   Core 78 'FIFO' <Latency = 0> <II = 1> <Delay = 1.26> <Storage> <Opcode : 'read' 'write' 'nbread' 'nbwrite'> <Ports = 0> <Width = 1024> <Depth = 8> <FIFO>
ST_1 : Operation 62 [1/1] (0.00ns)   --->   "%br_ln214 = br i1 %tmp_5_i, void %ipv4_drop_optional_ip_header<512>.exit, void" [/home/haiyang3/eth-axi-streamer/fpga-network-stack/hls/ipv4/ipv4.hpp:214]   --->   Operation 62 'br' 'br_ln214' <Predicate = (doh_state_load == 0 & tmp_i)> <Delay = 0.00>
ST_1 : Operation 63 [1/1] (1.16ns)   --->   "%rx_process2dropLengthFifo_read = read i4 @_ssdm_op_Read.ap_fifo.volatile.i4P0A, i4 %rx_process2dropLengthFifo" [/opt/xilinx/Vitis_HLS/2020.2/common/technology/autopilot/hls_stream_39.h:145]   --->   Operation 63 'read' 'rx_process2dropLengthFifo_read' <Predicate = (doh_state_load == 0 & tmp_i & tmp_5_i)> <Delay = 1.16> <CoreInst = "FIFO_SRL">   --->   Core 81 'FIFO_SRL' <Latency = 0> <II = 1> <Delay = 1.40> <Storage> <Opcode : 'read' 'write' 'nbread' 'nbwrite'> <Ports = 0> <Width = 4> <Depth = 2> <FIFO>
ST_1 : Operation 64 [1/1] (0.38ns)   --->   "%store_ln145 = store i4 %rx_process2dropLengthFifo_read, i4 %length_V" [/opt/xilinx/Vitis_HLS/2020.2/common/technology/autopilot/hls_stream_39.h:145]   --->   Operation 64 'store' 'store_ln145' <Predicate = (doh_state_load == 0 & tmp_i & tmp_5_i)> <Delay = 0.38>
ST_1 : Operation 65 [1/1] (0.65ns)   --->   "%icmp_ln870 = icmp_eq  i4 %rx_process2dropLengthFifo_read, i4 5"   --->   Operation 65 'icmp' 'icmp_ln870' <Predicate = (doh_state_load == 0 & tmp_i & tmp_5_i)> <Delay = 0.65> <CoreInst = "Cmp">   --->   Core 9 'Cmp' <Latency = 0> <II = 1> <Delay = 0.65> <FuncUnit> <Opcode : 'icmp'> <InPorts = 2> <OutPorts = 1>
ST_1 : Operation 66 [1/1] (0.00ns)   --->   "%br_ln235 = br i1 %icmp_ln870, void %ipv4_drop_optional_ip_header<512>.exit, void" [/home/haiyang3/eth-axi-streamer/fpga-network-stack/hls/ipv4/ipv4.hpp:235]   --->   Operation 66 'br' 'br_ln235' <Predicate = (doh_state_load == 0 & tmp_i & tmp_5_i)> <Delay = 0.00>
ST_1 : Operation 67 [1/1] (1.16ns)   --->   "%rx_process2dropFifo_read_4 = read i1024 @_ssdm_op_Read.ap_fifo.volatile.i1024P0A, i1024 %rx_process2dropFifo" [/opt/xilinx/Vitis_HLS/2020.2/common/technology/autopilot/hls_stream_39.h:145]   --->   Operation 67 'read' 'rx_process2dropFifo_read_4' <Predicate = (doh_state_load == 0 & tmp_i & tmp_5_i & icmp_ln870)> <Delay = 1.16> <CoreInst = "FIFO">   --->   Core 78 'FIFO' <Latency = 0> <II = 1> <Delay = 1.26> <Storage> <Opcode : 'read' 'write' 'nbread' 'nbwrite'> <Ports = 0> <Width = 1024> <Depth = 8> <FIFO>
ST_1 : Operation 68 [1/1] (0.00ns)   --->   "%trunc_ln145_5 = trunc i1024 %rx_process2dropFifo_read_4" [/opt/xilinx/Vitis_HLS/2020.2/common/technology/autopilot/hls_stream_39.h:145]   --->   Operation 68 'trunc' 'trunc_ln145_5' <Predicate = (doh_state_load == 0 & tmp_i & tmp_5_i & icmp_ln870)> <Delay = 0.00>
ST_1 : Operation 69 [1/1] (0.00ns)   --->   "%trunc_ln145_3 = partselect i64 @_ssdm_op_PartSelect.i64.i1024.i32.i32, i1024 %rx_process2dropFifo_read_4, i32 512, i32 575" [/opt/xilinx/Vitis_HLS/2020.2/common/technology/autopilot/hls_stream_39.h:145]   --->   Operation 69 'partselect' 'trunc_ln145_3' <Predicate = (doh_state_load == 0 & tmp_i & tmp_5_i & icmp_ln870)> <Delay = 0.00>
ST_1 : Operation 70 [1/1] (0.00ns)   --->   "%tmp_6 = bitselect i1 @_ssdm_op_BitSelect.i1.i1024.i32, i1024 %rx_process2dropFifo_read_4, i32 576" [/opt/xilinx/Vitis_HLS/2020.2/common/technology/autopilot/hls_stream_39.h:145]   --->   Operation 70 'bitselect' 'tmp_6' <Predicate = (doh_state_load == 0 & tmp_i & tmp_5_i & icmp_ln870)> <Delay = 0.00>
ST_1 : Operation 71 [1/1] (0.27ns)   --->   "%select_ln239 = select i1 %tmp_6, i3 6, i3 5" [/home/haiyang3/eth-axi-streamer/fpga-network-stack/hls/ipv4/ipv4.hpp:239]   --->   Operation 71 'select' 'select_ln239' <Predicate = (doh_state_load == 0 & tmp_i & tmp_5_i & icmp_ln870)> <Delay = 0.27> <CoreInst = "Sel">   --->   Core 73 'Sel' <Latency = 0> <II = 1> <Delay = 0.27> <FuncUnit> <Opcode : 'select'> <InPorts = 3> <OutPorts = 1>
ST_1 : Operation 72 [1/1] (0.51ns)   --->   "%store_ln239 = store i3 %select_ln239, i3 %doh_state" [/home/haiyang3/eth-axi-streamer/fpga-network-stack/hls/ipv4/ipv4.hpp:239]   --->   Operation 72 'store' 'store_ln239' <Predicate = (doh_state_load == 0 & tmp_i & tmp_5_i & icmp_ln870)> <Delay = 0.51>
ST_1 : Operation 73 [1/1] (0.00ns)   --->   "%br_ln243 = br void %ipv4_drop_optional_ip_header<512>.exit" [/home/haiyang3/eth-axi-streamer/fpga-network-stack/hls/ipv4/ipv4.hpp:243]   --->   Operation 73 'br' 'br_ln243' <Predicate = (doh_state_load == 0 & tmp_i & tmp_5_i & icmp_ln870)> <Delay = 0.00>

State 2 <SV = 1> <Delay = 1.29>
ST_2 : Operation 74 [1/1] (0.00ns)   --->   "%specinterface_ln0 = specinterface void @_ssdm_op_SpecInterface, i1024 %m_axis_rx_data_internal, void @empty_3, i32 0, i32 0, void @empty_1, i32 0, i32 0, void @empty_1, void @empty_1, void @empty_1, i32 0, i32 0, i32 0, i32 0, void @empty_1, void @empty_1"   --->   Operation 74 'specinterface' 'specinterface_ln0' <Predicate = true> <Delay = 0.00>
ST_2 : Operation 75 [1/1] (0.00ns)   --->   "%specinterface_ln0 = specinterface void @_ssdm_op_SpecInterface, i1024 %m_axis_rx_data_internal, void @empty_3, i32 0, i32 0, void @empty_1, i32 0, i32 0, void @empty_1, void @empty_1, void @empty_1, i32 0, i32 0, i32 0, i32 0, void @empty_1, void @empty_1"   --->   Operation 75 'specinterface' 'specinterface_ln0' <Predicate = true> <Delay = 0.00>
ST_2 : Operation 76 [1/1] (0.00ns)   --->   "%specinterface_ln0 = specinterface void @_ssdm_op_SpecInterface, i1024 %rx_process2dropFifo, void @empty_3, i32 0, i32 0, void @empty_1, i32 0, i32 0, void @empty_1, void @empty_1, void @empty_1, i32 0, i32 0, i32 0, i32 0, void @empty_1, void @empty_1"   --->   Operation 76 'specinterface' 'specinterface_ln0' <Predicate = true> <Delay = 0.00>
ST_2 : Operation 77 [1/1] (0.00ns)   --->   "%specinterface_ln0 = specinterface void @_ssdm_op_SpecInterface, i1024 %rx_process2dropFifo, void @empty_3, i32 0, i32 0, void @empty_1, i32 0, i32 0, void @empty_1, void @empty_1, void @empty_1, i32 0, i32 0, i32 0, i32 0, void @empty_1, void @empty_1"   --->   Operation 77 'specinterface' 'specinterface_ln0' <Predicate = true> <Delay = 0.00>
ST_2 : Operation 78 [1/1] (0.00ns)   --->   "%specinterface_ln0 = specinterface void @_ssdm_op_SpecInterface, i1024 %rx_process2dropFifo, void @empty_3, i32 0, i32 0, void @empty_1, i32 0, i32 0, void @empty_1, void @empty_1, void @empty_1, i32 0, i32 0, i32 0, i32 0, void @empty_1, void @empty_1"   --->   Operation 78 'specinterface' 'specinterface_ln0' <Predicate = true> <Delay = 0.00>
ST_2 : Operation 79 [1/1] (0.00ns)   --->   "%specinterface_ln0 = specinterface void @_ssdm_op_SpecInterface, i4 %rx_process2dropLengthFifo, void @empty_3, i32 0, i32 0, void @empty_1, i32 0, i32 0, void @empty_1, void @empty_1, void @empty_1, i32 0, i32 0, i32 0, i32 0, void @empty_1, void @empty_1"   --->   Operation 79 'specinterface' 'specinterface_ln0' <Predicate = true> <Delay = 0.00>
ST_2 : Operation 80 [1/1] (0.00ns)   --->   "%specinterface_ln0 = specinterface void @_ssdm_op_SpecInterface, i4 %rx_process2dropLengthFifo, void @empty_3, i32 0, i32 0, void @empty_1, i32 0, i32 0, void @empty_1, void @empty_1, void @empty_1, i32 0, i32 0, i32 0, i32 0, void @empty_1, void @empty_1"   --->   Operation 80 'specinterface' 'specinterface_ln0' <Predicate = true> <Delay = 0.00>
ST_2 : Operation 81 [1/1] (0.00ns)   --->   "%specinterface_ln0 = specinterface void @_ssdm_op_SpecInterface, i4 %rx_process2dropLengthFifo, void @empty_3, i32 0, i32 0, void @empty_1, i32 0, i32 0, void @empty_1, void @empty_1, void @empty_1, i32 0, i32 0, i32 0, i32 0, void @empty_1, void @empty_1"   --->   Operation 81 'specinterface' 'specinterface_ln0' <Predicate = true> <Delay = 0.00>
ST_2 : Operation 82 [1/1] (0.00ns)   --->   "%specinterface_ln0 = specinterface void @_ssdm_op_SpecInterface, i4 %rx_process2dropLengthFifo, void @empty_3, i32 0, i32 0, void @empty_1, i32 0, i32 0, void @empty_1, void @empty_1, void @empty_1, i32 0, i32 0, i32 0, i32 0, void @empty_1, void @empty_1"   --->   Operation 82 'specinterface' 'specinterface_ln0' <Predicate = true> <Delay = 0.00>
ST_2 : Operation 83 [1/1] (0.00ns)   --->   "%specinterface_ln0 = specinterface void @_ssdm_op_SpecInterface, i1024 %rx_process2dropFifo, void @empty_3, i32 0, i32 0, void @empty_1, i32 0, i32 0, void @empty_1, void @empty_1, void @empty_1, i32 0, i32 0, i32 0, i32 0, void @empty_1, void @empty_1"   --->   Operation 83 'specinterface' 'specinterface_ln0' <Predicate = true> <Delay = 0.00>
ST_2 : Operation 84 [1/1] (0.00ns)   --->   "%specinterface_ln0 = specinterface void @_ssdm_op_SpecInterface, i1024 %m_axis_rx_data_internal, void @empty_3, i32 0, i32 0, void @empty_1, i32 0, i32 0, void @empty_1, void @empty_1, void @empty_1, i32 0, i32 0, i32 0, i32 0, void @empty_1, void @empty_1"   --->   Operation 84 'specinterface' 'specinterface_ln0' <Predicate = true> <Delay = 0.00>
ST_2 : Operation 85 [1/1] (0.00ns)   --->   "%specpipeline_ln196 = specpipeline void @_ssdm_op_SpecPipeline, i32 1, i32 0, i32 0, i32 0, void @empty_1" [/home/haiyang3/eth-axi-streamer/fpga-network-stack/hls/ipv4/ipv4.hpp:196]   --->   Operation 85 'specpipeline' 'specpipeline_ln196' <Predicate = true> <Delay = 0.00>
ST_2 : Operation 86 [1/1] (0.00ns)   --->   "%p_Val2_s = load i512 %prevWord_data_V_1"   --->   Operation 86 'load' 'p_Val2_s' <Predicate = true> <Delay = 0.00>
ST_2 : Operation 87 [1/1] (0.00ns)   --->   "%p_Val2_11 = load i64 %prevWord_keep_V_1"   --->   Operation 87 'load' 'p_Val2_11' <Predicate = true> <Delay = 0.00>
ST_2 : Operation 88 [1/1] (0.00ns)   --->   "%p_Result_23_i = partselect i352 @_ssdm_op_PartSelect.i352.i512.i32.i32, i512 %p_Val2_s, i32 160, i32 511"   --->   Operation 88 'partselect' 'p_Result_23_i' <Predicate = (doh_state_load == 6)> <Delay = 0.00>
ST_2 : Operation 89 [1/1] (0.00ns)   --->   "%p_Result_24_i = partselect i44 @_ssdm_op_PartSelect.i44.i64.i32.i32, i64 %p_Val2_11, i32 20, i32 63"   --->   Operation 89 'partselect' 'p_Result_24_i' <Predicate = (doh_state_load == 6)> <Delay = 0.00>
ST_2 : Operation 90 [1/1] (0.00ns)   --->   "%or_ln174_2 = bitconcatenate i577 @_ssdm_op_BitConcatenate.i577.i21.i44.i160.i352, i21 1048576, i44 %p_Result_24_i, i160 0, i352 %p_Result_23_i" [/opt/xilinx/Vitis_HLS/2020.2/common/technology/autopilot/hls_stream_39.h:174]   --->   Operation 90 'bitconcatenate' 'or_ln174_2' <Predicate = (doh_state_load == 6)> <Delay = 0.00>
ST_2 : Operation 91 [1/1] (0.00ns)   --->   "%zext_ln174_2 = zext i577 %or_ln174_2" [/opt/xilinx/Vitis_HLS/2020.2/common/technology/autopilot/hls_stream_39.h:174]   --->   Operation 91 'zext' 'zext_ln174_2' <Predicate = (doh_state_load == 6)> <Delay = 0.00>
ST_2 : Operation 92 [1/1] (1.16ns)   --->   "%write_ln174 = write void @_ssdm_op_Write.ap_fifo.volatile.i1024P0A, i1024 %m_axis_rx_data_internal, i1024 %zext_ln174_2" [/opt/xilinx/Vitis_HLS/2020.2/common/technology/autopilot/hls_stream_39.h:174]   --->   Operation 92 'write' 'write_ln174' <Predicate = (doh_state_load == 6)> <Delay = 1.16> <CoreInst = "FIFO_SRL">   --->   Core 81 'FIFO_SRL' <Latency = 0> <II = 1> <Delay = 1.33> <Storage> <Opcode : 'read' 'write' 'nbread' 'nbwrite'> <Ports = 0> <Width = 1024> <Depth = 2> <FIFO>
ST_2 : Operation 93 [1/1] (0.00ns)   --->   "%p_Result_i_52 = partselect i480 @_ssdm_op_PartSelect.i480.i512.i32.i32, i512 %p_Val2_s, i32 32, i32 511"   --->   Operation 93 'partselect' 'p_Result_i_52' <Predicate = (doh_state_load == 4)> <Delay = 0.00>
ST_2 : Operation 94 [1/1] (0.00ns)   --->   "%p_Result_22_i = partselect i60 @_ssdm_op_PartSelect.i60.i64.i32.i32, i64 %p_Val2_11, i32 4, i32 63"   --->   Operation 94 'partselect' 'p_Result_22_i' <Predicate = (doh_state_load == 4)> <Delay = 0.00>
ST_2 : Operation 95 [1/1] (0.00ns)   --->   "%or_ln = bitconcatenate i577 @_ssdm_op_BitConcatenate.i577.i5.i60.i32.i480, i5 16, i60 %p_Result_22_i, i32 0, i480 %p_Result_i_52" [/opt/xilinx/Vitis_HLS/2020.2/common/technology/autopilot/hls_stream_39.h:174]   --->   Operation 95 'bitconcatenate' 'or_ln' <Predicate = (doh_state_load == 4)> <Delay = 0.00>
ST_2 : Operation 96 [1/1] (0.00ns)   --->   "%zext_ln174 = zext i577 %or_ln" [/opt/xilinx/Vitis_HLS/2020.2/common/technology/autopilot/hls_stream_39.h:174]   --->   Operation 96 'zext' 'zext_ln174' <Predicate = (doh_state_load == 4)> <Delay = 0.00>
ST_2 : Operation 97 [1/1] (1.16ns)   --->   "%write_ln174 = write void @_ssdm_op_Write.ap_fifo.volatile.i1024P0A, i1024 %m_axis_rx_data_internal, i1024 %zext_ln174" [/opt/xilinx/Vitis_HLS/2020.2/common/technology/autopilot/hls_stream_39.h:174]   --->   Operation 97 'write' 'write_ln174' <Predicate = (doh_state_load == 4)> <Delay = 1.16> <CoreInst = "FIFO_SRL">   --->   Core 81 'FIFO_SRL' <Latency = 0> <II = 1> <Delay = 1.33> <Storage> <Opcode : 'read' 'write' 'nbread' 'nbwrite'> <Ports = 0> <Width = 1024> <Depth = 2> <FIFO>
ST_2 : Operation 98 [1/1] (0.00ns)   --->   "%p_Result_29_i = partselect i352 @_ssdm_op_PartSelect.i352.i512.i32.i32, i512 %p_Val2_s, i32 160, i32 511"   --->   Operation 98 'partselect' 'p_Result_29_i' <Predicate = (doh_state_load == 5 & tmp_4_i)> <Delay = 0.00>
ST_2 : Operation 99 [1/1] (0.00ns)   --->   "%p_Result_30_i = partselect i44 @_ssdm_op_PartSelect.i44.i64.i32.i32, i64 %p_Val2_11, i32 20, i32 63"   --->   Operation 99 'partselect' 'p_Result_30_i' <Predicate = (doh_state_load == 5 & tmp_4_i)> <Delay = 0.00>
ST_2 : Operation 100 [1/1] (0.12ns)   --->   "%xor_ln174_1 = xor i1 %tmp_5, i1 1" [/opt/xilinx/Vitis_HLS/2020.2/common/technology/autopilot/hls_stream_39.h:174]   --->   Operation 100 'xor' 'xor_ln174_1' <Predicate = (doh_state_load == 5 & tmp_4_i)> <Delay = 0.12> <CoreInst = "LogicGate">   --->   Core 74 'LogicGate' <Latency = 0> <II = 1> <Delay = 0.12> <FuncUnit> <Opcode : 'and' 'or' 'xor'> <InPorts = 2> <OutPorts = 1>
ST_2 : Operation 101 [1/1] (0.00ns)   --->   "%zext_ln174_4 = zext i1 %xor_ln174_1" [/opt/xilinx/Vitis_HLS/2020.2/common/technology/autopilot/hls_stream_39.h:174]   --->   Operation 101 'zext' 'zext_ln174_4' <Predicate = (doh_state_load == 5 & tmp_4_i)> <Delay = 0.00>
ST_2 : Operation 102 [1/1] (0.00ns)   --->   "%p_1 = bitconcatenate i1024 @_ssdm_op_BitConcatenate.i1024.i436.i12.i20.i44.i160.i352, i436 0, i12 %zext_ln174_4, i20 %p_Result_32_i, i44 %p_Result_30_i, i160 %trunc_ln674_1, i352 %p_Result_29_i" [/opt/xilinx/Vitis_HLS/2020.2/common/technology/autopilot/hls_stream_39.h:174]   --->   Operation 102 'bitconcatenate' 'p_1' <Predicate = (doh_state_load == 5 & tmp_4_i)> <Delay = 0.00>
ST_2 : Operation 103 [1/1] (1.16ns)   --->   "%write_ln174 = write void @_ssdm_op_Write.ap_fifo.volatile.i1024P0A, i1024 %m_axis_rx_data_internal, i1024 %p_1" [/opt/xilinx/Vitis_HLS/2020.2/common/technology/autopilot/hls_stream_39.h:174]   --->   Operation 103 'write' 'write_ln174' <Predicate = (doh_state_load == 5 & tmp_4_i)> <Delay = 1.16> <CoreInst = "FIFO_SRL">   --->   Core 81 'FIFO_SRL' <Latency = 0> <II = 1> <Delay = 1.33> <Storage> <Opcode : 'read' 'write' 'nbread' 'nbwrite'> <Ports = 0> <Width = 1024> <Depth = 2> <FIFO>
ST_2 : Operation 104 [1/1] (0.45ns)   --->   "%store_ln303 = store i512 %currWord_data_V_5, i512 %prevWord_data_V_1" [/home/haiyang3/eth-axi-streamer/fpga-network-stack/hls/ipv4/ipv4.hpp:303]   --->   Operation 104 'store' 'store_ln303' <Predicate = (doh_state_load == 5 & tmp_4_i)> <Delay = 0.45>
ST_2 : Operation 105 [1/1] (0.45ns)   --->   "%store_ln303 = store i64 %currWord_keep_V_1, i64 %prevWord_keep_V_1" [/home/haiyang3/eth-axi-streamer/fpga-network-stack/hls/ipv4/ipv4.hpp:303]   --->   Operation 105 'store' 'store_ln303' <Predicate = (doh_state_load == 5 & tmp_4_i)> <Delay = 0.45>
ST_2 : Operation 106 [1/1] (0.00ns)   --->   "%p_Result_i = partselect i480 @_ssdm_op_PartSelect.i480.i512.i32.i32, i512 %p_Val2_s, i32 32, i32 511"   --->   Operation 106 'partselect' 'p_Result_i' <Predicate = (doh_state_load == 3 & tmp_3_i)> <Delay = 0.00>
ST_2 : Operation 107 [1/1] (0.00ns)   --->   "%p_Result_25_i = partselect i60 @_ssdm_op_PartSelect.i60.i64.i32.i32, i64 %p_Val2_11, i32 4, i32 63"   --->   Operation 107 'partselect' 'p_Result_25_i' <Predicate = (doh_state_load == 3 & tmp_3_i)> <Delay = 0.00>
ST_2 : Operation 108 [1/1] (0.12ns)   --->   "%xor_ln174 = xor i1 %tmp, i1 1" [/opt/xilinx/Vitis_HLS/2020.2/common/technology/autopilot/hls_stream_39.h:174]   --->   Operation 108 'xor' 'xor_ln174' <Predicate = (doh_state_load == 3 & tmp_3_i)> <Delay = 0.12> <CoreInst = "LogicGate">   --->   Core 74 'LogicGate' <Latency = 0> <II = 1> <Delay = 0.12> <FuncUnit> <Opcode : 'and' 'or' 'xor'> <InPorts = 2> <OutPorts = 1>
ST_2 : Operation 109 [1/1] (0.00ns)   --->   "%zext_ln174_3 = zext i1 %xor_ln174" [/opt/xilinx/Vitis_HLS/2020.2/common/technology/autopilot/hls_stream_39.h:174]   --->   Operation 109 'zext' 'zext_ln174_3' <Predicate = (doh_state_load == 3 & tmp_3_i)> <Delay = 0.00>
ST_2 : Operation 110 [1/1] (0.00ns)   --->   "%p_s = bitconcatenate i1024 @_ssdm_op_BitConcatenate.i1024.i420.i28.i4.i60.i32.i480, i420 0, i28 %zext_ln174_3, i4 %p_Result_27_i, i60 %p_Result_25_i, i32 %trunc_ln674, i480 %p_Result_i" [/opt/xilinx/Vitis_HLS/2020.2/common/technology/autopilot/hls_stream_39.h:174]   --->   Operation 110 'bitconcatenate' 'p_s' <Predicate = (doh_state_load == 3 & tmp_3_i)> <Delay = 0.00>
ST_2 : Operation 111 [1/1] (1.16ns)   --->   "%write_ln174 = write void @_ssdm_op_Write.ap_fifo.volatile.i1024P0A, i1024 %m_axis_rx_data_internal, i1024 %p_s" [/opt/xilinx/Vitis_HLS/2020.2/common/technology/autopilot/hls_stream_39.h:174]   --->   Operation 111 'write' 'write_ln174' <Predicate = (doh_state_load == 3 & tmp_3_i)> <Delay = 1.16> <CoreInst = "FIFO_SRL">   --->   Core 81 'FIFO_SRL' <Latency = 0> <II = 1> <Delay = 1.33> <Storage> <Opcode : 'read' 'write' 'nbread' 'nbwrite'> <Ports = 0> <Width = 1024> <Depth = 2> <FIFO>
ST_2 : Operation 112 [1/1] (0.45ns)   --->   "%store_ln282 = store i512 %currWord_data_V, i512 %prevWord_data_V_1" [/home/haiyang3/eth-axi-streamer/fpga-network-stack/hls/ipv4/ipv4.hpp:282]   --->   Operation 112 'store' 'store_ln282' <Predicate = (doh_state_load == 3 & tmp_3_i)> <Delay = 0.45>
ST_2 : Operation 113 [1/1] (0.45ns)   --->   "%store_ln282 = store i64 %currWord_keep_V, i64 %prevWord_keep_V_1" [/home/haiyang3/eth-axi-streamer/fpga-network-stack/hls/ipv4/ipv4.hpp:282]   --->   Operation 113 'store' 'store_ln282' <Predicate = (doh_state_load == 3 & tmp_3_i)> <Delay = 0.45>
ST_2 : Operation 114 [1/1] (1.16ns)   --->   "%write_ln174 = write void @_ssdm_op_Write.ap_fifo.volatile.i1024P0A, i1024 %m_axis_rx_data_internal, i1024 %rx_process2dropFifo_read_1" [/opt/xilinx/Vitis_HLS/2020.2/common/technology/autopilot/hls_stream_39.h:174]   --->   Operation 114 'write' 'write_ln174' <Predicate = (doh_state_load == 2 & tmp_2_i)> <Delay = 1.16> <CoreInst = "FIFO_SRL">   --->   Core 81 'FIFO_SRL' <Latency = 0> <II = 1> <Delay = 1.33> <Storage> <Opcode : 'read' 'write' 'nbread' 'nbwrite'> <Ports = 0> <Width = 1024> <Depth = 2> <FIFO>
ST_2 : Operation 115 [1/1] (0.45ns)   --->   "%store_ln145 = store i512 %trunc_ln145, i512 %prevWord_data_V_1" [/opt/xilinx/Vitis_HLS/2020.2/common/technology/autopilot/hls_stream_39.h:145]   --->   Operation 115 'store' 'store_ln145' <Predicate = (doh_state_load == 1 & tmp_i_51)> <Delay = 0.45>
ST_2 : Operation 116 [1/1] (0.45ns)   --->   "%store_ln145 = store i64 %trunc_ln145_1, i64 %prevWord_keep_V_1" [/opt/xilinx/Vitis_HLS/2020.2/common/technology/autopilot/hls_stream_39.h:145]   --->   Operation 116 'store' 'store_ln145' <Predicate = (doh_state_load == 1 & tmp_i_51)> <Delay = 0.45>
ST_2 : Operation 117 [1/1] (0.45ns)   --->   "%store_ln145 = store i512 %trunc_ln145_5, i512 %prevWord_data_V_1" [/opt/xilinx/Vitis_HLS/2020.2/common/technology/autopilot/hls_stream_39.h:145]   --->   Operation 117 'store' 'store_ln145' <Predicate = (doh_state_load == 0 & tmp_i & tmp_5_i & icmp_ln870)> <Delay = 0.45>
ST_2 : Operation 118 [1/1] (0.45ns)   --->   "%store_ln145 = store i64 %trunc_ln145_3, i64 %prevWord_keep_V_1" [/opt/xilinx/Vitis_HLS/2020.2/common/technology/autopilot/hls_stream_39.h:145]   --->   Operation 118 'store' 'store_ln145' <Predicate = (doh_state_load == 0 & tmp_i & tmp_5_i & icmp_ln870)> <Delay = 0.45>
ST_2 : Operation 119 [1/1] (0.00ns)   --->   "%ret_ln0 = ret"   --->   Operation 119 'ret' 'ret_ln0' <Predicate = true> <Delay = 0.00>


============================================================
+ Verbose Summary: Timing violations
============================================================
Target clock period: 3.2ns, clock uncertainty: 0.864ns.

 <State 1>: 3.11ns
The critical path consists of the following:
	fifo read on port 'rx_process2dropFifo' (/opt/xilinx/Vitis_HLS/2020.2/common/technology/autopilot/hls_stream_39.h:145) [143]  (1.17 ns)
	'select' operation ('select_ln239', /home/haiyang3/eth-axi-streamer/fpga-network-stack/hls/ipv4/ipv4.hpp:239) [149]  (0.278 ns)
	'store' operation ('store_ln239', /home/haiyang3/eth-axi-streamer/fpga-network-stack/hls/ipv4/ipv4.hpp:239) of variable 'select_ln239', /home/haiyang3/eth-axi-streamer/fpga-network-stack/hls/ipv4/ipv4.hpp:239 on static variable 'doh_state' [150]  (0.518 ns)
	blocking operation 1.15 ns on control path)

 <State 2>: 1.29ns
The critical path consists of the following:
	'xor' operation ('xor_ln174_1', /opt/xilinx/Vitis_HLS/2020.2/common/technology/autopilot/hls_stream_39.h:174) [58]  (0.122 ns)
	fifo write on port 'm_axis_rx_data_internal' (/opt/xilinx/Vitis_HLS/2020.2/common/technology/autopilot/hls_stream_39.h:174) [61]  (1.17 ns)


============================================================
+ Verbose Summary: Binding
============================================================
N/A
* FSMD analyzer results:
  - Output states:
 - Input state : 
  - Chain level:
	State 1
	State 2


============================================================
+ Verbose Summary: Datapath Resource usage 
============================================================
N/A
