

================================================================
== Vitis HLS Report for 'process_ipv4_512_s'
================================================================
* Date:           Tue Jul 19 06:02:55 2022

* Version:        2020.2 (Build 3064766 on Wed Nov 18 09:12:47 MST 2020)
* Project:        ipv4_prj
* Solution:       solution1 (Vivado IP Flow Target)
* Product family: virtexuplus
* Target device:  xcvu3p-ffvc1517-2-i


================================================================
== Performance Estimates
================================================================
+ Timing: 
    * Summary: 
    +--------+---------+----------+------------+
    |  Clock |  Target | Estimated| Uncertainty|
    +--------+---------+----------+------------+
    |ap_clk  |  3.20 ns|  1.833 ns|     0.86 ns|
    +--------+---------+----------+------------+

+ Latency: 
    * Summary: 
    +---------+---------+----------+----------+-----+-----+---------+
    |  Latency (cycles) |  Latency (absolute) |  Interval | Pipeline|
    |   min   |   max   |    min   |    max   | min | max |   Type  |
    +---------+---------+----------+----------+-----+-----+---------+
    |        3|        3|  9.600 ns|  9.600 ns|    1|    1|      yes|
    +---------+---------+----------+----------+-----+-----+---------+

    + Detail: 
        * Instance: 
        N/A

        * Loop: 
        N/A

============================================================
+ Verbose Summary: Synthesis Manager
============================================================
InlineROM: 1
ExposeGlobal: 0
============================================================
+ Verbose Summary: CDFG Model
============================================================
IsTopModel: 0
ResetActiveHigh: 1
IsCombinational: 2
IsDatapathOnly: 0
HasWiredReturn: 1
HasMFsm: 2
HasVarLatency: 0
IsPipeline: 1
IsRtlPipelined: 1
IsInstanceOverlapped: 0
IsDontTouch: 0
HasImplIP: 0
IsGatedGlobalClock: 0

+ Individual pipeline summary: 
  * Pipeline-0: initiation interval (II) = 1, depth = 4


============================================================
+ Verbose Summary: Schedule
============================================================
* Number of FSM states : 4
* Pipeline : 1
  Pipeline-0 : II = 1, D = 4, States = { 1 2 3 4 }
* Dataflow Pipeline: 0

* FSM state transitions: 
1 --> 2 
2 --> 3 
3 --> 4 
4 --> 

* FSM state operations: 

State 1 <SV = 0> <Delay = 1.16>
ST_1 : Operation 5 [1/1] (0.00ns)   --->   "%specinterface_ln0 = specinterface void @_ssdm_op_SpecInterface, i1024 %rx_process2dropFifo, void @empty_3, i32 0, i32 0, void @empty_1, i32 0, i32 0, void @empty_1, void @empty_1, void @empty_1, i32 0, i32 0, i32 0, i32 0, void @empty_1, void @empty_1"   --->   Operation 5 'specinterface' 'specinterface_ln0' <Predicate = true> <Delay = 0.00>
ST_1 : Operation 6 [1/1] (0.00ns)   --->   "%specinterface_ln0 = specinterface void @_ssdm_op_SpecInterface, i1024 %rx_process2dropFifo, void @empty_3, i32 0, i32 0, void @empty_1, i32 0, i32 0, void @empty_1, void @empty_1, void @empty_1, i32 0, i32 0, i32 0, i32 0, void @empty_1, void @empty_1"   --->   Operation 6 'specinterface' 'specinterface_ln0' <Predicate = true> <Delay = 0.00>
ST_1 : Operation 7 [1/1] (0.00ns)   --->   "%specinterface_ln0 = specinterface void @_ssdm_op_SpecInterface, i1024 %rx_process2dropFifo, void @empty_3, i32 0, i32 0, void @empty_1, i32 0, i32 0, void @empty_1, void @empty_1, void @empty_1, i32 0, i32 0, i32 0, i32 0, void @empty_1, void @empty_1"   --->   Operation 7 'specinterface' 'specinterface_ln0' <Predicate = true> <Delay = 0.00>
ST_1 : Operation 8 [1/1] (0.00ns)   --->   "%specinterface_ln0 = specinterface void @_ssdm_op_SpecInterface, i4 %rx_process2dropLengthFifo, void @empty_3, i32 0, i32 0, void @empty_1, i32 0, i32 0, void @empty_1, void @empty_1, void @empty_1, i32 0, i32 0, i32 0, i32 0, void @empty_1, void @empty_1"   --->   Operation 8 'specinterface' 'specinterface_ln0' <Predicate = true> <Delay = 0.00>
ST_1 : Operation 9 [1/1] (0.00ns)   --->   "%specinterface_ln0 = specinterface void @_ssdm_op_SpecInterface, i4 %rx_process2dropLengthFifo, void @empty_3, i32 0, i32 0, void @empty_1, i32 0, i32 0, void @empty_1, void @empty_1, void @empty_1, i32 0, i32 0, i32 0, i32 0, void @empty_1, void @empty_1"   --->   Operation 9 'specinterface' 'specinterface_ln0' <Predicate = true> <Delay = 0.00>
ST_1 : Operation 10 [1/1] (0.00ns)   --->   "%specinterface_ln0 = specinterface void @_ssdm_op_SpecInterface, i4 %rx_process2dropLengthFifo, void @empty_3, i32 0, i32 0, void @empty_1, i32 0, i32 0, void @empty_1, void @empty_1, void @empty_1, i32 0, i32 0, i32 0, i32 0, void @empty_1, void @empty_1"   --->   Operation 10 'specinterface' 'specinterface_ln0' <Predicate = true> <Delay = 0.00>
ST_1 : Operation 11 [1/1] (0.00ns)   --->   "%specinterface_ln0 = specinterface void @_ssdm_op_SpecInterface, i1024 %s_axis_rx_data_internal, void @empty_3, i32 0, i32 0, void @empty_1, i32 0, i32 0, void @empty_1, void @empty_1, void @empty_1, i32 0, i32 0, i32 0, i32 0, void @empty_1, void @empty_1"   --->   Operation 11 'specinterface' 'specinterface_ln0' <Predicate = true> <Delay = 0.00>
ST_1 : Operation 12 [1/1] (0.00ns)   --->   "%specinterface_ln0 = specinterface void @_ssdm_op_SpecInterface, i1024 %s_axis_rx_data_internal, void @empty_3, i32 0, i32 0, void @empty_1, i32 0, i32 0, void @empty_1, void @empty_1, void @empty_1, i32 0, i32 0, i32 0, i32 0, void @empty_1, void @empty_1"   --->   Operation 12 'specinterface' 'specinterface_ln0' <Predicate = true> <Delay = 0.00>
ST_1 : Operation 13 [1/1] (0.00ns)   --->   "%specinterface_ln0 = specinterface void @_ssdm_op_SpecInterface, i4 %rx_process2dropLengthFifo, void @empty_3, i32 0, i32 0, void @empty_1, i32 0, i32 0, void @empty_1, void @empty_1, void @empty_1, i32 0, i32 0, i32 0, i32 0, void @empty_1, void @empty_1"   --->   Operation 13 'specinterface' 'specinterface_ln0' <Predicate = true> <Delay = 0.00>
ST_1 : Operation 14 [1/1] (0.00ns)   --->   "%specinterface_ln0 = specinterface void @_ssdm_op_SpecInterface, i1024 %rx_process2dropFifo, void @empty_3, i32 0, i32 0, void @empty_1, i32 0, i32 0, void @empty_1, void @empty_1, void @empty_1, i32 0, i32 0, i32 0, i32 0, void @empty_1, void @empty_1"   --->   Operation 14 'specinterface' 'specinterface_ln0' <Predicate = true> <Delay = 0.00>
ST_1 : Operation 15 [1/1] (0.00ns)   --->   "%specinterface_ln0 = specinterface void @_ssdm_op_SpecInterface, i1024 %s_axis_rx_data_internal, void @empty_3, i32 0, i32 0, void @empty_1, i32 0, i32 0, void @empty_1, void @empty_1, void @empty_1, i32 0, i32 0, i32 0, i32 0, void @empty_1, void @empty_1"   --->   Operation 15 'specinterface' 'specinterface_ln0' <Predicate = true> <Delay = 0.00>
ST_1 : Operation 16 [1/1] (0.00ns)   --->   "%specinterface_ln0 = specinterface void @_ssdm_op_SpecInterface, i64 %m_axis_rx_meta_V, void @empty, i32 1, i32 1, void @empty_0, i32 0, i32 0, void @empty_1, void @empty_1, void @empty_1, i32 0, i32 0, i32 0, i32 0, void @empty_1, void @empty_1"   --->   Operation 16 'specinterface' 'specinterface_ln0' <Predicate = true> <Delay = 0.00>
ST_1 : Operation 17 [1/1] (0.00ns)   --->   "%specpipeline_ln31 = specpipeline void @_ssdm_op_SpecPipeline, i32 1, i32 0, i32 0, i32 0, void @empty_1" [/home/haiyang3/eth-axi-streamer/fpga-network-stack/hls/ipv4/ipv4.cpp:31]   --->   Operation 17 'specpipeline' 'specpipeline_ln31' <Predicate = true> <Delay = 0.00>
ST_1 : Operation 18 [1/1] (0.00ns)   --->   "%tmp_i = nbreadreq i1 @_ssdm_op_NbReadReq.ap_fifo.i1024P0A, i1024 %s_axis_rx_data_internal, i32 1" [/opt/xilinx/Vitis_HLS/2020.2/common/technology/autopilot/hls_stream_39.h:136]   --->   Operation 18 'nbreadreq' 'tmp_i' <Predicate = true> <Delay = 0.00> <CoreInst = "FIFO_SRL">   --->   Core 81 'FIFO_SRL' <Latency = 0> <II = 1> <Delay = 1.33> <Storage> <Opcode : 'read' 'write' 'nbread' 'nbwrite'> <Ports = 0> <Width = 1024> <Depth = 2> <FIFO>
ST_1 : Operation 19 [1/1] (0.38ns)   --->   "%br_ln45 = br i1 %tmp_i, void %._crit_edge2.i, void" [/home/haiyang3/eth-axi-streamer/fpga-network-stack/hls/ipv4/ipv4.cpp:45]   --->   Operation 19 'br' 'br_ln45' <Predicate = true> <Delay = 0.38>
ST_1 : Operation 20 [1/1] (1.16ns)   --->   "%s_axis_rx_data_internal_read = read i1024 @_ssdm_op_Read.ap_fifo.volatile.i1024P0A, i1024 %s_axis_rx_data_internal" [/opt/xilinx/Vitis_HLS/2020.2/common/technology/autopilot/hls_stream_39.h:145]   --->   Operation 20 'read' 's_axis_rx_data_internal_read' <Predicate = (tmp_i)> <Delay = 1.16> <CoreInst = "FIFO_SRL">   --->   Core 81 'FIFO_SRL' <Latency = 0> <II = 1> <Delay = 1.33> <Storage> <Opcode : 'read' 'write' 'nbread' 'nbwrite'> <Ports = 0> <Width = 1024> <Depth = 2> <FIFO>
ST_1 : Operation 21 [1/1] (0.00ns)   --->   "%currWord_last_V = bitselect i1 @_ssdm_op_BitSelect.i1.i1024.i32, i1024 %s_axis_rx_data_internal_read, i32 576" [/opt/xilinx/Vitis_HLS/2020.2/common/technology/autopilot/hls_stream_39.h:145]   --->   Operation 21 'bitselect' 'currWord_last_V' <Predicate = (tmp_i)> <Delay = 0.00>

State 2 <SV = 1> <Delay = 1.83>
ST_2 : Operation 22 [1/1] (0.00ns)   --->   "%header_ready_load = load i1 %header_ready" [/home/haiyang3/eth-axi-streamer/fpga-network-stack/hls/ipv4/../packet.hpp:55]   --->   Operation 22 'load' 'header_ready_load' <Predicate = (tmp_i)> <Delay = 0.00>
ST_2 : Operation 23 [1/1] (0.00ns)   --->   "%header_idx_load = load i16 %header_idx" [/home/haiyang3/eth-axi-streamer/fpga-network-stack/hls/ipv4/../packet.hpp:58]   --->   Operation 23 'load' 'header_idx_load' <Predicate = (tmp_i)> <Delay = 0.00>
ST_2 : Operation 24 [1/1] (0.00ns)   --->   "%p_Val2_s = load i160 %header_header_V"   --->   Operation 24 'load' 'p_Val2_s' <Predicate = (tmp_i)> <Delay = 0.00>
ST_2 : Operation 25 [1/1] (0.38ns)   --->   "%br_ln55 = br i1 %header_ready_load, void %.critedge84.i, void %.critedge.i" [/home/haiyang3/eth-axi-streamer/fpga-network-stack/hls/ipv4/../packet.hpp:55]   --->   Operation 25 'br' 'br_ln55' <Predicate = (tmp_i)> <Delay = 0.38>
ST_2 : Operation 26 [1/1] (0.00ns)   --->   "%shl_ln = bitconcatenate i25 @_ssdm_op_BitConcatenate.i25.i16.i9, i16 %header_idx_load, i9 0" [/home/haiyang3/eth-axi-streamer/fpga-network-stack/hls/ipv4/../packet.hpp:58]   --->   Operation 26 'bitconcatenate' 'shl_ln' <Predicate = (tmp_i & !header_ready_load)> <Delay = 0.00>
ST_2 : Operation 27 [1/1] (0.00ns)   --->   "%tmp_1 = trunc i1024 %s_axis_rx_data_internal_read"   --->   Operation 27 'trunc' 'tmp_1' <Predicate = (tmp_i & !header_ready_load)> <Delay = 0.00>
ST_2 : Operation 28 [1/1] (0.77ns)   --->   "%icmp_ln414 = icmp_ugt  i25 %shl_ln, i25 159"   --->   Operation 28 'icmp' 'icmp_ln414' <Predicate = (tmp_i & !header_ready_load)> <Delay = 0.77> <CoreInst = "Cmp">   --->   Core 9 'Cmp' <Latency = 0> <II = 1> <Delay = 0.77> <FuncUnit> <Opcode : 'icmp'> <InPorts = 2> <OutPorts = 1>
ST_2 : Operation 29 [1/1] (0.00ns) (grouped into LUT with out node and_ln414_2)   --->   "%trunc_ln414 = trunc i1024 %s_axis_rx_data_internal_read"   --->   Operation 29 'trunc' 'trunc_ln414' <Predicate = (tmp_i & !header_ready_load)> <Delay = 0.00>
ST_2 : Operation 30 [1/1] (0.00ns) (grouped into LUT with out node and_ln414_2)   --->   "%st = bitconcatenate i160 @_ssdm_op_BitConcatenate.i160.i1.i159, i1 %trunc_ln414, i159 0"   --->   Operation 30 'bitconcatenate' 'st' <Predicate = (tmp_i & !header_ready_load)> <Delay = 0.00>
ST_2 : Operation 31 [1/1] (0.00ns) (grouped into LUT with out node and_ln414_2)   --->   "%select_ln414 = select i1 %icmp_ln414, i160 %st, i160 %tmp_1"   --->   Operation 31 'select' 'select_ln414' <Predicate = (tmp_i & !header_ready_load)> <Delay = 0.00> <CoreInst = "Sel">   --->   Core 73 'Sel' <Latency = 0> <II = 1> <Delay = 0.24> <FuncUnit> <Opcode : 'select'> <InPorts = 3> <OutPorts = 1>
ST_2 : Operation 32 [1/1] (0.00ns) (grouped into LUT with out node and_ln414_2)   --->   "%tmp = partselect i160 @llvm.part.select.i160, i160 %select_ln414, i32 159, i32 0"   --->   Operation 32 'partselect' 'tmp' <Predicate = (tmp_i & !header_ready_load)> <Delay = 0.00>
ST_2 : Operation 33 [1/1] (0.00ns) (grouped into LUT with out node and_ln414_2)   --->   "%select_ln414_1 = select i1 %icmp_ln414, i160 %tmp, i160 %tmp_1"   --->   Operation 33 'select' 'select_ln414_1' <Predicate = (tmp_i & !header_ready_load)> <Delay = 0.00> <CoreInst = "Sel">   --->   Core 73 'Sel' <Latency = 0> <II = 1> <Delay = 0.24> <FuncUnit> <Opcode : 'select'> <InPorts = 3> <OutPorts = 1>
ST_2 : Operation 34 [1/1] (0.00ns) (grouped into LUT with out node and_ln414)   --->   "%select_ln414_2 = select i1 %icmp_ln414, i160 730750818665451459101842416358141509827966271488, i160 1461501637330902918203684832716283019655932542975"   --->   Operation 34 'select' 'select_ln414_2' <Predicate = (tmp_i & !header_ready_load)> <Delay = 0.00> <CoreInst = "Sel">   --->   Core 73 'Sel' <Latency = 0> <II = 1> <Delay = 0.24> <FuncUnit> <Opcode : 'select'> <InPorts = 3> <OutPorts = 1>
ST_2 : Operation 35 [1/1] (0.00ns) (grouped into LUT with out node and_ln414)   --->   "%select_ln414_3 = select i1 %icmp_ln414, i160 1, i160 1461501637330902918203684832716283019655932542975"   --->   Operation 35 'select' 'select_ln414_3' <Predicate = (tmp_i & !header_ready_load)> <Delay = 0.00> <CoreInst = "Sel">   --->   Core 73 'Sel' <Latency = 0> <II = 1> <Delay = 0.24> <FuncUnit> <Opcode : 'select'> <InPorts = 3> <OutPorts = 1>
ST_2 : Operation 36 [1/1] (0.39ns) (out node of the LUT)   --->   "%and_ln414 = and i160 %select_ln414_2, i160 %select_ln414_3"   --->   Operation 36 'and' 'and_ln414' <Predicate = (tmp_i & !header_ready_load)> <Delay = 0.39> <CoreInst = "LogicGate">   --->   Core 74 'LogicGate' <Latency = 0> <II = 1> <Delay = 0.12> <FuncUnit> <Opcode : 'and' 'or' 'xor'> <InPorts = 2> <OutPorts = 1>
ST_2 : Operation 37 [1/1] (0.00ns) (grouped into LUT with out node p_Result_s)   --->   "%xor_ln414 = xor i160 %and_ln414, i160 1461501637330902918203684832716283019655932542975"   --->   Operation 37 'xor' 'xor_ln414' <Predicate = (tmp_i & !header_ready_load)> <Delay = 0.00> <CoreInst = "LogicGate">   --->   Core 74 'LogicGate' <Latency = 0> <II = 1> <Delay = 0.12> <FuncUnit> <Opcode : 'and' 'or' 'xor'> <InPorts = 2> <OutPorts = 1>
ST_2 : Operation 38 [1/1] (0.00ns) (grouped into LUT with out node p_Result_s)   --->   "%and_ln414_1 = and i160 %p_Val2_s, i160 %xor_ln414"   --->   Operation 38 'and' 'and_ln414_1' <Predicate = (tmp_i & !header_ready_load)> <Delay = 0.00> <CoreInst = "LogicGate">   --->   Core 74 'LogicGate' <Latency = 0> <II = 1> <Delay = 0.12> <FuncUnit> <Opcode : 'and' 'or' 'xor'> <InPorts = 2> <OutPorts = 1>
ST_2 : Operation 39 [1/1] (0.39ns) (out node of the LUT)   --->   "%and_ln414_2 = and i160 %select_ln414_1, i160 %and_ln414"   --->   Operation 39 'and' 'and_ln414_2' <Predicate = (tmp_i & !header_ready_load)> <Delay = 0.39> <CoreInst = "LogicGate">   --->   Core 74 'LogicGate' <Latency = 0> <II = 1> <Delay = 0.12> <FuncUnit> <Opcode : 'and' 'or' 'xor'> <InPorts = 2> <OutPorts = 1>
ST_2 : Operation 40 [1/1] (0.25ns) (out node of the LUT)   --->   "%p_Result_s = or i160 %and_ln414_1, i160 %and_ln414_2"   --->   Operation 40 'or' 'p_Result_s' <Predicate = (tmp_i & !header_ready_load)> <Delay = 0.25> <CoreInst = "LogicGate">   --->   Core 74 'LogicGate' <Latency = 0> <II = 1> <Delay = 0.12> <FuncUnit> <Opcode : 'and' 'or' 'xor'> <InPorts = 2> <OutPorts = 1>
ST_2 : Operation 41 [1/1] (0.00ns)   --->   "%store_ln414 = store i160 %p_Result_s, i160 %header_header_V"   --->   Operation 41 'store' 'store_ln414' <Predicate = (tmp_i & !header_ready_load)> <Delay = 0.00>
ST_2 : Operation 42 [1/1] (0.78ns)   --->   "%add_ln67 = add i16 %header_idx_load, i16 1" [/home/haiyang3/eth-axi-streamer/fpga-network-stack/hls/ipv4/../packet.hpp:67]   --->   Operation 42 'add' 'add_ln67' <Predicate = (tmp_i & !header_ready_load & !currWord_last_V)> <Delay = 0.78> <CoreInst = "Adder">   --->   Core 1 'Adder' <Latency = 0> <II = 1> <Delay = 0.78> <FuncUnit> <Opcode : 'add' 'sub'> <InPorts = 2> <OutPorts = 1>
ST_2 : Operation 43 [1/1] (0.38ns)   --->   "%br_ln0 = br void %.critedge.i"   --->   Operation 43 'br' 'br_ln0' <Predicate = (tmp_i & !header_ready_load)> <Delay = 0.38>
ST_2 : Operation 44 [1/1] (0.00ns)   --->   "%header_ready_flag_0_i = phi i1 0, void, i1 1, void %.critedge84.i"   --->   Operation 44 'phi' 'header_ready_flag_0_i' <Predicate = (tmp_i)> <Delay = 0.00>
ST_2 : Operation 45 [1/1] (0.00ns)   --->   "%header_idx_new_0_i = phi i16 0, void, i16 %add_ln67, void %.critedge84.i" [/home/haiyang3/eth-axi-streamer/fpga-network-stack/hls/ipv4/../packet.hpp:67]   --->   Operation 45 'phi' 'header_idx_new_0_i' <Predicate = (tmp_i & !currWord_last_V)> <Delay = 0.00>
ST_2 : Operation 46 [1/1] (1.16ns)   --->   "%write_ln174 = write void @_ssdm_op_Write.ap_fifo.volatile.i1024P0A, i1024 %rx_process2dropFifo, i1024 %s_axis_rx_data_internal_read" [/opt/xilinx/Vitis_HLS/2020.2/common/technology/autopilot/hls_stream_39.h:174]   --->   Operation 46 'write' 'write_ln174' <Predicate = (tmp_i)> <Delay = 1.16> <CoreInst = "FIFO">   --->   Core 78 'FIFO' <Latency = 0> <II = 1> <Delay = 1.26> <Storage> <Opcode : 'read' 'write' 'nbread' 'nbwrite'> <Ports = 0> <Width = 1024> <Depth = 8> <FIFO>
ST_2 : Operation 47 [1/1] (0.00ns)   --->   "%metaWritten_load = load i1 %metaWritten" [/home/haiyang3/eth-axi-streamer/fpga-network-stack/hls/ipv4/ipv4.cpp:53]   --->   Operation 47 'load' 'metaWritten_load' <Predicate = (tmp_i)> <Delay = 0.00>
ST_2 : Operation 48 [1/1] (0.38ns)   --->   "%br_ln53 = br i1 %metaWritten_load, void, void %.critedge._crit_edge.i" [/home/haiyang3/eth-axi-streamer/fpga-network-stack/hls/ipv4/ipv4.cpp:53]   --->   Operation 48 'br' 'br_ln53' <Predicate = (tmp_i)> <Delay = 0.38>
ST_2 : Operation 49 [1/1] (0.38ns)   --->   "%br_ln59 = br void %.critedge._crit_edge.i" [/home/haiyang3/eth-axi-streamer/fpga-network-stack/hls/ipv4/ipv4.cpp:59]   --->   Operation 49 'br' 'br_ln59' <Predicate = (tmp_i & !metaWritten_load)> <Delay = 0.38>
ST_2 : Operation 50 [1/1] (0.00ns) (grouped into LUT with out node or_ln63_1)   --->   "%metaWritten_flag_0_i = phi i1 0, void %.critedge.i, i1 1, void"   --->   Operation 50 'phi' 'metaWritten_flag_0_i' <Predicate = (tmp_i)> <Delay = 0.00>
ST_2 : Operation 51 [1/1] (0.12ns)   --->   "%or_ln63 = or i1 %currWord_last_V, i1 %header_ready_flag_0_i" [/home/haiyang3/eth-axi-streamer/fpga-network-stack/hls/ipv4/ipv4.cpp:63]   --->   Operation 51 'or' 'or_ln63' <Predicate = (tmp_i)> <Delay = 0.12> <CoreInst = "LogicGate">   --->   Core 74 'LogicGate' <Latency = 0> <II = 1> <Delay = 0.12> <FuncUnit> <Opcode : 'and' 'or' 'xor'> <InPorts = 2> <OutPorts = 1>
ST_2 : Operation 52 [1/1] (0.12ns)   --->   "%xor_ln63 = xor i1 %currWord_last_V, i1 1" [/home/haiyang3/eth-axi-streamer/fpga-network-stack/hls/ipv4/ipv4.cpp:63]   --->   Operation 52 'xor' 'xor_ln63' <Predicate = (tmp_i)> <Delay = 0.12> <CoreInst = "LogicGate">   --->   Core 74 'LogicGate' <Latency = 0> <II = 1> <Delay = 0.12> <FuncUnit> <Opcode : 'and' 'or' 'xor'> <InPorts = 2> <OutPorts = 1>
ST_2 : Operation 53 [1/1] (0.24ns)   --->   "%select_ln63 = select i1 %currWord_last_V, i16 0, i16 %header_idx_new_0_i" [/home/haiyang3/eth-axi-streamer/fpga-network-stack/hls/ipv4/ipv4.cpp:63]   --->   Operation 53 'select' 'select_ln63' <Predicate = (tmp_i)> <Delay = 0.24> <CoreInst = "Sel">   --->   Core 73 'Sel' <Latency = 0> <II = 1> <Delay = 0.24> <FuncUnit> <Opcode : 'select'> <InPorts = 3> <OutPorts = 1>
ST_2 : Operation 54 [1/1] (0.12ns) (out node of the LUT)   --->   "%or_ln63_1 = or i1 %currWord_last_V, i1 %metaWritten_flag_0_i" [/home/haiyang3/eth-axi-streamer/fpga-network-stack/hls/ipv4/ipv4.cpp:63]   --->   Operation 54 'or' 'or_ln63_1' <Predicate = (tmp_i)> <Delay = 0.12> <CoreInst = "LogicGate">   --->   Core 74 'LogicGate' <Latency = 0> <II = 1> <Delay = 0.12> <FuncUnit> <Opcode : 'and' 'or' 'xor'> <InPorts = 2> <OutPorts = 1>
ST_2 : Operation 55 [1/1] (0.38ns)   --->   "%br_ln63 = br void %._crit_edge2.i" [/home/haiyang3/eth-axi-streamer/fpga-network-stack/hls/ipv4/ipv4.cpp:63]   --->   Operation 55 'br' 'br_ln63' <Predicate = (tmp_i)> <Delay = 0.38>
ST_2 : Operation 56 [1/1] (0.00ns)   --->   "%header_ready_flag_1_i = phi i1 0, void %entry, i1 %or_ln63, void %.critedge._crit_edge.i" [/home/haiyang3/eth-axi-streamer/fpga-network-stack/hls/ipv4/ipv4.cpp:63]   --->   Operation 56 'phi' 'header_ready_flag_1_i' <Predicate = true> <Delay = 0.00>
ST_2 : Operation 57 [1/1] (0.00ns)   --->   "%header_ready_new_1_i = phi i1 0, void %entry, i1 %xor_ln63, void %.critedge._crit_edge.i" [/home/haiyang3/eth-axi-streamer/fpga-network-stack/hls/ipv4/ipv4.cpp:63]   --->   Operation 57 'phi' 'header_ready_new_1_i' <Predicate = true> <Delay = 0.00>
ST_2 : Operation 58 [1/1] (0.00ns)   --->   "%header_idx_new_1_i = phi i16 0, void %entry, i16 %select_ln63, void %.critedge._crit_edge.i" [/home/haiyang3/eth-axi-streamer/fpga-network-stack/hls/ipv4/ipv4.cpp:63]   --->   Operation 58 'phi' 'header_idx_new_1_i' <Predicate = true> <Delay = 0.00>
ST_2 : Operation 59 [1/1] (0.00ns)   --->   "%metaWritten_flag_1_i = phi i1 0, void %entry, i1 %or_ln63_1, void %.critedge._crit_edge.i" [/home/haiyang3/eth-axi-streamer/fpga-network-stack/hls/ipv4/ipv4.cpp:63]   --->   Operation 59 'phi' 'metaWritten_flag_1_i' <Predicate = true> <Delay = 0.00>
ST_2 : Operation 60 [1/1] (0.00ns)   --->   "%br_ln63 = br i1 %metaWritten_flag_1_i, void %._crit_edge2.new4.i, void %mergeST3.i" [/home/haiyang3/eth-axi-streamer/fpga-network-stack/hls/ipv4/ipv4.cpp:63]   --->   Operation 60 'br' 'br_ln63' <Predicate = true> <Delay = 0.00>
ST_2 : Operation 61 [1/1] (0.00ns)   --->   "%store_ln58 = store i1 %header_ready_new_1_i, i1 %metaWritten" [/home/haiyang3/eth-axi-streamer/fpga-network-stack/hls/ipv4/ipv4.cpp:58]   --->   Operation 61 'store' 'store_ln58' <Predicate = (metaWritten_flag_1_i)> <Delay = 0.00>
ST_2 : Operation 62 [1/1] (0.00ns)   --->   "%br_ln0 = br void %._crit_edge2.new4.i"   --->   Operation 62 'br' 'br_ln0' <Predicate = (metaWritten_flag_1_i)> <Delay = 0.00>
ST_2 : Operation 63 [1/1] (0.00ns)   --->   "%br_ln63 = br i1 %header_ready_flag_1_i, void %process_ipv4<512>.exit, void %mergeST1.i" [/home/haiyang3/eth-axi-streamer/fpga-network-stack/hls/ipv4/ipv4.cpp:63]   --->   Operation 63 'br' 'br_ln63' <Predicate = true> <Delay = 0.00>
ST_2 : Operation 64 [1/1] (0.00ns)   --->   "%store_ln67 = store i16 %header_idx_new_1_i, i16 %header_idx" [/home/haiyang3/eth-axi-streamer/fpga-network-stack/hls/ipv4/../packet.hpp:67]   --->   Operation 64 'store' 'store_ln67' <Predicate = (header_ready_flag_1_i)> <Delay = 0.00>
ST_2 : Operation 65 [1/1] (0.00ns)   --->   "%store_ln65 = store i1 %header_ready_new_1_i, i1 %header_ready" [/home/haiyang3/eth-axi-streamer/fpga-network-stack/hls/ipv4/../packet.hpp:65]   --->   Operation 65 'store' 'store_ln65' <Predicate = (header_ready_flag_1_i)> <Delay = 0.00>
ST_2 : Operation 66 [1/1] (0.00ns)   --->   "%br_ln0 = br void %process_ipv4<512>.exit"   --->   Operation 66 'br' 'br_ln0' <Predicate = (header_ready_flag_1_i)> <Delay = 0.00>

State 3 <SV = 2> <Delay = 1.16>
ST_3 : Operation 67 [1/1] (0.00ns)   --->   "%p_Val2_1_in_i_in_in = phi i160 %p_Val2_s, void, i160 %p_Result_s, void %.critedge84.i"   --->   Operation 67 'phi' 'p_Val2_1_in_i_in_in' <Predicate = (tmp_i)> <Delay = 0.00>
ST_3 : Operation 68 [1/1] (0.00ns)   --->   "%trunc_ln674 = trunc i160 %p_Val2_1_in_i_in_in"   --->   Operation 68 'trunc' 'trunc_ln674' <Predicate = (tmp_i & !metaWritten_load)> <Delay = 0.00>
ST_3 : Operation 69 [1/1] (1.16ns)   --->   "%write_ln174 = write void @_ssdm_op_Write.ap_fifo.volatile.i4P0A, i4 %rx_process2dropLengthFifo, i4 %trunc_ln674" [/opt/xilinx/Vitis_HLS/2020.2/common/technology/autopilot/hls_stream_39.h:174]   --->   Operation 69 'write' 'write_ln174' <Predicate = (tmp_i & !metaWritten_load)> <Delay = 1.16> <CoreInst = "FIFO_SRL">   --->   Core 81 'FIFO_SRL' <Latency = 0> <II = 1> <Delay = 1.40> <Storage> <Opcode : 'read' 'write' 'nbread' 'nbwrite'> <Ports = 0> <Width = 4> <Depth = 2> <FIFO>
ST_3 : Operation 70 [1/1] (0.00ns)   --->   "%p_Result_i = partselect i32 @_ssdm_op_PartSelect.i32.i160.i32.i32, i160 %p_Val2_1_in_i_in_in, i32 96, i32 127"   --->   Operation 70 'partselect' 'p_Result_i' <Predicate = (tmp_i & !metaWritten_load)> <Delay = 0.00>
ST_3 : Operation 71 [1/1] (0.00ns)   --->   "%p_Result_1_i = partselect i8 @_ssdm_op_PartSelect.i8.i160.i32.i32, i160 %p_Val2_1_in_i_in_in, i32 24, i32 31"   --->   Operation 71 'partselect' 'p_Result_1_i' <Predicate = (tmp_i & !metaWritten_load)> <Delay = 0.00>
ST_3 : Operation 72 [1/1] (0.00ns)   --->   "%p_Result_2_i = partselect i8 @_ssdm_op_PartSelect.i8.i160.i32.i32, i160 %p_Val2_1_in_i_in_in, i32 16, i32 23"   --->   Operation 72 'partselect' 'p_Result_2_i' <Predicate = (tmp_i & !metaWritten_load)> <Delay = 0.00>
ST_3 : Operation 73 [1/1] (0.00ns)   --->   "%tmp_2_i = bitconcatenate i48 @_ssdm_op_BitConcatenate.i48.i8.i8.i32, i8 %p_Result_2_i, i8 %p_Result_1_i, i32 %p_Result_i" [/opt/xilinx/Vitis_HLS/2020.2/common/technology/autopilot/hls_stream_39.h:174]   --->   Operation 73 'bitconcatenate' 'tmp_2_i' <Predicate = (tmp_i & !metaWritten_load)> <Delay = 0.00>
ST_3 : Operation 74 [1/1] (0.00ns)   --->   "%zext_ln174 = zext i48 %tmp_2_i" [/opt/xilinx/Vitis_HLS/2020.2/common/technology/autopilot/hls_stream_39.h:174]   --->   Operation 74 'zext' 'zext_ln174' <Predicate = (tmp_i & !metaWritten_load)> <Delay = 0.00>
ST_3 : Operation 75 [2/2] (0.00ns)   --->   "%write_ln174 = write void @_ssdm_op_Write.axis.volatile.i64P128A, i64 %m_axis_rx_meta_V, i64 %zext_ln174" [/opt/xilinx/Vitis_HLS/2020.2/common/technology/autopilot/hls_stream_39.h:174]   --->   Operation 75 'write' 'write_ln174' <Predicate = (tmp_i & !metaWritten_load)> <Delay = 0.00> <CoreInst = "axis">   --->   Core 123 'axis' <Latency = 0> <II = 1> <Delay = 1.00> <Adapter> <Opcode : >

State 4 <SV = 3> <Delay = 0.00>
ST_4 : Operation 76 [1/2] (0.00ns)   --->   "%write_ln174 = write void @_ssdm_op_Write.axis.volatile.i64P128A, i64 %m_axis_rx_meta_V, i64 %zext_ln174" [/opt/xilinx/Vitis_HLS/2020.2/common/technology/autopilot/hls_stream_39.h:174]   --->   Operation 76 'write' 'write_ln174' <Predicate = (tmp_i & !metaWritten_load)> <Delay = 0.00> <CoreInst = "axis">   --->   Core 123 'axis' <Latency = 0> <II = 1> <Delay = 1.00> <Adapter> <Opcode : >
ST_4 : Operation 77 [1/1] (0.00ns)   --->   "%ret_ln0 = ret"   --->   Operation 77 'ret' 'ret_ln0' <Predicate = true> <Delay = 0.00>


============================================================
+ Verbose Summary: Timing violations
============================================================
Target clock period: 3.2ns, clock uncertainty: 0.864ns.

 <State 1>: 1.17ns
The critical path consists of the following:
	fifo read on port 's_axis_rx_data_internal' (/opt/xilinx/Vitis_HLS/2020.2/common/technology/autopilot/hls_stream_39.h:145) [30]  (1.17 ns)

 <State 2>: 1.83ns
The critical path consists of the following:
	'load' operation ('header_idx_load', /home/haiyang3/eth-axi-streamer/fpga-network-stack/hls/ipv4/../packet.hpp:58) on static variable 'header_idx' [33]  (0 ns)
	'icmp' operation ('icmp_ln414') [39]  (0.779 ns)
	'select' operation ('select_ln414_2') [45]  (0 ns)
	'and' operation ('and_ln414') [47]  (0.398 ns)
	'and' operation ('and_ln414_2') [50]  (0.398 ns)
	'or' operation ('__Result__') [51]  (0.258 ns)

 <State 3>: 1.17ns
The critical path consists of the following:
	'phi' operation ('__Result__') with incoming values : ('__Val2__') ('__Result__') [58]  (0 ns)
	fifo write on port 'rx_process2dropLengthFifo' (/opt/xilinx/Vitis_HLS/2020.2/common/technology/autopilot/hls_stream_39.h:174) [64]  (1.17 ns)

 <State 4>: 0ns
The critical path consists of the following:


============================================================
+ Verbose Summary: Binding
============================================================
N/A
* FSMD analyzer results:
  - Output states:
 - Input state : 
  - Chain level:
	State 1
	State 2
	State 3
	State 4


============================================================
+ Verbose Summary: Datapath Resource usage 
============================================================
N/A
