

================================================================
== Vitis HLS Report for 'close_timer'
================================================================
* Date:           Tue Jul 19 06:12:32 2022

* Version:        2020.2 (Build 3064766 on Wed Nov 18 09:12:47 MST 2020)
* Project:        toe_prj
* Solution:       solution1 (Vivado IP Flow Target)
* Product family: virtexuplus
* Target device:  xcvu3p-ffvc1517-2-i


================================================================
== Performance Estimates
================================================================
+ Timing: 
    * Summary: 
    +--------+---------+----------+------------+
    |  Clock |  Target | Estimated| Uncertainty|
    +--------+---------+----------+------------+
    |ap_clk  |  3.20 ns|  2.080 ns|     0.86 ns|
    +--------+---------+----------+------------+

+ Latency: 
    * Summary: 
    +---------+---------+----------+----------+-----+-----+---------+
    |  Latency (cycles) |  Latency (absolute) |  Interval | Pipeline|
    |   min   |   max   |    min   |    max   | min | max |   Type  |
    +---------+---------+----------+----------+-----+-----+---------+
    |        3|        3|  9.600 ns|  9.600 ns|    1|    1|      yes|
    +---------+---------+----------+----------+-----+-----+---------+

    + Detail: 
        * Instance: 
        N/A

        * Loop: 
        N/A

============================================================
+ Verbose Summary: Synthesis Manager
============================================================
InlineROM: 1
ExposeGlobal: 0
============================================================
+ Verbose Summary: CDFG Model
============================================================
IsTopModel: 0
ResetActiveHigh: 1
IsCombinational: 2
IsDatapathOnly: 0
HasWiredReturn: 1
HasMFsm: 2
HasVarLatency: 0
IsPipeline: 1
IsRtlPipelined: 1
IsInstanceOverlapped: 0
IsDontTouch: 0
HasImplIP: 0
IsGatedGlobalClock: 0

+ Individual pipeline summary: 
  * Pipeline-0: initiation interval (II) = 1, depth = 4


============================================================
+ Verbose Summary: Schedule
============================================================
* Number of FSM states : 4
* Pipeline : 1
  Pipeline-0 : II = 1, D = 4, States = { 1 2 3 4 }
* Dataflow Pipeline: 0

* FSM state transitions: 
1 --> 2 
2 --> 3 
3 --> 4 
4 --> 

* FSM state operations: 

State 1 <SV = 0> <Delay = 1.96>
ST_1 : Operation 5 [1/1] (0.00ns)   --->   "%specinterface_ln0 = specinterface void @_ssdm_op_SpecInterface, i16 %closeTimer2stateTable_releaseState, void @empty_3, i32 0, i32 0, void @empty_5, i32 0, i32 0, void @empty_5, void @empty_5, void @empty_5, i32 0, i32 0, i32 0, i32 0, void @empty_5, void @empty_5"   --->   Operation 5 'specinterface' 'specinterface_ln0' <Predicate = true> <Delay = 0.00>
ST_1 : Operation 6 [1/1] (0.00ns)   --->   "%specinterface_ln0 = specinterface void @_ssdm_op_SpecInterface, i16 %closeTimer2stateTable_releaseState, void @empty_3, i32 0, i32 0, void @empty_5, i32 0, i32 0, void @empty_5, void @empty_5, void @empty_5, i32 0, i32 0, i32 0, i32 0, void @empty_5, void @empty_5"   --->   Operation 6 'specinterface' 'specinterface_ln0' <Predicate = true> <Delay = 0.00>
ST_1 : Operation 7 [1/1] (0.00ns)   --->   "%specinterface_ln0 = specinterface void @_ssdm_op_SpecInterface, i16 %closeTimer2stateTable_releaseState, void @empty_3, i32 0, i32 0, void @empty_5, i32 0, i32 0, void @empty_5, void @empty_5, void @empty_5, i32 0, i32 0, i32 0, i32 0, void @empty_5, void @empty_5"   --->   Operation 7 'specinterface' 'specinterface_ln0' <Predicate = true> <Delay = 0.00>
ST_1 : Operation 8 [1/1] (0.00ns)   --->   "%specinterface_ln0 = specinterface void @_ssdm_op_SpecInterface, i16 %rxEng2timer_setCloseTimer, void @empty_3, i32 0, i32 0, void @empty_5, i32 0, i32 0, void @empty_5, void @empty_5, void @empty_5, i32 0, i32 0, i32 0, i32 0, void @empty_5, void @empty_5"   --->   Operation 8 'specinterface' 'specinterface_ln0' <Predicate = true> <Delay = 0.00>
ST_1 : Operation 9 [1/1] (0.00ns)   --->   "%specinterface_ln0 = specinterface void @_ssdm_op_SpecInterface, i16 %rxEng2timer_setCloseTimer, void @empty_3, i32 0, i32 0, void @empty_5, i32 0, i32 0, void @empty_5, void @empty_5, void @empty_5, i32 0, i32 0, i32 0, i32 0, void @empty_5, void @empty_5"   --->   Operation 9 'specinterface' 'specinterface_ln0' <Predicate = true> <Delay = 0.00>
ST_1 : Operation 10 [1/1] (0.00ns)   --->   "%specinterface_ln0 = specinterface void @_ssdm_op_SpecInterface, i16 %rxEng2timer_setCloseTimer, void @empty_3, i32 0, i32 0, void @empty_5, i32 0, i32 0, void @empty_5, void @empty_5, void @empty_5, i32 0, i32 0, i32 0, i32 0, void @empty_5, void @empty_5"   --->   Operation 10 'specinterface' 'specinterface_ln0' <Predicate = true> <Delay = 0.00>
ST_1 : Operation 11 [1/1] (0.00ns)   --->   "%specinterface_ln0 = specinterface void @_ssdm_op_SpecInterface, i16 %closeTimer2stateTable_releaseState, void @empty_3, i32 0, i32 0, void @empty_5, i32 0, i32 0, void @empty_5, void @empty_5, void @empty_5, i32 0, i32 0, i32 0, i32 0, void @empty_5, void @empty_5"   --->   Operation 11 'specinterface' 'specinterface_ln0' <Predicate = true> <Delay = 0.00>
ST_1 : Operation 12 [1/1] (0.00ns)   --->   "%specinterface_ln0 = specinterface void @_ssdm_op_SpecInterface, i16 %rxEng2timer_setCloseTimer, void @empty_3, i32 0, i32 0, void @empty_5, i32 0, i32 0, void @empty_5, void @empty_5, void @empty_5, i32 0, i32 0, i32 0, i32 0, void @empty_5, void @empty_5"   --->   Operation 12 'specinterface' 'specinterface_ln0' <Predicate = true> <Delay = 0.00>
ST_1 : Operation 13 [1/1] (0.00ns)   --->   "%specpipeline_ln40 = specpipeline void @_ssdm_op_SpecPipeline, i32 1, i32 0, i32 0, i32 0, void @empty_5" [/home/haiyang3/eth-axi-streamer/fpga-network-stack/hls/toe/close_timer/close_timer.cpp:40]   --->   Operation 13 'specpipeline' 'specpipeline_ln40' <Predicate = true> <Delay = 0.00>
ST_1 : Operation 14 [1/1] (0.00ns)   --->   "%specmemcore_ln48 = specmemcore void @_ssdm_op_SpecMemCore, i32 %closeTimerTable_time_V, i64 666, i64 30, i64 18446744073709551615" [/home/haiyang3/eth-axi-streamer/fpga-network-stack/hls/toe/close_timer/close_timer.cpp:48]   --->   Operation 14 'specmemcore' 'specmemcore_ln48' <Predicate = true> <Delay = 0.00>
ST_1 : Operation 15 [1/1] (0.00ns)   --->   "%specmemcore_ln48 = specmemcore void @_ssdm_op_SpecMemCore, i1 %closeTimerTable_active, i64 666, i64 30, i64 18446744073709551615" [/home/haiyang3/eth-axi-streamer/fpga-network-stack/hls/toe/close_timer/close_timer.cpp:48]   --->   Operation 15 'specmemcore' 'specmemcore_ln48' <Predicate = true> <Delay = 0.00>
ST_1 : Operation 16 [1/1] (0.00ns)   --->   "%ct_waitForWrite_load = load i1 %ct_waitForWrite" [/home/haiyang3/eth-axi-streamer/fpga-network-stack/hls/toe/close_timer/close_timer.cpp:59]   --->   Operation 16 'load' 'ct_waitForWrite_load' <Predicate = true> <Delay = 0.00>
ST_1 : Operation 17 [1/1] (0.00ns)   --->   "%ct_setSessionID_V_load = load i16 %ct_setSessionID_V"   --->   Operation 17 'load' 'ct_setSessionID_V_load' <Predicate = true> <Delay = 0.00>
ST_1 : Operation 18 [1/1] (0.00ns)   --->   "%ct_prevSessionID_V_load = load i16 %ct_prevSessionID_V"   --->   Operation 18 'load' 'ct_prevSessionID_V_load' <Predicate = true> <Delay = 0.00>
ST_1 : Operation 19 [1/1] (0.00ns)   --->   "%br_ln59 = br i1 %ct_waitForWrite_load, void, void" [/home/haiyang3/eth-axi-streamer/fpga-network-stack/hls/toe/close_timer/close_timer.cpp:59]   --->   Operation 19 'br' 'br_ln59' <Predicate = true> <Delay = 0.00>
ST_1 : Operation 20 [1/1] (0.00ns)   --->   "%tmp_i = nbreadreq i1 @_ssdm_op_NbReadReq.ap_fifo.i16P0A, i16 %rxEng2timer_setCloseTimer, i32 1" [/opt/xilinx/Vitis_HLS/2020.2/common/technology/autopilot/hls_stream_39.h:136]   --->   Operation 20 'nbreadreq' 'tmp_i' <Predicate = (!ct_waitForWrite_load)> <Delay = 0.00> <CoreInst = "FIFO_SRL">   --->   Core 81 'FIFO_SRL' <Latency = 0> <II = 1> <Delay = 1.34> <Storage> <Opcode : 'read' 'write' 'nbread' 'nbwrite'> <Ports = 0> <Width = 16> <Depth = 2> <FIFO>
ST_1 : Operation 21 [1/1] (0.00ns)   --->   "%br_ln69 = br i1 %tmp_i, void, void" [/home/haiyang3/eth-axi-streamer/fpga-network-stack/hls/toe/close_timer/close_timer.cpp:69]   --->   Operation 21 'br' 'br_ln69' <Predicate = (!ct_waitForWrite_load)> <Delay = 0.00>
ST_1 : Operation 22 [1/1] (0.00ns)   --->   "%ct_currSessionID_V_load = load i16 %ct_currSessionID_V" [/home/haiyang3/eth-axi-streamer/fpga-network-stack/hls/toe/close_timer/close_timer.cpp:76]   --->   Operation 22 'load' 'ct_currSessionID_V_load' <Predicate = (!ct_waitForWrite_load & !tmp_i)> <Delay = 0.00>
ST_1 : Operation 23 [1/1] (0.38ns)   --->   "%store_ln76 = store i16 %ct_currSessionID_V_load, i16 %ct_prevSessionID_V" [/home/haiyang3/eth-axi-streamer/fpga-network-stack/hls/toe/close_timer/close_timer.cpp:76]   --->   Operation 23 'store' 'store_ln76' <Predicate = (!ct_waitForWrite_load & !tmp_i)> <Delay = 0.38>
ST_1 : Operation 24 [1/1] (0.00ns)   --->   "%zext_ln534_18 = zext i16 %ct_currSessionID_V_load"   --->   Operation 24 'zext' 'zext_ln534_18' <Predicate = (!ct_waitForWrite_load & !tmp_i)> <Delay = 0.00>
ST_1 : Operation 25 [1/1] (0.00ns)   --->   "%closeTimerTable_active_addr_1 = getelementptr i1 %closeTimerTable_active, i64 0, i64 %zext_ln534_18" [/home/haiyang3/eth-axi-streamer/fpga-network-stack/hls/toe/close_timer/close_timer.cpp:78]   --->   Operation 25 'getelementptr' 'closeTimerTable_active_addr_1' <Predicate = (!ct_waitForWrite_load & !tmp_i)> <Delay = 0.00>
ST_1 : Operation 26 [2/2] (1.17ns)   --->   "%closeTimerTable_active_load = load i10 %closeTimerTable_active_addr_1" [/home/haiyang3/eth-axi-streamer/fpga-network-stack/hls/toe/close_timer/close_timer.cpp:78]   --->   Operation 26 'load' 'closeTimerTable_active_load' <Predicate = (!ct_waitForWrite_load & !tmp_i)> <Delay = 1.17> <CoreInst = "RAM_T2P_BRAM">   --->   Core 99 'RAM_T2P_BRAM' <Latency = 1> <II = 1> <Delay = 1.17> <Storage> <Opcode : 'load' 'store'> <Ports = 2> <Width = 1> <Depth = 1000> <RAM>
ST_1 : Operation 27 [1/1] (0.78ns)   --->   "%add_ln691 = add i16 %ct_currSessionID_V_load, i16 1"   --->   Operation 27 'add' 'add_ln691' <Predicate = (!ct_waitForWrite_load & !tmp_i)> <Delay = 0.78> <CoreInst = "Adder">   --->   Core 1 'Adder' <Latency = 0> <II = 1> <Delay = 0.78> <FuncUnit> <Opcode : 'add' 'sub'> <InPorts = 2> <OutPorts = 1>
ST_1 : Operation 28 [1/1] (0.67ns)   --->   "%icmp_ln870 = icmp_eq  i16 %add_ln691, i16 1000"   --->   Operation 28 'icmp' 'icmp_ln870' <Predicate = (!ct_waitForWrite_load & !tmp_i)> <Delay = 0.67> <CoreInst = "Cmp">   --->   Core 9 'Cmp' <Latency = 0> <II = 1> <Delay = 0.67> <FuncUnit> <Opcode : 'icmp'> <InPorts = 2> <OutPorts = 1>
ST_1 : Operation 29 [1/1] (0.24ns)   --->   "%select_ln93 = select i1 %icmp_ln870, i16 0, i16 %add_ln691" [/home/haiyang3/eth-axi-streamer/fpga-network-stack/hls/toe/close_timer/close_timer.cpp:93]   --->   Operation 29 'select' 'select_ln93' <Predicate = (!ct_waitForWrite_load & !tmp_i)> <Delay = 0.24> <CoreInst = "Sel">   --->   Core 73 'Sel' <Latency = 0> <II = 1> <Delay = 0.24> <FuncUnit> <Opcode : 'select'> <InPorts = 3> <OutPorts = 1>
ST_1 : Operation 30 [1/1] (0.00ns)   --->   "%store_ln93 = store i16 %select_ln93, i16 %ct_currSessionID_V" [/home/haiyang3/eth-axi-streamer/fpga-network-stack/hls/toe/close_timer/close_timer.cpp:93]   --->   Operation 30 'store' 'store_ln93' <Predicate = (!ct_waitForWrite_load & !tmp_i)> <Delay = 0.00>
ST_1 : Operation 31 [1/1] (0.00ns)   --->   "%br_ln0 = br void %close_timer.exit"   --->   Operation 31 'br' 'br_ln0' <Predicate = (!ct_waitForWrite_load & !tmp_i)> <Delay = 0.00>
ST_1 : Operation 32 [1/1] (1.16ns)   --->   "%rxEng2timer_setCloseTimer_read = read i16 @_ssdm_op_Read.ap_fifo.volatile.i16P0A, i16 %rxEng2timer_setCloseTimer" [/opt/xilinx/Vitis_HLS/2020.2/common/technology/autopilot/hls_stream_39.h:145]   --->   Operation 32 'read' 'rxEng2timer_setCloseTimer_read' <Predicate = (!ct_waitForWrite_load & tmp_i)> <Delay = 1.16> <CoreInst = "FIFO_SRL">   --->   Core 81 'FIFO_SRL' <Latency = 0> <II = 1> <Delay = 1.34> <Storage> <Opcode : 'read' 'write' 'nbread' 'nbwrite'> <Ports = 0> <Width = 16> <Depth = 2> <FIFO>
ST_1 : Operation 33 [1/1] (0.00ns)   --->   "%store_ln145 = store i16 %rxEng2timer_setCloseTimer_read, i16 %ct_setSessionID_V" [/opt/xilinx/Vitis_HLS/2020.2/common/technology/autopilot/hls_stream_39.h:145]   --->   Operation 33 'store' 'store_ln145' <Predicate = (!ct_waitForWrite_load & tmp_i)> <Delay = 0.00>
ST_1 : Operation 34 [1/1] (0.38ns)   --->   "%store_ln72 = store i1 1, i1 %ct_waitForWrite" [/home/haiyang3/eth-axi-streamer/fpga-network-stack/hls/toe/close_timer/close_timer.cpp:72]   --->   Operation 34 'store' 'store_ln72' <Predicate = (!ct_waitForWrite_load & tmp_i)> <Delay = 0.38>
ST_1 : Operation 35 [1/1] (0.00ns)   --->   "%br_ln73 = br void %close_timer.exit" [/home/haiyang3/eth-axi-streamer/fpga-network-stack/hls/toe/close_timer/close_timer.cpp:73]   --->   Operation 35 'br' 'br_ln73' <Predicate = (!ct_waitForWrite_load & tmp_i)> <Delay = 0.00>
ST_1 : Operation 36 [1/1] (0.67ns)   --->   "%icmp_ln874 = icmp_eq  i16 %ct_setSessionID_V_load, i16 %ct_prevSessionID_V_load"   --->   Operation 36 'icmp' 'icmp_ln874' <Predicate = (ct_waitForWrite_load)> <Delay = 0.67> <CoreInst = "Cmp">   --->   Core 9 'Cmp' <Latency = 0> <II = 1> <Delay = 0.67> <FuncUnit> <Opcode : 'icmp'> <InPorts = 2> <OutPorts = 1>
ST_1 : Operation 37 [1/1] (0.00ns)   --->   "%br_ln61 = br i1 %icmp_ln874, void, void %._crit_edge.i" [/home/haiyang3/eth-axi-streamer/fpga-network-stack/hls/toe/close_timer/close_timer.cpp:61]   --->   Operation 37 'br' 'br_ln61' <Predicate = (ct_waitForWrite_load)> <Delay = 0.00>
ST_1 : Operation 38 [1/1] (0.00ns)   --->   "%zext_ln534 = zext i16 %ct_setSessionID_V_load"   --->   Operation 38 'zext' 'zext_ln534' <Predicate = (ct_waitForWrite_load & !icmp_ln874)> <Delay = 0.00>
ST_1 : Operation 39 [1/1] (0.00ns)   --->   "%closeTimerTable_active_addr = getelementptr i1 %closeTimerTable_active, i64 0, i64 %zext_ln534" [/home/haiyang3/eth-axi-streamer/fpga-network-stack/hls/toe/close_timer/close_timer.cpp:64]   --->   Operation 39 'getelementptr' 'closeTimerTable_active_addr' <Predicate = (ct_waitForWrite_load & !icmp_ln874)> <Delay = 0.00>
ST_1 : Operation 40 [1/1] (1.17ns)   --->   "%store_ln64 = store i1 1, i10 %closeTimerTable_active_addr" [/home/haiyang3/eth-axi-streamer/fpga-network-stack/hls/toe/close_timer/close_timer.cpp:64]   --->   Operation 40 'store' 'store_ln64' <Predicate = (ct_waitForWrite_load & !icmp_ln874)> <Delay = 1.17> <CoreInst = "RAM_T2P_BRAM">   --->   Core 99 'RAM_T2P_BRAM' <Latency = 1> <II = 1> <Delay = 1.17> <Storage> <Opcode : 'load' 'store'> <Ports = 2> <Width = 1> <Depth = 1000> <RAM>
ST_1 : Operation 41 [1/1] (0.38ns)   --->   "%store_ln65 = store i1 0, i1 %ct_waitForWrite" [/home/haiyang3/eth-axi-streamer/fpga-network-stack/hls/toe/close_timer/close_timer.cpp:65]   --->   Operation 41 'store' 'store_ln65' <Predicate = (ct_waitForWrite_load & !icmp_ln874)> <Delay = 0.38>
ST_1 : Operation 42 [1/1] (0.78ns)   --->   "%add_ln692 = add i16 %ct_prevSessionID_V_load, i16 65535"   --->   Operation 42 'add' 'add_ln692' <Predicate = (ct_waitForWrite_load)> <Delay = 0.78> <CoreInst = "Adder">   --->   Core 1 'Adder' <Latency = 0> <II = 1> <Delay = 0.78> <FuncUnit> <Opcode : 'add' 'sub'> <InPorts = 2> <OutPorts = 1>
ST_1 : Operation 43 [1/1] (0.38ns)   --->   "%store_ln692 = store i16 %add_ln692, i16 %ct_prevSessionID_V"   --->   Operation 43 'store' 'store_ln692' <Predicate = (ct_waitForWrite_load)> <Delay = 0.38>
ST_1 : Operation 44 [1/1] (0.00ns)   --->   "%br_ln68 = br void %close_timer.exit" [/home/haiyang3/eth-axi-streamer/fpga-network-stack/hls/toe/close_timer/close_timer.cpp:68]   --->   Operation 44 'br' 'br_ln68' <Predicate = (ct_waitForWrite_load)> <Delay = 0.00>

State 2 <SV = 1> <Delay = 1.20>
ST_2 : Operation 45 [1/2] (1.17ns)   --->   "%closeTimerTable_active_load = load i10 %closeTimerTable_active_addr_1" [/home/haiyang3/eth-axi-streamer/fpga-network-stack/hls/toe/close_timer/close_timer.cpp:78]   --->   Operation 45 'load' 'closeTimerTable_active_load' <Predicate = (!ct_waitForWrite_load & !tmp_i)> <Delay = 1.17> <CoreInst = "RAM_T2P_BRAM">   --->   Core 99 'RAM_T2P_BRAM' <Latency = 1> <II = 1> <Delay = 1.17> <Storage> <Opcode : 'load' 'store'> <Ports = 2> <Width = 1> <Depth = 1000> <RAM>
ST_2 : Operation 46 [1/1] (0.00ns)   --->   "%br_ln78 = br i1 %closeTimerTable_active_load, void %._crit_edge1.i, void" [/home/haiyang3/eth-axi-streamer/fpga-network-stack/hls/toe/close_timer/close_timer.cpp:78]   --->   Operation 46 'br' 'br_ln78' <Predicate = (!ct_waitForWrite_load & !tmp_i)> <Delay = 0.00>
ST_2 : Operation 47 [1/1] (0.00ns)   --->   "%closeTimerTable_time_V_addr_1 = getelementptr i32 %closeTimerTable_time_V, i64 0, i64 %zext_ln534_18"   --->   Operation 47 'getelementptr' 'closeTimerTable_time_V_addr_1' <Predicate = (!ct_waitForWrite_load & !tmp_i & closeTimerTable_active_load)> <Delay = 0.00>
ST_2 : Operation 48 [2/2] (1.20ns)   --->   "%closeTimerTable_time_V_load = load i10 %closeTimerTable_time_V_addr_1"   --->   Operation 48 'load' 'closeTimerTable_time_V_load' <Predicate = (!ct_waitForWrite_load & !tmp_i & closeTimerTable_active_load)> <Delay = 1.20> <CoreInst = "RAM_T2P_BRAM">   --->   Core 99 'RAM_T2P_BRAM' <Latency = 1> <II = 1> <Delay = 1.20> <Storage> <Opcode : 'load' 'store'> <Ports = 2> <Width = 32> <Depth = 1000> <RAM>
ST_2 : Operation 49 [1/1] (0.00ns)   --->   "%closeTimerTable_time_V_addr = getelementptr i32 %closeTimerTable_time_V, i64 0, i64 %zext_ln534" [/home/haiyang3/eth-axi-streamer/fpga-network-stack/hls/toe/close_timer/close_timer.cpp:63]   --->   Operation 49 'getelementptr' 'closeTimerTable_time_V_addr' <Predicate = (ct_waitForWrite_load & !icmp_ln874)> <Delay = 0.00>
ST_2 : Operation 50 [1/1] (1.20ns)   --->   "%store_ln63 = store i32 9375001, i10 %closeTimerTable_time_V_addr" [/home/haiyang3/eth-axi-streamer/fpga-network-stack/hls/toe/close_timer/close_timer.cpp:63]   --->   Operation 50 'store' 'store_ln63' <Predicate = (ct_waitForWrite_load & !icmp_ln874)> <Delay = 1.20> <CoreInst = "RAM_T2P_BRAM">   --->   Core 99 'RAM_T2P_BRAM' <Latency = 1> <II = 1> <Delay = 1.20> <Storage> <Opcode : 'load' 'store'> <Ports = 2> <Width = 32> <Depth = 1000> <RAM>
ST_2 : Operation 51 [1/1] (0.00ns)   --->   "%br_ln66 = br void %._crit_edge.i" [/home/haiyang3/eth-axi-streamer/fpga-network-stack/hls/toe/close_timer/close_timer.cpp:66]   --->   Operation 51 'br' 'br_ln66' <Predicate = (ct_waitForWrite_load & !icmp_ln874)> <Delay = 0.00>

State 3 <SV = 2> <Delay = 2.05>
ST_3 : Operation 52 [1/2] (1.20ns)   --->   "%closeTimerTable_time_V_load = load i10 %closeTimerTable_time_V_addr_1"   --->   Operation 52 'load' 'closeTimerTable_time_V_load' <Predicate = (!ct_waitForWrite_load & !tmp_i & closeTimerTable_active_load)> <Delay = 1.20> <CoreInst = "RAM_T2P_BRAM">   --->   Core 99 'RAM_T2P_BRAM' <Latency = 1> <II = 1> <Delay = 1.20> <Storage> <Opcode : 'load' 'store'> <Ports = 2> <Width = 32> <Depth = 1000> <RAM>
ST_3 : Operation 53 [1/1] (0.85ns)   --->   "%icmp_ln886 = icmp_eq  i32 %closeTimerTable_time_V_load, i32 0"   --->   Operation 53 'icmp' 'icmp_ln886' <Predicate = (!ct_waitForWrite_load & !tmp_i & closeTimerTable_active_load)> <Delay = 0.85> <CoreInst = "Cmp">   --->   Core 9 'Cmp' <Latency = 0> <II = 1> <Delay = 0.67> <FuncUnit> <Opcode : 'icmp'> <InPorts = 2> <OutPorts = 1>
ST_3 : Operation 54 [1/1] (0.00ns)   --->   "%br_ln80 = br i1 %icmp_ln886, void, void" [/home/haiyang3/eth-axi-streamer/fpga-network-stack/hls/toe/close_timer/close_timer.cpp:80]   --->   Operation 54 'br' 'br_ln80' <Predicate = (!ct_waitForWrite_load & !tmp_i & closeTimerTable_active_load)> <Delay = 0.00>

State 4 <SV = 3> <Delay = 2.08>
ST_4 : Operation 55 [1/1] (0.88ns)   --->   "%add_ln692_2 = add i32 %closeTimerTable_time_V_load, i32 4294967295"   --->   Operation 55 'add' 'add_ln692_2' <Predicate = (!ct_waitForWrite_load & !tmp_i & closeTimerTable_active_load & !icmp_ln886)> <Delay = 0.88> <CoreInst = "Adder">   --->   Core 1 'Adder' <Latency = 0> <II = 1> <Delay = 0.78> <FuncUnit> <Opcode : 'add' 'sub'> <InPorts = 2> <OutPorts = 1>
ST_4 : Operation 56 [1/1] (1.20ns)   --->   "%store_ln692 = store i32 %add_ln692_2, i10 %closeTimerTable_time_V_addr_1"   --->   Operation 56 'store' 'store_ln692' <Predicate = (!ct_waitForWrite_load & !tmp_i & closeTimerTable_active_load & !icmp_ln886)> <Delay = 1.20> <CoreInst = "RAM_T2P_BRAM">   --->   Core 99 'RAM_T2P_BRAM' <Latency = 1> <II = 1> <Delay = 1.20> <Storage> <Opcode : 'load' 'store'> <Ports = 2> <Width = 32> <Depth = 1000> <RAM>
ST_4 : Operation 57 [1/1] (0.00ns)   --->   "%br_ln83 = br void %._crit_edge1.i" [/home/haiyang3/eth-axi-streamer/fpga-network-stack/hls/toe/close_timer/close_timer.cpp:83]   --->   Operation 57 'br' 'br_ln83' <Predicate = (!ct_waitForWrite_load & !tmp_i & closeTimerTable_active_load & !icmp_ln886)> <Delay = 0.00>
ST_4 : Operation 58 [1/1] (1.20ns)   --->   "%store_ln86 = store i32 0, i10 %closeTimerTable_time_V_addr_1" [/home/haiyang3/eth-axi-streamer/fpga-network-stack/hls/toe/close_timer/close_timer.cpp:86]   --->   Operation 58 'store' 'store_ln86' <Predicate = (!ct_waitForWrite_load & !tmp_i & closeTimerTable_active_load & icmp_ln886)> <Delay = 1.20> <CoreInst = "RAM_T2P_BRAM">   --->   Core 99 'RAM_T2P_BRAM' <Latency = 1> <II = 1> <Delay = 1.20> <Storage> <Opcode : 'load' 'store'> <Ports = 2> <Width = 32> <Depth = 1000> <RAM>
ST_4 : Operation 59 [1/1] (1.17ns)   --->   "%store_ln87 = store i1 0, i10 %closeTimerTable_active_addr_1" [/home/haiyang3/eth-axi-streamer/fpga-network-stack/hls/toe/close_timer/close_timer.cpp:87]   --->   Operation 59 'store' 'store_ln87' <Predicate = (!ct_waitForWrite_load & !tmp_i & closeTimerTable_active_load & icmp_ln886)> <Delay = 1.17> <CoreInst = "RAM_T2P_BRAM">   --->   Core 99 'RAM_T2P_BRAM' <Latency = 1> <II = 1> <Delay = 1.17> <Storage> <Opcode : 'load' 'store'> <Ports = 2> <Width = 1> <Depth = 1000> <RAM>
ST_4 : Operation 60 [1/1] (1.16ns)   --->   "%write_ln174 = write void @_ssdm_op_Write.ap_fifo.volatile.i16P0A, i16 %closeTimer2stateTable_releaseState, i16 %ct_currSessionID_V_load" [/opt/xilinx/Vitis_HLS/2020.2/common/technology/autopilot/hls_stream_39.h:174]   --->   Operation 60 'write' 'write_ln174' <Predicate = (!ct_waitForWrite_load & !tmp_i & closeTimerTable_active_load & icmp_ln886)> <Delay = 1.16> <CoreInst = "FIFO_SRL">   --->   Core 81 'FIFO_SRL' <Latency = 0> <II = 1> <Delay = 1.34> <Storage> <Opcode : 'read' 'write' 'nbread' 'nbwrite'> <Ports = 0> <Width = 16> <Depth = 2> <FIFO>
ST_4 : Operation 61 [1/1] (0.00ns)   --->   "%br_ln0 = br void %._crit_edge1.i"   --->   Operation 61 'br' 'br_ln0' <Predicate = (!ct_waitForWrite_load & !tmp_i & closeTimerTable_active_load & icmp_ln886)> <Delay = 0.00>
ST_4 : Operation 62 [1/1] (0.00ns)   --->   "%ret_ln0 = ret"   --->   Operation 62 'ret' 'ret_ln0' <Predicate = true> <Delay = 0.00>


============================================================
+ Verbose Summary: Timing violations
============================================================
Target clock period: 3.2ns, clock uncertainty: 0.864ns.

 <State 1>: 1.97ns
The critical path consists of the following:
	'load' operation ('ct_currSessionID_V_load', /home/haiyang3/eth-axi-streamer/fpga-network-stack/hls/toe/close_timer/close_timer.cpp:76) on static variable 'ct_currSessionID_V' [32]  (0 ns)
	'add' operation ('add_ln691') [53]  (0.785 ns)
	'icmp' operation ('icmp_ln870') [54]  (0.676 ns)
	'select' operation ('select_ln93', /home/haiyang3/eth-axi-streamer/fpga-network-stack/hls/toe/close_timer/close_timer.cpp:93) [55]  (0.243 ns)
	blocking operation 0.265 ns on control path)

 <State 2>: 1.2ns
The critical path consists of the following:
	'getelementptr' operation ('closeTimerTable_time_V_addr_1') [39]  (0 ns)
	'load' operation ('closeTimerTable_time_V_load') on array 'closeTimerTable_time_V' [40]  (1.2 ns)

 <State 3>: 2.06ns
The critical path consists of the following:
	'load' operation ('closeTimerTable_time_V_load') on array 'closeTimerTable_time_V' [40]  (1.2 ns)
	'icmp' operation ('icmp_ln886') [41]  (0.859 ns)

 <State 4>: 2.08ns
The critical path consists of the following:
	'add' operation ('add_ln692_2') [44]  (0.88 ns)
	'store' operation ('store_ln692') of variable 'add_ln692_2' on array 'closeTimerTable_time_V' [45]  (1.2 ns)


============================================================
+ Verbose Summary: Binding
============================================================
N/A
* FSMD analyzer results:
  - Output states:
 - Input state : 
  - Chain level:
	State 1
	State 2
	State 3
	State 4


============================================================
+ Verbose Summary: Datapath Resource usage 
============================================================
N/A
