

================================================================
== Vitis HLS Report for 'lshiftWordByOctet_512_52_s'
================================================================
* Date:           Tue Jul 19 06:13:15 2022

* Version:        2020.2 (Build 3064766 on Wed Nov 18 09:12:47 MST 2020)
* Project:        toe_prj
* Solution:       solution1 (Vivado IP Flow Target)
* Product family: virtexuplus
* Target device:  xcvu3p-ffvc1517-2-i


================================================================
== Performance Estimates
================================================================
+ Timing: 
    * Summary: 
    +--------+---------+----------+------------+
    |  Clock |  Target | Estimated| Uncertainty|
    +--------+---------+----------+------------+
    |ap_clk  |  3.20 ns|  2.399 ns|     0.86 ns|
    +--------+---------+----------+------------+

+ Latency: 
    * Summary: 
    +---------+---------+----------+----------+-----+-----+---------+
    |  Latency (cycles) |  Latency (absolute) |  Interval | Pipeline|
    |   min   |   max   |    min   |    max   | min | max |   Type  |
    +---------+---------+----------+----------+-----+-----+---------+
    |        1|        1|  3.200 ns|  3.200 ns|    1|    1|      yes|
    +---------+---------+----------+----------+-----+-----+---------+

    + Detail: 
        * Instance: 
        N/A

        * Loop: 
        N/A

============================================================
+ Verbose Summary: Synthesis Manager
============================================================
InlineROM: 1
ExposeGlobal: 0
============================================================
+ Verbose Summary: CDFG Model
============================================================
IsTopModel: 0
ResetActiveHigh: 1
IsCombinational: 2
IsDatapathOnly: 0
HasWiredReturn: 1
HasMFsm: 2
HasVarLatency: 0
IsPipeline: 1
IsRtlPipelined: 1
IsInstanceOverlapped: 0
IsDontTouch: 0
HasImplIP: 0
IsGatedGlobalClock: 0

+ Individual pipeline summary: 
  * Pipeline-0: initiation interval (II) = 1, depth = 2


============================================================
+ Verbose Summary: Schedule
============================================================
* Number of FSM states : 2
* Pipeline : 1
  Pipeline-0 : II = 1, D = 2, States = { 1 2 }
* Dataflow Pipeline: 0

* FSM state transitions: 
1 --> 2 
2 --> 

* FSM state operations: 

State 1 <SV = 0> <Delay = 2.39>
ST_1 : Operation 3 [1/1] (0.00ns)   --->   "%specinterface_ln0 = specinterface void @_ssdm_op_SpecInterface, i1024 %txEng_tcpPkgBuffer5, void @empty_3, i32 0, i32 0, void @empty_5, i32 0, i32 0, void @empty_5, void @empty_5, void @empty_5, i32 0, i32 0, i32 0, i32 0, void @empty_5, void @empty_5"   --->   Operation 3 'specinterface' 'specinterface_ln0' <Predicate = true> <Delay = 0.00>
ST_1 : Operation 4 [1/1] (0.00ns)   --->   "%specinterface_ln0 = specinterface void @_ssdm_op_SpecInterface, i1024 %txEng_tcpPkgBuffer5, void @empty_3, i32 0, i32 0, void @empty_5, i32 0, i32 0, void @empty_5, void @empty_5, void @empty_5, i32 0, i32 0, i32 0, i32 0, void @empty_5, void @empty_5"   --->   Operation 4 'specinterface' 'specinterface_ln0' <Predicate = true> <Delay = 0.00>
ST_1 : Operation 5 [1/1] (0.00ns)   --->   "%specinterface_ln0 = specinterface void @_ssdm_op_SpecInterface, i1024 %txEng_tcpPkgBuffer5, void @empty_3, i32 0, i32 0, void @empty_5, i32 0, i32 0, void @empty_5, void @empty_5, void @empty_5, i32 0, i32 0, i32 0, i32 0, void @empty_5, void @empty_5"   --->   Operation 5 'specinterface' 'specinterface_ln0' <Predicate = true> <Delay = 0.00>
ST_1 : Operation 6 [1/1] (0.00ns)   --->   "%specinterface_ln0 = specinterface void @_ssdm_op_SpecInterface, i1024 %txEng_tcpPkgBuffer6, void @empty_3, i32 0, i32 0, void @empty_5, i32 0, i32 0, void @empty_5, void @empty_5, void @empty_5, i32 0, i32 0, i32 0, i32 0, void @empty_5, void @empty_5"   --->   Operation 6 'specinterface' 'specinterface_ln0' <Predicate = true> <Delay = 0.00>
ST_1 : Operation 7 [1/1] (0.00ns)   --->   "%specinterface_ln0 = specinterface void @_ssdm_op_SpecInterface, i1024 %txEng_tcpPkgBuffer6, void @empty_3, i32 0, i32 0, void @empty_5, i32 0, i32 0, void @empty_5, void @empty_5, void @empty_5, i32 0, i32 0, i32 0, i32 0, void @empty_5, void @empty_5"   --->   Operation 7 'specinterface' 'specinterface_ln0' <Predicate = true> <Delay = 0.00>
ST_1 : Operation 8 [1/1] (0.00ns)   --->   "%specinterface_ln0 = specinterface void @_ssdm_op_SpecInterface, i1024 %txEng_tcpPkgBuffer6, void @empty_3, i32 0, i32 0, void @empty_5, i32 0, i32 0, void @empty_5, void @empty_5, void @empty_5, i32 0, i32 0, i32 0, i32 0, void @empty_5, void @empty_5"   --->   Operation 8 'specinterface' 'specinterface_ln0' <Predicate = true> <Delay = 0.00>
ST_1 : Operation 9 [1/1] (0.00ns)   --->   "%specinterface_ln0 = specinterface void @_ssdm_op_SpecInterface, i1024 %txEng_tcpPkgBuffer6, void @empty_3, i32 0, i32 0, void @empty_5, i32 0, i32 0, void @empty_5, void @empty_5, void @empty_5, i32 0, i32 0, i32 0, i32 0, void @empty_5, void @empty_5"   --->   Operation 9 'specinterface' 'specinterface_ln0' <Predicate = true> <Delay = 0.00>
ST_1 : Operation 10 [1/1] (0.00ns)   --->   "%specinterface_ln0 = specinterface void @_ssdm_op_SpecInterface, i1024 %txEng_tcpPkgBuffer5, void @empty_3, i32 0, i32 0, void @empty_5, i32 0, i32 0, void @empty_5, void @empty_5, void @empty_5, i32 0, i32 0, i32 0, i32 0, void @empty_5, void @empty_5"   --->   Operation 10 'specinterface' 'specinterface_ln0' <Predicate = true> <Delay = 0.00>
ST_1 : Operation 11 [1/1] (0.00ns)   --->   "%specpipeline_ln564 = specpipeline void @_ssdm_op_SpecPipeline, i32 1, i32 0, i32 0, i32 0, void @empty_5" [/home/haiyang3/eth-axi-streamer/fpga-network-stack/hls/toe/tx_engine/../../axi_utils.hpp:564]   --->   Operation 11 'specpipeline' 'specpipeline_ln564' <Predicate = true> <Delay = 0.00>
ST_1 : Operation 12 [1/1] (0.00ns)   --->   "%ls_writeRemainder_load = load i1 %ls_writeRemainder" [/home/haiyang3/eth-axi-streamer/fpga-network-stack/hls/toe/tx_engine/../../axi_utils.hpp:578]   --->   Operation 12 'load' 'ls_writeRemainder_load' <Predicate = true> <Delay = 0.00>
ST_1 : Operation 13 [1/1] (0.00ns)   --->   "%p_Val2_s = load i512 %prevWord_data_V_8"   --->   Operation 13 'load' 'p_Val2_s' <Predicate = true> <Delay = 0.00>
ST_1 : Operation 14 [1/1] (0.00ns)   --->   "%p_Val2_45 = load i64 %prevWord_keep_V_2"   --->   Operation 14 'load' 'p_Val2_45' <Predicate = true> <Delay = 0.00>
ST_1 : Operation 15 [1/1] (0.00ns)   --->   "%br_ln578 = br i1 %ls_writeRemainder_load, void, void" [/home/haiyang3/eth-axi-streamer/fpga-network-stack/hls/toe/tx_engine/../../axi_utils.hpp:578]   --->   Operation 15 'br' 'br_ln578' <Predicate = true> <Delay = 0.00>
ST_1 : Operation 16 [1/1] (0.00ns)   --->   "%tmp_i = nbreadreq i1 @_ssdm_op_NbReadReq.ap_fifo.i1024P0A, i1024 %txEng_tcpPkgBuffer5, i32 1" [/opt/xilinx/Vitis_HLS/2020.2/common/technology/autopilot/hls_stream_39.h:136]   --->   Operation 16 'nbreadreq' 'tmp_i' <Predicate = (!ls_writeRemainder_load)> <Delay = 0.00> <CoreInst = "FIFO_SRL">   --->   Core 81 'FIFO_SRL' <Latency = 0> <II = 1> <Delay = 1.33> <Storage> <Opcode : 'read' 'write' 'nbread' 'nbwrite'> <Ports = 0> <Width = 1024> <Depth = 2> <FIFO>
ST_1 : Operation 17 [1/1] (0.38ns)   --->   "%br_ln589 = br i1 %tmp_i, void %._crit_edge1.i, void %_ifconv" [/home/haiyang3/eth-axi-streamer/fpga-network-stack/hls/toe/tx_engine/../../axi_utils.hpp:589]   --->   Operation 17 'br' 'br_ln589' <Predicate = (!ls_writeRemainder_load)> <Delay = 0.38>
ST_1 : Operation 18 [1/1] (1.16ns)   --->   "%txEng_tcpPkgBuffer5_read = read i1024 @_ssdm_op_Read.ap_fifo.volatile.i1024P0A, i1024 %txEng_tcpPkgBuffer5" [/opt/xilinx/Vitis_HLS/2020.2/common/technology/autopilot/hls_stream_39.h:145]   --->   Operation 18 'read' 'txEng_tcpPkgBuffer5_read' <Predicate = (!ls_writeRemainder_load & tmp_i)> <Delay = 1.16> <CoreInst = "FIFO_SRL">   --->   Core 81 'FIFO_SRL' <Latency = 0> <II = 1> <Delay = 1.33> <Storage> <Opcode : 'read' 'write' 'nbread' 'nbwrite'> <Ports = 0> <Width = 1024> <Depth = 2> <FIFO>
ST_1 : Operation 19 [1/1] (0.00ns)   --->   "%currWord_data_V = trunc i1024 %txEng_tcpPkgBuffer5_read" [/opt/xilinx/Vitis_HLS/2020.2/common/technology/autopilot/hls_stream_39.h:145]   --->   Operation 19 'trunc' 'currWord_data_V' <Predicate = (!ls_writeRemainder_load & tmp_i)> <Delay = 0.00>
ST_1 : Operation 20 [1/1] (0.00ns)   --->   "%currWord_keep_V = partselect i64 @_ssdm_op_PartSelect.i64.i1024.i32.i32, i1024 %txEng_tcpPkgBuffer5_read, i32 512, i32 575" [/opt/xilinx/Vitis_HLS/2020.2/common/technology/autopilot/hls_stream_39.h:145]   --->   Operation 20 'partselect' 'currWord_keep_V' <Predicate = (!ls_writeRemainder_load & tmp_i)> <Delay = 0.00>
ST_1 : Operation 21 [1/1] (0.00ns)   --->   "%currWord_last_V = bitselect i1 @_ssdm_op_BitSelect.i1.i1024.i32, i1024 %txEng_tcpPkgBuffer5_read, i32 576" [/opt/xilinx/Vitis_HLS/2020.2/common/technology/autopilot/hls_stream_39.h:145]   --->   Operation 21 'bitselect' 'currWord_last_V' <Predicate = (!ls_writeRemainder_load & tmp_i)> <Delay = 0.00>
ST_1 : Operation 22 [1/1] (0.00ns)   --->   "%trunc_ln674 = trunc i1024 %txEng_tcpPkgBuffer5_read"   --->   Operation 22 'trunc' 'trunc_ln674' <Predicate = (!ls_writeRemainder_load & tmp_i)> <Delay = 0.00>
ST_1 : Operation 23 [1/1] (0.00ns)   --->   "%p_Result_545_i = partselect i44 @_ssdm_op_PartSelect.i44.i1024.i32.i32, i1024 %txEng_tcpPkgBuffer5_read, i32 512, i32 555"   --->   Operation 23 'partselect' 'p_Result_545_i' <Predicate = (!ls_writeRemainder_load & tmp_i)> <Delay = 0.00>
ST_1 : Operation 24 [1/1] (0.00ns)   --->   "%p_Result_546_i = partselect i20 @_ssdm_op_PartSelect.i20.i1024.i32.i32, i1024 %txEng_tcpPkgBuffer5_read, i32 556, i32 575"   --->   Operation 24 'partselect' 'p_Result_546_i' <Predicate = (!ls_writeRemainder_load & tmp_i)> <Delay = 0.00>
ST_1 : Operation 25 [1/1] (0.72ns)   --->   "%sendWord_last_V = icmp_eq  i20 %p_Result_546_i, i20 0"   --->   Operation 25 'icmp' 'sendWord_last_V' <Predicate = (!ls_writeRemainder_load & tmp_i)> <Delay = 0.72> <CoreInst = "Cmp">   --->   Core 9 'Cmp' <Latency = 0> <II = 1> <Delay = 0.72> <FuncUnit> <Opcode : 'icmp'> <InPorts = 2> <OutPorts = 1>
ST_1 : Operation 26 [1/1] (0.00ns)   --->   "%p_Result_549_i = partselect i160 @_ssdm_op_PartSelect.i160.i512.i32.i32, i512 %p_Val2_s, i32 352, i32 511"   --->   Operation 26 'partselect' 'p_Result_549_i' <Predicate = (!ls_writeRemainder_load & tmp_i)> <Delay = 0.00>
ST_1 : Operation 27 [1/1] (0.00ns)   --->   "%p_Result_551_i = partselect i20 @_ssdm_op_PartSelect.i20.i64.i32.i32, i64 %p_Val2_45, i32 44, i32 63"   --->   Operation 27 'partselect' 'p_Result_551_i' <Predicate = (!ls_writeRemainder_load & tmp_i)> <Delay = 0.00>
ST_1 : Operation 28 [1/1] (0.00ns)   --->   "%store_ln621 = store i512 %currWord_data_V, i512 %prevWord_data_V_8" [/home/haiyang3/eth-axi-streamer/fpga-network-stack/hls/toe/tx_engine/../../axi_utils.hpp:621]   --->   Operation 28 'store' 'store_ln621' <Predicate = (!ls_writeRemainder_load & tmp_i)> <Delay = 0.00>
ST_1 : Operation 29 [1/1] (0.00ns)   --->   "%store_ln621 = store i64 %currWord_keep_V, i64 %prevWord_keep_V_2" [/home/haiyang3/eth-axi-streamer/fpga-network-stack/hls/toe/tx_engine/../../axi_utils.hpp:621]   --->   Operation 29 'store' 'store_ln621' <Predicate = (!ls_writeRemainder_load & tmp_i)> <Delay = 0.00>
ST_1 : Operation 30 [1/1] (0.38ns)   --->   "%br_ln623 = br i1 %currWord_last_V, void %._crit_edge1.i, void" [/home/haiyang3/eth-axi-streamer/fpga-network-stack/hls/toe/tx_engine/../../axi_utils.hpp:623]   --->   Operation 30 'br' 'br_ln623' <Predicate = (!ls_writeRemainder_load & tmp_i)> <Delay = 0.38>
ST_1 : Operation 31 [1/1] (0.12ns)   --->   "%xor_ln752 = xor i1 %sendWord_last_V, i1 1"   --->   Operation 31 'xor' 'xor_ln752' <Predicate = (!ls_writeRemainder_load & tmp_i & currWord_last_V)> <Delay = 0.12> <CoreInst = "LogicGate">   --->   Core 74 'LogicGate' <Latency = 0> <II = 1> <Delay = 0.12> <FuncUnit> <Opcode : 'and' 'or' 'xor'> <InPorts = 2> <OutPorts = 1>
ST_1 : Operation 32 [1/1] (0.38ns)   --->   "%store_ln626 = store i1 %xor_ln752, i1 %ls_writeRemainder" [/home/haiyang3/eth-axi-streamer/fpga-network-stack/hls/toe/tx_engine/../../axi_utils.hpp:626]   --->   Operation 32 'store' 'store_ln626' <Predicate = (!ls_writeRemainder_load & tmp_i & currWord_last_V)> <Delay = 0.38>
ST_1 : Operation 33 [1/1] (0.38ns)   --->   "%br_ln627 = br void %._crit_edge1.i" [/home/haiyang3/eth-axi-streamer/fpga-network-stack/hls/toe/tx_engine/../../axi_utils.hpp:627]   --->   Operation 33 'br' 'br_ln627' <Predicate = (!ls_writeRemainder_load & tmp_i & currWord_last_V)> <Delay = 0.38>
ST_1 : Operation 34 [1/1] (0.00ns)   --->   "%p_Result_i = partselect i160 @_ssdm_op_PartSelect.i160.i512.i32.i32, i512 %p_Val2_s, i32 352, i32 511"   --->   Operation 34 'partselect' 'p_Result_i' <Predicate = (ls_writeRemainder_load)> <Delay = 0.00>
ST_1 : Operation 35 [1/1] (0.00ns)   --->   "%p_Result_i_279 = partselect i20 @_ssdm_op_PartSelect.i20.i64.i32.i32, i64 %p_Val2_45, i32 44, i32 63"   --->   Operation 35 'partselect' 'p_Result_i_279' <Predicate = (ls_writeRemainder_load)> <Delay = 0.00>
ST_1 : Operation 36 [1/1] (0.38ns)   --->   "%store_ln587 = store i1 0, i1 %ls_writeRemainder" [/home/haiyang3/eth-axi-streamer/fpga-network-stack/hls/toe/tx_engine/../../axi_utils.hpp:587]   --->   Operation 36 'store' 'store_ln587' <Predicate = (ls_writeRemainder_load)> <Delay = 0.38>
ST_1 : Operation 37 [1/1] (0.38ns)   --->   "%br_ln588 = br void %._crit_edge1.i" [/home/haiyang3/eth-axi-streamer/fpga-network-stack/hls/toe/tx_engine/../../axi_utils.hpp:588]   --->   Operation 37 'br' 'br_ln588' <Predicate = (ls_writeRemainder_load)> <Delay = 0.38>

State 2 <SV = 1> <Delay = 1.74>
ST_2 : Operation 38 [1/1] (0.00ns)   --->   "%ls_firstWord_load = load i1 %ls_firstWord" [/home/haiyang3/eth-axi-streamer/fpga-network-stack/hls/toe/tx_engine/../../axi_utils.hpp:600]   --->   Operation 38 'load' 'ls_firstWord_load' <Predicate = (!ls_writeRemainder_load & tmp_i)> <Delay = 0.00>
ST_2 : Operation 39 [1/1] (0.00ns)   --->   "%p_Result_s = bitconcatenate i512 @_ssdm_op_BitConcatenate.i512.i352.i160, i352 %trunc_ln674, i160 0"   --->   Operation 39 'bitconcatenate' 'p_Result_s' <Predicate = (!ls_writeRemainder_load & tmp_i)> <Delay = 0.00>
ST_2 : Operation 40 [1/1] (0.00ns)   --->   "%p_Result_204 = bitconcatenate i64 @_ssdm_op_BitConcatenate.i64.i44.i20, i44 %p_Result_545_i, i20 1048575"   --->   Operation 40 'bitconcatenate' 'p_Result_204' <Predicate = (!ls_writeRemainder_load & tmp_i)> <Delay = 0.00>
ST_2 : Operation 41 [1/1] (0.00ns)   --->   "%p_Result_205 = bitconcatenate i512 @_ssdm_op_BitConcatenate.i512.i352.i160, i352 %trunc_ln674, i160 %p_Result_549_i"   --->   Operation 41 'bitconcatenate' 'p_Result_205' <Predicate = (!ls_writeRemainder_load & tmp_i)> <Delay = 0.00>
ST_2 : Operation 42 [1/1] (0.00ns)   --->   "%p_Result_206 = bitconcatenate i64 @_ssdm_op_BitConcatenate.i64.i44.i20, i44 %p_Result_545_i, i20 %p_Result_551_i"   --->   Operation 42 'bitconcatenate' 'p_Result_206' <Predicate = (!ls_writeRemainder_load & tmp_i)> <Delay = 0.00>
ST_2 : Operation 43 [1/1] (0.57ns)   --->   "%sendWord_data_V_11 = select i1 %ls_firstWord_load, i512 %p_Result_s, i512 %p_Result_205" [/home/haiyang3/eth-axi-streamer/fpga-network-stack/hls/toe/tx_engine/../../axi_utils.hpp:600]   --->   Operation 43 'select' 'sendWord_data_V_11' <Predicate = (!ls_writeRemainder_load & tmp_i)> <Delay = 0.57> <CoreInst = "Sel">   --->   Core 73 'Sel' <Latency = 0> <II = 1> <Delay = 0.41> <FuncUnit> <Opcode : 'select'> <InPorts = 3> <OutPorts = 1>
ST_2 : Operation 44 [1/1] (0.41ns)   --->   "%select_ln600 = select i1 %ls_firstWord_load, i64 %p_Result_204, i64 %p_Result_206" [/home/haiyang3/eth-axi-streamer/fpga-network-stack/hls/toe/tx_engine/../../axi_utils.hpp:600]   --->   Operation 44 'select' 'select_ln600' <Predicate = (!ls_writeRemainder_load & tmp_i)> <Delay = 0.41> <CoreInst = "Sel">   --->   Core 73 'Sel' <Latency = 0> <II = 1> <Delay = 0.41> <FuncUnit> <Opcode : 'select'> <InPorts = 3> <OutPorts = 1>
ST_2 : Operation 45 [1/1] (0.00ns)   --->   "%p_02 = bitconcatenate i1024 @_ssdm_op_BitConcatenate.i1024.i447.i1.i64.i512, i447 0, i1 %sendWord_last_V, i64 %select_ln600, i512 %sendWord_data_V_11" [/opt/xilinx/Vitis_HLS/2020.2/common/technology/autopilot/hls_stream_39.h:174]   --->   Operation 45 'bitconcatenate' 'p_02' <Predicate = (!ls_writeRemainder_load & tmp_i)> <Delay = 0.00>
ST_2 : Operation 46 [1/1] (1.16ns)   --->   "%write_ln174 = write void @_ssdm_op_Write.ap_fifo.volatile.i1024P0A, i1024 %txEng_tcpPkgBuffer6, i1024 %p_02" [/opt/xilinx/Vitis_HLS/2020.2/common/technology/autopilot/hls_stream_39.h:174]   --->   Operation 46 'write' 'write_ln174' <Predicate = (!ls_writeRemainder_load & tmp_i)> <Delay = 1.16> <CoreInst = "FIFO_SRL">   --->   Core 81 'FIFO_SRL' <Latency = 0> <II = 1> <Delay = 1.33> <Storage> <Opcode : 'read' 'write' 'nbread' 'nbwrite'> <Ports = 0> <Width = 1024> <Depth = 2> <FIFO>
ST_2 : Operation 47 [1/1] (0.00ns)   --->   "%or_ln = bitconcatenate i577 @_ssdm_op_BitConcatenate.i577.i45.i20.i352.i160, i45 17592186044416, i20 %p_Result_i_279, i352 0, i160 %p_Result_i" [/opt/xilinx/Vitis_HLS/2020.2/common/technology/autopilot/hls_stream_39.h:174]   --->   Operation 47 'bitconcatenate' 'or_ln' <Predicate = (ls_writeRemainder_load)> <Delay = 0.00>
ST_2 : Operation 48 [1/1] (0.00ns)   --->   "%zext_ln174 = zext i577 %or_ln" [/opt/xilinx/Vitis_HLS/2020.2/common/technology/autopilot/hls_stream_39.h:174]   --->   Operation 48 'zext' 'zext_ln174' <Predicate = (ls_writeRemainder_load)> <Delay = 0.00>
ST_2 : Operation 49 [1/1] (1.16ns)   --->   "%write_ln174 = write void @_ssdm_op_Write.ap_fifo.volatile.i1024P0A, i1024 %txEng_tcpPkgBuffer6, i1024 %zext_ln174" [/opt/xilinx/Vitis_HLS/2020.2/common/technology/autopilot/hls_stream_39.h:174]   --->   Operation 49 'write' 'write_ln174' <Predicate = (ls_writeRemainder_load)> <Delay = 1.16> <CoreInst = "FIFO_SRL">   --->   Core 81 'FIFO_SRL' <Latency = 0> <II = 1> <Delay = 1.33> <Storage> <Opcode : 'read' 'write' 'nbread' 'nbwrite'> <Ports = 0> <Width = 1024> <Depth = 2> <FIFO>
ST_2 : Operation 50 [1/1] (0.00ns)   --->   "%ls_firstWord_flag_0_i = phi i1 0, void, i1 1, void, i1 1, void %_ifconv, i1 0, void"   --->   Operation 50 'phi' 'ls_firstWord_flag_0_i' <Predicate = true> <Delay = 0.00>
ST_2 : Operation 51 [1/1] (0.00ns)   --->   "%ls_firstWord_new_0_i = phi i1 0, void, i1 1, void, i1 0, void %_ifconv, i1 0, void"   --->   Operation 51 'phi' 'ls_firstWord_new_0_i' <Predicate = true> <Delay = 0.00>
ST_2 : Operation 52 [1/1] (0.00ns)   --->   "%br_ln0 = br i1 %ls_firstWord_flag_0_i, void %lshiftWordByOctet<512, 52>.exit, void %mergeST.i"   --->   Operation 52 'br' 'br_ln0' <Predicate = true> <Delay = 0.00>
ST_2 : Operation 53 [1/1] (0.00ns)   --->   "%store_ln622 = store i1 %ls_firstWord_new_0_i, i1 %ls_firstWord" [/home/haiyang3/eth-axi-streamer/fpga-network-stack/hls/toe/tx_engine/../../axi_utils.hpp:622]   --->   Operation 53 'store' 'store_ln622' <Predicate = (ls_firstWord_flag_0_i)> <Delay = 0.00>
ST_2 : Operation 54 [1/1] (0.00ns)   --->   "%br_ln0 = br void %lshiftWordByOctet<512, 52>.exit"   --->   Operation 54 'br' 'br_ln0' <Predicate = (ls_firstWord_flag_0_i)> <Delay = 0.00>
ST_2 : Operation 55 [1/1] (0.00ns)   --->   "%ret_ln0 = ret"   --->   Operation 55 'ret' 'ret_ln0' <Predicate = true> <Delay = 0.00>


============================================================
+ Verbose Summary: Binding
============================================================
STG Binding: 
---------------- STG Properties BEGIN ----------------
- Is combinational: 0
- Is one-state seq: 0
- Is datapath-only: 0
- Is pipelined: 1
- Is top level: 0
Port [ Return ] is wired: 1; IO mode=ap_ctrl_hs:ce=0
Port [ ls_writeRemainder]:  wired=0; compound=0; hidden=1; nouse=0; global=1; static=1; extern=0; dir=2; type=0; pingpong=0; private_global=1; IO mode=ap_ovld:ce=0
Port [ prevWord_data_V_8]:  wired=0; compound=0; hidden=1; nouse=0; global=1; static=1; extern=0; dir=2; type=0; pingpong=0; private_global=1; IO mode=ap_ovld:ce=0
Port [ prevWord_keep_V_2]:  wired=0; compound=0; hidden=1; nouse=0; global=1; static=1; extern=0; dir=2; type=0; pingpong=0; private_global=1; IO mode=ap_ovld:ce=0
Port [ txEng_tcpPkgBuffer6]:  wired=1; compound=1; hidden=0; nouse=0; global=1; static=1; extern=0; dir=1; type=3; pingpong=0; private_global=0; IO mode=ap_fifo:ce=0
Port [ txEng_tcpPkgBuffer5]:  wired=1; compound=1; hidden=0; nouse=0; global=1; static=1; extern=0; dir=0; type=3; pingpong=0; private_global=0; IO mode=ap_fifo:ce=0
Port [ ls_firstWord]:  wired=0; compound=0; hidden=1; nouse=0; global=1; static=1; extern=0; dir=2; type=0; pingpong=0; private_global=1; IO mode=ap_ovld:ce=0
---------------- STG Properties END ------------------

---------------- Datapath Model BEGIN ----------------

<LifeTime>
<method=bitvector/>
specinterface_ln0        (specinterface ) [ 000]
specinterface_ln0        (specinterface ) [ 000]
specinterface_ln0        (specinterface ) [ 000]
specinterface_ln0        (specinterface ) [ 000]
specinterface_ln0        (specinterface ) [ 000]
specinterface_ln0        (specinterface ) [ 000]
specinterface_ln0        (specinterface ) [ 000]
specinterface_ln0        (specinterface ) [ 000]
specpipeline_ln564       (specpipeline  ) [ 000]
ls_writeRemainder_load   (load          ) [ 011]
p_Val2_s                 (load          ) [ 000]
p_Val2_45                (load          ) [ 000]
br_ln578                 (br            ) [ 000]
tmp_i                    (nbreadreq     ) [ 011]
br_ln589                 (br            ) [ 011]
txEng_tcpPkgBuffer5_read (read          ) [ 000]
currWord_data_V          (trunc         ) [ 000]
currWord_keep_V          (partselect    ) [ 000]
currWord_last_V          (bitselect     ) [ 010]
trunc_ln674              (trunc         ) [ 011]
p_Result_545_i           (partselect    ) [ 011]
p_Result_546_i           (partselect    ) [ 000]
sendWord_last_V          (icmp          ) [ 011]
p_Result_549_i           (partselect    ) [ 011]
p_Result_551_i           (partselect    ) [ 011]
store_ln621              (store         ) [ 000]
store_ln621              (store         ) [ 000]
br_ln623                 (br            ) [ 011]
xor_ln752                (xor           ) [ 000]
store_ln626              (store         ) [ 000]
br_ln627                 (br            ) [ 011]
p_Result_i               (partselect    ) [ 011]
p_Result_i_279           (partselect    ) [ 011]
store_ln587              (store         ) [ 000]
br_ln588                 (br            ) [ 011]
ls_firstWord_load        (load          ) [ 000]
p_Result_s               (bitconcatenate) [ 000]
p_Result_204             (bitconcatenate) [ 000]
p_Result_205             (bitconcatenate) [ 000]
p_Result_206             (bitconcatenate) [ 000]
sendWord_data_V_11       (select        ) [ 000]
select_ln600             (select        ) [ 000]
p_02                     (bitconcatenate) [ 000]
write_ln174              (write         ) [ 000]
or_ln                    (bitconcatenate) [ 000]
zext_ln174               (zext          ) [ 000]
write_ln174              (write         ) [ 000]
ls_firstWord_flag_0_i    (phi           ) [ 011]
ls_firstWord_new_0_i     (phi           ) [ 011]
br_ln0                   (br            ) [ 000]
store_ln622              (store         ) [ 000]
br_ln0                   (br            ) [ 000]
ret_ln0                  (ret           ) [ 000]
</LifeTime>

<model>

<comp_list>
<comp id="0" class="1000" name="ls_writeRemainder">
<pin_list>
<pin id="1" dir="1" index="0" bw="1" slack="0"/>
</pin_list>
<bind>
<StgValue><ssdm name="ls_writeRemainder"/></StgValue>
</bind>
</comp>

<comp id="2" class="1000" name="prevWord_data_V_8">
<pin_list>
<pin id="3" dir="1" index="0" bw="1" slack="0"/>
</pin_list>
<bind>
<StgValue><ssdm name="prevWord_data_V_8"/></StgValue>
</bind>
</comp>

<comp id="4" class="1000" name="prevWord_keep_V_2">
<pin_list>
<pin id="5" dir="1" index="0" bw="1" slack="0"/>
</pin_list>
<bind>
<StgValue><ssdm name="prevWord_keep_V_2"/></StgValue>
</bind>
</comp>

<comp id="6" class="1000" name="txEng_tcpPkgBuffer6">
<pin_list>
<pin id="7" dir="1" index="0" bw="1" slack="0"/>
</pin_list>
<bind>
<StgValue><ssdm name="txEng_tcpPkgBuffer6"/></StgValue>
</bind>
</comp>

<comp id="8" class="1000" name="txEng_tcpPkgBuffer5">
<pin_list>
<pin id="9" dir="1" index="0" bw="1" slack="0"/>
</pin_list>
<bind>
<StgValue><ssdm name="txEng_tcpPkgBuffer5"/></StgValue>
</bind>
</comp>

<comp id="10" class="1000" name="ls_firstWord">
<pin_list>
<pin id="11" dir="1" index="0" bw="1" slack="0"/>
</pin_list>
<bind>
<StgValue><ssdm name="ls_firstWord"/></StgValue>
</bind>
</comp>

<comp id="12" class="1001" name="const_12">
<pin_list>
<pin id="13" dir="1" index="0" bw="1" slack="2147483647"/>
</pin_list>
<bind>
<StgValue><ssdm name="_ssdm_op_SpecInterface"/></StgValue>
</bind>
</comp>

<comp id="14" class="1001" name="const_14">
<pin_list>
<pin id="15" dir="1" index="0" bw="1" slack="2147483647"/>
</pin_list>
<bind>
<StgValue><ssdm name="empty_3"/></StgValue>
</bind>
</comp>

<comp id="16" class="1001" name="const_16">
<pin_list>
<pin id="17" dir="1" index="0" bw="1" slack="2147483647"/>
</pin_list>
<bind>
<StgValue><ssdm name=""/></StgValue>
</bind>
</comp>

<comp id="18" class="1001" name="const_18">
<pin_list>
<pin id="19" dir="1" index="0" bw="1" slack="2147483647"/>
</pin_list>
<bind>
<StgValue><ssdm name="empty_5"/></StgValue>
</bind>
</comp>

<comp id="20" class="1001" name="const_20">
<pin_list>
<pin id="21" dir="1" index="0" bw="1" slack="2147483647"/>
</pin_list>
<bind>
<StgValue><ssdm name="_ssdm_op_SpecPipeline"/></StgValue>
</bind>
</comp>

<comp id="22" class="1001" name="const_22">
<pin_list>
<pin id="23" dir="1" index="0" bw="1" slack="0"/>
</pin_list>
<bind>
<StgValue><ssdm name=""/></StgValue>
</bind>
</comp>

<comp id="24" class="1001" name="const_24">
<pin_list>
<pin id="25" dir="1" index="0" bw="1" slack="0"/>
</pin_list>
<bind>
<StgValue><ssdm name="_ssdm_op_NbReadReq.ap_fifo.i1024P0A"/></StgValue>
</bind>
</comp>

<comp id="26" class="1001" name="const_26">
<pin_list>
<pin id="27" dir="1" index="0" bw="1" slack="0"/>
</pin_list>
<bind>
<StgValue><ssdm name="_ssdm_op_Read.ap_fifo.volatile.i1024P0A"/></StgValue>
</bind>
</comp>

<comp id="28" class="1001" name="const_28">
<pin_list>
<pin id="29" dir="1" index="0" bw="1" slack="0"/>
</pin_list>
<bind>
<StgValue><ssdm name="_ssdm_op_PartSelect.i64.i1024.i32.i32"/></StgValue>
</bind>
</comp>

<comp id="30" class="1001" name="const_30">
<pin_list>
<pin id="31" dir="1" index="0" bw="1" slack="0"/>
</pin_list>
<bind>
<StgValue><ssdm name=""/></StgValue>
</bind>
</comp>

<comp id="32" class="1001" name="const_32">
<pin_list>
<pin id="33" dir="1" index="0" bw="1" slack="0"/>
</pin_list>
<bind>
<StgValue><ssdm name=""/></StgValue>
</bind>
</comp>

<comp id="34" class="1001" name="const_34">
<pin_list>
<pin id="35" dir="1" index="0" bw="1" slack="0"/>
</pin_list>
<bind>
<StgValue><ssdm name="_ssdm_op_BitSelect.i1.i1024.i32"/></StgValue>
</bind>
</comp>

<comp id="36" class="1001" name="const_36">
<pin_list>
<pin id="37" dir="1" index="0" bw="1" slack="0"/>
</pin_list>
<bind>
<StgValue><ssdm name=""/></StgValue>
</bind>
</comp>

<comp id="38" class="1001" name="const_38">
<pin_list>
<pin id="39" dir="1" index="0" bw="1" slack="0"/>
</pin_list>
<bind>
<StgValue><ssdm name="_ssdm_op_PartSelect.i44.i1024.i32.i32"/></StgValue>
</bind>
</comp>

<comp id="40" class="1001" name="const_40">
<pin_list>
<pin id="41" dir="1" index="0" bw="1" slack="0"/>
</pin_list>
<bind>
<StgValue><ssdm name=""/></StgValue>
</bind>
</comp>

<comp id="42" class="1001" name="const_42">
<pin_list>
<pin id="43" dir="1" index="0" bw="1" slack="0"/>
</pin_list>
<bind>
<StgValue><ssdm name="_ssdm_op_PartSelect.i20.i1024.i32.i32"/></StgValue>
</bind>
</comp>

<comp id="44" class="1001" name="const_44">
<pin_list>
<pin id="45" dir="1" index="0" bw="1" slack="0"/>
</pin_list>
<bind>
<StgValue><ssdm name=""/></StgValue>
</bind>
</comp>

<comp id="46" class="1001" name="const_46">
<pin_list>
<pin id="47" dir="1" index="0" bw="1" slack="0"/>
</pin_list>
<bind>
<StgValue><ssdm name=""/></StgValue>
</bind>
</comp>

<comp id="48" class="1001" name="const_48">
<pin_list>
<pin id="49" dir="1" index="0" bw="1" slack="0"/>
</pin_list>
<bind>
<StgValue><ssdm name="_ssdm_op_PartSelect.i160.i512.i32.i32"/></StgValue>
</bind>
</comp>

<comp id="50" class="1001" name="const_50">
<pin_list>
<pin id="51" dir="1" index="0" bw="1" slack="0"/>
</pin_list>
<bind>
<StgValue><ssdm name=""/></StgValue>
</bind>
</comp>

<comp id="52" class="1001" name="const_52">
<pin_list>
<pin id="53" dir="1" index="0" bw="1" slack="0"/>
</pin_list>
<bind>
<StgValue><ssdm name=""/></StgValue>
</bind>
</comp>

<comp id="54" class="1001" name="const_54">
<pin_list>
<pin id="55" dir="1" index="0" bw="1" slack="0"/>
</pin_list>
<bind>
<StgValue><ssdm name="_ssdm_op_PartSelect.i20.i64.i32.i32"/></StgValue>
</bind>
</comp>

<comp id="56" class="1001" name="const_56">
<pin_list>
<pin id="57" dir="1" index="0" bw="1" slack="0"/>
</pin_list>
<bind>
<StgValue><ssdm name=""/></StgValue>
</bind>
</comp>

<comp id="58" class="1001" name="const_58">
<pin_list>
<pin id="59" dir="1" index="0" bw="1" slack="0"/>
</pin_list>
<bind>
<StgValue><ssdm name=""/></StgValue>
</bind>
</comp>

<comp id="60" class="1001" name="const_60">
<pin_list>
<pin id="61" dir="1" index="0" bw="1" slack="0"/>
</pin_list>
<bind>
<StgValue><ssdm name=""/></StgValue>
</bind>
</comp>

<comp id="62" class="1001" name="const_62">
<pin_list>
<pin id="63" dir="1" index="0" bw="1" slack="0"/>
</pin_list>
<bind>
<StgValue><ssdm name=""/></StgValue>
</bind>
</comp>

<comp id="64" class="1001" name="const_64">
<pin_list>
<pin id="65" dir="1" index="0" bw="1" slack="0"/>
</pin_list>
<bind>
<StgValue><ssdm name="_ssdm_op_BitConcatenate.i512.i352.i160"/></StgValue>
</bind>
</comp>

<comp id="66" class="1001" name="const_66">
<pin_list>
<pin id="67" dir="1" index="0" bw="1" slack="0"/>
</pin_list>
<bind>
<StgValue><ssdm name=""/></StgValue>
</bind>
</comp>

<comp id="68" class="1001" name="const_68">
<pin_list>
<pin id="69" dir="1" index="0" bw="1" slack="0"/>
</pin_list>
<bind>
<StgValue><ssdm name="_ssdm_op_BitConcatenate.i64.i44.i20"/></StgValue>
</bind>
</comp>

<comp id="70" class="1001" name="const_70">
<pin_list>
<pin id="71" dir="1" index="0" bw="1" slack="0"/>
</pin_list>
<bind>
<StgValue><ssdm name=""/></StgValue>
</bind>
</comp>

<comp id="72" class="1001" name="const_72">
<pin_list>
<pin id="73" dir="1" index="0" bw="1" slack="0"/>
</pin_list>
<bind>
<StgValue><ssdm name="_ssdm_op_BitConcatenate.i1024.i447.i1.i64.i512"/></StgValue>
</bind>
</comp>

<comp id="74" class="1001" name="const_74">
<pin_list>
<pin id="75" dir="1" index="0" bw="1" slack="0"/>
</pin_list>
<bind>
<StgValue><ssdm name=""/></StgValue>
</bind>
</comp>

<comp id="76" class="1001" name="const_76">
<pin_list>
<pin id="77" dir="1" index="0" bw="1" slack="0"/>
</pin_list>
<bind>
<StgValue><ssdm name="_ssdm_op_Write.ap_fifo.volatile.i1024P0A"/></StgValue>
</bind>
</comp>

<comp id="78" class="1001" name="const_78">
<pin_list>
<pin id="79" dir="1" index="0" bw="1" slack="0"/>
</pin_list>
<bind>
<StgValue><ssdm name="_ssdm_op_BitConcatenate.i577.i45.i20.i352.i160"/></StgValue>
</bind>
</comp>

<comp id="80" class="1001" name="const_80">
<pin_list>
<pin id="81" dir="1" index="0" bw="1" slack="0"/>
</pin_list>
<bind>
<StgValue><ssdm name=""/></StgValue>
</bind>
</comp>

<comp id="82" class="1001" name="const_82">
<pin_list>
<pin id="83" dir="1" index="0" bw="1" slack="0"/>
</pin_list>
<bind>
<StgValue><ssdm name=""/></StgValue>
</bind>
</comp>

<comp id="84" class="1001" name="const_84">
<pin_list>
<pin id="85" dir="1" index="0" bw="1" slack="1"/>
</pin_list>
<bind>
<StgValue><ssdm name=""/></StgValue>
</bind>
</comp>

<comp id="86" class="1004" name="tmp_i_nbreadreq_fu_86">
<pin_list>
<pin id="87" dir="0" index="0" bw="1" slack="0"/>
<pin id="88" dir="0" index="1" bw="1024" slack="0"/>
<pin id="89" dir="0" index="2" bw="1" slack="0"/>
<pin id="90" dir="1" index="3" bw="1" slack="1"/>
</pin_list>
<bind>
<opcode="nbreadreq(1156) " fcode="nbreadreq"/>
<opset="tmp_i/1 "/>
</bind>
</comp>

<comp id="94" class="1004" name="txEng_tcpPkgBuffer5_read_read_fu_94">
<pin_list>
<pin id="95" dir="0" index="0" bw="1024" slack="0"/>
<pin id="96" dir="0" index="1" bw="1024" slack="0"/>
<pin id="97" dir="1" index="2" bw="1024" slack="0"/>
</pin_list>
<bind>
<opcode="read(1150) " fcode="read"/>
<opset="txEng_tcpPkgBuffer5_read/1 "/>
</bind>
</comp>

<comp id="100" class="1004" name="grp_write_fu_100">
<pin_list>
<pin id="101" dir="0" index="0" bw="0" slack="0"/>
<pin id="102" dir="0" index="1" bw="1024" slack="0"/>
<pin id="103" dir="0" index="2" bw="1024" slack="0"/>
<pin id="104" dir="1" index="3" bw="0" slack="2147483647"/>
</pin_list>
<bind>
<opcode="write(1151) " fcode="write"/>
<opset="write_ln174/2 write_ln174/2 "/>
</bind>
</comp>

<comp id="107" class="1005" name="ls_firstWord_flag_0_i_reg_107">
<pin_list>
<pin id="108" dir="0" index="0" bw="1" slack="1"/>
<pin id="109" dir="1" index="1" bw="1" slack="1"/>
</pin_list>
<bind>
<opset="ls_firstWord_flag_0_i (phireg) "/>
</bind>
</comp>

<comp id="112" class="1004" name="ls_firstWord_flag_0_i_phi_fu_112">
<pin_list>
<pin id="113" dir="0" index="0" bw="1" slack="1"/>
<pin id="114" dir="0" index="1" bw="0" slack="2147483647"/>
<pin id="115" dir="0" index="2" bw="1" slack="1"/>
<pin id="116" dir="0" index="3" bw="0" slack="2147483647"/>
<pin id="117" dir="0" index="4" bw="1" slack="1"/>
<pin id="118" dir="0" index="5" bw="0" slack="2147483647"/>
<pin id="119" dir="0" index="6" bw="1" slack="1"/>
<pin id="120" dir="0" index="7" bw="0" slack="2147483647"/>
<pin id="121" dir="1" index="8" bw="1" slack="2147483647"/>
</pin_list>
<bind>
<opcode="phi(47) " fcode="phi"/>
<opset="ls_firstWord_flag_0_i/2 "/>
</bind>
</comp>

<comp id="126" class="1005" name="ls_firstWord_new_0_i_reg_126">
<pin_list>
<pin id="127" dir="0" index="0" bw="1" slack="1"/>
<pin id="128" dir="1" index="1" bw="1" slack="1"/>
</pin_list>
<bind>
<opset="ls_firstWord_new_0_i (phireg) "/>
</bind>
</comp>

<comp id="132" class="1004" name="ls_firstWord_new_0_i_phi_fu_132">
<pin_list>
<pin id="133" dir="0" index="0" bw="1" slack="1"/>
<pin id="134" dir="0" index="1" bw="0" slack="2147483647"/>
<pin id="135" dir="0" index="2" bw="1" slack="1"/>
<pin id="136" dir="0" index="3" bw="0" slack="2147483647"/>
<pin id="137" dir="0" index="4" bw="1" slack="1"/>
<pin id="138" dir="0" index="5" bw="0" slack="2147483647"/>
<pin id="139" dir="0" index="6" bw="1" slack="1"/>
<pin id="140" dir="0" index="7" bw="0" slack="2147483647"/>
<pin id="141" dir="1" index="8" bw="1" slack="0"/>
</pin_list>
<bind>
<opcode="phi(47) " fcode="phi"/>
<opset="ls_firstWord_new_0_i/2 "/>
</bind>
</comp>

<comp id="146" class="1004" name="grp_fu_146">
<pin_list>
<pin id="147" dir="0" index="0" bw="160" slack="0"/>
<pin id="148" dir="0" index="1" bw="512" slack="0"/>
<pin id="149" dir="0" index="2" bw="10" slack="0"/>
<pin id="150" dir="0" index="3" bw="10" slack="0"/>
<pin id="151" dir="1" index="4" bw="160" slack="1"/>
</pin_list>
<bind>
<opcode="partselect(1002) " fcode="partselect"/>
<opset="p_Result_549_i/1 p_Result_i/1 "/>
</bind>
</comp>

<comp id="155" class="1004" name="grp_fu_155">
<pin_list>
<pin id="156" dir="0" index="0" bw="20" slack="0"/>
<pin id="157" dir="0" index="1" bw="64" slack="0"/>
<pin id="158" dir="0" index="2" bw="7" slack="0"/>
<pin id="159" dir="0" index="3" bw="7" slack="0"/>
<pin id="160" dir="1" index="4" bw="20" slack="1"/>
</pin_list>
<bind>
<opcode="partselect(1002) " fcode="partselect"/>
<opset="p_Result_551_i/1 p_Result_i_279/1 "/>
</bind>
</comp>

<comp id="164" class="1005" name="reg_164">
<pin_list>
<pin id="165" dir="0" index="0" bw="160" slack="1"/>
<pin id="166" dir="1" index="1" bw="160" slack="1"/>
</pin_list>
<bind>
<opset="p_Result_549_i p_Result_i "/>
</bind>
</comp>

<comp id="168" class="1005" name="reg_168">
<pin_list>
<pin id="169" dir="0" index="0" bw="20" slack="1"/>
<pin id="170" dir="1" index="1" bw="20" slack="1"/>
</pin_list>
<bind>
<opset="p_Result_551_i p_Result_i_279 "/>
</bind>
</comp>

<comp id="172" class="1004" name="ls_writeRemainder_load_load_fu_172">
<pin_list>
<pin id="173" dir="0" index="0" bw="1" slack="0"/>
<pin id="174" dir="1" index="1" bw="1" slack="1"/>
</pin_list>
<bind>
<opcode="load(27) " fcode="load"/>
<opset="ls_writeRemainder_load/1 "/>
</bind>
</comp>

<comp id="176" class="1004" name="p_Val2_s_load_fu_176">
<pin_list>
<pin id="177" dir="0" index="0" bw="512" slack="0"/>
<pin id="178" dir="1" index="1" bw="512" slack="0"/>
</pin_list>
<bind>
<opcode="load(27) " fcode="load"/>
<opset="p_Val2_s/1 "/>
</bind>
</comp>

<comp id="181" class="1004" name="p_Val2_45_load_fu_181">
<pin_list>
<pin id="182" dir="0" index="0" bw="64" slack="0"/>
<pin id="183" dir="1" index="1" bw="64" slack="0"/>
</pin_list>
<bind>
<opcode="load(27) " fcode="load"/>
<opset="p_Val2_45/1 "/>
</bind>
</comp>

<comp id="186" class="1004" name="currWord_data_V_fu_186">
<pin_list>
<pin id="187" dir="0" index="0" bw="1024" slack="0"/>
<pin id="188" dir="1" index="1" bw="512" slack="0"/>
</pin_list>
<bind>
<opcode="trunc(33) " fcode="trunc"/>
<opset="currWord_data_V/1 "/>
</bind>
</comp>

<comp id="190" class="1004" name="currWord_keep_V_fu_190">
<pin_list>
<pin id="191" dir="0" index="0" bw="64" slack="0"/>
<pin id="192" dir="0" index="1" bw="1024" slack="0"/>
<pin id="193" dir="0" index="2" bw="11" slack="0"/>
<pin id="194" dir="0" index="3" bw="11" slack="0"/>
<pin id="195" dir="1" index="4" bw="64" slack="0"/>
</pin_list>
<bind>
<opcode="partselect(1002) " fcode="partselect"/>
<opset="currWord_keep_V/1 "/>
</bind>
</comp>

<comp id="200" class="1004" name="currWord_last_V_fu_200">
<pin_list>
<pin id="201" dir="0" index="0" bw="1" slack="0"/>
<pin id="202" dir="0" index="1" bw="1024" slack="0"/>
<pin id="203" dir="0" index="2" bw="11" slack="0"/>
<pin id="204" dir="1" index="3" bw="1" slack="2147483647"/>
</pin_list>
<bind>
<opcode="bitselect(1000) " fcode="bitselect"/>
<opset="currWord_last_V/1 "/>
</bind>
</comp>

<comp id="208" class="1004" name="trunc_ln674_fu_208">
<pin_list>
<pin id="209" dir="0" index="0" bw="1024" slack="0"/>
<pin id="210" dir="1" index="1" bw="352" slack="1"/>
</pin_list>
<bind>
<opcode="trunc(33) " fcode="trunc"/>
<opset="trunc_ln674/1 "/>
</bind>
</comp>

<comp id="212" class="1004" name="p_Result_545_i_fu_212">
<pin_list>
<pin id="213" dir="0" index="0" bw="44" slack="0"/>
<pin id="214" dir="0" index="1" bw="1024" slack="0"/>
<pin id="215" dir="0" index="2" bw="11" slack="0"/>
<pin id="216" dir="0" index="3" bw="11" slack="0"/>
<pin id="217" dir="1" index="4" bw="44" slack="1"/>
</pin_list>
<bind>
<opcode="partselect(1002) " fcode="partselect"/>
<opset="p_Result_545_i/1 "/>
</bind>
</comp>

<comp id="222" class="1004" name="p_Result_546_i_fu_222">
<pin_list>
<pin id="223" dir="0" index="0" bw="20" slack="0"/>
<pin id="224" dir="0" index="1" bw="1024" slack="0"/>
<pin id="225" dir="0" index="2" bw="11" slack="0"/>
<pin id="226" dir="0" index="3" bw="11" slack="0"/>
<pin id="227" dir="1" index="4" bw="20" slack="0"/>
</pin_list>
<bind>
<opcode="partselect(1002) " fcode="partselect"/>
<opset="p_Result_546_i/1 "/>
</bind>
</comp>

<comp id="232" class="1004" name="sendWord_last_V_fu_232">
<pin_list>
<pin id="233" dir="0" index="0" bw="20" slack="0"/>
<pin id="234" dir="0" index="1" bw="1" slack="0"/>
<pin id="235" dir="1" index="2" bw="1" slack="0"/>
</pin_list>
<bind>
<opcode="icmp(45) " fcode="icmp"/>
<opset="sendWord_last_V/1 "/>
</bind>
</comp>

<comp id="238" class="1004" name="store_ln621_store_fu_238">
<pin_list>
<pin id="239" dir="0" index="0" bw="512" slack="0"/>
<pin id="240" dir="0" index="1" bw="512" slack="0"/>
<pin id="241" dir="1" index="2" bw="0" slack="2147483647"/>
</pin_list>
<bind>
<opcode="store(28) " fcode="store"/>
<opset="store_ln621/1 "/>
</bind>
</comp>

<comp id="244" class="1004" name="store_ln621_store_fu_244">
<pin_list>
<pin id="245" dir="0" index="0" bw="64" slack="0"/>
<pin id="246" dir="0" index="1" bw="64" slack="0"/>
<pin id="247" dir="1" index="2" bw="0" slack="2147483647"/>
</pin_list>
<bind>
<opcode="store(28) " fcode="store"/>
<opset="store_ln621/1 "/>
</bind>
</comp>

<comp id="250" class="1004" name="xor_ln752_fu_250">
<pin_list>
<pin id="251" dir="0" index="0" bw="1" slack="0"/>
<pin id="252" dir="0" index="1" bw="1" slack="0"/>
<pin id="253" dir="1" index="2" bw="1" slack="0"/>
</pin_list>
<bind>
<opcode="xor(25) " fcode="xor"/>
<opset="xor_ln752/1 "/>
</bind>
</comp>

<comp id="256" class="1004" name="store_ln626_store_fu_256">
<pin_list>
<pin id="257" dir="0" index="0" bw="1" slack="0"/>
<pin id="258" dir="0" index="1" bw="1" slack="0"/>
<pin id="259" dir="1" index="2" bw="0" slack="2147483647"/>
</pin_list>
<bind>
<opcode="store(28) " fcode="store"/>
<opset="store_ln626/1 "/>
</bind>
</comp>

<comp id="262" class="1004" name="store_ln587_store_fu_262">
<pin_list>
<pin id="263" dir="0" index="0" bw="1" slack="0"/>
<pin id="264" dir="0" index="1" bw="1" slack="0"/>
<pin id="265" dir="1" index="2" bw="0" slack="2147483647"/>
</pin_list>
<bind>
<opcode="store(28) " fcode="store"/>
<opset="store_ln587/1 "/>
</bind>
</comp>

<comp id="268" class="1004" name="ls_firstWord_load_load_fu_268">
<pin_list>
<pin id="269" dir="0" index="0" bw="1" slack="0"/>
<pin id="270" dir="1" index="1" bw="1" slack="0"/>
</pin_list>
<bind>
<opcode="load(27) " fcode="load"/>
<opset="ls_firstWord_load/2 "/>
</bind>
</comp>

<comp id="272" class="1004" name="p_Result_s_fu_272">
<pin_list>
<pin id="273" dir="0" index="0" bw="512" slack="0"/>
<pin id="274" dir="0" index="1" bw="352" slack="1"/>
<pin id="275" dir="0" index="2" bw="1" slack="0"/>
<pin id="276" dir="1" index="3" bw="512" slack="0"/>
</pin_list>
<bind>
<opcode="bitconcatenate(1004) " fcode="bitconcatenate"/>
<opset="p_Result_s/2 "/>
</bind>
</comp>

<comp id="279" class="1004" name="p_Result_204_fu_279">
<pin_list>
<pin id="280" dir="0" index="0" bw="64" slack="0"/>
<pin id="281" dir="0" index="1" bw="44" slack="1"/>
<pin id="282" dir="0" index="2" bw="1" slack="0"/>
<pin id="283" dir="1" index="3" bw="64" slack="0"/>
</pin_list>
<bind>
<opcode="bitconcatenate(1004) " fcode="bitconcatenate"/>
<opset="p_Result_204/2 "/>
</bind>
</comp>

<comp id="286" class="1004" name="p_Result_205_fu_286">
<pin_list>
<pin id="287" dir="0" index="0" bw="512" slack="0"/>
<pin id="288" dir="0" index="1" bw="352" slack="1"/>
<pin id="289" dir="0" index="2" bw="160" slack="1"/>
<pin id="290" dir="1" index="3" bw="512" slack="0"/>
</pin_list>
<bind>
<opcode="bitconcatenate(1004) " fcode="bitconcatenate"/>
<opset="p_Result_205/2 "/>
</bind>
</comp>

<comp id="293" class="1004" name="p_Result_206_fu_293">
<pin_list>
<pin id="294" dir="0" index="0" bw="64" slack="0"/>
<pin id="295" dir="0" index="1" bw="44" slack="1"/>
<pin id="296" dir="0" index="2" bw="20" slack="1"/>
<pin id="297" dir="1" index="3" bw="64" slack="0"/>
</pin_list>
<bind>
<opcode="bitconcatenate(1004) " fcode="bitconcatenate"/>
<opset="p_Result_206/2 "/>
</bind>
</comp>

<comp id="300" class="1004" name="sendWord_data_V_11_fu_300">
<pin_list>
<pin id="301" dir="0" index="0" bw="1" slack="0"/>
<pin id="302" dir="0" index="1" bw="512" slack="0"/>
<pin id="303" dir="0" index="2" bw="512" slack="0"/>
<pin id="304" dir="1" index="3" bw="512" slack="0"/>
</pin_list>
<bind>
<opcode="select(49) " fcode="select"/>
<opset="sendWord_data_V_11/2 "/>
</bind>
</comp>

<comp id="308" class="1004" name="select_ln600_fu_308">
<pin_list>
<pin id="309" dir="0" index="0" bw="1" slack="0"/>
<pin id="310" dir="0" index="1" bw="64" slack="0"/>
<pin id="311" dir="0" index="2" bw="64" slack="0"/>
<pin id="312" dir="1" index="3" bw="64" slack="0"/>
</pin_list>
<bind>
<opcode="select(49) " fcode="select"/>
<opset="select_ln600/2 "/>
</bind>
</comp>

<comp id="316" class="1004" name="p_02_fu_316">
<pin_list>
<pin id="317" dir="0" index="0" bw="1024" slack="0"/>
<pin id="318" dir="0" index="1" bw="1" slack="0"/>
<pin id="319" dir="0" index="2" bw="1" slack="1"/>
<pin id="320" dir="0" index="3" bw="64" slack="0"/>
<pin id="321" dir="0" index="4" bw="512" slack="0"/>
<pin id="322" dir="1" index="5" bw="1024" slack="0"/>
</pin_list>
<bind>
<opcode="bitconcatenate(1004) " fcode="bitconcatenate"/>
<opset="p_02/2 "/>
</bind>
</comp>

<comp id="328" class="1004" name="or_ln_fu_328">
<pin_list>
<pin id="329" dir="0" index="0" bw="577" slack="0"/>
<pin id="330" dir="0" index="1" bw="45" slack="0"/>
<pin id="331" dir="0" index="2" bw="20" slack="1"/>
<pin id="332" dir="0" index="3" bw="1" slack="0"/>
<pin id="333" dir="0" index="4" bw="160" slack="1"/>
<pin id="334" dir="1" index="5" bw="577" slack="0"/>
</pin_list>
<bind>
<opcode="bitconcatenate(1004) " fcode="bitconcatenate"/>
<opset="or_ln/2 "/>
</bind>
</comp>

<comp id="340" class="1004" name="zext_ln174_fu_340">
<pin_list>
<pin id="341" dir="0" index="0" bw="577" slack="0"/>
<pin id="342" dir="1" index="1" bw="1024" slack="0"/>
</pin_list>
<bind>
<opcode="zext(34) " fcode="zext"/>
<opset="zext_ln174/2 "/>
</bind>
</comp>

<comp id="345" class="1004" name="store_ln622_store_fu_345">
<pin_list>
<pin id="346" dir="0" index="0" bw="1" slack="0"/>
<pin id="347" dir="0" index="1" bw="1" slack="0"/>
<pin id="348" dir="1" index="2" bw="0" slack="2147483647"/>
</pin_list>
<bind>
<opcode="store(28) " fcode="store"/>
<opset="store_ln622/2 "/>
</bind>
</comp>

<comp id="351" class="1005" name="ls_writeRemainder_load_reg_351">
<pin_list>
<pin id="352" dir="0" index="0" bw="1" slack="1"/>
<pin id="353" dir="1" index="1" bw="1" slack="2147483647"/>
</pin_list>
<bind>
<opset="ls_writeRemainder_load "/>
</bind>
</comp>

<comp id="355" class="1005" name="tmp_i_reg_355">
<pin_list>
<pin id="356" dir="0" index="0" bw="1" slack="1"/>
<pin id="357" dir="1" index="1" bw="1" slack="2147483647"/>
</pin_list>
<bind>
<opset="tmp_i "/>
</bind>
</comp>

<comp id="362" class="1005" name="trunc_ln674_reg_362">
<pin_list>
<pin id="363" dir="0" index="0" bw="352" slack="1"/>
<pin id="364" dir="1" index="1" bw="352" slack="1"/>
</pin_list>
<bind>
<opset="trunc_ln674 "/>
</bind>
</comp>

<comp id="368" class="1005" name="p_Result_545_i_reg_368">
<pin_list>
<pin id="369" dir="0" index="0" bw="44" slack="1"/>
<pin id="370" dir="1" index="1" bw="44" slack="1"/>
</pin_list>
<bind>
<opset="p_Result_545_i "/>
</bind>
</comp>

<comp id="374" class="1005" name="sendWord_last_V_reg_374">
<pin_list>
<pin id="375" dir="0" index="0" bw="1" slack="1"/>
<pin id="376" dir="1" index="1" bw="1" slack="1"/>
</pin_list>
<bind>
<opset="sendWord_last_V "/>
</bind>
</comp>

</comp_list>

<net_list>
<net id="91"><net_src comp="24" pin="0"/><net_sink comp="86" pin=0"/></net>

<net id="92"><net_src comp="8" pin="0"/><net_sink comp="86" pin=1"/></net>

<net id="93"><net_src comp="22" pin="0"/><net_sink comp="86" pin=2"/></net>

<net id="98"><net_src comp="26" pin="0"/><net_sink comp="94" pin=0"/></net>

<net id="99"><net_src comp="8" pin="0"/><net_sink comp="94" pin=1"/></net>

<net id="105"><net_src comp="76" pin="0"/><net_sink comp="100" pin=0"/></net>

<net id="106"><net_src comp="6" pin="0"/><net_sink comp="100" pin=1"/></net>

<net id="110"><net_src comp="62" pin="0"/><net_sink comp="107" pin=0"/></net>

<net id="111"><net_src comp="60" pin="0"/><net_sink comp="107" pin=0"/></net>

<net id="122"><net_src comp="107" pin="1"/><net_sink comp="112" pin=0"/></net>

<net id="123"><net_src comp="107" pin="1"/><net_sink comp="112" pin=2"/></net>

<net id="124"><net_src comp="107" pin="1"/><net_sink comp="112" pin=4"/></net>

<net id="125"><net_src comp="107" pin="1"/><net_sink comp="112" pin=6"/></net>

<net id="129"><net_src comp="84" pin="0"/><net_sink comp="126" pin=0"/></net>

<net id="130"><net_src comp="60" pin="0"/><net_sink comp="126" pin=0"/></net>

<net id="131"><net_src comp="62" pin="0"/><net_sink comp="126" pin=0"/></net>

<net id="142"><net_src comp="126" pin="1"/><net_sink comp="132" pin=0"/></net>

<net id="143"><net_src comp="126" pin="1"/><net_sink comp="132" pin=2"/></net>

<net id="144"><net_src comp="126" pin="1"/><net_sink comp="132" pin=4"/></net>

<net id="145"><net_src comp="126" pin="1"/><net_sink comp="132" pin=6"/></net>

<net id="152"><net_src comp="48" pin="0"/><net_sink comp="146" pin=0"/></net>

<net id="153"><net_src comp="50" pin="0"/><net_sink comp="146" pin=2"/></net>

<net id="154"><net_src comp="52" pin="0"/><net_sink comp="146" pin=3"/></net>

<net id="161"><net_src comp="54" pin="0"/><net_sink comp="155" pin=0"/></net>

<net id="162"><net_src comp="56" pin="0"/><net_sink comp="155" pin=2"/></net>

<net id="163"><net_src comp="58" pin="0"/><net_sink comp="155" pin=3"/></net>

<net id="167"><net_src comp="146" pin="4"/><net_sink comp="164" pin=0"/></net>

<net id="171"><net_src comp="155" pin="4"/><net_sink comp="168" pin=0"/></net>

<net id="175"><net_src comp="0" pin="0"/><net_sink comp="172" pin=0"/></net>

<net id="179"><net_src comp="2" pin="0"/><net_sink comp="176" pin=0"/></net>

<net id="180"><net_src comp="176" pin="1"/><net_sink comp="146" pin=1"/></net>

<net id="184"><net_src comp="4" pin="0"/><net_sink comp="181" pin=0"/></net>

<net id="185"><net_src comp="181" pin="1"/><net_sink comp="155" pin=1"/></net>

<net id="189"><net_src comp="94" pin="2"/><net_sink comp="186" pin=0"/></net>

<net id="196"><net_src comp="28" pin="0"/><net_sink comp="190" pin=0"/></net>

<net id="197"><net_src comp="94" pin="2"/><net_sink comp="190" pin=1"/></net>

<net id="198"><net_src comp="30" pin="0"/><net_sink comp="190" pin=2"/></net>

<net id="199"><net_src comp="32" pin="0"/><net_sink comp="190" pin=3"/></net>

<net id="205"><net_src comp="34" pin="0"/><net_sink comp="200" pin=0"/></net>

<net id="206"><net_src comp="94" pin="2"/><net_sink comp="200" pin=1"/></net>

<net id="207"><net_src comp="36" pin="0"/><net_sink comp="200" pin=2"/></net>

<net id="211"><net_src comp="94" pin="2"/><net_sink comp="208" pin=0"/></net>

<net id="218"><net_src comp="38" pin="0"/><net_sink comp="212" pin=0"/></net>

<net id="219"><net_src comp="94" pin="2"/><net_sink comp="212" pin=1"/></net>

<net id="220"><net_src comp="30" pin="0"/><net_sink comp="212" pin=2"/></net>

<net id="221"><net_src comp="40" pin="0"/><net_sink comp="212" pin=3"/></net>

<net id="228"><net_src comp="42" pin="0"/><net_sink comp="222" pin=0"/></net>

<net id="229"><net_src comp="94" pin="2"/><net_sink comp="222" pin=1"/></net>

<net id="230"><net_src comp="44" pin="0"/><net_sink comp="222" pin=2"/></net>

<net id="231"><net_src comp="32" pin="0"/><net_sink comp="222" pin=3"/></net>

<net id="236"><net_src comp="222" pin="4"/><net_sink comp="232" pin=0"/></net>

<net id="237"><net_src comp="46" pin="0"/><net_sink comp="232" pin=1"/></net>

<net id="242"><net_src comp="186" pin="1"/><net_sink comp="238" pin=0"/></net>

<net id="243"><net_src comp="2" pin="0"/><net_sink comp="238" pin=1"/></net>

<net id="248"><net_src comp="190" pin="4"/><net_sink comp="244" pin=0"/></net>

<net id="249"><net_src comp="4" pin="0"/><net_sink comp="244" pin=1"/></net>

<net id="254"><net_src comp="232" pin="2"/><net_sink comp="250" pin=0"/></net>

<net id="255"><net_src comp="60" pin="0"/><net_sink comp="250" pin=1"/></net>

<net id="260"><net_src comp="250" pin="2"/><net_sink comp="256" pin=0"/></net>

<net id="261"><net_src comp="0" pin="0"/><net_sink comp="256" pin=1"/></net>

<net id="266"><net_src comp="62" pin="0"/><net_sink comp="262" pin=0"/></net>

<net id="267"><net_src comp="0" pin="0"/><net_sink comp="262" pin=1"/></net>

<net id="271"><net_src comp="10" pin="0"/><net_sink comp="268" pin=0"/></net>

<net id="277"><net_src comp="64" pin="0"/><net_sink comp="272" pin=0"/></net>

<net id="278"><net_src comp="66" pin="0"/><net_sink comp="272" pin=2"/></net>

<net id="284"><net_src comp="68" pin="0"/><net_sink comp="279" pin=0"/></net>

<net id="285"><net_src comp="70" pin="0"/><net_sink comp="279" pin=2"/></net>

<net id="291"><net_src comp="64" pin="0"/><net_sink comp="286" pin=0"/></net>

<net id="292"><net_src comp="164" pin="1"/><net_sink comp="286" pin=2"/></net>

<net id="298"><net_src comp="68" pin="0"/><net_sink comp="293" pin=0"/></net>

<net id="299"><net_src comp="168" pin="1"/><net_sink comp="293" pin=2"/></net>

<net id="305"><net_src comp="268" pin="1"/><net_sink comp="300" pin=0"/></net>

<net id="306"><net_src comp="272" pin="3"/><net_sink comp="300" pin=1"/></net>

<net id="307"><net_src comp="286" pin="3"/><net_sink comp="300" pin=2"/></net>

<net id="313"><net_src comp="268" pin="1"/><net_sink comp="308" pin=0"/></net>

<net id="314"><net_src comp="279" pin="3"/><net_sink comp="308" pin=1"/></net>

<net id="315"><net_src comp="293" pin="3"/><net_sink comp="308" pin=2"/></net>

<net id="323"><net_src comp="72" pin="0"/><net_sink comp="316" pin=0"/></net>

<net id="324"><net_src comp="74" pin="0"/><net_sink comp="316" pin=1"/></net>

<net id="325"><net_src comp="308" pin="3"/><net_sink comp="316" pin=3"/></net>

<net id="326"><net_src comp="300" pin="3"/><net_sink comp="316" pin=4"/></net>

<net id="327"><net_src comp="316" pin="5"/><net_sink comp="100" pin=2"/></net>

<net id="335"><net_src comp="78" pin="0"/><net_sink comp="328" pin=0"/></net>

<net id="336"><net_src comp="80" pin="0"/><net_sink comp="328" pin=1"/></net>

<net id="337"><net_src comp="168" pin="1"/><net_sink comp="328" pin=2"/></net>

<net id="338"><net_src comp="82" pin="0"/><net_sink comp="328" pin=3"/></net>

<net id="339"><net_src comp="164" pin="1"/><net_sink comp="328" pin=4"/></net>

<net id="343"><net_src comp="328" pin="5"/><net_sink comp="340" pin=0"/></net>

<net id="344"><net_src comp="340" pin="1"/><net_sink comp="100" pin=2"/></net>

<net id="349"><net_src comp="132" pin="8"/><net_sink comp="345" pin=0"/></net>

<net id="350"><net_src comp="10" pin="0"/><net_sink comp="345" pin=1"/></net>

<net id="354"><net_src comp="172" pin="1"/><net_sink comp="351" pin=0"/></net>

<net id="358"><net_src comp="86" pin="3"/><net_sink comp="355" pin=0"/></net>

<net id="365"><net_src comp="208" pin="1"/><net_sink comp="362" pin=0"/></net>

<net id="366"><net_src comp="362" pin="1"/><net_sink comp="272" pin=1"/></net>

<net id="367"><net_src comp="362" pin="1"/><net_sink comp="286" pin=1"/></net>

<net id="371"><net_src comp="212" pin="4"/><net_sink comp="368" pin=0"/></net>

<net id="372"><net_src comp="368" pin="1"/><net_sink comp="279" pin=1"/></net>

<net id="373"><net_src comp="368" pin="1"/><net_sink comp="293" pin=1"/></net>

<net id="377"><net_src comp="232" pin="2"/><net_sink comp="374" pin=0"/></net>

<net id="378"><net_src comp="374" pin="1"/><net_sink comp="316" pin=2"/></net>

</net_list>

</model> 
---------------- Datapath Model END ------------------

* FSMD analyzer results:
  - Output states:
	Port: ls_writeRemainder | {1 }
	Port: prevWord_data_V_8 | {1 }
	Port: prevWord_keep_V_2 | {1 }
	Port: txEng_tcpPkgBuffer6 | {2 }
	Port: ls_firstWord | {2 }
 - Input state : 
	Port: lshiftWordByOctet<512, 52> : ls_writeRemainder | {1 }
	Port: lshiftWordByOctet<512, 52> : prevWord_data_V_8 | {1 }
	Port: lshiftWordByOctet<512, 52> : prevWord_keep_V_2 | {1 }
	Port: lshiftWordByOctet<512, 52> : txEng_tcpPkgBuffer5 | {1 }
	Port: lshiftWordByOctet<512, 52> : ls_firstWord | {2 }
  - Chain level:
	State 1
		br_ln578 : 1
		sendWord_last_V : 1
		p_Result_549_i : 1
		p_Result_551_i : 1
		store_ln621 : 1
		store_ln621 : 1
		br_ln623 : 1
		xor_ln752 : 2
		store_ln626 : 2
		p_Result_i : 1
		p_Result_i_279 : 1
	State 2
		sendWord_data_V_11 : 1
		select_ln600 : 1
		p_02 : 2
		write_ln174 : 3
		zext_ln174 : 1
		write_ln174 : 2
		br_ln0 : 1
		store_ln622 : 1


============================================================
+ Verbose Summary: Datapath Resource usage 
============================================================

* Functional unit list:
|----------|-------------------------------------|---------|---------|
| Operation|           Functional Unit           |    FF   |   LUT   |
|----------|-------------------------------------|---------|---------|
|  select  |      sendWord_data_V_11_fu_300      |    0    |   428   |
|          |         select_ln600_fu_308         |    0    |    63   |
|----------|-------------------------------------|---------|---------|
|   icmp   |        sendWord_last_V_fu_232       |    0    |    14   |
|----------|-------------------------------------|---------|---------|
|    xor   |           xor_ln752_fu_250          |    0    |    2    |
|----------|-------------------------------------|---------|---------|
| nbreadreq|        tmp_i_nbreadreq_fu_86        |    0    |    0    |
|----------|-------------------------------------|---------|---------|
|   read   | txEng_tcpPkgBuffer5_read_read_fu_94 |    0    |    0    |
|----------|-------------------------------------|---------|---------|
|   write  |           grp_write_fu_100          |    0    |    0    |
|----------|-------------------------------------|---------|---------|
|          |              grp_fu_146             |    0    |    0    |
|          |              grp_fu_155             |    0    |    0    |
|partselect|        currWord_keep_V_fu_190       |    0    |    0    |
|          |        p_Result_545_i_fu_212        |    0    |    0    |
|          |        p_Result_546_i_fu_222        |    0    |    0    |
|----------|-------------------------------------|---------|---------|
|   trunc  |        currWord_data_V_fu_186       |    0    |    0    |
|          |          trunc_ln674_fu_208         |    0    |    0    |
|----------|-------------------------------------|---------|---------|
| bitselect|        currWord_last_V_fu_200       |    0    |    0    |
|----------|-------------------------------------|---------|---------|
|          |          p_Result_s_fu_272          |    0    |    0    |
|          |         p_Result_204_fu_279         |    0    |    0    |
|bitconcatenate|         p_Result_205_fu_286         |    0    |    0    |
|          |         p_Result_206_fu_293         |    0    |    0    |
|          |             p_02_fu_316             |    0    |    0    |
|          |             or_ln_fu_328            |    0    |    0    |
|----------|-------------------------------------|---------|---------|
|   zext   |          zext_ln174_fu_340          |    0    |    0    |
|----------|-------------------------------------|---------|---------|
|   Total  |                                     |    0    |   507   |
|----------|-------------------------------------|---------|---------|

Memories:
N/A

* Register list:
+------------------------------+--------+
|                              |   FF   |
+------------------------------+--------+
| ls_firstWord_flag_0_i_reg_107|    1   |
| ls_firstWord_new_0_i_reg_126 |    1   |
|ls_writeRemainder_load_reg_351|    1   |
|    p_Result_545_i_reg_368    |   44   |
|            reg_164           |   160  |
|            reg_168           |   20   |
|    sendWord_last_V_reg_374   |    1   |
|         tmp_i_reg_355        |    1   |
|      trunc_ln674_reg_362     |   352  |
+------------------------------+--------+
|             Total            |   581  |
+------------------------------+--------+

* Multiplexer (MUX) list: 
|-------------------------------|------|------|------|--------||---------||---------|
|              Comp             |  Pin | Size |  BW  | S x BW ||  Delay  ||   LUT   |
|-------------------------------|------|------|------|--------||---------||---------|
|        grp_write_fu_100       |  p2  |   2  | 1024 |  2048  ||    9    |
| ls_firstWord_flag_0_i_reg_107 |  p0  |   2  |   1  |    2   |
|  ls_firstWord_new_0_i_reg_126 |  p0  |   3  |   1  |    3   |
|-------------------------------|------|------|------|--------||---------||---------|
|             Total             |      |      |      |  2053  || 1.19386 ||    9    |
|-------------------------------|------|------|------|--------||---------||---------|



* Summary:
+-----------+--------+--------+--------+
|           |  Delay |   FF   |   LUT  |
+-----------+--------+--------+--------+
|  Function |    -   |    0   |   507  |
|   Memory  |    -   |    -   |    -   |
|Multiplexer|    1   |    -   |    9   |
|  Register |    -   |   581  |    -   |
+-----------+--------+--------+--------+
|   Total   |    1   |   581  |   516  |
+-----------+--------+--------+--------+
