

================================================================
== Vitis HLS Report for 'processPseudoHeader_512_s'
================================================================
* Date:           Tue Jul 19 06:12:46 2022

* Version:        2020.2 (Build 3064766 on Wed Nov 18 09:12:47 MST 2020)
* Project:        toe_prj
* Solution:       solution1 (Vivado IP Flow Target)
* Product family: virtexuplus
* Target device:  xcvu3p-ffvc1517-2-i


================================================================
== Performance Estimates
================================================================
+ Timing: 
    * Summary: 
    +--------+---------+----------+------------+
    |  Clock |  Target | Estimated| Uncertainty|
    +--------+---------+----------+------------+
    |ap_clk  |  3.20 ns|  1.888 ns|     0.86 ns|
    +--------+---------+----------+------------+

+ Latency: 
    * Summary: 
    +---------+---------+----------+----------+-----+-----+---------+
    |  Latency (cycles) |  Latency (absolute) |  Interval | Pipeline|
    |   min   |   max   |    min   |    max   | min | max |   Type  |
    +---------+---------+----------+----------+-----+-----+---------+
    |        2|        2|  6.400 ns|  6.400 ns|    1|    1|      yes|
    +---------+---------+----------+----------+-----+-----+---------+

    + Detail: 
        * Instance: 
        N/A

        * Loop: 
        N/A

============================================================
+ Verbose Summary: Synthesis Manager
============================================================
InlineROM: 1
ExposeGlobal: 0
============================================================
+ Verbose Summary: CDFG Model
============================================================
IsTopModel: 0
ResetActiveHigh: 1
IsCombinational: 2
IsDatapathOnly: 0
HasWiredReturn: 1
HasMFsm: 2
HasVarLatency: 0
IsPipeline: 1
IsRtlPipelined: 1
IsInstanceOverlapped: 0
IsDontTouch: 0
HasImplIP: 0
IsGatedGlobalClock: 0

+ Individual pipeline summary: 
  * Pipeline-0: initiation interval (II) = 1, depth = 3


============================================================
+ Verbose Summary: Schedule
============================================================
* Number of FSM states : 3
* Pipeline : 1
  Pipeline-0 : II = 1, D = 3, States = { 1 2 3 }
* Dataflow Pipeline: 0

* FSM state transitions: 
1 --> 2 
2 --> 3 
3 --> 

* FSM state operations: 

State 1 <SV = 0> <Delay = 1.88>
ST_1 : Operation 4 [1/1] (0.00ns)   --->   "%specinterface_ln0 = specinterface void @_ssdm_op_SpecInterface, i16 %rxEng2portTable_check_req, void @empty_3, i32 0, i32 0, void @empty_5, i32 0, i32 0, void @empty_5, void @empty_5, void @empty_5, i32 0, i32 0, i32 0, i32 0, void @empty_5, void @empty_5"   --->   Operation 4 'specinterface' 'specinterface_ln0' <Predicate = true> <Delay = 0.00>
ST_1 : Operation 5 [1/1] (0.00ns)   --->   "%specinterface_ln0 = specinterface void @_ssdm_op_SpecInterface, i16 %rxEng2portTable_check_req, void @empty_3, i32 0, i32 0, void @empty_5, i32 0, i32 0, void @empty_5, void @empty_5, void @empty_5, i32 0, i32 0, i32 0, i32 0, void @empty_5, void @empty_5"   --->   Operation 5 'specinterface' 'specinterface_ln0' <Predicate = true> <Delay = 0.00>
ST_1 : Operation 6 [1/1] (0.00ns)   --->   "%specinterface_ln0 = specinterface void @_ssdm_op_SpecInterface, i16 %rxEng2portTable_check_req, void @empty_3, i32 0, i32 0, void @empty_5, i32 0, i32 0, void @empty_5, void @empty_5, void @empty_5, i32 0, i32 0, i32 0, i32 0, void @empty_5, void @empty_5"   --->   Operation 6 'specinterface' 'specinterface_ln0' <Predicate = true> <Delay = 0.00>
ST_1 : Operation 7 [1/1] (0.00ns)   --->   "%specinterface_ln0 = specinterface void @_ssdm_op_SpecInterface, i1 %rxEng_checksumValidFifo, void @empty_3, i32 0, i32 0, void @empty_5, i32 0, i32 0, void @empty_5, void @empty_5, void @empty_5, i32 0, i32 0, i32 0, i32 0, void @empty_5, void @empty_5"   --->   Operation 7 'specinterface' 'specinterface_ln0' <Predicate = true> <Delay = 0.00>
ST_1 : Operation 8 [1/1] (0.00ns)   --->   "%specinterface_ln0 = specinterface void @_ssdm_op_SpecInterface, i1 %rxEng_checksumValidFifo, void @empty_3, i32 0, i32 0, void @empty_5, i32 0, i32 0, void @empty_5, void @empty_5, void @empty_5, i32 0, i32 0, i32 0, i32 0, void @empty_5, void @empty_5"   --->   Operation 8 'specinterface' 'specinterface_ln0' <Predicate = true> <Delay = 0.00>
ST_1 : Operation 9 [1/1] (0.00ns)   --->   "%specinterface_ln0 = specinterface void @_ssdm_op_SpecInterface, i1 %rxEng_checksumValidFifo, void @empty_3, i32 0, i32 0, void @empty_5, i32 0, i32 0, void @empty_5, void @empty_5, void @empty_5, i32 0, i32 0, i32 0, i32 0, void @empty_5, void @empty_5"   --->   Operation 9 'specinterface' 'specinterface_ln0' <Predicate = true> <Delay = 0.00>
ST_1 : Operation 10 [1/1] (0.00ns)   --->   "%specinterface_ln0 = specinterface void @_ssdm_op_SpecInterface, i1024 %rxEng_dataBuffer2, void @empty_3, i32 0, i32 0, void @empty_5, i32 0, i32 0, void @empty_5, void @empty_5, void @empty_5, i32 0, i32 0, i32 0, i32 0, void @empty_5, void @empty_5"   --->   Operation 10 'specinterface' 'specinterface_ln0' <Predicate = true> <Delay = 0.00>
ST_1 : Operation 11 [1/1] (0.00ns)   --->   "%specinterface_ln0 = specinterface void @_ssdm_op_SpecInterface, i1024 %rxEng_dataBuffer2, void @empty_3, i32 0, i32 0, void @empty_5, i32 0, i32 0, void @empty_5, void @empty_5, void @empty_5, i32 0, i32 0, i32 0, i32 0, void @empty_5, void @empty_5"   --->   Operation 11 'specinterface' 'specinterface_ln0' <Predicate = true> <Delay = 0.00>
ST_1 : Operation 12 [1/1] (0.00ns)   --->   "%specinterface_ln0 = specinterface void @_ssdm_op_SpecInterface, i1024 %rxEng_dataBuffer2, void @empty_3, i32 0, i32 0, void @empty_5, i32 0, i32 0, void @empty_5, void @empty_5, void @empty_5, i32 0, i32 0, i32 0, i32 0, void @empty_5, void @empty_5"   --->   Operation 12 'specinterface' 'specinterface_ln0' <Predicate = true> <Delay = 0.00>
ST_1 : Operation 13 [1/1] (0.00ns)   --->   "%specinterface_ln0 = specinterface void @_ssdm_op_SpecInterface, i1024 %rxEng_dataBuffer3a, void @empty_3, i32 0, i32 0, void @empty_5, i32 0, i32 0, void @empty_5, void @empty_5, void @empty_5, i32 0, i32 0, i32 0, i32 0, void @empty_5, void @empty_5"   --->   Operation 13 'specinterface' 'specinterface_ln0' <Predicate = true> <Delay = 0.00>
ST_1 : Operation 14 [1/1] (0.00ns)   --->   "%specinterface_ln0 = specinterface void @_ssdm_op_SpecInterface, i1024 %rxEng_dataBuffer3a, void @empty_3, i32 0, i32 0, void @empty_5, i32 0, i32 0, void @empty_5, void @empty_5, void @empty_5, i32 0, i32 0, i32 0, i32 0, void @empty_5, void @empty_5"   --->   Operation 14 'specinterface' 'specinterface_ln0' <Predicate = true> <Delay = 0.00>
ST_1 : Operation 15 [1/1] (0.00ns)   --->   "%specinterface_ln0 = specinterface void @_ssdm_op_SpecInterface, i1024 %rxEng_dataBuffer3a, void @empty_3, i32 0, i32 0, void @empty_5, i32 0, i32 0, void @empty_5, void @empty_5, void @empty_5, i32 0, i32 0, i32 0, i32 0, void @empty_5, void @empty_5"   --->   Operation 15 'specinterface' 'specinterface_ln0' <Predicate = true> <Delay = 0.00>
ST_1 : Operation 16 [1/1] (0.00ns)   --->   "%specinterface_ln0 = specinterface void @_ssdm_op_SpecInterface, i160 %rxEng_headerMetaFifo, void @empty_3, i32 0, i32 0, void @empty_5, i32 0, i32 0, void @empty_5, void @empty_5, void @empty_5, i32 0, i32 0, i32 0, i32 0, void @empty_5, void @empty_5"   --->   Operation 16 'specinterface' 'specinterface_ln0' <Predicate = true> <Delay = 0.00>
ST_1 : Operation 17 [1/1] (0.00ns)   --->   "%specinterface_ln0 = specinterface void @_ssdm_op_SpecInterface, i160 %rxEng_headerMetaFifo, void @empty_3, i32 0, i32 0, void @empty_5, i32 0, i32 0, void @empty_5, void @empty_5, void @empty_5, i32 0, i32 0, i32 0, i32 0, void @empty_5, void @empty_5"   --->   Operation 17 'specinterface' 'specinterface_ln0' <Predicate = true> <Delay = 0.00>
ST_1 : Operation 18 [1/1] (0.00ns)   --->   "%specinterface_ln0 = specinterface void @_ssdm_op_SpecInterface, i160 %rxEng_headerMetaFifo, void @empty_3, i32 0, i32 0, void @empty_5, i32 0, i32 0, void @empty_5, void @empty_5, void @empty_5, i32 0, i32 0, i32 0, i32 0, void @empty_5, void @empty_5"   --->   Operation 18 'specinterface' 'specinterface_ln0' <Predicate = true> <Delay = 0.00>
ST_1 : Operation 19 [1/1] (0.00ns)   --->   "%specinterface_ln0 = specinterface void @_ssdm_op_SpecInterface, i16 %rxEng_optionalFieldsMetaFifo, void @empty_3, i32 0, i32 0, void @empty_5, i32 0, i32 0, void @empty_5, void @empty_5, void @empty_5, i32 0, i32 0, i32 0, i32 0, void @empty_5, void @empty_5"   --->   Operation 19 'specinterface' 'specinterface_ln0' <Predicate = true> <Delay = 0.00>
ST_1 : Operation 20 [1/1] (0.00ns)   --->   "%specinterface_ln0 = specinterface void @_ssdm_op_SpecInterface, i16 %rxEng_optionalFieldsMetaFifo, void @empty_3, i32 0, i32 0, void @empty_5, i32 0, i32 0, void @empty_5, void @empty_5, void @empty_5, i32 0, i32 0, i32 0, i32 0, void @empty_5, void @empty_5"   --->   Operation 20 'specinterface' 'specinterface_ln0' <Predicate = true> <Delay = 0.00>
ST_1 : Operation 21 [1/1] (0.00ns)   --->   "%specinterface_ln0 = specinterface void @_ssdm_op_SpecInterface, i16 %rxEng_optionalFieldsMetaFifo, void @empty_3, i32 0, i32 0, void @empty_5, i32 0, i32 0, void @empty_5, void @empty_5, void @empty_5, i32 0, i32 0, i32 0, i32 0, void @empty_5, void @empty_5"   --->   Operation 21 'specinterface' 'specinterface_ln0' <Predicate = true> <Delay = 0.00>
ST_1 : Operation 22 [1/1] (0.00ns)   --->   "%specinterface_ln0 = specinterface void @_ssdm_op_SpecInterface, i96 %rxEng_tupleBuffer, void @empty_3, i32 0, i32 0, void @empty_5, i32 0, i32 0, void @empty_5, void @empty_5, void @empty_5, i32 0, i32 0, i32 0, i32 0, void @empty_5, void @empty_5"   --->   Operation 22 'specinterface' 'specinterface_ln0' <Predicate = true> <Delay = 0.00>
ST_1 : Operation 23 [1/1] (0.00ns)   --->   "%specinterface_ln0 = specinterface void @_ssdm_op_SpecInterface, i96 %rxEng_tupleBuffer, void @empty_3, i32 0, i32 0, void @empty_5, i32 0, i32 0, void @empty_5, void @empty_5, void @empty_5, i32 0, i32 0, i32 0, i32 0, void @empty_5, void @empty_5"   --->   Operation 23 'specinterface' 'specinterface_ln0' <Predicate = true> <Delay = 0.00>
ST_1 : Operation 24 [1/1] (0.00ns)   --->   "%specinterface_ln0 = specinterface void @_ssdm_op_SpecInterface, i96 %rxEng_tupleBuffer, void @empty_3, i32 0, i32 0, void @empty_5, i32 0, i32 0, void @empty_5, void @empty_5, void @empty_5, i32 0, i32 0, i32 0, i32 0, void @empty_5, void @empty_5"   --->   Operation 24 'specinterface' 'specinterface_ln0' <Predicate = true> <Delay = 0.00>
ST_1 : Operation 25 [1/1] (0.00ns)   --->   "%specinterface_ln0 = specinterface void @_ssdm_op_SpecInterface, i16 %rxEng_optionalFieldsMetaFifo, void @empty_3, i32 0, i32 0, void @empty_5, i32 0, i32 0, void @empty_5, void @empty_5, void @empty_5, i32 0, i32 0, i32 0, i32 0, void @empty_5, void @empty_5"   --->   Operation 25 'specinterface' 'specinterface_ln0' <Predicate = true> <Delay = 0.00>
ST_1 : Operation 26 [1/1] (0.00ns)   --->   "%specinterface_ln0 = specinterface void @_ssdm_op_SpecInterface, i96 %rxEng_tupleBuffer, void @empty_3, i32 0, i32 0, void @empty_5, i32 0, i32 0, void @empty_5, void @empty_5, void @empty_5, i32 0, i32 0, i32 0, i32 0, void @empty_5, void @empty_5"   --->   Operation 26 'specinterface' 'specinterface_ln0' <Predicate = true> <Delay = 0.00>
ST_1 : Operation 27 [1/1] (0.00ns)   --->   "%specinterface_ln0 = specinterface void @_ssdm_op_SpecInterface, i160 %rxEng_headerMetaFifo, void @empty_3, i32 0, i32 0, void @empty_5, i32 0, i32 0, void @empty_5, void @empty_5, void @empty_5, i32 0, i32 0, i32 0, i32 0, void @empty_5, void @empty_5"   --->   Operation 27 'specinterface' 'specinterface_ln0' <Predicate = true> <Delay = 0.00>
ST_1 : Operation 28 [1/1] (0.00ns)   --->   "%specinterface_ln0 = specinterface void @_ssdm_op_SpecInterface, i1024 %rxEng_dataBuffer3a, void @empty_3, i32 0, i32 0, void @empty_5, i32 0, i32 0, void @empty_5, void @empty_5, void @empty_5, i32 0, i32 0, i32 0, i32 0, void @empty_5, void @empty_5"   --->   Operation 28 'specinterface' 'specinterface_ln0' <Predicate = true> <Delay = 0.00>
ST_1 : Operation 29 [1/1] (0.00ns)   --->   "%specinterface_ln0 = specinterface void @_ssdm_op_SpecInterface, i1 %rxEng_checksumValidFifo, void @empty_3, i32 0, i32 0, void @empty_5, i32 0, i32 0, void @empty_5, void @empty_5, void @empty_5, i32 0, i32 0, i32 0, i32 0, void @empty_5, void @empty_5"   --->   Operation 29 'specinterface' 'specinterface_ln0' <Predicate = true> <Delay = 0.00>
ST_1 : Operation 30 [1/1] (0.00ns)   --->   "%specinterface_ln0 = specinterface void @_ssdm_op_SpecInterface, i1024 %rxEng_dataBuffer2, void @empty_3, i32 0, i32 0, void @empty_5, i32 0, i32 0, void @empty_5, void @empty_5, void @empty_5, i32 0, i32 0, i32 0, i32 0, void @empty_5, void @empty_5"   --->   Operation 30 'specinterface' 'specinterface_ln0' <Predicate = true> <Delay = 0.00>
ST_1 : Operation 31 [1/1] (0.00ns)   --->   "%specinterface_ln0 = specinterface void @_ssdm_op_SpecInterface, i16 %rxEng2portTable_check_req, void @empty_3, i32 0, i32 0, void @empty_5, i32 0, i32 0, void @empty_5, void @empty_5, void @empty_5, i32 0, i32 0, i32 0, i32 0, void @empty_5, void @empty_5"   --->   Operation 31 'specinterface' 'specinterface_ln0' <Predicate = true> <Delay = 0.00>
ST_1 : Operation 32 [1/1] (0.00ns)   --->   "%specpipeline_ln421 = specpipeline void @_ssdm_op_SpecPipeline, i32 1, i32 0, i32 0, i32 0, void @empty_5" [/home/haiyang3/eth-axi-streamer/fpga-network-stack/hls/toe/rx_engine/rx_engine.cpp:421]   --->   Operation 32 'specpipeline' 'specpipeline_ln421' <Predicate = true> <Delay = 0.00>
ST_1 : Operation 33 [1/1] (0.00ns)   --->   "%tmp_i = nbreadreq i1 @_ssdm_op_NbReadReq.ap_fifo.i1024P0A, i1024 %rxEng_dataBuffer2, i32 1" [/opt/xilinx/Vitis_HLS/2020.2/common/technology/autopilot/hls_stream_39.h:136]   --->   Operation 33 'nbreadreq' 'tmp_i' <Predicate = true> <Delay = 0.00> <CoreInst = "FIFO">   --->   Core 78 'FIFO' <Latency = 0> <II = 1> <Delay = 1.38> <Storage> <Opcode : 'read' 'write' 'nbread' 'nbwrite'> <Ports = 0> <Width = 1024> <Depth = 256> <FIFO>
ST_1 : Operation 34 [1/1] (0.38ns)   --->   "%br_ln437 = br i1 %tmp_i, void %._crit_edge1.i, void" [/home/haiyang3/eth-axi-streamer/fpga-network-stack/hls/toe/rx_engine/rx_engine.cpp:437]   --->   Operation 34 'br' 'br_ln437' <Predicate = true> <Delay = 0.38>
ST_1 : Operation 35 [1/1] (0.00ns)   --->   "%firstWord_load = load i1 %firstWord" [/home/haiyang3/eth-axi-streamer/fpga-network-stack/hls/toe/rx_engine/rx_engine.cpp:437]   --->   Operation 35 'load' 'firstWord_load' <Predicate = (tmp_i)> <Delay = 0.00>
ST_1 : Operation 36 [1/1] (0.00ns)   --->   "%br_ln437 = br i1 %firstWord_load, void %._crit_edge2.i, void" [/home/haiyang3/eth-axi-streamer/fpga-network-stack/hls/toe/rx_engine/rx_engine.cpp:437]   --->   Operation 36 'br' 'br_ln437' <Predicate = (tmp_i)> <Delay = 0.00>
ST_1 : Operation 37 [1/1] (0.00ns)   --->   "%tmp_i_273 = nbreadreq i1 @_ssdm_op_NbReadReq.ap_fifo.i1P0A, i1 %rxEng_checksumValidFifo, i32 1" [/opt/xilinx/Vitis_HLS/2020.2/common/technology/autopilot/hls_stream_39.h:136]   --->   Operation 37 'nbreadreq' 'tmp_i_273' <Predicate = (tmp_i & firstWord_load)> <Delay = 0.00> <CoreInst = "FIFO_SRL">   --->   Core 81 'FIFO_SRL' <Latency = 0> <II = 1> <Delay = 1.42> <Storage> <Opcode : 'read' 'write' 'nbread' 'nbwrite'> <Ports = 0> <Width = 1> <Depth = 2> <FIFO>
ST_1 : Operation 38 [1/1] (0.38ns)   --->   "%br_ln437 = br i1 %tmp_i_273, void %._crit_edge1.i, void %._crit_edge2.i" [/home/haiyang3/eth-axi-streamer/fpga-network-stack/hls/toe/rx_engine/rx_engine.cpp:437]   --->   Operation 38 'br' 'br_ln437' <Predicate = (tmp_i & firstWord_load)> <Delay = 0.38>
ST_1 : Operation 39 [1/1] (1.16ns)   --->   "%rxEng_dataBuffer2_read = read i1024 @_ssdm_op_Read.ap_fifo.volatile.i1024P0A, i1024 %rxEng_dataBuffer2" [/opt/xilinx/Vitis_HLS/2020.2/common/technology/autopilot/hls_stream_39.h:145]   --->   Operation 39 'read' 'rxEng_dataBuffer2_read' <Predicate = (tmp_i & tmp_i_273) | (tmp_i & !firstWord_load)> <Delay = 1.16> <CoreInst = "FIFO">   --->   Core 78 'FIFO' <Latency = 0> <II = 1> <Delay = 1.38> <Storage> <Opcode : 'read' 'write' 'nbread' 'nbwrite'> <Ports = 0> <Width = 1024> <Depth = 256> <FIFO>
ST_1 : Operation 40 [1/1] (0.00ns)   --->   "%tmp_last_V = bitselect i1 @_ssdm_op_BitSelect.i1.i1024.i32, i1024 %rxEng_dataBuffer2_read, i32 576" [/opt/xilinx/Vitis_HLS/2020.2/common/technology/autopilot/hls_stream_39.h:145]   --->   Operation 40 'bitselect' 'tmp_last_V' <Predicate = (tmp_i & tmp_i_273) | (tmp_i & !firstWord_load)> <Delay = 0.00>
ST_1 : Operation 41 [1/1] (0.00ns)   --->   "%header_ready_1_load = load i1 %header_ready_1" [/home/haiyang3/eth-axi-streamer/fpga-network-stack/hls/toe/rx_engine/../../packet.hpp:55]   --->   Operation 41 'load' 'header_ready_1_load' <Predicate = (tmp_i & tmp_i_273) | (tmp_i & !firstWord_load)> <Delay = 0.00>
ST_1 : Operation 42 [1/1] (0.00ns)   --->   "%header_idx_2_load = load i16 %header_idx_2" [/home/haiyang3/eth-axi-streamer/fpga-network-stack/hls/toe/rx_engine/../../packet.hpp:58]   --->   Operation 42 'load' 'header_idx_2_load' <Predicate = (tmp_i & tmp_i_273) | (tmp_i & !firstWord_load)> <Delay = 0.00>
ST_1 : Operation 43 [1/1] (0.00ns)   --->   "%p_Val2_s = load i256 %header_header_V_2"   --->   Operation 43 'load' 'p_Val2_s' <Predicate = (tmp_i & tmp_i_273) | (tmp_i & !firstWord_load)> <Delay = 0.00>
ST_1 : Operation 44 [1/1] (0.38ns)   --->   "%br_ln55 = br i1 %header_ready_1_load, void, void %_ZN12packetHeaderILi512ELi256EE9parseWordER7ap_uintILi512EE.exit.i" [/home/haiyang3/eth-axi-streamer/fpga-network-stack/hls/toe/rx_engine/../../packet.hpp:55]   --->   Operation 44 'br' 'br_ln55' <Predicate = (tmp_i & tmp_i_273) | (tmp_i & !firstWord_load)> <Delay = 0.38>
ST_1 : Operation 45 [1/1] (0.00ns)   --->   "%tmp_288 = trunc i1024 %rxEng_dataBuffer2_read"   --->   Operation 45 'trunc' 'tmp_288' <Predicate = (tmp_i & tmp_i_273 & !header_ready_1_load) | (tmp_i & !firstWord_load & !header_ready_1_load)> <Delay = 0.00>
ST_1 : Operation 46 [1/1] (0.00ns)   --->   "%tmp = bitconcatenate i17 @_ssdm_op_BitConcatenate.i17.i16.i1, i16 %header_idx_2_load, i1 0"   --->   Operation 46 'bitconcatenate' 'tmp' <Predicate = (tmp_i & tmp_i_273 & !header_ready_1_load) | (tmp_i & !firstWord_load & !header_ready_1_load)> <Delay = 0.00>
ST_1 : Operation 47 [1/1] (0.00ns)   --->   "%zext_ln414 = zext i17 %tmp"   --->   Operation 47 'zext' 'zext_ln414' <Predicate = (tmp_i & tmp_i_273 & !header_ready_1_load) | (tmp_i & !firstWord_load & !header_ready_1_load)> <Delay = 0.00>
ST_1 : Operation 48 [1/1] (0.68ns)   --->   "%icmp_ln414 = icmp_ne  i24 %zext_ln414, i24 0"   --->   Operation 48 'icmp' 'icmp_ln414' <Predicate = (tmp_i & tmp_i_273 & !header_ready_1_load) | (tmp_i & !firstWord_load & !header_ready_1_load)> <Delay = 0.68> <CoreInst = "Cmp">   --->   Core 9 'Cmp' <Latency = 0> <II = 1> <Delay = 0.65> <FuncUnit> <Opcode : 'icmp'> <InPorts = 2> <OutPorts = 1>
ST_1 : Operation 49 [1/1] (0.00ns) (grouped into LUT with out node and_ln414_23)   --->   "%trunc_ln414 = trunc i1024 %rxEng_dataBuffer2_read"   --->   Operation 49 'trunc' 'trunc_ln414' <Predicate = (tmp_i & tmp_i_273 & !header_ready_1_load) | (tmp_i & !firstWord_load & !header_ready_1_load)> <Delay = 0.00>
ST_1 : Operation 50 [1/1] (0.00ns) (grouped into LUT with out node and_ln414_23)   --->   "%st = bitconcatenate i256 @_ssdm_op_BitConcatenate.i256.i1.i255, i1 %trunc_ln414, i255 0"   --->   Operation 50 'bitconcatenate' 'st' <Predicate = (tmp_i & tmp_i_273 & !header_ready_1_load) | (tmp_i & !firstWord_load & !header_ready_1_load)> <Delay = 0.00>
ST_1 : Operation 51 [1/1] (0.00ns) (grouped into LUT with out node and_ln414_23)   --->   "%select_ln414 = select i1 %icmp_ln414, i256 %st, i256 %tmp_288"   --->   Operation 51 'select' 'select_ln414' <Predicate = (tmp_i & tmp_i_273 & !header_ready_1_load) | (tmp_i & !firstWord_load & !header_ready_1_load)> <Delay = 0.00> <CoreInst = "Sel">   --->   Core 73 'Sel' <Latency = 0> <II = 1> <Delay = 0.24> <FuncUnit> <Opcode : 'select'> <InPorts = 3> <OutPorts = 1>
ST_1 : Operation 52 [1/1] (0.00ns) (grouped into LUT with out node and_ln414_23)   --->   "%tmp_283 = partselect i256 @llvm.part.select.i256, i256 %select_ln414, i32 255, i32 0"   --->   Operation 52 'partselect' 'tmp_283' <Predicate = (tmp_i & tmp_i_273 & !header_ready_1_load) | (tmp_i & !firstWord_load & !header_ready_1_load)> <Delay = 0.00>
ST_1 : Operation 53 [1/1] (0.00ns) (grouped into LUT with out node and_ln414_23)   --->   "%select_ln414_18 = select i1 %icmp_ln414, i256 %tmp_283, i256 %tmp_288"   --->   Operation 53 'select' 'select_ln414_18' <Predicate = (tmp_i & tmp_i_273 & !header_ready_1_load) | (tmp_i & !firstWord_load & !header_ready_1_load)> <Delay = 0.00> <CoreInst = "Sel">   --->   Core 73 'Sel' <Latency = 0> <II = 1> <Delay = 0.24> <FuncUnit> <Opcode : 'select'> <InPorts = 3> <OutPorts = 1>
ST_1 : Operation 54 [1/1] (0.00ns) (grouped into LUT with out node and_ln414)   --->   "%select_ln414_19 = select i1 %icmp_ln414, i256 57896044618658097711785492504343953926634992332820282019728792003956564819968, i256 115792089237316195423570985008687907853269984665640564039457584007913129639935"   --->   Operation 54 'select' 'select_ln414_19' <Predicate = (tmp_i & tmp_i_273 & !header_ready_1_load) | (tmp_i & !firstWord_load & !header_ready_1_load)> <Delay = 0.00> <CoreInst = "Sel">   --->   Core 73 'Sel' <Latency = 0> <II = 1> <Delay = 0.24> <FuncUnit> <Opcode : 'select'> <InPorts = 3> <OutPorts = 1>
ST_1 : Operation 55 [1/1] (0.00ns) (grouped into LUT with out node and_ln414)   --->   "%select_ln414_20 = select i1 %icmp_ln414, i256 1, i256 115792089237316195423570985008687907853269984665640564039457584007913129639935"   --->   Operation 55 'select' 'select_ln414_20' <Predicate = (tmp_i & tmp_i_273 & !header_ready_1_load) | (tmp_i & !firstWord_load & !header_ready_1_load)> <Delay = 0.00> <CoreInst = "Sel">   --->   Core 73 'Sel' <Latency = 0> <II = 1> <Delay = 0.24> <FuncUnit> <Opcode : 'select'> <InPorts = 3> <OutPorts = 1>
ST_1 : Operation 56 [1/1] (0.42ns) (out node of the LUT)   --->   "%and_ln414 = and i256 %select_ln414_19, i256 %select_ln414_20"   --->   Operation 56 'and' 'and_ln414' <Predicate = (tmp_i & tmp_i_273 & !header_ready_1_load) | (tmp_i & !firstWord_load & !header_ready_1_load)> <Delay = 0.42> <CoreInst = "LogicGate">   --->   Core 74 'LogicGate' <Latency = 0> <II = 1> <Delay = 0.12> <FuncUnit> <Opcode : 'and' 'or' 'xor'> <InPorts = 2> <OutPorts = 1>
ST_1 : Operation 57 [1/1] (0.00ns) (grouped into LUT with out node p_Result_s)   --->   "%xor_ln414 = xor i256 %and_ln414, i256 115792089237316195423570985008687907853269984665640564039457584007913129639935"   --->   Operation 57 'xor' 'xor_ln414' <Predicate = (tmp_i & tmp_i_273 & !header_ready_1_load) | (tmp_i & !firstWord_load & !header_ready_1_load)> <Delay = 0.00> <CoreInst = "LogicGate">   --->   Core 74 'LogicGate' <Latency = 0> <II = 1> <Delay = 0.12> <FuncUnit> <Opcode : 'and' 'or' 'xor'> <InPorts = 2> <OutPorts = 1>
ST_1 : Operation 58 [1/1] (0.00ns) (grouped into LUT with out node p_Result_s)   --->   "%and_ln414_22 = and i256 %p_Val2_s, i256 %xor_ln414"   --->   Operation 58 'and' 'and_ln414_22' <Predicate = (tmp_i & tmp_i_273 & !header_ready_1_load) | (tmp_i & !firstWord_load & !header_ready_1_load)> <Delay = 0.00> <CoreInst = "LogicGate">   --->   Core 74 'LogicGate' <Latency = 0> <II = 1> <Delay = 0.12> <FuncUnit> <Opcode : 'and' 'or' 'xor'> <InPorts = 2> <OutPorts = 1>
ST_1 : Operation 59 [1/1] (0.42ns) (out node of the LUT)   --->   "%and_ln414_23 = and i256 %select_ln414_18, i256 %and_ln414"   --->   Operation 59 'and' 'and_ln414_23' <Predicate = (tmp_i & tmp_i_273 & !header_ready_1_load) | (tmp_i & !firstWord_load & !header_ready_1_load)> <Delay = 0.42> <CoreInst = "LogicGate">   --->   Core 74 'LogicGate' <Latency = 0> <II = 1> <Delay = 0.12> <FuncUnit> <Opcode : 'and' 'or' 'xor'> <InPorts = 2> <OutPorts = 1>
ST_1 : Operation 60 [1/1] (0.29ns) (out node of the LUT)   --->   "%p_Result_s = or i256 %and_ln414_22, i256 %and_ln414_23"   --->   Operation 60 'or' 'p_Result_s' <Predicate = (tmp_i & tmp_i_273 & !header_ready_1_load) | (tmp_i & !firstWord_load & !header_ready_1_load)> <Delay = 0.29> <CoreInst = "LogicGate">   --->   Core 74 'LogicGate' <Latency = 0> <II = 1> <Delay = 0.12> <FuncUnit> <Opcode : 'and' 'or' 'xor'> <InPorts = 2> <OutPorts = 1>
ST_1 : Operation 61 [1/1] (0.00ns)   --->   "%store_ln414 = store i256 %p_Result_s, i256 %header_header_V_2"   --->   Operation 61 'store' 'store_ln414' <Predicate = (tmp_i & tmp_i_273 & !header_ready_1_load) | (tmp_i & !firstWord_load & !header_ready_1_load)> <Delay = 0.00>
ST_1 : Operation 62 [1/1] (0.78ns)   --->   "%add_ln67 = add i16 %header_idx_2_load, i16 1" [/home/haiyang3/eth-axi-streamer/fpga-network-stack/hls/toe/rx_engine/../../packet.hpp:67]   --->   Operation 62 'add' 'add_ln67' <Predicate = (tmp_i & tmp_i_273 & !header_ready_1_load) | (tmp_i & !firstWord_load & !header_ready_1_load)> <Delay = 0.78> <CoreInst = "Adder">   --->   Core 1 'Adder' <Latency = 0> <II = 1> <Delay = 0.70> <FuncUnit> <Opcode : 'add' 'sub'> <InPorts = 2> <OutPorts = 1>
ST_1 : Operation 63 [1/1] (0.38ns)   --->   "%br_ln73 = br void %_ZN12packetHeaderILi512ELi256EE9parseWordER7ap_uintILi512EE.exit.i" [/home/haiyang3/eth-axi-streamer/fpga-network-stack/hls/toe/rx_engine/../../packet.hpp:73]   --->   Operation 63 'br' 'br_ln73' <Predicate = (tmp_i & tmp_i_273 & !header_ready_1_load) | (tmp_i & !firstWord_load & !header_ready_1_load)> <Delay = 0.38>
ST_1 : Operation 64 [1/1] (0.00ns)   --->   "%header_ready_1_flag_0_i = phi i1 0, void %._crit_edge2.i, i1 1, void"   --->   Operation 64 'phi' 'header_ready_1_flag_0_i' <Predicate = (tmp_i & tmp_i_273) | (tmp_i & !firstWord_load)> <Delay = 0.00>
ST_1 : Operation 65 [1/1] (0.00ns)   --->   "%header_idx_6_new_0_i = phi i16 0, void %._crit_edge2.i, i16 %add_ln67, void" [/home/haiyang3/eth-axi-streamer/fpga-network-stack/hls/toe/rx_engine/../../packet.hpp:67]   --->   Operation 65 'phi' 'header_idx_6_new_0_i' <Predicate = (tmp_i & tmp_i_273) | (tmp_i & !firstWord_load)> <Delay = 0.00>
ST_1 : Operation 66 [1/1] (0.00ns)   --->   "%pkgValid_load = load i1 %pkgValid" [/home/haiyang3/eth-axi-streamer/fpga-network-stack/hls/toe/rx_engine/rx_engine.cpp:457]   --->   Operation 66 'load' 'pkgValid_load' <Predicate = (tmp_i & tmp_i_273) | (tmp_i & !firstWord_load)> <Delay = 0.00>
ST_1 : Operation 67 [1/1] (0.38ns)   --->   "%br_ln444 = br i1 %firstWord_load, void %_ZN12packetHeaderILi512ELi256EE9parseWordER7ap_uintILi512EE.exit._crit_edge.i, void" [/home/haiyang3/eth-axi-streamer/fpga-network-stack/hls/toe/rx_engine/rx_engine.cpp:444]   --->   Operation 67 'br' 'br_ln444' <Predicate = (tmp_i & tmp_i_273) | (tmp_i & !firstWord_load)> <Delay = 0.38>
ST_1 : Operation 68 [1/1] (1.16ns)   --->   "%rxEng_checksumValidFifo_read = read i1 @_ssdm_op_Read.ap_fifo.volatile.i1P0A, i1 %rxEng_checksumValidFifo" [/opt/xilinx/Vitis_HLS/2020.2/common/technology/autopilot/hls_stream_39.h:145]   --->   Operation 68 'read' 'rxEng_checksumValidFifo_read' <Predicate = (tmp_i & firstWord_load & tmp_i_273)> <Delay = 1.16> <CoreInst = "FIFO_SRL">   --->   Core 81 'FIFO_SRL' <Latency = 0> <II = 1> <Delay = 1.42> <Storage> <Opcode : 'read' 'write' 'nbread' 'nbwrite'> <Ports = 0> <Width = 1> <Depth = 2> <FIFO>
ST_1 : Operation 69 [1/1] (0.00ns)   --->   "%store_ln145 = store i1 %rxEng_checksumValidFifo_read, i1 %pkgValid" [/opt/xilinx/Vitis_HLS/2020.2/common/technology/autopilot/hls_stream_39.h:145]   --->   Operation 69 'store' 'store_ln145' <Predicate = (tmp_i & firstWord_load & tmp_i_273)> <Delay = 0.00>
ST_1 : Operation 70 [1/1] (0.38ns)   --->   "%br_ln448 = br void %_ZN12packetHeaderILi512ELi256EE9parseWordER7ap_uintILi512EE.exit._crit_edge.i" [/home/haiyang3/eth-axi-streamer/fpga-network-stack/hls/toe/rx_engine/rx_engine.cpp:448]   --->   Operation 70 'br' 'br_ln448' <Predicate = (tmp_i & firstWord_load & tmp_i_273)> <Delay = 0.38>
ST_1 : Operation 71 [1/1] (0.00ns)   --->   "%firstWord_flag_0_i = phi i1 1, void, i1 0, void %_ZN12packetHeaderILi512ELi256EE9parseWordER7ap_uintILi512EE.exit.i"   --->   Operation 71 'phi' 'firstWord_flag_0_i' <Predicate = (tmp_i & tmp_i_273) | (tmp_i & !firstWord_load)> <Delay = 0.00>
ST_1 : Operation 72 [1/1] (0.00ns)   --->   "%metaWritten_1_load = load i1 %metaWritten_1" [/home/haiyang3/eth-axi-streamer/fpga-network-stack/hls/toe/rx_engine/rx_engine.cpp:461]   --->   Operation 72 'load' 'metaWritten_1_load' <Predicate = (tmp_i & tmp_i_273) | (tmp_i & !firstWord_load)> <Delay = 0.00>
ST_1 : Operation 73 [1/1] (0.38ns)   --->   "%br_ln461 = br i1 %metaWritten_1_load, void, void %._crit_edge5.i" [/home/haiyang3/eth-axi-streamer/fpga-network-stack/hls/toe/rx_engine/rx_engine.cpp:461]   --->   Operation 73 'br' 'br_ln461' <Predicate = (tmp_i & tmp_i_273) | (tmp_i & !firstWord_load)> <Delay = 0.38>
ST_1 : Operation 74 [1/1] (0.38ns)   --->   "%br_ln489 = br void %._crit_edge5.i" [/home/haiyang3/eth-axi-streamer/fpga-network-stack/hls/toe/rx_engine/rx_engine.cpp:489]   --->   Operation 74 'br' 'br_ln489' <Predicate = (tmp_i & tmp_i_273 & !metaWritten_1_load) | (tmp_i & !firstWord_load & !metaWritten_1_load)> <Delay = 0.38>
ST_1 : Operation 75 [1/1] (0.00ns) (grouped into LUT with out node or_ln492_2)   --->   "%metaWritten_1_flag_0_i = phi i1 0, void %.critedge.i, i1 1, void %._crit_edge7.i"   --->   Operation 75 'phi' 'metaWritten_1_flag_0_i' <Predicate = (tmp_i & tmp_i_273) | (tmp_i & !firstWord_load)> <Delay = 0.00>
ST_1 : Operation 76 [1/1] (0.12ns)   --->   "%or_ln492 = or i1 %tmp_last_V, i1 %firstWord_flag_0_i" [/home/haiyang3/eth-axi-streamer/fpga-network-stack/hls/toe/rx_engine/rx_engine.cpp:492]   --->   Operation 76 'or' 'or_ln492' <Predicate = (tmp_i & tmp_i_273) | (tmp_i & !firstWord_load)> <Delay = 0.12> <CoreInst = "LogicGate">   --->   Core 74 'LogicGate' <Latency = 0> <II = 1> <Delay = 0.12> <FuncUnit> <Opcode : 'and' 'or' 'xor'> <InPorts = 2> <OutPorts = 1>
ST_1 : Operation 77 [1/1] (0.12ns)   --->   "%or_ln492_1 = or i1 %tmp_last_V, i1 %header_ready_1_flag_0_i" [/home/haiyang3/eth-axi-streamer/fpga-network-stack/hls/toe/rx_engine/rx_engine.cpp:492]   --->   Operation 77 'or' 'or_ln492_1' <Predicate = (tmp_i & tmp_i_273) | (tmp_i & !firstWord_load)> <Delay = 0.12> <CoreInst = "LogicGate">   --->   Core 74 'LogicGate' <Latency = 0> <II = 1> <Delay = 0.12> <FuncUnit> <Opcode : 'and' 'or' 'xor'> <InPorts = 2> <OutPorts = 1>
ST_1 : Operation 78 [1/1] (0.12ns)   --->   "%xor_ln492 = xor i1 %tmp_last_V, i1 1" [/home/haiyang3/eth-axi-streamer/fpga-network-stack/hls/toe/rx_engine/rx_engine.cpp:492]   --->   Operation 78 'xor' 'xor_ln492' <Predicate = (tmp_i & tmp_i_273) | (tmp_i & !firstWord_load)> <Delay = 0.12> <CoreInst = "LogicGate">   --->   Core 74 'LogicGate' <Latency = 0> <II = 1> <Delay = 0.12> <FuncUnit> <Opcode : 'and' 'or' 'xor'> <InPorts = 2> <OutPorts = 1>
ST_1 : Operation 79 [1/1] (0.24ns)   --->   "%select_ln492 = select i1 %tmp_last_V, i16 0, i16 %header_idx_6_new_0_i" [/home/haiyang3/eth-axi-streamer/fpga-network-stack/hls/toe/rx_engine/rx_engine.cpp:492]   --->   Operation 79 'select' 'select_ln492' <Predicate = (tmp_i & tmp_i_273) | (tmp_i & !firstWord_load)> <Delay = 0.24> <CoreInst = "Sel">   --->   Core 73 'Sel' <Latency = 0> <II = 1> <Delay = 0.24> <FuncUnit> <Opcode : 'select'> <InPorts = 3> <OutPorts = 1>
ST_1 : Operation 80 [1/1] (0.12ns) (out node of the LUT)   --->   "%or_ln492_2 = or i1 %tmp_last_V, i1 %metaWritten_1_flag_0_i" [/home/haiyang3/eth-axi-streamer/fpga-network-stack/hls/toe/rx_engine/rx_engine.cpp:492]   --->   Operation 80 'or' 'or_ln492_2' <Predicate = (tmp_i & tmp_i_273) | (tmp_i & !firstWord_load)> <Delay = 0.12> <CoreInst = "LogicGate">   --->   Core 74 'LogicGate' <Latency = 0> <II = 1> <Delay = 0.12> <FuncUnit> <Opcode : 'and' 'or' 'xor'> <InPorts = 2> <OutPorts = 1>
ST_1 : Operation 81 [1/1] (0.38ns)   --->   "%br_ln492 = br void %._crit_edge1.i" [/home/haiyang3/eth-axi-streamer/fpga-network-stack/hls/toe/rx_engine/rx_engine.cpp:492]   --->   Operation 81 'br' 'br_ln492' <Predicate = (tmp_i & tmp_i_273) | (tmp_i & !firstWord_load)> <Delay = 0.38>
ST_1 : Operation 82 [1/1] (0.00ns)   --->   "%firstWord_flag_1_i = phi i1 0, void, i1 0, void %entry, i1 %or_ln492, void %._crit_edge5.i" [/home/haiyang3/eth-axi-streamer/fpga-network-stack/hls/toe/rx_engine/rx_engine.cpp:492]   --->   Operation 82 'phi' 'firstWord_flag_1_i' <Predicate = true> <Delay = 0.00>
ST_1 : Operation 83 [1/1] (0.00ns)   --->   "%firstWord_new_1_i = phi i1 0, void, i1 0, void %entry, i1 %tmp_last_V, void %._crit_edge5.i"   --->   Operation 83 'phi' 'firstWord_new_1_i' <Predicate = true> <Delay = 0.00>
ST_1 : Operation 84 [1/1] (0.00ns)   --->   "%header_ready_1_flag_1_i = phi i1 0, void, i1 0, void %entry, i1 %or_ln492_1, void %._crit_edge5.i" [/home/haiyang3/eth-axi-streamer/fpga-network-stack/hls/toe/rx_engine/rx_engine.cpp:492]   --->   Operation 84 'phi' 'header_ready_1_flag_1_i' <Predicate = true> <Delay = 0.00>
ST_1 : Operation 85 [1/1] (0.00ns)   --->   "%header_ready_1_new_1_i = phi i1 0, void, i1 0, void %entry, i1 %xor_ln492, void %._crit_edge5.i" [/home/haiyang3/eth-axi-streamer/fpga-network-stack/hls/toe/rx_engine/rx_engine.cpp:492]   --->   Operation 85 'phi' 'header_ready_1_new_1_i' <Predicate = true> <Delay = 0.00>
ST_1 : Operation 86 [1/1] (0.00ns)   --->   "%header_idx_6_new_1_i = phi i16 0, void, i16 0, void %entry, i16 %select_ln492, void %._crit_edge5.i" [/home/haiyang3/eth-axi-streamer/fpga-network-stack/hls/toe/rx_engine/rx_engine.cpp:492]   --->   Operation 86 'phi' 'header_idx_6_new_1_i' <Predicate = true> <Delay = 0.00>
ST_1 : Operation 87 [1/1] (0.00ns)   --->   "%metaWritten_1_flag_1_i = phi i1 0, void, i1 0, void %entry, i1 %or_ln492_2, void %._crit_edge5.i" [/home/haiyang3/eth-axi-streamer/fpga-network-stack/hls/toe/rx_engine/rx_engine.cpp:492]   --->   Operation 87 'phi' 'metaWritten_1_flag_1_i' <Predicate = true> <Delay = 0.00>
ST_1 : Operation 88 [1/1] (0.00ns)   --->   "%br_ln492 = br i1 %metaWritten_1_flag_1_i, void %._crit_edge1.new6.i, void %mergeST5.i" [/home/haiyang3/eth-axi-streamer/fpga-network-stack/hls/toe/rx_engine/rx_engine.cpp:492]   --->   Operation 88 'br' 'br_ln492' <Predicate = true> <Delay = 0.00>
ST_1 : Operation 89 [1/1] (0.00ns)   --->   "%store_ln488 = store i1 %header_ready_1_new_1_i, i1 %metaWritten_1" [/home/haiyang3/eth-axi-streamer/fpga-network-stack/hls/toe/rx_engine/rx_engine.cpp:488]   --->   Operation 89 'store' 'store_ln488' <Predicate = (metaWritten_1_flag_1_i)> <Delay = 0.00>
ST_1 : Operation 90 [1/1] (0.00ns)   --->   "%br_ln0 = br void %._crit_edge1.new6.i"   --->   Operation 90 'br' 'br_ln0' <Predicate = (metaWritten_1_flag_1_i)> <Delay = 0.00>
ST_1 : Operation 91 [1/1] (0.00ns)   --->   "%br_ln492 = br i1 %header_ready_1_flag_1_i, void %._crit_edge1.new2.i, void %mergeST3.i" [/home/haiyang3/eth-axi-streamer/fpga-network-stack/hls/toe/rx_engine/rx_engine.cpp:492]   --->   Operation 91 'br' 'br_ln492' <Predicate = true> <Delay = 0.00>
ST_1 : Operation 92 [1/1] (0.00ns)   --->   "%store_ln67 = store i16 %header_idx_6_new_1_i, i16 %header_idx_2" [/home/haiyang3/eth-axi-streamer/fpga-network-stack/hls/toe/rx_engine/../../packet.hpp:67]   --->   Operation 92 'store' 'store_ln67' <Predicate = (header_ready_1_flag_1_i)> <Delay = 0.00>
ST_1 : Operation 93 [1/1] (0.00ns)   --->   "%store_ln65 = store i1 %header_ready_1_new_1_i, i1 %header_ready_1" [/home/haiyang3/eth-axi-streamer/fpga-network-stack/hls/toe/rx_engine/../../packet.hpp:65]   --->   Operation 93 'store' 'store_ln65' <Predicate = (header_ready_1_flag_1_i)> <Delay = 0.00>
ST_1 : Operation 94 [1/1] (0.00ns)   --->   "%br_ln0 = br void %._crit_edge1.new2.i"   --->   Operation 94 'br' 'br_ln0' <Predicate = (header_ready_1_flag_1_i)> <Delay = 0.00>
ST_1 : Operation 95 [1/1] (0.00ns)   --->   "%br_ln492 = br i1 %firstWord_flag_1_i, void %processPseudoHeader<512>.exit, void %mergeST.i" [/home/haiyang3/eth-axi-streamer/fpga-network-stack/hls/toe/rx_engine/rx_engine.cpp:492]   --->   Operation 95 'br' 'br_ln492' <Predicate = true> <Delay = 0.00>
ST_1 : Operation 96 [1/1] (0.00ns)   --->   "%store_ln447 = store i1 %firstWord_new_1_i, i1 %firstWord" [/home/haiyang3/eth-axi-streamer/fpga-network-stack/hls/toe/rx_engine/rx_engine.cpp:447]   --->   Operation 96 'store' 'store_ln447' <Predicate = (firstWord_flag_1_i)> <Delay = 0.00>
ST_1 : Operation 97 [1/1] (0.00ns)   --->   "%br_ln0 = br void %processPseudoHeader<512>.exit"   --->   Operation 97 'br' 'br_ln0' <Predicate = (firstWord_flag_1_i)> <Delay = 0.00>

State 2 <SV = 1> <Delay = 0.79>
ST_2 : Operation 98 [1/1] (0.00ns)   --->   "%p_Val2_44_in_i_in_in = phi i256 %p_Val2_s, void %._crit_edge2.i, i256 %p_Result_s, void"   --->   Operation 98 'phi' 'p_Val2_44_in_i_in_in' <Predicate = (tmp_i & tmp_i_273) | (tmp_i & !firstWord_load)> <Delay = 0.00>
ST_2 : Operation 99 [1/1] (0.00ns)   --->   "%pkgValid_loc_0_i = phi i1 %rxEng_checksumValidFifo_read, void, i1 %pkgValid_load, void %_ZN12packetHeaderILi512ELi256EE9parseWordER7ap_uintILi512EE.exit.i" [/opt/xilinx/Vitis_HLS/2020.2/common/technology/autopilot/hls_stream_39.h:145]   --->   Operation 99 'phi' 'pkgValid_loc_0_i' <Predicate = (tmp_i & tmp_i_273) | (tmp_i & !firstWord_load)> <Delay = 0.00>
ST_2 : Operation 100 [1/1] (0.00ns)   --->   "%br_ln457 = br i1 %pkgValid_loc_0_i, void %.critedge.i, void" [/home/haiyang3/eth-axi-streamer/fpga-network-stack/hls/toe/rx_engine/rx_engine.cpp:457]   --->   Operation 100 'br' 'br_ln457' <Predicate = (tmp_i & tmp_i_273) | (tmp_i & !firstWord_load)> <Delay = 0.00>
ST_2 : Operation 101 [1/1] (0.00ns)   --->   "%p_Result_i = partselect i8 @_ssdm_op_PartSelect.i8.i256.i32.i32, i256 %p_Val2_44_in_i_in_in, i32 88, i32 95"   --->   Operation 101 'partselect' 'p_Result_i' <Predicate = (tmp_i & tmp_i_273 & pkgValid_loc_0_i) | (tmp_i & !firstWord_load & pkgValid_loc_0_i)> <Delay = 0.00>
ST_2 : Operation 102 [1/1] (0.00ns)   --->   "%p_Result_521_i = partselect i8 @_ssdm_op_PartSelect.i8.i256.i32.i32, i256 %p_Val2_44_in_i_in_in, i32 80, i32 87"   --->   Operation 102 'partselect' 'p_Result_521_i' <Predicate = (tmp_i & tmp_i_273 & pkgValid_loc_0_i) | (tmp_i & !firstWord_load & pkgValid_loc_0_i)> <Delay = 0.00>
ST_2 : Operation 103 [1/1] (0.00ns)   --->   "%p_Result_202 = bitconcatenate i16 @_ssdm_op_BitConcatenate.i16.i8.i8, i8 %p_Result_521_i, i8 %p_Result_i"   --->   Operation 103 'bitconcatenate' 'p_Result_202' <Predicate = (tmp_i & tmp_i_273 & pkgValid_loc_0_i) | (tmp_i & !firstWord_load & pkgValid_loc_0_i)> <Delay = 0.00>
ST_2 : Operation 104 [1/1] (0.00ns)   --->   "%lhs = partselect i4 @_ssdm_op_PartSelect.i4.i256.i32.i32, i256 %p_Val2_44_in_i_in_in, i32 196, i32 199"   --->   Operation 104 'partselect' 'lhs' <Predicate = (tmp_i & tmp_i_273 & pkgValid_loc_0_i) | (tmp_i & !firstWord_load & pkgValid_loc_0_i)> <Delay = 0.00>
ST_2 : Operation 105 [1/1] (0.00ns)   --->   "%ret = bitconcatenate i6 @_ssdm_op_BitConcatenate.i6.i4.i2, i4 %lhs, i2 0"   --->   Operation 105 'bitconcatenate' 'ret' <Predicate = (tmp_i & tmp_i_273 & pkgValid_loc_0_i) | (tmp_i & !firstWord_load & pkgValid_loc_0_i)> <Delay = 0.00>
ST_2 : Operation 106 [1/1] (0.00ns)   --->   "%zext_ln1347 = zext i6 %ret"   --->   Operation 106 'zext' 'zext_ln1347' <Predicate = (tmp_i & tmp_i_273 & pkgValid_loc_0_i) | (tmp_i & !firstWord_load & pkgValid_loc_0_i)> <Delay = 0.00>
ST_2 : Operation 107 [1/1] (0.67ns)   --->   "%icmp_ln874 = icmp_ne  i16 %p_Result_202, i16 %zext_ln1347"   --->   Operation 107 'icmp' 'icmp_ln874' <Predicate = (tmp_i & tmp_i_273 & pkgValid_loc_0_i) | (tmp_i & !firstWord_load & pkgValid_loc_0_i)> <Delay = 0.67> <CoreInst = "Cmp">   --->   Core 9 'Cmp' <Latency = 0> <II = 1> <Delay = 0.65> <FuncUnit> <Opcode : 'icmp'> <InPorts = 2> <OutPorts = 1>
ST_2 : Operation 108 [1/1] (0.65ns)   --->   "%icmp_ln886 = icmp_ugt  i4 %lhs, i4 5"   --->   Operation 108 'icmp' 'icmp_ln886' <Predicate = (tmp_i & tmp_i_273 & pkgValid_loc_0_i) | (tmp_i & !firstWord_load & pkgValid_loc_0_i)> <Delay = 0.65> <CoreInst = "Cmp">   --->   Core 9 'Cmp' <Latency = 0> <II = 1> <Delay = 0.65> <FuncUnit> <Opcode : 'icmp'> <InPorts = 2> <OutPorts = 1>
ST_2 : Operation 109 [1/1] (0.12ns)   --->   "%or_ln457 = or i1 %icmp_ln886, i1 %icmp_ln874" [/home/haiyang3/eth-axi-streamer/fpga-network-stack/hls/toe/rx_engine/rx_engine.cpp:457]   --->   Operation 109 'or' 'or_ln457' <Predicate = (tmp_i & tmp_i_273 & pkgValid_loc_0_i) | (tmp_i & !firstWord_load & pkgValid_loc_0_i)> <Delay = 0.12> <CoreInst = "LogicGate">   --->   Core 74 'LogicGate' <Latency = 0> <II = 1> <Delay = 0.12> <FuncUnit> <Opcode : 'and' 'or' 'xor'> <InPorts = 2> <OutPorts = 1>
ST_2 : Operation 110 [1/1] (0.00ns)   --->   "%br_ln457 = br i1 %or_ln457, void %.critedge.i, void %.critedge281.i" [/home/haiyang3/eth-axi-streamer/fpga-network-stack/hls/toe/rx_engine/rx_engine.cpp:457]   --->   Operation 110 'br' 'br_ln457' <Predicate = (tmp_i & tmp_i_273 & pkgValid_loc_0_i) | (tmp_i & !firstWord_load & pkgValid_loc_0_i)> <Delay = 0.00>
ST_2 : Operation 111 [1/1] (0.00ns)   --->   "%p_Result_524_i = partselect i8 @_ssdm_op_PartSelect.i8.i256.i32.i32, i256 %p_Val2_44_in_i_in_in, i32 152, i32 159"   --->   Operation 111 'partselect' 'p_Result_524_i' <Predicate = (tmp_i & tmp_i_273 & !metaWritten_1_load) | (tmp_i & !firstWord_load & !metaWritten_1_load)> <Delay = 0.00>
ST_2 : Operation 112 [1/1] (0.00ns)   --->   "%p_Result_525_i = partselect i8 @_ssdm_op_PartSelect.i8.i256.i32.i32, i256 %p_Val2_44_in_i_in_in, i32 144, i32 151"   --->   Operation 112 'partselect' 'p_Result_525_i' <Predicate = (tmp_i & tmp_i_273 & !metaWritten_1_load) | (tmp_i & !firstWord_load & !metaWritten_1_load)> <Delay = 0.00>
ST_2 : Operation 113 [1/1] (0.00ns)   --->   "%p_Result_526_i = partselect i8 @_ssdm_op_PartSelect.i8.i256.i32.i32, i256 %p_Val2_44_in_i_in_in, i32 136, i32 143"   --->   Operation 113 'partselect' 'p_Result_526_i' <Predicate = (tmp_i & tmp_i_273 & !metaWritten_1_load) | (tmp_i & !firstWord_load & !metaWritten_1_load)> <Delay = 0.00>
ST_2 : Operation 114 [1/1] (0.00ns)   --->   "%p_Result_527_i = partselect i8 @_ssdm_op_PartSelect.i8.i256.i32.i32, i256 %p_Val2_44_in_i_in_in, i32 128, i32 135"   --->   Operation 114 'partselect' 'p_Result_527_i' <Predicate = (tmp_i & tmp_i_273 & !metaWritten_1_load) | (tmp_i & !firstWord_load & !metaWritten_1_load)> <Delay = 0.00>
ST_2 : Operation 115 [1/1] (0.00ns)   --->   "%p_Result_528_i = partselect i8 @_ssdm_op_PartSelect.i8.i256.i32.i32, i256 %p_Val2_44_in_i_in_in, i32 184, i32 191"   --->   Operation 115 'partselect' 'p_Result_528_i' <Predicate = (tmp_i & tmp_i_273 & !metaWritten_1_load) | (tmp_i & !firstWord_load & !metaWritten_1_load)> <Delay = 0.00>
ST_2 : Operation 116 [1/1] (0.00ns)   --->   "%p_Result_529_i = partselect i8 @_ssdm_op_PartSelect.i8.i256.i32.i32, i256 %p_Val2_44_in_i_in_in, i32 176, i32 183"   --->   Operation 116 'partselect' 'p_Result_529_i' <Predicate = (tmp_i & tmp_i_273 & !metaWritten_1_load) | (tmp_i & !firstWord_load & !metaWritten_1_load)> <Delay = 0.00>
ST_2 : Operation 117 [1/1] (0.00ns)   --->   "%p_Result_530_i = partselect i8 @_ssdm_op_PartSelect.i8.i256.i32.i32, i256 %p_Val2_44_in_i_in_in, i32 168, i32 175"   --->   Operation 117 'partselect' 'p_Result_530_i' <Predicate = (tmp_i & tmp_i_273 & !metaWritten_1_load) | (tmp_i & !firstWord_load & !metaWritten_1_load)> <Delay = 0.00>
ST_2 : Operation 118 [1/1] (0.00ns)   --->   "%p_Result_531_i = partselect i8 @_ssdm_op_PartSelect.i8.i256.i32.i32, i256 %p_Val2_44_in_i_in_in, i32 160, i32 167"   --->   Operation 118 'partselect' 'p_Result_531_i' <Predicate = (tmp_i & tmp_i_273 & !metaWritten_1_load) | (tmp_i & !firstWord_load & !metaWritten_1_load)> <Delay = 0.00>
ST_2 : Operation 119 [1/1] (0.00ns)   --->   "%p_Result_533_i = partselect i8 @_ssdm_op_PartSelect.i8.i256.i32.i32, i256 %p_Val2_44_in_i_in_in, i32 216, i32 223"   --->   Operation 119 'partselect' 'p_Result_533_i' <Predicate = (tmp_i & tmp_i_273 & !metaWritten_1_load) | (tmp_i & !firstWord_load & !metaWritten_1_load)> <Delay = 0.00>
ST_2 : Operation 120 [1/1] (0.00ns)   --->   "%p_Result_534_i = partselect i8 @_ssdm_op_PartSelect.i8.i256.i32.i32, i256 %p_Val2_44_in_i_in_in, i32 208, i32 215"   --->   Operation 120 'partselect' 'p_Result_534_i' <Predicate = (tmp_i & tmp_i_273 & !metaWritten_1_load) | (tmp_i & !firstWord_load & !metaWritten_1_load)> <Delay = 0.00>
ST_2 : Operation 121 [1/1] (0.00ns)   --->   "%p_Result_536_i = partselect i8 @_ssdm_op_PartSelect.i8.i256.i32.i32, i256 %p_Val2_44_in_i_in_in, i32 88, i32 95"   --->   Operation 121 'partselect' 'p_Result_536_i' <Predicate = (tmp_i & tmp_i_273 & !metaWritten_1_load) | (tmp_i & !firstWord_load & !metaWritten_1_load)> <Delay = 0.00>
ST_2 : Operation 122 [1/1] (0.00ns)   --->   "%p_Result_537_i = partselect i8 @_ssdm_op_PartSelect.i8.i256.i32.i32, i256 %p_Val2_44_in_i_in_in, i32 80, i32 87"   --->   Operation 122 'partselect' 'p_Result_537_i' <Predicate = (tmp_i & tmp_i_273 & !metaWritten_1_load) | (tmp_i & !firstWord_load & !metaWritten_1_load)> <Delay = 0.00>
ST_2 : Operation 123 [1/1] (0.00ns)   --->   "%p_Result_203 = bitconcatenate i16 @_ssdm_op_BitConcatenate.i16.i8.i8, i8 %p_Result_537_i, i8 %p_Result_536_i"   --->   Operation 123 'bitconcatenate' 'p_Result_203' <Predicate = (tmp_i & tmp_i_273 & !metaWritten_1_load) | (tmp_i & !firstWord_load & !metaWritten_1_load)> <Delay = 0.00>
ST_2 : Operation 124 [1/1] (0.00ns)   --->   "%meta_dataOffset_V_1 = partselect i4 @_ssdm_op_PartSelect.i4.i256.i32.i32, i256 %p_Val2_44_in_i_in_in, i32 196, i32 199"   --->   Operation 124 'partselect' 'meta_dataOffset_V_1' <Predicate = (tmp_i & tmp_i_273 & !metaWritten_1_load) | (tmp_i & !firstWord_load & !metaWritten_1_load)> <Delay = 0.00>
ST_2 : Operation 125 [1/1] (0.00ns)   --->   "%shl_ln3 = bitconcatenate i6 @_ssdm_op_BitConcatenate.i6.i4.i2, i4 %meta_dataOffset_V_1, i2 0"   --->   Operation 125 'bitconcatenate' 'shl_ln3' <Predicate = (tmp_i & tmp_i_273 & !metaWritten_1_load) | (tmp_i & !firstWord_load & !metaWritten_1_load)> <Delay = 0.00>
ST_2 : Operation 126 [1/1] (0.00ns)   --->   "%zext_ln213_3 = zext i6 %shl_ln3"   --->   Operation 126 'zext' 'zext_ln213_3' <Predicate = (tmp_i & tmp_i_273 & !metaWritten_1_load) | (tmp_i & !firstWord_load & !metaWritten_1_load)> <Delay = 0.00>
ST_2 : Operation 127 [1/1] (0.78ns)   --->   "%meta_length_V_1 = sub i16 %p_Result_203, i16 %zext_ln213_3"   --->   Operation 127 'sub' 'meta_length_V_1' <Predicate = (tmp_i & tmp_i_273 & !metaWritten_1_load) | (tmp_i & !firstWord_load & !metaWritten_1_load)> <Delay = 0.78> <CoreInst = "Adder">   --->   Core 1 'Adder' <Latency = 0> <II = 1> <Delay = 0.70> <FuncUnit> <Opcode : 'add' 'sub'> <InPorts = 2> <OutPorts = 1>
ST_2 : Operation 128 [1/1] (0.00ns)   --->   "%br_ln473 = br i1 %pkgValid_loc_0_i, void %._crit_edge7.i, void" [/home/haiyang3/eth-axi-streamer/fpga-network-stack/hls/toe/rx_engine/rx_engine.cpp:473]   --->   Operation 128 'br' 'br_ln473' <Predicate = (tmp_i & tmp_i_273 & !metaWritten_1_load) | (tmp_i & !firstWord_load & !metaWritten_1_load)> <Delay = 0.00>
ST_2 : Operation 129 [1/1] (0.00ns)   --->   "%tmp_284 = bitselect i1 @_ssdm_op_BitSelect.i1.i256.i32, i256 %p_Val2_44_in_i_in_in, i32 204" [/opt/xilinx/Vitis_HLS/2020.2/common/technology/autopilot/hls_stream_39.h:174]   --->   Operation 129 'bitselect' 'tmp_284' <Predicate = (tmp_i & tmp_i_273 & pkgValid_loc_0_i & !metaWritten_1_load) | (tmp_i & !firstWord_load & pkgValid_loc_0_i & !metaWritten_1_load)> <Delay = 0.00>
ST_2 : Operation 130 [1/1] (0.00ns)   --->   "%tmp_285 = bitselect i1 @_ssdm_op_BitSelect.i1.i256.i32, i256 %p_Val2_44_in_i_in_in, i32 202" [/opt/xilinx/Vitis_HLS/2020.2/common/technology/autopilot/hls_stream_39.h:174]   --->   Operation 130 'bitselect' 'tmp_285' <Predicate = (tmp_i & tmp_i_273 & pkgValid_loc_0_i & !metaWritten_1_load) | (tmp_i & !firstWord_load & pkgValid_loc_0_i & !metaWritten_1_load)> <Delay = 0.00>
ST_2 : Operation 131 [1/1] (0.00ns)   --->   "%tmp_286 = bitselect i1 @_ssdm_op_BitSelect.i1.i256.i32, i256 %p_Val2_44_in_i_in_in, i32 201" [/opt/xilinx/Vitis_HLS/2020.2/common/technology/autopilot/hls_stream_39.h:174]   --->   Operation 131 'bitselect' 'tmp_286' <Predicate = (tmp_i & tmp_i_273 & pkgValid_loc_0_i & !metaWritten_1_load) | (tmp_i & !firstWord_load & pkgValid_loc_0_i & !metaWritten_1_load)> <Delay = 0.00>
ST_2 : Operation 132 [1/1] (0.00ns)   --->   "%tmp_287 = bitselect i1 @_ssdm_op_BitSelect.i1.i256.i32, i256 %p_Val2_44_in_i_in_in, i32 200" [/opt/xilinx/Vitis_HLS/2020.2/common/technology/autopilot/hls_stream_39.h:174]   --->   Operation 132 'bitselect' 'tmp_287' <Predicate = (tmp_i & tmp_i_273 & pkgValid_loc_0_i & !metaWritten_1_load) | (tmp_i & !firstWord_load & pkgValid_loc_0_i & !metaWritten_1_load)> <Delay = 0.00>
ST_2 : Operation 133 [1/1] (0.00ns)   --->   "%p_9 = partselect i16 @_ssdm_op_PartSelect.i16.i256.i32.i32, i256 %p_Val2_44_in_i_in_in, i32 112, i32 127"   --->   Operation 133 'partselect' 'p_9' <Predicate = (tmp_i & tmp_i_273 & pkgValid_loc_0_i & !metaWritten_1_load) | (tmp_i & !firstWord_load & pkgValid_loc_0_i & !metaWritten_1_load)> <Delay = 0.00>
ST_2 : Operation 134 [1/1] (0.00ns)   --->   "%tmp_6 = partselect i32 @_ssdm_op_PartSelect.i32.i256.i32.i32, i256 %p_Val2_44_in_i_in_in, i32 96, i32 127" [/opt/xilinx/Vitis_HLS/2020.2/common/technology/autopilot/hls_stream_39.h:174]   --->   Operation 134 'partselect' 'tmp_6' <Predicate = (tmp_i & tmp_i_273 & pkgValid_loc_0_i & !metaWritten_1_load) | (tmp_i & !firstWord_load & pkgValid_loc_0_i & !metaWritten_1_load)> <Delay = 0.00>
ST_2 : Operation 135 [1/1] (0.00ns)   --->   "%trunc_ln174 = trunc i256 %p_Val2_44_in_i_in_in" [/opt/xilinx/Vitis_HLS/2020.2/common/technology/autopilot/hls_stream_39.h:174]   --->   Operation 135 'trunc' 'trunc_ln174' <Predicate = (tmp_i & tmp_i_273 & pkgValid_loc_0_i & !metaWritten_1_load) | (tmp_i & !firstWord_load & pkgValid_loc_0_i & !metaWritten_1_load)> <Delay = 0.00>
ST_2 : Operation 136 [1/1] (0.67ns)   --->   "%icmp_ln874_4 = icmp_ne  i16 %p_Result_203, i16 %zext_ln213_3"   --->   Operation 136 'icmp' 'icmp_ln874_4' <Predicate = (tmp_i & tmp_i_273 & pkgValid_loc_0_i & !metaWritten_1_load) | (tmp_i & !firstWord_load & pkgValid_loc_0_i & !metaWritten_1_load)> <Delay = 0.67> <CoreInst = "Cmp">   --->   Core 9 'Cmp' <Latency = 0> <II = 1> <Delay = 0.65> <FuncUnit> <Opcode : 'icmp'> <InPorts = 2> <OutPorts = 1>
ST_2 : Operation 137 [1/1] (0.65ns)   --->   "%icmp_ln886_4 = icmp_ugt  i4 %meta_dataOffset_V_1, i4 5"   --->   Operation 137 'icmp' 'icmp_ln886_4' <Predicate = (tmp_i & tmp_i_273 & pkgValid_loc_0_i & !metaWritten_1_load) | (tmp_i & !firstWord_load & pkgValid_loc_0_i & !metaWritten_1_load)> <Delay = 0.65> <CoreInst = "Cmp">   --->   Core 9 'Cmp' <Latency = 0> <II = 1> <Delay = 0.65> <FuncUnit> <Opcode : 'icmp'> <InPorts = 2> <OutPorts = 1>
ST_2 : Operation 138 [1/1] (0.12ns)   --->   "%or_ln478 = or i1 %icmp_ln886_4, i1 %icmp_ln874_4" [/home/haiyang3/eth-axi-streamer/fpga-network-stack/hls/toe/rx_engine/rx_engine.cpp:478]   --->   Operation 138 'or' 'or_ln478' <Predicate = (tmp_i & tmp_i_273 & pkgValid_loc_0_i & !metaWritten_1_load) | (tmp_i & !firstWord_load & pkgValid_loc_0_i & !metaWritten_1_load)> <Delay = 0.12> <CoreInst = "LogicGate">   --->   Core 74 'LogicGate' <Latency = 0> <II = 1> <Delay = 0.12> <FuncUnit> <Opcode : 'and' 'or' 'xor'> <InPorts = 2> <OutPorts = 1>
ST_2 : Operation 139 [1/1] (0.00ns)   --->   "%br_ln478 = br i1 %or_ln478, void %._crit_edge7.i, void %.critedge282.i" [/home/haiyang3/eth-axi-streamer/fpga-network-stack/hls/toe/rx_engine/rx_engine.cpp:478]   --->   Operation 139 'br' 'br_ln478' <Predicate = (tmp_i & tmp_i_273 & pkgValid_loc_0_i & !metaWritten_1_load) | (tmp_i & !firstWord_load & pkgValid_loc_0_i & !metaWritten_1_load)> <Delay = 0.00>

State 3 <SV = 2> <Delay = 1.87>
ST_3 : Operation 140 [1/1] (1.16ns)   --->   "%write_ln174 = write void @_ssdm_op_Write.ap_fifo.volatile.i1024P0A, i1024 %rxEng_dataBuffer3a, i1024 %rxEng_dataBuffer2_read" [/opt/xilinx/Vitis_HLS/2020.2/common/technology/autopilot/hls_stream_39.h:174]   --->   Operation 140 'write' 'write_ln174' <Predicate = (tmp_i & tmp_i_273 & pkgValid_loc_0_i & or_ln457) | (tmp_i & !firstWord_load & pkgValid_loc_0_i & or_ln457)> <Delay = 1.16> <CoreInst = "FIFO">   --->   Core 78 'FIFO' <Latency = 0> <II = 1> <Delay = 1.26> <Storage> <Opcode : 'read' 'write' 'nbread' 'nbwrite'> <Ports = 0> <Width = 1024> <Depth = 8> <FIFO>
ST_3 : Operation 141 [1/1] (0.00ns)   --->   "%br_ln460 = br void %.critedge.i" [/home/haiyang3/eth-axi-streamer/fpga-network-stack/hls/toe/rx_engine/rx_engine.cpp:460]   --->   Operation 141 'br' 'br_ln460' <Predicate = (tmp_i & tmp_i_273 & pkgValid_loc_0_i & or_ln457) | (tmp_i & !firstWord_load & pkgValid_loc_0_i & or_ln457)> <Delay = 0.00>
ST_3 : Operation 142 [1/1] (0.00ns)   --->   "%p_s = bitconcatenate i160 @_ssdm_op_BitConcatenate.i160.i12.i4.i7.i1.i7.i1.i7.i1.i7.i1.i16.i16.i8.i8.i8.i8.i8.i8.i8.i8.i8.i8, i12 0, i4 %meta_dataOffset_V_1, i7 0, i1 %tmp_287, i7 0, i1 %tmp_286, i7 0, i1 %tmp_285, i7 0, i1 %tmp_284, i16 %meta_length_V_1, i16 0, i8 %p_Result_534_i, i8 %p_Result_533_i, i8 %p_Result_531_i, i8 %p_Result_530_i, i8 %p_Result_529_i, i8 %p_Result_528_i, i8 %p_Result_527_i, i8 %p_Result_526_i, i8 %p_Result_525_i, i8 %p_Result_524_i" [/opt/xilinx/Vitis_HLS/2020.2/common/technology/autopilot/hls_stream_39.h:174]   --->   Operation 142 'bitconcatenate' 'p_s' <Predicate = (tmp_i & tmp_i_273 & pkgValid_loc_0_i & !metaWritten_1_load) | (tmp_i & !firstWord_load & pkgValid_loc_0_i & !metaWritten_1_load)> <Delay = 0.00>
ST_3 : Operation 143 [1/1] (1.13ns)   --->   "%write_ln174 = write void @_ssdm_op_Write.ap_fifo.volatile.i160P0A, i160 %rxEng_headerMetaFifo, i160 %p_s" [/opt/xilinx/Vitis_HLS/2020.2/common/technology/autopilot/hls_stream_39.h:174]   --->   Operation 143 'write' 'write_ln174' <Predicate = (tmp_i & tmp_i_273 & pkgValid_loc_0_i & !metaWritten_1_load) | (tmp_i & !firstWord_load & pkgValid_loc_0_i & !metaWritten_1_load)> <Delay = 1.13> <CoreInst = "FIFO">   --->   Core 78 'FIFO' <Latency = 0> <II = 1> <Delay = 1.13> <Storage> <Opcode : 'read' 'write' 'nbread' 'nbwrite'> <Ports = 0> <Width = 160> <Depth = 16> <FIFO>
ST_3 : Operation 144 [1/1] (1.16ns)   --->   "%write_ln174 = write void @_ssdm_op_Write.ap_fifo.volatile.i16P0A, i16 %rxEng2portTable_check_req, i16 %p_9" [/opt/xilinx/Vitis_HLS/2020.2/common/technology/autopilot/hls_stream_39.h:174]   --->   Operation 144 'write' 'write_ln174' <Predicate = (tmp_i & tmp_i_273 & pkgValid_loc_0_i & !metaWritten_1_load) | (tmp_i & !firstWord_load & pkgValid_loc_0_i & !metaWritten_1_load)> <Delay = 1.16> <CoreInst = "FIFO_SRL">   --->   Core 81 'FIFO_SRL' <Latency = 0> <II = 1> <Delay = 1.33> <Storage> <Opcode : 'read' 'write' 'nbread' 'nbwrite'> <Ports = 0> <Width = 16> <Depth = 4> <FIFO>
ST_3 : Operation 145 [1/1] (0.00ns)   --->   "%p_10 = bitconcatenate i96 @_ssdm_op_BitConcatenate.i96.i32.i64, i32 %tmp_6, i64 %trunc_ln174" [/opt/xilinx/Vitis_HLS/2020.2/common/technology/autopilot/hls_stream_39.h:174]   --->   Operation 145 'bitconcatenate' 'p_10' <Predicate = (tmp_i & tmp_i_273 & pkgValid_loc_0_i & !metaWritten_1_load) | (tmp_i & !firstWord_load & pkgValid_loc_0_i & !metaWritten_1_load)> <Delay = 0.00>
ST_3 : Operation 146 [1/1] (1.16ns)   --->   "%write_ln174 = write void @_ssdm_op_Write.ap_fifo.volatile.i96P0A, i96 %rxEng_tupleBuffer, i96 %p_10" [/opt/xilinx/Vitis_HLS/2020.2/common/technology/autopilot/hls_stream_39.h:174]   --->   Operation 146 'write' 'write_ln174' <Predicate = (tmp_i & tmp_i_273 & pkgValid_loc_0_i & !metaWritten_1_load) | (tmp_i & !firstWord_load & pkgValid_loc_0_i & !metaWritten_1_load)> <Delay = 1.16> <CoreInst = "FIFO_SRL">   --->   Core 81 'FIFO_SRL' <Latency = 0> <II = 1> <Delay = 1.40> <Storage> <Opcode : 'read' 'write' 'nbread' 'nbwrite'> <Ports = 0> <Width = 96> <Depth = 2> <FIFO>
ST_3 : Operation 147 [1/1] (0.70ns)   --->   "%add_ln213 = add i4 %meta_dataOffset_V_1, i4 11"   --->   Operation 147 'add' 'add_ln213' <Predicate = (tmp_i & tmp_i_273 & pkgValid_loc_0_i & !metaWritten_1_load & or_ln478) | (tmp_i & !firstWord_load & pkgValid_loc_0_i & !metaWritten_1_load & or_ln478)> <Delay = 0.70> <CoreInst = "Adder">   --->   Core 1 'Adder' <Latency = 0> <II = 1> <Delay = 0.70> <FuncUnit> <Opcode : 'add' 'sub'> <InPorts = 2> <OutPorts = 1>
ST_3 : Operation 148 [1/1] (0.00ns)   --->   "%tmp_s = bitconcatenate i9 @_ssdm_op_BitConcatenate.i9.i1.i4.i4, i1 %tmp_286, i4 0, i4 %add_ln213" [/opt/xilinx/Vitis_HLS/2020.2/common/technology/autopilot/hls_stream_39.h:174]   --->   Operation 148 'bitconcatenate' 'tmp_s' <Predicate = (tmp_i & tmp_i_273 & pkgValid_loc_0_i & !metaWritten_1_load & or_ln478) | (tmp_i & !firstWord_load & pkgValid_loc_0_i & !metaWritten_1_load & or_ln478)> <Delay = 0.00>
ST_3 : Operation 149 [1/1] (0.00ns)   --->   "%zext_ln174 = zext i9 %tmp_s" [/opt/xilinx/Vitis_HLS/2020.2/common/technology/autopilot/hls_stream_39.h:174]   --->   Operation 149 'zext' 'zext_ln174' <Predicate = (tmp_i & tmp_i_273 & pkgValid_loc_0_i & !metaWritten_1_load & or_ln478) | (tmp_i & !firstWord_load & pkgValid_loc_0_i & !metaWritten_1_load & or_ln478)> <Delay = 0.00>
ST_3 : Operation 150 [1/1] (1.16ns)   --->   "%write_ln174 = write void @_ssdm_op_Write.ap_fifo.volatile.i16P0A, i16 %rxEng_optionalFieldsMetaFifo, i16 %zext_ln174" [/opt/xilinx/Vitis_HLS/2020.2/common/technology/autopilot/hls_stream_39.h:174]   --->   Operation 150 'write' 'write_ln174' <Predicate = (tmp_i & tmp_i_273 & pkgValid_loc_0_i & !metaWritten_1_load & or_ln478) | (tmp_i & !firstWord_load & pkgValid_loc_0_i & !metaWritten_1_load & or_ln478)> <Delay = 1.16> <CoreInst = "FIFO_SRL">   --->   Core 81 'FIFO_SRL' <Latency = 0> <II = 1> <Delay = 1.38> <Storage> <Opcode : 'read' 'write' 'nbread' 'nbwrite'> <Ports = 0> <Width = 16> <Depth = 8> <FIFO>
ST_3 : Operation 151 [1/1] (0.00ns)   --->   "%br_ln481 = br void %._crit_edge7.i" [/home/haiyang3/eth-axi-streamer/fpga-network-stack/hls/toe/rx_engine/rx_engine.cpp:481]   --->   Operation 151 'br' 'br_ln481' <Predicate = (tmp_i & tmp_i_273 & pkgValid_loc_0_i & !metaWritten_1_load & or_ln478) | (tmp_i & !firstWord_load & pkgValid_loc_0_i & !metaWritten_1_load & or_ln478)> <Delay = 0.00>
ST_3 : Operation 152 [1/1] (0.00ns)   --->   "%ret_ln0 = ret"   --->   Operation 152 'ret' 'ret_ln0' <Predicate = true> <Delay = 0.00>


============================================================
+ Verbose Summary: Timing violations
============================================================
Target clock period: 3.2ns, clock uncertainty: 0.864ns.

 <State 1>: 1.89ns
The critical path consists of the following:
	fifo read on port 'rxEng_dataBuffer2' (/opt/xilinx/Vitis_HLS/2020.2/common/technology/autopilot/hls_stream_39.h:145) [59]  (1.17 ns)
	'select' operation ('select_ln414') [72]  (0 ns)
	'select' operation ('select_ln414_18') [74]  (0 ns)
	'and' operation ('and_ln414_23') [80]  (0.426 ns)
	'or' operation ('__Result__') [81]  (0.294 ns)

 <State 2>: 0.798ns
The critical path consists of the following:
	'phi' operation ('__Result__') with incoming values : ('__Val2__') ('__Result__') [88]  (0 ns)
	'icmp' operation ('icmp_ln874') [106]  (0.676 ns)
	'or' operation ('or_ln457', /home/haiyang3/eth-axi-streamer/fpga-network-stack/hls/toe/rx_engine/rx_engine.cpp:457) [108]  (0.122 ns)

 <State 3>: 1.88ns
The critical path consists of the following:
	'add' operation ('add_ln213') [153]  (0.708 ns)
	fifo write on port 'rxEng_optionalFieldsMetaFifo' (/opt/xilinx/Vitis_HLS/2020.2/common/technology/autopilot/hls_stream_39.h:174) [156]  (1.17 ns)


============================================================
+ Verbose Summary: Binding
============================================================
N/A
* FSMD analyzer results:
  - Output states:
 - Input state : 
  - Chain level:
	State 1
	State 2
	State 3


============================================================
+ Verbose Summary: Datapath Resource usage 
============================================================
N/A
