

================================================================
== Vitis HLS Report for 'read_data_arbiter_512_s'
================================================================
* Date:           Tue Jul 19 06:13:02 2022

* Version:        2020.2 (Build 3064766 on Wed Nov 18 09:12:47 MST 2020)
* Project:        toe_prj
* Solution:       solution1 (Vivado IP Flow Target)
* Product family: virtexuplus
* Target device:  xcvu3p-ffvc1517-2-i


================================================================
== Performance Estimates
================================================================
+ Timing: 
    * Summary: 
    +--------+---------+----------+------------+
    |  Clock |  Target | Estimated| Uncertainty|
    +--------+---------+----------+------------+
    |ap_clk  |  3.20 ns|  1.877 ns|     0.86 ns|
    +--------+---------+----------+------------+

+ Latency: 
    * Summary: 
    +---------+---------+----------+----------+-----+-----+---------+
    |  Latency (cycles) |  Latency (absolute) |  Interval | Pipeline|
    |   min   |   max   |    min   |    max   | min | max |   Type  |
    +---------+---------+----------+----------+-----+-----+---------+
    |        1|        1|  3.200 ns|  3.200 ns|    1|    1|      yes|
    +---------+---------+----------+----------+-----+-----+---------+

    + Detail: 
        * Instance: 
        N/A

        * Loop: 
        N/A

============================================================
+ Verbose Summary: Synthesis Manager
============================================================
InlineROM: 1
ExposeGlobal: 0
============================================================
+ Verbose Summary: CDFG Model
============================================================
IsTopModel: 0
ResetActiveHigh: 1
IsCombinational: 2
IsDatapathOnly: 0
HasWiredReturn: 1
HasMFsm: 2
HasVarLatency: 0
IsPipeline: 1
IsRtlPipelined: 1
IsInstanceOverlapped: 0
IsDontTouch: 0
HasImplIP: 0
IsGatedGlobalClock: 0

+ Individual pipeline summary: 
  * Pipeline-0: initiation interval (II) = 1, depth = 2


============================================================
+ Verbose Summary: Schedule
============================================================
* Number of FSM states : 2
* Pipeline : 1
  Pipeline-0 : II = 1, D = 2, States = { 1 2 }
* Dataflow Pipeline: 0

* FSM state transitions: 
1 --> 2 
2 --> 

* FSM state operations: 

State 1 <SV = 0> <Delay = 1.87>
ST_1 : Operation 3 [1/1] (0.00ns)   --->   "%specinterface_ln0 = specinterface void @_ssdm_op_SpecInterface, i1024 %txApp2txEng_data_stream, void @empty_3, i32 0, i32 0, void @empty_5, i32 0, i32 0, void @empty_5, void @empty_5, void @empty_5, i32 0, i32 0, i32 0, i32 0, void @empty_5, void @empty_5"   --->   Operation 3 'specinterface' 'specinterface_ln0' <Predicate = true> <Delay = 0.00>
ST_1 : Operation 4 [1/1] (0.00ns)   --->   "%specinterface_ln0 = specinterface void @_ssdm_op_SpecInterface, i1024 %txApp2txEng_data_stream, void @empty_3, i32 0, i32 0, void @empty_5, i32 0, i32 0, void @empty_5, void @empty_5, void @empty_5, i32 0, i32 0, i32 0, i32 0, void @empty_5, void @empty_5"   --->   Operation 4 'specinterface' 'specinterface_ln0' <Predicate = true> <Delay = 0.00>
ST_1 : Operation 5 [1/1] (0.00ns)   --->   "%specinterface_ln0 = specinterface void @_ssdm_op_SpecInterface, i1024 %txApp2txEng_data_stream, void @empty_3, i32 0, i32 0, void @empty_5, i32 0, i32 0, void @empty_5, void @empty_5, void @empty_5, i32 0, i32 0, i32 0, i32 0, void @empty_5, void @empty_5"   --->   Operation 5 'specinterface' 'specinterface_ln0' <Predicate = true> <Delay = 0.00>
ST_1 : Operation 6 [1/1] (0.00ns)   --->   "%specinterface_ln0 = specinterface void @_ssdm_op_SpecInterface, i1024 %txBufferReadDataStitched, void @empty_3, i32 0, i32 0, void @empty_5, i32 0, i32 0, void @empty_5, void @empty_5, void @empty_5, i32 0, i32 0, i32 0, i32 0, void @empty_5, void @empty_5"   --->   Operation 6 'specinterface' 'specinterface_ln0' <Predicate = true> <Delay = 0.00>
ST_1 : Operation 7 [1/1] (0.00ns)   --->   "%specinterface_ln0 = specinterface void @_ssdm_op_SpecInterface, i1024 %txBufferReadDataStitched, void @empty_3, i32 0, i32 0, void @empty_5, i32 0, i32 0, void @empty_5, void @empty_5, void @empty_5, i32 0, i32 0, i32 0, i32 0, void @empty_5, void @empty_5"   --->   Operation 7 'specinterface' 'specinterface_ln0' <Predicate = true> <Delay = 0.00>
ST_1 : Operation 8 [1/1] (0.00ns)   --->   "%specinterface_ln0 = specinterface void @_ssdm_op_SpecInterface, i1024 %txBufferReadDataStitched, void @empty_3, i32 0, i32 0, void @empty_5, i32 0, i32 0, void @empty_5, void @empty_5, void @empty_5, i32 0, i32 0, i32 0, i32 0, void @empty_5, void @empty_5"   --->   Operation 8 'specinterface' 'specinterface_ln0' <Predicate = true> <Delay = 0.00>
ST_1 : Operation 9 [1/1] (0.00ns)   --->   "%specinterface_ln0 = specinterface void @_ssdm_op_SpecInterface, i1 %txEng_isDDRbypass, void @empty_3, i32 0, i32 0, void @empty_5, i32 0, i32 0, void @empty_5, void @empty_5, void @empty_5, i32 0, i32 0, i32 0, i32 0, void @empty_5, void @empty_5"   --->   Operation 9 'specinterface' 'specinterface_ln0' <Predicate = true> <Delay = 0.00>
ST_1 : Operation 10 [1/1] (0.00ns)   --->   "%specinterface_ln0 = specinterface void @_ssdm_op_SpecInterface, i1 %txEng_isDDRbypass, void @empty_3, i32 0, i32 0, void @empty_5, i32 0, i32 0, void @empty_5, void @empty_5, void @empty_5, i32 0, i32 0, i32 0, i32 0, void @empty_5, void @empty_5"   --->   Operation 10 'specinterface' 'specinterface_ln0' <Predicate = true> <Delay = 0.00>
ST_1 : Operation 11 [1/1] (0.00ns)   --->   "%specinterface_ln0 = specinterface void @_ssdm_op_SpecInterface, i1 %txEng_isDDRbypass, void @empty_3, i32 0, i32 0, void @empty_5, i32 0, i32 0, void @empty_5, void @empty_5, void @empty_5, i32 0, i32 0, i32 0, i32 0, void @empty_5, void @empty_5"   --->   Operation 11 'specinterface' 'specinterface_ln0' <Predicate = true> <Delay = 0.00>
ST_1 : Operation 12 [1/1] (0.00ns)   --->   "%specinterface_ln0 = specinterface void @_ssdm_op_SpecInterface, i1024 %txEng_tcpPkgBuffer0, void @empty_3, i32 0, i32 0, void @empty_5, i32 0, i32 0, void @empty_5, void @empty_5, void @empty_5, i32 0, i32 0, i32 0, i32 0, void @empty_5, void @empty_5"   --->   Operation 12 'specinterface' 'specinterface_ln0' <Predicate = true> <Delay = 0.00>
ST_1 : Operation 13 [1/1] (0.00ns)   --->   "%specinterface_ln0 = specinterface void @_ssdm_op_SpecInterface, i1024 %txEng_tcpPkgBuffer0, void @empty_3, i32 0, i32 0, void @empty_5, i32 0, i32 0, void @empty_5, void @empty_5, void @empty_5, i32 0, i32 0, i32 0, i32 0, void @empty_5, void @empty_5"   --->   Operation 13 'specinterface' 'specinterface_ln0' <Predicate = true> <Delay = 0.00>
ST_1 : Operation 14 [1/1] (0.00ns)   --->   "%specinterface_ln0 = specinterface void @_ssdm_op_SpecInterface, i1024 %txEng_tcpPkgBuffer0, void @empty_3, i32 0, i32 0, void @empty_5, i32 0, i32 0, void @empty_5, void @empty_5, void @empty_5, i32 0, i32 0, i32 0, i32 0, void @empty_5, void @empty_5"   --->   Operation 14 'specinterface' 'specinterface_ln0' <Predicate = true> <Delay = 0.00>
ST_1 : Operation 15 [1/1] (0.00ns)   --->   "%specinterface_ln0 = specinterface void @_ssdm_op_SpecInterface, i1024 %txApp2txEng_data_stream, void @empty_3, i32 0, i32 0, void @empty_5, i32 0, i32 0, void @empty_5, void @empty_5, void @empty_5, i32 0, i32 0, i32 0, i32 0, void @empty_5, void @empty_5"   --->   Operation 15 'specinterface' 'specinterface_ln0' <Predicate = true> <Delay = 0.00>
ST_1 : Operation 16 [1/1] (0.00ns)   --->   "%specinterface_ln0 = specinterface void @_ssdm_op_SpecInterface, i1024 %txEng_tcpPkgBuffer0, void @empty_3, i32 0, i32 0, void @empty_5, i32 0, i32 0, void @empty_5, void @empty_5, void @empty_5, i32 0, i32 0, i32 0, i32 0, void @empty_5, void @empty_5"   --->   Operation 16 'specinterface' 'specinterface_ln0' <Predicate = true> <Delay = 0.00>
ST_1 : Operation 17 [1/1] (0.00ns)   --->   "%specinterface_ln0 = specinterface void @_ssdm_op_SpecInterface, i1024 %txBufferReadDataStitched, void @empty_3, i32 0, i32 0, void @empty_5, i32 0, i32 0, void @empty_5, void @empty_5, void @empty_5, i32 0, i32 0, i32 0, i32 0, void @empty_5, void @empty_5"   --->   Operation 17 'specinterface' 'specinterface_ln0' <Predicate = true> <Delay = 0.00>
ST_1 : Operation 18 [1/1] (0.00ns)   --->   "%specinterface_ln0 = specinterface void @_ssdm_op_SpecInterface, i1 %txEng_isDDRbypass, void @empty_3, i32 0, i32 0, void @empty_5, i32 0, i32 0, void @empty_5, void @empty_5, void @empty_5, i32 0, i32 0, i32 0, i32 0, void @empty_5, void @empty_5"   --->   Operation 18 'specinterface' 'specinterface_ln0' <Predicate = true> <Delay = 0.00>
ST_1 : Operation 19 [1/1] (0.00ns)   --->   "%specpipeline_ln1397 = specpipeline void @_ssdm_op_SpecPipeline, i32 1, i32 0, i32 0, i32 0, void @empty_5" [/home/haiyang3/eth-axi-streamer/fpga-network-stack/hls/toe/tx_engine/tx_engine.cpp:1397]   --->   Operation 19 'specpipeline' 'specpipeline_ln1397' <Predicate = true> <Delay = 0.00>
ST_1 : Operation 20 [1/1] (0.00ns)   --->   "%tps_state_V_load = load i2 %tps_state_V"   --->   Operation 20 'load' 'tps_state_V_load' <Predicate = true> <Delay = 0.00>
ST_1 : Operation 21 [1/1] (0.65ns)   --->   "%switch_ln1409 = switch i2 %tps_state_V_load, void %read_data_arbiter<512>.exit, i2 0, void, i2 1, void, i2 2, void" [/home/haiyang3/eth-axi-streamer/fpga-network-stack/hls/toe/tx_engine/tx_engine.cpp:1409]   --->   Operation 21 'switch' 'switch_ln1409' <Predicate = true> <Delay = 0.65>
ST_1 : Operation 22 [1/1] (0.00ns)   --->   "%tmp_20_i = nbreadreq i1 @_ssdm_op_NbReadReq.ap_fifo.i1024P0A, i1024 %txApp2txEng_data_stream, i32 1" [/opt/xilinx/Vitis_HLS/2020.2/common/technology/autopilot/hls_stream_39.h:136]   --->   Operation 22 'nbreadreq' 'tmp_20_i' <Predicate = (tps_state_V_load == 2)> <Delay = 0.00> <CoreInst = "FIFO">   --->   Core 78 'FIFO' <Latency = 0> <II = 1> <Delay = 1.35> <Storage> <Opcode : 'read' 'write' 'nbread' 'nbwrite'> <Ports = 0> <Width = 1024> <Depth = 1024> <FIFO>
ST_1 : Operation 23 [1/1] (0.00ns)   --->   "%br_ln1443 = br i1 %tmp_20_i, void %read_data_arbiter<512>.exit, void" [/home/haiyang3/eth-axi-streamer/fpga-network-stack/hls/toe/tx_engine/tx_engine.cpp:1443]   --->   Operation 23 'br' 'br_ln1443' <Predicate = (tps_state_V_load == 2)> <Delay = 0.00>
ST_1 : Operation 24 [1/1] (1.16ns)   --->   "%txApp2txEng_data_stream_read = read i1024 @_ssdm_op_Read.ap_fifo.volatile.i1024P0A, i1024 %txApp2txEng_data_stream" [/opt/xilinx/Vitis_HLS/2020.2/common/technology/autopilot/hls_stream_39.h:145]   --->   Operation 24 'read' 'txApp2txEng_data_stream_read' <Predicate = (tps_state_V_load == 2 & tmp_20_i)> <Delay = 1.16> <CoreInst = "FIFO">   --->   Core 78 'FIFO' <Latency = 0> <II = 1> <Delay = 1.35> <Storage> <Opcode : 'read' 'write' 'nbread' 'nbwrite'> <Ports = 0> <Width = 1024> <Depth = 1024> <FIFO>
ST_1 : Operation 25 [1/1] (0.00ns)   --->   "%tmp_last_V_6 = bitselect i1 @_ssdm_op_BitSelect.i1.i1024.i32, i1024 %txApp2txEng_data_stream_read, i32 576" [/opt/xilinx/Vitis_HLS/2020.2/common/technology/autopilot/hls_stream_39.h:145]   --->   Operation 25 'bitselect' 'tmp_last_V_6' <Predicate = (tps_state_V_load == 2 & tmp_20_i)> <Delay = 0.00>
ST_1 : Operation 26 [1/1] (0.00ns)   --->   "%br_ln1450 = br i1 %tmp_last_V_6, void %read_data_arbiter<512>.exit, void" [/home/haiyang3/eth-axi-streamer/fpga-network-stack/hls/toe/tx_engine/tx_engine.cpp:1450]   --->   Operation 26 'br' 'br_ln1450' <Predicate = (tps_state_V_load == 2 & tmp_20_i)> <Delay = 0.00>
ST_1 : Operation 27 [1/1] (0.41ns)   --->   "%store_ln1452 = store i2 0, i2 %tps_state_V" [/home/haiyang3/eth-axi-streamer/fpga-network-stack/hls/toe/tx_engine/tx_engine.cpp:1452]   --->   Operation 27 'store' 'store_ln1452' <Predicate = (tps_state_V_load == 2 & tmp_20_i & tmp_last_V_6)> <Delay = 0.41>
ST_1 : Operation 28 [1/1] (0.00ns)   --->   "%br_ln1453 = br void %read_data_arbiter<512>.exit" [/home/haiyang3/eth-axi-streamer/fpga-network-stack/hls/toe/tx_engine/tx_engine.cpp:1453]   --->   Operation 28 'br' 'br_ln1453' <Predicate = (tps_state_V_load == 2 & tmp_20_i & tmp_last_V_6)> <Delay = 0.00>
ST_1 : Operation 29 [1/1] (0.00ns)   --->   "%tmp_i_271 = nbreadreq i1 @_ssdm_op_NbReadReq.ap_fifo.i1024P0A, i1024 %txBufferReadDataStitched, i32 1" [/opt/xilinx/Vitis_HLS/2020.2/common/technology/autopilot/hls_stream_39.h:136]   --->   Operation 29 'nbreadreq' 'tmp_i_271' <Predicate = (tps_state_V_load == 1)> <Delay = 0.00> <CoreInst = "FIFO_SRL">   --->   Core 81 'FIFO_SRL' <Latency = 0> <II = 1> <Delay = 1.33> <Storage> <Opcode : 'read' 'write' 'nbread' 'nbwrite'> <Ports = 0> <Width = 1024> <Depth = 2> <FIFO>
ST_1 : Operation 30 [1/1] (0.00ns)   --->   "%br_ln1431 = br i1 %tmp_i_271, void %read_data_arbiter<512>.exit, void" [/home/haiyang3/eth-axi-streamer/fpga-network-stack/hls/toe/tx_engine/tx_engine.cpp:1431]   --->   Operation 30 'br' 'br_ln1431' <Predicate = (tps_state_V_load == 1)> <Delay = 0.00>
ST_1 : Operation 31 [1/1] (1.16ns)   --->   "%txBufferReadDataStitched_read = read i1024 @_ssdm_op_Read.ap_fifo.volatile.i1024P0A, i1024 %txBufferReadDataStitched" [/opt/xilinx/Vitis_HLS/2020.2/common/technology/autopilot/hls_stream_39.h:145]   --->   Operation 31 'read' 'txBufferReadDataStitched_read' <Predicate = (tps_state_V_load == 1 & tmp_i_271)> <Delay = 1.16> <CoreInst = "FIFO_SRL">   --->   Core 81 'FIFO_SRL' <Latency = 0> <II = 1> <Delay = 1.33> <Storage> <Opcode : 'read' 'write' 'nbread' 'nbwrite'> <Ports = 0> <Width = 1024> <Depth = 2> <FIFO>
ST_1 : Operation 32 [1/1] (0.00ns)   --->   "%tmp_last_V = bitselect i1 @_ssdm_op_BitSelect.i1.i1024.i32, i1024 %txBufferReadDataStitched_read, i32 576" [/opt/xilinx/Vitis_HLS/2020.2/common/technology/autopilot/hls_stream_39.h:145]   --->   Operation 32 'bitselect' 'tmp_last_V' <Predicate = (tps_state_V_load == 1 & tmp_i_271)> <Delay = 0.00>
ST_1 : Operation 33 [1/1] (0.00ns)   --->   "%br_ln1435 = br i1 %tmp_last_V, void %read_data_arbiter<512>.exit, void" [/home/haiyang3/eth-axi-streamer/fpga-network-stack/hls/toe/tx_engine/tx_engine.cpp:1435]   --->   Operation 33 'br' 'br_ln1435' <Predicate = (tps_state_V_load == 1 & tmp_i_271)> <Delay = 0.00>
ST_1 : Operation 34 [1/1] (0.41ns)   --->   "%store_ln1437 = store i2 0, i2 %tps_state_V" [/home/haiyang3/eth-axi-streamer/fpga-network-stack/hls/toe/tx_engine/tx_engine.cpp:1437]   --->   Operation 34 'store' 'store_ln1437' <Predicate = (tps_state_V_load == 1 & tmp_i_271 & tmp_last_V)> <Delay = 0.41>
ST_1 : Operation 35 [1/1] (0.00ns)   --->   "%br_ln1438 = br void %read_data_arbiter<512>.exit" [/home/haiyang3/eth-axi-streamer/fpga-network-stack/hls/toe/tx_engine/tx_engine.cpp:1438]   --->   Operation 35 'br' 'br_ln1438' <Predicate = (tps_state_V_load == 1 & tmp_i_271 & tmp_last_V)> <Delay = 0.00>
ST_1 : Operation 36 [1/1] (0.00ns)   --->   "%tmp_i = nbreadreq i1 @_ssdm_op_NbReadReq.ap_fifo.i1P0A, i1 %txEng_isDDRbypass, i32 1" [/opt/xilinx/Vitis_HLS/2020.2/common/technology/autopilot/hls_stream_39.h:136]   --->   Operation 36 'nbreadreq' 'tmp_i' <Predicate = (tps_state_V_load == 0)> <Delay = 0.00> <CoreInst = "FIFO_SRL">   --->   Core 81 'FIFO_SRL' <Latency = 0> <II = 1> <Delay = 1.38> <Storage> <Opcode : 'read' 'write' 'nbread' 'nbwrite'> <Ports = 0> <Width = 1> <Depth = 32> <FIFO>
ST_1 : Operation 37 [1/1] (0.00ns)   --->   "%br_ln1413 = br i1 %tmp_i, void %read_data_arbiter<512>.exit, void" [/home/haiyang3/eth-axi-streamer/fpga-network-stack/hls/toe/tx_engine/tx_engine.cpp:1413]   --->   Operation 37 'br' 'br_ln1413' <Predicate = (tps_state_V_load == 0)> <Delay = 0.00>
ST_1 : Operation 38 [1/1] (1.16ns)   --->   "%tmp = read i1 @_ssdm_op_Read.ap_fifo.volatile.i1P0A, i1 %txEng_isDDRbypass" [/opt/xilinx/Vitis_HLS/2020.2/common/technology/autopilot/hls_stream_39.h:145]   --->   Operation 38 'read' 'tmp' <Predicate = (tps_state_V_load == 0 & tmp_i)> <Delay = 1.16> <CoreInst = "FIFO_SRL">   --->   Core 81 'FIFO_SRL' <Latency = 0> <II = 1> <Delay = 1.38> <Storage> <Opcode : 'read' 'write' 'nbread' 'nbwrite'> <Ports = 0> <Width = 1> <Depth = 32> <FIFO>
ST_1 : Operation 39 [1/1] (0.00ns)   --->   "%br_ln1416 = br i1 %tmp, void, void" [/home/haiyang3/eth-axi-streamer/fpga-network-stack/hls/toe/tx_engine/tx_engine.cpp:1416]   --->   Operation 39 'br' 'br_ln1416' <Predicate = (tps_state_V_load == 0 & tmp_i)> <Delay = 0.00>
ST_1 : Operation 40 [1/1] (0.41ns)   --->   "%store_ln1422 = store i2 1, i2 %tps_state_V" [/home/haiyang3/eth-axi-streamer/fpga-network-stack/hls/toe/tx_engine/tx_engine.cpp:1422]   --->   Operation 40 'store' 'store_ln1422' <Predicate = (tps_state_V_load == 0 & tmp_i & !tmp)> <Delay = 0.41>
ST_1 : Operation 41 [1/1] (0.00ns)   --->   "%br_ln0 = br void %read_data_arbiter<512>.exit"   --->   Operation 41 'br' 'br_ln0' <Predicate = (tps_state_V_load == 0 & tmp_i & !tmp)> <Delay = 0.00>
ST_1 : Operation 42 [1/1] (0.41ns)   --->   "%store_ln1418 = store i2 2, i2 %tps_state_V" [/home/haiyang3/eth-axi-streamer/fpga-network-stack/hls/toe/tx_engine/tx_engine.cpp:1418]   --->   Operation 42 'store' 'store_ln1418' <Predicate = (tps_state_V_load == 0 & tmp_i & tmp)> <Delay = 0.41>
ST_1 : Operation 43 [1/1] (0.00ns)   --->   "%br_ln1419 = br void %read_data_arbiter<512>.exit" [/home/haiyang3/eth-axi-streamer/fpga-network-stack/hls/toe/tx_engine/tx_engine.cpp:1419]   --->   Operation 43 'br' 'br_ln1419' <Predicate = (tps_state_V_load == 0 & tmp_i & tmp)> <Delay = 0.00>

State 2 <SV = 1> <Delay = 1.16>
ST_2 : Operation 44 [1/1] (1.16ns)   --->   "%write_ln174 = write void @_ssdm_op_Write.ap_fifo.volatile.i1024P0A, i1024 %txEng_tcpPkgBuffer0, i1024 %txApp2txEng_data_stream_read" [/opt/xilinx/Vitis_HLS/2020.2/common/technology/autopilot/hls_stream_39.h:174]   --->   Operation 44 'write' 'write_ln174' <Predicate = (tps_state_V_load == 2 & tmp_20_i)> <Delay = 1.16> <CoreInst = "FIFO_SRL">   --->   Core 81 'FIFO_SRL' <Latency = 0> <II = 1> <Delay = 1.33> <Storage> <Opcode : 'read' 'write' 'nbread' 'nbwrite'> <Ports = 0> <Width = 1024> <Depth = 2> <FIFO>
ST_2 : Operation 45 [1/1] (1.16ns)   --->   "%write_ln174 = write void @_ssdm_op_Write.ap_fifo.volatile.i1024P0A, i1024 %txEng_tcpPkgBuffer0, i1024 %txBufferReadDataStitched_read" [/opt/xilinx/Vitis_HLS/2020.2/common/technology/autopilot/hls_stream_39.h:174]   --->   Operation 45 'write' 'write_ln174' <Predicate = (tps_state_V_load == 1 & tmp_i_271)> <Delay = 1.16> <CoreInst = "FIFO_SRL">   --->   Core 81 'FIFO_SRL' <Latency = 0> <II = 1> <Delay = 1.33> <Storage> <Opcode : 'read' 'write' 'nbread' 'nbwrite'> <Ports = 0> <Width = 1024> <Depth = 2> <FIFO>
ST_2 : Operation 46 [1/1] (0.00ns)   --->   "%ret_ln0 = ret"   --->   Operation 46 'ret' 'ret_ln0' <Predicate = true> <Delay = 0.00>


============================================================
+ Verbose Summary: Timing violations
============================================================
Target clock period: 3.2ns, clock uncertainty: 0.864ns.

 <State 1>: 1.88ns
The critical path consists of the following:
	fifo read on port 'txEng_isDDRbypass' (/opt/xilinx/Vitis_HLS/2020.2/common/technology/autopilot/hls_stream_39.h:145) [54]  (1.17 ns)
	blocking operation 0.709 ns on control path)

 <State 2>: 1.17ns
The critical path consists of the following:
	fifo write on port 'txEng_tcpPkgBuffer0' (/opt/xilinx/Vitis_HLS/2020.2/common/technology/autopilot/hls_stream_39.h:174) [45]  (1.17 ns)


============================================================
+ Verbose Summary: Binding
============================================================
N/A
* FSMD analyzer results:
  - Output states:
 - Input state : 
  - Chain level:
	State 1
	State 2


============================================================
+ Verbose Summary: Datapath Resource usage 
============================================================
N/A
