

================================================================
== Vitis HLS Report for 'rxPackageDropper_512_s'
================================================================
* Date:           Tue Jul 19 06:12:54 2022

* Version:        2020.2 (Build 3064766 on Wed Nov 18 09:12:47 MST 2020)
* Project:        toe_prj
* Solution:       solution1 (Vivado IP Flow Target)
* Product family: virtexuplus
* Target device:  xcvu3p-ffvc1517-2-i


================================================================
== Performance Estimates
================================================================
+ Timing: 
    * Summary: 
    +--------+---------+----------+------------+
    |  Clock |  Target | Estimated| Uncertainty|
    +--------+---------+----------+------------+
    |ap_clk  |  3.20 ns|  1.743 ns|     0.86 ns|
    +--------+---------+----------+------------+

+ Latency: 
    * Summary: 
    +---------+---------+----------+----------+-----+-----+---------+
    |  Latency (cycles) |  Latency (absolute) |  Interval | Pipeline|
    |   min   |   max   |    min   |    max   | min | max |   Type  |
    +---------+---------+----------+----------+-----+-----+---------+
    |        1|        1|  3.200 ns|  3.200 ns|    1|    1|      yes|
    +---------+---------+----------+----------+-----+-----+---------+

    + Detail: 
        * Instance: 
        N/A

        * Loop: 
        N/A

============================================================
+ Verbose Summary: Synthesis Manager
============================================================
InlineROM: 1
ExposeGlobal: 0
============================================================
+ Verbose Summary: CDFG Model
============================================================
IsTopModel: 0
ResetActiveHigh: 1
IsCombinational: 2
IsDatapathOnly: 0
HasWiredReturn: 1
HasMFsm: 2
HasVarLatency: 0
IsPipeline: 1
IsRtlPipelined: 1
IsInstanceOverlapped: 0
IsDontTouch: 0
HasImplIP: 0
IsGatedGlobalClock: 0

+ Individual pipeline summary: 
  * Pipeline-0: initiation interval (II) = 1, depth = 2


============================================================
+ Verbose Summary: Schedule
============================================================
* Number of FSM states : 2
* Pipeline : 1
  Pipeline-0 : II = 1, D = 2, States = { 1 2 }
* Dataflow Pipeline: 0

* FSM state transitions: 
1 --> 2 
2 --> 

* FSM state operations: 

State 1 <SV = 0> <Delay = 1.74>
ST_1 : Operation 3 [1/1] (0.00ns)   --->   "%specinterface_ln0 = specinterface void @_ssdm_op_SpecInterface, i1024 %rxBufferWriteData_internal, void @empty_3, i32 0, i32 0, void @empty_5, i32 0, i32 0, void @empty_5, void @empty_5, void @empty_5, i32 0, i32 0, i32 0, i32 0, void @empty_5, void @empty_5"   --->   Operation 3 'specinterface' 'specinterface_ln0' <Predicate = true> <Delay = 0.00>
ST_1 : Operation 4 [1/1] (0.00ns)   --->   "%specinterface_ln0 = specinterface void @_ssdm_op_SpecInterface, i1024 %rxBufferWriteData_internal, void @empty_3, i32 0, i32 0, void @empty_5, i32 0, i32 0, void @empty_5, void @empty_5, void @empty_5, i32 0, i32 0, i32 0, i32 0, void @empty_5, void @empty_5"   --->   Operation 4 'specinterface' 'specinterface_ln0' <Predicate = true> <Delay = 0.00>
ST_1 : Operation 5 [1/1] (0.00ns)   --->   "%specinterface_ln0 = specinterface void @_ssdm_op_SpecInterface, i1024 %rxEng_dataBuffer3, void @empty_3, i32 0, i32 0, void @empty_5, i32 0, i32 0, void @empty_5, void @empty_5, void @empty_5, i32 0, i32 0, i32 0, i32 0, void @empty_5, void @empty_5"   --->   Operation 5 'specinterface' 'specinterface_ln0' <Predicate = true> <Delay = 0.00>
ST_1 : Operation 6 [1/1] (0.00ns)   --->   "%specinterface_ln0 = specinterface void @_ssdm_op_SpecInterface, i1024 %rxEng_dataBuffer3, void @empty_3, i32 0, i32 0, void @empty_5, i32 0, i32 0, void @empty_5, void @empty_5, void @empty_5, i32 0, i32 0, i32 0, i32 0, void @empty_5, void @empty_5"   --->   Operation 6 'specinterface' 'specinterface_ln0' <Predicate = true> <Delay = 0.00>
ST_1 : Operation 7 [1/1] (0.00ns)   --->   "%specinterface_ln0 = specinterface void @_ssdm_op_SpecInterface, i1024 %rxEng_dataBuffer3, void @empty_3, i32 0, i32 0, void @empty_5, i32 0, i32 0, void @empty_5, void @empty_5, void @empty_5, i32 0, i32 0, i32 0, i32 0, void @empty_5, void @empty_5"   --->   Operation 7 'specinterface' 'specinterface_ln0' <Predicate = true> <Delay = 0.00>
ST_1 : Operation 8 [1/1] (0.00ns)   --->   "%specinterface_ln0 = specinterface void @_ssdm_op_SpecInterface, i1 %rxEng_fsmDropFifo, void @empty_3, i32 0, i32 0, void @empty_5, i32 0, i32 0, void @empty_5, void @empty_5, void @empty_5, i32 0, i32 0, i32 0, i32 0, void @empty_5, void @empty_5"   --->   Operation 8 'specinterface' 'specinterface_ln0' <Predicate = true> <Delay = 0.00>
ST_1 : Operation 9 [1/1] (0.00ns)   --->   "%specinterface_ln0 = specinterface void @_ssdm_op_SpecInterface, i1 %rxEng_fsmDropFifo, void @empty_3, i32 0, i32 0, void @empty_5, i32 0, i32 0, void @empty_5, void @empty_5, void @empty_5, i32 0, i32 0, i32 0, i32 0, void @empty_5, void @empty_5"   --->   Operation 9 'specinterface' 'specinterface_ln0' <Predicate = true> <Delay = 0.00>
ST_1 : Operation 10 [1/1] (0.00ns)   --->   "%specinterface_ln0 = specinterface void @_ssdm_op_SpecInterface, i1 %rxEng_fsmDropFifo, void @empty_3, i32 0, i32 0, void @empty_5, i32 0, i32 0, void @empty_5, void @empty_5, void @empty_5, i32 0, i32 0, i32 0, i32 0, void @empty_5, void @empty_5"   --->   Operation 10 'specinterface' 'specinterface_ln0' <Predicate = true> <Delay = 0.00>
ST_1 : Operation 11 [1/1] (0.00ns)   --->   "%specinterface_ln0 = specinterface void @_ssdm_op_SpecInterface, i1 %rxEng_metaHandlerDropFifo, void @empty_3, i32 0, i32 0, void @empty_5, i32 0, i32 0, void @empty_5, void @empty_5, void @empty_5, i32 0, i32 0, i32 0, i32 0, void @empty_5, void @empty_5"   --->   Operation 11 'specinterface' 'specinterface_ln0' <Predicate = true> <Delay = 0.00>
ST_1 : Operation 12 [1/1] (0.00ns)   --->   "%specinterface_ln0 = specinterface void @_ssdm_op_SpecInterface, i1 %rxEng_metaHandlerDropFifo, void @empty_3, i32 0, i32 0, void @empty_5, i32 0, i32 0, void @empty_5, void @empty_5, void @empty_5, i32 0, i32 0, i32 0, i32 0, void @empty_5, void @empty_5"   --->   Operation 12 'specinterface' 'specinterface_ln0' <Predicate = true> <Delay = 0.00>
ST_1 : Operation 13 [1/1] (0.00ns)   --->   "%specinterface_ln0 = specinterface void @_ssdm_op_SpecInterface, i1 %rxEng_metaHandlerDropFifo, void @empty_3, i32 0, i32 0, void @empty_5, i32 0, i32 0, void @empty_5, void @empty_5, void @empty_5, i32 0, i32 0, i32 0, i32 0, void @empty_5, void @empty_5"   --->   Operation 13 'specinterface' 'specinterface_ln0' <Predicate = true> <Delay = 0.00>
ST_1 : Operation 14 [1/1] (0.00ns)   --->   "%specinterface_ln0 = specinterface void @_ssdm_op_SpecInterface, i1 %rxEng_fsmDropFifo, void @empty_3, i32 0, i32 0, void @empty_5, i32 0, i32 0, void @empty_5, void @empty_5, void @empty_5, i32 0, i32 0, i32 0, i32 0, void @empty_5, void @empty_5"   --->   Operation 14 'specinterface' 'specinterface_ln0' <Predicate = true> <Delay = 0.00>
ST_1 : Operation 15 [1/1] (0.00ns)   --->   "%specinterface_ln0 = specinterface void @_ssdm_op_SpecInterface, i1 %rxEng_metaHandlerDropFifo, void @empty_3, i32 0, i32 0, void @empty_5, i32 0, i32 0, void @empty_5, void @empty_5, void @empty_5, i32 0, i32 0, i32 0, i32 0, void @empty_5, void @empty_5"   --->   Operation 15 'specinterface' 'specinterface_ln0' <Predicate = true> <Delay = 0.00>
ST_1 : Operation 16 [1/1] (0.00ns)   --->   "%specinterface_ln0 = specinterface void @_ssdm_op_SpecInterface, i1024 %rxEng_dataBuffer3, void @empty_3, i32 0, i32 0, void @empty_5, i32 0, i32 0, void @empty_5, void @empty_5, void @empty_5, i32 0, i32 0, i32 0, i32 0, void @empty_5, void @empty_5"   --->   Operation 16 'specinterface' 'specinterface_ln0' <Predicate = true> <Delay = 0.00>
ST_1 : Operation 17 [1/1] (0.00ns)   --->   "%specinterface_ln0 = specinterface void @_ssdm_op_SpecInterface, i1024 %rxBufferWriteData_internal, void @empty_3, i32 0, i32 0, void @empty_5, i32 0, i32 0, void @empty_5, void @empty_5, void @empty_5, i32 0, i32 0, i32 0, i32 0, void @empty_5, void @empty_5"   --->   Operation 17 'specinterface' 'specinterface_ln0' <Predicate = true> <Delay = 0.00>
ST_1 : Operation 18 [1/1] (0.00ns)   --->   "%specpipeline_ln1607 = specpipeline void @_ssdm_op_SpecPipeline, i32 1, i32 0, i32 0, i32 0, void @empty_5" [/home/haiyang3/eth-axi-streamer/fpga-network-stack/hls/toe/rx_engine/rx_engine.cpp:1607]   --->   Operation 18 'specpipeline' 'specpipeline_ln1607' <Predicate = true> <Delay = 0.00>
ST_1 : Operation 19 [1/1] (0.00ns)   --->   "%tpf_state_load = load i2 %tpf_state" [/home/haiyang3/eth-axi-streamer/fpga-network-stack/hls/toe/rx_engine/rx_engine.cpp:1619]   --->   Operation 19 'load' 'tpf_state_load' <Predicate = true> <Delay = 0.00>
ST_1 : Operation 20 [1/1] (0.65ns)   --->   "%switch_ln1619 = switch i2 %tpf_state_load, void %rxPackageDropper<512>.exit, i2 0, void, i2 1, void, i2 2, void, i2 3, void" [/home/haiyang3/eth-axi-streamer/fpga-network-stack/hls/toe/rx_engine/rx_engine.cpp:1619]   --->   Operation 20 'switch' 'switch_ln1619' <Predicate = true> <Delay = 0.65>
ST_1 : Operation 21 [1/1] (0.00ns)   --->   "%tmp_10_i = nbreadreq i1 @_ssdm_op_NbReadReq.ap_fifo.i1024P0A, i1024 %rxEng_dataBuffer3, i32 1" [/opt/xilinx/Vitis_HLS/2020.2/common/technology/autopilot/hls_stream_39.h:136]   --->   Operation 21 'nbreadreq' 'tmp_10_i' <Predicate = (tpf_state_load == 3)> <Delay = 0.00> <CoreInst = "FIFO">   --->   Core 78 'FIFO' <Latency = 0> <II = 1> <Delay = 1.27> <Storage> <Opcode : 'read' 'write' 'nbread' 'nbwrite'> <Ports = 0> <Width = 1024> <Depth = 32> <FIFO>
ST_1 : Operation 22 [1/1] (0.00ns)   --->   "%br_ln1660 = br i1 %tmp_10_i, void %rxPackageDropper<512>.exit, void" [/home/haiyang3/eth-axi-streamer/fpga-network-stack/hls/toe/rx_engine/rx_engine.cpp:1660]   --->   Operation 22 'br' 'br_ln1660' <Predicate = (tpf_state_load == 3)> <Delay = 0.00>
ST_1 : Operation 23 [1/1] (1.16ns)   --->   "%rxEng_dataBuffer3_read_1 = read i1024 @_ssdm_op_Read.ap_fifo.volatile.i1024P0A, i1024 %rxEng_dataBuffer3" [/opt/xilinx/Vitis_HLS/2020.2/common/technology/autopilot/hls_stream_39.h:145]   --->   Operation 23 'read' 'rxEng_dataBuffer3_read_1' <Predicate = (tpf_state_load == 3 & tmp_10_i)> <Delay = 1.16> <CoreInst = "FIFO">   --->   Core 78 'FIFO' <Latency = 0> <II = 1> <Delay = 1.27> <Storage> <Opcode : 'read' 'write' 'nbread' 'nbwrite'> <Ports = 0> <Width = 1024> <Depth = 32> <FIFO>
ST_1 : Operation 24 [1/1] (0.00ns)   --->   "%tmp_last_V_2 = bitselect i1 @_ssdm_op_BitSelect.i1.i1024.i32, i1024 %rxEng_dataBuffer3_read_1, i32 576" [/opt/xilinx/Vitis_HLS/2020.2/common/technology/autopilot/hls_stream_39.h:145]   --->   Operation 24 'bitselect' 'tmp_last_V_2' <Predicate = (tpf_state_load == 3 & tmp_10_i)> <Delay = 0.00>
ST_1 : Operation 25 [1/1] (0.00ns)   --->   "%br_ln1663 = br i1 %tmp_last_V_2, void %rxPackageDropper<512>.exit, void" [/home/haiyang3/eth-axi-streamer/fpga-network-stack/hls/toe/rx_engine/rx_engine.cpp:1663]   --->   Operation 25 'br' 'br_ln1663' <Predicate = (tpf_state_load == 3 & tmp_10_i)> <Delay = 0.00>
ST_1 : Operation 26 [1/1] (0.45ns)   --->   "%store_ln1665 = store i2 0, i2 %tpf_state" [/home/haiyang3/eth-axi-streamer/fpga-network-stack/hls/toe/rx_engine/rx_engine.cpp:1665]   --->   Operation 26 'store' 'store_ln1665' <Predicate = (tpf_state_load == 3 & tmp_10_i & tmp_last_V_2)> <Delay = 0.45>
ST_1 : Operation 27 [1/1] (0.00ns)   --->   "%br_ln1666 = br void %rxPackageDropper<512>.exit" [/home/haiyang3/eth-axi-streamer/fpga-network-stack/hls/toe/rx_engine/rx_engine.cpp:1666]   --->   Operation 27 'br' 'br_ln1666' <Predicate = (tpf_state_load == 3 & tmp_10_i & tmp_last_V_2)> <Delay = 0.00>
ST_1 : Operation 28 [1/1] (0.00ns)   --->   "%tmp_9_i = nbreadreq i1 @_ssdm_op_NbReadReq.ap_fifo.i1024P0A, i1024 %rxEng_dataBuffer3, i32 1" [/opt/xilinx/Vitis_HLS/2020.2/common/technology/autopilot/hls_stream_39.h:136]   --->   Operation 28 'nbreadreq' 'tmp_9_i' <Predicate = (tpf_state_load == 2)> <Delay = 0.00> <CoreInst = "FIFO">   --->   Core 78 'FIFO' <Latency = 0> <II = 1> <Delay = 1.27> <Storage> <Opcode : 'read' 'write' 'nbread' 'nbwrite'> <Ports = 0> <Width = 1024> <Depth = 32> <FIFO>
ST_1 : Operation 29 [1/1] (0.00ns)   --->   "%br_ln1649 = br i1 %tmp_9_i, void %rxPackageDropper<512>.exit, void" [/home/haiyang3/eth-axi-streamer/fpga-network-stack/hls/toe/rx_engine/rx_engine.cpp:1649]   --->   Operation 29 'br' 'br_ln1649' <Predicate = (tpf_state_load == 2)> <Delay = 0.00>
ST_1 : Operation 30 [1/1] (1.16ns)   --->   "%rxEng_dataBuffer3_read = read i1024 @_ssdm_op_Read.ap_fifo.volatile.i1024P0A, i1024 %rxEng_dataBuffer3" [/opt/xilinx/Vitis_HLS/2020.2/common/technology/autopilot/hls_stream_39.h:145]   --->   Operation 30 'read' 'rxEng_dataBuffer3_read' <Predicate = (tpf_state_load == 2 & tmp_9_i)> <Delay = 1.16> <CoreInst = "FIFO">   --->   Core 78 'FIFO' <Latency = 0> <II = 1> <Delay = 1.27> <Storage> <Opcode : 'read' 'write' 'nbread' 'nbwrite'> <Ports = 0> <Width = 1024> <Depth = 32> <FIFO>
ST_1 : Operation 31 [1/1] (0.00ns)   --->   "%tmp_last_V = bitselect i1 @_ssdm_op_BitSelect.i1.i1024.i32, i1024 %rxEng_dataBuffer3_read, i32 576" [/opt/xilinx/Vitis_HLS/2020.2/common/technology/autopilot/hls_stream_39.h:145]   --->   Operation 31 'bitselect' 'tmp_last_V' <Predicate = (tpf_state_load == 2 & tmp_9_i)> <Delay = 0.00>
ST_1 : Operation 32 [1/1] (0.00ns)   --->   "%br_ln1652 = br i1 %tmp_last_V, void %._crit_edge4.i, void" [/home/haiyang3/eth-axi-streamer/fpga-network-stack/hls/toe/rx_engine/rx_engine.cpp:1652]   --->   Operation 32 'br' 'br_ln1652' <Predicate = (tpf_state_load == 2 & tmp_9_i)> <Delay = 0.00>
ST_1 : Operation 33 [1/1] (0.45ns)   --->   "%store_ln1654 = store i2 0, i2 %tpf_state" [/home/haiyang3/eth-axi-streamer/fpga-network-stack/hls/toe/rx_engine/rx_engine.cpp:1654]   --->   Operation 33 'store' 'store_ln1654' <Predicate = (tpf_state_load == 2 & tmp_9_i & tmp_last_V)> <Delay = 0.45>
ST_1 : Operation 34 [1/1] (0.00ns)   --->   "%br_ln1655 = br void %._crit_edge4.i" [/home/haiyang3/eth-axi-streamer/fpga-network-stack/hls/toe/rx_engine/rx_engine.cpp:1655]   --->   Operation 34 'br' 'br_ln1655' <Predicate = (tpf_state_load == 2 & tmp_9_i & tmp_last_V)> <Delay = 0.00>
ST_1 : Operation 35 [1/1] (0.00ns)   --->   "%br_ln1657 = br void %rxPackageDropper<512>.exit" [/home/haiyang3/eth-axi-streamer/fpga-network-stack/hls/toe/rx_engine/rx_engine.cpp:1657]   --->   Operation 35 'br' 'br_ln1657' <Predicate = (tpf_state_load == 2 & tmp_9_i)> <Delay = 0.00>
ST_1 : Operation 36 [1/1] (0.00ns)   --->   "%tmp_i_262 = nbreadreq i1 @_ssdm_op_NbReadReq.ap_fifo.i1P0A, i1 %rxEng_fsmDropFifo, i32 1" [/opt/xilinx/Vitis_HLS/2020.2/common/technology/autopilot/hls_stream_39.h:136]   --->   Operation 36 'nbreadreq' 'tmp_i_262' <Predicate = (tpf_state_load == 1)> <Delay = 0.00> <CoreInst = "FIFO_SRL">   --->   Core 81 'FIFO_SRL' <Latency = 0> <II = 1> <Delay = 1.42> <Storage> <Opcode : 'read' 'write' 'nbread' 'nbwrite'> <Ports = 0> <Width = 1> <Depth = 2> <FIFO>
ST_1 : Operation 37 [1/1] (0.00ns)   --->   "%br_ln1635 = br i1 %tmp_i_262, void %rxPackageDropper<512>.exit, void" [/home/haiyang3/eth-axi-streamer/fpga-network-stack/hls/toe/rx_engine/rx_engine.cpp:1635]   --->   Operation 37 'br' 'br_ln1635' <Predicate = (tpf_state_load == 1)> <Delay = 0.00>
ST_1 : Operation 38 [1/1] (1.16ns)   --->   "%drop_1 = read i1 @_ssdm_op_Read.ap_fifo.volatile.i1P0A, i1 %rxEng_fsmDropFifo" [/opt/xilinx/Vitis_HLS/2020.2/common/technology/autopilot/hls_stream_39.h:145]   --->   Operation 38 'read' 'drop_1' <Predicate = (tpf_state_load == 1 & tmp_i_262)> <Delay = 1.16> <CoreInst = "FIFO_SRL">   --->   Core 81 'FIFO_SRL' <Latency = 0> <II = 1> <Delay = 1.42> <Storage> <Opcode : 'read' 'write' 'nbread' 'nbwrite'> <Ports = 0> <Width = 1> <Depth = 2> <FIFO>
ST_1 : Operation 39 [1/1] (0.00ns)   --->   "%br_ln1638 = br i1 %drop_1, void, void" [/home/haiyang3/eth-axi-streamer/fpga-network-stack/hls/toe/rx_engine/rx_engine.cpp:1638]   --->   Operation 39 'br' 'br_ln1638' <Predicate = (tpf_state_load == 1 & tmp_i_262)> <Delay = 0.00>
ST_1 : Operation 40 [1/1] (0.45ns)   --->   "%store_ln1644 = store i2 2, i2 %tpf_state" [/home/haiyang3/eth-axi-streamer/fpga-network-stack/hls/toe/rx_engine/rx_engine.cpp:1644]   --->   Operation 40 'store' 'store_ln1644' <Predicate = (tpf_state_load == 1 & tmp_i_262 & !drop_1)> <Delay = 0.45>
ST_1 : Operation 41 [1/1] (0.00ns)   --->   "%br_ln0 = br void %rxPackageDropper<512>.exit"   --->   Operation 41 'br' 'br_ln0' <Predicate = (tpf_state_load == 1 & tmp_i_262 & !drop_1)> <Delay = 0.00>
ST_1 : Operation 42 [1/1] (0.45ns)   --->   "%store_ln1640 = store i2 3, i2 %tpf_state" [/home/haiyang3/eth-axi-streamer/fpga-network-stack/hls/toe/rx_engine/rx_engine.cpp:1640]   --->   Operation 42 'store' 'store_ln1640' <Predicate = (tpf_state_load == 1 & tmp_i_262 & drop_1)> <Delay = 0.45>
ST_1 : Operation 43 [1/1] (0.00ns)   --->   "%br_ln1641 = br void %rxPackageDropper<512>.exit" [/home/haiyang3/eth-axi-streamer/fpga-network-stack/hls/toe/rx_engine/rx_engine.cpp:1641]   --->   Operation 43 'br' 'br_ln1641' <Predicate = (tpf_state_load == 1 & tmp_i_262 & drop_1)> <Delay = 0.00>
ST_1 : Operation 44 [1/1] (0.00ns)   --->   "%tmp_i = nbreadreq i1 @_ssdm_op_NbReadReq.ap_fifo.i1P0A, i1 %rxEng_metaHandlerDropFifo, i32 1" [/opt/xilinx/Vitis_HLS/2020.2/common/technology/autopilot/hls_stream_39.h:136]   --->   Operation 44 'nbreadreq' 'tmp_i' <Predicate = (tpf_state_load == 0)> <Delay = 0.00> <CoreInst = "FIFO_SRL">   --->   Core 81 'FIFO_SRL' <Latency = 0> <II = 1> <Delay = 1.42> <Storage> <Opcode : 'read' 'write' 'nbread' 'nbwrite'> <Ports = 0> <Width = 1> <Depth = 2> <FIFO>
ST_1 : Operation 45 [1/1] (0.00ns)   --->   "%br_ln1621 = br i1 %tmp_i, void %rxPackageDropper<512>.exit, void" [/home/haiyang3/eth-axi-streamer/fpga-network-stack/hls/toe/rx_engine/rx_engine.cpp:1621]   --->   Operation 45 'br' 'br_ln1621' <Predicate = (tpf_state_load == 0)> <Delay = 0.00>
ST_1 : Operation 46 [1/1] (1.16ns)   --->   "%drop = read i1 @_ssdm_op_Read.ap_fifo.volatile.i1P0A, i1 %rxEng_metaHandlerDropFifo" [/opt/xilinx/Vitis_HLS/2020.2/common/technology/autopilot/hls_stream_39.h:145]   --->   Operation 46 'read' 'drop' <Predicate = (tpf_state_load == 0 & tmp_i)> <Delay = 1.16> <CoreInst = "FIFO_SRL">   --->   Core 81 'FIFO_SRL' <Latency = 0> <II = 1> <Delay = 1.42> <Storage> <Opcode : 'read' 'write' 'nbread' 'nbwrite'> <Ports = 0> <Width = 1> <Depth = 2> <FIFO>
ST_1 : Operation 47 [1/1] (0.00ns)   --->   "%br_ln1624 = br i1 %drop, void, void" [/home/haiyang3/eth-axi-streamer/fpga-network-stack/hls/toe/rx_engine/rx_engine.cpp:1624]   --->   Operation 47 'br' 'br_ln1624' <Predicate = (tpf_state_load == 0 & tmp_i)> <Delay = 0.00>
ST_1 : Operation 48 [1/1] (0.45ns)   --->   "%store_ln1630 = store i2 1, i2 %tpf_state" [/home/haiyang3/eth-axi-streamer/fpga-network-stack/hls/toe/rx_engine/rx_engine.cpp:1630]   --->   Operation 48 'store' 'store_ln1630' <Predicate = (tpf_state_load == 0 & tmp_i & !drop)> <Delay = 0.45>
ST_1 : Operation 49 [1/1] (0.00ns)   --->   "%br_ln0 = br void %rxPackageDropper<512>.exit"   --->   Operation 49 'br' 'br_ln0' <Predicate = (tpf_state_load == 0 & tmp_i & !drop)> <Delay = 0.00>
ST_1 : Operation 50 [1/1] (0.45ns)   --->   "%store_ln1626 = store i2 3, i2 %tpf_state" [/home/haiyang3/eth-axi-streamer/fpga-network-stack/hls/toe/rx_engine/rx_engine.cpp:1626]   --->   Operation 50 'store' 'store_ln1626' <Predicate = (tpf_state_load == 0 & tmp_i & drop)> <Delay = 0.45>
ST_1 : Operation 51 [1/1] (0.00ns)   --->   "%br_ln1627 = br void %rxPackageDropper<512>.exit" [/home/haiyang3/eth-axi-streamer/fpga-network-stack/hls/toe/rx_engine/rx_engine.cpp:1627]   --->   Operation 51 'br' 'br_ln1627' <Predicate = (tpf_state_load == 0 & tmp_i & drop)> <Delay = 0.00>

State 2 <SV = 1> <Delay = 1.16>
ST_2 : Operation 52 [1/1] (1.16ns)   --->   "%write_ln174 = write void @_ssdm_op_Write.ap_fifo.volatile.i1024P0A, i1024 %rxBufferWriteData_internal, i1024 %rxEng_dataBuffer3_read" [/opt/xilinx/Vitis_HLS/2020.2/common/technology/autopilot/hls_stream_39.h:174]   --->   Operation 52 'write' 'write_ln174' <Predicate = (tpf_state_load == 2 & tmp_9_i)> <Delay = 1.16> <CoreInst = "FIFO_SRL">   --->   Core 81 'FIFO_SRL' <Latency = 0> <II = 1> <Delay = 1.33> <Storage> <Opcode : 'read' 'write' 'nbread' 'nbwrite'> <Ports = 0> <Width = 1024> <Depth = 2> <FIFO>
ST_2 : Operation 53 [1/1] (0.00ns)   --->   "%ret_ln0 = ret"   --->   Operation 53 'ret' 'ret_ln0' <Predicate = true> <Delay = 0.00>


============================================================
+ Verbose Summary: Timing violations
============================================================
Target clock period: 3.2ns, clock uncertainty: 0.864ns.

 <State 1>: 1.74ns
The critical path consists of the following:
	fifo read on port 'rxEng_dataBuffer3' (/opt/xilinx/Vitis_HLS/2020.2/common/technology/autopilot/hls_stream_39.h:145) [31]  (1.17 ns)
	blocking operation 0.575 ns on control path)

 <State 2>: 1.17ns
The critical path consists of the following:
	fifo write on port 'rxBufferWriteData_internal' (/opt/xilinx/Vitis_HLS/2020.2/common/technology/autopilot/hls_stream_39.h:174) [48]  (1.17 ns)


============================================================
+ Verbose Summary: Binding
============================================================
N/A
* FSMD analyzer results:
  - Output states:
 - Input state : 
  - Chain level:
	State 1
	State 2


============================================================
+ Verbose Summary: Datapath Resource usage 
============================================================
N/A
