

================================================================
== Vitis HLS Report for 'stream_merger_appNotification_s'
================================================================
* Date:           Tue Jul 19 06:13:19 2022

* Version:        2020.2 (Build 3064766 on Wed Nov 18 09:12:47 MST 2020)
* Project:        toe_prj
* Solution:       solution1 (Vivado IP Flow Target)
* Product family: virtexuplus
* Target device:  xcvu3p-ffvc1517-2-i


================================================================
== Performance Estimates
================================================================
+ Timing: 
    * Summary: 
    +--------+---------+----------+------------+
    |  Clock |  Target | Estimated| Uncertainty|
    +--------+---------+----------+------------+
    |ap_clk  |  3.20 ns|  1.168 ns|     0.86 ns|
    +--------+---------+----------+------------+

+ Latency: 
    * Summary: 
    +---------+---------+----------+----------+-----+-----+---------+
    |  Latency (cycles) |  Latency (absolute) |  Interval | Pipeline|
    |   min   |   max   |    min   |    max   | min | max |   Type  |
    +---------+---------+----------+----------+-----+-----+---------+
    |        3|        3|  9.600 ns|  9.600 ns|    1|    1|      yes|
    +---------+---------+----------+----------+-----+-----+---------+

    + Detail: 
        * Instance: 
        N/A

        * Loop: 
        N/A

============================================================
+ Verbose Summary: Synthesis Manager
============================================================
InlineROM: 1
ExposeGlobal: 0
============================================================
+ Verbose Summary: CDFG Model
============================================================
IsTopModel: 0
ResetActiveHigh: 1
IsCombinational: 2
IsDatapathOnly: 0
HasWiredReturn: 1
HasMFsm: 2
HasVarLatency: 0
IsPipeline: 1
IsRtlPipelined: 1
IsInstanceOverlapped: 0
IsDontTouch: 0
HasImplIP: 0
IsGatedGlobalClock: 0

+ Individual pipeline summary: 
  * Pipeline-0: initiation interval (II) = 1, depth = 4


============================================================
+ Verbose Summary: Schedule
============================================================
* Number of FSM states : 4
* Pipeline : 1
  Pipeline-0 : II = 1, D = 4, States = { 1 2 3 4 }
* Dataflow Pipeline: 0

* FSM state transitions: 
1 --> 2 
2 --> 3 
3 --> 4 
4 --> 

* FSM state operations: 

State 1 <SV = 0> <Delay = 1.16>
ST_1 : Operation 5 [1/1] (0.00ns)   --->   "%specinterface_ln0 = specinterface void @_ssdm_op_SpecInterface, i96 %rxEng2rxApp_notification, void @empty_3, i32 0, i32 0, void @empty_5, i32 0, i32 0, void @empty_5, void @empty_5, void @empty_5, i32 0, i32 0, i32 0, i32 0, void @empty_5, void @empty_5"   --->   Operation 5 'specinterface' 'specinterface_ln0' <Predicate = true> <Delay = 0.00>
ST_1 : Operation 6 [1/1] (0.00ns)   --->   "%specinterface_ln0 = specinterface void @_ssdm_op_SpecInterface, i96 %rxEng2rxApp_notification, void @empty_3, i32 0, i32 0, void @empty_5, i32 0, i32 0, void @empty_5, void @empty_5, void @empty_5, i32 0, i32 0, i32 0, i32 0, void @empty_5, void @empty_5"   --->   Operation 6 'specinterface' 'specinterface_ln0' <Predicate = true> <Delay = 0.00>
ST_1 : Operation 7 [1/1] (0.00ns)   --->   "%specinterface_ln0 = specinterface void @_ssdm_op_SpecInterface, i96 %rxEng2rxApp_notification, void @empty_3, i32 0, i32 0, void @empty_5, i32 0, i32 0, void @empty_5, void @empty_5, void @empty_5, i32 0, i32 0, i32 0, i32 0, void @empty_5, void @empty_5"   --->   Operation 7 'specinterface' 'specinterface_ln0' <Predicate = true> <Delay = 0.00>
ST_1 : Operation 8 [1/1] (0.00ns)   --->   "%specinterface_ln0 = specinterface void @_ssdm_op_SpecInterface, i96 %timer2rxApp_notification, void @empty_3, i32 0, i32 0, void @empty_5, i32 0, i32 0, void @empty_5, void @empty_5, void @empty_5, i32 0, i32 0, i32 0, i32 0, void @empty_5, void @empty_5"   --->   Operation 8 'specinterface' 'specinterface_ln0' <Predicate = true> <Delay = 0.00>
ST_1 : Operation 9 [1/1] (0.00ns)   --->   "%specinterface_ln0 = specinterface void @_ssdm_op_SpecInterface, i96 %timer2rxApp_notification, void @empty_3, i32 0, i32 0, void @empty_5, i32 0, i32 0, void @empty_5, void @empty_5, void @empty_5, i32 0, i32 0, i32 0, i32 0, void @empty_5, void @empty_5"   --->   Operation 9 'specinterface' 'specinterface_ln0' <Predicate = true> <Delay = 0.00>
ST_1 : Operation 10 [1/1] (0.00ns)   --->   "%specinterface_ln0 = specinterface void @_ssdm_op_SpecInterface, i96 %timer2rxApp_notification, void @empty_3, i32 0, i32 0, void @empty_5, i32 0, i32 0, void @empty_5, void @empty_5, void @empty_5, i32 0, i32 0, i32 0, i32 0, void @empty_5, void @empty_5"   --->   Operation 10 'specinterface' 'specinterface_ln0' <Predicate = true> <Delay = 0.00>
ST_1 : Operation 11 [1/1] (0.00ns)   --->   "%specinterface_ln0 = specinterface void @_ssdm_op_SpecInterface, i96 %rxEng2rxApp_notification, void @empty_3, i32 0, i32 0, void @empty_5, i32 0, i32 0, void @empty_5, void @empty_5, void @empty_5, i32 0, i32 0, i32 0, i32 0, void @empty_5, void @empty_5"   --->   Operation 11 'specinterface' 'specinterface_ln0' <Predicate = true> <Delay = 0.00>
ST_1 : Operation 12 [1/1] (0.00ns)   --->   "%specinterface_ln0 = specinterface void @_ssdm_op_SpecInterface, i96 %timer2rxApp_notification, void @empty_3, i32 0, i32 0, void @empty_5, i32 0, i32 0, void @empty_5, void @empty_5, void @empty_5, i32 0, i32 0, i32 0, i32 0, void @empty_5, void @empty_5"   --->   Operation 12 'specinterface' 'specinterface_ln0' <Predicate = true> <Delay = 0.00>
ST_1 : Operation 13 [1/1] (0.00ns)   --->   "%specinterface_ln0 = specinterface void @_ssdm_op_SpecInterface, i96 %m_axis_notification_V, void @empty_0, i32 1, i32 1, void @empty_6, i32 0, i32 0, void @empty_5, void @empty_5, void @empty_5, i32 0, i32 0, i32 0, i32 0, void @empty_5, void @empty_5"   --->   Operation 13 'specinterface' 'specinterface_ln0' <Predicate = true> <Delay = 0.00>
ST_1 : Operation 14 [1/1] (0.00ns)   --->   "%specpipeline_ln635 = specpipeline void @_ssdm_op_SpecPipeline, i32 1, i32 0, i32 0, i32 0, void @empty_5" [/home/haiyang3/eth-axi-streamer/fpga-network-stack/hls/toe/../axi_utils.hpp:635]   --->   Operation 14 'specpipeline' 'specpipeline_ln635' <Predicate = true> <Delay = 0.00>
ST_1 : Operation 15 [1/1] (0.00ns)   --->   "%tmp_i = nbreadreq i1 @_ssdm_op_NbReadReq.ap_fifo.i96P0A, i96 %rxEng2rxApp_notification, i32 1" [/opt/xilinx/Vitis_HLS/2020.2/common/technology/autopilot/hls_stream_39.h:136]   --->   Operation 15 'nbreadreq' 'tmp_i' <Predicate = true> <Delay = 0.00> <CoreInst = "FIFO_SRL">   --->   Core 81 'FIFO_SRL' <Latency = 0> <II = 1> <Delay = 1.41> <Storage> <Opcode : 'read' 'write' 'nbread' 'nbwrite'> <Ports = 0> <Width = 96> <Depth = 4> <FIFO>
ST_1 : Operation 16 [1/1] (0.00ns)   --->   "%br_ln640 = br i1 %tmp_i, void, void" [/home/haiyang3/eth-axi-streamer/fpga-network-stack/hls/toe/../axi_utils.hpp:640]   --->   Operation 16 'br' 'br_ln640' <Predicate = true> <Delay = 0.00>
ST_1 : Operation 17 [1/1] (1.16ns)   --->   "%tmp = read i96 @_ssdm_op_Read.ap_fifo.volatile.i96P0A, i96 %rxEng2rxApp_notification" [/opt/xilinx/Vitis_HLS/2020.2/common/technology/autopilot/hls_stream_39.h:145]   --->   Operation 17 'read' 'tmp' <Predicate = (tmp_i)> <Delay = 1.16> <CoreInst = "FIFO_SRL">   --->   Core 81 'FIFO_SRL' <Latency = 0> <II = 1> <Delay = 1.41> <Storage> <Opcode : 'read' 'write' 'nbread' 'nbwrite'> <Ports = 0> <Width = 96> <Depth = 4> <FIFO>

State 2 <SV = 1> <Delay = 1.16>
ST_2 : Operation 18 [1/1] (0.00ns)   --->   "%tmp_i_247 = nbreadreq i1 @_ssdm_op_NbReadReq.ap_fifo.i96P0A, i96 %timer2rxApp_notification, i32 1" [/opt/xilinx/Vitis_HLS/2020.2/common/technology/autopilot/hls_stream_39.h:136]   --->   Operation 18 'nbreadreq' 'tmp_i_247' <Predicate = (!tmp_i)> <Delay = 0.00> <CoreInst = "FIFO_SRL">   --->   Core 81 'FIFO_SRL' <Latency = 0> <II = 1> <Delay = 1.41> <Storage> <Opcode : 'read' 'write' 'nbread' 'nbwrite'> <Ports = 0> <Width = 96> <Depth = 4> <FIFO>
ST_2 : Operation 19 [1/1] (0.00ns)   --->   "%br_ln644 = br i1 %tmp_i_247, void %stream_merger<appNotification>.exit, void" [/home/haiyang3/eth-axi-streamer/fpga-network-stack/hls/toe/../axi_utils.hpp:644]   --->   Operation 19 'br' 'br_ln644' <Predicate = (!tmp_i)> <Delay = 0.00>
ST_2 : Operation 20 [1/1] (1.16ns)   --->   "%tmp_236 = read i96 @_ssdm_op_Read.ap_fifo.volatile.i96P0A, i96 %timer2rxApp_notification" [/opt/xilinx/Vitis_HLS/2020.2/common/technology/autopilot/hls_stream_39.h:145]   --->   Operation 20 'read' 'tmp_236' <Predicate = (!tmp_i & tmp_i_247)> <Delay = 1.16> <CoreInst = "FIFO_SRL">   --->   Core 81 'FIFO_SRL' <Latency = 0> <II = 1> <Delay = 1.41> <Storage> <Opcode : 'read' 'write' 'nbread' 'nbwrite'> <Ports = 0> <Width = 96> <Depth = 4> <FIFO>

State 3 <SV = 2> <Delay = 0.00>
ST_3 : Operation 21 [2/2] (0.00ns)   --->   "%write_ln174 = write void @_ssdm_op_Write.axis.volatile.i96P128A, i96 %m_axis_notification_V, i96 %tmp_236" [/opt/xilinx/Vitis_HLS/2020.2/common/technology/autopilot/hls_stream_39.h:174]   --->   Operation 21 'write' 'write_ln174' <Predicate = (!tmp_i & tmp_i_247)> <Delay = 0.00> <CoreInst = "axis">   --->   Core 123 'axis' <Latency = 0> <II = 1> <Delay = 1.00> <Adapter> <Opcode : >
ST_3 : Operation 22 [2/2] (0.00ns)   --->   "%write_ln174 = write void @_ssdm_op_Write.axis.volatile.i96P128A, i96 %m_axis_notification_V, i96 %tmp" [/opt/xilinx/Vitis_HLS/2020.2/common/technology/autopilot/hls_stream_39.h:174]   --->   Operation 22 'write' 'write_ln174' <Predicate = (tmp_i)> <Delay = 0.00> <CoreInst = "axis">   --->   Core 123 'axis' <Latency = 0> <II = 1> <Delay = 1.00> <Adapter> <Opcode : >

State 4 <SV = 3> <Delay = 0.00>
ST_4 : Operation 23 [1/2] (0.00ns)   --->   "%write_ln174 = write void @_ssdm_op_Write.axis.volatile.i96P128A, i96 %m_axis_notification_V, i96 %tmp_236" [/opt/xilinx/Vitis_HLS/2020.2/common/technology/autopilot/hls_stream_39.h:174]   --->   Operation 23 'write' 'write_ln174' <Predicate = (!tmp_i & tmp_i_247)> <Delay = 0.00> <CoreInst = "axis">   --->   Core 123 'axis' <Latency = 0> <II = 1> <Delay = 1.00> <Adapter> <Opcode : >
ST_4 : Operation 24 [1/1] (0.00ns)   --->   "%br_ln647 = br void %stream_merger<appNotification>.exit" [/home/haiyang3/eth-axi-streamer/fpga-network-stack/hls/toe/../axi_utils.hpp:647]   --->   Operation 24 'br' 'br_ln647' <Predicate = (!tmp_i & tmp_i_247)> <Delay = 0.00>
ST_4 : Operation 25 [1/2] (0.00ns)   --->   "%write_ln174 = write void @_ssdm_op_Write.axis.volatile.i96P128A, i96 %m_axis_notification_V, i96 %tmp" [/opt/xilinx/Vitis_HLS/2020.2/common/technology/autopilot/hls_stream_39.h:174]   --->   Operation 25 'write' 'write_ln174' <Predicate = (tmp_i)> <Delay = 0.00> <CoreInst = "axis">   --->   Core 123 'axis' <Latency = 0> <II = 1> <Delay = 1.00> <Adapter> <Opcode : >
ST_4 : Operation 26 [1/1] (0.00ns)   --->   "%br_ln643 = br void %stream_merger<appNotification>.exit" [/home/haiyang3/eth-axi-streamer/fpga-network-stack/hls/toe/../axi_utils.hpp:643]   --->   Operation 26 'br' 'br_ln643' <Predicate = (tmp_i)> <Delay = 0.00>
ST_4 : Operation 27 [1/1] (0.00ns)   --->   "%ret_ln0 = ret"   --->   Operation 27 'ret' 'ret_ln0' <Predicate = true> <Delay = 0.00>


============================================================
+ Verbose Summary: Timing violations
============================================================
Target clock period: 3.2ns, clock uncertainty: 0.864ns.

 <State 1>: 1.17ns
The critical path consists of the following:
	fifo read on port 'rxEng2rxApp_notification' (/opt/xilinx/Vitis_HLS/2020.2/common/technology/autopilot/hls_stream_39.h:145) [25]  (1.17 ns)

 <State 2>: 1.17ns
The critical path consists of the following:
	fifo read on port 'timer2rxApp_notification' (/opt/xilinx/Vitis_HLS/2020.2/common/technology/autopilot/hls_stream_39.h:145) [21]  (1.17 ns)

 <State 3>: 0ns
The critical path consists of the following:

 <State 4>: 0ns
The critical path consists of the following:


============================================================
+ Verbose Summary: Binding
============================================================
N/A
* FSMD analyzer results:
  - Output states:
 - Input state : 
  - Chain level:
	State 1
	State 2
	State 3
	State 4


============================================================
+ Verbose Summary: Datapath Resource usage 
============================================================
N/A
