

================================================================
== Vitis HLS Report for 'dhcp_fsm'
================================================================
* Date:           Tue Jul 19 05:58:04 2022

* Version:        2020.2 (Build 3064766 on Wed Nov 18 09:12:47 MST 2020)
* Project:        dhcp_client_prj
* Solution:       solution1 (Vivado IP Flow Target)
* Product family: virtexuplus
* Target device:  xcvu3p-ffvc1517-2-i


================================================================
== Performance Estimates
================================================================
+ Timing: 
    * Summary: 
    +--------+---------+----------+------------+
    |  Clock |  Target | Estimated| Uncertainty|
    +--------+---------+----------+------------+
    |ap_clk  |  3.20 ns|  3.294 ns|     0.86 ns|
    +--------+---------+----------+------------+

+ Latency: 
    * Summary: 
    +---------+---------+----------+----------+-----+-----+---------+
    |  Latency (cycles) |  Latency (absolute) |  Interval | Pipeline|
    |   min   |   max   |    min   |    max   | min | max |   Type  |
    +---------+---------+----------+----------+-----+-----+---------+
    |        1|        1|  3.294 ns|  3.294 ns|    1|    1|      yes|
    +---------+---------+----------+----------+-----+-----+---------+

    + Detail: 
        * Instance: 
        N/A

        * Loop: 
        N/A

============================================================
+ Verbose Summary: Synthesis Manager
============================================================
InlineROM: 1
ExposeGlobal: 0
============================================================
+ Verbose Summary: CDFG Model
============================================================
IsTopModel: 0
ResetActiveHigh: 1
IsCombinational: 2
IsDatapathOnly: 0
HasWiredReturn: 1
HasMFsm: 2
HasVarLatency: 0
IsPipeline: 1
IsRtlPipelined: 1
IsInstanceOverlapped: 0
IsDontTouch: 0
HasImplIP: 0
IsGatedGlobalClock: 0

+ Individual pipeline summary: 
  * Pipeline-0: initiation interval (II) = 1, depth = 2


============================================================
+ Verbose Summary: Schedule
============================================================
* Number of FSM states : 2
* Pipeline : 1
  Pipeline-0 : II = 1, D = 2, States = { 1 2 }
* Dataflow Pipeline: 0

* FSM state transitions: 
1 --> 2 
2 --> 

* FSM state operations: 

State 1 <SV = 0> <Delay = 3.29>
ST_1 : Operation 3 [1/1] (0.00ns)   --->   "%state_load = load i3 %state" [/home/haiyang3/eth-axi-streamer/fpga-network-stack/hls/dhcp_client/dhcp_client.cpp:260->/home/haiyang3/eth-axi-streamer/fpga-network-stack/hls/dhcp_client/dhcp_client.cpp:345]   --->   Operation 3 'load' 'state_load' <Predicate = true> <Delay = 0.00>
ST_1 : Operation 4 [1/1] (1.16ns)   --->   "%inputIpAddress_read = read i32 @_ssdm_op_Read.ap_fifo.i32P0A, i32 %inputIpAddress" [/home/haiyang3/eth-axi-streamer/fpga-network-stack/hls/dhcp_client/dhcp_client.cpp:262->/home/haiyang3/eth-axi-streamer/fpga-network-stack/hls/dhcp_client/dhcp_client.cpp:345]   --->   Operation 4 'read' 'inputIpAddress_read' <Predicate = true> <Delay = 1.16> <CoreInst = "FIFO_SRL">   --->   Core 81 'FIFO_SRL' <Latency = 0> <II = 1> <Delay = 1.46> <Storage> <Opcode : 'read' 'write' 'nbread' 'nbwrite'> <Ports = 0> <Width = 32> <Depth = 3> <FIFO>
ST_1 : Operation 5 [1/1] (1.16ns)   --->   "%dhcpEnable_read = read i1 @_ssdm_op_Read.ap_fifo.i1P0A, i1 %dhcpEnable"   --->   Operation 5 'read' 'dhcpEnable_read' <Predicate = true> <Delay = 1.16> <CoreInst = "FIFO_SRL">   --->   Core 81 'FIFO_SRL' <Latency = 0> <II = 1> <Delay = 1.35> <Storage> <Opcode : 'read' 'write' 'nbread' 'nbwrite'> <Ports = 0> <Width = 1> <Depth = 3> <FIFO>
ST_1 : Operation 6 [1/1] (0.00ns)   --->   "%time_V_load = load i32 %time_V"   --->   Operation 6 'load' 'time_V_load' <Predicate = true> <Delay = 0.00>
ST_1 : Operation 7 [1/1] (0.00ns)   --->   "%randomValue_V_load = load i32 %randomValue_V" [/home/haiyang3/eth-axi-streamer/fpga-network-stack/hls/dhcp_client/dhcp_client.cpp:272->/home/haiyang3/eth-axi-streamer/fpga-network-stack/hls/dhcp_client/dhcp_client.cpp:345]   --->   Operation 7 'load' 'randomValue_V_load' <Predicate = true> <Delay = 0.00>
ST_1 : Operation 8 [1/1] (0.00ns)   --->   "%myIdentity_V_load = load i32 %myIdentity_V"   --->   Operation 8 'load' 'myIdentity_V_load' <Predicate = true> <Delay = 0.00>
ST_1 : Operation 9 [1/1] (0.65ns)   --->   "%switch_ln260 = switch i3 %state_load, void %.exit, i3 0, void, i3 1, void, i3 2, void, i3 3, void, i3 4, void" [/home/haiyang3/eth-axi-streamer/fpga-network-stack/hls/dhcp_client/dhcp_client.cpp:260->/home/haiyang3/eth-axi-streamer/fpga-network-stack/hls/dhcp_client/dhcp_client.cpp:345]   --->   Operation 9 'switch' 'switch_ln260' <Predicate = true> <Delay = 0.65>
ST_1 : Operation 10 [1/1] (0.00ns)   --->   "%tmp_2_i_i = nbreadreq i1 @_ssdm_op_NbReadReq.ap_fifo.i128P0A, i128 %dhcp_replyMetaFifo, i32 1" [/opt/xilinx/Vitis_HLS/2020.2/common/technology/autopilot/hls_stream_39.h:136]   --->   Operation 10 'nbreadreq' 'tmp_2_i_i' <Predicate = (state_load == 4)> <Delay = 0.00> <CoreInst = "FIFO_SRL">   --->   Core 81 'FIFO_SRL' <Latency = 0> <II = 1> <Delay = 1.41> <Storage> <Opcode : 'read' 'write' 'nbread' 'nbwrite'> <Ports = 0> <Width = 128> <Depth = 4> <FIFO>
ST_1 : Operation 11 [1/1] (0.00ns)   --->   "%br_ln325 = br i1 %tmp_2_i_i, void %._crit_edge5.i.i, void" [/home/haiyang3/eth-axi-streamer/fpga-network-stack/hls/dhcp_client/dhcp_client.cpp:325->/home/haiyang3/eth-axi-streamer/fpga-network-stack/hls/dhcp_client/dhcp_client.cpp:345]   --->   Operation 11 'br' 'br_ln325' <Predicate = (state_load == 4)> <Delay = 0.00>
ST_1 : Operation 12 [1/1] (1.16ns)   --->   "%p_03 = read i128 @_ssdm_op_Read.ap_fifo.volatile.i128P0A, i128 %dhcp_replyMetaFifo" [/opt/xilinx/Vitis_HLS/2020.2/common/technology/autopilot/hls_stream_39.h:145]   --->   Operation 12 'read' 'p_03' <Predicate = (state_load == 4 & tmp_2_i_i)> <Delay = 1.16> <CoreInst = "FIFO_SRL">   --->   Core 81 'FIFO_SRL' <Latency = 0> <II = 1> <Delay = 1.41> <Storage> <Opcode : 'read' 'write' 'nbread' 'nbwrite'> <Ports = 0> <Width = 128> <Depth = 4> <FIFO>
ST_1 : Operation 13 [1/1] (0.00ns)   --->   "%br_ln326 = br void %._crit_edge5.i.i" [/home/haiyang3/eth-axi-streamer/fpga-network-stack/hls/dhcp_client/dhcp_client.cpp:326->/home/haiyang3/eth-axi-streamer/fpga-network-stack/hls/dhcp_client/dhcp_client.cpp:345]   --->   Operation 13 'br' 'br_ln326' <Predicate = (state_load == 4 & tmp_2_i_i)> <Delay = 0.00>
ST_1 : Operation 14 [1/1] (0.38ns)   --->   "%br_ln327 = br i1 %dhcpEnable_read, void, void %.exit" [/home/haiyang3/eth-axi-streamer/fpga-network-stack/hls/dhcp_client/dhcp_client.cpp:327->/home/haiyang3/eth-axi-streamer/fpga-network-stack/hls/dhcp_client/dhcp_client.cpp:345]   --->   Operation 14 'br' 'br_ln327' <Predicate = (state_load == 4)> <Delay = 0.38>
ST_1 : Operation 15 [1/1] (0.45ns)   --->   "%store_ln328 = store i3 1, i3 %state" [/home/haiyang3/eth-axi-streamer/fpga-network-stack/hls/dhcp_client/dhcp_client.cpp:328->/home/haiyang3/eth-axi-streamer/fpga-network-stack/hls/dhcp_client/dhcp_client.cpp:345]   --->   Operation 15 'store' 'store_ln328' <Predicate = (state_load == 4 & !dhcpEnable_read)> <Delay = 0.45>
ST_1 : Operation 16 [1/1] (0.38ns)   --->   "%br_ln328 = br void %.exit" [/home/haiyang3/eth-axi-streamer/fpga-network-stack/hls/dhcp_client/dhcp_client.cpp:328->/home/haiyang3/eth-axi-streamer/fpga-network-stack/hls/dhcp_client/dhcp_client.cpp:345]   --->   Operation 16 'br' 'br_ln328' <Predicate = (state_load == 4 & !dhcpEnable_read)> <Delay = 0.38>
ST_1 : Operation 17 [1/1] (0.00ns)   --->   "%tmp_1_i_i = nbreadreq i1 @_ssdm_op_NbReadReq.ap_fifo.i128P0A, i128 %dhcp_replyMetaFifo, i32 1" [/opt/xilinx/Vitis_HLS/2020.2/common/technology/autopilot/hls_stream_39.h:136]   --->   Operation 17 'nbreadreq' 'tmp_1_i_i' <Predicate = (state_load == 3)> <Delay = 0.00> <CoreInst = "FIFO_SRL">   --->   Core 81 'FIFO_SRL' <Latency = 0> <II = 1> <Delay = 1.41> <Storage> <Opcode : 'read' 'write' 'nbread' 'nbwrite'> <Ports = 0> <Width = 128> <Depth = 4> <FIFO>
ST_1 : Operation 18 [1/1] (0.00ns)   --->   "%br_ln304 = br i1 %tmp_1_i_i, void, void" [/home/haiyang3/eth-axi-streamer/fpga-network-stack/hls/dhcp_client/dhcp_client.cpp:304->/home/haiyang3/eth-axi-streamer/fpga-network-stack/hls/dhcp_client/dhcp_client.cpp:345]   --->   Operation 18 'br' 'br_ln304' <Predicate = (state_load == 3)> <Delay = 0.00>
ST_1 : Operation 19 [1/1] (0.85ns)   --->   "%icmp_ln870_9 = icmp_eq  i32 %time_V_load, i32 0"   --->   Operation 19 'icmp' 'icmp_ln870_9' <Predicate = (state_load == 3 & !tmp_1_i_i)> <Delay = 0.85> <CoreInst = "Cmp">   --->   Core 9 'Cmp' <Latency = 0> <II = 1> <Delay = 0.58> <FuncUnit> <Opcode : 'icmp'> <InPorts = 2> <OutPorts = 1>
ST_1 : Operation 20 [1/1] (0.00ns)   --->   "%br_ln317 = br i1 %icmp_ln870_9, void, void" [/home/haiyang3/eth-axi-streamer/fpga-network-stack/hls/dhcp_client/dhcp_client.cpp:317->/home/haiyang3/eth-axi-streamer/fpga-network-stack/hls/dhcp_client/dhcp_client.cpp:345]   --->   Operation 20 'br' 'br_ln317' <Predicate = (state_load == 3 & !tmp_1_i_i)> <Delay = 0.00>
ST_1 : Operation 21 [1/1] (0.88ns)   --->   "%add_ln692_2 = add i32 %time_V_load, i32 4294967295"   --->   Operation 21 'add' 'add_ln692_2' <Predicate = (state_load == 3 & !tmp_1_i_i & !icmp_ln870_9)> <Delay = 0.88> <CoreInst = "Adder">   --->   Core 1 'Adder' <Latency = 0> <II = 1> <Delay = 0.88> <FuncUnit> <Opcode : 'add' 'sub'> <InPorts = 2> <OutPorts = 1>
ST_1 : Operation 22 [1/1] (0.45ns)   --->   "%store_ln692 = store i32 %add_ln692_2, i32 %time_V"   --->   Operation 22 'store' 'store_ln692' <Predicate = (state_load == 3 & !tmp_1_i_i & !icmp_ln870_9)> <Delay = 0.45>
ST_1 : Operation 23 [1/1] (0.38ns)   --->   "%br_ln0 = br void %.exit"   --->   Operation 23 'br' 'br_ln0' <Predicate = (state_load == 3 & !tmp_1_i_i & !icmp_ln870_9)> <Delay = 0.38>
ST_1 : Operation 24 [1/1] (0.45ns)   --->   "%store_ln318 = store i3 1, i3 %state" [/home/haiyang3/eth-axi-streamer/fpga-network-stack/hls/dhcp_client/dhcp_client.cpp:318->/home/haiyang3/eth-axi-streamer/fpga-network-stack/hls/dhcp_client/dhcp_client.cpp:345]   --->   Operation 24 'store' 'store_ln318' <Predicate = (state_load == 3 & !tmp_1_i_i & icmp_ln870_9)> <Delay = 0.45>
ST_1 : Operation 25 [1/1] (0.38ns)   --->   "%br_ln318 = br void %.exit" [/home/haiyang3/eth-axi-streamer/fpga-network-stack/hls/dhcp_client/dhcp_client.cpp:318->/home/haiyang3/eth-axi-streamer/fpga-network-stack/hls/dhcp_client/dhcp_client.cpp:345]   --->   Operation 25 'br' 'br_ln318' <Predicate = (state_load == 3 & !tmp_1_i_i & icmp_ln870_9)> <Delay = 0.38>
ST_1 : Operation 26 [1/1] (1.16ns)   --->   "%dhcp_replyMetaFifo_read_1 = read i128 @_ssdm_op_Read.ap_fifo.volatile.i128P0A, i128 %dhcp_replyMetaFifo" [/opt/xilinx/Vitis_HLS/2020.2/common/technology/autopilot/hls_stream_39.h:145]   --->   Operation 26 'read' 'dhcp_replyMetaFifo_read_1' <Predicate = (state_load == 3 & tmp_1_i_i)> <Delay = 1.16> <CoreInst = "FIFO_SRL">   --->   Core 81 'FIFO_SRL' <Latency = 0> <II = 1> <Delay = 1.41> <Storage> <Opcode : 'read' 'write' 'nbread' 'nbwrite'> <Ports = 0> <Width = 128> <Depth = 4> <FIFO>
ST_1 : Operation 27 [1/1] (0.00ns)   --->   "%reply_identifier_V_1 = trunc i128 %dhcp_replyMetaFifo_read_1" [/opt/xilinx/Vitis_HLS/2020.2/common/technology/autopilot/hls_stream_39.h:145]   --->   Operation 27 'trunc' 'reply_identifier_V_1' <Predicate = (state_load == 3 & tmp_1_i_i)> <Delay = 0.00>
ST_1 : Operation 28 [1/1] (0.00ns)   --->   "%reply_type_V_1 = partselect i8 @_ssdm_op_PartSelect.i8.i128.i32.i32, i128 %dhcp_replyMetaFifo_read_1, i32 96, i32 103" [/opt/xilinx/Vitis_HLS/2020.2/common/technology/autopilot/hls_stream_39.h:145]   --->   Operation 28 'partselect' 'reply_type_V_1' <Predicate = (state_load == 3 & tmp_1_i_i)> <Delay = 0.00>
ST_1 : Operation 29 [1/1] (0.85ns)   --->   "%icmp_ln870_8 = icmp_eq  i32 %reply_identifier_V_1, i32 %myIdentity_V_load"   --->   Operation 29 'icmp' 'icmp_ln870_8' <Predicate = (state_load == 3 & tmp_1_i_i)> <Delay = 0.85> <CoreInst = "Cmp">   --->   Core 9 'Cmp' <Latency = 0> <II = 1> <Delay = 0.58> <FuncUnit> <Opcode : 'icmp'> <InPorts = 2> <OutPorts = 1>
ST_1 : Operation 30 [1/1] (0.38ns)   --->   "%br_ln306 = br i1 %icmp_ln870_8, void %.exit, void" [/home/haiyang3/eth-axi-streamer/fpga-network-stack/hls/dhcp_client/dhcp_client.cpp:306->/home/haiyang3/eth-axi-streamer/fpga-network-stack/hls/dhcp_client/dhcp_client.cpp:345]   --->   Operation 30 'br' 'br_ln306' <Predicate = (state_load == 3 & tmp_1_i_i)> <Delay = 0.38>
ST_1 : Operation 31 [1/1] (0.58ns)   --->   "%icmp_ln870_11 = icmp_eq  i8 %reply_type_V_1, i8 5"   --->   Operation 31 'icmp' 'icmp_ln870_11' <Predicate = (state_load == 3 & tmp_1_i_i & icmp_ln870_8)> <Delay = 0.58> <CoreInst = "Cmp">   --->   Core 9 'Cmp' <Latency = 0> <II = 1> <Delay = 0.58> <FuncUnit> <Opcode : 'icmp'> <InPorts = 2> <OutPorts = 1>
ST_1 : Operation 32 [1/1] (0.00ns)   --->   "%br_ln307 = br i1 %icmp_ln870_11, void, void" [/home/haiyang3/eth-axi-streamer/fpga-network-stack/hls/dhcp_client/dhcp_client.cpp:307->/home/haiyang3/eth-axi-streamer/fpga-network-stack/hls/dhcp_client/dhcp_client.cpp:345]   --->   Operation 32 'br' 'br_ln307' <Predicate = (state_load == 3 & tmp_1_i_i & icmp_ln870_8)> <Delay = 0.00>
ST_1 : Operation 33 [1/1] (0.45ns)   --->   "%store_ln312 = store i3 1, i3 %state" [/home/haiyang3/eth-axi-streamer/fpga-network-stack/hls/dhcp_client/dhcp_client.cpp:312->/home/haiyang3/eth-axi-streamer/fpga-network-stack/hls/dhcp_client/dhcp_client.cpp:345]   --->   Operation 33 'store' 'store_ln312' <Predicate = (state_load == 3 & tmp_1_i_i & icmp_ln870_8 & !icmp_ln870_11)> <Delay = 0.45>
ST_1 : Operation 34 [1/1] (0.38ns)   --->   "%br_ln0 = br void %.exit"   --->   Operation 34 'br' 'br_ln0' <Predicate = (state_load == 3 & tmp_1_i_i & icmp_ln870_8 & !icmp_ln870_11)> <Delay = 0.38>
ST_1 : Operation 35 [1/1] (0.45ns)   --->   "%store_ln309 = store i3 4, i3 %state" [/home/haiyang3/eth-axi-streamer/fpga-network-stack/hls/dhcp_client/dhcp_client.cpp:309->/home/haiyang3/eth-axi-streamer/fpga-network-stack/hls/dhcp_client/dhcp_client.cpp:345]   --->   Operation 35 'store' 'store_ln309' <Predicate = (state_load == 3 & tmp_1_i_i & icmp_ln870_8 & icmp_ln870_11)> <Delay = 0.45>
ST_1 : Operation 36 [1/1] (0.38ns)   --->   "%br_ln310 = br void %.exit" [/home/haiyang3/eth-axi-streamer/fpga-network-stack/hls/dhcp_client/dhcp_client.cpp:310->/home/haiyang3/eth-axi-streamer/fpga-network-stack/hls/dhcp_client/dhcp_client.cpp:345]   --->   Operation 36 'br' 'br_ln310' <Predicate = (state_load == 3 & tmp_1_i_i & icmp_ln870_8 & icmp_ln870_11)> <Delay = 0.38>
ST_1 : Operation 37 [1/1] (0.00ns)   --->   "%tmp_i_i_24 = nbreadreq i1 @_ssdm_op_NbReadReq.ap_fifo.i128P0A, i128 %dhcp_replyMetaFifo, i32 1" [/opt/xilinx/Vitis_HLS/2020.2/common/technology/autopilot/hls_stream_39.h:136]   --->   Operation 37 'nbreadreq' 'tmp_i_i_24' <Predicate = (state_load == 2)> <Delay = 0.00> <CoreInst = "FIFO_SRL">   --->   Core 81 'FIFO_SRL' <Latency = 0> <II = 1> <Delay = 1.41> <Storage> <Opcode : 'read' 'write' 'nbread' 'nbwrite'> <Ports = 0> <Width = 128> <Depth = 4> <FIFO>
ST_1 : Operation 38 [1/1] (0.00ns)   --->   "%br_ln283 = br i1 %tmp_i_i_24, void, void" [/home/haiyang3/eth-axi-streamer/fpga-network-stack/hls/dhcp_client/dhcp_client.cpp:283->/home/haiyang3/eth-axi-streamer/fpga-network-stack/hls/dhcp_client/dhcp_client.cpp:345]   --->   Operation 38 'br' 'br_ln283' <Predicate = (state_load == 2)> <Delay = 0.00>
ST_1 : Operation 39 [1/1] (0.85ns)   --->   "%icmp_ln870_7 = icmp_eq  i32 %time_V_load, i32 0"   --->   Operation 39 'icmp' 'icmp_ln870_7' <Predicate = (state_load == 2 & !tmp_i_i_24)> <Delay = 0.85> <CoreInst = "Cmp">   --->   Core 9 'Cmp' <Latency = 0> <II = 1> <Delay = 0.58> <FuncUnit> <Opcode : 'icmp'> <InPorts = 2> <OutPorts = 1>
ST_1 : Operation 40 [1/1] (0.00ns)   --->   "%br_ln297 = br i1 %icmp_ln870_7, void, void" [/home/haiyang3/eth-axi-streamer/fpga-network-stack/hls/dhcp_client/dhcp_client.cpp:297->/home/haiyang3/eth-axi-streamer/fpga-network-stack/hls/dhcp_client/dhcp_client.cpp:345]   --->   Operation 40 'br' 'br_ln297' <Predicate = (state_load == 2 & !tmp_i_i_24)> <Delay = 0.00>
ST_1 : Operation 41 [1/1] (0.88ns)   --->   "%add_ln692_1 = add i32 %time_V_load, i32 4294967295"   --->   Operation 41 'add' 'add_ln692_1' <Predicate = (state_load == 2 & !tmp_i_i_24 & !icmp_ln870_7)> <Delay = 0.88> <CoreInst = "Adder">   --->   Core 1 'Adder' <Latency = 0> <II = 1> <Delay = 0.88> <FuncUnit> <Opcode : 'add' 'sub'> <InPorts = 2> <OutPorts = 1>
ST_1 : Operation 42 [1/1] (0.45ns)   --->   "%store_ln692 = store i32 %add_ln692_1, i32 %time_V"   --->   Operation 42 'store' 'store_ln692' <Predicate = (state_load == 2 & !tmp_i_i_24 & !icmp_ln870_7)> <Delay = 0.45>
ST_1 : Operation 43 [1/1] (0.38ns)   --->   "%br_ln0 = br void %.exit"   --->   Operation 43 'br' 'br_ln0' <Predicate = (state_load == 2 & !tmp_i_i_24 & !icmp_ln870_7)> <Delay = 0.38>
ST_1 : Operation 44 [1/1] (0.45ns)   --->   "%store_ln298 = store i3 1, i3 %state" [/home/haiyang3/eth-axi-streamer/fpga-network-stack/hls/dhcp_client/dhcp_client.cpp:298->/home/haiyang3/eth-axi-streamer/fpga-network-stack/hls/dhcp_client/dhcp_client.cpp:345]   --->   Operation 44 'store' 'store_ln298' <Predicate = (state_load == 2 & !tmp_i_i_24 & icmp_ln870_7)> <Delay = 0.45>
ST_1 : Operation 45 [1/1] (0.38ns)   --->   "%br_ln298 = br void %.exit" [/home/haiyang3/eth-axi-streamer/fpga-network-stack/hls/dhcp_client/dhcp_client.cpp:298->/home/haiyang3/eth-axi-streamer/fpga-network-stack/hls/dhcp_client/dhcp_client.cpp:345]   --->   Operation 45 'br' 'br_ln298' <Predicate = (state_load == 2 & !tmp_i_i_24 & icmp_ln870_7)> <Delay = 0.38>
ST_1 : Operation 46 [1/1] (1.16ns)   --->   "%dhcp_replyMetaFifo_read = read i128 @_ssdm_op_Read.ap_fifo.volatile.i128P0A, i128 %dhcp_replyMetaFifo" [/opt/xilinx/Vitis_HLS/2020.2/common/technology/autopilot/hls_stream_39.h:145]   --->   Operation 46 'read' 'dhcp_replyMetaFifo_read' <Predicate = (state_load == 2 & tmp_i_i_24)> <Delay = 1.16> <CoreInst = "FIFO_SRL">   --->   Core 81 'FIFO_SRL' <Latency = 0> <II = 1> <Delay = 1.41> <Storage> <Opcode : 'read' 'write' 'nbread' 'nbwrite'> <Ports = 0> <Width = 128> <Depth = 4> <FIFO>
ST_1 : Operation 47 [1/1] (0.00ns)   --->   "%reply_identifier_V = trunc i128 %dhcp_replyMetaFifo_read" [/opt/xilinx/Vitis_HLS/2020.2/common/technology/autopilot/hls_stream_39.h:145]   --->   Operation 47 'trunc' 'reply_identifier_V' <Predicate = (state_load == 2 & tmp_i_i_24)> <Delay = 0.00>
ST_1 : Operation 48 [1/1] (0.00ns)   --->   "%reply_assignedIpAddress_V = partselect i32 @_ssdm_op_PartSelect.i32.i128.i32.i32, i128 %dhcp_replyMetaFifo_read, i32 32, i32 63" [/opt/xilinx/Vitis_HLS/2020.2/common/technology/autopilot/hls_stream_39.h:145]   --->   Operation 48 'partselect' 'reply_assignedIpAddress_V' <Predicate = (state_load == 2 & tmp_i_i_24)> <Delay = 0.00>
ST_1 : Operation 49 [1/1] (0.00ns)   --->   "%reply_type_V = partselect i8 @_ssdm_op_PartSelect.i8.i128.i32.i32, i128 %dhcp_replyMetaFifo_read, i32 96, i32 103" [/opt/xilinx/Vitis_HLS/2020.2/common/technology/autopilot/hls_stream_39.h:145]   --->   Operation 49 'partselect' 'reply_type_V' <Predicate = (state_load == 2 & tmp_i_i_24)> <Delay = 0.00>
ST_1 : Operation 50 [1/1] (0.85ns)   --->   "%icmp_ln870_6 = icmp_eq  i32 %reply_identifier_V, i32 %myIdentity_V_load"   --->   Operation 50 'icmp' 'icmp_ln870_6' <Predicate = (state_load == 2 & tmp_i_i_24)> <Delay = 0.85> <CoreInst = "Cmp">   --->   Core 9 'Cmp' <Latency = 0> <II = 1> <Delay = 0.58> <FuncUnit> <Opcode : 'icmp'> <InPorts = 2> <OutPorts = 1>
ST_1 : Operation 51 [1/1] (0.38ns)   --->   "%br_ln285 = br i1 %icmp_ln870_6, void %.exit, void" [/home/haiyang3/eth-axi-streamer/fpga-network-stack/hls/dhcp_client/dhcp_client.cpp:285->/home/haiyang3/eth-axi-streamer/fpga-network-stack/hls/dhcp_client/dhcp_client.cpp:345]   --->   Operation 51 'br' 'br_ln285' <Predicate = (state_load == 2 & tmp_i_i_24)> <Delay = 0.38>
ST_1 : Operation 52 [1/1] (0.58ns)   --->   "%icmp_ln870_10 = icmp_eq  i8 %reply_type_V, i8 2"   --->   Operation 52 'icmp' 'icmp_ln870_10' <Predicate = (state_load == 2 & tmp_i_i_24 & icmp_ln870_6)> <Delay = 0.58> <CoreInst = "Cmp">   --->   Core 9 'Cmp' <Latency = 0> <II = 1> <Delay = 0.58> <FuncUnit> <Opcode : 'icmp'> <InPorts = 2> <OutPorts = 1>
ST_1 : Operation 53 [1/1] (0.00ns)   --->   "%br_ln286 = br i1 %icmp_ln870_10, void, void" [/home/haiyang3/eth-axi-streamer/fpga-network-stack/hls/dhcp_client/dhcp_client.cpp:286->/home/haiyang3/eth-axi-streamer/fpga-network-stack/hls/dhcp_client/dhcp_client.cpp:345]   --->   Operation 53 'br' 'br_ln286' <Predicate = (state_load == 2 & tmp_i_i_24 & icmp_ln870_6)> <Delay = 0.00>
ST_1 : Operation 54 [1/1] (0.45ns)   --->   "%store_ln293 = store i3 1, i3 %state" [/home/haiyang3/eth-axi-streamer/fpga-network-stack/hls/dhcp_client/dhcp_client.cpp:293->/home/haiyang3/eth-axi-streamer/fpga-network-stack/hls/dhcp_client/dhcp_client.cpp:345]   --->   Operation 54 'store' 'store_ln293' <Predicate = (state_load == 2 & tmp_i_i_24 & icmp_ln870_6 & !icmp_ln870_10)> <Delay = 0.45>
ST_1 : Operation 55 [1/1] (0.38ns)   --->   "%br_ln0 = br void %.exit"   --->   Operation 55 'br' 'br_ln0' <Predicate = (state_load == 2 & tmp_i_i_24 & icmp_ln870_6 & !icmp_ln870_10)> <Delay = 0.38>
ST_1 : Operation 56 [1/1] (0.45ns)   --->   "%store_ln289 = store i32 750750750, i32 %time_V" [/home/haiyang3/eth-axi-streamer/fpga-network-stack/hls/dhcp_client/dhcp_client.cpp:289->/home/haiyang3/eth-axi-streamer/fpga-network-stack/hls/dhcp_client/dhcp_client.cpp:345]   --->   Operation 56 'store' 'store_ln289' <Predicate = (state_load == 2 & tmp_i_i_24 & icmp_ln870_6 & icmp_ln870_10)> <Delay = 0.45>
ST_1 : Operation 57 [1/1] (0.45ns)   --->   "%store_ln290 = store i3 3, i3 %state" [/home/haiyang3/eth-axi-streamer/fpga-network-stack/hls/dhcp_client/dhcp_client.cpp:290->/home/haiyang3/eth-axi-streamer/fpga-network-stack/hls/dhcp_client/dhcp_client.cpp:345]   --->   Operation 57 'store' 'store_ln290' <Predicate = (state_load == 2 & tmp_i_i_24 & icmp_ln870_6 & icmp_ln870_10)> <Delay = 0.45>
ST_1 : Operation 58 [1/1] (0.38ns)   --->   "%br_ln291 = br void %.exit" [/home/haiyang3/eth-axi-streamer/fpga-network-stack/hls/dhcp_client/dhcp_client.cpp:291->/home/haiyang3/eth-axi-streamer/fpga-network-stack/hls/dhcp_client/dhcp_client.cpp:345]   --->   Operation 58 'br' 'br_ln291' <Predicate = (state_load == 2 & tmp_i_i_24 & icmp_ln870_6 & icmp_ln870_10)> <Delay = 0.38>
ST_1 : Operation 59 [1/1] (0.38ns)   --->   "%br_ln270 = br i1 %dhcpEnable_read, void %.exit, void" [/home/haiyang3/eth-axi-streamer/fpga-network-stack/hls/dhcp_client/dhcp_client.cpp:270->/home/haiyang3/eth-axi-streamer/fpga-network-stack/hls/dhcp_client/dhcp_client.cpp:345]   --->   Operation 59 'br' 'br_ln270' <Predicate = (state_load == 1)> <Delay = 0.38>
ST_1 : Operation 60 [1/1] (0.85ns)   --->   "%icmp_ln870 = icmp_eq  i32 %time_V_load, i32 0"   --->   Operation 60 'icmp' 'icmp_ln870' <Predicate = (state_load == 1 & dhcpEnable_read)> <Delay = 0.85> <CoreInst = "Cmp">   --->   Core 9 'Cmp' <Latency = 0> <II = 1> <Delay = 0.58> <FuncUnit> <Opcode : 'icmp'> <InPorts = 2> <OutPorts = 1>
ST_1 : Operation 61 [1/1] (0.00ns)   --->   "%br_ln271 = br i1 %icmp_ln870, void, void" [/home/haiyang3/eth-axi-streamer/fpga-network-stack/hls/dhcp_client/dhcp_client.cpp:271->/home/haiyang3/eth-axi-streamer/fpga-network-stack/hls/dhcp_client/dhcp_client.cpp:345]   --->   Operation 61 'br' 'br_ln271' <Predicate = (state_load == 1 & dhcpEnable_read)> <Delay = 0.00>
ST_1 : Operation 62 [1/1] (0.88ns)   --->   "%add_ln692 = add i32 %time_V_load, i32 4294967295"   --->   Operation 62 'add' 'add_ln692' <Predicate = (state_load == 1 & dhcpEnable_read & !icmp_ln870)> <Delay = 0.88> <CoreInst = "Adder">   --->   Core 1 'Adder' <Latency = 0> <II = 1> <Delay = 0.88> <FuncUnit> <Opcode : 'add' 'sub'> <InPorts = 2> <OutPorts = 1>
ST_1 : Operation 63 [1/1] (0.45ns)   --->   "%store_ln692 = store i32 %add_ln692, i32 %time_V"   --->   Operation 63 'store' 'store_ln692' <Predicate = (state_load == 1 & dhcpEnable_read & !icmp_ln870)> <Delay = 0.45>
ST_1 : Operation 64 [1/1] (0.38ns)   --->   "%br_ln0 = br void %.exit"   --->   Operation 64 'br' 'br_ln0' <Predicate = (state_load == 1 & dhcpEnable_read & !icmp_ln870)> <Delay = 0.38>
ST_1 : Operation 65 [1/1] (0.00ns)   --->   "%store_ln272 = store i32 %randomValue_V_load, i32 %myIdentity_V" [/home/haiyang3/eth-axi-streamer/fpga-network-stack/hls/dhcp_client/dhcp_client.cpp:272->/home/haiyang3/eth-axi-streamer/fpga-network-stack/hls/dhcp_client/dhcp_client.cpp:345]   --->   Operation 65 'store' 'store_ln272' <Predicate = (state_load == 1 & dhcpEnable_read & icmp_ln870)> <Delay = 0.00>
ST_1 : Operation 66 [1/1] (0.00ns) (grouped into LUT with out node xor_ln213)   --->   "%shl_ln213 = shl i32 %randomValue_V_load, i32 3"   --->   Operation 66 'shl' 'shl_ln213' <Predicate = (state_load == 1 & dhcpEnable_read & icmp_ln870)> <Delay = 0.00>
ST_1 : Operation 67 [1/1] (0.21ns) (out node of the LUT)   --->   "%xor_ln213 = xor i32 %randomValue_V_load, i32 %shl_ln213"   --->   Operation 67 'xor' 'xor_ln213' <Predicate = (state_load == 1 & dhcpEnable_read & icmp_ln870)> <Delay = 0.21> <CoreInst = "LogicGate">   --->   Core 74 'LogicGate' <Latency = 0> <II = 1> <Delay = 0.21> <FuncUnit> <Opcode : 'and' 'or' 'xor'> <InPorts = 2> <OutPorts = 1>
ST_1 : Operation 68 [1/1] (0.45ns)   --->   "%store_ln275 = store i32 750750750, i32 %time_V" [/home/haiyang3/eth-axi-streamer/fpga-network-stack/hls/dhcp_client/dhcp_client.cpp:275->/home/haiyang3/eth-axi-streamer/fpga-network-stack/hls/dhcp_client/dhcp_client.cpp:345]   --->   Operation 68 'store' 'store_ln275' <Predicate = (state_load == 1 & dhcpEnable_read & icmp_ln870)> <Delay = 0.45>
ST_1 : Operation 69 [1/1] (0.45ns)   --->   "%store_ln276 = store i3 2, i3 %state" [/home/haiyang3/eth-axi-streamer/fpga-network-stack/hls/dhcp_client/dhcp_client.cpp:276->/home/haiyang3/eth-axi-streamer/fpga-network-stack/hls/dhcp_client/dhcp_client.cpp:345]   --->   Operation 69 'store' 'store_ln276' <Predicate = (state_load == 1 & dhcpEnable_read & icmp_ln870)> <Delay = 0.45>
ST_1 : Operation 70 [1/1] (0.38ns)   --->   "%br_ln277 = br void %.exit" [/home/haiyang3/eth-axi-streamer/fpga-network-stack/hls/dhcp_client/dhcp_client.cpp:277->/home/haiyang3/eth-axi-streamer/fpga-network-stack/hls/dhcp_client/dhcp_client.cpp:345]   --->   Operation 70 'br' 'br_ln277' <Predicate = (state_load == 1 & dhcpEnable_read & icmp_ln870)> <Delay = 0.38>
ST_1 : Operation 71 [1/1] (0.00ns)   --->   "%tmp_i_i = nbreadreq i1 @_ssdm_op_NbReadReq.ap_fifo.i1P0A, i1 %portOpen, i32 1" [/opt/xilinx/Vitis_HLS/2020.2/common/technology/autopilot/hls_stream_39.h:136]   --->   Operation 71 'nbreadreq' 'tmp_i_i' <Predicate = (state_load == 0)> <Delay = 0.00> <CoreInst = "FIFO_SRL">   --->   Core 81 'FIFO_SRL' <Latency = 0> <II = 1> <Delay = 1.42> <Storage> <Opcode : 'read' 'write' 'nbread' 'nbwrite'> <Ports = 0> <Width = 1> <Depth = 2> <FIFO>
ST_1 : Operation 72 [1/1] (0.38ns)   --->   "%br_ln263 = br i1 %tmp_i_i, void %.exit, void" [/home/haiyang3/eth-axi-streamer/fpga-network-stack/hls/dhcp_client/dhcp_client.cpp:263->/home/haiyang3/eth-axi-streamer/fpga-network-stack/hls/dhcp_client/dhcp_client.cpp:345]   --->   Operation 72 'br' 'br_ln263' <Predicate = (state_load == 0)> <Delay = 0.38>
ST_1 : Operation 73 [1/1] (1.16ns)   --->   "%p_02 = read i1 @_ssdm_op_Read.ap_fifo.volatile.i1P0A, i1 %portOpen" [/opt/xilinx/Vitis_HLS/2020.2/common/technology/autopilot/hls_stream_39.h:145]   --->   Operation 73 'read' 'p_02' <Predicate = (state_load == 0 & tmp_i_i)> <Delay = 1.16> <CoreInst = "FIFO_SRL">   --->   Core 81 'FIFO_SRL' <Latency = 0> <II = 1> <Delay = 1.42> <Storage> <Opcode : 'read' 'write' 'nbread' 'nbwrite'> <Ports = 0> <Width = 1> <Depth = 2> <FIFO>
ST_1 : Operation 74 [1/1] (0.45ns)   --->   "%store_ln265 = store i3 1, i3 %state" [/home/haiyang3/eth-axi-streamer/fpga-network-stack/hls/dhcp_client/dhcp_client.cpp:265->/home/haiyang3/eth-axi-streamer/fpga-network-stack/hls/dhcp_client/dhcp_client.cpp:345]   --->   Operation 74 'store' 'store_ln265' <Predicate = (state_load == 0 & tmp_i_i)> <Delay = 0.45>
ST_1 : Operation 75 [1/1] (0.38ns)   --->   "%br_ln266 = br void %.exit" [/home/haiyang3/eth-axi-streamer/fpga-network-stack/hls/dhcp_client/dhcp_client.cpp:266->/home/haiyang3/eth-axi-streamer/fpga-network-stack/hls/dhcp_client/dhcp_client.cpp:345]   --->   Operation 75 'br' 'br_ln266' <Predicate = (state_load == 0 & tmp_i_i)> <Delay = 0.38>
ST_1 : Operation 76 [1/1] (0.00ns)   --->   "%randomValue_V_loc_0_i_i = phi i32 %randomValue_V_load, void %entry, i32 %randomValue_V_load, void %._crit_edge5.i.i, i32 %randomValue_V_load, void, i32 %randomValue_V_load, void, i32 %randomValue_V_load, void, i32 %randomValue_V_load, void, i32 %randomValue_V_load, void, i32 %randomValue_V_load, void, i32 %randomValue_V_load, void, i32 %randomValue_V_load, void, i32 %randomValue_V_load, void, i32 %randomValue_V_load, void, i32 %randomValue_V_load, void, i32 %xor_ln213, void, i32 %randomValue_V_load, void, i32 %randomValue_V_load, void, i32 %randomValue_V_load, void, i32 %randomValue_V_load, void" [/home/haiyang3/eth-axi-streamer/fpga-network-stack/hls/dhcp_client/dhcp_client.cpp:272->/home/haiyang3/eth-axi-streamer/fpga-network-stack/hls/dhcp_client/dhcp_client.cpp:345]   --->   Operation 76 'phi' 'randomValue_V_loc_0_i_i' <Predicate = true> <Delay = 0.00>
ST_1 : Operation 77 [1/1] (0.88ns)   --->   "%add_ln691 = add i32 %randomValue_V_loc_0_i_i, i32 1"   --->   Operation 77 'add' 'add_ln691' <Predicate = true> <Delay = 0.88> <CoreInst = "Adder">   --->   Core 1 'Adder' <Latency = 0> <II = 1> <Delay = 0.88> <FuncUnit> <Opcode : 'add' 'sub'> <InPorts = 2> <OutPorts = 1>
ST_1 : Operation 78 [1/1] (0.00ns)   --->   "%store_ln274 = store i32 %add_ln691, i32 %randomValue_V" [/home/haiyang3/eth-axi-streamer/fpga-network-stack/hls/dhcp_client/dhcp_client.cpp:274->/home/haiyang3/eth-axi-streamer/fpga-network-stack/hls/dhcp_client/dhcp_client.cpp:345]   --->   Operation 78 'store' 'store_ln274' <Predicate = true> <Delay = 0.00>

State 2 <SV = 1> <Delay = 1.16>
ST_2 : Operation 79 [1/1] (0.00ns)   --->   "%specinterface_ln0 = specinterface void @_ssdm_op_SpecInterface, i128 %dhcp_replyMetaFifo, void @empty_3, i32 0, i32 0, void @empty_1, i32 0, i32 0, void @empty_1, void @empty_1, void @empty_1, i32 0, i32 0, i32 0, i32 0, void @empty_1, void @empty_1"   --->   Operation 79 'specinterface' 'specinterface_ln0' <Predicate = true> <Delay = 0.00>
ST_2 : Operation 80 [1/1] (0.00ns)   --->   "%specinterface_ln0 = specinterface void @_ssdm_op_SpecInterface, i128 %dhcp_replyMetaFifo, void @empty_3, i32 0, i32 0, void @empty_1, i32 0, i32 0, void @empty_1, void @empty_1, void @empty_1, i32 0, i32 0, i32 0, i32 0, void @empty_1, void @empty_1"   --->   Operation 80 'specinterface' 'specinterface_ln0' <Predicate = true> <Delay = 0.00>
ST_2 : Operation 81 [1/1] (0.00ns)   --->   "%specinterface_ln0 = specinterface void @_ssdm_op_SpecInterface, i128 %dhcp_replyMetaFifo, void @empty_3, i32 0, i32 0, void @empty_1, i32 0, i32 0, void @empty_1, void @empty_1, void @empty_1, i32 0, i32 0, i32 0, i32 0, void @empty_1, void @empty_1"   --->   Operation 81 'specinterface' 'specinterface_ln0' <Predicate = true> <Delay = 0.00>
ST_2 : Operation 82 [1/1] (0.00ns)   --->   "%specinterface_ln0 = specinterface void @_ssdm_op_SpecInterface, i96 %dhcp_requestMetaFifo, void @empty_3, i32 0, i32 0, void @empty_1, i32 0, i32 0, void @empty_1, void @empty_1, void @empty_1, i32 0, i32 0, i32 0, i32 0, void @empty_1, void @empty_1"   --->   Operation 82 'specinterface' 'specinterface_ln0' <Predicate = true> <Delay = 0.00>
ST_2 : Operation 83 [1/1] (0.00ns)   --->   "%specinterface_ln0 = specinterface void @_ssdm_op_SpecInterface, i96 %dhcp_requestMetaFifo, void @empty_3, i32 0, i32 0, void @empty_1, i32 0, i32 0, void @empty_1, void @empty_1, void @empty_1, i32 0, i32 0, i32 0, i32 0, void @empty_1, void @empty_1"   --->   Operation 83 'specinterface' 'specinterface_ln0' <Predicate = true> <Delay = 0.00>
ST_2 : Operation 84 [1/1] (0.00ns)   --->   "%specinterface_ln0 = specinterface void @_ssdm_op_SpecInterface, i96 %dhcp_requestMetaFifo, void @empty_3, i32 0, i32 0, void @empty_1, i32 0, i32 0, void @empty_1, void @empty_1, void @empty_1, i32 0, i32 0, i32 0, i32 0, void @empty_1, void @empty_1"   --->   Operation 84 'specinterface' 'specinterface_ln0' <Predicate = true> <Delay = 0.00>
ST_2 : Operation 85 [1/1] (0.00ns)   --->   "%specinterface_ln0 = specinterface void @_ssdm_op_SpecInterface, i1 %portOpen, void @empty_3, i32 0, i32 0, void @empty_1, i32 0, i32 0, void @empty_1, void @empty_1, void @empty_1, i32 0, i32 0, i32 0, i32 0, void @empty_1, void @empty_1"   --->   Operation 85 'specinterface' 'specinterface_ln0' <Predicate = true> <Delay = 0.00>
ST_2 : Operation 86 [1/1] (0.00ns)   --->   "%specinterface_ln0 = specinterface void @_ssdm_op_SpecInterface, i1 %portOpen, void @empty_3, i32 0, i32 0, void @empty_1, i32 0, i32 0, void @empty_1, void @empty_1, void @empty_1, i32 0, i32 0, i32 0, i32 0, void @empty_1, void @empty_1"   --->   Operation 86 'specinterface' 'specinterface_ln0' <Predicate = true> <Delay = 0.00>
ST_2 : Operation 87 [1/1] (0.00ns)   --->   "%specinterface_ln0 = specinterface void @_ssdm_op_SpecInterface, i1 %portOpen, void @empty_3, i32 0, i32 0, void @empty_1, i32 0, i32 0, void @empty_1, void @empty_1, void @empty_1, i32 0, i32 0, i32 0, i32 0, void @empty_1, void @empty_1"   --->   Operation 87 'specinterface' 'specinterface_ln0' <Predicate = true> <Delay = 0.00>
ST_2 : Operation 88 [1/1] (0.00ns)   --->   "%specinterface_ln0 = specinterface void @_ssdm_op_SpecInterface, i1 %dhcpEnable, void @ap_fifo_str, i32 0, i32 0, void @p_str, i32 0, i32 0, void @p_str, void @p_str, void @p_str, i32 2, i32 2, i32 16, i32 16, void @p_str, void @ScalarProp_str"   --->   Operation 88 'specinterface' 'specinterface_ln0' <Predicate = true> <Delay = 0.00>
ST_2 : Operation 89 [1/1] (0.00ns)   --->   "%specinterface_ln0 = specinterface void @_ssdm_op_SpecInterface, i32 %inputIpAddress, void @ap_fifo_str, i32 0, i32 0, void @p_str, i32 0, i32 0, void @p_str, void @p_str, void @p_str, i32 2, i32 2, i32 16, i32 16, void @p_str, void @ScalarProp_str"   --->   Operation 89 'specinterface' 'specinterface_ln0' <Predicate = true> <Delay = 0.00>
ST_2 : Operation 90 [1/1] (0.00ns)   --->   "%specinterface_ln0 = specinterface void @_ssdm_op_SpecInterface, i128 %dhcp_replyMetaFifo, void @empty_3, i32 0, i32 0, void @empty_1, i32 0, i32 0, void @empty_1, void @empty_1, void @empty_1, i32 0, i32 0, i32 0, i32 0, void @empty_1, void @empty_1"   --->   Operation 90 'specinterface' 'specinterface_ln0' <Predicate = true> <Delay = 0.00>
ST_2 : Operation 91 [1/1] (0.00ns)   --->   "%specinterface_ln0 = specinterface void @_ssdm_op_SpecInterface, i128 %dhcp_replyMetaFifo, void @empty_3, i32 0, i32 0, void @empty_1, i32 0, i32 0, void @empty_1, void @empty_1, void @empty_1, i32 0, i32 0, i32 0, i32 0, void @empty_1, void @empty_1"   --->   Operation 91 'specinterface' 'specinterface_ln0' <Predicate = true> <Delay = 0.00>
ST_2 : Operation 92 [1/1] (0.00ns)   --->   "%specinterface_ln0 = specinterface void @_ssdm_op_SpecInterface, i128 %dhcp_replyMetaFifo, void @empty_3, i32 0, i32 0, void @empty_1, i32 0, i32 0, void @empty_1, void @empty_1, void @empty_1, i32 0, i32 0, i32 0, i32 0, void @empty_1, void @empty_1"   --->   Operation 92 'specinterface' 'specinterface_ln0' <Predicate = true> <Delay = 0.00>
ST_2 : Operation 93 [1/1] (0.00ns)   --->   "%specinterface_ln0 = specinterface void @_ssdm_op_SpecInterface, i96 %dhcp_requestMetaFifo, void @empty_3, i32 0, i32 0, void @empty_1, i32 0, i32 0, void @empty_1, void @empty_1, void @empty_1, i32 0, i32 0, i32 0, i32 0, void @empty_1, void @empty_1"   --->   Operation 93 'specinterface' 'specinterface_ln0' <Predicate = true> <Delay = 0.00>
ST_2 : Operation 94 [1/1] (0.00ns)   --->   "%specinterface_ln0 = specinterface void @_ssdm_op_SpecInterface, i96 %dhcp_requestMetaFifo, void @empty_3, i32 0, i32 0, void @empty_1, i32 0, i32 0, void @empty_1, void @empty_1, void @empty_1, i32 0, i32 0, i32 0, i32 0, void @empty_1, void @empty_1"   --->   Operation 94 'specinterface' 'specinterface_ln0' <Predicate = true> <Delay = 0.00>
ST_2 : Operation 95 [1/1] (0.00ns)   --->   "%specinterface_ln0 = specinterface void @_ssdm_op_SpecInterface, i96 %dhcp_requestMetaFifo, void @empty_3, i32 0, i32 0, void @empty_1, i32 0, i32 0, void @empty_1, void @empty_1, void @empty_1, i32 0, i32 0, i32 0, i32 0, void @empty_1, void @empty_1"   --->   Operation 95 'specinterface' 'specinterface_ln0' <Predicate = true> <Delay = 0.00>
ST_2 : Operation 96 [1/1] (0.00ns)   --->   "%specinterface_ln0 = specinterface void @_ssdm_op_SpecInterface, i1 %portOpen, void @empty_3, i32 0, i32 0, void @empty_1, i32 0, i32 0, void @empty_1, void @empty_1, void @empty_1, i32 0, i32 0, i32 0, i32 0, void @empty_1, void @empty_1"   --->   Operation 96 'specinterface' 'specinterface_ln0' <Predicate = true> <Delay = 0.00>
ST_2 : Operation 97 [1/1] (0.00ns)   --->   "%specinterface_ln0 = specinterface void @_ssdm_op_SpecInterface, i1 %portOpen, void @empty_3, i32 0, i32 0, void @empty_1, i32 0, i32 0, void @empty_1, void @empty_1, void @empty_1, i32 0, i32 0, i32 0, i32 0, void @empty_1, void @empty_1"   --->   Operation 97 'specinterface' 'specinterface_ln0' <Predicate = true> <Delay = 0.00>
ST_2 : Operation 98 [1/1] (0.00ns)   --->   "%specinterface_ln0 = specinterface void @_ssdm_op_SpecInterface, i1 %portOpen, void @empty_3, i32 0, i32 0, void @empty_1, i32 0, i32 0, void @empty_1, void @empty_1, void @empty_1, i32 0, i32 0, i32 0, i32 0, void @empty_1, void @empty_1"   --->   Operation 98 'specinterface' 'specinterface_ln0' <Predicate = true> <Delay = 0.00>
ST_2 : Operation 99 [1/1] (0.00ns)   --->   "%specinterface_ln0 = specinterface void @_ssdm_op_SpecInterface, i96 %dhcp_requestMetaFifo, void @empty_3, i32 0, i32 0, void @empty_1, i32 0, i32 0, void @empty_1, void @empty_1, void @empty_1, i32 0, i32 0, i32 0, i32 0, void @empty_1, void @empty_1"   --->   Operation 99 'specinterface' 'specinterface_ln0' <Predicate = true> <Delay = 0.00>
ST_2 : Operation 100 [1/1] (0.00ns)   --->   "%specinterface_ln0 = specinterface void @_ssdm_op_SpecInterface, i128 %dhcp_replyMetaFifo, void @empty_3, i32 0, i32 0, void @empty_1, i32 0, i32 0, void @empty_1, void @empty_1, void @empty_1, i32 0, i32 0, i32 0, i32 0, void @empty_1, void @empty_1"   --->   Operation 100 'specinterface' 'specinterface_ln0' <Predicate = true> <Delay = 0.00>
ST_2 : Operation 101 [1/1] (0.00ns)   --->   "%specinterface_ln0 = specinterface void @_ssdm_op_SpecInterface, i1 %portOpen, void @empty_3, i32 0, i32 0, void @empty_1, i32 0, i32 0, void @empty_1, void @empty_1, void @empty_1, i32 0, i32 0, i32 0, i32 0, void @empty_1, void @empty_1"   --->   Operation 101 'specinterface' 'specinterface_ln0' <Predicate = true> <Delay = 0.00>
ST_2 : Operation 102 [1/1] (0.00ns)   --->   "%specpipeline_ln240 = specpipeline void @_ssdm_op_SpecPipeline, i32 1, i32 0, i32 0, i32 0, void @empty_1" [/home/haiyang3/eth-axi-streamer/fpga-network-stack/hls/dhcp_client/dhcp_client.cpp:240->/home/haiyang3/eth-axi-streamer/fpga-network-stack/hls/dhcp_client/dhcp_client.cpp:345]   --->   Operation 102 'specpipeline' 'specpipeline_ln240' <Predicate = true> <Delay = 0.00>
ST_2 : Operation 103 [1/1] (0.00ns)   --->   "%myIpAddress_V_load = load i32 %myIpAddress_V" [/home/haiyang3/eth-axi-streamer/fpga-network-stack/hls/dhcp_client/dhcp_client.cpp:258->/home/haiyang3/eth-axi-streamer/fpga-network-stack/hls/dhcp_client/dhcp_client.cpp:345]   --->   Operation 103 'load' 'myIpAddress_V_load' <Predicate = true> <Delay = 0.00>
ST_2 : Operation 104 [1/1] (0.00ns)   --->   "%IpAddressBuffer_V_load = load i32 %IpAddressBuffer_V" [/home/haiyang3/eth-axi-streamer/fpga-network-stack/hls/dhcp_client/dhcp_client.cpp:308->/home/haiyang3/eth-axi-streamer/fpga-network-stack/hls/dhcp_client/dhcp_client.cpp:345]   --->   Operation 104 'load' 'IpAddressBuffer_V_load' <Predicate = true> <Delay = 0.00>
ST_2 : Operation 105 [1/1] (0.38ns)   --->   "%store_ln308 = store i32 %IpAddressBuffer_V_load, i32 %myIpAddress_V" [/home/haiyang3/eth-axi-streamer/fpga-network-stack/hls/dhcp_client/dhcp_client.cpp:308->/home/haiyang3/eth-axi-streamer/fpga-network-stack/hls/dhcp_client/dhcp_client.cpp:345]   --->   Operation 105 'store' 'store_ln308' <Predicate = (state_load == 3 & tmp_1_i_i & icmp_ln870_8 & icmp_ln870_11)> <Delay = 0.38>
ST_2 : Operation 106 [1/1] (0.00ns)   --->   "%store_ln287 = store i32 %reply_assignedIpAddress_V, i32 %IpAddressBuffer_V" [/home/haiyang3/eth-axi-streamer/fpga-network-stack/hls/dhcp_client/dhcp_client.cpp:287->/home/haiyang3/eth-axi-streamer/fpga-network-stack/hls/dhcp_client/dhcp_client.cpp:345]   --->   Operation 106 'store' 'store_ln287' <Predicate = (state_load == 2 & tmp_i_i_24 & icmp_ln870_6 & icmp_ln870_10)> <Delay = 0.00>
ST_2 : Operation 107 [1/1] (0.00ns)   --->   "%or_ln174_3_i_i = bitconcatenate i96 @_ssdm_op_BitConcatenate.i96.i32.i32.i32, i32 %reply_assignedIpAddress_V, i32 0, i32 %myIdentity_V_load" [/opt/xilinx/Vitis_HLS/2020.2/common/technology/autopilot/hls_stream_39.h:174]   --->   Operation 107 'bitconcatenate' 'or_ln174_3_i_i' <Predicate = (state_load == 2 & tmp_i_i_24 & icmp_ln870_6 & icmp_ln870_10)> <Delay = 0.00>
ST_2 : Operation 108 [1/1] (0.00ns)   --->   "%or_ln174 = or i96 %or_ln174_3_i_i, i96 12884901888" [/opt/xilinx/Vitis_HLS/2020.2/common/technology/autopilot/hls_stream_39.h:174]   --->   Operation 108 'or' 'or_ln174' <Predicate = (state_load == 2 & tmp_i_i_24 & icmp_ln870_6 & icmp_ln870_10)> <Delay = 0.00>
ST_2 : Operation 109 [1/1] (1.16ns)   --->   "%write_ln174 = write void @_ssdm_op_Write.ap_fifo.volatile.i96P0A, i96 %dhcp_requestMetaFifo, i96 %or_ln174" [/opt/xilinx/Vitis_HLS/2020.2/common/technology/autopilot/hls_stream_39.h:174]   --->   Operation 109 'write' 'write_ln174' <Predicate = (state_load == 2 & tmp_i_i_24 & icmp_ln870_6 & icmp_ln870_10)> <Delay = 1.16> <CoreInst = "FIFO_SRL">   --->   Core 81 'FIFO_SRL' <Latency = 0> <II = 1> <Delay = 1.41> <Storage> <Opcode : 'read' 'write' 'nbread' 'nbwrite'> <Ports = 0> <Width = 96> <Depth = 4> <FIFO>
ST_2 : Operation 110 [1/1] (0.38ns)   --->   "%store_ln269 = store i32 %inputIpAddress_read, i32 %myIpAddress_V" [/home/haiyang3/eth-axi-streamer/fpga-network-stack/hls/dhcp_client/dhcp_client.cpp:269->/home/haiyang3/eth-axi-streamer/fpga-network-stack/hls/dhcp_client/dhcp_client.cpp:345]   --->   Operation 110 'store' 'store_ln269' <Predicate = (state_load == 1)> <Delay = 0.38>
ST_2 : Operation 111 [1/1] (0.00ns)   --->   "%or_ln = bitconcatenate i33 @_ssdm_op_BitConcatenate.i33.i1.i32, i1 1, i32 %randomValue_V_load" [/opt/xilinx/Vitis_HLS/2020.2/common/technology/autopilot/hls_stream_39.h:174]   --->   Operation 111 'bitconcatenate' 'or_ln' <Predicate = (state_load == 1 & dhcpEnable_read & icmp_ln870)> <Delay = 0.00>
ST_2 : Operation 112 [1/1] (0.00ns)   --->   "%zext_ln174 = zext i33 %or_ln" [/opt/xilinx/Vitis_HLS/2020.2/common/technology/autopilot/hls_stream_39.h:174]   --->   Operation 112 'zext' 'zext_ln174' <Predicate = (state_load == 1 & dhcpEnable_read & icmp_ln870)> <Delay = 0.00>
ST_2 : Operation 113 [1/1] (1.16ns)   --->   "%write_ln174 = write void @_ssdm_op_Write.ap_fifo.volatile.i96P0A, i96 %dhcp_requestMetaFifo, i96 %zext_ln174" [/opt/xilinx/Vitis_HLS/2020.2/common/technology/autopilot/hls_stream_39.h:174]   --->   Operation 113 'write' 'write_ln174' <Predicate = (state_load == 1 & dhcpEnable_read & icmp_ln870)> <Delay = 1.16> <CoreInst = "FIFO_SRL">   --->   Core 81 'FIFO_SRL' <Latency = 0> <II = 1> <Delay = 1.41> <Storage> <Opcode : 'read' 'write' 'nbread' 'nbwrite'> <Ports = 0> <Width = 96> <Depth = 4> <FIFO>
ST_2 : Operation 114 [1/1] (0.38ns)   --->   "%store_ln262 = store i32 %inputIpAddress_read, i32 %myIpAddress_V" [/home/haiyang3/eth-axi-streamer/fpga-network-stack/hls/dhcp_client/dhcp_client.cpp:262->/home/haiyang3/eth-axi-streamer/fpga-network-stack/hls/dhcp_client/dhcp_client.cpp:345]   --->   Operation 114 'store' 'store_ln262' <Predicate = (state_load == 0)> <Delay = 0.38>
ST_2 : Operation 115 [1/1] (0.00ns)   --->   "%write_ln258 = write void @_ssdm_op_Write.ap_auto.i32P0A, i32 %dhcpIpAddressOut, i32 %myIpAddress_V_load" [/home/haiyang3/eth-axi-streamer/fpga-network-stack/hls/dhcp_client/dhcp_client.cpp:258->/home/haiyang3/eth-axi-streamer/fpga-network-stack/hls/dhcp_client/dhcp_client.cpp:345]   --->   Operation 115 'write' 'write_ln258' <Predicate = true> <Delay = 0.00>
ST_2 : Operation 116 [1/1] (0.00ns)   --->   "%ret_ln345 = ret" [/home/haiyang3/eth-axi-streamer/fpga-network-stack/hls/dhcp_client/dhcp_client.cpp:345]   --->   Operation 116 'ret' 'ret_ln345' <Predicate = true> <Delay = 0.00>


============================================================
+ Verbose Summary: Binding
============================================================
STG Binding: 
---------------- STG Properties BEGIN ----------------
- Is combinational: 0
- Is one-state seq: 0
- Is datapath-only: 0
- Is pipelined: 1
- Is top level: 0
Port [ Return ] is wired: 1; IO mode=ap_ctrl_hs:ce=0
Port [ dhcpIpAddressOut]:  wired=1; compound=0; hidden=0; nouse=0; global=0; static=0; extern=0; dir=1; type=0; pingpong=0; private_global=0; IO mode=ap_vld:ce=0
Port [ dhcpEnable]:  wired=1; compound=1; hidden=0; nouse=0; global=0; static=0; extern=0; dir=0; type=3; pingpong=0; private_global=0; IO mode=ap_fifo:ce=0
Port [ inputIpAddress]:  wired=1; compound=1; hidden=0; nouse=0; global=0; static=0; extern=0; dir=0; type=3; pingpong=0; private_global=0; IO mode=ap_fifo:ce=0
Port [ myIpAddress_V]:  wired=0; compound=0; hidden=1; nouse=0; global=1; static=1; extern=0; dir=2; type=0; pingpong=0; private_global=1; IO mode=ap_ovld:ce=0
Port [ state]:  wired=0; compound=0; hidden=1; nouse=0; global=1; static=1; extern=0; dir=2; type=0; pingpong=0; private_global=1; IO mode=ap_ovld:ce=0
Port [ time_V]:  wired=0; compound=0; hidden=1; nouse=0; global=1; static=1; extern=0; dir=2; type=0; pingpong=0; private_global=1; IO mode=ap_ovld:ce=0
Port [ randomValue_V]:  wired=0; compound=0; hidden=1; nouse=0; global=1; static=1; extern=0; dir=2; type=0; pingpong=0; private_global=1; IO mode=ap_ovld:ce=0
Port [ myIdentity_V]:  wired=0; compound=0; hidden=1; nouse=0; global=1; static=1; extern=0; dir=2; type=0; pingpong=0; private_global=1; IO mode=ap_ovld:ce=0
Port [ IpAddressBuffer_V]:  wired=0; compound=0; hidden=1; nouse=0; global=1; static=1; extern=0; dir=2; type=0; pingpong=0; private_global=1; IO mode=ap_ovld:ce=0
Port [ portOpen]:  wired=1; compound=1; hidden=0; nouse=0; global=1; static=1; extern=0; dir=0; type=3; pingpong=0; private_global=0; IO mode=ap_fifo:ce=0
Port [ dhcp_requestMetaFifo]:  wired=1; compound=1; hidden=0; nouse=0; global=1; static=1; extern=0; dir=1; type=3; pingpong=0; private_global=0; IO mode=ap_fifo:ce=0
Port [ dhcp_replyMetaFifo]:  wired=1; compound=1; hidden=0; nouse=0; global=1; static=1; extern=0; dir=0; type=3; pingpong=0; private_global=0; IO mode=ap_fifo:ce=0
---------------- STG Properties END ------------------

---------------- Datapath Model BEGIN ----------------

<LifeTime>
<method=bitvector/>
state_load                (load          ) [ 011]
inputIpAddress_read       (read          ) [ 011]
dhcpEnable_read           (read          ) [ 011]
time_V_load               (load          ) [ 000]
randomValue_V_load        (load          ) [ 011]
myIdentity_V_load         (load          ) [ 011]
switch_ln260              (switch        ) [ 000]
tmp_2_i_i                 (nbreadreq     ) [ 010]
br_ln325                  (br            ) [ 000]
p_03                      (read          ) [ 000]
br_ln326                  (br            ) [ 000]
br_ln327                  (br            ) [ 000]
store_ln328               (store         ) [ 000]
br_ln328                  (br            ) [ 000]
tmp_1_i_i                 (nbreadreq     ) [ 011]
br_ln304                  (br            ) [ 000]
icmp_ln870_9              (icmp          ) [ 010]
br_ln317                  (br            ) [ 000]
add_ln692_2               (add           ) [ 000]
store_ln692               (store         ) [ 000]
br_ln0                    (br            ) [ 000]
store_ln318               (store         ) [ 000]
br_ln318                  (br            ) [ 000]
dhcp_replyMetaFifo_read_1 (read          ) [ 000]
reply_identifier_V_1      (trunc         ) [ 000]
reply_type_V_1            (partselect    ) [ 000]
icmp_ln870_8              (icmp          ) [ 011]
br_ln306                  (br            ) [ 000]
icmp_ln870_11             (icmp          ) [ 011]
br_ln307                  (br            ) [ 000]
store_ln312               (store         ) [ 000]
br_ln0                    (br            ) [ 000]
store_ln309               (store         ) [ 000]
br_ln310                  (br            ) [ 000]
tmp_i_i_24                (nbreadreq     ) [ 011]
br_ln283                  (br            ) [ 000]
icmp_ln870_7              (icmp          ) [ 010]
br_ln297                  (br            ) [ 000]
add_ln692_1               (add           ) [ 000]
store_ln692               (store         ) [ 000]
br_ln0                    (br            ) [ 000]
store_ln298               (store         ) [ 000]
br_ln298                  (br            ) [ 000]
dhcp_replyMetaFifo_read   (read          ) [ 000]
reply_identifier_V        (trunc         ) [ 000]
reply_assignedIpAddress_V (partselect    ) [ 011]
reply_type_V              (partselect    ) [ 000]
icmp_ln870_6              (icmp          ) [ 011]
br_ln285                  (br            ) [ 000]
icmp_ln870_10             (icmp          ) [ 011]
br_ln286                  (br            ) [ 000]
store_ln293               (store         ) [ 000]
br_ln0                    (br            ) [ 000]
store_ln289               (store         ) [ 000]
store_ln290               (store         ) [ 000]
br_ln291                  (br            ) [ 000]
br_ln270                  (br            ) [ 000]
icmp_ln870                (icmp          ) [ 011]
br_ln271                  (br            ) [ 000]
add_ln692                 (add           ) [ 000]
store_ln692               (store         ) [ 000]
br_ln0                    (br            ) [ 000]
store_ln272               (store         ) [ 000]
shl_ln213                 (shl           ) [ 000]
xor_ln213                 (xor           ) [ 000]
store_ln275               (store         ) [ 000]
store_ln276               (store         ) [ 000]
br_ln277                  (br            ) [ 000]
tmp_i_i                   (nbreadreq     ) [ 010]
br_ln263                  (br            ) [ 000]
p_02                      (read          ) [ 000]
store_ln265               (store         ) [ 000]
br_ln266                  (br            ) [ 000]
randomValue_V_loc_0_i_i   (phi           ) [ 000]
add_ln691                 (add           ) [ 000]
store_ln274               (store         ) [ 000]
specinterface_ln0         (specinterface ) [ 000]
specinterface_ln0         (specinterface ) [ 000]
specinterface_ln0         (specinterface ) [ 000]
specinterface_ln0         (specinterface ) [ 000]
specinterface_ln0         (specinterface ) [ 000]
specinterface_ln0         (specinterface ) [ 000]
specinterface_ln0         (specinterface ) [ 000]
specinterface_ln0         (specinterface ) [ 000]
specinterface_ln0         (specinterface ) [ 000]
specinterface_ln0         (specinterface ) [ 000]
specinterface_ln0         (specinterface ) [ 000]
specinterface_ln0         (specinterface ) [ 000]
specinterface_ln0         (specinterface ) [ 000]
specinterface_ln0         (specinterface ) [ 000]
specinterface_ln0         (specinterface ) [ 000]
specinterface_ln0         (specinterface ) [ 000]
specinterface_ln0         (specinterface ) [ 000]
specinterface_ln0         (specinterface ) [ 000]
specinterface_ln0         (specinterface ) [ 000]
specinterface_ln0         (specinterface ) [ 000]
specinterface_ln0         (specinterface ) [ 000]
specinterface_ln0         (specinterface ) [ 000]
specinterface_ln0         (specinterface ) [ 000]
specpipeline_ln240        (specpipeline  ) [ 000]
myIpAddress_V_load        (load          ) [ 000]
IpAddressBuffer_V_load    (load          ) [ 000]
store_ln308               (store         ) [ 000]
store_ln287               (store         ) [ 000]
or_ln174_3_i_i            (bitconcatenate) [ 000]
or_ln174                  (or            ) [ 000]
write_ln174               (write         ) [ 000]
store_ln269               (store         ) [ 000]
or_ln                     (bitconcatenate) [ 000]
zext_ln174                (zext          ) [ 000]
write_ln174               (write         ) [ 000]
store_ln262               (store         ) [ 000]
write_ln258               (write         ) [ 000]
ret_ln345                 (ret           ) [ 000]
</LifeTime>

<model>

<comp_list>
<comp id="0" class="1000" name="dhcpIpAddressOut">
<pin_list>
<pin id="1" dir="1" index="0" bw="1" slack="0"/>
</pin_list>
<bind>
<StgValue><ssdm name="dhcpIpAddressOut"/></StgValue>
</bind>
</comp>

<comp id="2" class="1000" name="dhcpEnable">
<pin_list>
<pin id="3" dir="1" index="0" bw="1" slack="0"/>
</pin_list>
<bind>
<StgValue><ssdm name="dhcpEnable"/></StgValue>
</bind>
</comp>

<comp id="4" class="1000" name="inputIpAddress">
<pin_list>
<pin id="5" dir="1" index="0" bw="1" slack="0"/>
</pin_list>
<bind>
<StgValue><ssdm name="inputIpAddress"/></StgValue>
</bind>
</comp>

<comp id="6" class="1000" name="myIpAddress_V">
<pin_list>
<pin id="7" dir="1" index="0" bw="1" slack="0"/>
</pin_list>
<bind>
<StgValue><ssdm name="myIpAddress_V"/></StgValue>
</bind>
</comp>

<comp id="8" class="1000" name="state">
<pin_list>
<pin id="9" dir="1" index="0" bw="1" slack="0"/>
</pin_list>
<bind>
<StgValue><ssdm name="state"/></StgValue>
</bind>
</comp>

<comp id="10" class="1000" name="time_V">
<pin_list>
<pin id="11" dir="1" index="0" bw="1" slack="0"/>
</pin_list>
<bind>
<StgValue><ssdm name="time_V"/></StgValue>
</bind>
</comp>

<comp id="12" class="1000" name="randomValue_V">
<pin_list>
<pin id="13" dir="1" index="0" bw="1" slack="0"/>
</pin_list>
<bind>
<StgValue><ssdm name="randomValue_V"/></StgValue>
</bind>
</comp>

<comp id="14" class="1000" name="myIdentity_V">
<pin_list>
<pin id="15" dir="1" index="0" bw="1" slack="0"/>
</pin_list>
<bind>
<StgValue><ssdm name="myIdentity_V"/></StgValue>
</bind>
</comp>

<comp id="16" class="1000" name="IpAddressBuffer_V">
<pin_list>
<pin id="17" dir="1" index="0" bw="1" slack="0"/>
</pin_list>
<bind>
<StgValue><ssdm name="IpAddressBuffer_V"/></StgValue>
</bind>
</comp>

<comp id="18" class="1000" name="portOpen">
<pin_list>
<pin id="19" dir="1" index="0" bw="1" slack="0"/>
</pin_list>
<bind>
<StgValue><ssdm name="portOpen"/></StgValue>
</bind>
</comp>

<comp id="20" class="1000" name="dhcp_requestMetaFifo">
<pin_list>
<pin id="21" dir="1" index="0" bw="1" slack="0"/>
</pin_list>
<bind>
<StgValue><ssdm name="dhcp_requestMetaFifo"/></StgValue>
</bind>
</comp>

<comp id="22" class="1000" name="dhcp_replyMetaFifo">
<pin_list>
<pin id="23" dir="1" index="0" bw="1" slack="0"/>
</pin_list>
<bind>
<StgValue><ssdm name="dhcp_replyMetaFifo"/></StgValue>
</bind>
</comp>

<comp id="24" class="1001" name="const_24">
<pin_list>
<pin id="25" dir="1" index="0" bw="1" slack="0"/>
</pin_list>
<bind>
<StgValue><ssdm name="_ssdm_op_Read.ap_fifo.i32P0A"/></StgValue>
</bind>
</comp>

<comp id="26" class="1001" name="const_26">
<pin_list>
<pin id="27" dir="1" index="0" bw="1" slack="0"/>
</pin_list>
<bind>
<StgValue><ssdm name="_ssdm_op_Read.ap_fifo.i1P0A"/></StgValue>
</bind>
</comp>

<comp id="28" class="1001" name="const_28">
<pin_list>
<pin id="29" dir="1" index="0" bw="1" slack="2147483647"/>
</pin_list>
<bind>
<StgValue><ssdm name=""/></StgValue>
</bind>
</comp>

<comp id="30" class="1001" name="const_30">
<pin_list>
<pin id="31" dir="1" index="0" bw="1" slack="0"/>
</pin_list>
<bind>
<StgValue><ssdm name=""/></StgValue>
</bind>
</comp>

<comp id="32" class="1001" name="const_32">
<pin_list>
<pin id="33" dir="1" index="0" bw="1" slack="0"/>
</pin_list>
<bind>
<StgValue><ssdm name=""/></StgValue>
</bind>
</comp>

<comp id="34" class="1001" name="const_34">
<pin_list>
<pin id="35" dir="1" index="0" bw="1" slack="0"/>
</pin_list>
<bind>
<StgValue><ssdm name=""/></StgValue>
</bind>
</comp>

<comp id="36" class="1001" name="const_36">
<pin_list>
<pin id="37" dir="1" index="0" bw="1" slack="0"/>
</pin_list>
<bind>
<StgValue><ssdm name=""/></StgValue>
</bind>
</comp>

<comp id="38" class="1001" name="const_38">
<pin_list>
<pin id="39" dir="1" index="0" bw="1" slack="0"/>
</pin_list>
<bind>
<StgValue><ssdm name="_ssdm_op_NbReadReq.ap_fifo.i128P0A"/></StgValue>
</bind>
</comp>

<comp id="40" class="1001" name="const_40">
<pin_list>
<pin id="41" dir="1" index="0" bw="1" slack="0"/>
</pin_list>
<bind>
<StgValue><ssdm name=""/></StgValue>
</bind>
</comp>

<comp id="42" class="1001" name="const_42">
<pin_list>
<pin id="43" dir="1" index="0" bw="1" slack="0"/>
</pin_list>
<bind>
<StgValue><ssdm name="_ssdm_op_Read.ap_fifo.volatile.i128P0A"/></StgValue>
</bind>
</comp>

<comp id="44" class="1001" name="const_44">
<pin_list>
<pin id="45" dir="1" index="0" bw="1" slack="0"/>
</pin_list>
<bind>
<StgValue><ssdm name=""/></StgValue>
</bind>
</comp>

<comp id="46" class="1001" name="const_46">
<pin_list>
<pin id="47" dir="1" index="0" bw="1" slack="0"/>
</pin_list>
<bind>
<StgValue><ssdm name=""/></StgValue>
</bind>
</comp>

<comp id="48" class="1001" name="const_48">
<pin_list>
<pin id="49" dir="1" index="0" bw="1" slack="0"/>
</pin_list>
<bind>
<StgValue><ssdm name="_ssdm_op_PartSelect.i8.i128.i32.i32"/></StgValue>
</bind>
</comp>

<comp id="50" class="1001" name="const_50">
<pin_list>
<pin id="51" dir="1" index="0" bw="1" slack="0"/>
</pin_list>
<bind>
<StgValue><ssdm name=""/></StgValue>
</bind>
</comp>

<comp id="52" class="1001" name="const_52">
<pin_list>
<pin id="53" dir="1" index="0" bw="1" slack="0"/>
</pin_list>
<bind>
<StgValue><ssdm name=""/></StgValue>
</bind>
</comp>

<comp id="54" class="1001" name="const_54">
<pin_list>
<pin id="55" dir="1" index="0" bw="1" slack="0"/>
</pin_list>
<bind>
<StgValue><ssdm name=""/></StgValue>
</bind>
</comp>

<comp id="56" class="1001" name="const_56">
<pin_list>
<pin id="57" dir="1" index="0" bw="1" slack="0"/>
</pin_list>
<bind>
<StgValue><ssdm name="_ssdm_op_PartSelect.i32.i128.i32.i32"/></StgValue>
</bind>
</comp>

<comp id="58" class="1001" name="const_58">
<pin_list>
<pin id="59" dir="1" index="0" bw="1" slack="0"/>
</pin_list>
<bind>
<StgValue><ssdm name=""/></StgValue>
</bind>
</comp>

<comp id="60" class="1001" name="const_60">
<pin_list>
<pin id="61" dir="1" index="0" bw="1" slack="0"/>
</pin_list>
<bind>
<StgValue><ssdm name=""/></StgValue>
</bind>
</comp>

<comp id="62" class="1001" name="const_62">
<pin_list>
<pin id="63" dir="1" index="0" bw="1" slack="0"/>
</pin_list>
<bind>
<StgValue><ssdm name=""/></StgValue>
</bind>
</comp>

<comp id="64" class="1001" name="const_64">
<pin_list>
<pin id="65" dir="1" index="0" bw="1" slack="0"/>
</pin_list>
<bind>
<StgValue><ssdm name=""/></StgValue>
</bind>
</comp>

<comp id="66" class="1001" name="const_66">
<pin_list>
<pin id="67" dir="1" index="0" bw="1" slack="0"/>
</pin_list>
<bind>
<StgValue><ssdm name=""/></StgValue>
</bind>
</comp>

<comp id="68" class="1001" name="const_68">
<pin_list>
<pin id="69" dir="1" index="0" bw="1" slack="0"/>
</pin_list>
<bind>
<StgValue><ssdm name="_ssdm_op_NbReadReq.ap_fifo.i1P0A"/></StgValue>
</bind>
</comp>

<comp id="70" class="1001" name="const_70">
<pin_list>
<pin id="71" dir="1" index="0" bw="1" slack="0"/>
</pin_list>
<bind>
<StgValue><ssdm name="_ssdm_op_Read.ap_fifo.volatile.i1P0A"/></StgValue>
</bind>
</comp>

<comp id="72" class="1001" name="const_72">
<pin_list>
<pin id="73" dir="1" index="0" bw="1" slack="2147483647"/>
</pin_list>
<bind>
<StgValue><ssdm name="_ssdm_op_SpecInterface"/></StgValue>
</bind>
</comp>

<comp id="74" class="1001" name="const_74">
<pin_list>
<pin id="75" dir="1" index="0" bw="1" slack="2147483647"/>
</pin_list>
<bind>
<StgValue><ssdm name="empty_3"/></StgValue>
</bind>
</comp>

<comp id="76" class="1001" name="const_76">
<pin_list>
<pin id="77" dir="1" index="0" bw="1" slack="2147483647"/>
</pin_list>
<bind>
<StgValue><ssdm name="empty_1"/></StgValue>
</bind>
</comp>

<comp id="78" class="1001" name="const_78">
<pin_list>
<pin id="79" dir="1" index="0" bw="1" slack="2147483647"/>
</pin_list>
<bind>
<StgValue><ssdm name="ap_fifo_str"/></StgValue>
</bind>
</comp>

<comp id="80" class="1001" name="const_80">
<pin_list>
<pin id="81" dir="1" index="0" bw="1" slack="2147483647"/>
</pin_list>
<bind>
<StgValue><ssdm name="p_str"/></StgValue>
</bind>
</comp>

<comp id="82" class="1001" name="const_82">
<pin_list>
<pin id="83" dir="1" index="0" bw="1" slack="2147483647"/>
</pin_list>
<bind>
<StgValue><ssdm name=""/></StgValue>
</bind>
</comp>

<comp id="84" class="1001" name="const_84">
<pin_list>
<pin id="85" dir="1" index="0" bw="1" slack="2147483647"/>
</pin_list>
<bind>
<StgValue><ssdm name=""/></StgValue>
</bind>
</comp>

<comp id="86" class="1001" name="const_86">
<pin_list>
<pin id="87" dir="1" index="0" bw="1" slack="2147483647"/>
</pin_list>
<bind>
<StgValue><ssdm name="ScalarProp_str"/></StgValue>
</bind>
</comp>

<comp id="88" class="1001" name="const_88">
<pin_list>
<pin id="89" dir="1" index="0" bw="1" slack="2147483647"/>
</pin_list>
<bind>
<StgValue><ssdm name="_ssdm_op_SpecPipeline"/></StgValue>
</bind>
</comp>

<comp id="90" class="1001" name="const_90">
<pin_list>
<pin id="91" dir="1" index="0" bw="1" slack="0"/>
</pin_list>
<bind>
<StgValue><ssdm name="_ssdm_op_BitConcatenate.i96.i32.i32.i32"/></StgValue>
</bind>
</comp>

<comp id="92" class="1001" name="const_92">
<pin_list>
<pin id="93" dir="1" index="0" bw="1" slack="0"/>
</pin_list>
<bind>
<StgValue><ssdm name=""/></StgValue>
</bind>
</comp>

<comp id="94" class="1001" name="const_94">
<pin_list>
<pin id="95" dir="1" index="0" bw="1" slack="0"/>
</pin_list>
<bind>
<StgValue><ssdm name="_ssdm_op_Write.ap_fifo.volatile.i96P0A"/></StgValue>
</bind>
</comp>

<comp id="96" class="1001" name="const_96">
<pin_list>
<pin id="97" dir="1" index="0" bw="1" slack="0"/>
</pin_list>
<bind>
<StgValue><ssdm name="_ssdm_op_BitConcatenate.i33.i1.i32"/></StgValue>
</bind>
</comp>

<comp id="98" class="1001" name="const_98">
<pin_list>
<pin id="99" dir="1" index="0" bw="1" slack="0"/>
</pin_list>
<bind>
<StgValue><ssdm name=""/></StgValue>
</bind>
</comp>

<comp id="100" class="1001" name="const_100">
<pin_list>
<pin id="101" dir="1" index="0" bw="1" slack="0"/>
</pin_list>
<bind>
<StgValue><ssdm name="_ssdm_op_Write.ap_auto.i32P0A"/></StgValue>
</bind>
</comp>

<comp id="102" class="1004" name="inputIpAddress_read_read_fu_102">
<pin_list>
<pin id="103" dir="0" index="0" bw="32" slack="0"/>
<pin id="104" dir="0" index="1" bw="32" slack="0"/>
<pin id="105" dir="1" index="2" bw="32" slack="1"/>
</pin_list>
<bind>
<opcode="read(1150) " fcode="read"/>
<opset="inputIpAddress_read/1 "/>
</bind>
</comp>

<comp id="108" class="1004" name="dhcpEnable_read_read_fu_108">
<pin_list>
<pin id="109" dir="0" index="0" bw="1" slack="0"/>
<pin id="110" dir="0" index="1" bw="1" slack="0"/>
<pin id="111" dir="1" index="2" bw="1" slack="1"/>
</pin_list>
<bind>
<opcode="read(1150) " fcode="read"/>
<opset="dhcpEnable_read/1 "/>
</bind>
</comp>

<comp id="114" class="1004" name="grp_nbreadreq_fu_114">
<pin_list>
<pin id="115" dir="0" index="0" bw="1" slack="0"/>
<pin id="116" dir="0" index="1" bw="128" slack="0"/>
<pin id="117" dir="0" index="2" bw="1" slack="0"/>
<pin id="118" dir="1" index="3" bw="1" slack="1"/>
</pin_list>
<bind>
<opcode="nbreadreq(1156) " fcode="nbreadreq"/>
<opset="tmp_2_i_i/1 tmp_1_i_i/1 tmp_i_i_24/1 "/>
</bind>
</comp>

<comp id="122" class="1004" name="grp_read_fu_122">
<pin_list>
<pin id="123" dir="0" index="0" bw="128" slack="0"/>
<pin id="124" dir="0" index="1" bw="128" slack="0"/>
<pin id="125" dir="1" index="2" bw="128" slack="0"/>
</pin_list>
<bind>
<opcode="read(1150) " fcode="read"/>
<opset="p_03/1 dhcp_replyMetaFifo_read_1/1 dhcp_replyMetaFifo_read/1 "/>
</bind>
</comp>

<comp id="128" class="1004" name="tmp_i_i_nbreadreq_fu_128">
<pin_list>
<pin id="129" dir="0" index="0" bw="1" slack="0"/>
<pin id="130" dir="0" index="1" bw="1" slack="0"/>
<pin id="131" dir="0" index="2" bw="1" slack="0"/>
<pin id="132" dir="1" index="3" bw="1" slack="2147483647"/>
</pin_list>
<bind>
<opcode="nbreadreq(1156) " fcode="nbreadreq"/>
<opset="tmp_i_i/1 "/>
</bind>
</comp>

<comp id="136" class="1004" name="p_02_read_fu_136">
<pin_list>
<pin id="137" dir="0" index="0" bw="1" slack="0"/>
<pin id="138" dir="0" index="1" bw="1" slack="0"/>
<pin id="139" dir="1" index="2" bw="1" slack="2147483647"/>
</pin_list>
<bind>
<opcode="read(1150) " fcode="read"/>
<opset="p_02/1 "/>
</bind>
</comp>

<comp id="142" class="1004" name="grp_write_fu_142">
<pin_list>
<pin id="143" dir="0" index="0" bw="0" slack="0"/>
<pin id="144" dir="0" index="1" bw="96" slack="0"/>
<pin id="145" dir="0" index="2" bw="96" slack="0"/>
<pin id="146" dir="1" index="3" bw="0" slack="2147483647"/>
</pin_list>
<bind>
<opcode="write(1151) " fcode="write"/>
<opset="write_ln174/2 write_ln174/2 "/>
</bind>
</comp>

<comp id="149" class="1004" name="write_ln258_write_fu_149">
<pin_list>
<pin id="150" dir="0" index="0" bw="0" slack="0"/>
<pin id="151" dir="0" index="1" bw="32" slack="0"/>
<pin id="152" dir="0" index="2" bw="32" slack="0"/>
<pin id="153" dir="1" index="3" bw="0" slack="2147483647"/>
</pin_list>
<bind>
<opcode="write(1151) " fcode="write"/>
<opset="write_ln258/2 "/>
</bind>
</comp>

<comp id="156" class="1005" name="randomValue_V_loc_0_i_i_reg_156">
<pin_list>
<pin id="157" dir="0" index="0" bw="32" slack="2147483647"/>
<pin id="158" dir="1" index="1" bw="32" slack="2147483647"/>
</pin_list>
<bind>
<opset="randomValue_V_loc_0_i_i (phireg) "/>
</bind>
</comp>

<comp id="159" class="1004" name="randomValue_V_loc_0_i_i_phi_fu_159">
<pin_list>
<pin id="160" dir="0" index="0" bw="32" slack="0"/>
<pin id="161" dir="0" index="1" bw="0" slack="2147483647"/>
<pin id="162" dir="0" index="2" bw="32" slack="0"/>
<pin id="163" dir="0" index="3" bw="0" slack="2147483647"/>
<pin id="164" dir="0" index="4" bw="32" slack="0"/>
<pin id="165" dir="0" index="5" bw="0" slack="2147483647"/>
<pin id="166" dir="0" index="6" bw="32" slack="0"/>
<pin id="167" dir="0" index="7" bw="0" slack="2147483647"/>
<pin id="168" dir="0" index="8" bw="32" slack="0"/>
<pin id="169" dir="0" index="9" bw="0" slack="2147483647"/>
<pin id="170" dir="0" index="10" bw="32" slack="0"/>
<pin id="171" dir="0" index="11" bw="0" slack="2147483647"/>
<pin id="172" dir="0" index="12" bw="32" slack="0"/>
<pin id="173" dir="0" index="13" bw="0" slack="2147483647"/>
<pin id="174" dir="0" index="14" bw="32" slack="0"/>
<pin id="175" dir="0" index="15" bw="0" slack="2147483647"/>
<pin id="176" dir="0" index="16" bw="32" slack="0"/>
<pin id="177" dir="0" index="17" bw="0" slack="2147483647"/>
<pin id="178" dir="0" index="18" bw="32" slack="0"/>
<pin id="179" dir="0" index="19" bw="0" slack="2147483647"/>
<pin id="180" dir="0" index="20" bw="32" slack="0"/>
<pin id="181" dir="0" index="21" bw="0" slack="2147483647"/>
<pin id="182" dir="0" index="22" bw="32" slack="0"/>
<pin id="183" dir="0" index="23" bw="0" slack="2147483647"/>
<pin id="184" dir="0" index="24" bw="32" slack="0"/>
<pin id="185" dir="0" index="25" bw="0" slack="2147483647"/>
<pin id="186" dir="0" index="26" bw="32" slack="0"/>
<pin id="187" dir="0" index="27" bw="0" slack="2147483647"/>
<pin id="188" dir="0" index="28" bw="32" slack="0"/>
<pin id="189" dir="0" index="29" bw="0" slack="2147483647"/>
<pin id="190" dir="0" index="30" bw="32" slack="0"/>
<pin id="191" dir="0" index="31" bw="0" slack="2147483647"/>
<pin id="192" dir="0" index="32" bw="32" slack="0"/>
<pin id="193" dir="0" index="33" bw="0" slack="2147483647"/>
<pin id="194" dir="0" index="34" bw="32" slack="0"/>
<pin id="195" dir="0" index="35" bw="0" slack="2147483647"/>
<pin id="196" dir="1" index="36" bw="32" slack="0"/>
</pin_list>
<bind>
<opcode="phi(47) " fcode="phi"/>
<opset="randomValue_V_loc_0_i_i/1 "/>
</bind>
</comp>

<comp id="197" class="1004" name="grp_store_fu_197">
<pin_list>
<pin id="198" dir="0" index="0" bw="1" slack="0"/>
<pin id="199" dir="0" index="1" bw="3" slack="0"/>
<pin id="200" dir="1" index="2" bw="0" slack="2147483647"/>
</pin_list>
<bind>
<opcode="store(28) " fcode="store"/>
<opset="store_ln328/1 store_ln318/1 store_ln312/1 store_ln298/1 store_ln293/1 store_ln265/1 "/>
</bind>
</comp>

<comp id="203" class="1004" name="icmp_ln870_9_fu_203">
<pin_list>
<pin id="204" dir="0" index="0" bw="32" slack="0"/>
<pin id="205" dir="0" index="1" bw="1" slack="0"/>
<pin id="206" dir="1" index="2" bw="1" slack="2147483647"/>
</pin_list>
<bind>
<opcode="icmp(45) " fcode="icmp"/>
<opset="icmp_ln870_9/1 "/>
</bind>
</comp>

<comp id="208" class="1004" name="grp_fu_208">
<pin_list>
<pin id="209" dir="0" index="0" bw="32" slack="0"/>
<pin id="210" dir="0" index="1" bw="1" slack="0"/>
<pin id="211" dir="1" index="2" bw="1" slack="1"/>
</pin_list>
<bind>
<opcode="icmp(45) " fcode="icmp"/>
<opset="icmp_ln870_7/1 icmp_ln870/1 "/>
</bind>
</comp>

<comp id="213" class="1004" name="grp_fu_213">
<pin_list>
<pin id="214" dir="0" index="0" bw="32" slack="0"/>
<pin id="215" dir="0" index="1" bw="1" slack="0"/>
<pin id="216" dir="1" index="2" bw="32" slack="0"/>
</pin_list>
<bind>
<opcode="add(8) " fcode="add"/>
<opset="add_ln692_2/1 add_ln692_1/1 add_ln692/1 "/>
</bind>
</comp>

<comp id="218" class="1004" name="grp_store_fu_218">
<pin_list>
<pin id="219" dir="0" index="0" bw="32" slack="0"/>
<pin id="220" dir="0" index="1" bw="32" slack="0"/>
<pin id="221" dir="1" index="2" bw="0" slack="2147483647"/>
</pin_list>
<bind>
<opcode="store(28) " fcode="store"/>
<opset="store_ln692/1 store_ln692/1 store_ln692/1 "/>
</bind>
</comp>

<comp id="224" class="1004" name="grp_fu_224">
<pin_list>
<pin id="225" dir="0" index="0" bw="8" slack="0"/>
<pin id="226" dir="0" index="1" bw="128" slack="0"/>
<pin id="227" dir="0" index="2" bw="8" slack="0"/>
<pin id="228" dir="0" index="3" bw="8" slack="0"/>
<pin id="229" dir="1" index="4" bw="8" slack="0"/>
</pin_list>
<bind>
<opcode="partselect(1002) " fcode="partselect"/>
<opset="reply_type_V_1/1 reply_type_V/1 "/>
</bind>
</comp>

<comp id="234" class="1004" name="grp_store_fu_234">
<pin_list>
<pin id="235" dir="0" index="0" bw="31" slack="0"/>
<pin id="236" dir="0" index="1" bw="32" slack="0"/>
<pin id="237" dir="1" index="2" bw="0" slack="2147483647"/>
</pin_list>
<bind>
<opcode="store(28) " fcode="store"/>
<opset="store_ln289/1 store_ln275/1 "/>
</bind>
</comp>

<comp id="240" class="1004" name="grp_store_fu_240">
<pin_list>
<pin id="241" dir="0" index="0" bw="32" slack="1"/>
<pin id="242" dir="0" index="1" bw="32" slack="0"/>
<pin id="243" dir="1" index="2" bw="0" slack="2147483647"/>
</pin_list>
<bind>
<opcode="store(28) " fcode="store"/>
<opset="store_ln269/2 store_ln262/2 "/>
</bind>
</comp>

<comp id="245" class="1004" name="state_load_load_fu_245">
<pin_list>
<pin id="246" dir="0" index="0" bw="3" slack="0"/>
<pin id="247" dir="1" index="1" bw="3" slack="1"/>
</pin_list>
<bind>
<opcode="load(27) " fcode="load"/>
<opset="state_load/1 "/>
</bind>
</comp>

<comp id="249" class="1004" name="time_V_load_load_fu_249">
<pin_list>
<pin id="250" dir="0" index="0" bw="32" slack="0"/>
<pin id="251" dir="1" index="1" bw="32" slack="0"/>
</pin_list>
<bind>
<opcode="load(27) " fcode="load"/>
<opset="time_V_load/1 "/>
</bind>
</comp>

<comp id="256" class="1004" name="randomValue_V_load_load_fu_256">
<pin_list>
<pin id="257" dir="0" index="0" bw="32" slack="0"/>
<pin id="258" dir="1" index="1" bw="32" slack="0"/>
</pin_list>
<bind>
<opcode="load(27) " fcode="load"/>
<opset="randomValue_V_load/1 "/>
</bind>
</comp>

<comp id="277" class="1004" name="myIdentity_V_load_load_fu_277">
<pin_list>
<pin id="278" dir="0" index="0" bw="32" slack="0"/>
<pin id="279" dir="1" index="1" bw="32" slack="0"/>
</pin_list>
<bind>
<opcode="load(27) " fcode="load"/>
<opset="myIdentity_V_load/1 "/>
</bind>
</comp>

<comp id="281" class="1004" name="reply_identifier_V_1_fu_281">
<pin_list>
<pin id="282" dir="0" index="0" bw="128" slack="0"/>
<pin id="283" dir="1" index="1" bw="32" slack="0"/>
</pin_list>
<bind>
<opcode="trunc(33) " fcode="trunc"/>
<opset="reply_identifier_V_1/1 "/>
</bind>
</comp>

<comp id="285" class="1004" name="icmp_ln870_8_fu_285">
<pin_list>
<pin id="286" dir="0" index="0" bw="32" slack="0"/>
<pin id="287" dir="0" index="1" bw="32" slack="0"/>
<pin id="288" dir="1" index="2" bw="1" slack="1"/>
</pin_list>
<bind>
<opcode="icmp(45) " fcode="icmp"/>
<opset="icmp_ln870_8/1 "/>
</bind>
</comp>

<comp id="291" class="1004" name="icmp_ln870_11_fu_291">
<pin_list>
<pin id="292" dir="0" index="0" bw="8" slack="0"/>
<pin id="293" dir="0" index="1" bw="4" slack="0"/>
<pin id="294" dir="1" index="2" bw="1" slack="1"/>
</pin_list>
<bind>
<opcode="icmp(45) " fcode="icmp"/>
<opset="icmp_ln870_11/1 "/>
</bind>
</comp>

<comp id="297" class="1004" name="store_ln309_store_fu_297">
<pin_list>
<pin id="298" dir="0" index="0" bw="3" slack="0"/>
<pin id="299" dir="0" index="1" bw="3" slack="0"/>
<pin id="300" dir="1" index="2" bw="0" slack="2147483647"/>
</pin_list>
<bind>
<opcode="store(28) " fcode="store"/>
<opset="store_ln309/1 "/>
</bind>
</comp>

<comp id="303" class="1004" name="reply_identifier_V_fu_303">
<pin_list>
<pin id="304" dir="0" index="0" bw="128" slack="0"/>
<pin id="305" dir="1" index="1" bw="32" slack="0"/>
</pin_list>
<bind>
<opcode="trunc(33) " fcode="trunc"/>
<opset="reply_identifier_V/1 "/>
</bind>
</comp>

<comp id="307" class="1004" name="reply_assignedIpAddress_V_fu_307">
<pin_list>
<pin id="308" dir="0" index="0" bw="32" slack="0"/>
<pin id="309" dir="0" index="1" bw="128" slack="0"/>
<pin id="310" dir="0" index="2" bw="7" slack="0"/>
<pin id="311" dir="0" index="3" bw="7" slack="0"/>
<pin id="312" dir="1" index="4" bw="32" slack="1"/>
</pin_list>
<bind>
<opcode="partselect(1002) " fcode="partselect"/>
<opset="reply_assignedIpAddress_V/1 "/>
</bind>
</comp>

<comp id="317" class="1004" name="icmp_ln870_6_fu_317">
<pin_list>
<pin id="318" dir="0" index="0" bw="32" slack="0"/>
<pin id="319" dir="0" index="1" bw="32" slack="0"/>
<pin id="320" dir="1" index="2" bw="1" slack="1"/>
</pin_list>
<bind>
<opcode="icmp(45) " fcode="icmp"/>
<opset="icmp_ln870_6/1 "/>
</bind>
</comp>

<comp id="323" class="1004" name="icmp_ln870_10_fu_323">
<pin_list>
<pin id="324" dir="0" index="0" bw="8" slack="0"/>
<pin id="325" dir="0" index="1" bw="3" slack="0"/>
<pin id="326" dir="1" index="2" bw="1" slack="1"/>
</pin_list>
<bind>
<opcode="icmp(45) " fcode="icmp"/>
<opset="icmp_ln870_10/1 "/>
</bind>
</comp>

<comp id="329" class="1004" name="store_ln290_store_fu_329">
<pin_list>
<pin id="330" dir="0" index="0" bw="3" slack="0"/>
<pin id="331" dir="0" index="1" bw="3" slack="0"/>
<pin id="332" dir="1" index="2" bw="0" slack="2147483647"/>
</pin_list>
<bind>
<opcode="store(28) " fcode="store"/>
<opset="store_ln290/1 "/>
</bind>
</comp>

<comp id="335" class="1004" name="store_ln272_store_fu_335">
<pin_list>
<pin id="336" dir="0" index="0" bw="32" slack="0"/>
<pin id="337" dir="0" index="1" bw="32" slack="0"/>
<pin id="338" dir="1" index="2" bw="0" slack="2147483647"/>
</pin_list>
<bind>
<opcode="store(28) " fcode="store"/>
<opset="store_ln272/1 "/>
</bind>
</comp>

<comp id="341" class="1004" name="shl_ln213_fu_341">
<pin_list>
<pin id="342" dir="0" index="0" bw="32" slack="0"/>
<pin id="343" dir="0" index="1" bw="3" slack="0"/>
<pin id="344" dir="1" index="2" bw="32" slack="0"/>
</pin_list>
<bind>
<opcode="shl(20) " fcode="shl"/>
<opset="shl_ln213/1 "/>
</bind>
</comp>

<comp id="347" class="1004" name="xor_ln213_fu_347">
<pin_list>
<pin id="348" dir="0" index="0" bw="32" slack="0"/>
<pin id="349" dir="0" index="1" bw="32" slack="0"/>
<pin id="350" dir="1" index="2" bw="32" slack="0"/>
</pin_list>
<bind>
<opcode="xor(25) " fcode="xor"/>
<opset="xor_ln213/1 "/>
</bind>
</comp>

<comp id="354" class="1004" name="store_ln276_store_fu_354">
<pin_list>
<pin id="355" dir="0" index="0" bw="3" slack="0"/>
<pin id="356" dir="0" index="1" bw="3" slack="0"/>
<pin id="357" dir="1" index="2" bw="0" slack="2147483647"/>
</pin_list>
<bind>
<opcode="store(28) " fcode="store"/>
<opset="store_ln276/1 "/>
</bind>
</comp>

<comp id="360" class="1004" name="add_ln691_fu_360">
<pin_list>
<pin id="361" dir="0" index="0" bw="32" slack="0"/>
<pin id="362" dir="0" index="1" bw="1" slack="0"/>
<pin id="363" dir="1" index="2" bw="32" slack="0"/>
</pin_list>
<bind>
<opcode="add(8) " fcode="add"/>
<opset="add_ln691/1 "/>
</bind>
</comp>

<comp id="366" class="1004" name="store_ln274_store_fu_366">
<pin_list>
<pin id="367" dir="0" index="0" bw="32" slack="0"/>
<pin id="368" dir="0" index="1" bw="32" slack="0"/>
<pin id="369" dir="1" index="2" bw="0" slack="2147483647"/>
</pin_list>
<bind>
<opcode="store(28) " fcode="store"/>
<opset="store_ln274/1 "/>
</bind>
</comp>

<comp id="372" class="1004" name="myIpAddress_V_load_load_fu_372">
<pin_list>
<pin id="373" dir="0" index="0" bw="32" slack="0"/>
<pin id="374" dir="1" index="1" bw="32" slack="0"/>
</pin_list>
<bind>
<opcode="load(27) " fcode="load"/>
<opset="myIpAddress_V_load/2 "/>
</bind>
</comp>

<comp id="377" class="1004" name="IpAddressBuffer_V_load_load_fu_377">
<pin_list>
<pin id="378" dir="0" index="0" bw="32" slack="0"/>
<pin id="379" dir="1" index="1" bw="32" slack="0"/>
</pin_list>
<bind>
<opcode="load(27) " fcode="load"/>
<opset="IpAddressBuffer_V_load/2 "/>
</bind>
</comp>

<comp id="381" class="1004" name="store_ln308_store_fu_381">
<pin_list>
<pin id="382" dir="0" index="0" bw="32" slack="0"/>
<pin id="383" dir="0" index="1" bw="32" slack="0"/>
<pin id="384" dir="1" index="2" bw="0" slack="2147483647"/>
</pin_list>
<bind>
<opcode="store(28) " fcode="store"/>
<opset="store_ln308/2 "/>
</bind>
</comp>

<comp id="387" class="1004" name="store_ln287_store_fu_387">
<pin_list>
<pin id="388" dir="0" index="0" bw="32" slack="1"/>
<pin id="389" dir="0" index="1" bw="32" slack="0"/>
<pin id="390" dir="1" index="2" bw="0" slack="2147483647"/>
</pin_list>
<bind>
<opcode="store(28) " fcode="store"/>
<opset="store_ln287/2 "/>
</bind>
</comp>

<comp id="392" class="1004" name="or_ln174_3_i_i_fu_392">
<pin_list>
<pin id="393" dir="0" index="0" bw="96" slack="0"/>
<pin id="394" dir="0" index="1" bw="32" slack="1"/>
<pin id="395" dir="0" index="2" bw="1" slack="0"/>
<pin id="396" dir="0" index="3" bw="32" slack="1"/>
<pin id="397" dir="1" index="4" bw="96" slack="0"/>
</pin_list>
<bind>
<opcode="bitconcatenate(1004) " fcode="bitconcatenate"/>
<opset="or_ln174_3_i_i/2 "/>
</bind>
</comp>

<comp id="400" class="1004" name="or_ln174_fu_400">
<pin_list>
<pin id="401" dir="0" index="0" bw="96" slack="0"/>
<pin id="402" dir="0" index="1" bw="35" slack="0"/>
<pin id="403" dir="1" index="2" bw="96" slack="0"/>
</pin_list>
<bind>
<opcode="or(24) " fcode="or"/>
<opset="or_ln174/2 "/>
</bind>
</comp>

<comp id="407" class="1004" name="or_ln_fu_407">
<pin_list>
<pin id="408" dir="0" index="0" bw="33" slack="0"/>
<pin id="409" dir="0" index="1" bw="1" slack="0"/>
<pin id="410" dir="0" index="2" bw="32" slack="1"/>
<pin id="411" dir="1" index="3" bw="33" slack="0"/>
</pin_list>
<bind>
<opcode="bitconcatenate(1004) " fcode="bitconcatenate"/>
<opset="or_ln/2 "/>
</bind>
</comp>

<comp id="414" class="1004" name="zext_ln174_fu_414">
<pin_list>
<pin id="415" dir="0" index="0" bw="33" slack="0"/>
<pin id="416" dir="1" index="1" bw="96" slack="0"/>
</pin_list>
<bind>
<opcode="zext(34) " fcode="zext"/>
<opset="zext_ln174/2 "/>
</bind>
</comp>

<comp id="419" class="1005" name="state_load_reg_419">
<pin_list>
<pin id="420" dir="0" index="0" bw="3" slack="1"/>
<pin id="421" dir="1" index="1" bw="3" slack="2147483647"/>
</pin_list>
<bind>
<opset="state_load "/>
</bind>
</comp>

<comp id="423" class="1005" name="inputIpAddress_read_reg_423">
<pin_list>
<pin id="424" dir="0" index="0" bw="32" slack="1"/>
<pin id="425" dir="1" index="1" bw="32" slack="1"/>
</pin_list>
<bind>
<opset="inputIpAddress_read "/>
</bind>
</comp>

<comp id="428" class="1005" name="dhcpEnable_read_reg_428">
<pin_list>
<pin id="429" dir="0" index="0" bw="1" slack="1"/>
<pin id="430" dir="1" index="1" bw="1" slack="2147483647"/>
</pin_list>
<bind>
<opset="dhcpEnable_read "/>
</bind>
</comp>

<comp id="432" class="1005" name="randomValue_V_load_reg_432">
<pin_list>
<pin id="433" dir="0" index="0" bw="32" slack="1"/>
<pin id="434" dir="1" index="1" bw="32" slack="1"/>
</pin_list>
<bind>
<opset="randomValue_V_load "/>
</bind>
</comp>

<comp id="437" class="1005" name="myIdentity_V_load_reg_437">
<pin_list>
<pin id="438" dir="0" index="0" bw="32" slack="1"/>
<pin id="439" dir="1" index="1" bw="32" slack="1"/>
</pin_list>
<bind>
<opset="myIdentity_V_load "/>
</bind>
</comp>

<comp id="445" class="1005" name="tmp_1_i_i_reg_445">
<pin_list>
<pin id="446" dir="0" index="0" bw="1" slack="1"/>
<pin id="447" dir="1" index="1" bw="1" slack="2147483647"/>
</pin_list>
<bind>
<opset="tmp_1_i_i "/>
</bind>
</comp>

<comp id="452" class="1005" name="icmp_ln870_8_reg_452">
<pin_list>
<pin id="453" dir="0" index="0" bw="1" slack="1"/>
<pin id="454" dir="1" index="1" bw="1" slack="2147483647"/>
</pin_list>
<bind>
<opset="icmp_ln870_8 "/>
</bind>
</comp>

<comp id="456" class="1005" name="icmp_ln870_11_reg_456">
<pin_list>
<pin id="457" dir="0" index="0" bw="1" slack="1"/>
<pin id="458" dir="1" index="1" bw="1" slack="2147483647"/>
</pin_list>
<bind>
<opset="icmp_ln870_11 "/>
</bind>
</comp>

<comp id="460" class="1005" name="tmp_i_i_24_reg_460">
<pin_list>
<pin id="461" dir="0" index="0" bw="1" slack="1"/>
<pin id="462" dir="1" index="1" bw="1" slack="2147483647"/>
</pin_list>
<bind>
<opset="tmp_i_i_24 "/>
</bind>
</comp>

<comp id="467" class="1005" name="reply_assignedIpAddress_V_reg_467">
<pin_list>
<pin id="468" dir="0" index="0" bw="32" slack="1"/>
<pin id="469" dir="1" index="1" bw="32" slack="1"/>
</pin_list>
<bind>
<opset="reply_assignedIpAddress_V "/>
</bind>
</comp>

<comp id="473" class="1005" name="icmp_ln870_6_reg_473">
<pin_list>
<pin id="474" dir="0" index="0" bw="1" slack="1"/>
<pin id="475" dir="1" index="1" bw="1" slack="2147483647"/>
</pin_list>
<bind>
<opset="icmp_ln870_6 "/>
</bind>
</comp>

<comp id="477" class="1005" name="icmp_ln870_10_reg_477">
<pin_list>
<pin id="478" dir="0" index="0" bw="1" slack="1"/>
<pin id="479" dir="1" index="1" bw="1" slack="2147483647"/>
</pin_list>
<bind>
<opset="icmp_ln870_10 "/>
</bind>
</comp>

<comp id="481" class="1005" name="icmp_ln870_reg_481">
<pin_list>
<pin id="482" dir="0" index="0" bw="1" slack="1"/>
<pin id="483" dir="1" index="1" bw="1" slack="2147483647"/>
</pin_list>
<bind>
<opset="icmp_ln870 "/>
</bind>
</comp>

</comp_list>

<net_list>
<net id="106"><net_src comp="24" pin="0"/><net_sink comp="102" pin=0"/></net>

<net id="107"><net_src comp="4" pin="0"/><net_sink comp="102" pin=1"/></net>

<net id="112"><net_src comp="26" pin="0"/><net_sink comp="108" pin=0"/></net>

<net id="113"><net_src comp="2" pin="0"/><net_sink comp="108" pin=1"/></net>

<net id="119"><net_src comp="38" pin="0"/><net_sink comp="114" pin=0"/></net>

<net id="120"><net_src comp="22" pin="0"/><net_sink comp="114" pin=1"/></net>

<net id="121"><net_src comp="40" pin="0"/><net_sink comp="114" pin=2"/></net>

<net id="126"><net_src comp="42" pin="0"/><net_sink comp="122" pin=0"/></net>

<net id="127"><net_src comp="22" pin="0"/><net_sink comp="122" pin=1"/></net>

<net id="133"><net_src comp="68" pin="0"/><net_sink comp="128" pin=0"/></net>

<net id="134"><net_src comp="18" pin="0"/><net_sink comp="128" pin=1"/></net>

<net id="135"><net_src comp="40" pin="0"/><net_sink comp="128" pin=2"/></net>

<net id="140"><net_src comp="70" pin="0"/><net_sink comp="136" pin=0"/></net>

<net id="141"><net_src comp="18" pin="0"/><net_sink comp="136" pin=1"/></net>

<net id="147"><net_src comp="94" pin="0"/><net_sink comp="142" pin=0"/></net>

<net id="148"><net_src comp="20" pin="0"/><net_sink comp="142" pin=1"/></net>

<net id="154"><net_src comp="100" pin="0"/><net_sink comp="149" pin=0"/></net>

<net id="155"><net_src comp="0" pin="0"/><net_sink comp="149" pin=1"/></net>

<net id="201"><net_src comp="30" pin="0"/><net_sink comp="197" pin=0"/></net>

<net id="202"><net_src comp="8" pin="0"/><net_sink comp="197" pin=1"/></net>

<net id="207"><net_src comp="44" pin="0"/><net_sink comp="203" pin=1"/></net>

<net id="212"><net_src comp="44" pin="0"/><net_sink comp="208" pin=1"/></net>

<net id="217"><net_src comp="46" pin="0"/><net_sink comp="213" pin=1"/></net>

<net id="222"><net_src comp="213" pin="2"/><net_sink comp="218" pin=0"/></net>

<net id="223"><net_src comp="10" pin="0"/><net_sink comp="218" pin=1"/></net>

<net id="230"><net_src comp="48" pin="0"/><net_sink comp="224" pin=0"/></net>

<net id="231"><net_src comp="122" pin="2"/><net_sink comp="224" pin=1"/></net>

<net id="232"><net_src comp="50" pin="0"/><net_sink comp="224" pin=2"/></net>

<net id="233"><net_src comp="52" pin="0"/><net_sink comp="224" pin=3"/></net>

<net id="238"><net_src comp="64" pin="0"/><net_sink comp="234" pin=0"/></net>

<net id="239"><net_src comp="10" pin="0"/><net_sink comp="234" pin=1"/></net>

<net id="244"><net_src comp="6" pin="0"/><net_sink comp="240" pin=1"/></net>

<net id="248"><net_src comp="8" pin="0"/><net_sink comp="245" pin=0"/></net>

<net id="252"><net_src comp="10" pin="0"/><net_sink comp="249" pin=0"/></net>

<net id="253"><net_src comp="249" pin="1"/><net_sink comp="203" pin=0"/></net>

<net id="254"><net_src comp="249" pin="1"/><net_sink comp="213" pin=0"/></net>

<net id="255"><net_src comp="249" pin="1"/><net_sink comp="208" pin=0"/></net>

<net id="259"><net_src comp="12" pin="0"/><net_sink comp="256" pin=0"/></net>

<net id="260"><net_src comp="256" pin="1"/><net_sink comp="159" pin=0"/></net>

<net id="261"><net_src comp="256" pin="1"/><net_sink comp="159" pin=2"/></net>

<net id="262"><net_src comp="256" pin="1"/><net_sink comp="159" pin=4"/></net>

<net id="263"><net_src comp="256" pin="1"/><net_sink comp="159" pin=6"/></net>

<net id="264"><net_src comp="256" pin="1"/><net_sink comp="159" pin=8"/></net>

<net id="265"><net_src comp="256" pin="1"/><net_sink comp="159" pin=10"/></net>

<net id="266"><net_src comp="256" pin="1"/><net_sink comp="159" pin=12"/></net>

<net id="267"><net_src comp="256" pin="1"/><net_sink comp="159" pin=14"/></net>

<net id="268"><net_src comp="256" pin="1"/><net_sink comp="159" pin=16"/></net>

<net id="269"><net_src comp="256" pin="1"/><net_sink comp="159" pin=18"/></net>

<net id="270"><net_src comp="256" pin="1"/><net_sink comp="159" pin=20"/></net>

<net id="271"><net_src comp="256" pin="1"/><net_sink comp="159" pin=22"/></net>

<net id="272"><net_src comp="256" pin="1"/><net_sink comp="159" pin=24"/></net>

<net id="273"><net_src comp="256" pin="1"/><net_sink comp="159" pin=28"/></net>

<net id="274"><net_src comp="256" pin="1"/><net_sink comp="159" pin=30"/></net>

<net id="275"><net_src comp="256" pin="1"/><net_sink comp="159" pin=32"/></net>

<net id="276"><net_src comp="256" pin="1"/><net_sink comp="159" pin=34"/></net>

<net id="280"><net_src comp="14" pin="0"/><net_sink comp="277" pin=0"/></net>

<net id="284"><net_src comp="122" pin="2"/><net_sink comp="281" pin=0"/></net>

<net id="289"><net_src comp="281" pin="1"/><net_sink comp="285" pin=0"/></net>

<net id="290"><net_src comp="277" pin="1"/><net_sink comp="285" pin=1"/></net>

<net id="295"><net_src comp="224" pin="4"/><net_sink comp="291" pin=0"/></net>

<net id="296"><net_src comp="54" pin="0"/><net_sink comp="291" pin=1"/></net>

<net id="301"><net_src comp="36" pin="0"/><net_sink comp="297" pin=0"/></net>

<net id="302"><net_src comp="8" pin="0"/><net_sink comp="297" pin=1"/></net>

<net id="306"><net_src comp="122" pin="2"/><net_sink comp="303" pin=0"/></net>

<net id="313"><net_src comp="56" pin="0"/><net_sink comp="307" pin=0"/></net>

<net id="314"><net_src comp="122" pin="2"/><net_sink comp="307" pin=1"/></net>

<net id="315"><net_src comp="58" pin="0"/><net_sink comp="307" pin=2"/></net>

<net id="316"><net_src comp="60" pin="0"/><net_sink comp="307" pin=3"/></net>

<net id="321"><net_src comp="303" pin="1"/><net_sink comp="317" pin=0"/></net>

<net id="322"><net_src comp="277" pin="1"/><net_sink comp="317" pin=1"/></net>

<net id="327"><net_src comp="224" pin="4"/><net_sink comp="323" pin=0"/></net>

<net id="328"><net_src comp="62" pin="0"/><net_sink comp="323" pin=1"/></net>

<net id="333"><net_src comp="34" pin="0"/><net_sink comp="329" pin=0"/></net>

<net id="334"><net_src comp="8" pin="0"/><net_sink comp="329" pin=1"/></net>

<net id="339"><net_src comp="256" pin="1"/><net_sink comp="335" pin=0"/></net>

<net id="340"><net_src comp="14" pin="0"/><net_sink comp="335" pin=1"/></net>

<net id="345"><net_src comp="256" pin="1"/><net_sink comp="341" pin=0"/></net>

<net id="346"><net_src comp="66" pin="0"/><net_sink comp="341" pin=1"/></net>

<net id="351"><net_src comp="256" pin="1"/><net_sink comp="347" pin=0"/></net>

<net id="352"><net_src comp="341" pin="2"/><net_sink comp="347" pin=1"/></net>

<net id="353"><net_src comp="347" pin="2"/><net_sink comp="159" pin=26"/></net>

<net id="358"><net_src comp="32" pin="0"/><net_sink comp="354" pin=0"/></net>

<net id="359"><net_src comp="8" pin="0"/><net_sink comp="354" pin=1"/></net>

<net id="364"><net_src comp="159" pin="36"/><net_sink comp="360" pin=0"/></net>

<net id="365"><net_src comp="40" pin="0"/><net_sink comp="360" pin=1"/></net>

<net id="370"><net_src comp="360" pin="2"/><net_sink comp="366" pin=0"/></net>

<net id="371"><net_src comp="12" pin="0"/><net_sink comp="366" pin=1"/></net>

<net id="375"><net_src comp="6" pin="0"/><net_sink comp="372" pin=0"/></net>

<net id="376"><net_src comp="372" pin="1"/><net_sink comp="149" pin=2"/></net>

<net id="380"><net_src comp="16" pin="0"/><net_sink comp="377" pin=0"/></net>

<net id="385"><net_src comp="377" pin="1"/><net_sink comp="381" pin=0"/></net>

<net id="386"><net_src comp="6" pin="0"/><net_sink comp="381" pin=1"/></net>

<net id="391"><net_src comp="16" pin="0"/><net_sink comp="387" pin=1"/></net>

<net id="398"><net_src comp="90" pin="0"/><net_sink comp="392" pin=0"/></net>

<net id="399"><net_src comp="44" pin="0"/><net_sink comp="392" pin=2"/></net>

<net id="404"><net_src comp="392" pin="4"/><net_sink comp="400" pin=0"/></net>

<net id="405"><net_src comp="92" pin="0"/><net_sink comp="400" pin=1"/></net>

<net id="406"><net_src comp="400" pin="2"/><net_sink comp="142" pin=2"/></net>

<net id="412"><net_src comp="96" pin="0"/><net_sink comp="407" pin=0"/></net>

<net id="413"><net_src comp="98" pin="0"/><net_sink comp="407" pin=1"/></net>

<net id="417"><net_src comp="407" pin="3"/><net_sink comp="414" pin=0"/></net>

<net id="418"><net_src comp="414" pin="1"/><net_sink comp="142" pin=2"/></net>

<net id="422"><net_src comp="245" pin="1"/><net_sink comp="419" pin=0"/></net>

<net id="426"><net_src comp="102" pin="2"/><net_sink comp="423" pin=0"/></net>

<net id="427"><net_src comp="423" pin="1"/><net_sink comp="240" pin=0"/></net>

<net id="431"><net_src comp="108" pin="2"/><net_sink comp="428" pin=0"/></net>

<net id="435"><net_src comp="256" pin="1"/><net_sink comp="432" pin=0"/></net>

<net id="436"><net_src comp="432" pin="1"/><net_sink comp="407" pin=2"/></net>

<net id="440"><net_src comp="277" pin="1"/><net_sink comp="437" pin=0"/></net>

<net id="441"><net_src comp="437" pin="1"/><net_sink comp="392" pin=3"/></net>

<net id="448"><net_src comp="114" pin="3"/><net_sink comp="445" pin=0"/></net>

<net id="455"><net_src comp="285" pin="2"/><net_sink comp="452" pin=0"/></net>

<net id="459"><net_src comp="291" pin="2"/><net_sink comp="456" pin=0"/></net>

<net id="463"><net_src comp="114" pin="3"/><net_sink comp="460" pin=0"/></net>

<net id="470"><net_src comp="307" pin="4"/><net_sink comp="467" pin=0"/></net>

<net id="471"><net_src comp="467" pin="1"/><net_sink comp="387" pin=0"/></net>

<net id="472"><net_src comp="467" pin="1"/><net_sink comp="392" pin=1"/></net>

<net id="476"><net_src comp="317" pin="2"/><net_sink comp="473" pin=0"/></net>

<net id="480"><net_src comp="323" pin="2"/><net_sink comp="477" pin=0"/></net>

<net id="484"><net_src comp="208" pin="2"/><net_sink comp="481" pin=0"/></net>

</net_list>

</model> 
---------------- Datapath Model END ------------------

* FSMD analyzer results:
  - Output states:
	Port: dhcpIpAddressOut | {2 }
	Port: myIpAddress_V | {2 }
	Port: state | {1 }
	Port: time_V | {1 }
	Port: randomValue_V | {1 }
	Port: myIdentity_V | {1 }
	Port: IpAddressBuffer_V | {2 }
	Port: dhcp_requestMetaFifo | {2 }
 - Input state : 
	Port: dhcp_fsm : dhcpEnable | {1 }
	Port: dhcp_fsm : inputIpAddress | {1 }
	Port: dhcp_fsm : myIpAddress_V | {2 }
	Port: dhcp_fsm : state | {1 }
	Port: dhcp_fsm : time_V | {1 }
	Port: dhcp_fsm : randomValue_V | {1 }
	Port: dhcp_fsm : myIdentity_V | {1 }
	Port: dhcp_fsm : IpAddressBuffer_V | {2 }
	Port: dhcp_fsm : portOpen | {1 }
	Port: dhcp_fsm : dhcp_replyMetaFifo | {1 }
  - Chain level:
	State 1
		switch_ln260 : 1
		icmp_ln870_9 : 1
		br_ln317 : 2
		add_ln692_2 : 1
		store_ln692 : 2
		icmp_ln870_8 : 1
		br_ln306 : 2
		icmp_ln870_11 : 1
		br_ln307 : 2
		icmp_ln870_7 : 1
		br_ln297 : 2
		add_ln692_1 : 1
		store_ln692 : 2
		icmp_ln870_6 : 1
		br_ln285 : 2
		icmp_ln870_10 : 1
		br_ln286 : 2
		icmp_ln870 : 1
		br_ln271 : 2
		add_ln692 : 1
		store_ln692 : 2
		store_ln272 : 1
		shl_ln213 : 1
		xor_ln213 : 1
		randomValue_V_loc_0_i_i : 3
		add_ln691 : 4
		store_ln274 : 5
	State 2
		store_ln308 : 1
		or_ln174 : 1
		write_ln174 : 1
		zext_ln174 : 1
		write_ln174 : 2
		write_ln258 : 1


============================================================
+ Verbose Summary: Datapath Resource usage 
============================================================

* Functional unit list:
|----------|----------------------------------|---------|---------|
| Operation|          Functional Unit         |    FF   |   LUT   |
|----------|----------------------------------|---------|---------|
|          |        icmp_ln870_9_fu_203       |    0    |    20   |
|          |            grp_fu_208            |    0    |    20   |
|   icmp   |        icmp_ln870_8_fu_285       |    0    |    20   |
|          |       icmp_ln870_11_fu_291       |    0    |    11   |
|          |        icmp_ln870_6_fu_317       |    0    |    20   |
|          |       icmp_ln870_10_fu_323       |    0    |    11   |
|----------|----------------------------------|---------|---------|
|    add   |            grp_fu_213            |    0    |    39   |
|          |         add_ln691_fu_360         |    0    |    39   |
|----------|----------------------------------|---------|---------|
|    xor   |         xor_ln213_fu_347         |    0    |    32   |
|----------|----------------------------------|---------|---------|
|          |  inputIpAddress_read_read_fu_102 |    0    |    0    |
|   read   |    dhcpEnable_read_read_fu_108   |    0    |    0    |
|          |          grp_read_fu_122         |    0    |    0    |
|          |         p_02_read_fu_136         |    0    |    0    |
|----------|----------------------------------|---------|---------|
| nbreadreq|       grp_nbreadreq_fu_114       |    0    |    0    |
|          |     tmp_i_i_nbreadreq_fu_128     |    0    |    0    |
|----------|----------------------------------|---------|---------|
|   write  |         grp_write_fu_142         |    0    |    0    |
|          |     write_ln258_write_fu_149     |    0    |    0    |
|----------|----------------------------------|---------|---------|
|partselect|            grp_fu_224            |    0    |    0    |
|          | reply_assignedIpAddress_V_fu_307 |    0    |    0    |
|----------|----------------------------------|---------|---------|
|   trunc  |    reply_identifier_V_1_fu_281   |    0    |    0    |
|          |     reply_identifier_V_fu_303    |    0    |    0    |
|----------|----------------------------------|---------|---------|
|    shl   |         shl_ln213_fu_341         |    0    |    0    |
|----------|----------------------------------|---------|---------|
|bitconcatenate|       or_ln174_3_i_i_fu_392      |    0    |    0    |
|          |           or_ln_fu_407           |    0    |    0    |
|----------|----------------------------------|---------|---------|
|    or    |          or_ln174_fu_400         |    0    |    0    |
|----------|----------------------------------|---------|---------|
|   zext   |         zext_ln174_fu_414        |    0    |    0    |
|----------|----------------------------------|---------|---------|
|   Total  |                                  |    0    |   212   |
|----------|----------------------------------|---------|---------|

Memories:
N/A

* Register list:
+---------------------------------+--------+
|                                 |   FF   |
+---------------------------------+--------+
|     dhcpEnable_read_reg_428     |    1   |
|      icmp_ln870_10_reg_477      |    1   |
|      icmp_ln870_11_reg_456      |    1   |
|       icmp_ln870_6_reg_473      |    1   |
|       icmp_ln870_8_reg_452      |    1   |
|        icmp_ln870_reg_481       |    1   |
|   inputIpAddress_read_reg_423   |   32   |
|    myIdentity_V_load_reg_437    |   32   |
|    randomValue_V_load_reg_432   |   32   |
| randomValue_V_loc_0_i_i_reg_156 |   32   |
|reply_assignedIpAddress_V_reg_467|   32   |
|        state_load_reg_419       |    3   |
|        tmp_1_i_i_reg_445        |    1   |
|        tmp_i_i_24_reg_460       |    1   |
+---------------------------------+--------+
|              Total              |   171  |
+---------------------------------+--------+

* Multiplexer (MUX) list: 
|------------------|------|------|------|--------||---------||---------|
|       Comp       |  Pin | Size |  BW  | S x BW ||  Delay  ||   LUT   |
|------------------|------|------|------|--------||---------||---------|
| grp_write_fu_142 |  p2  |   2  |  96  |   192  ||    9    |
|------------------|------|------|------|--------||---------||---------|
|       Total      |      |      |      |   192  ||  0.387  ||    9    |
|------------------|------|------|------|--------||---------||---------|



* Summary:
+-----------+--------+--------+--------+
|           |  Delay |   FF   |   LUT  |
+-----------+--------+--------+--------+
|  Function |    -   |    0   |   212  |
|   Memory  |    -   |    -   |    -   |
|Multiplexer|    0   |    -   |    9   |
|  Register |    -   |   171  |    -   |
+-----------+--------+--------+--------+
|   Total   |    0   |   171  |   221  |
+-----------+--------+--------+--------+
