

================================================================
== Vitis HLS Report for 'dhcp_client'
================================================================
* Date:           Tue Jul 19 05:58:07 2022

* Version:        2020.2 (Build 3064766 on Wed Nov 18 09:12:47 MST 2020)
* Project:        dhcp_client_prj
* Solution:       solution1 (Vivado IP Flow Target)
* Product family: virtexuplus
* Target device:  xcvu3p-ffvc1517-2-i


================================================================
== Performance Estimates
================================================================
+ Timing: 
    * Summary: 
    +--------+---------+----------+------------+
    |  Clock |  Target | Estimated| Uncertainty|
    +--------+---------+----------+------------+
    |ap_clk  |  3.20 ns|  3.294 ns|     0.86 ns|
    +--------+---------+----------+------------+

+ Latency: 
    * Summary: 
    +---------+---------+-----------+-----------+-----+-----+----------+
    |  Latency (cycles) |   Latency (absolute)  |  Interval | Pipeline |
    |   min   |   max   |    min    |    max    | min | max |   Type   |
    +---------+---------+-----------+-----------+-----+-----+----------+
    |        9|        9|  29.646 ns|  29.646 ns|    2|    2|  dataflow|
    +---------+---------+-----------+-----------+-----+-----+----------+

    + Detail: 
        * Instance: 
        +-----------------------+--------------------+---------+---------+----------+----------+-----+-----+---------+
        |                       |                    |  Latency (cycles) |  Latency (absolute) |  Interval | Pipeline|
        |        Instance       |       Module       |   min   |   max   |    min   |    max   | min | max |   Type  |
        +-----------------------+--------------------+---------+---------+----------+----------+-----+-----+---------+
        |send_message_U0        |send_message        |        2|        2|  6.588 ns|  6.588 ns|    1|    1|      yes|
        |dhcp_fsm_U0            |dhcp_fsm            |        1|        1|  3.294 ns|  3.294 ns|    1|    1|      yes|
        |receive_message_U0     |receive_message     |        2|        2|  6.588 ns|  6.588 ns|    1|    1|      yes|
        |open_dhcp_port_U0      |open_dhcp_port      |        2|        2|  6.588 ns|  6.588 ns|    2|    2|      yes|
        |dhcp_client_entry7_U0  |dhcp_client_entry7  |        0|        0|      0 ns|      0 ns|    0|    0|     none|
        |dhcp_client_entry3_U0  |dhcp_client_entry3  |        0|        0|      0 ns|      0 ns|    0|    0|     none|
        +-----------------------+--------------------+---------+---------+----------+----------+-----+-----+---------+

        * Loop: 
        N/A



================================================================
== Utilization Estimates
================================================================
* Summary: 
+-----------------+---------+------+--------+--------+-----+
|       Name      | BRAM_18K|  DSP |   FF   |   LUT  | URAM|
+-----------------+---------+------+--------+--------+-----+
|DSP              |        -|     -|       -|       -|    -|
|Expression       |        -|     -|       -|       -|    -|
|FIFO             |        -|     -|     375|     439|    -|
|Instance         |        -|     -|     755|    1353|    -|
|Memory           |        -|     -|       -|       -|    -|
|Multiplexer      |        -|     -|       -|       -|    -|
|Register         |        -|     -|       -|       -|    -|
+-----------------+---------+------+--------+--------+-----+
|Total            |        0|     0|    1130|    1792|    0|
+-----------------+---------+------+--------+--------+-----+
|Available        |     1440|  2280|  788160|  394080|  320|
+-----------------+---------+------+--------+--------+-----+
|Utilization (%)  |        0|     0|      ~0|      ~0|    0|
+-----------------+---------+------+--------+--------+-----+

+ Detail: 
    * Instance: 
    +-----------------------+--------------------+---------+----+-----+-----+-----+
    |        Instance       |       Module       | BRAM_18K| DSP|  FF | LUT | URAM|
    +-----------------------+--------------------+---------+----+-----+-----+-----+
    |dhcp_client_entry3_U0  |dhcp_client_entry3  |        0|   0|    2|   38|    0|
    |dhcp_client_entry7_U0  |dhcp_client_entry7  |        0|   0|    2|   74|    0|
    |dhcp_fsm_U0            |dhcp_fsm            |        0|   0|  337|  495|    0|
    |open_dhcp_port_U0      |open_dhcp_port      |        0|   0|   44|  159|    0|
    |receive_message_U0     |receive_message     |        0|   0|  234|  269|    0|
    |send_message_U0        |send_message        |        0|   0|  136|  318|    0|
    +-----------------------+--------------------+---------+----+-----+-----+-----+
    |Total                  |                    |        0|   0|  755| 1353|    0|
    +-----------------------+--------------------+---------+----+-----+-----+-----+

    * DSP: 
    N/A

    * Memory: 
    N/A

    * FIFO: 
    +------------------------+---------+-----+----+-----+------+-----+---------+
    |          Name          | BRAM_18K|  FF | LUT| URAM| Depth| Bits| Size:D*B|
    +------------------------+---------+-----+----+-----+------+-----+---------+
    |dhcpEnable_c1_U         |        0|    8|   0|    -|     2|    1|        2|
    |dhcpEnable_c_U          |        0|    5|   0|    -|     3|    1|        3|
    |dhcp_replyMetaFifo_U    |        0|    5|   0|    -|     4|  128|      512|
    |dhcp_requestMetaFifo_U  |        0|    5|   0|    -|     4|   96|      384|
    |inputIpAddress_c2_U     |        0|   68|   0|    -|     2|   32|       64|
    |inputIpAddress_c_U      |        0|    5|   0|    -|     3|   32|       96|
    |myMacAddress_c12_U      |        0|    5|   0|    -|     4|   48|      192|
    |myMacAddress_c3_U       |        0|  133|   0|    -|     2|   48|       96|
    |myMacAddress_c_U        |        0|  133|   0|    -|     2|   48|       96|
    |portOpen_U              |        0|    8|   0|    -|     2|    1|        2|
    +------------------------+---------+-----+----+-----+------+-----+---------+
    |Total                   |        0|  375|   0|    0|    28|  435|     1447|
    +------------------------+---------+-----+----+-----+------+-----+---------+

    * Expression: 
    N/A

    * Multiplexer: 
    N/A

    * Register: 
    N/A



================================================================
== Interface
================================================================
* Summary: 
+----------------------------------+-----+-----+--------------+---------------------------+--------------+
|             RTL Ports            | Dir | Bits|   Protocol   |       Source Object       |    C Type    |
+----------------------------------+-----+-----+--------------+---------------------------+--------------+
|m_axis_open_port_V_TDATA          |  out|   16|          axis|         m_axis_open_port_V|       pointer|
|m_axis_open_port_V_TVALID         |  out|    1|          axis|         m_axis_open_port_V|       pointer|
|m_axis_open_port_V_TREADY         |   in|    1|          axis|         m_axis_open_port_V|       pointer|
|s_axis_open_port_status_V_TDATA   |   in|    8|          axis|  s_axis_open_port_status_V|       pointer|
|s_axis_open_port_status_V_TVALID  |   in|    1|          axis|  s_axis_open_port_status_V|       pointer|
|s_axis_open_port_status_V_TREADY  |  out|    1|          axis|  s_axis_open_port_status_V|       pointer|
|s_axis_rx_metadata_V_TDATA        |   in|  128|          axis|       s_axis_rx_metadata_V|       pointer|
|s_axis_rx_metadata_V_TVALID       |   in|    1|          axis|       s_axis_rx_metadata_V|       pointer|
|s_axis_rx_metadata_V_TREADY       |  out|    1|          axis|       s_axis_rx_metadata_V|       pointer|
|s_axis_rx_data_TDATA              |   in|   64|          axis|    s_axis_rx_data_V_data_V|       pointer|
|s_axis_rx_data_TKEEP              |   in|    8|          axis|    s_axis_rx_data_V_keep_V|       pointer|
|s_axis_rx_data_TSTRB              |   in|    8|          axis|    s_axis_rx_data_V_strb_V|       pointer|
|s_axis_rx_data_TLAST              |   in|    1|          axis|    s_axis_rx_data_V_last_V|       pointer|
|s_axis_rx_data_TVALID             |   in|    1|          axis|    s_axis_rx_data_V_last_V|       pointer|
|s_axis_rx_data_TREADY             |  out|    1|          axis|    s_axis_rx_data_V_last_V|       pointer|
|m_axis_tx_metadata_V_TDATA        |  out|  128|          axis|       m_axis_tx_metadata_V|       pointer|
|m_axis_tx_metadata_V_TVALID       |  out|    1|          axis|       m_axis_tx_metadata_V|       pointer|
|m_axis_tx_metadata_V_TREADY       |   in|    1|          axis|       m_axis_tx_metadata_V|       pointer|
|m_axis_tx_length_V_TDATA          |  out|   16|          axis|         m_axis_tx_length_V|       pointer|
|m_axis_tx_length_V_TVALID         |  out|    1|          axis|         m_axis_tx_length_V|       pointer|
|m_axis_tx_length_V_TREADY         |   in|    1|          axis|         m_axis_tx_length_V|       pointer|
|m_axis_tx_data_TDATA              |  out|   64|          axis|    m_axis_tx_data_V_data_V|       pointer|
|m_axis_tx_data_TKEEP              |  out|    8|          axis|    m_axis_tx_data_V_keep_V|       pointer|
|m_axis_tx_data_TSTRB              |  out|    8|          axis|    m_axis_tx_data_V_strb_V|       pointer|
|m_axis_tx_data_TLAST              |  out|    1|          axis|    m_axis_tx_data_V_last_V|       pointer|
|m_axis_tx_data_TVALID             |  out|    1|          axis|    m_axis_tx_data_V_last_V|       pointer|
|m_axis_tx_data_TREADY             |   in|    1|          axis|    m_axis_tx_data_V_last_V|       pointer|
|dhcpEnable                        |   in|    1|       ap_none|                 dhcpEnable|       pointer|
|inputIpAddress                    |   in|   32|       ap_none|             inputIpAddress|       pointer|
|dhcpIpAddressOut                  |  out|   32|       ap_none|           dhcpIpAddressOut|       pointer|
|myMacAddress                      |   in|   48|       ap_none|               myMacAddress|       pointer|
|ap_clk                            |   in|    1|  ap_ctrl_none|                dhcp_client|  return value|
|ap_rst_n                          |   in|    1|  ap_ctrl_none|                dhcp_client|  return value|
+----------------------------------+-----+-----+--------------+---------------------------+--------------+

============================================================
+ Verbose Summary: Synthesis Manager
============================================================
InlineROM: 1
ExposeGlobal: 0
============================================================
+ Verbose Summary: CDFG Model
============================================================
IsTopModel: 1
ResetActiveHigh: 1
IsCombinational: 2
IsDatapathOnly: 2
HasWiredReturn: 1
HasMFsm: 0
HasVarLatency: 1
IsPipeline: 0
IsRtlPipelined: 0
IsInstanceOverlapped: 0
IsDontTouch: 0
HasImplIP: 0
IsGatedGlobalClock: 0


============================================================
+ Verbose Summary: Schedule
============================================================
* Number of FSM states : 12
* Pipeline : 0
* Dataflow Pipeline: 1
  DF-Pipeline-0: Size = 12, States = { 1 2 3 4 5 6 7 8 9 10 11 12 }

* FSM state transitions: 
1 --> 2 
2 --> 3 
3 --> 4 
4 --> 5 
5 --> 6 
6 --> 7 
7 --> 8 
8 --> 9 
9 --> 10 
10 --> 11 
11 --> 12 
12 --> 

* FSM state operations: 

State 1 <SV = 0> <Delay = 0.00>
ST_1 : Operation 13 [1/1] (0.00ns)   --->   "%myMacAddress_c3 = alloca i64 1" [/home/haiyang3/eth-axi-streamer/fpga-network-stack/hls/dhcp_client/dhcp_client.cpp:345]   --->   Operation 13 'alloca' 'myMacAddress_c3' <Predicate = true> <Delay = 0.00> <CoreInst = "FIFO_SRL">   --->   Core 81 'FIFO_SRL' <Latency = 0> <II = 1> <Delay = 1.40> <Storage> <Opcode : 'read' 'write' 'nbread' 'nbwrite'> <Ports = 0> <Width = 48> <Depth = 2> <FIFO>
ST_1 : Operation 14 [1/1] (0.00ns)   --->   "%inputIpAddress_c2 = alloca i64 1" [/home/haiyang3/eth-axi-streamer/fpga-network-stack/hls/dhcp_client/dhcp_client.cpp:343]   --->   Operation 14 'alloca' 'inputIpAddress_c2' <Predicate = true> <Delay = 0.00> <CoreInst = "FIFO_SRL">   --->   Core 81 'FIFO_SRL' <Latency = 0> <II = 1> <Delay = 1.39> <Storage> <Opcode : 'read' 'write' 'nbread' 'nbwrite'> <Ports = 0> <Width = 32> <Depth = 2> <FIFO>
ST_1 : Operation 15 [1/1] (0.00ns)   --->   "%dhcpEnable_c1 = alloca i64 1" [/home/haiyang3/eth-axi-streamer/fpga-network-stack/hls/dhcp_client/dhcp_client.cpp:342]   --->   Operation 15 'alloca' 'dhcpEnable_c1' <Predicate = true> <Delay = 0.00> <CoreInst = "FIFO_SRL">   --->   Core 81 'FIFO_SRL' <Latency = 0> <II = 1> <Delay = 1.42> <Storage> <Opcode : 'read' 'write' 'nbread' 'nbwrite'> <Ports = 0> <Width = 1> <Depth = 2> <FIFO>
ST_1 : Operation 16 [1/1] (0.00ns)   --->   "%myMacAddress_c12 = alloca i64 1" [/home/haiyang3/eth-axi-streamer/fpga-network-stack/hls/dhcp_client/dhcp_client.cpp:345]   --->   Operation 16 'alloca' 'myMacAddress_c12' <Predicate = true> <Delay = 0.00> <CoreInst = "FIFO_SRL">   --->   Core 81 'FIFO_SRL' <Latency = 0> <II = 1> <Delay = 1.41> <Storage> <Opcode : 'read' 'write' 'nbread' 'nbwrite'> <Ports = 0> <Width = 48> <Depth = 4> <FIFO>
ST_1 : Operation 17 [1/1] (0.00ns)   --->   "%myMacAddress_c = alloca i64 1" [/home/haiyang3/eth-axi-streamer/fpga-network-stack/hls/dhcp_client/dhcp_client.cpp:345]   --->   Operation 17 'alloca' 'myMacAddress_c' <Predicate = true> <Delay = 0.00> <CoreInst = "FIFO_SRL">   --->   Core 81 'FIFO_SRL' <Latency = 0> <II = 1> <Delay = 1.40> <Storage> <Opcode : 'read' 'write' 'nbread' 'nbwrite'> <Ports = 0> <Width = 48> <Depth = 2> <FIFO>
ST_1 : Operation 18 [1/1] (0.00ns)   --->   "%inputIpAddress_c = alloca i64 1" [/home/haiyang3/eth-axi-streamer/fpga-network-stack/hls/dhcp_client/dhcp_client.cpp:343]   --->   Operation 18 'alloca' 'inputIpAddress_c' <Predicate = true> <Delay = 0.00> <CoreInst = "FIFO_SRL">   --->   Core 81 'FIFO_SRL' <Latency = 0> <II = 1> <Delay = 1.46> <Storage> <Opcode : 'read' 'write' 'nbread' 'nbwrite'> <Ports = 0> <Width = 32> <Depth = 3> <FIFO>
ST_1 : Operation 19 [1/1] (0.00ns)   --->   "%dhcpEnable_c = alloca i64 1" [/home/haiyang3/eth-axi-streamer/fpga-network-stack/hls/dhcp_client/dhcp_client.cpp:342]   --->   Operation 19 'alloca' 'dhcpEnable_c' <Predicate = true> <Delay = 0.00> <CoreInst = "FIFO_SRL">   --->   Core 81 'FIFO_SRL' <Latency = 0> <II = 1> <Delay = 1.35> <Storage> <Opcode : 'read' 'write' 'nbread' 'nbwrite'> <Ports = 0> <Width = 1> <Depth = 3> <FIFO>

State 2 <SV = 1> <Delay = 1.16>
ST_2 : Operation 20 [1/1] (1.16ns)   --->   "%call_ln345 = call void @dhcp_client.entry3, i1 %dhcpEnable, i32 %inputIpAddress, i48 %myMacAddress, i1 %dhcpEnable_c1, i32 %inputIpAddress_c2, i48 %myMacAddress_c3" [/home/haiyang3/eth-axi-streamer/fpga-network-stack/hls/dhcp_client/dhcp_client.cpp:345]   --->   Operation 20 'call' 'call_ln345' <Predicate = true> <Delay = 1.16> <CoreType = "Generic">   --->   Core 0 '' <Latency = 0> <II = 1> <Delay = 1.00> <Generic> <Opcode : >

State 3 <SV = 2> <Delay = 0.00>
ST_3 : Operation 21 [1/1] (0.00ns)   --->   "%call_ln342 = call void @dhcp_client.entry7, i1 %dhcpEnable_c1, i32 %inputIpAddress_c2, i48 %myMacAddress_c3, i1 %dhcpEnable_c, i32 %inputIpAddress_c, i48 %myMacAddress_c, i48 %myMacAddress_c12" [/home/haiyang3/eth-axi-streamer/fpga-network-stack/hls/dhcp_client/dhcp_client.cpp:342]   --->   Operation 21 'call' 'call_ln342' <Predicate = true> <Delay = 0.00> <CoreType = "Generic">   --->   Core 0 '' <Latency = 0> <II = 1> <Delay = 1.00> <Generic> <Opcode : >

State 4 <SV = 3> <Delay = 0.00>
ST_4 : Operation 22 [3/3] (0.00ns)   --->   "%call_ln371 = call void @open_dhcp_port, i16 %m_axis_open_port_V, i8 %s_axis_open_port_status_V, i32 %openPortWaitTime_V, i1 %odp_listenDone, i1 %odp_waitListenStatus, i1 %portOpen" [/home/haiyang3/eth-axi-streamer/fpga-network-stack/hls/dhcp_client/dhcp_client.cpp:371]   --->   Operation 22 'call' 'call_ln371' <Predicate = true> <Delay = 0.00> <CoreType = "Generic">   --->   Core 0 '' <Latency = 0> <II = 1> <Delay = 1.00> <Generic> <Opcode : >
ST_4 : Operation 23 [3/3] (0.00ns)   --->   "%call_ln373 = call void @receive_message, i128 %s_axis_rx_metadata_V, i64 %s_axis_rx_data_V_data_V, i8 %s_axis_rx_data_V_keep_V, i8 %s_axis_rx_data_V_strb_V, i1 %s_axis_rx_data_V_last_V, i48 %myMacAddress_c, i6 %rm_wordCount_V, i1 %rm_isReply, i1 %rm_correctMac, i1 %rm_isDHCP, i32 %meta_identifier_V, i32 %meta_assignedIpAddress_V, i32 %meta_serverAddress_V, i8 %meta_type_V_1, i128 %dhcp_replyMetaFifo" [/home/haiyang3/eth-axi-streamer/fpga-network-stack/hls/dhcp_client/dhcp_client.cpp:373]   --->   Operation 23 'call' 'call_ln373' <Predicate = true> <Delay = 0.00> <CoreType = "Generic">   --->   Core 0 '' <Latency = 0> <II = 1> <Delay = 1.00> <Generic> <Opcode : >

State 5 <SV = 4> <Delay = 0.00>
ST_5 : Operation 24 [2/3] (0.00ns)   --->   "%call_ln371 = call void @open_dhcp_port, i16 %m_axis_open_port_V, i8 %s_axis_open_port_status_V, i32 %openPortWaitTime_V, i1 %odp_listenDone, i1 %odp_waitListenStatus, i1 %portOpen" [/home/haiyang3/eth-axi-streamer/fpga-network-stack/hls/dhcp_client/dhcp_client.cpp:371]   --->   Operation 24 'call' 'call_ln371' <Predicate = true> <Delay = 0.00> <CoreType = "Generic">   --->   Core 0 '' <Latency = 0> <II = 1> <Delay = 1.00> <Generic> <Opcode : >
ST_5 : Operation 25 [2/3] (0.00ns)   --->   "%call_ln373 = call void @receive_message, i128 %s_axis_rx_metadata_V, i64 %s_axis_rx_data_V_data_V, i8 %s_axis_rx_data_V_keep_V, i8 %s_axis_rx_data_V_strb_V, i1 %s_axis_rx_data_V_last_V, i48 %myMacAddress_c, i6 %rm_wordCount_V, i1 %rm_isReply, i1 %rm_correctMac, i1 %rm_isDHCP, i32 %meta_identifier_V, i32 %meta_assignedIpAddress_V, i32 %meta_serverAddress_V, i8 %meta_type_V_1, i128 %dhcp_replyMetaFifo" [/home/haiyang3/eth-axi-streamer/fpga-network-stack/hls/dhcp_client/dhcp_client.cpp:373]   --->   Operation 25 'call' 'call_ln373' <Predicate = true> <Delay = 0.00> <CoreType = "Generic">   --->   Core 0 '' <Latency = 0> <II = 1> <Delay = 1.00> <Generic> <Opcode : >

State 6 <SV = 5> <Delay = 0.00>
ST_6 : Operation 26 [1/3] (0.00ns)   --->   "%call_ln371 = call void @open_dhcp_port, i16 %m_axis_open_port_V, i8 %s_axis_open_port_status_V, i32 %openPortWaitTime_V, i1 %odp_listenDone, i1 %odp_waitListenStatus, i1 %portOpen" [/home/haiyang3/eth-axi-streamer/fpga-network-stack/hls/dhcp_client/dhcp_client.cpp:371]   --->   Operation 26 'call' 'call_ln371' <Predicate = true> <Delay = 0.00> <CoreType = "Generic">   --->   Core 0 '' <Latency = 0> <II = 1> <Delay = 1.00> <Generic> <Opcode : >
ST_6 : Operation 27 [1/3] (0.00ns)   --->   "%call_ln373 = call void @receive_message, i128 %s_axis_rx_metadata_V, i64 %s_axis_rx_data_V_data_V, i8 %s_axis_rx_data_V_keep_V, i8 %s_axis_rx_data_V_strb_V, i1 %s_axis_rx_data_V_last_V, i48 %myMacAddress_c, i6 %rm_wordCount_V, i1 %rm_isReply, i1 %rm_correctMac, i1 %rm_isDHCP, i32 %meta_identifier_V, i32 %meta_assignedIpAddress_V, i32 %meta_serverAddress_V, i8 %meta_type_V_1, i128 %dhcp_replyMetaFifo" [/home/haiyang3/eth-axi-streamer/fpga-network-stack/hls/dhcp_client/dhcp_client.cpp:373]   --->   Operation 27 'call' 'call_ln373' <Predicate = true> <Delay = 0.00> <CoreType = "Generic">   --->   Core 0 '' <Latency = 0> <II = 1> <Delay = 1.00> <Generic> <Opcode : >

State 7 <SV = 6> <Delay = 0.00>
ST_7 : Operation 28 [2/2] (0.00ns)   --->   "%call_ln375 = call void @dhcp_fsm, i32 %dhcpIpAddressOut, i1 %dhcpEnable_c, i32 %inputIpAddress_c, i32 %myIpAddress_V, i3 %state, i32 %time_V, i32 %randomValue_V, i32 %myIdentity_V, i32 %IpAddressBuffer_V, i1 %portOpen, i96 %dhcp_requestMetaFifo, i128 %dhcp_replyMetaFifo" [/home/haiyang3/eth-axi-streamer/fpga-network-stack/hls/dhcp_client/dhcp_client.cpp:375]   --->   Operation 28 'call' 'call_ln375' <Predicate = true> <Delay = 0.00> <CoreType = "Generic">   --->   Core 0 '' <Latency = 0> <II = 1> <Delay = 1.00> <Generic> <Opcode : >

State 8 <SV = 7> <Delay = 0.00>
ST_8 : Operation 29 [1/2] (0.00ns)   --->   "%call_ln375 = call void @dhcp_fsm, i32 %dhcpIpAddressOut, i1 %dhcpEnable_c, i32 %inputIpAddress_c, i32 %myIpAddress_V, i3 %state, i32 %time_V, i32 %randomValue_V, i32 %myIdentity_V, i32 %IpAddressBuffer_V, i1 %portOpen, i96 %dhcp_requestMetaFifo, i128 %dhcp_replyMetaFifo" [/home/haiyang3/eth-axi-streamer/fpga-network-stack/hls/dhcp_client/dhcp_client.cpp:375]   --->   Operation 29 'call' 'call_ln375' <Predicate = true> <Delay = 0.00> <CoreType = "Generic">   --->   Core 0 '' <Latency = 0> <II = 1> <Delay = 1.00> <Generic> <Opcode : >

State 9 <SV = 8> <Delay = 0.00>
ST_9 : Operation 30 [3/3] (0.00ns)   --->   "%call_ln377 = call void @send_message, i128 %m_axis_tx_metadata_V, i16 %m_axis_tx_length_V, i64 %m_axis_tx_data_V_data_V, i8 %m_axis_tx_data_V_keep_V, i8 %m_axis_tx_data_V_strb_V, i1 %m_axis_tx_data_V_last_V, i48 %myMacAddress_c12, i6 %sm_wordCount_V, i8 %meta_type_V, i32 %meta_requestedIpAddress_V, i96 %dhcp_requestMetaFifo" [/home/haiyang3/eth-axi-streamer/fpga-network-stack/hls/dhcp_client/dhcp_client.cpp:377]   --->   Operation 30 'call' 'call_ln377' <Predicate = true> <Delay = 0.00> <CoreType = "Generic">   --->   Core 0 '' <Latency = 0> <II = 1> <Delay = 1.00> <Generic> <Opcode : >

State 10 <SV = 9> <Delay = 1.37>
ST_10 : Operation 31 [2/3] (1.37ns)   --->   "%call_ln377 = call void @send_message, i128 %m_axis_tx_metadata_V, i16 %m_axis_tx_length_V, i64 %m_axis_tx_data_V_data_V, i8 %m_axis_tx_data_V_keep_V, i8 %m_axis_tx_data_V_strb_V, i1 %m_axis_tx_data_V_last_V, i48 %myMacAddress_c12, i6 %sm_wordCount_V, i8 %meta_type_V, i32 %meta_requestedIpAddress_V, i96 %dhcp_requestMetaFifo" [/home/haiyang3/eth-axi-streamer/fpga-network-stack/hls/dhcp_client/dhcp_client.cpp:377]   --->   Operation 31 'call' 'call_ln377' <Predicate = true> <Delay = 1.37> <CoreType = "Generic">   --->   Core 0 '' <Latency = 0> <II = 1> <Delay = 1.00> <Generic> <Opcode : >

State 11 <SV = 10> <Delay = 0.00>
ST_11 : Operation 32 [1/3] (0.00ns)   --->   "%call_ln377 = call void @send_message, i128 %m_axis_tx_metadata_V, i16 %m_axis_tx_length_V, i64 %m_axis_tx_data_V_data_V, i8 %m_axis_tx_data_V_keep_V, i8 %m_axis_tx_data_V_strb_V, i1 %m_axis_tx_data_V_last_V, i48 %myMacAddress_c12, i6 %sm_wordCount_V, i8 %meta_type_V, i32 %meta_requestedIpAddress_V, i96 %dhcp_requestMetaFifo" [/home/haiyang3/eth-axi-streamer/fpga-network-stack/hls/dhcp_client/dhcp_client.cpp:377]   --->   Operation 32 'call' 'call_ln377' <Predicate = true> <Delay = 0.00> <CoreType = "Generic">   --->   Core 0 '' <Latency = 0> <II = 1> <Delay = 1.00> <Generic> <Opcode : >

State 12 <SV = 11> <Delay = 0.00>
ST_12 : Operation 33 [1/1] (0.00ns)   --->   "%specdataflowpipeline_ln0 = specdataflowpipeline void @_ssdm_op_SpecDataflowPipeline, i32 4294967295, i32 1, void @empty_1"   --->   Operation 33 'specdataflowpipeline' 'specdataflowpipeline_ln0' <Predicate = true> <Delay = 0.00>
ST_12 : Operation 34 [1/1] (0.00ns)   --->   "%empty = specchannel i32 @_ssdm_op_SpecChannel, void @dhcp_replyMetaFifo_str, i32 1, void @p_str, void @p_str, i32 4, i32 4, i128 %dhcp_replyMetaFifo, i128 %dhcp_replyMetaFifo"   --->   Operation 34 'specchannel' 'empty' <Predicate = true> <Delay = 0.00>
ST_12 : Operation 35 [1/1] (0.00ns)   --->   "%empty_25 = specchannel i32 @_ssdm_op_SpecChannel, void @dhcp_requestMetaFifo_str, i32 1, void @p_str, void @p_str, i32 4, i32 4, i96 %dhcp_requestMetaFifo, i96 %dhcp_requestMetaFifo"   --->   Operation 35 'specchannel' 'empty_25' <Predicate = true> <Delay = 0.00>
ST_12 : Operation 36 [1/1] (0.00ns)   --->   "%empty_26 = specchannel i32 @_ssdm_op_SpecChannel, void @portOpen_str, i32 1, void @p_str, void @p_str, i32 2, i32 2, i1 %portOpen, i1 %portOpen"   --->   Operation 36 'specchannel' 'empty_26' <Predicate = true> <Delay = 0.00>
ST_12 : Operation 37 [1/1] (0.00ns)   --->   "%spectopmodule_ln0 = spectopmodule void @_ssdm_op_SpecTopModule, void @empty_4"   --->   Operation 37 'spectopmodule' 'spectopmodule_ln0' <Predicate = true> <Delay = 0.00>
ST_12 : Operation 38 [1/1] (0.00ns)   --->   "%specinterface_ln0 = specinterface void @_ssdm_op_SpecInterface, i32 0, void @empty_5, i32 0, i32 0, void @empty_1, i32 0, i32 0, void @empty_1, void @empty_1, void @empty_1, i32 0, i32 0, i32 0, i32 0, void @empty_1, void @empty_1"   --->   Operation 38 'specinterface' 'specinterface_ln0' <Predicate = true> <Delay = 0.00>
ST_12 : Operation 39 [1/1] (0.00ns)   --->   "%specinterface_ln0 = specinterface void @_ssdm_op_SpecInterface, i16 %m_axis_open_port_V, void @empty, i32 1, i32 1, void @empty_0, i32 0, i32 0, void @empty_1, void @empty_1, void @empty_1, i32 0, i32 0, i32 0, i32 0, void @empty_1, void @empty_1"   --->   Operation 39 'specinterface' 'specinterface_ln0' <Predicate = true> <Delay = 0.00>
ST_12 : Operation 40 [1/1] (0.00ns)   --->   "%specbitsmap_ln0 = specbitsmap void @_ssdm_op_SpecBitsMap, i16 %m_axis_open_port_V"   --->   Operation 40 'specbitsmap' 'specbitsmap_ln0' <Predicate = true> <Delay = 0.00>
ST_12 : Operation 41 [1/1] (0.00ns)   --->   "%specinterface_ln0 = specinterface void @_ssdm_op_SpecInterface, i8 %s_axis_open_port_status_V, void @empty, i32 1, i32 1, void @empty_0, i32 0, i32 0, void @empty_1, void @empty_1, void @empty_1, i32 0, i32 0, i32 0, i32 0, void @empty_1, void @empty_1"   --->   Operation 41 'specinterface' 'specinterface_ln0' <Predicate = true> <Delay = 0.00>
ST_12 : Operation 42 [1/1] (0.00ns)   --->   "%specbitsmap_ln0 = specbitsmap void @_ssdm_op_SpecBitsMap, i8 %s_axis_open_port_status_V"   --->   Operation 42 'specbitsmap' 'specbitsmap_ln0' <Predicate = true> <Delay = 0.00>
ST_12 : Operation 43 [1/1] (0.00ns)   --->   "%specinterface_ln0 = specinterface void @_ssdm_op_SpecInterface, i128 %s_axis_rx_metadata_V, void @empty, i32 1, i32 1, void @empty_0, i32 0, i32 0, void @empty_1, void @empty_1, void @empty_1, i32 0, i32 0, i32 0, i32 0, void @empty_1, void @empty_1"   --->   Operation 43 'specinterface' 'specinterface_ln0' <Predicate = true> <Delay = 0.00>
ST_12 : Operation 44 [1/1] (0.00ns)   --->   "%specbitsmap_ln0 = specbitsmap void @_ssdm_op_SpecBitsMap, i128 %s_axis_rx_metadata_V"   --->   Operation 44 'specbitsmap' 'specbitsmap_ln0' <Predicate = true> <Delay = 0.00>
ST_12 : Operation 45 [1/1] (0.00ns)   --->   "%specinterface_ln0 = specinterface void @_ssdm_op_SpecInterface, i64 %s_axis_rx_data_V_data_V, i8 %s_axis_rx_data_V_keep_V, i8 %s_axis_rx_data_V_strb_V, i1 %s_axis_rx_data_V_last_V, void @empty, i32 1, i32 1, void @empty_0, i32 0, i32 0, void @empty_1, void @empty_1, void @empty_1, i32 0, i32 0, i32 0, i32 0, void @empty_1, void @empty_1"   --->   Operation 45 'specinterface' 'specinterface_ln0' <Predicate = true> <Delay = 0.00>
ST_12 : Operation 46 [1/1] (0.00ns)   --->   "%specbitsmap_ln0 = specbitsmap void @_ssdm_op_SpecBitsMap, i64 %s_axis_rx_data_V_data_V"   --->   Operation 46 'specbitsmap' 'specbitsmap_ln0' <Predicate = true> <Delay = 0.00>
ST_12 : Operation 47 [1/1] (0.00ns)   --->   "%specbitsmap_ln0 = specbitsmap void @_ssdm_op_SpecBitsMap, i8 %s_axis_rx_data_V_keep_V"   --->   Operation 47 'specbitsmap' 'specbitsmap_ln0' <Predicate = true> <Delay = 0.00>
ST_12 : Operation 48 [1/1] (0.00ns)   --->   "%specbitsmap_ln0 = specbitsmap void @_ssdm_op_SpecBitsMap, i8 %s_axis_rx_data_V_strb_V"   --->   Operation 48 'specbitsmap' 'specbitsmap_ln0' <Predicate = true> <Delay = 0.00>
ST_12 : Operation 49 [1/1] (0.00ns)   --->   "%specbitsmap_ln0 = specbitsmap void @_ssdm_op_SpecBitsMap, i1 %s_axis_rx_data_V_last_V"   --->   Operation 49 'specbitsmap' 'specbitsmap_ln0' <Predicate = true> <Delay = 0.00>
ST_12 : Operation 50 [1/1] (0.00ns)   --->   "%specinterface_ln0 = specinterface void @_ssdm_op_SpecInterface, i128 %m_axis_tx_metadata_V, void @empty, i32 1, i32 1, void @empty_0, i32 0, i32 0, void @empty_1, void @empty_1, void @empty_1, i32 0, i32 0, i32 0, i32 0, void @empty_1, void @empty_1"   --->   Operation 50 'specinterface' 'specinterface_ln0' <Predicate = true> <Delay = 0.00>
ST_12 : Operation 51 [1/1] (0.00ns)   --->   "%specbitsmap_ln0 = specbitsmap void @_ssdm_op_SpecBitsMap, i128 %m_axis_tx_metadata_V"   --->   Operation 51 'specbitsmap' 'specbitsmap_ln0' <Predicate = true> <Delay = 0.00>
ST_12 : Operation 52 [1/1] (0.00ns)   --->   "%specinterface_ln0 = specinterface void @_ssdm_op_SpecInterface, i16 %m_axis_tx_length_V, void @empty, i32 1, i32 1, void @empty_0, i32 0, i32 0, void @empty_1, void @empty_1, void @empty_1, i32 0, i32 0, i32 0, i32 0, void @empty_1, void @empty_1"   --->   Operation 52 'specinterface' 'specinterface_ln0' <Predicate = true> <Delay = 0.00>
ST_12 : Operation 53 [1/1] (0.00ns)   --->   "%specbitsmap_ln0 = specbitsmap void @_ssdm_op_SpecBitsMap, i16 %m_axis_tx_length_V"   --->   Operation 53 'specbitsmap' 'specbitsmap_ln0' <Predicate = true> <Delay = 0.00>
ST_12 : Operation 54 [1/1] (0.00ns)   --->   "%specinterface_ln0 = specinterface void @_ssdm_op_SpecInterface, i64 %m_axis_tx_data_V_data_V, i8 %m_axis_tx_data_V_keep_V, i8 %m_axis_tx_data_V_strb_V, i1 %m_axis_tx_data_V_last_V, void @empty, i32 1, i32 1, void @empty_0, i32 0, i32 0, void @empty_1, void @empty_1, void @empty_1, i32 0, i32 0, i32 0, i32 0, void @empty_1, void @empty_1"   --->   Operation 54 'specinterface' 'specinterface_ln0' <Predicate = true> <Delay = 0.00>
ST_12 : Operation 55 [1/1] (0.00ns)   --->   "%specbitsmap_ln0 = specbitsmap void @_ssdm_op_SpecBitsMap, i64 %m_axis_tx_data_V_data_V"   --->   Operation 55 'specbitsmap' 'specbitsmap_ln0' <Predicate = true> <Delay = 0.00>
ST_12 : Operation 56 [1/1] (0.00ns)   --->   "%specbitsmap_ln0 = specbitsmap void @_ssdm_op_SpecBitsMap, i8 %m_axis_tx_data_V_keep_V"   --->   Operation 56 'specbitsmap' 'specbitsmap_ln0' <Predicate = true> <Delay = 0.00>
ST_12 : Operation 57 [1/1] (0.00ns)   --->   "%specbitsmap_ln0 = specbitsmap void @_ssdm_op_SpecBitsMap, i8 %m_axis_tx_data_V_strb_V"   --->   Operation 57 'specbitsmap' 'specbitsmap_ln0' <Predicate = true> <Delay = 0.00>
ST_12 : Operation 58 [1/1] (0.00ns)   --->   "%specbitsmap_ln0 = specbitsmap void @_ssdm_op_SpecBitsMap, i1 %m_axis_tx_data_V_last_V"   --->   Operation 58 'specbitsmap' 'specbitsmap_ln0' <Predicate = true> <Delay = 0.00>
ST_12 : Operation 59 [1/1] (0.00ns)   --->   "%specbitsmap_ln0 = specbitsmap void @_ssdm_op_SpecBitsMap, i1 %dhcpEnable"   --->   Operation 59 'specbitsmap' 'specbitsmap_ln0' <Predicate = true> <Delay = 0.00>
ST_12 : Operation 60 [1/1] (0.00ns)   --->   "%specinterface_ln0 = specinterface void @_ssdm_op_SpecInterface, i1 %dhcpEnable, void @empty_2, i32 1, i32 1, void @empty_0, i32 0, i32 0, void @empty_1, void @empty_1, void @empty_1, i32 0, i32 0, i32 0, i32 0, void @empty_1, void @empty_1"   --->   Operation 60 'specinterface' 'specinterface_ln0' <Predicate = true> <Delay = 0.00>
ST_12 : Operation 61 [1/1] (0.00ns)   --->   "%specbitsmap_ln0 = specbitsmap void @_ssdm_op_SpecBitsMap, i32 %inputIpAddress"   --->   Operation 61 'specbitsmap' 'specbitsmap_ln0' <Predicate = true> <Delay = 0.00>
ST_12 : Operation 62 [1/1] (0.00ns)   --->   "%specinterface_ln0 = specinterface void @_ssdm_op_SpecInterface, i32 %inputIpAddress, void @empty_2, i32 1, i32 1, void @empty_0, i32 0, i32 0, void @empty_1, void @empty_1, void @empty_1, i32 0, i32 0, i32 0, i32 0, void @empty_1, void @empty_1"   --->   Operation 62 'specinterface' 'specinterface_ln0' <Predicate = true> <Delay = 0.00>
ST_12 : Operation 63 [1/1] (0.00ns)   --->   "%specbitsmap_ln0 = specbitsmap void @_ssdm_op_SpecBitsMap, i32 %dhcpIpAddressOut"   --->   Operation 63 'specbitsmap' 'specbitsmap_ln0' <Predicate = true> <Delay = 0.00>
ST_12 : Operation 64 [1/1] (0.00ns)   --->   "%specinterface_ln0 = specinterface void @_ssdm_op_SpecInterface, i32 %dhcpIpAddressOut, void @empty_2, i32 1, i32 1, void @empty_0, i32 0, i32 0, void @empty_1, void @empty_1, void @empty_1, i32 0, i32 0, i32 0, i32 0, void @empty_1, void @empty_1"   --->   Operation 64 'specinterface' 'specinterface_ln0' <Predicate = true> <Delay = 0.00>
ST_12 : Operation 65 [1/1] (0.00ns)   --->   "%specbitsmap_ln0 = specbitsmap void @_ssdm_op_SpecBitsMap, i48 %myMacAddress"   --->   Operation 65 'specbitsmap' 'specbitsmap_ln0' <Predicate = true> <Delay = 0.00>
ST_12 : Operation 66 [1/1] (0.00ns)   --->   "%specinterface_ln0 = specinterface void @_ssdm_op_SpecInterface, i48 %myMacAddress, void @empty_2, i32 1, i32 1, void @empty_0, i32 0, i32 0, void @empty_1, void @empty_1, void @empty_1, i32 0, i32 0, i32 0, i32 0, void @empty_1, void @empty_1"   --->   Operation 66 'specinterface' 'specinterface_ln0' <Predicate = true> <Delay = 0.00>
ST_12 : Operation 67 [1/1] (0.00ns)   --->   "%specinterface_ln0 = specinterface void @_ssdm_op_SpecInterface, i1 %portOpen, void @empty_3, i32 0, i32 0, void @empty_1, i32 0, i32 0, void @empty_1, void @empty_1, void @empty_1, i32 0, i32 0, i32 0, i32 0, void @empty_1, void @empty_1"   --->   Operation 67 'specinterface' 'specinterface_ln0' <Predicate = true> <Delay = 0.00>
ST_12 : Operation 68 [1/1] (0.00ns)   --->   "%specinterface_ln0 = specinterface void @_ssdm_op_SpecInterface, i128 %dhcp_replyMetaFifo, void @empty_3, i32 0, i32 0, void @empty_1, i32 0, i32 0, void @empty_1, void @empty_1, void @empty_1, i32 0, i32 0, i32 0, i32 0, void @empty_1, void @empty_1"   --->   Operation 68 'specinterface' 'specinterface_ln0' <Predicate = true> <Delay = 0.00>
ST_12 : Operation 69 [1/1] (0.00ns)   --->   "%specinterface_ln0 = specinterface void @_ssdm_op_SpecInterface, i96 %dhcp_requestMetaFifo, void @empty_3, i32 0, i32 0, void @empty_1, i32 0, i32 0, void @empty_1, void @empty_1, void @empty_1, i32 0, i32 0, i32 0, i32 0, void @empty_1, void @empty_1"   --->   Operation 69 'specinterface' 'specinterface_ln0' <Predicate = true> <Delay = 0.00>
ST_12 : Operation 70 [1/1] (0.00ns)   --->   "%empty_27 = specchannel i32 @_ssdm_op_SpecChannel, void @dhcpEnable_c_str, i32 1, void @p_str, void @p_str, i32 3, i32 0, i1 %dhcpEnable_c, i1 %dhcpEnable_c" [/home/haiyang3/eth-axi-streamer/fpga-network-stack/hls/dhcp_client/dhcp_client.cpp:342]   --->   Operation 70 'specchannel' 'empty_27' <Predicate = true> <Delay = 0.00>
ST_12 : Operation 71 [1/1] (0.00ns)   --->   "%specinterface_ln342 = specinterface void @_ssdm_op_SpecInterface, i1 %dhcpEnable_c, void @ap_fifo_str, i32 0, i32 0, void @p_str, i32 0, i32 0, void @p_str, void @p_str, void @p_str, i32 2, i32 2, i32 16, i32 16, void @p_str, void @p_str" [/home/haiyang3/eth-axi-streamer/fpga-network-stack/hls/dhcp_client/dhcp_client.cpp:342]   --->   Operation 71 'specinterface' 'specinterface_ln342' <Predicate = true> <Delay = 0.00>
ST_12 : Operation 72 [1/1] (0.00ns)   --->   "%empty_28 = specchannel i32 @_ssdm_op_SpecChannel, void @inputIpAddress_c_str, i32 1, void @p_str, void @p_str, i32 3, i32 0, i32 %inputIpAddress_c, i32 %inputIpAddress_c" [/home/haiyang3/eth-axi-streamer/fpga-network-stack/hls/dhcp_client/dhcp_client.cpp:343]   --->   Operation 72 'specchannel' 'empty_28' <Predicate = true> <Delay = 0.00>
ST_12 : Operation 73 [1/1] (0.00ns)   --->   "%specinterface_ln343 = specinterface void @_ssdm_op_SpecInterface, i32 %inputIpAddress_c, void @ap_fifo_str, i32 0, i32 0, void @p_str, i32 0, i32 0, void @p_str, void @p_str, void @p_str, i32 2, i32 2, i32 16, i32 16, void @p_str, void @p_str" [/home/haiyang3/eth-axi-streamer/fpga-network-stack/hls/dhcp_client/dhcp_client.cpp:343]   --->   Operation 73 'specinterface' 'specinterface_ln343' <Predicate = true> <Delay = 0.00>
ST_12 : Operation 74 [1/1] (0.00ns)   --->   "%empty_29 = specchannel i32 @_ssdm_op_SpecChannel, void @myMacAddress_c_str, i32 1, void @p_str, void @p_str, i32 2, i32 0, i48 %myMacAddress_c, i48 %myMacAddress_c" [/home/haiyang3/eth-axi-streamer/fpga-network-stack/hls/dhcp_client/dhcp_client.cpp:345]   --->   Operation 74 'specchannel' 'empty_29' <Predicate = true> <Delay = 0.00>
ST_12 : Operation 75 [1/1] (0.00ns)   --->   "%specinterface_ln345 = specinterface void @_ssdm_op_SpecInterface, i48 %myMacAddress_c, void @ap_fifo_str, i32 0, i32 0, void @p_str, i32 0, i32 0, void @p_str, void @p_str, void @p_str, i32 2, i32 2, i32 16, i32 16, void @p_str, void @p_str" [/home/haiyang3/eth-axi-streamer/fpga-network-stack/hls/dhcp_client/dhcp_client.cpp:345]   --->   Operation 75 'specinterface' 'specinterface_ln345' <Predicate = true> <Delay = 0.00>
ST_12 : Operation 76 [1/1] (0.00ns)   --->   "%empty_30 = specchannel i32 @_ssdm_op_SpecChannel, void @myMacAddress_c12_str, i32 1, void @p_str, void @p_str, i32 4, i32 0, i48 %myMacAddress_c12, i48 %myMacAddress_c12" [/home/haiyang3/eth-axi-streamer/fpga-network-stack/hls/dhcp_client/dhcp_client.cpp:345]   --->   Operation 76 'specchannel' 'empty_30' <Predicate = true> <Delay = 0.00>
ST_12 : Operation 77 [1/1] (0.00ns)   --->   "%specinterface_ln345 = specinterface void @_ssdm_op_SpecInterface, i48 %myMacAddress_c12, void @ap_fifo_str, i32 0, i32 0, void @p_str, i32 0, i32 0, void @p_str, void @p_str, void @p_str, i32 2, i32 2, i32 16, i32 16, void @p_str, void @p_str" [/home/haiyang3/eth-axi-streamer/fpga-network-stack/hls/dhcp_client/dhcp_client.cpp:345]   --->   Operation 77 'specinterface' 'specinterface_ln345' <Predicate = true> <Delay = 0.00>
ST_12 : Operation 78 [1/1] (0.00ns)   --->   "%empty_31 = specchannel i32 @_ssdm_op_SpecChannel, void @dhcpEnable_c1_str, i32 1, void @p_str, void @p_str, i32 2, i32 0, i1 %dhcpEnable_c1, i1 %dhcpEnable_c1" [/home/haiyang3/eth-axi-streamer/fpga-network-stack/hls/dhcp_client/dhcp_client.cpp:342]   --->   Operation 78 'specchannel' 'empty_31' <Predicate = true> <Delay = 0.00>
ST_12 : Operation 79 [1/1] (0.00ns)   --->   "%specinterface_ln342 = specinterface void @_ssdm_op_SpecInterface, i1 %dhcpEnable_c1, void @ap_fifo_str, i32 0, i32 0, void @p_str, i32 0, i32 0, void @p_str, void @p_str, void @p_str, i32 2, i32 2, i32 16, i32 16, void @p_str, void @p_str" [/home/haiyang3/eth-axi-streamer/fpga-network-stack/hls/dhcp_client/dhcp_client.cpp:342]   --->   Operation 79 'specinterface' 'specinterface_ln342' <Predicate = true> <Delay = 0.00>
ST_12 : Operation 80 [1/1] (0.00ns)   --->   "%empty_32 = specchannel i32 @_ssdm_op_SpecChannel, void @inputIpAddress_c2_str, i32 1, void @p_str, void @p_str, i32 2, i32 0, i32 %inputIpAddress_c2, i32 %inputIpAddress_c2" [/home/haiyang3/eth-axi-streamer/fpga-network-stack/hls/dhcp_client/dhcp_client.cpp:343]   --->   Operation 80 'specchannel' 'empty_32' <Predicate = true> <Delay = 0.00>
ST_12 : Operation 81 [1/1] (0.00ns)   --->   "%specinterface_ln343 = specinterface void @_ssdm_op_SpecInterface, i32 %inputIpAddress_c2, void @ap_fifo_str, i32 0, i32 0, void @p_str, i32 0, i32 0, void @p_str, void @p_str, void @p_str, i32 2, i32 2, i32 16, i32 16, void @p_str, void @p_str" [/home/haiyang3/eth-axi-streamer/fpga-network-stack/hls/dhcp_client/dhcp_client.cpp:343]   --->   Operation 81 'specinterface' 'specinterface_ln343' <Predicate = true> <Delay = 0.00>
ST_12 : Operation 82 [1/1] (0.00ns)   --->   "%empty_33 = specchannel i32 @_ssdm_op_SpecChannel, void @myMacAddress_c3_str, i32 1, void @p_str, void @p_str, i32 2, i32 0, i48 %myMacAddress_c3, i48 %myMacAddress_c3" [/home/haiyang3/eth-axi-streamer/fpga-network-stack/hls/dhcp_client/dhcp_client.cpp:345]   --->   Operation 82 'specchannel' 'empty_33' <Predicate = true> <Delay = 0.00>
ST_12 : Operation 83 [1/1] (0.00ns)   --->   "%specinterface_ln345 = specinterface void @_ssdm_op_SpecInterface, i48 %myMacAddress_c3, void @ap_fifo_str, i32 0, i32 0, void @p_str, i32 0, i32 0, void @p_str, void @p_str, void @p_str, i32 2, i32 2, i32 16, i32 16, void @p_str, void @p_str" [/home/haiyang3/eth-axi-streamer/fpga-network-stack/hls/dhcp_client/dhcp_client.cpp:345]   --->   Operation 83 'specinterface' 'specinterface_ln345' <Predicate = true> <Delay = 0.00>
ST_12 : Operation 84 [1/1] (0.00ns)   --->   "%ret_ln381 = ret" [/home/haiyang3/eth-axi-streamer/fpga-network-stack/hls/dhcp_client/dhcp_client.cpp:381]   --->   Operation 84 'ret' 'ret_ln381' <Predicate = true> <Delay = 0.00>


============================================================
+ Verbose Summary: Binding
============================================================
STG Binding: 
---------------- STG Properties BEGIN ----------------
- Is combinational: 0
- Is one-state seq: 0
- Is datapath-only: 0
- Is pipelined: 0
- Is top level: 1
Port [ Return ] is wired: 1; IO mode=ap_ctrl_none:ce=0
Port [ m_axis_open_port_V]:  wired=1; compound=1; hidden=0; nouse=0; global=0; static=0; extern=0; dir=1; type=0; pingpong=0; private_global=0; IO mode=axis:ce=0
Port [ s_axis_open_port_status_V]:  wired=1; compound=1; hidden=0; nouse=0; global=0; static=0; extern=0; dir=0; type=0; pingpong=0; private_global=0; IO mode=axis:ce=0
Port [ s_axis_rx_metadata_V]:  wired=1; compound=1; hidden=0; nouse=0; global=0; static=0; extern=0; dir=0; type=0; pingpong=0; private_global=0; IO mode=axis:ce=0
Port [ s_axis_rx_data_V_data_V]:  wired=1; compound=1; hidden=0; nouse=0; global=0; static=0; extern=0; dir=0; type=0; pingpong=0; private_global=0; IO mode=axis:ce=0
Port [ s_axis_rx_data_V_keep_V]:  wired=1; compound=1; hidden=0; nouse=0; global=0; static=0; extern=0; dir=0; type=0; pingpong=0; private_global=0; IO mode=axis:ce=0
Port [ s_axis_rx_data_V_strb_V]:  wired=1; compound=1; hidden=0; nouse=0; global=0; static=0; extern=0; dir=0; type=0; pingpong=0; private_global=0; IO mode=axis:ce=0
Port [ s_axis_rx_data_V_last_V]:  wired=1; compound=1; hidden=0; nouse=0; global=0; static=0; extern=0; dir=0; type=0; pingpong=0; private_global=0; IO mode=axis:ce=0
Port [ m_axis_tx_metadata_V]:  wired=1; compound=1; hidden=0; nouse=0; global=0; static=0; extern=0; dir=1; type=0; pingpong=0; private_global=0; IO mode=axis:ce=0
Port [ m_axis_tx_length_V]:  wired=1; compound=1; hidden=0; nouse=0; global=0; static=0; extern=0; dir=1; type=0; pingpong=0; private_global=0; IO mode=axis:ce=0
Port [ m_axis_tx_data_V_data_V]:  wired=1; compound=1; hidden=0; nouse=0; global=0; static=0; extern=0; dir=1; type=0; pingpong=0; private_global=0; IO mode=axis:ce=0
Port [ m_axis_tx_data_V_keep_V]:  wired=1; compound=1; hidden=0; nouse=0; global=0; static=0; extern=0; dir=1; type=0; pingpong=0; private_global=0; IO mode=axis:ce=0
Port [ m_axis_tx_data_V_strb_V]:  wired=1; compound=1; hidden=0; nouse=0; global=0; static=0; extern=0; dir=1; type=0; pingpong=0; private_global=0; IO mode=axis:ce=0
Port [ m_axis_tx_data_V_last_V]:  wired=1; compound=1; hidden=0; nouse=0; global=0; static=0; extern=0; dir=1; type=0; pingpong=0; private_global=0; IO mode=axis:ce=0
Port [ dhcpEnable]:  wired=1; compound=0; hidden=0; nouse=0; global=0; static=0; extern=0; dir=0; type=0; pingpong=0; private_global=0; IO mode=ap_none:ce=0
Port [ inputIpAddress]:  wired=1; compound=0; hidden=0; nouse=0; global=0; static=0; extern=0; dir=0; type=0; pingpong=0; private_global=0; IO mode=ap_none:ce=0
Port [ dhcpIpAddressOut]:  wired=1; compound=0; hidden=0; nouse=0; global=0; static=0; extern=0; dir=1; type=0; pingpong=0; private_global=0; IO mode=ap_none:ce=0
Port [ myMacAddress]:  wired=1; compound=0; hidden=0; nouse=0; global=0; static=0; extern=0; dir=0; type=0; pingpong=0; private_global=0; IO mode=ap_none:ce=0
Port [ openPortWaitTime_V]:  wired=0; compound=0; hidden=1; nouse=1; global=1; static=1; extern=0; dir=2; type=0; pingpong=0; private_global=0; IO mode=ap_ovld:ce=0
Port [ odp_listenDone]:  wired=0; compound=0; hidden=1; nouse=1; global=1; static=1; extern=0; dir=2; type=0; pingpong=0; private_global=0; IO mode=ap_ovld:ce=0
Port [ odp_waitListenStatus]:  wired=0; compound=0; hidden=1; nouse=1; global=1; static=1; extern=0; dir=2; type=0; pingpong=0; private_global=0; IO mode=ap_ovld:ce=0
Port [ portOpen]:  wired=0; compound=1; hidden=1; nouse=0; global=1; static=1; extern=0; dir=2; type=3; pingpong=0; private_global=1; IO mode=ap_fifo:ce=0
Port [ rm_wordCount_V]:  wired=0; compound=0; hidden=1; nouse=1; global=1; static=1; extern=0; dir=2; type=0; pingpong=0; private_global=0; IO mode=ap_ovld:ce=0
Port [ rm_isReply]:  wired=0; compound=0; hidden=1; nouse=1; global=1; static=1; extern=0; dir=2; type=0; pingpong=0; private_global=0; IO mode=ap_ovld:ce=0
Port [ rm_correctMac]:  wired=0; compound=0; hidden=1; nouse=1; global=1; static=1; extern=0; dir=2; type=0; pingpong=0; private_global=0; IO mode=ap_ovld:ce=0
Port [ rm_isDHCP]:  wired=0; compound=0; hidden=1; nouse=1; global=1; static=1; extern=0; dir=2; type=0; pingpong=0; private_global=0; IO mode=ap_ovld:ce=0
Port [ meta_identifier_V]:  wired=0; compound=0; hidden=1; nouse=1; global=1; static=1; extern=0; dir=2; type=0; pingpong=0; private_global=0; IO mode=ap_ovld:ce=0
Port [ meta_assignedIpAddress_V]:  wired=0; compound=0; hidden=1; nouse=1; global=1; static=1; extern=0; dir=2; type=0; pingpong=0; private_global=0; IO mode=ap_ovld:ce=0
Port [ meta_serverAddress_V]:  wired=0; compound=0; hidden=1; nouse=1; global=1; static=1; extern=0; dir=2; type=0; pingpong=0; private_global=0; IO mode=ap_ovld:ce=0
Port [ meta_type_V_1]:  wired=0; compound=0; hidden=1; nouse=1; global=1; static=1; extern=0; dir=2; type=0; pingpong=0; private_global=0; IO mode=ap_ovld:ce=0
Port [ dhcp_replyMetaFifo]:  wired=0; compound=1; hidden=1; nouse=0; global=1; static=1; extern=0; dir=2; type=3; pingpong=0; private_global=1; IO mode=ap_fifo:ce=0
Port [ myIpAddress_V]:  wired=0; compound=0; hidden=1; nouse=1; global=1; static=1; extern=0; dir=2; type=0; pingpong=0; private_global=0; IO mode=ap_ovld:ce=0
Port [ state]:  wired=0; compound=0; hidden=1; nouse=1; global=1; static=1; extern=0; dir=2; type=0; pingpong=0; private_global=0; IO mode=ap_ovld:ce=0
Port [ time_V]:  wired=0; compound=0; hidden=1; nouse=1; global=1; static=1; extern=0; dir=2; type=0; pingpong=0; private_global=0; IO mode=ap_ovld:ce=0
Port [ randomValue_V]:  wired=0; compound=0; hidden=1; nouse=1; global=1; static=1; extern=0; dir=2; type=0; pingpong=0; private_global=0; IO mode=ap_ovld:ce=0
Port [ myIdentity_V]:  wired=0; compound=0; hidden=1; nouse=1; global=1; static=1; extern=0; dir=2; type=0; pingpong=0; private_global=0; IO mode=ap_ovld:ce=0
Port [ IpAddressBuffer_V]:  wired=0; compound=0; hidden=1; nouse=1; global=1; static=1; extern=0; dir=2; type=0; pingpong=0; private_global=0; IO mode=ap_ovld:ce=0
Port [ dhcp_requestMetaFifo]:  wired=0; compound=1; hidden=1; nouse=0; global=1; static=1; extern=0; dir=2; type=3; pingpong=0; private_global=1; IO mode=ap_fifo:ce=0
Port [ sm_wordCount_V]:  wired=0; compound=0; hidden=1; nouse=1; global=1; static=1; extern=0; dir=2; type=0; pingpong=0; private_global=0; IO mode=ap_ovld:ce=0
Port [ meta_type_V]:  wired=0; compound=0; hidden=1; nouse=1; global=1; static=1; extern=0; dir=2; type=0; pingpong=0; private_global=0; IO mode=ap_ovld:ce=0
Port [ meta_requestedIpAddress_V]:  wired=0; compound=0; hidden=1; nouse=1; global=1; static=1; extern=0; dir=2; type=0; pingpong=0; private_global=0; IO mode=ap_ovld:ce=0
---------------- STG Properties END ------------------

---------------- Datapath Model BEGIN ----------------

<LifeTime>
<method=bitvector/>
myMacAddress_c3          (alloca              ) [ 0011111111111]
inputIpAddress_c2        (alloca              ) [ 0011111111111]
dhcpEnable_c1            (alloca              ) [ 0011111111111]
myMacAddress_c12         (alloca              ) [ 0011111111111]
myMacAddress_c           (alloca              ) [ 0011111111111]
inputIpAddress_c         (alloca              ) [ 0011111111111]
dhcpEnable_c             (alloca              ) [ 0011111111111]
call_ln345               (call                ) [ 0000000000000]
call_ln342               (call                ) [ 0000000000000]
call_ln371               (call                ) [ 0000000000000]
call_ln373               (call                ) [ 0000000000000]
call_ln375               (call                ) [ 0000000000000]
call_ln377               (call                ) [ 0000000000000]
specdataflowpipeline_ln0 (specdataflowpipeline) [ 0000000000000]
empty                    (specchannel         ) [ 0000000000000]
empty_25                 (specchannel         ) [ 0000000000000]
empty_26                 (specchannel         ) [ 0000000000000]
spectopmodule_ln0        (spectopmodule       ) [ 0000000000000]
specinterface_ln0        (specinterface       ) [ 0000000000000]
specinterface_ln0        (specinterface       ) [ 0000000000000]
specbitsmap_ln0          (specbitsmap         ) [ 0000000000000]
specinterface_ln0        (specinterface       ) [ 0000000000000]
specbitsmap_ln0          (specbitsmap         ) [ 0000000000000]
specinterface_ln0        (specinterface       ) [ 0000000000000]
specbitsmap_ln0          (specbitsmap         ) [ 0000000000000]
specinterface_ln0        (specinterface       ) [ 0000000000000]
specbitsmap_ln0          (specbitsmap         ) [ 0000000000000]
specbitsmap_ln0          (specbitsmap         ) [ 0000000000000]
specbitsmap_ln0          (specbitsmap         ) [ 0000000000000]
specbitsmap_ln0          (specbitsmap         ) [ 0000000000000]
specinterface_ln0        (specinterface       ) [ 0000000000000]
specbitsmap_ln0          (specbitsmap         ) [ 0000000000000]
specinterface_ln0        (specinterface       ) [ 0000000000000]
specbitsmap_ln0          (specbitsmap         ) [ 0000000000000]
specinterface_ln0        (specinterface       ) [ 0000000000000]
specbitsmap_ln0          (specbitsmap         ) [ 0000000000000]
specbitsmap_ln0          (specbitsmap         ) [ 0000000000000]
specbitsmap_ln0          (specbitsmap         ) [ 0000000000000]
specbitsmap_ln0          (specbitsmap         ) [ 0000000000000]
specbitsmap_ln0          (specbitsmap         ) [ 0000000000000]
specinterface_ln0        (specinterface       ) [ 0000000000000]
specbitsmap_ln0          (specbitsmap         ) [ 0000000000000]
specinterface_ln0        (specinterface       ) [ 0000000000000]
specbitsmap_ln0          (specbitsmap         ) [ 0000000000000]
specinterface_ln0        (specinterface       ) [ 0000000000000]
specbitsmap_ln0          (specbitsmap         ) [ 0000000000000]
specinterface_ln0        (specinterface       ) [ 0000000000000]
specinterface_ln0        (specinterface       ) [ 0000000000000]
specinterface_ln0        (specinterface       ) [ 0000000000000]
specinterface_ln0        (specinterface       ) [ 0000000000000]
empty_27                 (specchannel         ) [ 0000000000000]
specinterface_ln342      (specinterface       ) [ 0000000000000]
empty_28                 (specchannel         ) [ 0000000000000]
specinterface_ln343      (specinterface       ) [ 0000000000000]
empty_29                 (specchannel         ) [ 0000000000000]
specinterface_ln345      (specinterface       ) [ 0000000000000]
empty_30                 (specchannel         ) [ 0000000000000]
specinterface_ln345      (specinterface       ) [ 0000000000000]
empty_31                 (specchannel         ) [ 0000000000000]
specinterface_ln342      (specinterface       ) [ 0000000000000]
empty_32                 (specchannel         ) [ 0000000000000]
specinterface_ln343      (specinterface       ) [ 0000000000000]
empty_33                 (specchannel         ) [ 0000000000000]
specinterface_ln345      (specinterface       ) [ 0000000000000]
ret_ln381                (ret                 ) [ 0000000000000]
</LifeTime>

<model>

<comp_list>
<comp id="0" class="1000" name="m_axis_open_port_V">
<pin_list>
<pin id="1" dir="1" index="0" bw="1" slack="0"/>
</pin_list>
<bind>
<StgValue><ssdm name="m_axis_open_port_V"/></StgValue>
</bind>
</comp>

<comp id="2" class="1000" name="s_axis_open_port_status_V">
<pin_list>
<pin id="3" dir="1" index="0" bw="1" slack="0"/>
</pin_list>
<bind>
<StgValue><ssdm name="s_axis_open_port_status_V"/></StgValue>
</bind>
</comp>

<comp id="4" class="1000" name="s_axis_rx_metadata_V">
<pin_list>
<pin id="5" dir="1" index="0" bw="1" slack="0"/>
</pin_list>
<bind>
<StgValue><ssdm name="s_axis_rx_metadata_V"/></StgValue>
</bind>
</comp>

<comp id="6" class="1000" name="s_axis_rx_data_V_data_V">
<pin_list>
<pin id="7" dir="1" index="0" bw="1" slack="0"/>
</pin_list>
<bind>
<StgValue><ssdm name="s_axis_rx_data_V_data_V"/></StgValue>
</bind>
</comp>

<comp id="8" class="1000" name="s_axis_rx_data_V_keep_V">
<pin_list>
<pin id="9" dir="1" index="0" bw="1" slack="0"/>
</pin_list>
<bind>
<StgValue><ssdm name="s_axis_rx_data_V_keep_V"/></StgValue>
</bind>
</comp>

<comp id="10" class="1000" name="s_axis_rx_data_V_strb_V">
<pin_list>
<pin id="11" dir="1" index="0" bw="1" slack="0"/>
</pin_list>
<bind>
<StgValue><ssdm name="s_axis_rx_data_V_strb_V"/></StgValue>
</bind>
</comp>

<comp id="12" class="1000" name="s_axis_rx_data_V_last_V">
<pin_list>
<pin id="13" dir="1" index="0" bw="1" slack="0"/>
</pin_list>
<bind>
<StgValue><ssdm name="s_axis_rx_data_V_last_V"/></StgValue>
</bind>
</comp>

<comp id="14" class="1000" name="m_axis_tx_metadata_V">
<pin_list>
<pin id="15" dir="1" index="0" bw="1" slack="0"/>
</pin_list>
<bind>
<StgValue><ssdm name="m_axis_tx_metadata_V"/></StgValue>
</bind>
</comp>

<comp id="16" class="1000" name="m_axis_tx_length_V">
<pin_list>
<pin id="17" dir="1" index="0" bw="1" slack="0"/>
</pin_list>
<bind>
<StgValue><ssdm name="m_axis_tx_length_V"/></StgValue>
</bind>
</comp>

<comp id="18" class="1000" name="m_axis_tx_data_V_data_V">
<pin_list>
<pin id="19" dir="1" index="0" bw="1" slack="0"/>
</pin_list>
<bind>
<StgValue><ssdm name="m_axis_tx_data_V_data_V"/></StgValue>
</bind>
</comp>

<comp id="20" class="1000" name="m_axis_tx_data_V_keep_V">
<pin_list>
<pin id="21" dir="1" index="0" bw="1" slack="0"/>
</pin_list>
<bind>
<StgValue><ssdm name="m_axis_tx_data_V_keep_V"/></StgValue>
</bind>
</comp>

<comp id="22" class="1000" name="m_axis_tx_data_V_strb_V">
<pin_list>
<pin id="23" dir="1" index="0" bw="1" slack="0"/>
</pin_list>
<bind>
<StgValue><ssdm name="m_axis_tx_data_V_strb_V"/></StgValue>
</bind>
</comp>

<comp id="24" class="1000" name="m_axis_tx_data_V_last_V">
<pin_list>
<pin id="25" dir="1" index="0" bw="1" slack="0"/>
</pin_list>
<bind>
<StgValue><ssdm name="m_axis_tx_data_V_last_V"/></StgValue>
</bind>
</comp>

<comp id="26" class="1000" name="dhcpEnable">
<pin_list>
<pin id="27" dir="1" index="0" bw="1" slack="0"/>
</pin_list>
<bind>
<StgValue><ssdm name="dhcpEnable"/></StgValue>
</bind>
</comp>

<comp id="28" class="1000" name="inputIpAddress">
<pin_list>
<pin id="29" dir="1" index="0" bw="1" slack="0"/>
</pin_list>
<bind>
<StgValue><ssdm name="inputIpAddress"/></StgValue>
</bind>
</comp>

<comp id="30" class="1000" name="dhcpIpAddressOut">
<pin_list>
<pin id="31" dir="1" index="0" bw="1" slack="0"/>
</pin_list>
<bind>
<StgValue><ssdm name="dhcpIpAddressOut"/></StgValue>
</bind>
</comp>

<comp id="32" class="1000" name="myMacAddress">
<pin_list>
<pin id="33" dir="1" index="0" bw="1" slack="0"/>
</pin_list>
<bind>
<StgValue><ssdm name="myMacAddress"/></StgValue>
</bind>
</comp>

<comp id="34" class="1000" name="openPortWaitTime_V">
<pin_list>
<pin id="35" dir="1" index="0" bw="1" slack="0"/>
</pin_list>
<bind>
<StgValue><ssdm name="openPortWaitTime_V"/></StgValue>
</bind>
</comp>

<comp id="36" class="1000" name="odp_listenDone">
<pin_list>
<pin id="37" dir="1" index="0" bw="1" slack="0"/>
</pin_list>
<bind>
<StgValue><ssdm name="odp_listenDone"/></StgValue>
</bind>
</comp>

<comp id="38" class="1000" name="odp_waitListenStatus">
<pin_list>
<pin id="39" dir="1" index="0" bw="1" slack="0"/>
</pin_list>
<bind>
<StgValue><ssdm name="odp_waitListenStatus"/></StgValue>
</bind>
</comp>

<comp id="40" class="1000" name="portOpen">
<pin_list>
<pin id="41" dir="1" index="0" bw="1" slack="0"/>
</pin_list>
<bind>
<StgValue><ssdm name="portOpen"/></StgValue>
</bind>
</comp>

<comp id="42" class="1000" name="rm_wordCount_V">
<pin_list>
<pin id="43" dir="1" index="0" bw="1" slack="0"/>
</pin_list>
<bind>
<StgValue><ssdm name="rm_wordCount_V"/></StgValue>
</bind>
</comp>

<comp id="44" class="1000" name="rm_isReply">
<pin_list>
<pin id="45" dir="1" index="0" bw="1" slack="0"/>
</pin_list>
<bind>
<StgValue><ssdm name="rm_isReply"/></StgValue>
</bind>
</comp>

<comp id="46" class="1000" name="rm_correctMac">
<pin_list>
<pin id="47" dir="1" index="0" bw="1" slack="0"/>
</pin_list>
<bind>
<StgValue><ssdm name="rm_correctMac"/></StgValue>
</bind>
</comp>

<comp id="48" class="1000" name="rm_isDHCP">
<pin_list>
<pin id="49" dir="1" index="0" bw="1" slack="0"/>
</pin_list>
<bind>
<StgValue><ssdm name="rm_isDHCP"/></StgValue>
</bind>
</comp>

<comp id="50" class="1000" name="meta_identifier_V">
<pin_list>
<pin id="51" dir="1" index="0" bw="1" slack="0"/>
</pin_list>
<bind>
<StgValue><ssdm name="meta_identifier_V"/></StgValue>
</bind>
</comp>

<comp id="52" class="1000" name="meta_assignedIpAddress_V">
<pin_list>
<pin id="53" dir="1" index="0" bw="1" slack="0"/>
</pin_list>
<bind>
<StgValue><ssdm name="meta_assignedIpAddress_V"/></StgValue>
</bind>
</comp>

<comp id="54" class="1000" name="meta_serverAddress_V">
<pin_list>
<pin id="55" dir="1" index="0" bw="1" slack="0"/>
</pin_list>
<bind>
<StgValue><ssdm name="meta_serverAddress_V"/></StgValue>
</bind>
</comp>

<comp id="56" class="1000" name="meta_type_V_1">
<pin_list>
<pin id="57" dir="1" index="0" bw="1" slack="0"/>
</pin_list>
<bind>
<StgValue><ssdm name="meta_type_V_1"/></StgValue>
</bind>
</comp>

<comp id="58" class="1000" name="dhcp_replyMetaFifo">
<pin_list>
<pin id="59" dir="1" index="0" bw="1" slack="0"/>
</pin_list>
<bind>
<StgValue><ssdm name="dhcp_replyMetaFifo"/></StgValue>
</bind>
</comp>

<comp id="60" class="1000" name="myIpAddress_V">
<pin_list>
<pin id="61" dir="1" index="0" bw="1" slack="0"/>
</pin_list>
<bind>
<StgValue><ssdm name="myIpAddress_V"/></StgValue>
</bind>
</comp>

<comp id="62" class="1000" name="state">
<pin_list>
<pin id="63" dir="1" index="0" bw="1" slack="0"/>
</pin_list>
<bind>
<StgValue><ssdm name="state"/></StgValue>
</bind>
</comp>

<comp id="64" class="1000" name="time_V">
<pin_list>
<pin id="65" dir="1" index="0" bw="1" slack="0"/>
</pin_list>
<bind>
<StgValue><ssdm name="time_V"/></StgValue>
</bind>
</comp>

<comp id="66" class="1000" name="randomValue_V">
<pin_list>
<pin id="67" dir="1" index="0" bw="1" slack="0"/>
</pin_list>
<bind>
<StgValue><ssdm name="randomValue_V"/></StgValue>
</bind>
</comp>

<comp id="68" class="1000" name="myIdentity_V">
<pin_list>
<pin id="69" dir="1" index="0" bw="1" slack="0"/>
</pin_list>
<bind>
<StgValue><ssdm name="myIdentity_V"/></StgValue>
</bind>
</comp>

<comp id="70" class="1000" name="IpAddressBuffer_V">
<pin_list>
<pin id="71" dir="1" index="0" bw="1" slack="0"/>
</pin_list>
<bind>
<StgValue><ssdm name="IpAddressBuffer_V"/></StgValue>
</bind>
</comp>

<comp id="72" class="1000" name="dhcp_requestMetaFifo">
<pin_list>
<pin id="73" dir="1" index="0" bw="1" slack="0"/>
</pin_list>
<bind>
<StgValue><ssdm name="dhcp_requestMetaFifo"/></StgValue>
</bind>
</comp>

<comp id="74" class="1000" name="sm_wordCount_V">
<pin_list>
<pin id="75" dir="1" index="0" bw="1" slack="0"/>
</pin_list>
<bind>
<StgValue><ssdm name="sm_wordCount_V"/></StgValue>
</bind>
</comp>

<comp id="76" class="1000" name="meta_type_V">
<pin_list>
<pin id="77" dir="1" index="0" bw="1" slack="0"/>
</pin_list>
<bind>
<StgValue><ssdm name="meta_type_V"/></StgValue>
</bind>
</comp>

<comp id="78" class="1000" name="meta_requestedIpAddress_V">
<pin_list>
<pin id="79" dir="1" index="0" bw="1" slack="0"/>
</pin_list>
<bind>
<StgValue><ssdm name="meta_requestedIpAddress_V"/></StgValue>
</bind>
</comp>

<comp id="80" class="1001" name="const_80">
<pin_list>
<pin id="81" dir="1" index="0" bw="1" slack="0"/>
</pin_list>
<bind>
<StgValue><ssdm name=""/></StgValue>
</bind>
</comp>

<comp id="82" class="1001" name="const_82">
<pin_list>
<pin id="83" dir="1" index="0" bw="1" slack="0"/>
</pin_list>
<bind>
<StgValue><ssdm name="dhcp_client.entry3"/></StgValue>
</bind>
</comp>

<comp id="84" class="1001" name="const_84">
<pin_list>
<pin id="85" dir="1" index="0" bw="1" slack="0"/>
</pin_list>
<bind>
<StgValue><ssdm name="dhcp_client.entry7"/></StgValue>
</bind>
</comp>

<comp id="86" class="1001" name="const_86">
<pin_list>
<pin id="87" dir="1" index="0" bw="1" slack="0"/>
</pin_list>
<bind>
<StgValue><ssdm name="open_dhcp_port"/></StgValue>
</bind>
</comp>

<comp id="88" class="1001" name="const_88">
<pin_list>
<pin id="89" dir="1" index="0" bw="1" slack="0"/>
</pin_list>
<bind>
<StgValue><ssdm name="receive_message"/></StgValue>
</bind>
</comp>

<comp id="90" class="1001" name="const_90">
<pin_list>
<pin id="91" dir="1" index="0" bw="1" slack="0"/>
</pin_list>
<bind>
<StgValue><ssdm name="dhcp_fsm"/></StgValue>
</bind>
</comp>

<comp id="92" class="1001" name="const_92">
<pin_list>
<pin id="93" dir="1" index="0" bw="1" slack="0"/>
</pin_list>
<bind>
<StgValue><ssdm name="send_message"/></StgValue>
</bind>
</comp>

<comp id="94" class="1001" name="const_94">
<pin_list>
<pin id="95" dir="1" index="0" bw="1" slack="2147483647"/>
</pin_list>
<bind>
<StgValue><ssdm name="_ssdm_op_SpecDataflowPipeline"/></StgValue>
</bind>
</comp>

<comp id="96" class="1001" name="const_96">
<pin_list>
<pin id="97" dir="1" index="0" bw="1" slack="2147483647"/>
</pin_list>
<bind>
<StgValue><ssdm name=""/></StgValue>
</bind>
</comp>

<comp id="98" class="1001" name="const_98">
<pin_list>
<pin id="99" dir="1" index="0" bw="1" slack="2147483647"/>
</pin_list>
<bind>
<StgValue><ssdm name=""/></StgValue>
</bind>
</comp>

<comp id="100" class="1001" name="const_100">
<pin_list>
<pin id="101" dir="1" index="0" bw="1" slack="2147483647"/>
</pin_list>
<bind>
<StgValue><ssdm name="empty_1"/></StgValue>
</bind>
</comp>

<comp id="102" class="1001" name="const_102">
<pin_list>
<pin id="103" dir="1" index="0" bw="1" slack="2147483647"/>
</pin_list>
<bind>
<StgValue><ssdm name="_ssdm_op_SpecChannel"/></StgValue>
</bind>
</comp>

<comp id="104" class="1001" name="const_104">
<pin_list>
<pin id="105" dir="1" index="0" bw="1" slack="2147483647"/>
</pin_list>
<bind>
<StgValue><ssdm name="dhcp_replyMetaFifo_str"/></StgValue>
</bind>
</comp>

<comp id="106" class="1001" name="const_106">
<pin_list>
<pin id="107" dir="1" index="0" bw="1" slack="2147483647"/>
</pin_list>
<bind>
<StgValue><ssdm name="p_str"/></StgValue>
</bind>
</comp>

<comp id="108" class="1001" name="const_108">
<pin_list>
<pin id="109" dir="1" index="0" bw="1" slack="2147483647"/>
</pin_list>
<bind>
<StgValue><ssdm name=""/></StgValue>
</bind>
</comp>

<comp id="110" class="1001" name="const_110">
<pin_list>
<pin id="111" dir="1" index="0" bw="1" slack="2147483647"/>
</pin_list>
<bind>
<StgValue><ssdm name="dhcp_requestMetaFifo_str"/></StgValue>
</bind>
</comp>

<comp id="112" class="1001" name="const_112">
<pin_list>
<pin id="113" dir="1" index="0" bw="1" slack="2147483647"/>
</pin_list>
<bind>
<StgValue><ssdm name="portOpen_str"/></StgValue>
</bind>
</comp>

<comp id="114" class="1001" name="const_114">
<pin_list>
<pin id="115" dir="1" index="0" bw="1" slack="2147483647"/>
</pin_list>
<bind>
<StgValue><ssdm name=""/></StgValue>
</bind>
</comp>

<comp id="116" class="1001" name="const_116">
<pin_list>
<pin id="117" dir="1" index="0" bw="1" slack="2147483647"/>
</pin_list>
<bind>
<StgValue><ssdm name="_ssdm_op_SpecTopModule"/></StgValue>
</bind>
</comp>

<comp id="118" class="1001" name="const_118">
<pin_list>
<pin id="119" dir="1" index="0" bw="1" slack="2147483647"/>
</pin_list>
<bind>
<StgValue><ssdm name="empty_4"/></StgValue>
</bind>
</comp>

<comp id="120" class="1001" name="const_120">
<pin_list>
<pin id="121" dir="1" index="0" bw="1" slack="2147483647"/>
</pin_list>
<bind>
<StgValue><ssdm name="_ssdm_op_SpecInterface"/></StgValue>
</bind>
</comp>

<comp id="122" class="1001" name="const_122">
<pin_list>
<pin id="123" dir="1" index="0" bw="1" slack="2147483647"/>
</pin_list>
<bind>
<StgValue><ssdm name=""/></StgValue>
</bind>
</comp>

<comp id="124" class="1001" name="const_124">
<pin_list>
<pin id="125" dir="1" index="0" bw="1" slack="2147483647"/>
</pin_list>
<bind>
<StgValue><ssdm name="empty_5"/></StgValue>
</bind>
</comp>

<comp id="126" class="1001" name="const_126">
<pin_list>
<pin id="127" dir="1" index="0" bw="1" slack="2147483647"/>
</pin_list>
<bind>
<StgValue><ssdm name="empty"/></StgValue>
</bind>
</comp>

<comp id="128" class="1001" name="const_128">
<pin_list>
<pin id="129" dir="1" index="0" bw="1" slack="2147483647"/>
</pin_list>
<bind>
<StgValue><ssdm name="empty_0"/></StgValue>
</bind>
</comp>

<comp id="130" class="1001" name="const_130">
<pin_list>
<pin id="131" dir="1" index="0" bw="1" slack="2147483647"/>
</pin_list>
<bind>
<StgValue><ssdm name="_ssdm_op_SpecBitsMap"/></StgValue>
</bind>
</comp>

<comp id="132" class="1001" name="const_132">
<pin_list>
<pin id="133" dir="1" index="0" bw="1" slack="2147483647"/>
</pin_list>
<bind>
<StgValue><ssdm name="empty_2"/></StgValue>
</bind>
</comp>

<comp id="134" class="1001" name="const_134">
<pin_list>
<pin id="135" dir="1" index="0" bw="1" slack="2147483647"/>
</pin_list>
<bind>
<StgValue><ssdm name="empty_3"/></StgValue>
</bind>
</comp>

<comp id="136" class="1001" name="const_136">
<pin_list>
<pin id="137" dir="1" index="0" bw="1" slack="2147483647"/>
</pin_list>
<bind>
<StgValue><ssdm name="dhcpEnable_c_str"/></StgValue>
</bind>
</comp>

<comp id="138" class="1001" name="const_138">
<pin_list>
<pin id="139" dir="1" index="0" bw="1" slack="2147483647"/>
</pin_list>
<bind>
<StgValue><ssdm name=""/></StgValue>
</bind>
</comp>

<comp id="140" class="1001" name="const_140">
<pin_list>
<pin id="141" dir="1" index="0" bw="1" slack="2147483647"/>
</pin_list>
<bind>
<StgValue><ssdm name="ap_fifo_str"/></StgValue>
</bind>
</comp>

<comp id="142" class="1001" name="const_142">
<pin_list>
<pin id="143" dir="1" index="0" bw="1" slack="2147483647"/>
</pin_list>
<bind>
<StgValue><ssdm name=""/></StgValue>
</bind>
</comp>

<comp id="144" class="1001" name="const_144">
<pin_list>
<pin id="145" dir="1" index="0" bw="1" slack="2147483647"/>
</pin_list>
<bind>
<StgValue><ssdm name="inputIpAddress_c_str"/></StgValue>
</bind>
</comp>

<comp id="146" class="1001" name="const_146">
<pin_list>
<pin id="147" dir="1" index="0" bw="1" slack="2147483647"/>
</pin_list>
<bind>
<StgValue><ssdm name="myMacAddress_c_str"/></StgValue>
</bind>
</comp>

<comp id="148" class="1001" name="const_148">
<pin_list>
<pin id="149" dir="1" index="0" bw="1" slack="2147483647"/>
</pin_list>
<bind>
<StgValue><ssdm name="myMacAddress_c12_str"/></StgValue>
</bind>
</comp>

<comp id="150" class="1001" name="const_150">
<pin_list>
<pin id="151" dir="1" index="0" bw="1" slack="2147483647"/>
</pin_list>
<bind>
<StgValue><ssdm name="dhcpEnable_c1_str"/></StgValue>
</bind>
</comp>

<comp id="152" class="1001" name="const_152">
<pin_list>
<pin id="153" dir="1" index="0" bw="1" slack="2147483647"/>
</pin_list>
<bind>
<StgValue><ssdm name="inputIpAddress_c2_str"/></StgValue>
</bind>
</comp>

<comp id="154" class="1001" name="const_154">
<pin_list>
<pin id="155" dir="1" index="0" bw="1" slack="2147483647"/>
</pin_list>
<bind>
<StgValue><ssdm name="myMacAddress_c3_str"/></StgValue>
</bind>
</comp>

<comp id="156" class="1004" name="myMacAddress_c3_fu_156">
<pin_list>
<pin id="157" dir="0" index="0" bw="1" slack="0"/>
<pin id="158" dir="1" index="1" bw="48" slack="1"/>
</pin_list>
<bind>
<opcode="alloca(26) " fcode="alloca"/>
<opset="myMacAddress_c3/1 "/>
</bind>
</comp>

<comp id="160" class="1004" name="inputIpAddress_c2_fu_160">
<pin_list>
<pin id="161" dir="0" index="0" bw="1" slack="0"/>
<pin id="162" dir="1" index="1" bw="32" slack="1"/>
</pin_list>
<bind>
<opcode="alloca(26) " fcode="alloca"/>
<opset="inputIpAddress_c2/1 "/>
</bind>
</comp>

<comp id="164" class="1004" name="dhcpEnable_c1_fu_164">
<pin_list>
<pin id="165" dir="0" index="0" bw="1" slack="0"/>
<pin id="166" dir="1" index="1" bw="1" slack="1"/>
</pin_list>
<bind>
<opcode="alloca(26) " fcode="alloca"/>
<opset="dhcpEnable_c1/1 "/>
</bind>
</comp>

<comp id="168" class="1004" name="myMacAddress_c12_fu_168">
<pin_list>
<pin id="169" dir="0" index="0" bw="1" slack="0"/>
<pin id="170" dir="1" index="1" bw="48" slack="2"/>
</pin_list>
<bind>
<opcode="alloca(26) " fcode="alloca"/>
<opset="myMacAddress_c12/1 "/>
</bind>
</comp>

<comp id="172" class="1004" name="myMacAddress_c_fu_172">
<pin_list>
<pin id="173" dir="0" index="0" bw="1" slack="0"/>
<pin id="174" dir="1" index="1" bw="48" slack="2"/>
</pin_list>
<bind>
<opcode="alloca(26) " fcode="alloca"/>
<opset="myMacAddress_c/1 "/>
</bind>
</comp>

<comp id="176" class="1004" name="inputIpAddress_c_fu_176">
<pin_list>
<pin id="177" dir="0" index="0" bw="1" slack="0"/>
<pin id="178" dir="1" index="1" bw="32" slack="2"/>
</pin_list>
<bind>
<opcode="alloca(26) " fcode="alloca"/>
<opset="inputIpAddress_c/1 "/>
</bind>
</comp>

<comp id="180" class="1004" name="dhcpEnable_c_fu_180">
<pin_list>
<pin id="181" dir="0" index="0" bw="1" slack="0"/>
<pin id="182" dir="1" index="1" bw="1" slack="2"/>
</pin_list>
<bind>
<opcode="alloca(26) " fcode="alloca"/>
<opset="dhcpEnable_c/1 "/>
</bind>
</comp>

<comp id="184" class="1004" name="grp_send_message_fu_184">
<pin_list>
<pin id="185" dir="0" index="0" bw="0" slack="0"/>
<pin id="186" dir="0" index="1" bw="128" slack="0"/>
<pin id="187" dir="0" index="2" bw="16" slack="0"/>
<pin id="188" dir="0" index="3" bw="64" slack="0"/>
<pin id="189" dir="0" index="4" bw="8" slack="0"/>
<pin id="190" dir="0" index="5" bw="8" slack="0"/>
<pin id="191" dir="0" index="6" bw="1" slack="0"/>
<pin id="192" dir="0" index="7" bw="48" slack="8"/>
<pin id="193" dir="0" index="8" bw="6" slack="0"/>
<pin id="194" dir="0" index="9" bw="8" slack="0"/>
<pin id="195" dir="0" index="10" bw="32" slack="0"/>
<pin id="196" dir="0" index="11" bw="96" slack="0"/>
<pin id="197" dir="1" index="12" bw="0" slack="2147483647"/>
</pin_list>
<bind>
<opcode="call(48) " fcode="call"/>
<opset="call_ln377/9 "/>
</bind>
</comp>

<comp id="209" class="1004" name="grp_dhcp_fsm_fu_209">
<pin_list>
<pin id="210" dir="0" index="0" bw="0" slack="0"/>
<pin id="211" dir="0" index="1" bw="32" slack="0"/>
<pin id="212" dir="0" index="2" bw="1" slack="6"/>
<pin id="213" dir="0" index="3" bw="32" slack="6"/>
<pin id="214" dir="0" index="4" bw="32" slack="0"/>
<pin id="215" dir="0" index="5" bw="3" slack="0"/>
<pin id="216" dir="0" index="6" bw="32" slack="0"/>
<pin id="217" dir="0" index="7" bw="32" slack="0"/>
<pin id="218" dir="0" index="8" bw="32" slack="0"/>
<pin id="219" dir="0" index="9" bw="32" slack="0"/>
<pin id="220" dir="0" index="10" bw="1" slack="0"/>
<pin id="221" dir="0" index="11" bw="96" slack="0"/>
<pin id="222" dir="0" index="12" bw="128" slack="0"/>
<pin id="223" dir="1" index="13" bw="0" slack="2147483647"/>
</pin_list>
<bind>
<opcode="call(48) " fcode="call"/>
<opset="call_ln375/7 "/>
</bind>
</comp>

<comp id="235" class="1004" name="grp_receive_message_fu_235">
<pin_list>
<pin id="236" dir="0" index="0" bw="0" slack="0"/>
<pin id="237" dir="0" index="1" bw="128" slack="0"/>
<pin id="238" dir="0" index="2" bw="64" slack="0"/>
<pin id="239" dir="0" index="3" bw="8" slack="0"/>
<pin id="240" dir="0" index="4" bw="8" slack="0"/>
<pin id="241" dir="0" index="5" bw="1" slack="0"/>
<pin id="242" dir="0" index="6" bw="48" slack="3"/>
<pin id="243" dir="0" index="7" bw="6" slack="0"/>
<pin id="244" dir="0" index="8" bw="1" slack="0"/>
<pin id="245" dir="0" index="9" bw="1" slack="0"/>
<pin id="246" dir="0" index="10" bw="1" slack="0"/>
<pin id="247" dir="0" index="11" bw="32" slack="0"/>
<pin id="248" dir="0" index="12" bw="32" slack="0"/>
<pin id="249" dir="0" index="13" bw="32" slack="0"/>
<pin id="250" dir="0" index="14" bw="8" slack="0"/>
<pin id="251" dir="0" index="15" bw="128" slack="0"/>
<pin id="252" dir="1" index="16" bw="0" slack="2147483647"/>
</pin_list>
<bind>
<opcode="call(48) " fcode="call"/>
<opset="call_ln373/4 "/>
</bind>
</comp>

<comp id="268" class="1004" name="grp_open_dhcp_port_fu_268">
<pin_list>
<pin id="269" dir="0" index="0" bw="0" slack="0"/>
<pin id="270" dir="0" index="1" bw="16" slack="0"/>
<pin id="271" dir="0" index="2" bw="8" slack="0"/>
<pin id="272" dir="0" index="3" bw="32" slack="0"/>
<pin id="273" dir="0" index="4" bw="1" slack="0"/>
<pin id="274" dir="0" index="5" bw="1" slack="0"/>
<pin id="275" dir="0" index="6" bw="1" slack="0"/>
<pin id="276" dir="1" index="7" bw="0" slack="2147483647"/>
</pin_list>
<bind>
<opcode="call(48) " fcode="call"/>
<opset="call_ln371/4 "/>
</bind>
</comp>

<comp id="284" class="1004" name="call_ln342_dhcp_client_entry7_fu_284">
<pin_list>
<pin id="285" dir="0" index="0" bw="0" slack="0"/>
<pin id="286" dir="0" index="1" bw="1" slack="2"/>
<pin id="287" dir="0" index="2" bw="32" slack="2"/>
<pin id="288" dir="0" index="3" bw="48" slack="2"/>
<pin id="289" dir="0" index="4" bw="1" slack="2"/>
<pin id="290" dir="0" index="5" bw="32" slack="2"/>
<pin id="291" dir="0" index="6" bw="48" slack="2"/>
<pin id="292" dir="0" index="7" bw="48" slack="2"/>
<pin id="293" dir="1" index="8" bw="0" slack="2147483647"/>
</pin_list>
<bind>
<opcode="call(48) " fcode="call"/>
<opset="call_ln342/3 "/>
</bind>
</comp>

<comp id="295" class="1004" name="call_ln345_dhcp_client_entry3_fu_295">
<pin_list>
<pin id="296" dir="0" index="0" bw="0" slack="0"/>
<pin id="297" dir="0" index="1" bw="1" slack="0"/>
<pin id="298" dir="0" index="2" bw="32" slack="0"/>
<pin id="299" dir="0" index="3" bw="48" slack="0"/>
<pin id="300" dir="0" index="4" bw="1" slack="1"/>
<pin id="301" dir="0" index="5" bw="32" slack="1"/>
<pin id="302" dir="0" index="6" bw="48" slack="1"/>
<pin id="303" dir="1" index="7" bw="0" slack="2147483647"/>
</pin_list>
<bind>
<opcode="call(48) " fcode="call"/>
<opset="call_ln345/2 "/>
</bind>
</comp>

<comp id="308" class="1005" name="myMacAddress_c3_reg_308">
<pin_list>
<pin id="309" dir="0" index="0" bw="48" slack="1"/>
<pin id="310" dir="1" index="1" bw="48" slack="1"/>
</pin_list>
<bind>
<opset="myMacAddress_c3 "/>
</bind>
</comp>

<comp id="314" class="1005" name="inputIpAddress_c2_reg_314">
<pin_list>
<pin id="315" dir="0" index="0" bw="32" slack="1"/>
<pin id="316" dir="1" index="1" bw="32" slack="1"/>
</pin_list>
<bind>
<opset="inputIpAddress_c2 "/>
</bind>
</comp>

<comp id="320" class="1005" name="dhcpEnable_c1_reg_320">
<pin_list>
<pin id="321" dir="0" index="0" bw="1" slack="1"/>
<pin id="322" dir="1" index="1" bw="1" slack="1"/>
</pin_list>
<bind>
<opset="dhcpEnable_c1 "/>
</bind>
</comp>

<comp id="326" class="1005" name="myMacAddress_c12_reg_326">
<pin_list>
<pin id="327" dir="0" index="0" bw="48" slack="2"/>
<pin id="328" dir="1" index="1" bw="48" slack="2"/>
</pin_list>
<bind>
<opset="myMacAddress_c12 "/>
</bind>
</comp>

<comp id="332" class="1005" name="myMacAddress_c_reg_332">
<pin_list>
<pin id="333" dir="0" index="0" bw="48" slack="2"/>
<pin id="334" dir="1" index="1" bw="48" slack="2"/>
</pin_list>
<bind>
<opset="myMacAddress_c "/>
</bind>
</comp>

<comp id="338" class="1005" name="inputIpAddress_c_reg_338">
<pin_list>
<pin id="339" dir="0" index="0" bw="32" slack="2"/>
<pin id="340" dir="1" index="1" bw="32" slack="2"/>
</pin_list>
<bind>
<opset="inputIpAddress_c "/>
</bind>
</comp>

<comp id="344" class="1005" name="dhcpEnable_c_reg_344">
<pin_list>
<pin id="345" dir="0" index="0" bw="1" slack="2"/>
<pin id="346" dir="1" index="1" bw="1" slack="2"/>
</pin_list>
<bind>
<opset="dhcpEnable_c "/>
</bind>
</comp>

</comp_list>

<net_list>
<net id="159"><net_src comp="80" pin="0"/><net_sink comp="156" pin=0"/></net>

<net id="163"><net_src comp="80" pin="0"/><net_sink comp="160" pin=0"/></net>

<net id="167"><net_src comp="80" pin="0"/><net_sink comp="164" pin=0"/></net>

<net id="171"><net_src comp="80" pin="0"/><net_sink comp="168" pin=0"/></net>

<net id="175"><net_src comp="80" pin="0"/><net_sink comp="172" pin=0"/></net>

<net id="179"><net_src comp="80" pin="0"/><net_sink comp="176" pin=0"/></net>

<net id="183"><net_src comp="80" pin="0"/><net_sink comp="180" pin=0"/></net>

<net id="198"><net_src comp="92" pin="0"/><net_sink comp="184" pin=0"/></net>

<net id="199"><net_src comp="14" pin="0"/><net_sink comp="184" pin=1"/></net>

<net id="200"><net_src comp="16" pin="0"/><net_sink comp="184" pin=2"/></net>

<net id="201"><net_src comp="18" pin="0"/><net_sink comp="184" pin=3"/></net>

<net id="202"><net_src comp="20" pin="0"/><net_sink comp="184" pin=4"/></net>

<net id="203"><net_src comp="22" pin="0"/><net_sink comp="184" pin=5"/></net>

<net id="204"><net_src comp="24" pin="0"/><net_sink comp="184" pin=6"/></net>

<net id="205"><net_src comp="74" pin="0"/><net_sink comp="184" pin=8"/></net>

<net id="206"><net_src comp="76" pin="0"/><net_sink comp="184" pin=9"/></net>

<net id="207"><net_src comp="78" pin="0"/><net_sink comp="184" pin=10"/></net>

<net id="208"><net_src comp="72" pin="0"/><net_sink comp="184" pin=11"/></net>

<net id="224"><net_src comp="90" pin="0"/><net_sink comp="209" pin=0"/></net>

<net id="225"><net_src comp="30" pin="0"/><net_sink comp="209" pin=1"/></net>

<net id="226"><net_src comp="60" pin="0"/><net_sink comp="209" pin=4"/></net>

<net id="227"><net_src comp="62" pin="0"/><net_sink comp="209" pin=5"/></net>

<net id="228"><net_src comp="64" pin="0"/><net_sink comp="209" pin=6"/></net>

<net id="229"><net_src comp="66" pin="0"/><net_sink comp="209" pin=7"/></net>

<net id="230"><net_src comp="68" pin="0"/><net_sink comp="209" pin=8"/></net>

<net id="231"><net_src comp="70" pin="0"/><net_sink comp="209" pin=9"/></net>

<net id="232"><net_src comp="40" pin="0"/><net_sink comp="209" pin=10"/></net>

<net id="233"><net_src comp="72" pin="0"/><net_sink comp="209" pin=11"/></net>

<net id="234"><net_src comp="58" pin="0"/><net_sink comp="209" pin=12"/></net>

<net id="253"><net_src comp="88" pin="0"/><net_sink comp="235" pin=0"/></net>

<net id="254"><net_src comp="4" pin="0"/><net_sink comp="235" pin=1"/></net>

<net id="255"><net_src comp="6" pin="0"/><net_sink comp="235" pin=2"/></net>

<net id="256"><net_src comp="8" pin="0"/><net_sink comp="235" pin=3"/></net>

<net id="257"><net_src comp="10" pin="0"/><net_sink comp="235" pin=4"/></net>

<net id="258"><net_src comp="12" pin="0"/><net_sink comp="235" pin=5"/></net>

<net id="259"><net_src comp="42" pin="0"/><net_sink comp="235" pin=7"/></net>

<net id="260"><net_src comp="44" pin="0"/><net_sink comp="235" pin=8"/></net>

<net id="261"><net_src comp="46" pin="0"/><net_sink comp="235" pin=9"/></net>

<net id="262"><net_src comp="48" pin="0"/><net_sink comp="235" pin=10"/></net>

<net id="263"><net_src comp="50" pin="0"/><net_sink comp="235" pin=11"/></net>

<net id="264"><net_src comp="52" pin="0"/><net_sink comp="235" pin=12"/></net>

<net id="265"><net_src comp="54" pin="0"/><net_sink comp="235" pin=13"/></net>

<net id="266"><net_src comp="56" pin="0"/><net_sink comp="235" pin=14"/></net>

<net id="267"><net_src comp="58" pin="0"/><net_sink comp="235" pin=15"/></net>

<net id="277"><net_src comp="86" pin="0"/><net_sink comp="268" pin=0"/></net>

<net id="278"><net_src comp="0" pin="0"/><net_sink comp="268" pin=1"/></net>

<net id="279"><net_src comp="2" pin="0"/><net_sink comp="268" pin=2"/></net>

<net id="280"><net_src comp="34" pin="0"/><net_sink comp="268" pin=3"/></net>

<net id="281"><net_src comp="36" pin="0"/><net_sink comp="268" pin=4"/></net>

<net id="282"><net_src comp="38" pin="0"/><net_sink comp="268" pin=5"/></net>

<net id="283"><net_src comp="40" pin="0"/><net_sink comp="268" pin=6"/></net>

<net id="294"><net_src comp="84" pin="0"/><net_sink comp="284" pin=0"/></net>

<net id="304"><net_src comp="82" pin="0"/><net_sink comp="295" pin=0"/></net>

<net id="305"><net_src comp="26" pin="0"/><net_sink comp="295" pin=1"/></net>

<net id="306"><net_src comp="28" pin="0"/><net_sink comp="295" pin=2"/></net>

<net id="307"><net_src comp="32" pin="0"/><net_sink comp="295" pin=3"/></net>

<net id="311"><net_src comp="156" pin="1"/><net_sink comp="308" pin=0"/></net>

<net id="312"><net_src comp="308" pin="1"/><net_sink comp="295" pin=6"/></net>

<net id="313"><net_src comp="308" pin="1"/><net_sink comp="284" pin=3"/></net>

<net id="317"><net_src comp="160" pin="1"/><net_sink comp="314" pin=0"/></net>

<net id="318"><net_src comp="314" pin="1"/><net_sink comp="295" pin=5"/></net>

<net id="319"><net_src comp="314" pin="1"/><net_sink comp="284" pin=2"/></net>

<net id="323"><net_src comp="164" pin="1"/><net_sink comp="320" pin=0"/></net>

<net id="324"><net_src comp="320" pin="1"/><net_sink comp="295" pin=4"/></net>

<net id="325"><net_src comp="320" pin="1"/><net_sink comp="284" pin=1"/></net>

<net id="329"><net_src comp="168" pin="1"/><net_sink comp="326" pin=0"/></net>

<net id="330"><net_src comp="326" pin="1"/><net_sink comp="284" pin=7"/></net>

<net id="331"><net_src comp="326" pin="1"/><net_sink comp="184" pin=7"/></net>

<net id="335"><net_src comp="172" pin="1"/><net_sink comp="332" pin=0"/></net>

<net id="336"><net_src comp="332" pin="1"/><net_sink comp="284" pin=6"/></net>

<net id="337"><net_src comp="332" pin="1"/><net_sink comp="235" pin=6"/></net>

<net id="341"><net_src comp="176" pin="1"/><net_sink comp="338" pin=0"/></net>

<net id="342"><net_src comp="338" pin="1"/><net_sink comp="284" pin=5"/></net>

<net id="343"><net_src comp="338" pin="1"/><net_sink comp="209" pin=3"/></net>

<net id="347"><net_src comp="180" pin="1"/><net_sink comp="344" pin=0"/></net>

<net id="348"><net_src comp="344" pin="1"/><net_sink comp="284" pin=4"/></net>

<net id="349"><net_src comp="344" pin="1"/><net_sink comp="209" pin=2"/></net>

</net_list>

</model> 
---------------- Datapath Model END ------------------

* FSMD analyzer results:
  - Output states:
	Port: m_axis_open_port_V | {4 5 6 }
	Port: m_axis_tx_metadata_V | {11 }
	Port: m_axis_tx_length_V | {11 }
	Port: m_axis_tx_data_V_data_V | {11 }
	Port: m_axis_tx_data_V_keep_V | {11 }
	Port: m_axis_tx_data_V_strb_V | {11 }
	Port: m_axis_tx_data_V_last_V | {11 }
	Port: dhcpIpAddressOut | {8 }
	Port: openPortWaitTime_V | {4 }
	Port: odp_listenDone | {5 }
	Port: odp_waitListenStatus | {5 }
	Port: portOpen | {6 }
	Port: rm_wordCount_V | {5 }
	Port: rm_isReply | {5 }
	Port: rm_correctMac | {5 }
	Port: rm_isDHCP | {5 }
	Port: meta_identifier_V | {5 }
	Port: meta_assignedIpAddress_V | {5 }
	Port: meta_serverAddress_V | {5 }
	Port: meta_type_V_1 | {5 }
	Port: dhcp_replyMetaFifo | {6 }
	Port: myIpAddress_V | {8 }
	Port: state | {7 }
	Port: time_V | {7 }
	Port: randomValue_V | {7 }
	Port: myIdentity_V | {7 }
	Port: IpAddressBuffer_V | {8 }
	Port: dhcp_requestMetaFifo | {8 }
	Port: sm_wordCount_V | {9 }
	Port: meta_type_V | {9 }
	Port: meta_requestedIpAddress_V | {9 }
 - Input state : 
	Port: dhcp_client : s_axis_open_port_status_V | {5 }
	Port: dhcp_client : s_axis_rx_metadata_V | {4 }
	Port: dhcp_client : s_axis_rx_data_V_data_V | {4 }
	Port: dhcp_client : s_axis_rx_data_V_keep_V | {4 }
	Port: dhcp_client : s_axis_rx_data_V_strb_V | {4 }
	Port: dhcp_client : s_axis_rx_data_V_last_V | {4 }
	Port: dhcp_client : dhcpEnable | {2 }
	Port: dhcp_client : inputIpAddress | {2 }
	Port: dhcp_client : myMacAddress | {2 }
	Port: dhcp_client : openPortWaitTime_V | {4 }
	Port: dhcp_client : odp_listenDone | {4 }
	Port: dhcp_client : odp_waitListenStatus | {4 }
	Port: dhcp_client : portOpen | {7 }
	Port: dhcp_client : rm_wordCount_V | {5 }
	Port: dhcp_client : rm_isReply | {5 }
	Port: dhcp_client : rm_correctMac | {5 }
	Port: dhcp_client : rm_isDHCP | {5 }
	Port: dhcp_client : meta_identifier_V | {6 }
	Port: dhcp_client : meta_assignedIpAddress_V | {6 }
	Port: dhcp_client : meta_serverAddress_V | {6 }
	Port: dhcp_client : meta_type_V_1 | {6 }
	Port: dhcp_client : dhcp_replyMetaFifo | {7 }
	Port: dhcp_client : myIpAddress_V | {8 }
	Port: dhcp_client : state | {7 }
	Port: dhcp_client : time_V | {7 }
	Port: dhcp_client : randomValue_V | {7 }
	Port: dhcp_client : myIdentity_V | {7 }
	Port: dhcp_client : IpAddressBuffer_V | {8 }
	Port: dhcp_client : dhcp_requestMetaFifo | {9 }
	Port: dhcp_client : sm_wordCount_V | {9 }
	Port: dhcp_client : meta_type_V | {9 }
	Port: dhcp_client : meta_requestedIpAddress_V | {9 }
  - Chain level:
	State 1
	State 2
	State 3
	State 4
	State 5
	State 6
	State 7
	State 8
	State 9
	State 10
	State 11
	State 12


============================================================
+ Verbose Summary: Datapath Resource usage 
============================================================

* Functional unit list:
|----------|--------------------------------------|---------|---------|---------|
| Operation|            Functional Unit           |  Delay  |    FF   |   LUT   |
|----------|--------------------------------------|---------|---------|---------|
|          |        grp_send_message_fu_184       | 1.36075 |   399   |   165   |
|          |          grp_dhcp_fsm_fu_209         |  0.387  |   171   |   221   |
|   call   |      grp_receive_message_fu_235      |    0    |   125   |   106   |
|          |       grp_open_dhcp_port_fu_268      |    0    |    5    |    63   |
|          | call_ln342_dhcp_client_entry7_fu_284 |    0    |    0    |    0    |
|          | call_ln345_dhcp_client_entry3_fu_295 |    0    |    0    |    0    |
|----------|--------------------------------------|---------|---------|---------|
|   Total  |                                      | 1.74775 |   700   |   555   |
|----------|--------------------------------------|---------|---------|---------|

Memories:
N/A

* Register list:
+-------------------------+--------+
|                         |   FF   |
+-------------------------+--------+
|  dhcpEnable_c1_reg_320  |    1   |
|   dhcpEnable_c_reg_344  |    1   |
|inputIpAddress_c2_reg_314|   32   |
| inputIpAddress_c_reg_338|   32   |
| myMacAddress_c12_reg_326|   48   |
| myMacAddress_c3_reg_308 |   48   |
|  myMacAddress_c_reg_332 |   48   |
+-------------------------+--------+
|          Total          |   210  |
+-------------------------+--------+

* Multiplexer (MUX) list: 
|--------|------|------|------|--------|
|  Comp  |  Pin | Size |  BW  | S x BW |
|--------|------|------|------|--------|
|  Total |      |      |      |    0   |
|--------|------|------|------|--------|



* Summary:
+-----------+--------+--------+--------+
|           |  Delay |   FF   |   LUT  |
+-----------+--------+--------+--------+
|  Function |    1   |   700  |   555  |
|   Memory  |    -   |    -   |    -   |
|Multiplexer|    -   |    -   |    -   |
|  Register |    -   |   210  |    -   |
+-----------+--------+--------+--------+
|   Total   |    1   |   910  |   555  |
+-----------+--------+--------+--------+
