

================================================================
== Vitis HLS Report for 'receive_message'
================================================================
* Date:           Tue Jul 19 05:58:04 2022

* Version:        2020.2 (Build 3064766 on Wed Nov 18 09:12:47 MST 2020)
* Project:        dhcp_client_prj
* Solution:       solution1 (Vivado IP Flow Target)
* Product family: virtexuplus
* Target device:  xcvu3p-ffvc1517-2-i


================================================================
== Performance Estimates
================================================================
+ Timing: 
    * Summary: 
    +--------+---------+----------+------------+
    |  Clock |  Target | Estimated| Uncertainty|
    +--------+---------+----------+------------+
    |ap_clk  |  3.20 ns|  1.943 ns|     0.86 ns|
    +--------+---------+----------+------------+

+ Latency: 
    * Summary: 
    +---------+---------+----------+----------+-----+-----+---------+
    |  Latency (cycles) |  Latency (absolute) |  Interval | Pipeline|
    |   min   |   max   |    min   |    max   | min | max |   Type  |
    +---------+---------+----------+----------+-----+-----+---------+
    |        2|        2|  6.400 ns|  6.400 ns|    1|    1|      yes|
    +---------+---------+----------+----------+-----+-----+---------+

    + Detail: 
        * Instance: 
        N/A

        * Loop: 
        N/A

============================================================
+ Verbose Summary: Synthesis Manager
============================================================
InlineROM: 1
ExposeGlobal: 0
============================================================
+ Verbose Summary: CDFG Model
============================================================
IsTopModel: 0
ResetActiveHigh: 1
IsCombinational: 2
IsDatapathOnly: 0
HasWiredReturn: 1
HasMFsm: 2
HasVarLatency: 0
IsPipeline: 1
IsRtlPipelined: 1
IsInstanceOverlapped: 0
IsDontTouch: 0
HasImplIP: 0
IsGatedGlobalClock: 0

+ Individual pipeline summary: 
  * Pipeline-0: initiation interval (II) = 1, depth = 3


============================================================
+ Verbose Summary: Schedule
============================================================
* Number of FSM states : 3
* Pipeline : 1
  Pipeline-0 : II = 1, D = 3, States = { 1 2 3 }
* Dataflow Pipeline: 0

* FSM state transitions: 
1 --> 2 
2 --> 3 
3 --> 

* FSM state operations: 

State 1 <SV = 0> <Delay = 1.16>
ST_1 : Operation 4 [1/1] (0.00ns)   --->   "%specinterface_ln0 = specinterface void @_ssdm_op_SpecInterface, i128 %s_axis_rx_metadata_V, void @empty, i32 1, i32 1, void @empty_0, i32 0, i32 0, void @empty_1, void @empty_1, void @empty_1, i32 0, i32 0, i32 0, i32 0, void @empty_1, void @empty_1"   --->   Operation 4 'specinterface' 'specinterface_ln0' <Predicate = true> <Delay = 0.00>
ST_1 : Operation 5 [1/1] (0.00ns)   --->   "%specinterface_ln0 = specinterface void @_ssdm_op_SpecInterface, i1 %s_axis_rx_data_V_last_V, i8 %s_axis_rx_data_V_strb_V, i8 %s_axis_rx_data_V_keep_V, i64 %s_axis_rx_data_V_data_V, void @empty, i32 1, i32 1, void @empty_0, i32 0, i32 0, void @empty_1, void @empty_1, void @empty_1, i32 0, i32 0, i32 0, i32 0, void @empty_1, void @empty_1"   --->   Operation 5 'specinterface' 'specinterface_ln0' <Predicate = true> <Delay = 0.00>
ST_1 : Operation 6 [1/1] (0.00ns)   --->   "%specinterface_ln0 = specinterface void @_ssdm_op_SpecInterface, i1 %s_axis_rx_data_V_last_V, i8 %s_axis_rx_data_V_strb_V, i8 %s_axis_rx_data_V_keep_V, i64 %s_axis_rx_data_V_data_V, void @empty, i32 1, i32 1, void @empty_0, i32 0, i32 0, void @empty_1, void @empty_1, void @empty_1, i32 0, i32 0, i32 0, i32 0, void @empty_1, void @empty_1"   --->   Operation 6 'specinterface' 'specinterface_ln0' <Predicate = true> <Delay = 0.00>
ST_1 : Operation 7 [1/1] (0.00ns)   --->   "%specinterface_ln0 = specinterface void @_ssdm_op_SpecInterface, i1 %s_axis_rx_data_V_last_V, i8 %s_axis_rx_data_V_strb_V, i8 %s_axis_rx_data_V_keep_V, i64 %s_axis_rx_data_V_data_V, void @empty, i32 1, i32 1, void @empty_0, i32 0, i32 0, void @empty_1, void @empty_1, void @empty_1, i32 0, i32 0, i32 0, i32 0, void @empty_1, void @empty_1"   --->   Operation 7 'specinterface' 'specinterface_ln0' <Predicate = true> <Delay = 0.00>
ST_1 : Operation 8 [1/1] (0.00ns)   --->   "%specinterface_ln0 = specinterface void @_ssdm_op_SpecInterface, i1 %s_axis_rx_data_V_last_V, i8 %s_axis_rx_data_V_strb_V, i8 %s_axis_rx_data_V_keep_V, i64 %s_axis_rx_data_V_data_V, void @empty, i32 1, i32 1, void @empty_0, i32 0, i32 0, void @empty_1, void @empty_1, void @empty_1, i32 0, i32 0, i32 0, i32 0, void @empty_1, void @empty_1"   --->   Operation 8 'specinterface' 'specinterface_ln0' <Predicate = true> <Delay = 0.00>
ST_1 : Operation 9 [1/1] (0.00ns)   --->   "%specinterface_ln0 = specinterface void @_ssdm_op_SpecInterface, i128 %dhcp_replyMetaFifo, void @empty_3, i32 0, i32 0, void @empty_1, i32 0, i32 0, void @empty_1, void @empty_1, void @empty_1, i32 0, i32 0, i32 0, i32 0, void @empty_1, void @empty_1"   --->   Operation 9 'specinterface' 'specinterface_ln0' <Predicate = true> <Delay = 0.00>
ST_1 : Operation 10 [1/1] (0.00ns)   --->   "%specinterface_ln0 = specinterface void @_ssdm_op_SpecInterface, i128 %dhcp_replyMetaFifo, void @empty_3, i32 0, i32 0, void @empty_1, i32 0, i32 0, void @empty_1, void @empty_1, void @empty_1, i32 0, i32 0, i32 0, i32 0, void @empty_1, void @empty_1"   --->   Operation 10 'specinterface' 'specinterface_ln0' <Predicate = true> <Delay = 0.00>
ST_1 : Operation 11 [1/1] (0.00ns)   --->   "%specinterface_ln0 = specinterface void @_ssdm_op_SpecInterface, i128 %dhcp_replyMetaFifo, void @empty_3, i32 0, i32 0, void @empty_1, i32 0, i32 0, void @empty_1, void @empty_1, void @empty_1, i32 0, i32 0, i32 0, i32 0, void @empty_1, void @empty_1"   --->   Operation 11 'specinterface' 'specinterface_ln0' <Predicate = true> <Delay = 0.00>
ST_1 : Operation 12 [1/1] (0.00ns)   --->   "%specinterface_ln0 = specinterface void @_ssdm_op_SpecInterface, i48 %myMacAddress, void @ap_fifo_str, i32 0, i32 0, void @p_str, i32 0, i32 0, void @p_str, void @p_str, void @p_str, i32 2, i32 2, i32 16, i32 16, void @p_str, void @ScalarProp_str"   --->   Operation 12 'specinterface' 'specinterface_ln0' <Predicate = true> <Delay = 0.00>
ST_1 : Operation 13 [1/1] (1.16ns)   --->   "%p_Val2_2 = read i48 @_ssdm_op_Read.ap_fifo.i48P0A, i48 %myMacAddress" [/home/haiyang3/eth-axi-streamer/fpga-network-stack/hls/dhcp_client/dhcp_client.cpp:373->/home/haiyang3/eth-axi-streamer/fpga-network-stack/hls/dhcp_client/dhcp_client.cpp:345]   --->   Operation 13 'read' 'p_Val2_2' <Predicate = true> <Delay = 1.16> <CoreInst = "FIFO_SRL">   --->   Core 81 'FIFO_SRL' <Latency = 0> <II = 1> <Delay = 1.40> <Storage> <Opcode : 'read' 'write' 'nbread' 'nbwrite'> <Ports = 0> <Width = 48> <Depth = 2> <FIFO>
ST_1 : Operation 14 [1/1] (0.00ns)   --->   "%specinterface_ln0 = specinterface void @_ssdm_op_SpecInterface, i128 %dhcp_replyMetaFifo, void @empty_3, i32 0, i32 0, void @empty_1, i32 0, i32 0, void @empty_1, void @empty_1, void @empty_1, i32 0, i32 0, i32 0, i32 0, void @empty_1, void @empty_1"   --->   Operation 14 'specinterface' 'specinterface_ln0' <Predicate = true> <Delay = 0.00>
ST_1 : Operation 15 [1/1] (0.00ns)   --->   "%specinterface_ln0 = specinterface void @_ssdm_op_SpecInterface, i128 %dhcp_replyMetaFifo, void @empty_3, i32 0, i32 0, void @empty_1, i32 0, i32 0, void @empty_1, void @empty_1, void @empty_1, i32 0, i32 0, i32 0, i32 0, void @empty_1, void @empty_1"   --->   Operation 15 'specinterface' 'specinterface_ln0' <Predicate = true> <Delay = 0.00>
ST_1 : Operation 16 [1/1] (0.00ns)   --->   "%specinterface_ln0 = specinterface void @_ssdm_op_SpecInterface, i128 %dhcp_replyMetaFifo, void @empty_3, i32 0, i32 0, void @empty_1, i32 0, i32 0, void @empty_1, void @empty_1, void @empty_1, i32 0, i32 0, i32 0, i32 0, void @empty_1, void @empty_1"   --->   Operation 16 'specinterface' 'specinterface_ln0' <Predicate = true> <Delay = 0.00>
ST_1 : Operation 17 [1/1] (0.00ns)   --->   "%specinterface_ln0 = specinterface void @_ssdm_op_SpecInterface, i128 %dhcp_replyMetaFifo, void @empty_3, i32 0, i32 0, void @empty_1, i32 0, i32 0, void @empty_1, void @empty_1, void @empty_1, i32 0, i32 0, i32 0, i32 0, void @empty_1, void @empty_1"   --->   Operation 17 'specinterface' 'specinterface_ln0' <Predicate = true> <Delay = 0.00>
ST_1 : Operation 18 [1/1] (0.00ns)   --->   "%specinterface_ln0 = specinterface void @_ssdm_op_SpecInterface, i1 %s_axis_rx_data_V_last_V, i8 %s_axis_rx_data_V_strb_V, i8 %s_axis_rx_data_V_keep_V, i64 %s_axis_rx_data_V_data_V, void @empty, i32 1, i32 1, void @empty_0, i32 0, i32 0, void @empty_1, void @empty_1, void @empty_1, i32 0, i32 0, i32 0, i32 0, void @empty_1, void @empty_1"   --->   Operation 18 'specinterface' 'specinterface_ln0' <Predicate = true> <Delay = 0.00>
ST_1 : Operation 19 [1/1] (0.00ns)   --->   "%specinterface_ln0 = specinterface void @_ssdm_op_SpecInterface, i128 %s_axis_rx_metadata_V, void @empty, i32 1, i32 1, void @empty_0, i32 0, i32 0, void @empty_1, void @empty_1, void @empty_1, i32 0, i32 0, i32 0, i32 0, void @empty_1, void @empty_1"   --->   Operation 19 'specinterface' 'specinterface_ln0' <Predicate = true> <Delay = 0.00>
ST_1 : Operation 20 [1/1] (0.00ns)   --->   "%specpipeline_ln0 = specpipeline void @_ssdm_op_SpecPipeline, i32 1, i32 0, i32 0, i32 0, void @empty_1"   --->   Operation 20 'specpipeline' 'specpipeline_ln0' <Predicate = true> <Delay = 0.00>
ST_1 : Operation 21 [1/1] (0.00ns)   --->   "%tmp = nbreadreq i1 @_ssdm_op_NbReadReq.axis.i64P0A.i8P0A.i8P0A.i1P0A, i64 %s_axis_rx_data_V_data_V, i8 %s_axis_rx_data_V_keep_V, i8 %s_axis_rx_data_V_strb_V, i1 %s_axis_rx_data_V_last_V, i32 1" [/home/haiyang3/eth-axi-streamer/fpga-network-stack/hls/dhcp_client/dhcp_client.cpp:345]   --->   Operation 21 'nbreadreq' 'tmp' <Predicate = true> <Delay = 0.00> <CoreInst = "axis">   --->   Core 123 'axis' <Latency = 0> <II = 1> <Delay = 1.00> <Adapter> <Opcode : >
ST_1 : Operation 22 [1/1] (0.38ns)   --->   "%br_ln75 = br i1 %tmp, void %._crit_edge.i.i.i, void" [/home/haiyang3/eth-axi-streamer/fpga-network-stack/hls/dhcp_client/dhcp_client.cpp:75->/home/haiyang3/eth-axi-streamer/fpga-network-stack/hls/dhcp_client/dhcp_client.cpp:373->/home/haiyang3/eth-axi-streamer/fpga-network-stack/hls/dhcp_client/dhcp_client.cpp:345]   --->   Operation 22 'br' 'br_ln75' <Predicate = true> <Delay = 0.38>
ST_1 : Operation 23 [1/1] (0.00ns)   --->   "%empty = read i81 @_ssdm_op_Read.axis.volatile.i64P0A.i8P0A.i8P0A.i1P0A, i64 %s_axis_rx_data_V_data_V, i8 %s_axis_rx_data_V_keep_V, i8 %s_axis_rx_data_V_strb_V, i1 %s_axis_rx_data_V_last_V" [/home/haiyang3/eth-axi-streamer/fpga-network-stack/hls/dhcp_client/dhcp_client.cpp:345]   --->   Operation 23 'read' 'empty' <Predicate = (tmp)> <Delay = 0.00> <CoreInst = "axis">   --->   Core 123 'axis' <Latency = 0> <II = 1> <Delay = 1.00> <Adapter> <Opcode : >
ST_1 : Operation 24 [1/1] (0.00ns)   --->   "%currWord_data_V = extractvalue i81 %empty" [/home/haiyang3/eth-axi-streamer/fpga-network-stack/hls/dhcp_client/dhcp_client.cpp:345]   --->   Operation 24 'extractvalue' 'currWord_data_V' <Predicate = (tmp)> <Delay = 0.00>
ST_1 : Operation 25 [1/1] (0.00ns)   --->   "%currWord_last_V = extractvalue i81 %empty" [/home/haiyang3/eth-axi-streamer/fpga-network-stack/hls/dhcp_client/dhcp_client.cpp:345]   --->   Operation 25 'extractvalue' 'currWord_last_V' <Predicate = (tmp)> <Delay = 0.00>
ST_1 : Operation 26 [1/1] (0.00ns)   --->   "%tmp_i_i_i = nbreadreq i1 @_ssdm_op_NbReadReq.axis.i128P128A, i128 %s_axis_rx_metadata_V, i32 1" [/opt/xilinx/Vitis_HLS/2020.2/common/technology/autopilot/hls_stream_39.h:136->/home/haiyang3/eth-axi-streamer/fpga-network-stack/hls/dhcp_client/dhcp_client.cpp:345]   --->   Operation 26 'nbreadreq' 'tmp_i_i_i' <Predicate = true> <Delay = 0.00> <CoreInst = "axis">   --->   Core 123 'axis' <Latency = 0> <II = 1> <Delay = 1.00> <Adapter> <Opcode : >
ST_1 : Operation 27 [1/1] (0.00ns)   --->   "%br_ln126 = br i1 %tmp_i_i_i, void %.exit, void" [/home/haiyang3/eth-axi-streamer/fpga-network-stack/hls/dhcp_client/dhcp_client.cpp:126->/home/haiyang3/eth-axi-streamer/fpga-network-stack/hls/dhcp_client/dhcp_client.cpp:373->/home/haiyang3/eth-axi-streamer/fpga-network-stack/hls/dhcp_client/dhcp_client.cpp:345]   --->   Operation 27 'br' 'br_ln126' <Predicate = true> <Delay = 0.00>
ST_1 : Operation 28 [1/1] (0.00ns)   --->   "%p_0 = read i128 @_ssdm_op_Read.axis.volatile.i128P128A, i128 %s_axis_rx_metadata_V" [/opt/xilinx/Vitis_HLS/2020.2/common/technology/autopilot/hls_stream_39.h:145->/home/haiyang3/eth-axi-streamer/fpga-network-stack/hls/dhcp_client/dhcp_client.cpp:345]   --->   Operation 28 'read' 'p_0' <Predicate = (tmp_i_i_i)> <Delay = 0.00> <CoreInst = "axis">   --->   Core 123 'axis' <Latency = 0> <II = 1> <Delay = 1.00> <Adapter> <Opcode : >
ST_1 : Operation 29 [1/1] (0.00ns)   --->   "%br_ln127 = br void %.exit" [/home/haiyang3/eth-axi-streamer/fpga-network-stack/hls/dhcp_client/dhcp_client.cpp:127->/home/haiyang3/eth-axi-streamer/fpga-network-stack/hls/dhcp_client/dhcp_client.cpp:373->/home/haiyang3/eth-axi-streamer/fpga-network-stack/hls/dhcp_client/dhcp_client.cpp:345]   --->   Operation 29 'br' 'br_ln127' <Predicate = (tmp_i_i_i)> <Delay = 0.00>

State 2 <SV = 1> <Delay = 1.94>
ST_2 : Operation 30 [1/1] (0.00ns)   --->   "%rm_wordCount_V_load = load i6 %rm_wordCount_V" [/home/haiyang3/eth-axi-streamer/fpga-network-stack/hls/dhcp_client/dhcp_client.cpp:345]   --->   Operation 30 'load' 'rm_wordCount_V_load' <Predicate = (tmp)> <Delay = 0.00>
ST_2 : Operation 31 [1/1] (0.00ns)   --->   "%rm_isReply_load = load i1 %rm_isReply" [/home/haiyang3/eth-axi-streamer/fpga-network-stack/hls/dhcp_client/dhcp_client.cpp:121->/home/haiyang3/eth-axi-streamer/fpga-network-stack/hls/dhcp_client/dhcp_client.cpp:373->/home/haiyang3/eth-axi-streamer/fpga-network-stack/hls/dhcp_client/dhcp_client.cpp:345]   --->   Operation 31 'load' 'rm_isReply_load' <Predicate = (tmp)> <Delay = 0.00>
ST_2 : Operation 32 [1/1] (0.00ns)   --->   "%rm_correctMac_load = load i1 %rm_correctMac" [/home/haiyang3/eth-axi-streamer/fpga-network-stack/hls/dhcp_client/dhcp_client.cpp:93->/home/haiyang3/eth-axi-streamer/fpga-network-stack/hls/dhcp_client/dhcp_client.cpp:373->/home/haiyang3/eth-axi-streamer/fpga-network-stack/hls/dhcp_client/dhcp_client.cpp:345]   --->   Operation 32 'load' 'rm_correctMac_load' <Predicate = (tmp)> <Delay = 0.00>
ST_2 : Operation 33 [1/1] (0.00ns)   --->   "%rm_isDHCP_load = load i1 %rm_isDHCP" [/home/haiyang3/eth-axi-streamer/fpga-network-stack/hls/dhcp_client/dhcp_client.cpp:121->/home/haiyang3/eth-axi-streamer/fpga-network-stack/hls/dhcp_client/dhcp_client.cpp:373->/home/haiyang3/eth-axi-streamer/fpga-network-stack/hls/dhcp_client/dhcp_client.cpp:345]   --->   Operation 33 'load' 'rm_isDHCP_load' <Predicate = (tmp)> <Delay = 0.00>
ST_2 : Operation 34 [1/1] (0.65ns)   --->   "%switch_ln78 = switch i6 %rm_wordCount_V_load, void %._crit_edge1.i.i.i, i6 0, void, i6 30, void, i6 2, void, i6 3, void %_ifconv, i6 4, void %_ifconv1, i6 29, void" [/home/haiyang3/eth-axi-streamer/fpga-network-stack/hls/dhcp_client/dhcp_client.cpp:78->/home/haiyang3/eth-axi-streamer/fpga-network-stack/hls/dhcp_client/dhcp_client.cpp:373->/home/haiyang3/eth-axi-streamer/fpga-network-stack/hls/dhcp_client/dhcp_client.cpp:345]   --->   Operation 34 'switch' 'switch_ln78' <Predicate = (tmp)> <Delay = 0.65>
ST_2 : Operation 35 [1/1] (0.00ns)   --->   "%p_Result_6_i_i_i = partselect i32 @_ssdm_op_PartSelect.i32.i64.i32.i32, i64 %currWord_data_V, i32 32, i32 63" [/home/haiyang3/eth-axi-streamer/fpga-network-stack/hls/dhcp_client/dhcp_client.cpp:345]   --->   Operation 35 'partselect' 'p_Result_6_i_i_i' <Predicate = (tmp & rm_wordCount_V_load == 29)> <Delay = 0.00>
ST_2 : Operation 36 [1/1] (0.85ns)   --->   "%icmp_ln870_3 = icmp_eq  i32 %p_Result_6_i_i_i, i32 1666417251" [/home/haiyang3/eth-axi-streamer/fpga-network-stack/hls/dhcp_client/dhcp_client.cpp:345]   --->   Operation 36 'icmp' 'icmp_ln870_3' <Predicate = (tmp & rm_wordCount_V_load == 29)> <Delay = 0.85> <CoreInst = "Cmp">   --->   Core 9 'Cmp' <Latency = 0> <II = 1> <Delay = 0.58> <FuncUnit> <Opcode : 'icmp'> <InPorts = 2> <OutPorts = 1>
ST_2 : Operation 37 [1/1] (0.00ns)   --->   "%store_ln106 = store i1 %icmp_ln870_3, i1 %rm_isDHCP" [/home/haiyang3/eth-axi-streamer/fpga-network-stack/hls/dhcp_client/dhcp_client.cpp:106->/home/haiyang3/eth-axi-streamer/fpga-network-stack/hls/dhcp_client/dhcp_client.cpp:373->/home/haiyang3/eth-axi-streamer/fpga-network-stack/hls/dhcp_client/dhcp_client.cpp:345]   --->   Operation 37 'store' 'store_ln106' <Predicate = (tmp & rm_wordCount_V_load == 29)> <Delay = 0.00>
ST_2 : Operation 38 [1/1] (0.45ns)   --->   "%br_ln107 = br void %._crit_edge1.i.i.i" [/home/haiyang3/eth-axi-streamer/fpga-network-stack/hls/dhcp_client/dhcp_client.cpp:107->/home/haiyang3/eth-axi-streamer/fpga-network-stack/hls/dhcp_client/dhcp_client.cpp:373->/home/haiyang3/eth-axi-streamer/fpga-network-stack/hls/dhcp_client/dhcp_client.cpp:345]   --->   Operation 38 'br' 'br_ln107' <Predicate = (tmp & rm_wordCount_V_load == 29)> <Delay = 0.45>
ST_2 : Operation 39 [1/1] (0.00ns)   --->   "%p_Result_10_i_i_i = partselect i16 @_ssdm_op_PartSelect.i16.i48.i32.i32, i48 %p_Val2_2, i32 32, i32 47" [/home/haiyang3/eth-axi-streamer/fpga-network-stack/hls/dhcp_client/dhcp_client.cpp:345]   --->   Operation 39 'partselect' 'p_Result_10_i_i_i' <Predicate = (tmp & rm_wordCount_V_load == 4)> <Delay = 0.00>
ST_2 : Operation 40 [1/1] (0.00ns)   --->   "%trunc_ln674_5 = trunc i64 %currWord_data_V" [/home/haiyang3/eth-axi-streamer/fpga-network-stack/hls/dhcp_client/dhcp_client.cpp:345]   --->   Operation 40 'trunc' 'trunc_ln674_5' <Predicate = (tmp & rm_wordCount_V_load == 4)> <Delay = 0.00>
ST_2 : Operation 41 [1/1] (0.67ns)   --->   "%icmp_ln870_5 = icmp_eq  i16 %p_Result_10_i_i_i, i16 %trunc_ln674_5" [/home/haiyang3/eth-axi-streamer/fpga-network-stack/hls/dhcp_client/dhcp_client.cpp:345]   --->   Operation 41 'icmp' 'icmp_ln870_5' <Predicate = (tmp & rm_wordCount_V_load == 4)> <Delay = 0.67> <CoreInst = "Cmp">   --->   Core 9 'Cmp' <Latency = 0> <II = 1> <Delay = 0.58> <FuncUnit> <Opcode : 'icmp'> <InPorts = 2> <OutPorts = 1>
ST_2 : Operation 42 [1/1] (0.12ns)   --->   "%and_ln93_1 = and i1 %rm_correctMac_load, i1 %icmp_ln870_5" [/home/haiyang3/eth-axi-streamer/fpga-network-stack/hls/dhcp_client/dhcp_client.cpp:93->/home/haiyang3/eth-axi-streamer/fpga-network-stack/hls/dhcp_client/dhcp_client.cpp:373->/home/haiyang3/eth-axi-streamer/fpga-network-stack/hls/dhcp_client/dhcp_client.cpp:345]   --->   Operation 42 'and' 'and_ln93_1' <Predicate = (tmp & rm_wordCount_V_load == 4)> <Delay = 0.12> <CoreInst = "LogicGate">   --->   Core 74 'LogicGate' <Latency = 0> <II = 1> <Delay = 0.12> <FuncUnit> <Opcode : 'and' 'or' 'xor'> <InPorts = 2> <OutPorts = 1>
ST_2 : Operation 43 [1/1] (0.41ns)   --->   "%store_ln97 = store i1 %and_ln93_1, i1 %rm_correctMac" [/home/haiyang3/eth-axi-streamer/fpga-network-stack/hls/dhcp_client/dhcp_client.cpp:97->/home/haiyang3/eth-axi-streamer/fpga-network-stack/hls/dhcp_client/dhcp_client.cpp:373->/home/haiyang3/eth-axi-streamer/fpga-network-stack/hls/dhcp_client/dhcp_client.cpp:345]   --->   Operation 43 'store' 'store_ln97' <Predicate = (tmp & rm_wordCount_V_load == 4)> <Delay = 0.41>
ST_2 : Operation 44 [1/1] (0.45ns)   --->   "%br_ln98 = br void %._crit_edge1.i.i.i" [/home/haiyang3/eth-axi-streamer/fpga-network-stack/hls/dhcp_client/dhcp_client.cpp:98->/home/haiyang3/eth-axi-streamer/fpga-network-stack/hls/dhcp_client/dhcp_client.cpp:373->/home/haiyang3/eth-axi-streamer/fpga-network-stack/hls/dhcp_client/dhcp_client.cpp:345]   --->   Operation 44 'br' 'br_ln98' <Predicate = (tmp & rm_wordCount_V_load == 4)> <Delay = 0.45>
ST_2 : Operation 45 [1/1] (0.00ns)   --->   "%trunc_ln674_4 = trunc i48 %p_Val2_2" [/home/haiyang3/eth-axi-streamer/fpga-network-stack/hls/dhcp_client/dhcp_client.cpp:345]   --->   Operation 45 'trunc' 'trunc_ln674_4' <Predicate = (tmp & rm_wordCount_V_load == 3)> <Delay = 0.00>
ST_2 : Operation 46 [1/1] (0.00ns)   --->   "%p_Result_9_i_i_i = partselect i32 @_ssdm_op_PartSelect.i32.i64.i32.i32, i64 %currWord_data_V, i32 32, i32 63" [/home/haiyang3/eth-axi-streamer/fpga-network-stack/hls/dhcp_client/dhcp_client.cpp:345]   --->   Operation 46 'partselect' 'p_Result_9_i_i_i' <Predicate = (tmp & rm_wordCount_V_load == 3)> <Delay = 0.00>
ST_2 : Operation 47 [1/1] (0.85ns)   --->   "%icmp_ln870_4 = icmp_eq  i32 %trunc_ln674_4, i32 %p_Result_9_i_i_i" [/home/haiyang3/eth-axi-streamer/fpga-network-stack/hls/dhcp_client/dhcp_client.cpp:345]   --->   Operation 47 'icmp' 'icmp_ln870_4' <Predicate = (tmp & rm_wordCount_V_load == 3)> <Delay = 0.85> <CoreInst = "Cmp">   --->   Core 9 'Cmp' <Latency = 0> <II = 1> <Delay = 0.58> <FuncUnit> <Opcode : 'icmp'> <InPorts = 2> <OutPorts = 1>
ST_2 : Operation 48 [1/1] (0.12ns)   --->   "%and_ln93 = and i1 %rm_correctMac_load, i1 %icmp_ln870_4" [/home/haiyang3/eth-axi-streamer/fpga-network-stack/hls/dhcp_client/dhcp_client.cpp:93->/home/haiyang3/eth-axi-streamer/fpga-network-stack/hls/dhcp_client/dhcp_client.cpp:373->/home/haiyang3/eth-axi-streamer/fpga-network-stack/hls/dhcp_client/dhcp_client.cpp:345]   --->   Operation 48 'and' 'and_ln93' <Predicate = (tmp & rm_wordCount_V_load == 3)> <Delay = 0.12> <CoreInst = "LogicGate">   --->   Core 74 'LogicGate' <Latency = 0> <II = 1> <Delay = 0.12> <FuncUnit> <Opcode : 'and' 'or' 'xor'> <InPorts = 2> <OutPorts = 1>
ST_2 : Operation 49 [1/1] (0.41ns)   --->   "%store_ln93 = store i1 %and_ln93, i1 %rm_correctMac" [/home/haiyang3/eth-axi-streamer/fpga-network-stack/hls/dhcp_client/dhcp_client.cpp:93->/home/haiyang3/eth-axi-streamer/fpga-network-stack/hls/dhcp_client/dhcp_client.cpp:373->/home/haiyang3/eth-axi-streamer/fpga-network-stack/hls/dhcp_client/dhcp_client.cpp:345]   --->   Operation 49 'store' 'store_ln93' <Predicate = (tmp & rm_wordCount_V_load == 3)> <Delay = 0.41>
ST_2 : Operation 50 [1/1] (0.45ns)   --->   "%br_ln94 = br void %._crit_edge1.i.i.i" [/home/haiyang3/eth-axi-streamer/fpga-network-stack/hls/dhcp_client/dhcp_client.cpp:94->/home/haiyang3/eth-axi-streamer/fpga-network-stack/hls/dhcp_client/dhcp_client.cpp:373->/home/haiyang3/eth-axi-streamer/fpga-network-stack/hls/dhcp_client/dhcp_client.cpp:345]   --->   Operation 50 'br' 'br_ln94' <Predicate = (tmp & rm_wordCount_V_load == 3)> <Delay = 0.45>
ST_2 : Operation 51 [1/1] (0.00ns)   --->   "%trunc_ln674_3 = trunc i64 %currWord_data_V" [/home/haiyang3/eth-axi-streamer/fpga-network-stack/hls/dhcp_client/dhcp_client.cpp:345]   --->   Operation 51 'trunc' 'trunc_ln674_3' <Predicate = (tmp & rm_wordCount_V_load == 2)> <Delay = 0.00>
ST_2 : Operation 52 [1/1] (0.00ns)   --->   "%store_ln89 = store i32 %trunc_ln674_3, i32 %meta_assignedIpAddress_V" [/home/haiyang3/eth-axi-streamer/fpga-network-stack/hls/dhcp_client/dhcp_client.cpp:89->/home/haiyang3/eth-axi-streamer/fpga-network-stack/hls/dhcp_client/dhcp_client.cpp:373->/home/haiyang3/eth-axi-streamer/fpga-network-stack/hls/dhcp_client/dhcp_client.cpp:345]   --->   Operation 52 'store' 'store_ln89' <Predicate = (tmp & rm_wordCount_V_load == 2)> <Delay = 0.00>
ST_2 : Operation 53 [1/1] (0.00ns)   --->   "%p_Result_5_i_i_i = partselect i32 @_ssdm_op_PartSelect.i32.i64.i32.i32, i64 %currWord_data_V, i32 32, i32 63" [/home/haiyang3/eth-axi-streamer/fpga-network-stack/hls/dhcp_client/dhcp_client.cpp:345]   --->   Operation 53 'partselect' 'p_Result_5_i_i_i' <Predicate = (tmp & rm_wordCount_V_load == 2)> <Delay = 0.00>
ST_2 : Operation 54 [1/1] (0.00ns)   --->   "%store_ln90 = store i32 %p_Result_5_i_i_i, i32 %meta_serverAddress_V" [/home/haiyang3/eth-axi-streamer/fpga-network-stack/hls/dhcp_client/dhcp_client.cpp:90->/home/haiyang3/eth-axi-streamer/fpga-network-stack/hls/dhcp_client/dhcp_client.cpp:373->/home/haiyang3/eth-axi-streamer/fpga-network-stack/hls/dhcp_client/dhcp_client.cpp:345]   --->   Operation 54 'store' 'store_ln90' <Predicate = (tmp & rm_wordCount_V_load == 2)> <Delay = 0.00>
ST_2 : Operation 55 [1/1] (0.45ns)   --->   "%br_ln91 = br void %._crit_edge1.i.i.i" [/home/haiyang3/eth-axi-streamer/fpga-network-stack/hls/dhcp_client/dhcp_client.cpp:91->/home/haiyang3/eth-axi-streamer/fpga-network-stack/hls/dhcp_client/dhcp_client.cpp:373->/home/haiyang3/eth-axi-streamer/fpga-network-stack/hls/dhcp_client/dhcp_client.cpp:345]   --->   Operation 55 'br' 'br_ln91' <Predicate = (tmp & rm_wordCount_V_load == 2)> <Delay = 0.45>
ST_2 : Operation 56 [1/1] (0.00ns)   --->   "%trunc_ln674_2 = trunc i64 %currWord_data_V" [/home/haiyang3/eth-axi-streamer/fpga-network-stack/hls/dhcp_client/dhcp_client.cpp:345]   --->   Operation 56 'trunc' 'trunc_ln674_2' <Predicate = (tmp & rm_wordCount_V_load == 30)> <Delay = 0.00>
ST_2 : Operation 57 [1/1] (0.67ns)   --->   "%icmp_ln870_2 = icmp_eq  i16 %trunc_ln674_2, i16 309" [/home/haiyang3/eth-axi-streamer/fpga-network-stack/hls/dhcp_client/dhcp_client.cpp:345]   --->   Operation 57 'icmp' 'icmp_ln870_2' <Predicate = (tmp & rm_wordCount_V_load == 30)> <Delay = 0.67> <CoreInst = "Cmp">   --->   Core 9 'Cmp' <Latency = 0> <II = 1> <Delay = 0.58> <FuncUnit> <Opcode : 'icmp'> <InPorts = 2> <OutPorts = 1>
ST_2 : Operation 58 [1/1] (0.45ns)   --->   "%br_ln110 = br i1 %icmp_ln870_2, void %._crit_edge1.i.i.i, void" [/home/haiyang3/eth-axi-streamer/fpga-network-stack/hls/dhcp_client/dhcp_client.cpp:110->/home/haiyang3/eth-axi-streamer/fpga-network-stack/hls/dhcp_client/dhcp_client.cpp:373->/home/haiyang3/eth-axi-streamer/fpga-network-stack/hls/dhcp_client/dhcp_client.cpp:345]   --->   Operation 58 'br' 'br_ln110' <Predicate = (tmp & rm_wordCount_V_load == 30)> <Delay = 0.45>
ST_2 : Operation 59 [1/1] (0.00ns)   --->   "%p_Result_7_i_i_i = partselect i8 @_ssdm_op_PartSelect.i8.i64.i32.i32, i64 %currWord_data_V, i32 16, i32 23" [/home/haiyang3/eth-axi-streamer/fpga-network-stack/hls/dhcp_client/dhcp_client.cpp:345]   --->   Operation 59 'partselect' 'p_Result_7_i_i_i' <Predicate = (tmp & rm_wordCount_V_load == 30 & icmp_ln870_2)> <Delay = 0.00>
ST_2 : Operation 60 [1/1] (0.00ns)   --->   "%store_ln111 = store i8 %p_Result_7_i_i_i, i8 %meta_type_V_1" [/home/haiyang3/eth-axi-streamer/fpga-network-stack/hls/dhcp_client/dhcp_client.cpp:111->/home/haiyang3/eth-axi-streamer/fpga-network-stack/hls/dhcp_client/dhcp_client.cpp:373->/home/haiyang3/eth-axi-streamer/fpga-network-stack/hls/dhcp_client/dhcp_client.cpp:345]   --->   Operation 60 'store' 'store_ln111' <Predicate = (tmp & rm_wordCount_V_load == 30 & icmp_ln870_2)> <Delay = 0.00>
ST_2 : Operation 61 [1/1] (0.45ns)   --->   "%br_ln111 = br void %._crit_edge1.i.i.i" [/home/haiyang3/eth-axi-streamer/fpga-network-stack/hls/dhcp_client/dhcp_client.cpp:111->/home/haiyang3/eth-axi-streamer/fpga-network-stack/hls/dhcp_client/dhcp_client.cpp:373->/home/haiyang3/eth-axi-streamer/fpga-network-stack/hls/dhcp_client/dhcp_client.cpp:345]   --->   Operation 61 'br' 'br_ln111' <Predicate = (tmp & rm_wordCount_V_load == 30 & icmp_ln870_2)> <Delay = 0.45>
ST_2 : Operation 62 [1/1] (0.00ns)   --->   "%trunc_ln674 = trunc i64 %currWord_data_V" [/home/haiyang3/eth-axi-streamer/fpga-network-stack/hls/dhcp_client/dhcp_client.cpp:345]   --->   Operation 62 'trunc' 'trunc_ln674' <Predicate = (tmp & rm_wordCount_V_load == 0)> <Delay = 0.00>
ST_2 : Operation 63 [1/1] (0.58ns)   --->   "%icmp_ln870 = icmp_eq  i8 %trunc_ln674, i8 2" [/home/haiyang3/eth-axi-streamer/fpga-network-stack/hls/dhcp_client/dhcp_client.cpp:345]   --->   Operation 63 'icmp' 'icmp_ln870' <Predicate = (tmp & rm_wordCount_V_load == 0)> <Delay = 0.58> <CoreInst = "Cmp">   --->   Core 9 'Cmp' <Latency = 0> <II = 1> <Delay = 0.58> <FuncUnit> <Opcode : 'icmp'> <InPorts = 2> <OutPorts = 1>
ST_2 : Operation 64 [1/1] (0.00ns)   --->   "%store_ln80 = store i1 %icmp_ln870, i1 %rm_isReply" [/home/haiyang3/eth-axi-streamer/fpga-network-stack/hls/dhcp_client/dhcp_client.cpp:80->/home/haiyang3/eth-axi-streamer/fpga-network-stack/hls/dhcp_client/dhcp_client.cpp:373->/home/haiyang3/eth-axi-streamer/fpga-network-stack/hls/dhcp_client/dhcp_client.cpp:345]   --->   Operation 64 'store' 'store_ln80' <Predicate = (tmp & rm_wordCount_V_load == 0)> <Delay = 0.00>
ST_2 : Operation 65 [1/1] (0.00ns)   --->   "%p_Result_i_i_i = partselect i32 @_ssdm_op_PartSelect.i32.i64.i32.i32, i64 %currWord_data_V, i32 32, i32 63" [/home/haiyang3/eth-axi-streamer/fpga-network-stack/hls/dhcp_client/dhcp_client.cpp:345]   --->   Operation 65 'partselect' 'p_Result_i_i_i' <Predicate = (tmp & rm_wordCount_V_load == 0)> <Delay = 0.00>
ST_2 : Operation 66 [1/1] (0.00ns)   --->   "%store_ln81 = store i32 %p_Result_i_i_i, i32 %meta_identifier_V" [/home/haiyang3/eth-axi-streamer/fpga-network-stack/hls/dhcp_client/dhcp_client.cpp:81->/home/haiyang3/eth-axi-streamer/fpga-network-stack/hls/dhcp_client/dhcp_client.cpp:373->/home/haiyang3/eth-axi-streamer/fpga-network-stack/hls/dhcp_client/dhcp_client.cpp:345]   --->   Operation 66 'store' 'store_ln81' <Predicate = (tmp & rm_wordCount_V_load == 0)> <Delay = 0.00>
ST_2 : Operation 67 [1/1] (0.41ns)   --->   "%store_ln82 = store i1 1, i1 %rm_correctMac" [/home/haiyang3/eth-axi-streamer/fpga-network-stack/hls/dhcp_client/dhcp_client.cpp:82->/home/haiyang3/eth-axi-streamer/fpga-network-stack/hls/dhcp_client/dhcp_client.cpp:373->/home/haiyang3/eth-axi-streamer/fpga-network-stack/hls/dhcp_client/dhcp_client.cpp:345]   --->   Operation 67 'store' 'store_ln82' <Predicate = (tmp & rm_wordCount_V_load == 0)> <Delay = 0.41>
ST_2 : Operation 68 [1/1] (0.45ns)   --->   "%br_ln83 = br void %._crit_edge1.i.i.i" [/home/haiyang3/eth-axi-streamer/fpga-network-stack/hls/dhcp_client/dhcp_client.cpp:83->/home/haiyang3/eth-axi-streamer/fpga-network-stack/hls/dhcp_client/dhcp_client.cpp:373->/home/haiyang3/eth-axi-streamer/fpga-network-stack/hls/dhcp_client/dhcp_client.cpp:345]   --->   Operation 68 'br' 'br_ln83' <Predicate = (tmp & rm_wordCount_V_load == 0)> <Delay = 0.45>
ST_2 : Operation 69 [1/1] (0.00ns)   --->   "%rm_isReply_loc_0_i_i_i = phi i1 %rm_isReply_load, void, i1 %rm_isReply_load, void, i1 %rm_isReply_load, void %_ifconv1, i1 %rm_isReply_load, void %_ifconv, i1 %rm_isReply_load, void, i1 %rm_isReply_load, void, i1 %rm_isReply_load, void, i1 %icmp_ln870, void" [/home/haiyang3/eth-axi-streamer/fpga-network-stack/hls/dhcp_client/dhcp_client.cpp:121->/home/haiyang3/eth-axi-streamer/fpga-network-stack/hls/dhcp_client/dhcp_client.cpp:373->/home/haiyang3/eth-axi-streamer/fpga-network-stack/hls/dhcp_client/dhcp_client.cpp:345]   --->   Operation 69 'phi' 'rm_isReply_loc_0_i_i_i' <Predicate = (tmp)> <Delay = 0.00>
ST_2 : Operation 70 [1/1] (0.00ns)   --->   "%rm_correctMac_loc_0_i_i_i = phi i1 %rm_correctMac_load, void, i1 %rm_correctMac_load, void, i1 %and_ln93_1, void %_ifconv1, i1 %and_ln93, void %_ifconv, i1 %rm_correctMac_load, void, i1 %rm_correctMac_load, void, i1 %rm_correctMac_load, void, i1 1, void" [/home/haiyang3/eth-axi-streamer/fpga-network-stack/hls/dhcp_client/dhcp_client.cpp:93->/home/haiyang3/eth-axi-streamer/fpga-network-stack/hls/dhcp_client/dhcp_client.cpp:373->/home/haiyang3/eth-axi-streamer/fpga-network-stack/hls/dhcp_client/dhcp_client.cpp:345]   --->   Operation 70 'phi' 'rm_correctMac_loc_0_i_i_i' <Predicate = (tmp)> <Delay = 0.00>
ST_2 : Operation 71 [1/1] (0.00ns)   --->   "%rm_isDHCP_loc_0_i_i_i = phi i1 %rm_isDHCP_load, void, i1 %icmp_ln870_3, void, i1 %rm_isDHCP_load, void %_ifconv1, i1 %rm_isDHCP_load, void %_ifconv, i1 %rm_isDHCP_load, void, i1 %rm_isDHCP_load, void, i1 %rm_isDHCP_load, void, i1 %rm_isDHCP_load, void" [/home/haiyang3/eth-axi-streamer/fpga-network-stack/hls/dhcp_client/dhcp_client.cpp:121->/home/haiyang3/eth-axi-streamer/fpga-network-stack/hls/dhcp_client/dhcp_client.cpp:373->/home/haiyang3/eth-axi-streamer/fpga-network-stack/hls/dhcp_client/dhcp_client.cpp:345]   --->   Operation 71 'phi' 'rm_isDHCP_loc_0_i_i_i' <Predicate = (tmp)> <Delay = 0.00>
ST_2 : Operation 72 [1/1] (0.70ns)   --->   "%add_ln691 = add i6 %rm_wordCount_V_load, i6 1" [/home/haiyang3/eth-axi-streamer/fpga-network-stack/hls/dhcp_client/dhcp_client.cpp:345]   --->   Operation 72 'add' 'add_ln691' <Predicate = (tmp & !currWord_last_V)> <Delay = 0.70> <CoreInst = "Adder">   --->   Core 1 'Adder' <Latency = 0> <II = 1> <Delay = 0.70> <FuncUnit> <Opcode : 'add' 'sub'> <InPorts = 2> <OutPorts = 1>
ST_2 : Operation 73 [1/1] (0.00ns) (grouped into LUT with out node and_ln118_2)   --->   "%and_ln118 = and i1 %currWord_last_V, i1 %rm_isReply_loc_0_i_i_i" [/home/haiyang3/eth-axi-streamer/fpga-network-stack/hls/dhcp_client/dhcp_client.cpp:118->/home/haiyang3/eth-axi-streamer/fpga-network-stack/hls/dhcp_client/dhcp_client.cpp:373->/home/haiyang3/eth-axi-streamer/fpga-network-stack/hls/dhcp_client/dhcp_client.cpp:345]   --->   Operation 73 'and' 'and_ln118' <Predicate = (tmp)> <Delay = 0.00> <CoreInst = "LogicGate">   --->   Core 74 'LogicGate' <Latency = 0> <II = 1> <Delay = 0.12> <FuncUnit> <Opcode : 'and' 'or' 'xor'> <InPorts = 2> <OutPorts = 1>
ST_2 : Operation 74 [1/1] (0.00ns) (grouped into LUT with out node and_ln118_2)   --->   "%and_ln118_1 = and i1 %rm_correctMac_loc_0_i_i_i, i1 %rm_isDHCP_loc_0_i_i_i" [/home/haiyang3/eth-axi-streamer/fpga-network-stack/hls/dhcp_client/dhcp_client.cpp:118->/home/haiyang3/eth-axi-streamer/fpga-network-stack/hls/dhcp_client/dhcp_client.cpp:373->/home/haiyang3/eth-axi-streamer/fpga-network-stack/hls/dhcp_client/dhcp_client.cpp:345]   --->   Operation 74 'and' 'and_ln118_1' <Predicate = (tmp)> <Delay = 0.00> <CoreInst = "LogicGate">   --->   Core 74 'LogicGate' <Latency = 0> <II = 1> <Delay = 0.12> <FuncUnit> <Opcode : 'and' 'or' 'xor'> <InPorts = 2> <OutPorts = 1>
ST_2 : Operation 75 [1/1] (0.12ns) (out node of the LUT)   --->   "%and_ln118_2 = and i1 %and_ln118_1, i1 %and_ln118" [/home/haiyang3/eth-axi-streamer/fpga-network-stack/hls/dhcp_client/dhcp_client.cpp:118->/home/haiyang3/eth-axi-streamer/fpga-network-stack/hls/dhcp_client/dhcp_client.cpp:373->/home/haiyang3/eth-axi-streamer/fpga-network-stack/hls/dhcp_client/dhcp_client.cpp:345]   --->   Operation 75 'and' 'and_ln118_2' <Predicate = (tmp)> <Delay = 0.12> <CoreInst = "LogicGate">   --->   Core 74 'LogicGate' <Latency = 0> <II = 1> <Delay = 0.12> <FuncUnit> <Opcode : 'and' 'or' 'xor'> <InPorts = 2> <OutPorts = 1>
ST_2 : Operation 76 [1/1] (0.29ns)   --->   "%select_ln118 = select i1 %currWord_last_V, i6 0, i6 %add_ln691" [/home/haiyang3/eth-axi-streamer/fpga-network-stack/hls/dhcp_client/dhcp_client.cpp:118->/home/haiyang3/eth-axi-streamer/fpga-network-stack/hls/dhcp_client/dhcp_client.cpp:373->/home/haiyang3/eth-axi-streamer/fpga-network-stack/hls/dhcp_client/dhcp_client.cpp:345]   --->   Operation 76 'select' 'select_ln118' <Predicate = (tmp)> <Delay = 0.29> <CoreInst = "Sel">   --->   Core 73 'Sel' <Latency = 0> <II = 1> <Delay = 0.29> <FuncUnit> <Opcode : 'select'> <InPorts = 3> <OutPorts = 1>
ST_2 : Operation 77 [1/1] (0.38ns)   --->   "%br_ln118 = br i1 %and_ln118_2, void %._crit_edge.i.i.i, void" [/home/haiyang3/eth-axi-streamer/fpga-network-stack/hls/dhcp_client/dhcp_client.cpp:118->/home/haiyang3/eth-axi-streamer/fpga-network-stack/hls/dhcp_client/dhcp_client.cpp:373->/home/haiyang3/eth-axi-streamer/fpga-network-stack/hls/dhcp_client/dhcp_client.cpp:345]   --->   Operation 77 'br' 'br_ln118' <Predicate = (tmp)> <Delay = 0.38>
ST_2 : Operation 78 [1/1] (0.38ns)   --->   "%br_ln122 = br void %._crit_edge.i.i.i" [/home/haiyang3/eth-axi-streamer/fpga-network-stack/hls/dhcp_client/dhcp_client.cpp:122->/home/haiyang3/eth-axi-streamer/fpga-network-stack/hls/dhcp_client/dhcp_client.cpp:373->/home/haiyang3/eth-axi-streamer/fpga-network-stack/hls/dhcp_client/dhcp_client.cpp:345]   --->   Operation 78 'br' 'br_ln122' <Predicate = (tmp & and_ln118_2)> <Delay = 0.38>
ST_2 : Operation 79 [1/1] (0.00ns)   --->   "%rm_wordCount_V_flag_0_i_i_i = phi i1 1, void, i1 1, void %._crit_edge1.i.i.i, i1 0, void %entry"   --->   Operation 79 'phi' 'rm_wordCount_V_flag_0_i_i_i' <Predicate = true> <Delay = 0.00>
ST_2 : Operation 80 [1/1] (0.00ns)   --->   "%rm_wordCount_V_new_0_i_i_i = phi i6 0, void, i6 %select_ln118, void %._crit_edge1.i.i.i, i6 0, void %entry" [/home/haiyang3/eth-axi-streamer/fpga-network-stack/hls/dhcp_client/dhcp_client.cpp:118->/home/haiyang3/eth-axi-streamer/fpga-network-stack/hls/dhcp_client/dhcp_client.cpp:373->/home/haiyang3/eth-axi-streamer/fpga-network-stack/hls/dhcp_client/dhcp_client.cpp:345]   --->   Operation 80 'phi' 'rm_wordCount_V_new_0_i_i_i' <Predicate = true> <Delay = 0.00>
ST_2 : Operation 81 [1/1] (0.00ns)   --->   "%br_ln0 = br i1 %rm_wordCount_V_flag_0_i_i_i, void %._crit_edge.new.i.i.i, void %mergeST.i.i.i"   --->   Operation 81 'br' 'br_ln0' <Predicate = true> <Delay = 0.00>
ST_2 : Operation 82 [1/1] (0.00ns)   --->   "%store_ln345 = store i6 %rm_wordCount_V_new_0_i_i_i, i6 %rm_wordCount_V" [/home/haiyang3/eth-axi-streamer/fpga-network-stack/hls/dhcp_client/dhcp_client.cpp:345]   --->   Operation 82 'store' 'store_ln345' <Predicate = (rm_wordCount_V_flag_0_i_i_i)> <Delay = 0.00>
ST_2 : Operation 83 [1/1] (0.00ns)   --->   "%br_ln0 = br void %._crit_edge.new.i.i.i"   --->   Operation 83 'br' 'br_ln0' <Predicate = (rm_wordCount_V_flag_0_i_i_i)> <Delay = 0.00>

State 3 <SV = 2> <Delay = 1.16>
ST_3 : Operation 84 [1/1] (0.00ns)   --->   "%meta_identifier_V_load = load i32 %meta_identifier_V" [/opt/xilinx/Vitis_HLS/2020.2/common/technology/autopilot/hls_stream_39.h:174->/home/haiyang3/eth-axi-streamer/fpga-network-stack/hls/dhcp_client/dhcp_client.cpp:345]   --->   Operation 84 'load' 'meta_identifier_V_load' <Predicate = (tmp & and_ln118_2)> <Delay = 0.00>
ST_3 : Operation 85 [1/1] (0.00ns)   --->   "%meta_assignedIpAddress_V_load = load i32 %meta_assignedIpAddress_V" [/opt/xilinx/Vitis_HLS/2020.2/common/technology/autopilot/hls_stream_39.h:174->/home/haiyang3/eth-axi-streamer/fpga-network-stack/hls/dhcp_client/dhcp_client.cpp:345]   --->   Operation 85 'load' 'meta_assignedIpAddress_V_load' <Predicate = (tmp & and_ln118_2)> <Delay = 0.00>
ST_3 : Operation 86 [1/1] (0.00ns)   --->   "%meta_serverAddress_V_load = load i32 %meta_serverAddress_V" [/opt/xilinx/Vitis_HLS/2020.2/common/technology/autopilot/hls_stream_39.h:174->/home/haiyang3/eth-axi-streamer/fpga-network-stack/hls/dhcp_client/dhcp_client.cpp:345]   --->   Operation 86 'load' 'meta_serverAddress_V_load' <Predicate = (tmp & and_ln118_2)> <Delay = 0.00>
ST_3 : Operation 87 [1/1] (0.00ns)   --->   "%meta_type_V_1_load = load i8 %meta_type_V_1" [/opt/xilinx/Vitis_HLS/2020.2/common/technology/autopilot/hls_stream_39.h:174->/home/haiyang3/eth-axi-streamer/fpga-network-stack/hls/dhcp_client/dhcp_client.cpp:345]   --->   Operation 87 'load' 'meta_type_V_1_load' <Predicate = (tmp & and_ln118_2)> <Delay = 0.00>
ST_3 : Operation 88 [1/1] (0.00ns)   --->   "%tmp_1_i_i_i = bitconcatenate i104 @_ssdm_op_BitConcatenate.i104.i8.i32.i32.i32, i8 %meta_type_V_1_load, i32 %meta_serverAddress_V_load, i32 %meta_assignedIpAddress_V_load, i32 %meta_identifier_V_load" [/opt/xilinx/Vitis_HLS/2020.2/common/technology/autopilot/hls_stream_39.h:174->/home/haiyang3/eth-axi-streamer/fpga-network-stack/hls/dhcp_client/dhcp_client.cpp:345]   --->   Operation 88 'bitconcatenate' 'tmp_1_i_i_i' <Predicate = (tmp & and_ln118_2)> <Delay = 0.00>
ST_3 : Operation 89 [1/1] (0.00ns)   --->   "%zext_ln174 = zext i104 %tmp_1_i_i_i" [/opt/xilinx/Vitis_HLS/2020.2/common/technology/autopilot/hls_stream_39.h:174->/home/haiyang3/eth-axi-streamer/fpga-network-stack/hls/dhcp_client/dhcp_client.cpp:345]   --->   Operation 89 'zext' 'zext_ln174' <Predicate = (tmp & and_ln118_2)> <Delay = 0.00>
ST_3 : Operation 90 [1/1] (1.16ns)   --->   "%write_ln174 = write void @_ssdm_op_Write.ap_fifo.volatile.i128P0A, i128 %dhcp_replyMetaFifo, i128 %zext_ln174" [/opt/xilinx/Vitis_HLS/2020.2/common/technology/autopilot/hls_stream_39.h:174->/home/haiyang3/eth-axi-streamer/fpga-network-stack/hls/dhcp_client/dhcp_client.cpp:345]   --->   Operation 90 'write' 'write_ln174' <Predicate = (tmp & and_ln118_2)> <Delay = 1.16> <CoreInst = "FIFO_SRL">   --->   Core 81 'FIFO_SRL' <Latency = 0> <II = 1> <Delay = 1.41> <Storage> <Opcode : 'read' 'write' 'nbread' 'nbwrite'> <Ports = 0> <Width = 128> <Depth = 4> <FIFO>
ST_3 : Operation 91 [1/1] (0.00ns)   --->   "%ret_ln345 = ret" [/home/haiyang3/eth-axi-streamer/fpga-network-stack/hls/dhcp_client/dhcp_client.cpp:345]   --->   Operation 91 'ret' 'ret_ln345' <Predicate = true> <Delay = 0.00>


============================================================
+ Verbose Summary: Timing violations
============================================================
Target clock period: 3.2ns, clock uncertainty: 0.864ns.

 <State 1>: 1.17ns
The critical path consists of the following:
	fifo read on port 'myMacAddress' (/home/haiyang3/eth-axi-streamer/fpga-network-stack/hls/dhcp_client/dhcp_client.cpp:373->/home/haiyang3/eth-axi-streamer/fpga-network-stack/hls/dhcp_client/dhcp_client.cpp:345) [31]  (1.17 ns)

 <State 2>: 1.94ns
The critical path consists of the following:
	'icmp' operation ('icmp_ln870_4', /home/haiyang3/eth-axi-streamer/fpga-network-stack/hls/dhcp_client/dhcp_client.cpp:345) [65]  (0.859 ns)
	'and' operation ('and_ln93', /home/haiyang3/eth-axi-streamer/fpga-network-stack/hls/dhcp_client/dhcp_client.cpp:93->/home/haiyang3/eth-axi-streamer/fpga-network-stack/hls/dhcp_client/dhcp_client.cpp:373->/home/haiyang3/eth-axi-streamer/fpga-network-stack/hls/dhcp_client/dhcp_client.cpp:345) [66]  (0.122 ns)
	multiplexor before 'phi' operation ('rm_correctMac_loc_0_i_i_i', /home/haiyang3/eth-axi-streamer/fpga-network-stack/hls/dhcp_client/dhcp_client.cpp:93->/home/haiyang3/eth-axi-streamer/fpga-network-stack/hls/dhcp_client/dhcp_client.cpp:373->/home/haiyang3/eth-axi-streamer/fpga-network-stack/hls/dhcp_client/dhcp_client.cpp:345) with incoming values : ('rm_correctMac_load', /home/haiyang3/eth-axi-streamer/fpga-network-stack/hls/dhcp_client/dhcp_client.cpp:93->/home/haiyang3/eth-axi-streamer/fpga-network-stack/hls/dhcp_client/dhcp_client.cpp:373->/home/haiyang3/eth-axi-streamer/fpga-network-stack/hls/dhcp_client/dhcp_client.cpp:345) ('and_ln93_1', /home/haiyang3/eth-axi-streamer/fpga-network-stack/hls/dhcp_client/dhcp_client.cpp:93->/home/haiyang3/eth-axi-streamer/fpga-network-stack/hls/dhcp_client/dhcp_client.cpp:373->/home/haiyang3/eth-axi-streamer/fpga-network-stack/hls/dhcp_client/dhcp_client.cpp:345) ('and_ln93', /home/haiyang3/eth-axi-streamer/fpga-network-stack/hls/dhcp_client/dhcp_client.cpp:93->/home/haiyang3/eth-axi-streamer/fpga-network-stack/hls/dhcp_client/dhcp_client.cpp:373->/home/haiyang3/eth-axi-streamer/fpga-network-stack/hls/dhcp_client/dhcp_client.cpp:345) [93]  (0.453 ns)
	'phi' operation ('rm_correctMac_loc_0_i_i_i', /home/haiyang3/eth-axi-streamer/fpga-network-stack/hls/dhcp_client/dhcp_client.cpp:93->/home/haiyang3/eth-axi-streamer/fpga-network-stack/hls/dhcp_client/dhcp_client.cpp:373->/home/haiyang3/eth-axi-streamer/fpga-network-stack/hls/dhcp_client/dhcp_client.cpp:345) with incoming values : ('rm_correctMac_load', /home/haiyang3/eth-axi-streamer/fpga-network-stack/hls/dhcp_client/dhcp_client.cpp:93->/home/haiyang3/eth-axi-streamer/fpga-network-stack/hls/dhcp_client/dhcp_client.cpp:373->/home/haiyang3/eth-axi-streamer/fpga-network-stack/hls/dhcp_client/dhcp_client.cpp:345) ('and_ln93_1', /home/haiyang3/eth-axi-streamer/fpga-network-stack/hls/dhcp_client/dhcp_client.cpp:93->/home/haiyang3/eth-axi-streamer/fpga-network-stack/hls/dhcp_client/dhcp_client.cpp:373->/home/haiyang3/eth-axi-streamer/fpga-network-stack/hls/dhcp_client/dhcp_client.cpp:345) ('and_ln93', /home/haiyang3/eth-axi-streamer/fpga-network-stack/hls/dhcp_client/dhcp_client.cpp:93->/home/haiyang3/eth-axi-streamer/fpga-network-stack/hls/dhcp_client/dhcp_client.cpp:373->/home/haiyang3/eth-axi-streamer/fpga-network-stack/hls/dhcp_client/dhcp_client.cpp:345) [93]  (0 ns)
	'and' operation ('and_ln118_1', /home/haiyang3/eth-axi-streamer/fpga-network-stack/hls/dhcp_client/dhcp_client.cpp:118->/home/haiyang3/eth-axi-streamer/fpga-network-stack/hls/dhcp_client/dhcp_client.cpp:373->/home/haiyang3/eth-axi-streamer/fpga-network-stack/hls/dhcp_client/dhcp_client.cpp:345) [97]  (0 ns)
	'and' operation ('and_ln118_2', /home/haiyang3/eth-axi-streamer/fpga-network-stack/hls/dhcp_client/dhcp_client.cpp:118->/home/haiyang3/eth-axi-streamer/fpga-network-stack/hls/dhcp_client/dhcp_client.cpp:373->/home/haiyang3/eth-axi-streamer/fpga-network-stack/hls/dhcp_client/dhcp_client.cpp:345) [98]  (0.122 ns)
	multiplexor before 'phi' operation ('rm_wordCount_V_new_0_i_i_i', /home/haiyang3/eth-axi-streamer/fpga-network-stack/hls/dhcp_client/dhcp_client.cpp:118->/home/haiyang3/eth-axi-streamer/fpga-network-stack/hls/dhcp_client/dhcp_client.cpp:373->/home/haiyang3/eth-axi-streamer/fpga-network-stack/hls/dhcp_client/dhcp_client.cpp:345) with incoming values : ('select_ln118', /home/haiyang3/eth-axi-streamer/fpga-network-stack/hls/dhcp_client/dhcp_client.cpp:118->/home/haiyang3/eth-axi-streamer/fpga-network-stack/hls/dhcp_client/dhcp_client.cpp:373->/home/haiyang3/eth-axi-streamer/fpga-network-stack/hls/dhcp_client/dhcp_client.cpp:345) [112]  (0.387 ns)
	'phi' operation ('rm_wordCount_V_new_0_i_i_i', /home/haiyang3/eth-axi-streamer/fpga-network-stack/hls/dhcp_client/dhcp_client.cpp:118->/home/haiyang3/eth-axi-streamer/fpga-network-stack/hls/dhcp_client/dhcp_client.cpp:373->/home/haiyang3/eth-axi-streamer/fpga-network-stack/hls/dhcp_client/dhcp_client.cpp:345) with incoming values : ('select_ln118', /home/haiyang3/eth-axi-streamer/fpga-network-stack/hls/dhcp_client/dhcp_client.cpp:118->/home/haiyang3/eth-axi-streamer/fpga-network-stack/hls/dhcp_client/dhcp_client.cpp:373->/home/haiyang3/eth-axi-streamer/fpga-network-stack/hls/dhcp_client/dhcp_client.cpp:345) [112]  (0 ns)
	'store' operation ('store_ln345', /home/haiyang3/eth-axi-streamer/fpga-network-stack/hls/dhcp_client/dhcp_client.cpp:345) of variable 'rm_wordCount_V_new_0_i_i_i', /home/haiyang3/eth-axi-streamer/fpga-network-stack/hls/dhcp_client/dhcp_client.cpp:118->/home/haiyang3/eth-axi-streamer/fpga-network-stack/hls/dhcp_client/dhcp_client.cpp:373->/home/haiyang3/eth-axi-streamer/fpga-network-stack/hls/dhcp_client/dhcp_client.cpp:345 on static variable 'rm_wordCount_V' [116]  (0 ns)

 <State 3>: 1.17ns
The critical path consists of the following:
	'load' operation ('meta_identifier_V_load', /opt/xilinx/Vitis_HLS/2020.2/common/technology/autopilot/hls_stream_39.h:174->/home/haiyang3/eth-axi-streamer/fpga-network-stack/hls/dhcp_client/dhcp_client.cpp:345) on static variable 'meta_identifier_V' [102]  (0 ns)
	fifo write on port 'dhcp_replyMetaFifo' (/opt/xilinx/Vitis_HLS/2020.2/common/technology/autopilot/hls_stream_39.h:174->/home/haiyang3/eth-axi-streamer/fpga-network-stack/hls/dhcp_client/dhcp_client.cpp:345) [108]  (1.17 ns)


============================================================
+ Verbose Summary: Binding
============================================================
N/A
* FSMD analyzer results:
  - Output states:
 - Input state : 
  - Chain level:
	State 1
	State 2
	State 3


============================================================
+ Verbose Summary: Datapath Resource usage 
============================================================
N/A
