

================================================================
== Vitis HLS Report for 'arp_server_subnet_top'
================================================================
* Date:           Wed Jul 20 00:54:07 2022

* Version:        2020.2 (Build 3064766 on Wed Nov 18 09:12:47 MST 2020)
* Project:        arp_server_subnet_prj
* Solution:       solution1 (Vivado IP Flow Target)
* Product family: virtexuplus
* Target device:  xcvu3p-ffvc1517-2-i


================================================================
== Performance Estimates
================================================================
+ Timing: 
    * Summary: 
    +--------+---------+----------+------------+
    |  Clock |  Target | Estimated| Uncertainty|
    +--------+---------+----------+------------+
    |ap_clk  |  6.40 ns|  5.126 ns|     1.73 ns|
    +--------+---------+----------+------------+

+ Latency: 
    * Summary: 
    +---------+---------+-----------+-----------+-----+-----+----------+
    |  Latency (cycles) |   Latency (absolute)  |  Interval | Pipeline |
    |   min   |   max   |    min    |    max    | min | max |   Type   |
    +---------+---------+-----------+-----------+-----+-----+----------+
    |        7|        7|  44.800 ns|  44.800 ns|    1|    1|  dataflow|
    +---------+---------+-----------+-----------+-----+-----+----------+

    + Detail: 
        * Instance: 
        +------------------------------------------------+-------------------------------+---------+---------+-----------+-----------+-----+-----+---------+
        |                                                |                               |  Latency (cycles) |   Latency (absolute)  |  Interval | Pipeline|
        |                    Instance                    |             Module            |   min   |   max   |    min    |    max    | min | max |   Type  |
        +------------------------------------------------+-------------------------------+---------+---------+-----------+-----------+-----+-----+---------+
        |grp_generate_arp_pkg_64_s_fu_180                |generate_arp_pkg_64_s          |        1|        1|   6.400 ns|   6.400 ns|    1|    1|      yes|
        |grp_process_arp_pkg_64_s_fu_200                 |process_arp_pkg_64_s           |        2|        2|  12.800 ns|  12.800 ns|    1|    1|      yes|
        |grp_arp_table_fu_226                            |arp_table                      |        2|        2|  12.800 ns|  12.800 ns|    1|    1|      yes|
        |grp_convert_axis_to_net_axis_64_s_fu_246        |convert_axis_to_net_axis_64_s  |        1|        1|   6.400 ns|   6.400 ns|    1|    1|      yes|
        |grp_convert_net_axis_to_axis_64_s_fu_260        |convert_net_axis_to_axis_64_s  |        2|        2|  12.800 ns|  12.800 ns|    1|    1|      yes|
        |call_ln222_arp_server_subnet_top_entry3_fu_274  |arp_server_subnet_top_entry3   |        0|        0|       0 ns|       0 ns|    0|    0|     none|
        |call_ln221_arp_server_subnet_top_entry7_fu_284  |arp_server_subnet_top_entry7   |        0|        0|       0 ns|       0 ns|    0|    0|     none|
        +------------------------------------------------+-------------------------------+---------+---------+-----------+-----------+-----+-----+---------+

        * Loop: 
        N/A

============================================================
+ Verbose Summary: Synthesis Manager
============================================================
InlineROM: 1
ExposeGlobal: 0
============================================================
+ Verbose Summary: CDFG Model
============================================================
IsTopModel: 1
ResetActiveHigh: 1
IsCombinational: 2
IsDatapathOnly: 0
HasWiredReturn: 1
HasMFsm: 0
HasVarLatency: 1
IsPipeline: 0
IsRtlPipelined: 0
IsInstanceOverlapped: 0
IsDontTouch: 0
HasImplIP: 0
IsGatedGlobalClock: 0


============================================================
+ Verbose Summary: Schedule
============================================================
* Number of FSM states : 12
* Pipeline : 0
* Dataflow Pipeline: 1
  DF-Pipeline-0: Size = 12, States = { 1 2 3 4 5 6 7 8 9 10 11 12 }

* FSM state transitions: 
1 --> 2 
2 --> 3 
3 --> 4 
4 --> 5 
5 --> 6 
6 --> 7 
7 --> 8 
8 --> 9 
9 --> 10 
10 --> 11 
11 --> 12 
12 --> 

* FSM state operations: 

State 1 <SV = 0> <Delay = 0.00>
ST_1 : Operation 13 [2/2] (0.00ns)   --->   "%myIpAddress_read = read i32 @_ssdm_op_Read.ap_none.i32, i32 %myIpAddress" [/home/haiyang3/eth-axi-streamer/fpga-network-stack/hls/arp_server_subnet/arp_server_subnet.cpp:222]   --->   Operation 13 'read' 'myIpAddress_read' <Predicate = true> <Delay = 0.00>
ST_1 : Operation 14 [2/2] (0.00ns)   --->   "%myMacAddress_read = read i48 @_ssdm_op_Read.ap_none.i48, i48 %myMacAddress" [/home/haiyang3/eth-axi-streamer/fpga-network-stack/hls/arp_server_subnet/arp_server_subnet.cpp:222]   --->   Operation 14 'read' 'myMacAddress_read' <Predicate = true> <Delay = 0.00>
ST_1 : Operation 15 [1/1] (0.00ns)   --->   "%myIpAddress_c2 = alloca i64 1" [/home/haiyang3/eth-axi-streamer/fpga-network-stack/hls/arp_server_subnet/arp_server_subnet.cpp:222]   --->   Operation 15 'alloca' 'myIpAddress_c2' <Predicate = true> <Delay = 0.00> <CoreInst = "FIFO_SRL">   --->   Core 81 'FIFO_SRL' <Latency = 0> <II = 1> <Delay = 1.39> <Storage> <Opcode : 'read' 'write' 'nbread' 'nbwrite'> <Ports = 0> <Width = 32> <Depth = 2> <FIFO>
ST_1 : Operation 16 [1/1] (0.00ns)   --->   "%myMacAddress_c1 = alloca i64 1" [/home/haiyang3/eth-axi-streamer/fpga-network-stack/hls/arp_server_subnet/arp_server_subnet.cpp:221]   --->   Operation 16 'alloca' 'myMacAddress_c1' <Predicate = true> <Delay = 0.00> <CoreInst = "FIFO_SRL">   --->   Core 81 'FIFO_SRL' <Latency = 0> <II = 1> <Delay = 1.40> <Storage> <Opcode : 'read' 'write' 'nbread' 'nbwrite'> <Ports = 0> <Width = 48> <Depth = 2> <FIFO>
ST_1 : Operation 17 [1/1] (0.00ns)   --->   "%myIpAddress_c16 = alloca i64 1" [/home/haiyang3/eth-axi-streamer/fpga-network-stack/hls/arp_server_subnet/arp_server_subnet.cpp:222]   --->   Operation 17 'alloca' 'myIpAddress_c16' <Predicate = true> <Delay = 0.00> <CoreInst = "FIFO_SRL">   --->   Core 81 'FIFO_SRL' <Latency = 0> <II = 1> <Delay = 1.39> <Storage> <Opcode : 'read' 'write' 'nbread' 'nbwrite'> <Ports = 0> <Width = 32> <Depth = 2> <FIFO>
ST_1 : Operation 18 [1/1] (0.00ns)   --->   "%myIpAddress_c = alloca i64 1" [/home/haiyang3/eth-axi-streamer/fpga-network-stack/hls/arp_server_subnet/arp_server_subnet.cpp:222]   --->   Operation 18 'alloca' 'myIpAddress_c' <Predicate = true> <Delay = 0.00> <CoreInst = "FIFO_SRL">   --->   Core 81 'FIFO_SRL' <Latency = 0> <II = 1> <Delay = 1.46> <Storage> <Opcode : 'read' 'write' 'nbread' 'nbwrite'> <Ports = 0> <Width = 32> <Depth = 3> <FIFO>
ST_1 : Operation 19 [1/1] (0.00ns)   --->   "%myMacAddress_c = alloca i64 1" [/home/haiyang3/eth-axi-streamer/fpga-network-stack/hls/arp_server_subnet/arp_server_subnet.cpp:221]   --->   Operation 19 'alloca' 'myMacAddress_c' <Predicate = true> <Delay = 0.00> <CoreInst = "FIFO_SRL">   --->   Core 81 'FIFO_SRL' <Latency = 0> <II = 1> <Delay = 1.41> <Storage> <Opcode : 'read' 'write' 'nbread' 'nbwrite'> <Ports = 0> <Width = 48> <Depth = 4> <FIFO>

State 2 <SV = 1> <Delay = 1.40>
ST_2 : Operation 20 [1/2] (0.00ns)   --->   "%myIpAddress_read = read i32 @_ssdm_op_Read.ap_none.i32, i32 %myIpAddress" [/home/haiyang3/eth-axi-streamer/fpga-network-stack/hls/arp_server_subnet/arp_server_subnet.cpp:222]   --->   Operation 20 'read' 'myIpAddress_read' <Predicate = true> <Delay = 0.00>
ST_2 : Operation 21 [1/2] (0.00ns)   --->   "%myMacAddress_read = read i48 @_ssdm_op_Read.ap_none.i48, i48 %myMacAddress" [/home/haiyang3/eth-axi-streamer/fpga-network-stack/hls/arp_server_subnet/arp_server_subnet.cpp:222]   --->   Operation 21 'read' 'myMacAddress_read' <Predicate = true> <Delay = 0.00>
ST_2 : Operation 22 [1/1] (1.40ns)   --->   "%call_ln222 = call void @arp_server_subnet_top.entry3, i48 %myMacAddress_read, i32 %myIpAddress_read, i48 %myMacAddress_c1, i32 %myIpAddress_c2" [/home/haiyang3/eth-axi-streamer/fpga-network-stack/hls/arp_server_subnet/arp_server_subnet.cpp:222]   --->   Operation 22 'call' 'call_ln222' <Predicate = true> <Delay = 1.40> <CoreType = "Generic">   --->   Core 0 '' <Latency = 0> <II = 1> <Delay = 1.00> <Generic> <Opcode : >
ST_2 : Operation 23 [2/2] (0.00ns)   --->   "%call_ln291 = call void @convert_axis_to_net_axis<64>, i64 %s_axis_V_data_V, i8 %s_axis_V_keep_V, i8 %s_axis_V_strb_V, i1 %s_axis_V_last_V, i128 %arpDataIn_internal" [/home/haiyang3/eth-axi-streamer/fpga-network-stack/hls/arp_server_subnet/arp_server_subnet.cpp:291]   --->   Operation 23 'call' 'call_ln291' <Predicate = true> <Delay = 0.00> <CoreType = "Generic">   --->   Core 0 '' <Latency = 0> <II = 1> <Delay = 1.00> <Generic> <Opcode : >

State 3 <SV = 2> <Delay = 0.00>
ST_3 : Operation 24 [1/1] (0.00ns)   --->   "%call_ln221 = call void @arp_server_subnet_top.entry7, i48 %myMacAddress_c1, i32 %myIpAddress_c2, i48 %myMacAddress_c, i32 %myIpAddress_c" [/home/haiyang3/eth-axi-streamer/fpga-network-stack/hls/arp_server_subnet/arp_server_subnet.cpp:221]   --->   Operation 24 'call' 'call_ln221' <Predicate = true> <Delay = 0.00> <CoreType = "Generic">   --->   Core 0 '' <Latency = 0> <II = 1> <Delay = 1.00> <Generic> <Opcode : >
ST_3 : Operation 25 [1/2] (0.00ns)   --->   "%call_ln291 = call void @convert_axis_to_net_axis<64>, i64 %s_axis_V_data_V, i8 %s_axis_V_keep_V, i8 %s_axis_V_strb_V, i1 %s_axis_V_last_V, i128 %arpDataIn_internal" [/home/haiyang3/eth-axi-streamer/fpga-network-stack/hls/arp_server_subnet/arp_server_subnet.cpp:291]   --->   Operation 25 'call' 'call_ln291' <Predicate = true> <Delay = 0.00> <CoreType = "Generic">   --->   Core 0 '' <Latency = 0> <II = 1> <Delay = 1.00> <Generic> <Opcode : >

State 4 <SV = 3> <Delay = 0.00>
ST_4 : Operation 26 [3/3] (0.00ns)   --->   "%call_ln294 = call void @convert_net_axis_to_axis<64>, i64 %m_axis_V_data_V, i8 %m_axis_V_keep_V, i8 %m_axis_V_strb_V, i1 %m_axis_V_last_V, i128 %arpDataOut_internal" [/home/haiyang3/eth-axi-streamer/fpga-network-stack/hls/arp_server_subnet/arp_server_subnet.cpp:294]   --->   Operation 26 'call' 'call_ln294' <Predicate = true> <Delay = 0.00> <CoreType = "Generic">   --->   Core 0 '' <Latency = 0> <II = 1> <Delay = 1.00> <Generic> <Opcode : >
ST_4 : Operation 27 [3/3] (0.00ns)   --->   "%call_ln240 = call void @process_arp_pkg<64>, i16 %regRequestCount, i16 %regReplyCount, i32 %myIpAddress_c, i32 %myIpAddress_c16, i128 %arpDataIn_internal, i1 %header_ready, i16 %header_idx, i336 %header_header_V, i192 %arpReplyMetaFifo, i16 %pag_requestCounter_V, i192 %arpTableInsertFifo, i16 %pag_replyCounter_V" [/home/haiyang3/eth-axi-streamer/fpga-network-stack/hls/arp_server_subnet/arp_server_subnet.cpp:240]   --->   Operation 27 'call' 'call_ln240' <Predicate = true> <Delay = 0.00> <CoreType = "Generic">   --->   Core 0 '' <Latency = 0> <II = 1> <Delay = 1.00> <Generic> <Opcode : >

State 5 <SV = 4> <Delay = 1.40>
ST_5 : Operation 28 [2/3] (1.40ns)   --->   "%call_ln294 = call void @convert_net_axis_to_axis<64>, i64 %m_axis_V_data_V, i8 %m_axis_V_keep_V, i8 %m_axis_V_strb_V, i1 %m_axis_V_last_V, i128 %arpDataOut_internal" [/home/haiyang3/eth-axi-streamer/fpga-network-stack/hls/arp_server_subnet/arp_server_subnet.cpp:294]   --->   Operation 28 'call' 'call_ln294' <Predicate = true> <Delay = 1.40> <CoreType = "Generic">   --->   Core 0 '' <Latency = 0> <II = 1> <Delay = 1.00> <Generic> <Opcode : >
ST_5 : Operation 29 [2/3] (0.00ns)   --->   "%call_ln240 = call void @process_arp_pkg<64>, i16 %regRequestCount, i16 %regReplyCount, i32 %myIpAddress_c, i32 %myIpAddress_c16, i128 %arpDataIn_internal, i1 %header_ready, i16 %header_idx, i336 %header_header_V, i192 %arpReplyMetaFifo, i16 %pag_requestCounter_V, i192 %arpTableInsertFifo, i16 %pag_replyCounter_V" [/home/haiyang3/eth-axi-streamer/fpga-network-stack/hls/arp_server_subnet/arp_server_subnet.cpp:240]   --->   Operation 29 'call' 'call_ln240' <Predicate = true> <Delay = 0.00> <CoreType = "Generic">   --->   Core 0 '' <Latency = 0> <II = 1> <Delay = 1.00> <Generic> <Opcode : >

State 6 <SV = 5> <Delay = 0.78>
ST_6 : Operation 30 [1/3] (0.00ns)   --->   "%call_ln294 = call void @convert_net_axis_to_axis<64>, i64 %m_axis_V_data_V, i8 %m_axis_V_keep_V, i8 %m_axis_V_strb_V, i1 %m_axis_V_last_V, i128 %arpDataOut_internal" [/home/haiyang3/eth-axi-streamer/fpga-network-stack/hls/arp_server_subnet/arp_server_subnet.cpp:294]   --->   Operation 30 'call' 'call_ln294' <Predicate = true> <Delay = 0.00> <CoreType = "Generic">   --->   Core 0 '' <Latency = 0> <II = 1> <Delay = 1.00> <Generic> <Opcode : >
ST_6 : Operation 31 [1/3] (0.78ns)   --->   "%call_ln240 = call void @process_arp_pkg<64>, i16 %regRequestCount, i16 %regReplyCount, i32 %myIpAddress_c, i32 %myIpAddress_c16, i128 %arpDataIn_internal, i1 %header_ready, i16 %header_idx, i336 %header_header_V, i192 %arpReplyMetaFifo, i16 %pag_requestCounter_V, i192 %arpTableInsertFifo, i16 %pag_replyCounter_V" [/home/haiyang3/eth-axi-streamer/fpga-network-stack/hls/arp_server_subnet/arp_server_subnet.cpp:240]   --->   Operation 31 'call' 'call_ln240' <Predicate = true> <Delay = 0.78> <CoreType = "Generic">   --->   Core 0 '' <Latency = 0> <II = 1> <Delay = 1.00> <Generic> <Opcode : >

State 7 <SV = 6> <Delay = 0.00>
ST_7 : Operation 32 [2/2] (0.00ns)   --->   "%call_ln247 = call void @generate_arp_pkg<64>, i48 %myMacAddress_c, i32 %myIpAddress_c16, i2 %gap_state, i16 %header_idx_1, i336 %header_header_V_1, i192 %arpReplyMetaFifo, i32 %arpRequestMetaFifo, i6 %remainingLength_V, i128 %arpDataOut_internal" [/home/haiyang3/eth-axi-streamer/fpga-network-stack/hls/arp_server_subnet/arp_server_subnet.cpp:247]   --->   Operation 32 'call' 'call_ln247' <Predicate = true> <Delay = 0.00> <CoreType = "Generic">   --->   Core 0 '' <Latency = 0> <II = 1> <Delay = 1.00> <Generic> <Opcode : >

State 8 <SV = 7> <Delay = 0.00>
ST_8 : Operation 33 [1/2] (0.00ns)   --->   "%call_ln247 = call void @generate_arp_pkg<64>, i48 %myMacAddress_c, i32 %myIpAddress_c16, i2 %gap_state, i16 %header_idx_1, i336 %header_header_V_1, i192 %arpReplyMetaFifo, i32 %arpRequestMetaFifo, i6 %remainingLength_V, i128 %arpDataOut_internal" [/home/haiyang3/eth-axi-streamer/fpga-network-stack/hls/arp_server_subnet/arp_server_subnet.cpp:247]   --->   Operation 33 'call' 'call_ln247' <Predicate = true> <Delay = 0.00> <CoreType = "Generic">   --->   Core 0 '' <Latency = 0> <II = 1> <Delay = 1.00> <Generic> <Opcode : >

State 9 <SV = 8> <Delay = 0.00>
ST_9 : Operation 34 [3/3] (0.00ns)   --->   "%call_ln253 = call void @arp_table, i32 %s_axis_arp_lookup_request_V, i32 %s_axis_host_arp_lookup_request_V, i128 %m_axis_arp_lookup_reply_V, i128 %m_axis_host_arp_lookup_reply_V, i192 %arpTableInsertFifo, i48 %arpTable_macAddress_V, i1 %arpTable_valid, i32 %arpRequestMetaFifo" [/home/haiyang3/eth-axi-streamer/fpga-network-stack/hls/arp_server_subnet/arp_server_subnet.cpp:253]   --->   Operation 34 'call' 'call_ln253' <Predicate = true> <Delay = 0.00> <CoreType = "Generic">   --->   Core 0 '' <Latency = 0> <II = 1> <Delay = 1.00> <Generic> <Opcode : >

State 10 <SV = 9> <Delay = 0.00>
ST_10 : Operation 35 [2/3] (0.00ns)   --->   "%call_ln253 = call void @arp_table, i32 %s_axis_arp_lookup_request_V, i32 %s_axis_host_arp_lookup_request_V, i128 %m_axis_arp_lookup_reply_V, i128 %m_axis_host_arp_lookup_reply_V, i192 %arpTableInsertFifo, i48 %arpTable_macAddress_V, i1 %arpTable_valid, i32 %arpRequestMetaFifo" [/home/haiyang3/eth-axi-streamer/fpga-network-stack/hls/arp_server_subnet/arp_server_subnet.cpp:253]   --->   Operation 35 'call' 'call_ln253' <Predicate = true> <Delay = 0.00> <CoreType = "Generic">   --->   Core 0 '' <Latency = 0> <II = 1> <Delay = 1.00> <Generic> <Opcode : >

State 11 <SV = 10> <Delay = 0.00>
ST_11 : Operation 36 [1/3] (0.00ns)   --->   "%call_ln253 = call void @arp_table, i32 %s_axis_arp_lookup_request_V, i32 %s_axis_host_arp_lookup_request_V, i128 %m_axis_arp_lookup_reply_V, i128 %m_axis_host_arp_lookup_reply_V, i192 %arpTableInsertFifo, i48 %arpTable_macAddress_V, i1 %arpTable_valid, i32 %arpRequestMetaFifo" [/home/haiyang3/eth-axi-streamer/fpga-network-stack/hls/arp_server_subnet/arp_server_subnet.cpp:253]   --->   Operation 36 'call' 'call_ln253' <Predicate = true> <Delay = 0.00> <CoreType = "Generic">   --->   Core 0 '' <Latency = 0> <II = 1> <Delay = 1.00> <Generic> <Opcode : >

State 12 <SV = 11> <Delay = 0.00>
ST_12 : Operation 37 [1/1] (0.00ns)   --->   "%specdataflowpipeline_ln0 = specdataflowpipeline void @_ssdm_op_SpecDataflowPipeline, i32 4294967295, i32 1, void @empty_3"   --->   Operation 37 'specdataflowpipeline' 'specdataflowpipeline_ln0' <Predicate = true> <Delay = 0.00>
ST_12 : Operation 38 [1/1] (0.00ns)   --->   "%empty = specchannel i32 @_ssdm_op_SpecChannel, void @arpDataIn_internal_str, i32 1, void @p_str, void @p_str, i32 2, i32 2, i128 %arpDataIn_internal, i128 %arpDataIn_internal"   --->   Operation 38 'specchannel' 'empty' <Predicate = true> <Delay = 0.00>
ST_12 : Operation 39 [1/1] (0.00ns)   --->   "%empty_36 = specchannel i32 @_ssdm_op_SpecChannel, void @arpDataOut_internal_str, i32 1, void @p_str, void @p_str, i32 2, i32 2, i128 %arpDataOut_internal, i128 %arpDataOut_internal"   --->   Operation 39 'specchannel' 'empty_36' <Predicate = true> <Delay = 0.00>
ST_12 : Operation 40 [1/1] (0.00ns)   --->   "%empty_37 = specchannel i32 @_ssdm_op_SpecChannel, void @arpReplyMetaFifo_str, i32 1, void @p_str, void @p_str, i32 4, i32 4, i192 %arpReplyMetaFifo, i192 %arpReplyMetaFifo"   --->   Operation 40 'specchannel' 'empty_37' <Predicate = true> <Delay = 0.00>
ST_12 : Operation 41 [1/1] (0.00ns)   --->   "%empty_38 = specchannel i32 @_ssdm_op_SpecChannel, void @arpRequestMetaFifo_str, i32 1, void @p_str, void @p_str, i32 4, i32 4, i32 %arpRequestMetaFifo, i32 %arpRequestMetaFifo"   --->   Operation 41 'specchannel' 'empty_38' <Predicate = true> <Delay = 0.00>
ST_12 : Operation 42 [1/1] (0.00ns)   --->   "%empty_39 = specchannel i32 @_ssdm_op_SpecChannel, void @arpTableInsertFifo_str, i32 1, void @p_str, void @p_str, i32 4, i32 4, i192 %arpTableInsertFifo, i192 %arpTableInsertFifo"   --->   Operation 42 'specchannel' 'empty_39' <Predicate = true> <Delay = 0.00>
ST_12 : Operation 43 [1/1] (0.00ns)   --->   "%spectopmodule_ln0 = spectopmodule void @_ssdm_op_SpecTopModule, void @empty_0"   --->   Operation 43 'spectopmodule' 'spectopmodule_ln0' <Predicate = true> <Delay = 0.00>
ST_12 : Operation 44 [1/1] (0.00ns)   --->   "%specinterface_ln0 = specinterface void @_ssdm_op_SpecInterface, i32 0, void @empty, i32 0, i32 0, void @empty_3, i32 0, i32 0, void @empty_3, void @empty_3, void @empty_3, i32 0, i32 0, i32 0, i32 0, void @empty_3, void @empty_3"   --->   Operation 44 'specinterface' 'specinterface_ln0' <Predicate = true> <Delay = 0.00>
ST_12 : Operation 45 [1/1] (0.00ns)   --->   "%specinterface_ln0 = specinterface void @_ssdm_op_SpecInterface, i64 %s_axis_V_data_V, i8 %s_axis_V_keep_V, i8 %s_axis_V_strb_V, i1 %s_axis_V_last_V, void @empty_1, i32 1, i32 1, void @empty_2, i32 0, i32 0, void @empty_3, void @empty_3, void @empty_3, i32 0, i32 0, i32 0, i32 0, void @empty_3, void @empty_3"   --->   Operation 45 'specinterface' 'specinterface_ln0' <Predicate = true> <Delay = 0.00>
ST_12 : Operation 46 [1/1] (0.00ns)   --->   "%specbitsmap_ln0 = specbitsmap void @_ssdm_op_SpecBitsMap, i64 %s_axis_V_data_V"   --->   Operation 46 'specbitsmap' 'specbitsmap_ln0' <Predicate = true> <Delay = 0.00>
ST_12 : Operation 47 [1/1] (0.00ns)   --->   "%specbitsmap_ln0 = specbitsmap void @_ssdm_op_SpecBitsMap, i8 %s_axis_V_keep_V"   --->   Operation 47 'specbitsmap' 'specbitsmap_ln0' <Predicate = true> <Delay = 0.00>
ST_12 : Operation 48 [1/1] (0.00ns)   --->   "%specbitsmap_ln0 = specbitsmap void @_ssdm_op_SpecBitsMap, i8 %s_axis_V_strb_V"   --->   Operation 48 'specbitsmap' 'specbitsmap_ln0' <Predicate = true> <Delay = 0.00>
ST_12 : Operation 49 [1/1] (0.00ns)   --->   "%specbitsmap_ln0 = specbitsmap void @_ssdm_op_SpecBitsMap, i1 %s_axis_V_last_V"   --->   Operation 49 'specbitsmap' 'specbitsmap_ln0' <Predicate = true> <Delay = 0.00>
ST_12 : Operation 50 [1/1] (0.00ns)   --->   "%specinterface_ln0 = specinterface void @_ssdm_op_SpecInterface, i32 %s_axis_arp_lookup_request_V, void @empty_1, i32 1, i32 1, void @empty_2, i32 0, i32 0, void @empty_3, void @empty_3, void @empty_3, i32 0, i32 0, i32 0, i32 0, void @empty_3, void @empty_3"   --->   Operation 50 'specinterface' 'specinterface_ln0' <Predicate = true> <Delay = 0.00>
ST_12 : Operation 51 [1/1] (0.00ns)   --->   "%specbitsmap_ln0 = specbitsmap void @_ssdm_op_SpecBitsMap, i32 %s_axis_arp_lookup_request_V"   --->   Operation 51 'specbitsmap' 'specbitsmap_ln0' <Predicate = true> <Delay = 0.00>
ST_12 : Operation 52 [1/1] (0.00ns)   --->   "%specinterface_ln0 = specinterface void @_ssdm_op_SpecInterface, i32 %s_axis_host_arp_lookup_request_V, void @empty_1, i32 1, i32 1, void @empty_2, i32 0, i32 0, void @empty_3, void @empty_3, void @empty_3, i32 0, i32 0, i32 0, i32 0, void @empty_3, void @empty_3"   --->   Operation 52 'specinterface' 'specinterface_ln0' <Predicate = true> <Delay = 0.00>
ST_12 : Operation 53 [1/1] (0.00ns)   --->   "%specbitsmap_ln0 = specbitsmap void @_ssdm_op_SpecBitsMap, i32 %s_axis_host_arp_lookup_request_V"   --->   Operation 53 'specbitsmap' 'specbitsmap_ln0' <Predicate = true> <Delay = 0.00>
ST_12 : Operation 54 [1/1] (0.00ns)   --->   "%specinterface_ln0 = specinterface void @_ssdm_op_SpecInterface, i64 %m_axis_V_data_V, i8 %m_axis_V_keep_V, i8 %m_axis_V_strb_V, i1 %m_axis_V_last_V, void @empty_1, i32 1, i32 1, void @empty_2, i32 0, i32 0, void @empty_3, void @empty_3, void @empty_3, i32 0, i32 0, i32 0, i32 0, void @empty_3, void @empty_3"   --->   Operation 54 'specinterface' 'specinterface_ln0' <Predicate = true> <Delay = 0.00>
ST_12 : Operation 55 [1/1] (0.00ns)   --->   "%specbitsmap_ln0 = specbitsmap void @_ssdm_op_SpecBitsMap, i64 %m_axis_V_data_V"   --->   Operation 55 'specbitsmap' 'specbitsmap_ln0' <Predicate = true> <Delay = 0.00>
ST_12 : Operation 56 [1/1] (0.00ns)   --->   "%specbitsmap_ln0 = specbitsmap void @_ssdm_op_SpecBitsMap, i8 %m_axis_V_keep_V"   --->   Operation 56 'specbitsmap' 'specbitsmap_ln0' <Predicate = true> <Delay = 0.00>
ST_12 : Operation 57 [1/1] (0.00ns)   --->   "%specbitsmap_ln0 = specbitsmap void @_ssdm_op_SpecBitsMap, i8 %m_axis_V_strb_V"   --->   Operation 57 'specbitsmap' 'specbitsmap_ln0' <Predicate = true> <Delay = 0.00>
ST_12 : Operation 58 [1/1] (0.00ns)   --->   "%specbitsmap_ln0 = specbitsmap void @_ssdm_op_SpecBitsMap, i1 %m_axis_V_last_V"   --->   Operation 58 'specbitsmap' 'specbitsmap_ln0' <Predicate = true> <Delay = 0.00>
ST_12 : Operation 59 [1/1] (0.00ns)   --->   "%specinterface_ln0 = specinterface void @_ssdm_op_SpecInterface, i128 %m_axis_arp_lookup_reply_V, void @empty_1, i32 1, i32 1, void @empty_2, i32 0, i32 0, void @empty_3, void @empty_3, void @empty_3, i32 0, i32 0, i32 0, i32 0, void @empty_3, void @empty_3"   --->   Operation 59 'specinterface' 'specinterface_ln0' <Predicate = true> <Delay = 0.00>
ST_12 : Operation 60 [1/1] (0.00ns)   --->   "%specbitsmap_ln0 = specbitsmap void @_ssdm_op_SpecBitsMap, i128 %m_axis_arp_lookup_reply_V"   --->   Operation 60 'specbitsmap' 'specbitsmap_ln0' <Predicate = true> <Delay = 0.00>
ST_12 : Operation 61 [1/1] (0.00ns)   --->   "%specinterface_ln0 = specinterface void @_ssdm_op_SpecInterface, i128 %m_axis_host_arp_lookup_reply_V, void @empty_1, i32 1, i32 1, void @empty_2, i32 0, i32 0, void @empty_3, void @empty_3, void @empty_3, i32 0, i32 0, i32 0, i32 0, void @empty_3, void @empty_3"   --->   Operation 61 'specinterface' 'specinterface_ln0' <Predicate = true> <Delay = 0.00>
ST_12 : Operation 62 [1/1] (0.00ns)   --->   "%specbitsmap_ln0 = specbitsmap void @_ssdm_op_SpecBitsMap, i128 %m_axis_host_arp_lookup_reply_V"   --->   Operation 62 'specbitsmap' 'specbitsmap_ln0' <Predicate = true> <Delay = 0.00>
ST_12 : Operation 63 [1/1] (0.00ns)   --->   "%specbitsmap_ln0 = specbitsmap void @_ssdm_op_SpecBitsMap, i48 %myMacAddress"   --->   Operation 63 'specbitsmap' 'specbitsmap_ln0' <Predicate = true> <Delay = 0.00>
ST_12 : Operation 64 [1/1] (0.00ns)   --->   "%specinterface_ln0 = specinterface void @_ssdm_op_SpecInterface, i48 %myMacAddress, void @empty_6, i32 1, i32 1, void @empty_2, i32 0, i32 0, void @empty_3, void @empty_3, void @empty_3, i32 0, i32 0, i32 0, i32 0, void @empty_3, void @empty_3"   --->   Operation 64 'specinterface' 'specinterface_ln0' <Predicate = true> <Delay = 0.00>
ST_12 : Operation 65 [1/1] (0.00ns)   --->   "%specbitsmap_ln0 = specbitsmap void @_ssdm_op_SpecBitsMap, i32 %myIpAddress"   --->   Operation 65 'specbitsmap' 'specbitsmap_ln0' <Predicate = true> <Delay = 0.00>
ST_12 : Operation 66 [1/1] (0.00ns)   --->   "%specinterface_ln0 = specinterface void @_ssdm_op_SpecInterface, i32 %myIpAddress, void @empty_6, i32 1, i32 1, void @empty_2, i32 0, i32 0, void @empty_3, void @empty_3, void @empty_3, i32 0, i32 0, i32 0, i32 0, void @empty_3, void @empty_3"   --->   Operation 66 'specinterface' 'specinterface_ln0' <Predicate = true> <Delay = 0.00>
ST_12 : Operation 67 [1/1] (0.00ns)   --->   "%specbitsmap_ln0 = specbitsmap void @_ssdm_op_SpecBitsMap, i16 %regRequestCount"   --->   Operation 67 'specbitsmap' 'specbitsmap_ln0' <Predicate = true> <Delay = 0.00>
ST_12 : Operation 68 [1/1] (0.00ns)   --->   "%specinterface_ln0 = specinterface void @_ssdm_op_SpecInterface, i16 %regRequestCount, void @empty_4, i32 0, i32 0, void @empty_3, i32 0, i32 0, void @empty_3, void @empty_3, void @empty_3, i32 0, i32 0, i32 0, i32 0, void @empty_3, void @empty_3"   --->   Operation 68 'specinterface' 'specinterface_ln0' <Predicate = true> <Delay = 0.00>
ST_12 : Operation 69 [1/1] (0.00ns)   --->   "%specbitsmap_ln0 = specbitsmap void @_ssdm_op_SpecBitsMap, i16 %regReplyCount"   --->   Operation 69 'specbitsmap' 'specbitsmap_ln0' <Predicate = true> <Delay = 0.00>
ST_12 : Operation 70 [1/1] (0.00ns)   --->   "%specinterface_ln0 = specinterface void @_ssdm_op_SpecInterface, i16 %regReplyCount, void @empty_4, i32 0, i32 0, void @empty_3, i32 0, i32 0, void @empty_3, void @empty_3, void @empty_3, i32 0, i32 0, i32 0, i32 0, void @empty_3, void @empty_3"   --->   Operation 70 'specinterface' 'specinterface_ln0' <Predicate = true> <Delay = 0.00>
ST_12 : Operation 71 [1/1] (0.00ns)   --->   "%specinterface_ln0 = specinterface void @_ssdm_op_SpecInterface, i128 %arpDataIn_internal, void @empty_5, i32 0, i32 0, void @empty_3, i32 0, i32 0, void @empty_3, void @empty_3, void @empty_3, i32 0, i32 0, i32 0, i32 0, void @empty_3, void @empty_3"   --->   Operation 71 'specinterface' 'specinterface_ln0' <Predicate = true> <Delay = 0.00>
ST_12 : Operation 72 [1/1] (0.00ns)   --->   "%specinterface_ln0 = specinterface void @_ssdm_op_SpecInterface, i128 %arpDataOut_internal, void @empty_5, i32 0, i32 0, void @empty_3, i32 0, i32 0, void @empty_3, void @empty_3, void @empty_3, i32 0, i32 0, i32 0, i32 0, void @empty_3, void @empty_3"   --->   Operation 72 'specinterface' 'specinterface_ln0' <Predicate = true> <Delay = 0.00>
ST_12 : Operation 73 [1/1] (0.00ns)   --->   "%specinterface_ln0 = specinterface void @_ssdm_op_SpecInterface, i192 %arpReplyMetaFifo, void @empty_5, i32 0, i32 0, void @empty_3, i32 0, i32 0, void @empty_3, void @empty_3, void @empty_3, i32 0, i32 0, i32 0, i32 0, void @empty_3, void @empty_3"   --->   Operation 73 'specinterface' 'specinterface_ln0' <Predicate = true> <Delay = 0.00>
ST_12 : Operation 74 [1/1] (0.00ns)   --->   "%specinterface_ln0 = specinterface void @_ssdm_op_SpecInterface, i192 %arpTableInsertFifo, void @empty_5, i32 0, i32 0, void @empty_3, i32 0, i32 0, void @empty_3, void @empty_3, void @empty_3, i32 0, i32 0, i32 0, i32 0, void @empty_3, void @empty_3"   --->   Operation 74 'specinterface' 'specinterface_ln0' <Predicate = true> <Delay = 0.00>
ST_12 : Operation 75 [1/1] (0.00ns)   --->   "%specinterface_ln0 = specinterface void @_ssdm_op_SpecInterface, i32 %arpRequestMetaFifo, void @empty_5, i32 0, i32 0, void @empty_3, i32 0, i32 0, void @empty_3, void @empty_3, void @empty_3, i32 0, i32 0, i32 0, i32 0, void @empty_3, void @empty_3"   --->   Operation 75 'specinterface' 'specinterface_ln0' <Predicate = true> <Delay = 0.00>
ST_12 : Operation 76 [1/1] (0.00ns)   --->   "%empty_40 = specchannel i32 @_ssdm_op_SpecChannel, void @myMacAddress_c_str, i32 1, void @p_str, void @p_str, i32 4, i32 0, i48 %myMacAddress_c, i48 %myMacAddress_c" [/home/haiyang3/eth-axi-streamer/fpga-network-stack/hls/arp_server_subnet/arp_server_subnet.cpp:221]   --->   Operation 76 'specchannel' 'empty_40' <Predicate = true> <Delay = 0.00>
ST_12 : Operation 77 [1/1] (0.00ns)   --->   "%specinterface_ln221 = specinterface void @_ssdm_op_SpecInterface, i48 %myMacAddress_c, void @ap_fifo_str, i32 0, i32 0, void @p_str, i32 0, i32 0, void @p_str, void @p_str, void @p_str, i32 2, i32 2, i32 16, i32 16, void @p_str, void @p_str" [/home/haiyang3/eth-axi-streamer/fpga-network-stack/hls/arp_server_subnet/arp_server_subnet.cpp:221]   --->   Operation 77 'specinterface' 'specinterface_ln221' <Predicate = true> <Delay = 0.00>
ST_12 : Operation 78 [1/1] (0.00ns)   --->   "%empty_41 = specchannel i32 @_ssdm_op_SpecChannel, void @myIpAddress_c_str, i32 1, void @p_str, void @p_str, i32 3, i32 0, i32 %myIpAddress_c, i32 %myIpAddress_c" [/home/haiyang3/eth-axi-streamer/fpga-network-stack/hls/arp_server_subnet/arp_server_subnet.cpp:222]   --->   Operation 78 'specchannel' 'empty_41' <Predicate = true> <Delay = 0.00>
ST_12 : Operation 79 [1/1] (0.00ns)   --->   "%specinterface_ln222 = specinterface void @_ssdm_op_SpecInterface, i32 %myIpAddress_c, void @ap_fifo_str, i32 0, i32 0, void @p_str, i32 0, i32 0, void @p_str, void @p_str, void @p_str, i32 2, i32 2, i32 16, i32 16, void @p_str, void @p_str" [/home/haiyang3/eth-axi-streamer/fpga-network-stack/hls/arp_server_subnet/arp_server_subnet.cpp:222]   --->   Operation 79 'specinterface' 'specinterface_ln222' <Predicate = true> <Delay = 0.00>
ST_12 : Operation 80 [1/1] (0.00ns)   --->   "%empty_42 = specchannel i32 @_ssdm_op_SpecChannel, void @myMacAddress_c1_str, i32 1, void @p_str, void @p_str, i32 2, i32 0, i48 %myMacAddress_c1, i48 %myMacAddress_c1" [/home/haiyang3/eth-axi-streamer/fpga-network-stack/hls/arp_server_subnet/arp_server_subnet.cpp:221]   --->   Operation 80 'specchannel' 'empty_42' <Predicate = true> <Delay = 0.00>
ST_12 : Operation 81 [1/1] (0.00ns)   --->   "%specinterface_ln221 = specinterface void @_ssdm_op_SpecInterface, i48 %myMacAddress_c1, void @ap_fifo_str, i32 0, i32 0, void @p_str, i32 0, i32 0, void @p_str, void @p_str, void @p_str, i32 2, i32 2, i32 16, i32 16, void @p_str, void @p_str" [/home/haiyang3/eth-axi-streamer/fpga-network-stack/hls/arp_server_subnet/arp_server_subnet.cpp:221]   --->   Operation 81 'specinterface' 'specinterface_ln221' <Predicate = true> <Delay = 0.00>
ST_12 : Operation 82 [1/1] (0.00ns)   --->   "%empty_43 = specchannel i32 @_ssdm_op_SpecChannel, void @myIpAddress_c2_str, i32 1, void @p_str, void @p_str, i32 2, i32 0, i32 %myIpAddress_c2, i32 %myIpAddress_c2" [/home/haiyang3/eth-axi-streamer/fpga-network-stack/hls/arp_server_subnet/arp_server_subnet.cpp:222]   --->   Operation 82 'specchannel' 'empty_43' <Predicate = true> <Delay = 0.00>
ST_12 : Operation 83 [1/1] (0.00ns)   --->   "%specinterface_ln222 = specinterface void @_ssdm_op_SpecInterface, i32 %myIpAddress_c2, void @ap_fifo_str, i32 0, i32 0, void @p_str, i32 0, i32 0, void @p_str, void @p_str, void @p_str, i32 2, i32 2, i32 16, i32 16, void @p_str, void @p_str" [/home/haiyang3/eth-axi-streamer/fpga-network-stack/hls/arp_server_subnet/arp_server_subnet.cpp:222]   --->   Operation 83 'specinterface' 'specinterface_ln222' <Predicate = true> <Delay = 0.00>
ST_12 : Operation 84 [1/1] (0.00ns)   --->   "%empty_44 = specchannel i32 @_ssdm_op_SpecChannel, void @myIpAddress_c16_str, i32 1, void @p_str, void @p_str, i32 2, i32 0, i32 %myIpAddress_c16, i32 %myIpAddress_c16" [/home/haiyang3/eth-axi-streamer/fpga-network-stack/hls/arp_server_subnet/arp_server_subnet.cpp:222]   --->   Operation 84 'specchannel' 'empty_44' <Predicate = true> <Delay = 0.00>
ST_12 : Operation 85 [1/1] (0.00ns)   --->   "%specinterface_ln222 = specinterface void @_ssdm_op_SpecInterface, i32 %myIpAddress_c16, void @ap_fifo_str, i32 0, i32 0, void @p_str, i32 0, i32 0, void @p_str, void @p_str, void @p_str, i32 2, i32 2, i32 16, i32 16, void @p_str, void @p_str" [/home/haiyang3/eth-axi-streamer/fpga-network-stack/hls/arp_server_subnet/arp_server_subnet.cpp:222]   --->   Operation 85 'specinterface' 'specinterface_ln222' <Predicate = true> <Delay = 0.00>
ST_12 : Operation 86 [1/1] (0.00ns)   --->   "%ret_ln307 = ret" [/home/haiyang3/eth-axi-streamer/fpga-network-stack/hls/arp_server_subnet/arp_server_subnet.cpp:307]   --->   Operation 86 'ret' 'ret_ln307' <Predicate = true> <Delay = 0.00>


============================================================
+ Verbose Summary: Binding
============================================================
STG Binding: 
---------------- STG Properties BEGIN ----------------
- Is combinational: 0
- Is one-state seq: 0
- Is datapath-only: 0
- Is pipelined: 0
- Is top level: 1
Port [ Return ] is wired: 1; IO mode=ap_ctrl_none:ce=0
Port [ s_axis_V_data_V]:  wired=1; compound=1; hidden=0; nouse=0; global=0; static=0; extern=0; dir=0; type=0; pingpong=0; private_global=0; IO mode=axis:ce=0
Port [ s_axis_V_keep_V]:  wired=1; compound=1; hidden=0; nouse=0; global=0; static=0; extern=0; dir=0; type=0; pingpong=0; private_global=0; IO mode=axis:ce=0
Port [ s_axis_V_strb_V]:  wired=1; compound=1; hidden=0; nouse=0; global=0; static=0; extern=0; dir=0; type=0; pingpong=0; private_global=0; IO mode=axis:ce=0
Port [ s_axis_V_last_V]:  wired=1; compound=1; hidden=0; nouse=0; global=0; static=0; extern=0; dir=0; type=0; pingpong=0; private_global=0; IO mode=axis:ce=0
Port [ s_axis_arp_lookup_request_V]:  wired=1; compound=1; hidden=0; nouse=0; global=0; static=0; extern=0; dir=0; type=0; pingpong=0; private_global=0; IO mode=axis:ce=0
Port [ s_axis_host_arp_lookup_request_V]:  wired=1; compound=1; hidden=0; nouse=0; global=0; static=0; extern=0; dir=0; type=0; pingpong=0; private_global=0; IO mode=axis:ce=0
Port [ m_axis_V_data_V]:  wired=1; compound=1; hidden=0; nouse=0; global=0; static=0; extern=0; dir=1; type=0; pingpong=0; private_global=0; IO mode=axis:ce=0
Port [ m_axis_V_keep_V]:  wired=1; compound=1; hidden=0; nouse=0; global=0; static=0; extern=0; dir=1; type=0; pingpong=0; private_global=0; IO mode=axis:ce=0
Port [ m_axis_V_strb_V]:  wired=1; compound=1; hidden=0; nouse=0; global=0; static=0; extern=0; dir=1; type=0; pingpong=0; private_global=0; IO mode=axis:ce=0
Port [ m_axis_V_last_V]:  wired=1; compound=1; hidden=0; nouse=0; global=0; static=0; extern=0; dir=1; type=0; pingpong=0; private_global=0; IO mode=axis:ce=0
Port [ m_axis_arp_lookup_reply_V]:  wired=1; compound=1; hidden=0; nouse=0; global=0; static=0; extern=0; dir=1; type=0; pingpong=0; private_global=0; IO mode=axis:ce=0
Port [ m_axis_host_arp_lookup_reply_V]:  wired=1; compound=1; hidden=0; nouse=0; global=0; static=0; extern=0; dir=1; type=0; pingpong=0; private_global=0; IO mode=axis:ce=0
Port [ myMacAddress]:  wired=1; compound=0; hidden=0; nouse=0; global=0; static=0; extern=0; dir=0; type=0; pingpong=0; private_global=0; IO mode=ap_none:ce=0
Port [ myIpAddress]:  wired=1; compound=0; hidden=0; nouse=0; global=0; static=0; extern=0; dir=0; type=0; pingpong=0; private_global=0; IO mode=ap_none:ce=0
Port [ regRequestCount]:  wired=1; compound=0; hidden=0; nouse=0; global=0; static=0; extern=0; dir=1; type=0; pingpong=0; private_global=0; IO mode=ap_vld:ce=0
Port [ regReplyCount]:  wired=1; compound=0; hidden=0; nouse=0; global=0; static=0; extern=0; dir=1; type=0; pingpong=0; private_global=0; IO mode=ap_vld:ce=0
Port [ arpDataIn_internal]:  wired=0; compound=1; hidden=1; nouse=0; global=1; static=1; extern=0; dir=2; type=3; pingpong=0; private_global=1; IO mode=ap_fifo:ce=0
Port [ arpDataOut_internal]:  wired=0; compound=1; hidden=1; nouse=0; global=1; static=1; extern=0; dir=2; type=3; pingpong=0; private_global=1; IO mode=ap_fifo:ce=0
Port [ header_ready]:  wired=0; compound=0; hidden=1; nouse=1; global=1; static=1; extern=0; dir=2; type=0; pingpong=0; private_global=0; IO mode=ap_ovld:ce=0
Port [ header_idx]:  wired=0; compound=0; hidden=1; nouse=1; global=1; static=1; extern=0; dir=2; type=0; pingpong=0; private_global=0; IO mode=ap_ovld:ce=0
Port [ header_header_V]:  wired=0; compound=0; hidden=1; nouse=1; global=1; static=1; extern=0; dir=2; type=0; pingpong=0; private_global=0; IO mode=ap_ovld:ce=0
Port [ arpReplyMetaFifo]:  wired=0; compound=1; hidden=1; nouse=0; global=1; static=1; extern=0; dir=2; type=3; pingpong=0; private_global=1; IO mode=ap_fifo:ce=0
Port [ pag_requestCounter_V]:  wired=0; compound=0; hidden=1; nouse=1; global=1; static=1; extern=0; dir=2; type=0; pingpong=0; private_global=0; IO mode=ap_ovld:ce=0
Port [ arpTableInsertFifo]:  wired=0; compound=1; hidden=1; nouse=0; global=1; static=1; extern=0; dir=2; type=3; pingpong=0; private_global=1; IO mode=ap_fifo:ce=0
Port [ pag_replyCounter_V]:  wired=0; compound=0; hidden=1; nouse=1; global=1; static=1; extern=0; dir=2; type=0; pingpong=0; private_global=0; IO mode=ap_ovld:ce=0
Port [ gap_state]:  wired=0; compound=0; hidden=1; nouse=1; global=1; static=1; extern=0; dir=2; type=0; pingpong=0; private_global=0; IO mode=ap_ovld:ce=0
Port [ header_idx_1]:  wired=0; compound=0; hidden=1; nouse=1; global=1; static=1; extern=0; dir=2; type=0; pingpong=0; private_global=0; IO mode=ap_ovld:ce=0
Port [ header_header_V_1]:  wired=0; compound=0; hidden=1; nouse=1; global=1; static=1; extern=0; dir=2; type=0; pingpong=0; private_global=0; IO mode=ap_ovld:ce=0
Port [ arpRequestMetaFifo]:  wired=0; compound=1; hidden=1; nouse=0; global=1; static=1; extern=0; dir=2; type=3; pingpong=0; private_global=1; IO mode=ap_fifo:ce=0
Port [ remainingLength_V]:  wired=0; compound=0; hidden=1; nouse=1; global=1; static=1; extern=0; dir=2; type=0; pingpong=0; private_global=0; IO mode=ap_ovld:ce=0
Port [ arpTable_macAddress_V]:  wired=0; compound=1; hidden=1; nouse=1; global=1; static=1; extern=0; dir=2; type=1; pingpong=0; private_global=0; MemPort=[2]; IO mode=ap_memory:ce=0
Port [ arpTable_valid]:  wired=0; compound=1; hidden=1; nouse=1; global=1; static=1; extern=0; dir=2; type=1; pingpong=0; private_global=0; MemPort=[2]; IO mode=ap_memory:ce=0
---------------- STG Properties END ------------------

---------------- Datapath Model BEGIN ----------------

<LifeTime>
<method=bitvector/>
myIpAddress_c2           (alloca              ) [ 0011111111111]
myMacAddress_c1          (alloca              ) [ 0011111111111]
myIpAddress_c16          (alloca              ) [ 0011111111111]
myIpAddress_c            (alloca              ) [ 0011111111111]
myMacAddress_c           (alloca              ) [ 0011111111111]
myIpAddress_read         (read                ) [ 0000000000000]
myMacAddress_read        (read                ) [ 0000000000000]
call_ln222               (call                ) [ 0000000000000]
call_ln221               (call                ) [ 0000000000000]
call_ln291               (call                ) [ 0000000000000]
call_ln294               (call                ) [ 0000000000000]
call_ln240               (call                ) [ 0000000000000]
call_ln247               (call                ) [ 0000000000000]
call_ln253               (call                ) [ 0000000000000]
specdataflowpipeline_ln0 (specdataflowpipeline) [ 0000000000000]
empty                    (specchannel         ) [ 0000000000000]
empty_36                 (specchannel         ) [ 0000000000000]
empty_37                 (specchannel         ) [ 0000000000000]
empty_38                 (specchannel         ) [ 0000000000000]
empty_39                 (specchannel         ) [ 0000000000000]
spectopmodule_ln0        (spectopmodule       ) [ 0000000000000]
specinterface_ln0        (specinterface       ) [ 0000000000000]
specinterface_ln0        (specinterface       ) [ 0000000000000]
specbitsmap_ln0          (specbitsmap         ) [ 0000000000000]
specbitsmap_ln0          (specbitsmap         ) [ 0000000000000]
specbitsmap_ln0          (specbitsmap         ) [ 0000000000000]
specbitsmap_ln0          (specbitsmap         ) [ 0000000000000]
specinterface_ln0        (specinterface       ) [ 0000000000000]
specbitsmap_ln0          (specbitsmap         ) [ 0000000000000]
specinterface_ln0        (specinterface       ) [ 0000000000000]
specbitsmap_ln0          (specbitsmap         ) [ 0000000000000]
specinterface_ln0        (specinterface       ) [ 0000000000000]
specbitsmap_ln0          (specbitsmap         ) [ 0000000000000]
specbitsmap_ln0          (specbitsmap         ) [ 0000000000000]
specbitsmap_ln0          (specbitsmap         ) [ 0000000000000]
specbitsmap_ln0          (specbitsmap         ) [ 0000000000000]
specinterface_ln0        (specinterface       ) [ 0000000000000]
specbitsmap_ln0          (specbitsmap         ) [ 0000000000000]
specinterface_ln0        (specinterface       ) [ 0000000000000]
specbitsmap_ln0          (specbitsmap         ) [ 0000000000000]
specbitsmap_ln0          (specbitsmap         ) [ 0000000000000]
specinterface_ln0        (specinterface       ) [ 0000000000000]
specbitsmap_ln0          (specbitsmap         ) [ 0000000000000]
specinterface_ln0        (specinterface       ) [ 0000000000000]
specbitsmap_ln0          (specbitsmap         ) [ 0000000000000]
specinterface_ln0        (specinterface       ) [ 0000000000000]
specbitsmap_ln0          (specbitsmap         ) [ 0000000000000]
specinterface_ln0        (specinterface       ) [ 0000000000000]
specinterface_ln0        (specinterface       ) [ 0000000000000]
specinterface_ln0        (specinterface       ) [ 0000000000000]
specinterface_ln0        (specinterface       ) [ 0000000000000]
specinterface_ln0        (specinterface       ) [ 0000000000000]
specinterface_ln0        (specinterface       ) [ 0000000000000]
empty_40                 (specchannel         ) [ 0000000000000]
specinterface_ln221      (specinterface       ) [ 0000000000000]
empty_41                 (specchannel         ) [ 0000000000000]
specinterface_ln222      (specinterface       ) [ 0000000000000]
empty_42                 (specchannel         ) [ 0000000000000]
specinterface_ln221      (specinterface       ) [ 0000000000000]
empty_43                 (specchannel         ) [ 0000000000000]
specinterface_ln222      (specinterface       ) [ 0000000000000]
empty_44                 (specchannel         ) [ 0000000000000]
specinterface_ln222      (specinterface       ) [ 0000000000000]
ret_ln307                (ret                 ) [ 0000000000000]
</LifeTime>

<model>

<comp_list>
<comp id="0" class="1000" name="s_axis_V_data_V">
<pin_list>
<pin id="1" dir="1" index="0" bw="1" slack="0"/>
</pin_list>
<bind>
<StgValue><ssdm name="s_axis_V_data_V"/></StgValue>
</bind>
</comp>

<comp id="2" class="1000" name="s_axis_V_keep_V">
<pin_list>
<pin id="3" dir="1" index="0" bw="1" slack="0"/>
</pin_list>
<bind>
<StgValue><ssdm name="s_axis_V_keep_V"/></StgValue>
</bind>
</comp>

<comp id="4" class="1000" name="s_axis_V_strb_V">
<pin_list>
<pin id="5" dir="1" index="0" bw="1" slack="0"/>
</pin_list>
<bind>
<StgValue><ssdm name="s_axis_V_strb_V"/></StgValue>
</bind>
</comp>

<comp id="6" class="1000" name="s_axis_V_last_V">
<pin_list>
<pin id="7" dir="1" index="0" bw="1" slack="0"/>
</pin_list>
<bind>
<StgValue><ssdm name="s_axis_V_last_V"/></StgValue>
</bind>
</comp>

<comp id="8" class="1000" name="s_axis_arp_lookup_request_V">
<pin_list>
<pin id="9" dir="1" index="0" bw="1" slack="0"/>
</pin_list>
<bind>
<StgValue><ssdm name="s_axis_arp_lookup_request_V"/></StgValue>
</bind>
</comp>

<comp id="10" class="1000" name="s_axis_host_arp_lookup_request_V">
<pin_list>
<pin id="11" dir="1" index="0" bw="1" slack="0"/>
</pin_list>
<bind>
<StgValue><ssdm name="s_axis_host_arp_lookup_request_V"/></StgValue>
</bind>
</comp>

<comp id="12" class="1000" name="m_axis_V_data_V">
<pin_list>
<pin id="13" dir="1" index="0" bw="1" slack="0"/>
</pin_list>
<bind>
<StgValue><ssdm name="m_axis_V_data_V"/></StgValue>
</bind>
</comp>

<comp id="14" class="1000" name="m_axis_V_keep_V">
<pin_list>
<pin id="15" dir="1" index="0" bw="1" slack="0"/>
</pin_list>
<bind>
<StgValue><ssdm name="m_axis_V_keep_V"/></StgValue>
</bind>
</comp>

<comp id="16" class="1000" name="m_axis_V_strb_V">
<pin_list>
<pin id="17" dir="1" index="0" bw="1" slack="0"/>
</pin_list>
<bind>
<StgValue><ssdm name="m_axis_V_strb_V"/></StgValue>
</bind>
</comp>

<comp id="18" class="1000" name="m_axis_V_last_V">
<pin_list>
<pin id="19" dir="1" index="0" bw="1" slack="0"/>
</pin_list>
<bind>
<StgValue><ssdm name="m_axis_V_last_V"/></StgValue>
</bind>
</comp>

<comp id="20" class="1000" name="m_axis_arp_lookup_reply_V">
<pin_list>
<pin id="21" dir="1" index="0" bw="1" slack="0"/>
</pin_list>
<bind>
<StgValue><ssdm name="m_axis_arp_lookup_reply_V"/></StgValue>
</bind>
</comp>

<comp id="22" class="1000" name="m_axis_host_arp_lookup_reply_V">
<pin_list>
<pin id="23" dir="1" index="0" bw="1" slack="0"/>
</pin_list>
<bind>
<StgValue><ssdm name="m_axis_host_arp_lookup_reply_V"/></StgValue>
</bind>
</comp>

<comp id="24" class="1000" name="myMacAddress">
<pin_list>
<pin id="25" dir="1" index="0" bw="1" slack="0"/>
</pin_list>
<bind>
<StgValue><ssdm name="myMacAddress"/></StgValue>
</bind>
</comp>

<comp id="26" class="1000" name="myIpAddress">
<pin_list>
<pin id="27" dir="1" index="0" bw="1" slack="0"/>
</pin_list>
<bind>
<StgValue><ssdm name="myIpAddress"/></StgValue>
</bind>
</comp>

<comp id="28" class="1000" name="regRequestCount">
<pin_list>
<pin id="29" dir="1" index="0" bw="1" slack="0"/>
</pin_list>
<bind>
<StgValue><ssdm name="regRequestCount"/></StgValue>
</bind>
</comp>

<comp id="30" class="1000" name="regReplyCount">
<pin_list>
<pin id="31" dir="1" index="0" bw="1" slack="0"/>
</pin_list>
<bind>
<StgValue><ssdm name="regReplyCount"/></StgValue>
</bind>
</comp>

<comp id="32" class="1000" name="arpDataIn_internal">
<pin_list>
<pin id="33" dir="1" index="0" bw="1" slack="0"/>
</pin_list>
<bind>
<StgValue><ssdm name="arpDataIn_internal"/></StgValue>
</bind>
</comp>

<comp id="34" class="1000" name="arpDataOut_internal">
<pin_list>
<pin id="35" dir="1" index="0" bw="1" slack="0"/>
</pin_list>
<bind>
<StgValue><ssdm name="arpDataOut_internal"/></StgValue>
</bind>
</comp>

<comp id="36" class="1000" name="header_ready">
<pin_list>
<pin id="37" dir="1" index="0" bw="1" slack="0"/>
</pin_list>
<bind>
<StgValue><ssdm name="header_ready"/></StgValue>
</bind>
</comp>

<comp id="38" class="1000" name="header_idx">
<pin_list>
<pin id="39" dir="1" index="0" bw="1" slack="0"/>
</pin_list>
<bind>
<StgValue><ssdm name="header_idx"/></StgValue>
</bind>
</comp>

<comp id="40" class="1000" name="header_header_V">
<pin_list>
<pin id="41" dir="1" index="0" bw="1" slack="0"/>
</pin_list>
<bind>
<StgValue><ssdm name="header_header_V"/></StgValue>
</bind>
</comp>

<comp id="42" class="1000" name="arpReplyMetaFifo">
<pin_list>
<pin id="43" dir="1" index="0" bw="1" slack="0"/>
</pin_list>
<bind>
<StgValue><ssdm name="arpReplyMetaFifo"/></StgValue>
</bind>
</comp>

<comp id="44" class="1000" name="pag_requestCounter_V">
<pin_list>
<pin id="45" dir="1" index="0" bw="1" slack="0"/>
</pin_list>
<bind>
<StgValue><ssdm name="pag_requestCounter_V"/></StgValue>
</bind>
</comp>

<comp id="46" class="1000" name="arpTableInsertFifo">
<pin_list>
<pin id="47" dir="1" index="0" bw="1" slack="0"/>
</pin_list>
<bind>
<StgValue><ssdm name="arpTableInsertFifo"/></StgValue>
</bind>
</comp>

<comp id="48" class="1000" name="pag_replyCounter_V">
<pin_list>
<pin id="49" dir="1" index="0" bw="1" slack="0"/>
</pin_list>
<bind>
<StgValue><ssdm name="pag_replyCounter_V"/></StgValue>
</bind>
</comp>

<comp id="50" class="1000" name="gap_state">
<pin_list>
<pin id="51" dir="1" index="0" bw="1" slack="0"/>
</pin_list>
<bind>
<StgValue><ssdm name="gap_state"/></StgValue>
</bind>
</comp>

<comp id="52" class="1000" name="header_idx_1">
<pin_list>
<pin id="53" dir="1" index="0" bw="1" slack="0"/>
</pin_list>
<bind>
<StgValue><ssdm name="header_idx_1"/></StgValue>
</bind>
</comp>

<comp id="54" class="1000" name="header_header_V_1">
<pin_list>
<pin id="55" dir="1" index="0" bw="1" slack="0"/>
</pin_list>
<bind>
<StgValue><ssdm name="header_header_V_1"/></StgValue>
</bind>
</comp>

<comp id="56" class="1000" name="arpRequestMetaFifo">
<pin_list>
<pin id="57" dir="1" index="0" bw="1" slack="0"/>
</pin_list>
<bind>
<StgValue><ssdm name="arpRequestMetaFifo"/></StgValue>
</bind>
</comp>

<comp id="58" class="1000" name="remainingLength_V">
<pin_list>
<pin id="59" dir="1" index="0" bw="1" slack="0"/>
</pin_list>
<bind>
<StgValue><ssdm name="remainingLength_V"/></StgValue>
</bind>
</comp>

<comp id="60" class="1000" name="arpTable_macAddress_V">
<pin_list>
<pin id="61" dir="1" index="0" bw="1" slack="0"/>
</pin_list>
<bind>
<StgValue><ssdm name="arpTable_macAddress_V"/><MemPortTyVec>2 </MemPortTyVec>
</StgValue>
</bind>
</comp>

<comp id="62" class="1000" name="arpTable_valid">
<pin_list>
<pin id="63" dir="1" index="0" bw="1" slack="0"/>
</pin_list>
<bind>
<StgValue><ssdm name="arpTable_valid"/><MemPortTyVec>2 </MemPortTyVec>
</StgValue>
</bind>
</comp>

<comp id="64" class="1001" name="const_64">
<pin_list>
<pin id="65" dir="1" index="0" bw="1" slack="0"/>
</pin_list>
<bind>
<StgValue><ssdm name="_ssdm_op_Read.ap_none.i32"/></StgValue>
</bind>
</comp>

<comp id="66" class="1001" name="const_66">
<pin_list>
<pin id="67" dir="1" index="0" bw="1" slack="0"/>
</pin_list>
<bind>
<StgValue><ssdm name="_ssdm_op_Read.ap_none.i48"/></StgValue>
</bind>
</comp>

<comp id="68" class="1001" name="const_68">
<pin_list>
<pin id="69" dir="1" index="0" bw="1" slack="0"/>
</pin_list>
<bind>
<StgValue><ssdm name=""/></StgValue>
</bind>
</comp>

<comp id="70" class="1001" name="const_70">
<pin_list>
<pin id="71" dir="1" index="0" bw="1" slack="0"/>
</pin_list>
<bind>
<StgValue><ssdm name="arp_server_subnet_top.entry3"/></StgValue>
</bind>
</comp>

<comp id="72" class="1001" name="const_72">
<pin_list>
<pin id="73" dir="1" index="0" bw="1" slack="0"/>
</pin_list>
<bind>
<StgValue><ssdm name="convert_axis_to_net_axis<64>"/></StgValue>
</bind>
</comp>

<comp id="74" class="1001" name="const_74">
<pin_list>
<pin id="75" dir="1" index="0" bw="1" slack="0"/>
</pin_list>
<bind>
<StgValue><ssdm name="arp_server_subnet_top.entry7"/></StgValue>
</bind>
</comp>

<comp id="76" class="1001" name="const_76">
<pin_list>
<pin id="77" dir="1" index="0" bw="1" slack="0"/>
</pin_list>
<bind>
<StgValue><ssdm name="convert_net_axis_to_axis<64>"/></StgValue>
</bind>
</comp>

<comp id="78" class="1001" name="const_78">
<pin_list>
<pin id="79" dir="1" index="0" bw="1" slack="0"/>
</pin_list>
<bind>
<StgValue><ssdm name="process_arp_pkg<64>"/></StgValue>
</bind>
</comp>

<comp id="80" class="1001" name="const_80">
<pin_list>
<pin id="81" dir="1" index="0" bw="1" slack="0"/>
</pin_list>
<bind>
<StgValue><ssdm name="generate_arp_pkg<64>"/></StgValue>
</bind>
</comp>

<comp id="82" class="1001" name="const_82">
<pin_list>
<pin id="83" dir="1" index="0" bw="1" slack="0"/>
</pin_list>
<bind>
<StgValue><ssdm name="arp_table"/></StgValue>
</bind>
</comp>

<comp id="84" class="1001" name="const_84">
<pin_list>
<pin id="85" dir="1" index="0" bw="1" slack="2147483647"/>
</pin_list>
<bind>
<StgValue><ssdm name="_ssdm_op_SpecDataflowPipeline"/></StgValue>
</bind>
</comp>

<comp id="86" class="1001" name="const_86">
<pin_list>
<pin id="87" dir="1" index="0" bw="1" slack="2147483647"/>
</pin_list>
<bind>
<StgValue><ssdm name=""/></StgValue>
</bind>
</comp>

<comp id="88" class="1001" name="const_88">
<pin_list>
<pin id="89" dir="1" index="0" bw="1" slack="2147483647"/>
</pin_list>
<bind>
<StgValue><ssdm name=""/></StgValue>
</bind>
</comp>

<comp id="90" class="1001" name="const_90">
<pin_list>
<pin id="91" dir="1" index="0" bw="1" slack="2147483647"/>
</pin_list>
<bind>
<StgValue><ssdm name="empty_3"/></StgValue>
</bind>
</comp>

<comp id="92" class="1001" name="const_92">
<pin_list>
<pin id="93" dir="1" index="0" bw="1" slack="2147483647"/>
</pin_list>
<bind>
<StgValue><ssdm name="_ssdm_op_SpecChannel"/></StgValue>
</bind>
</comp>

<comp id="94" class="1001" name="const_94">
<pin_list>
<pin id="95" dir="1" index="0" bw="1" slack="2147483647"/>
</pin_list>
<bind>
<StgValue><ssdm name="arpDataIn_internal_str"/></StgValue>
</bind>
</comp>

<comp id="96" class="1001" name="const_96">
<pin_list>
<pin id="97" dir="1" index="0" bw="1" slack="2147483647"/>
</pin_list>
<bind>
<StgValue><ssdm name="p_str"/></StgValue>
</bind>
</comp>

<comp id="98" class="1001" name="const_98">
<pin_list>
<pin id="99" dir="1" index="0" bw="1" slack="2147483647"/>
</pin_list>
<bind>
<StgValue><ssdm name=""/></StgValue>
</bind>
</comp>

<comp id="100" class="1001" name="const_100">
<pin_list>
<pin id="101" dir="1" index="0" bw="1" slack="2147483647"/>
</pin_list>
<bind>
<StgValue><ssdm name="arpDataOut_internal_str"/></StgValue>
</bind>
</comp>

<comp id="102" class="1001" name="const_102">
<pin_list>
<pin id="103" dir="1" index="0" bw="1" slack="2147483647"/>
</pin_list>
<bind>
<StgValue><ssdm name="arpReplyMetaFifo_str"/></StgValue>
</bind>
</comp>

<comp id="104" class="1001" name="const_104">
<pin_list>
<pin id="105" dir="1" index="0" bw="1" slack="2147483647"/>
</pin_list>
<bind>
<StgValue><ssdm name=""/></StgValue>
</bind>
</comp>

<comp id="106" class="1001" name="const_106">
<pin_list>
<pin id="107" dir="1" index="0" bw="1" slack="2147483647"/>
</pin_list>
<bind>
<StgValue><ssdm name="arpRequestMetaFifo_str"/></StgValue>
</bind>
</comp>

<comp id="108" class="1001" name="const_108">
<pin_list>
<pin id="109" dir="1" index="0" bw="1" slack="2147483647"/>
</pin_list>
<bind>
<StgValue><ssdm name="arpTableInsertFifo_str"/></StgValue>
</bind>
</comp>

<comp id="110" class="1001" name="const_110">
<pin_list>
<pin id="111" dir="1" index="0" bw="1" slack="2147483647"/>
</pin_list>
<bind>
<StgValue><ssdm name="_ssdm_op_SpecTopModule"/></StgValue>
</bind>
</comp>

<comp id="112" class="1001" name="const_112">
<pin_list>
<pin id="113" dir="1" index="0" bw="1" slack="2147483647"/>
</pin_list>
<bind>
<StgValue><ssdm name="empty_0"/></StgValue>
</bind>
</comp>

<comp id="114" class="1001" name="const_114">
<pin_list>
<pin id="115" dir="1" index="0" bw="1" slack="2147483647"/>
</pin_list>
<bind>
<StgValue><ssdm name="_ssdm_op_SpecInterface"/></StgValue>
</bind>
</comp>

<comp id="116" class="1001" name="const_116">
<pin_list>
<pin id="117" dir="1" index="0" bw="1" slack="2147483647"/>
</pin_list>
<bind>
<StgValue><ssdm name=""/></StgValue>
</bind>
</comp>

<comp id="118" class="1001" name="const_118">
<pin_list>
<pin id="119" dir="1" index="0" bw="1" slack="2147483647"/>
</pin_list>
<bind>
<StgValue><ssdm name="empty"/></StgValue>
</bind>
</comp>

<comp id="120" class="1001" name="const_120">
<pin_list>
<pin id="121" dir="1" index="0" bw="1" slack="2147483647"/>
</pin_list>
<bind>
<StgValue><ssdm name="empty_1"/></StgValue>
</bind>
</comp>

<comp id="122" class="1001" name="const_122">
<pin_list>
<pin id="123" dir="1" index="0" bw="1" slack="2147483647"/>
</pin_list>
<bind>
<StgValue><ssdm name="empty_2"/></StgValue>
</bind>
</comp>

<comp id="124" class="1001" name="const_124">
<pin_list>
<pin id="125" dir="1" index="0" bw="1" slack="2147483647"/>
</pin_list>
<bind>
<StgValue><ssdm name="_ssdm_op_SpecBitsMap"/></StgValue>
</bind>
</comp>

<comp id="126" class="1001" name="const_126">
<pin_list>
<pin id="127" dir="1" index="0" bw="1" slack="2147483647"/>
</pin_list>
<bind>
<StgValue><ssdm name="empty_6"/></StgValue>
</bind>
</comp>

<comp id="128" class="1001" name="const_128">
<pin_list>
<pin id="129" dir="1" index="0" bw="1" slack="2147483647"/>
</pin_list>
<bind>
<StgValue><ssdm name="empty_4"/></StgValue>
</bind>
</comp>

<comp id="130" class="1001" name="const_130">
<pin_list>
<pin id="131" dir="1" index="0" bw="1" slack="2147483647"/>
</pin_list>
<bind>
<StgValue><ssdm name="empty_5"/></StgValue>
</bind>
</comp>

<comp id="132" class="1001" name="const_132">
<pin_list>
<pin id="133" dir="1" index="0" bw="1" slack="2147483647"/>
</pin_list>
<bind>
<StgValue><ssdm name="myMacAddress_c_str"/></StgValue>
</bind>
</comp>

<comp id="134" class="1001" name="const_134">
<pin_list>
<pin id="135" dir="1" index="0" bw="1" slack="2147483647"/>
</pin_list>
<bind>
<StgValue><ssdm name="ap_fifo_str"/></StgValue>
</bind>
</comp>

<comp id="136" class="1001" name="const_136">
<pin_list>
<pin id="137" dir="1" index="0" bw="1" slack="2147483647"/>
</pin_list>
<bind>
<StgValue><ssdm name=""/></StgValue>
</bind>
</comp>

<comp id="138" class="1001" name="const_138">
<pin_list>
<pin id="139" dir="1" index="0" bw="1" slack="2147483647"/>
</pin_list>
<bind>
<StgValue><ssdm name="myIpAddress_c_str"/></StgValue>
</bind>
</comp>

<comp id="140" class="1001" name="const_140">
<pin_list>
<pin id="141" dir="1" index="0" bw="1" slack="2147483647"/>
</pin_list>
<bind>
<StgValue><ssdm name=""/></StgValue>
</bind>
</comp>

<comp id="142" class="1001" name="const_142">
<pin_list>
<pin id="143" dir="1" index="0" bw="1" slack="2147483647"/>
</pin_list>
<bind>
<StgValue><ssdm name="myMacAddress_c1_str"/></StgValue>
</bind>
</comp>

<comp id="144" class="1001" name="const_144">
<pin_list>
<pin id="145" dir="1" index="0" bw="1" slack="2147483647"/>
</pin_list>
<bind>
<StgValue><ssdm name="myIpAddress_c2_str"/></StgValue>
</bind>
</comp>

<comp id="146" class="1001" name="const_146">
<pin_list>
<pin id="147" dir="1" index="0" bw="1" slack="2147483647"/>
</pin_list>
<bind>
<StgValue><ssdm name="myIpAddress_c16_str"/></StgValue>
</bind>
</comp>

<comp id="148" class="1004" name="myIpAddress_c2_fu_148">
<pin_list>
<pin id="149" dir="0" index="0" bw="1" slack="0"/>
<pin id="150" dir="1" index="1" bw="32" slack="1"/>
</pin_list>
<bind>
<opcode="alloca(26) " fcode="alloca"/>
<opset="myIpAddress_c2/1 "/>
</bind>
</comp>

<comp id="152" class="1004" name="myMacAddress_c1_fu_152">
<pin_list>
<pin id="153" dir="0" index="0" bw="1" slack="0"/>
<pin id="154" dir="1" index="1" bw="48" slack="1"/>
</pin_list>
<bind>
<opcode="alloca(26) " fcode="alloca"/>
<opset="myMacAddress_c1/1 "/>
</bind>
</comp>

<comp id="156" class="1004" name="myIpAddress_c16_fu_156">
<pin_list>
<pin id="157" dir="0" index="0" bw="1" slack="0"/>
<pin id="158" dir="1" index="1" bw="32" slack="3"/>
</pin_list>
<bind>
<opcode="alloca(26) " fcode="alloca"/>
<opset="myIpAddress_c16/1 "/>
</bind>
</comp>

<comp id="160" class="1004" name="myIpAddress_c_fu_160">
<pin_list>
<pin id="161" dir="0" index="0" bw="1" slack="0"/>
<pin id="162" dir="1" index="1" bw="32" slack="2"/>
</pin_list>
<bind>
<opcode="alloca(26) " fcode="alloca"/>
<opset="myIpAddress_c/1 "/>
</bind>
</comp>

<comp id="164" class="1004" name="myMacAddress_c_fu_164">
<pin_list>
<pin id="165" dir="0" index="0" bw="1" slack="0"/>
<pin id="166" dir="1" index="1" bw="48" slack="2"/>
</pin_list>
<bind>
<opcode="alloca(26) " fcode="alloca"/>
<opset="myMacAddress_c/1 "/>
</bind>
</comp>

<comp id="168" class="1004" name="grp_read_fu_168">
<pin_list>
<pin id="169" dir="0" index="0" bw="32" slack="0"/>
<pin id="170" dir="0" index="1" bw="32" slack="0"/>
<pin id="171" dir="1" index="2" bw="32" slack="0"/>
</pin_list>
<bind>
<opcode="read(1150) " fcode="read"/>
<opset="myIpAddress_read/1 "/>
</bind>
</comp>

<comp id="174" class="1004" name="grp_read_fu_174">
<pin_list>
<pin id="175" dir="0" index="0" bw="48" slack="0"/>
<pin id="176" dir="0" index="1" bw="48" slack="0"/>
<pin id="177" dir="1" index="2" bw="48" slack="0"/>
</pin_list>
<bind>
<opcode="read(1150) " fcode="read"/>
<opset="myMacAddress_read/1 "/>
</bind>
</comp>

<comp id="180" class="1004" name="grp_generate_arp_pkg_64_s_fu_180">
<pin_list>
<pin id="181" dir="0" index="0" bw="0" slack="0"/>
<pin id="182" dir="0" index="1" bw="48" slack="6"/>
<pin id="183" dir="0" index="2" bw="32" slack="6"/>
<pin id="184" dir="0" index="3" bw="2" slack="0"/>
<pin id="185" dir="0" index="4" bw="16" slack="0"/>
<pin id="186" dir="0" index="5" bw="336" slack="0"/>
<pin id="187" dir="0" index="6" bw="192" slack="0"/>
<pin id="188" dir="0" index="7" bw="32" slack="0"/>
<pin id="189" dir="0" index="8" bw="6" slack="0"/>
<pin id="190" dir="0" index="9" bw="128" slack="0"/>
<pin id="191" dir="1" index="10" bw="0" slack="2147483647"/>
</pin_list>
<bind>
<opcode="call(48) " fcode="call"/>
<opset="call_ln247/7 "/>
</bind>
</comp>

<comp id="200" class="1004" name="grp_process_arp_pkg_64_s_fu_200">
<pin_list>
<pin id="201" dir="0" index="0" bw="0" slack="0"/>
<pin id="202" dir="0" index="1" bw="16" slack="0"/>
<pin id="203" dir="0" index="2" bw="16" slack="0"/>
<pin id="204" dir="0" index="3" bw="32" slack="3"/>
<pin id="205" dir="0" index="4" bw="32" slack="3"/>
<pin id="206" dir="0" index="5" bw="128" slack="0"/>
<pin id="207" dir="0" index="6" bw="1" slack="0"/>
<pin id="208" dir="0" index="7" bw="16" slack="0"/>
<pin id="209" dir="0" index="8" bw="336" slack="0"/>
<pin id="210" dir="0" index="9" bw="192" slack="0"/>
<pin id="211" dir="0" index="10" bw="16" slack="0"/>
<pin id="212" dir="0" index="11" bw="192" slack="0"/>
<pin id="213" dir="0" index="12" bw="16" slack="0"/>
<pin id="214" dir="1" index="13" bw="0" slack="2147483647"/>
</pin_list>
<bind>
<opcode="call(48) " fcode="call"/>
<opset="call_ln240/4 "/>
</bind>
</comp>

<comp id="226" class="1004" name="grp_arp_table_fu_226">
<pin_list>
<pin id="227" dir="0" index="0" bw="0" slack="0"/>
<pin id="228" dir="0" index="1" bw="32" slack="0"/>
<pin id="229" dir="0" index="2" bw="32" slack="0"/>
<pin id="230" dir="0" index="3" bw="128" slack="0"/>
<pin id="231" dir="0" index="4" bw="128" slack="0"/>
<pin id="232" dir="0" index="5" bw="192" slack="0"/>
<pin id="233" dir="0" index="6" bw="48" slack="0"/>
<pin id="234" dir="0" index="7" bw="1" slack="0"/>
<pin id="235" dir="0" index="8" bw="32" slack="0"/>
<pin id="236" dir="1" index="9" bw="0" slack="2147483647"/>
</pin_list>
<bind>
<opcode="call(48) " fcode="call"/>
<opset="call_ln253/9 "/>
</bind>
</comp>

<comp id="246" class="1004" name="grp_convert_axis_to_net_axis_64_s_fu_246">
<pin_list>
<pin id="247" dir="0" index="0" bw="0" slack="0"/>
<pin id="248" dir="0" index="1" bw="64" slack="0"/>
<pin id="249" dir="0" index="2" bw="8" slack="0"/>
<pin id="250" dir="0" index="3" bw="8" slack="0"/>
<pin id="251" dir="0" index="4" bw="1" slack="0"/>
<pin id="252" dir="0" index="5" bw="128" slack="0"/>
<pin id="253" dir="1" index="6" bw="0" slack="2147483647"/>
</pin_list>
<bind>
<opcode="call(48) " fcode="call"/>
<opset="call_ln291/2 "/>
</bind>
</comp>

<comp id="260" class="1004" name="grp_convert_net_axis_to_axis_64_s_fu_260">
<pin_list>
<pin id="261" dir="0" index="0" bw="0" slack="0"/>
<pin id="262" dir="0" index="1" bw="64" slack="0"/>
<pin id="263" dir="0" index="2" bw="8" slack="0"/>
<pin id="264" dir="0" index="3" bw="8" slack="0"/>
<pin id="265" dir="0" index="4" bw="1" slack="0"/>
<pin id="266" dir="0" index="5" bw="128" slack="0"/>
<pin id="267" dir="1" index="6" bw="0" slack="2147483647"/>
</pin_list>
<bind>
<opcode="call(48) " fcode="call"/>
<opset="call_ln294/4 "/>
</bind>
</comp>

<comp id="274" class="1004" name="call_ln222_arp_server_subnet_top_entry3_fu_274">
<pin_list>
<pin id="275" dir="0" index="0" bw="0" slack="0"/>
<pin id="276" dir="0" index="1" bw="48" slack="0"/>
<pin id="277" dir="0" index="2" bw="32" slack="0"/>
<pin id="278" dir="0" index="3" bw="48" slack="1"/>
<pin id="279" dir="0" index="4" bw="32" slack="1"/>
<pin id="280" dir="1" index="5" bw="0" slack="2147483647"/>
</pin_list>
<bind>
<opcode="call(48) " fcode="call"/>
<opset="call_ln222/2 "/>
</bind>
</comp>

<comp id="284" class="1004" name="call_ln221_arp_server_subnet_top_entry7_fu_284">
<pin_list>
<pin id="285" dir="0" index="0" bw="0" slack="0"/>
<pin id="286" dir="0" index="1" bw="48" slack="2"/>
<pin id="287" dir="0" index="2" bw="32" slack="2"/>
<pin id="288" dir="0" index="3" bw="48" slack="2"/>
<pin id="289" dir="0" index="4" bw="32" slack="2"/>
<pin id="290" dir="1" index="5" bw="0" slack="2147483647"/>
</pin_list>
<bind>
<opcode="call(48) " fcode="call"/>
<opset="call_ln221/3 "/>
</bind>
</comp>

<comp id="292" class="1005" name="myIpAddress_c2_reg_292">
<pin_list>
<pin id="293" dir="0" index="0" bw="32" slack="1"/>
<pin id="294" dir="1" index="1" bw="32" slack="1"/>
</pin_list>
<bind>
<opset="myIpAddress_c2 "/>
</bind>
</comp>

<comp id="298" class="1005" name="myMacAddress_c1_reg_298">
<pin_list>
<pin id="299" dir="0" index="0" bw="48" slack="1"/>
<pin id="300" dir="1" index="1" bw="48" slack="1"/>
</pin_list>
<bind>
<opset="myMacAddress_c1 "/>
</bind>
</comp>

<comp id="304" class="1005" name="myIpAddress_c16_reg_304">
<pin_list>
<pin id="305" dir="0" index="0" bw="32" slack="3"/>
<pin id="306" dir="1" index="1" bw="32" slack="3"/>
</pin_list>
<bind>
<opset="myIpAddress_c16 "/>
</bind>
</comp>

<comp id="310" class="1005" name="myIpAddress_c_reg_310">
<pin_list>
<pin id="311" dir="0" index="0" bw="32" slack="2"/>
<pin id="312" dir="1" index="1" bw="32" slack="2"/>
</pin_list>
<bind>
<opset="myIpAddress_c "/>
</bind>
</comp>

<comp id="316" class="1005" name="myMacAddress_c_reg_316">
<pin_list>
<pin id="317" dir="0" index="0" bw="48" slack="2"/>
<pin id="318" dir="1" index="1" bw="48" slack="2"/>
</pin_list>
<bind>
<opset="myMacAddress_c "/>
</bind>
</comp>

</comp_list>

<net_list>
<net id="151"><net_src comp="68" pin="0"/><net_sink comp="148" pin=0"/></net>

<net id="155"><net_src comp="68" pin="0"/><net_sink comp="152" pin=0"/></net>

<net id="159"><net_src comp="68" pin="0"/><net_sink comp="156" pin=0"/></net>

<net id="163"><net_src comp="68" pin="0"/><net_sink comp="160" pin=0"/></net>

<net id="167"><net_src comp="68" pin="0"/><net_sink comp="164" pin=0"/></net>

<net id="172"><net_src comp="64" pin="0"/><net_sink comp="168" pin=0"/></net>

<net id="173"><net_src comp="26" pin="0"/><net_sink comp="168" pin=1"/></net>

<net id="178"><net_src comp="66" pin="0"/><net_sink comp="174" pin=0"/></net>

<net id="179"><net_src comp="24" pin="0"/><net_sink comp="174" pin=1"/></net>

<net id="192"><net_src comp="80" pin="0"/><net_sink comp="180" pin=0"/></net>

<net id="193"><net_src comp="50" pin="0"/><net_sink comp="180" pin=3"/></net>

<net id="194"><net_src comp="52" pin="0"/><net_sink comp="180" pin=4"/></net>

<net id="195"><net_src comp="54" pin="0"/><net_sink comp="180" pin=5"/></net>

<net id="196"><net_src comp="42" pin="0"/><net_sink comp="180" pin=6"/></net>

<net id="197"><net_src comp="56" pin="0"/><net_sink comp="180" pin=7"/></net>

<net id="198"><net_src comp="58" pin="0"/><net_sink comp="180" pin=8"/></net>

<net id="199"><net_src comp="34" pin="0"/><net_sink comp="180" pin=9"/></net>

<net id="215"><net_src comp="78" pin="0"/><net_sink comp="200" pin=0"/></net>

<net id="216"><net_src comp="28" pin="0"/><net_sink comp="200" pin=1"/></net>

<net id="217"><net_src comp="30" pin="0"/><net_sink comp="200" pin=2"/></net>

<net id="218"><net_src comp="32" pin="0"/><net_sink comp="200" pin=5"/></net>

<net id="219"><net_src comp="36" pin="0"/><net_sink comp="200" pin=6"/></net>

<net id="220"><net_src comp="38" pin="0"/><net_sink comp="200" pin=7"/></net>

<net id="221"><net_src comp="40" pin="0"/><net_sink comp="200" pin=8"/></net>

<net id="222"><net_src comp="42" pin="0"/><net_sink comp="200" pin=9"/></net>

<net id="223"><net_src comp="44" pin="0"/><net_sink comp="200" pin=10"/></net>

<net id="224"><net_src comp="46" pin="0"/><net_sink comp="200" pin=11"/></net>

<net id="225"><net_src comp="48" pin="0"/><net_sink comp="200" pin=12"/></net>

<net id="237"><net_src comp="82" pin="0"/><net_sink comp="226" pin=0"/></net>

<net id="238"><net_src comp="8" pin="0"/><net_sink comp="226" pin=1"/></net>

<net id="239"><net_src comp="10" pin="0"/><net_sink comp="226" pin=2"/></net>

<net id="240"><net_src comp="20" pin="0"/><net_sink comp="226" pin=3"/></net>

<net id="241"><net_src comp="22" pin="0"/><net_sink comp="226" pin=4"/></net>

<net id="242"><net_src comp="46" pin="0"/><net_sink comp="226" pin=5"/></net>

<net id="243"><net_src comp="60" pin="0"/><net_sink comp="226" pin=6"/></net>

<net id="244"><net_src comp="62" pin="0"/><net_sink comp="226" pin=7"/></net>

<net id="245"><net_src comp="56" pin="0"/><net_sink comp="226" pin=8"/></net>

<net id="254"><net_src comp="72" pin="0"/><net_sink comp="246" pin=0"/></net>

<net id="255"><net_src comp="0" pin="0"/><net_sink comp="246" pin=1"/></net>

<net id="256"><net_src comp="2" pin="0"/><net_sink comp="246" pin=2"/></net>

<net id="257"><net_src comp="4" pin="0"/><net_sink comp="246" pin=3"/></net>

<net id="258"><net_src comp="6" pin="0"/><net_sink comp="246" pin=4"/></net>

<net id="259"><net_src comp="32" pin="0"/><net_sink comp="246" pin=5"/></net>

<net id="268"><net_src comp="76" pin="0"/><net_sink comp="260" pin=0"/></net>

<net id="269"><net_src comp="12" pin="0"/><net_sink comp="260" pin=1"/></net>

<net id="270"><net_src comp="14" pin="0"/><net_sink comp="260" pin=2"/></net>

<net id="271"><net_src comp="16" pin="0"/><net_sink comp="260" pin=3"/></net>

<net id="272"><net_src comp="18" pin="0"/><net_sink comp="260" pin=4"/></net>

<net id="273"><net_src comp="34" pin="0"/><net_sink comp="260" pin=5"/></net>

<net id="281"><net_src comp="70" pin="0"/><net_sink comp="274" pin=0"/></net>

<net id="282"><net_src comp="174" pin="2"/><net_sink comp="274" pin=1"/></net>

<net id="283"><net_src comp="168" pin="2"/><net_sink comp="274" pin=2"/></net>

<net id="291"><net_src comp="74" pin="0"/><net_sink comp="284" pin=0"/></net>

<net id="295"><net_src comp="148" pin="1"/><net_sink comp="292" pin=0"/></net>

<net id="296"><net_src comp="292" pin="1"/><net_sink comp="274" pin=4"/></net>

<net id="297"><net_src comp="292" pin="1"/><net_sink comp="284" pin=2"/></net>

<net id="301"><net_src comp="152" pin="1"/><net_sink comp="298" pin=0"/></net>

<net id="302"><net_src comp="298" pin="1"/><net_sink comp="274" pin=3"/></net>

<net id="303"><net_src comp="298" pin="1"/><net_sink comp="284" pin=1"/></net>

<net id="307"><net_src comp="156" pin="1"/><net_sink comp="304" pin=0"/></net>

<net id="308"><net_src comp="304" pin="1"/><net_sink comp="200" pin=4"/></net>

<net id="309"><net_src comp="304" pin="1"/><net_sink comp="180" pin=2"/></net>

<net id="313"><net_src comp="160" pin="1"/><net_sink comp="310" pin=0"/></net>

<net id="314"><net_src comp="310" pin="1"/><net_sink comp="284" pin=4"/></net>

<net id="315"><net_src comp="310" pin="1"/><net_sink comp="200" pin=3"/></net>

<net id="319"><net_src comp="164" pin="1"/><net_sink comp="316" pin=0"/></net>

<net id="320"><net_src comp="316" pin="1"/><net_sink comp="284" pin=3"/></net>

<net id="321"><net_src comp="316" pin="1"/><net_sink comp="180" pin=1"/></net>

</net_list>

</model> 
---------------- Datapath Model END ------------------

* FSMD analyzer results:
  - Output states:
	Port: m_axis_V_data_V | {6 }
	Port: m_axis_V_keep_V | {6 }
	Port: m_axis_V_strb_V | {6 }
	Port: m_axis_V_last_V | {6 }
	Port: m_axis_arp_lookup_reply_V | {11 }
	Port: m_axis_host_arp_lookup_reply_V | {11 }
	Port: regRequestCount | {6 }
	Port: regReplyCount | {6 }
	Port: arpDataIn_internal | {3 }
	Port: arpDataOut_internal | {8 }
	Port: header_ready | {4 }
	Port: header_idx | {4 }
	Port: header_header_V | {4 }
	Port: arpReplyMetaFifo | {6 }
	Port: pag_requestCounter_V | {6 }
	Port: arpTableInsertFifo | {6 }
	Port: pag_replyCounter_V | {6 }
	Port: gap_state | {7 }
	Port: header_idx_1 | {7 }
	Port: header_header_V_1 | {7 }
	Port: arpRequestMetaFifo | {11 }
	Port: remainingLength_V | {7 }
	Port: arpTable_macAddress_V | {9 }
	Port: arpTable_valid | {9 }
 - Input state : 
	Port: arp_server_subnet_top : s_axis_V_data_V | {2 }
	Port: arp_server_subnet_top : s_axis_V_keep_V | {2 }
	Port: arp_server_subnet_top : s_axis_V_strb_V | {2 }
	Port: arp_server_subnet_top : s_axis_V_last_V | {2 }
	Port: arp_server_subnet_top : s_axis_arp_lookup_request_V | {9 }
	Port: arp_server_subnet_top : s_axis_host_arp_lookup_request_V | {9 }
	Port: arp_server_subnet_top : myMacAddress | {1 }
	Port: arp_server_subnet_top : myIpAddress | {1 }
	Port: arp_server_subnet_top : arpDataIn_internal | {4 }
	Port: arp_server_subnet_top : arpDataOut_internal | {4 }
	Port: arp_server_subnet_top : header_ready | {4 }
	Port: arp_server_subnet_top : header_idx | {4 }
	Port: arp_server_subnet_top : header_header_V | {4 }
	Port: arp_server_subnet_top : arpReplyMetaFifo | {7 }
	Port: arp_server_subnet_top : pag_requestCounter_V | {6 }
	Port: arp_server_subnet_top : arpTableInsertFifo | {9 }
	Port: arp_server_subnet_top : pag_replyCounter_V | {6 }
	Port: arp_server_subnet_top : gap_state | {7 }
	Port: arp_server_subnet_top : header_idx_1 | {7 }
	Port: arp_server_subnet_top : header_header_V_1 | {7 }
	Port: arp_server_subnet_top : arpRequestMetaFifo | {7 }
	Port: arp_server_subnet_top : remainingLength_V | {8 }
	Port: arp_server_subnet_top : arpTable_macAddress_V | {9 10 }
	Port: arp_server_subnet_top : arpTable_valid | {9 10 }
  - Chain level:
	State 1
	State 2
	State 3
	State 4
	State 5
	State 6
	State 7
	State 8
	State 9
	State 10
	State 11
	State 12


============================================================
+ Verbose Summary: Datapath Resource usage 
============================================================

* Functional unit list:
|----------|------------------------------------------------|---------|---------|---------|
| Operation|                 Functional Unit                |  Delay  |    FF   |   LUT   |
|----------|------------------------------------------------|---------|---------|---------|
|          |        grp_generate_arp_pkg_64_s_fu_180        |  0.387  |   394   |   8016  |
|          |         grp_process_arp_pkg_64_s_fu_200        |    0    |   1192  |   2419  |
|          |              grp_arp_table_fu_226              | 2.13214 |   357   |    79   |
|   call   |    grp_convert_axis_to_net_axis_64_s_fu_246    |    0    |    74   |    0    |
|          |    grp_convert_net_axis_to_axis_64_s_fu_260    |    0    |    74   |    0    |
|          | call_ln222_arp_server_subnet_top_entry3_fu_274 |    0    |    0    |    0    |
|          | call_ln221_arp_server_subnet_top_entry7_fu_284 |    0    |    0    |    0    |
|----------|------------------------------------------------|---------|---------|---------|
|   read   |                 grp_read_fu_168                |    0    |    0    |    0    |
|          |                 grp_read_fu_174                |    0    |    0    |    0    |
|----------|------------------------------------------------|---------|---------|---------|
|   Total  |                                                | 2.51914 |   2091  |  10514  |
|----------|------------------------------------------------|---------|---------|---------|

Memories:
+---------------------+--------+--------+--------+
|                     |  BRAM  |   FF   |   LUT  |
+---------------------+--------+--------+--------+
|arpTable_macAddress_V|    2   |    0   |    0   |
|    arpTable_valid   |    1   |    0   |    0   |
+---------------------+--------+--------+--------+
|        Total        |    3   |    0   |    0   |
+---------------------+--------+--------+--------+

* Register list:
+-----------------------+--------+
|                       |   FF   |
+-----------------------+--------+
|myIpAddress_c16_reg_304|   32   |
| myIpAddress_c2_reg_292|   32   |
| myIpAddress_c_reg_310 |   32   |
|myMacAddress_c1_reg_298|   48   |
| myMacAddress_c_reg_316|   48   |
+-----------------------+--------+
|         Total         |   192  |
+-----------------------+--------+

* Multiplexer (MUX) list: 
|--------|------|------|------|--------|
|  Comp  |  Pin | Size |  BW  | S x BW |
|--------|------|------|------|--------|
|  Total |      |      |      |    0   |
|--------|------|------|------|--------|



* Summary:
+-----------+--------+--------+--------+--------+
|           |  BRAM  |  Delay |   FF   |   LUT  |
+-----------+--------+--------+--------+--------+
|  Function |    -   |    2   |  2091  |  10514 |
|   Memory  |    3   |    -   |    0   |    0   |
|Multiplexer|    -   |    -   |    -   |    -   |
|  Register |    -   |    -   |   192  |    -   |
+-----------+--------+--------+--------+--------+
|   Total   |    3   |    2   |  2283  |  10514 |
+-----------+--------+--------+--------+--------+
