

================================================================
== Vitis HLS Report for 'process_udp_512_s'
================================================================
* Date:           Tue Jul 19 06:17:15 2022

* Version:        2020.2 (Build 3064766 on Wed Nov 18 09:12:47 MST 2020)
* Project:        udp_prj
* Solution:       solution1 (Vivado IP Flow Target)
* Product family: virtexuplus
* Target device:  xcvu3p-ffvc1517-2-i


================================================================
== Performance Estimates
================================================================
+ Timing: 
    * Summary: 
    +--------+---------+----------+------------+
    |  Clock |  Target | Estimated| Uncertainty|
    +--------+---------+----------+------------+
    |ap_clk  |  3.20 ns|  1.844 ns|     0.86 ns|
    +--------+---------+----------+------------+

+ Latency: 
    * Summary: 
    +---------+---------+----------+----------+-----+-----+---------+
    |  Latency (cycles) |  Latency (absolute) |  Interval | Pipeline|
    |   min   |   max   |    min   |    max   | min | max |   Type  |
    +---------+---------+----------+----------+-----+-----+---------+
    |        3|        3|  9.600 ns|  9.600 ns|    1|    1|      yes|
    +---------+---------+----------+----------+-----+-----+---------+

    + Detail: 
        * Instance: 
        N/A

        * Loop: 
        N/A

============================================================
+ Verbose Summary: Synthesis Manager
============================================================
InlineROM: 1
ExposeGlobal: 0
============================================================
+ Verbose Summary: CDFG Model
============================================================
IsTopModel: 0
ResetActiveHigh: 1
IsCombinational: 2
IsDatapathOnly: 0
HasWiredReturn: 1
HasMFsm: 2
HasVarLatency: 0
IsPipeline: 1
IsRtlPipelined: 1
IsInstanceOverlapped: 0
IsDontTouch: 0
HasImplIP: 0
IsGatedGlobalClock: 0

+ Individual pipeline summary: 
  * Pipeline-0: initiation interval (II) = 1, depth = 4


============================================================
+ Verbose Summary: Schedule
============================================================
* Number of FSM states : 4
* Pipeline : 1
  Pipeline-0 : II = 1, D = 4, States = { 1 2 3 4 }
* Dataflow Pipeline: 0

* FSM state transitions: 
1 --> 2 
2 --> 3 
3 --> 4 
4 --> 

* FSM state operations: 

State 1 <SV = 0> <Delay = 1.16>
ST_1 : Operation 5 [1/1] (0.00ns)   --->   "%tmp_i_i = nbreadreq i1 @_ssdm_op_NbReadReq.ap_fifo.i1024P0A, i1024 %s_axis_rx_data_internal, i32 1" [/opt/xilinx/Vitis_HLS/2020.2/common/technology/autopilot/hls_stream_39.h:136]   --->   Operation 5 'nbreadreq' 'tmp_i_i' <Predicate = true> <Delay = 0.00> <CoreInst = "FIFO_SRL">   --->   Core 81 'FIFO_SRL' <Latency = 0> <II = 1> <Delay = 1.33> <Storage> <Opcode : 'read' 'write' 'nbread' 'nbwrite'> <Ports = 0> <Width = 1024> <Depth = 2> <FIFO>
ST_1 : Operation 6 [1/1] (0.38ns)   --->   "%br_ln43 = br i1 %tmp_i_i, void %._crit_edge1.i.i, void" [/home/haiyang3/eth-axi-streamer/fpga-network-stack/hls/udp/udp.cpp:43->/home/haiyang3/eth-axi-streamer/fpga-network-stack/hls/udp/udp.cpp:255]   --->   Operation 6 'br' 'br_ln43' <Predicate = true> <Delay = 0.38>
ST_1 : Operation 7 [1/1] (1.16ns)   --->   "%s_axis_rx_data_internal_read = read i1024 @_ssdm_op_Read.ap_fifo.volatile.i1024P0A, i1024 %s_axis_rx_data_internal" [/opt/xilinx/Vitis_HLS/2020.2/common/technology/autopilot/hls_stream_39.h:145]   --->   Operation 7 'read' 's_axis_rx_data_internal_read' <Predicate = (tmp_i_i)> <Delay = 1.16> <CoreInst = "FIFO_SRL">   --->   Core 81 'FIFO_SRL' <Latency = 0> <II = 1> <Delay = 1.33> <Storage> <Opcode : 'read' 'write' 'nbread' 'nbwrite'> <Ports = 0> <Width = 1024> <Depth = 2> <FIFO>
ST_1 : Operation 8 [1/1] (0.00ns)   --->   "%currWord_last_V = bitselect i1 @_ssdm_op_BitSelect.i1.i1024.i32, i1024 %s_axis_rx_data_internal_read, i32 576" [/opt/xilinx/Vitis_HLS/2020.2/common/technology/autopilot/hls_stream_39.h:145]   --->   Operation 8 'bitselect' 'currWord_last_V' <Predicate = (tmp_i_i)> <Delay = 0.00>

State 2 <SV = 1> <Delay = 1.82>
ST_2 : Operation 9 [1/1] (0.00ns)   --->   "%specinterface_ln0 = specinterface void @_ssdm_op_SpecInterface, i1024 %rx_udp2shiftFifo, void @empty_3, i32 0, i32 0, void @empty_1, i32 0, i32 0, void @empty_1, void @empty_1, void @empty_1, i32 0, i32 0, i32 0, i32 0, void @empty_1, void @empty_1"   --->   Operation 9 'specinterface' 'specinterface_ln0' <Predicate = true> <Delay = 0.00>
ST_2 : Operation 10 [1/1] (0.00ns)   --->   "%specinterface_ln0 = specinterface void @_ssdm_op_SpecInterface, i1024 %rx_udp2shiftFifo, void @empty_3, i32 0, i32 0, void @empty_1, i32 0, i32 0, void @empty_1, void @empty_1, void @empty_1, i32 0, i32 0, i32 0, i32 0, void @empty_1, void @empty_1"   --->   Operation 10 'specinterface' 'specinterface_ln0' <Predicate = true> <Delay = 0.00>
ST_2 : Operation 11 [1/1] (0.00ns)   --->   "%specinterface_ln0 = specinterface void @_ssdm_op_SpecInterface, i1024 %rx_udp2shiftFifo, void @empty_3, i32 0, i32 0, void @empty_1, i32 0, i32 0, void @empty_1, void @empty_1, void @empty_1, i32 0, i32 0, i32 0, i32 0, void @empty_1, void @empty_1"   --->   Operation 11 'specinterface' 'specinterface_ln0' <Predicate = true> <Delay = 0.00>
ST_2 : Operation 12 [1/1] (0.00ns)   --->   "%specinterface_ln0 = specinterface void @_ssdm_op_SpecInterface, i64 %rx_udpMetaFifo, void @empty_3, i32 0, i32 0, void @empty_1, i32 0, i32 0, void @empty_1, void @empty_1, void @empty_1, i32 0, i32 0, i32 0, i32 0, void @empty_1, void @empty_1"   --->   Operation 12 'specinterface' 'specinterface_ln0' <Predicate = true> <Delay = 0.00>
ST_2 : Operation 13 [1/1] (0.00ns)   --->   "%specinterface_ln0 = specinterface void @_ssdm_op_SpecInterface, i64 %rx_udpMetaFifo, void @empty_3, i32 0, i32 0, void @empty_1, i32 0, i32 0, void @empty_1, void @empty_1, void @empty_1, i32 0, i32 0, i32 0, i32 0, void @empty_1, void @empty_1"   --->   Operation 13 'specinterface' 'specinterface_ln0' <Predicate = true> <Delay = 0.00>
ST_2 : Operation 14 [1/1] (0.00ns)   --->   "%specinterface_ln0 = specinterface void @_ssdm_op_SpecInterface, i64 %rx_udpMetaFifo, void @empty_3, i32 0, i32 0, void @empty_1, i32 0, i32 0, void @empty_1, void @empty_1, void @empty_1, i32 0, i32 0, i32 0, i32 0, void @empty_1, void @empty_1"   --->   Operation 14 'specinterface' 'specinterface_ln0' <Predicate = true> <Delay = 0.00>
ST_2 : Operation 15 [1/1] (0.00ns)   --->   "%specinterface_ln0 = specinterface void @_ssdm_op_SpecInterface, i1024 %s_axis_rx_data_internal, void @empty_3, i32 0, i32 0, void @empty_1, i32 0, i32 0, void @empty_1, void @empty_1, void @empty_1, i32 0, i32 0, i32 0, i32 0, void @empty_1, void @empty_1"   --->   Operation 15 'specinterface' 'specinterface_ln0' <Predicate = true> <Delay = 0.00>
ST_2 : Operation 16 [1/1] (0.00ns)   --->   "%specinterface_ln0 = specinterface void @_ssdm_op_SpecInterface, i1024 %s_axis_rx_data_internal, void @empty_3, i32 0, i32 0, void @empty_1, i32 0, i32 0, void @empty_1, void @empty_1, void @empty_1, i32 0, i32 0, i32 0, i32 0, void @empty_1, void @empty_1"   --->   Operation 16 'specinterface' 'specinterface_ln0' <Predicate = true> <Delay = 0.00>
ST_2 : Operation 17 [1/1] (0.00ns)   --->   "%specinterface_ln0 = specinterface void @_ssdm_op_SpecInterface, i16 %regListenPort, void @ap_fifo_str, i32 0, i32 0, void @p_str, i32 0, i32 0, void @p_str, void @p_str, void @p_str, i32 2, i32 2, i32 16, i32 16, void @p_str, void @ScalarProp_str"   --->   Operation 17 'specinterface' 'specinterface_ln0' <Predicate = true> <Delay = 0.00>
ST_2 : Operation 18 [1/1] (1.16ns)   --->   "%regListenPort_read = read i16 @_ssdm_op_Read.ap_fifo.i16P0A, i16 %regListenPort"   --->   Operation 18 'read' 'regListenPort_read' <Predicate = true> <Delay = 1.16> <CoreInst = "FIFO_SRL">   --->   Core 81 'FIFO_SRL' <Latency = 0> <II = 1> <Delay = 1.33> <Storage> <Opcode : 'read' 'write' 'nbread' 'nbwrite'> <Ports = 0> <Width = 16> <Depth = 3> <FIFO>
ST_2 : Operation 19 [1/1] (0.00ns)   --->   "%specinterface_ln0 = specinterface void @_ssdm_op_SpecInterface, i1024 %rx_udp2shiftFifo, void @empty_3, i32 0, i32 0, void @empty_1, i32 0, i32 0, void @empty_1, void @empty_1, void @empty_1, i32 0, i32 0, i32 0, i32 0, void @empty_1, void @empty_1"   --->   Operation 19 'specinterface' 'specinterface_ln0' <Predicate = true> <Delay = 0.00>
ST_2 : Operation 20 [1/1] (0.00ns)   --->   "%specinterface_ln0 = specinterface void @_ssdm_op_SpecInterface, i1024 %rx_udp2shiftFifo, void @empty_3, i32 0, i32 0, void @empty_1, i32 0, i32 0, void @empty_1, void @empty_1, void @empty_1, i32 0, i32 0, i32 0, i32 0, void @empty_1, void @empty_1"   --->   Operation 20 'specinterface' 'specinterface_ln0' <Predicate = true> <Delay = 0.00>
ST_2 : Operation 21 [1/1] (0.00ns)   --->   "%specinterface_ln0 = specinterface void @_ssdm_op_SpecInterface, i1024 %rx_udp2shiftFifo, void @empty_3, i32 0, i32 0, void @empty_1, i32 0, i32 0, void @empty_1, void @empty_1, void @empty_1, i32 0, i32 0, i32 0, i32 0, void @empty_1, void @empty_1"   --->   Operation 21 'specinterface' 'specinterface_ln0' <Predicate = true> <Delay = 0.00>
ST_2 : Operation 22 [1/1] (0.00ns)   --->   "%specinterface_ln0 = specinterface void @_ssdm_op_SpecInterface, i64 %rx_udpMetaFifo, void @empty_3, i32 0, i32 0, void @empty_1, i32 0, i32 0, void @empty_1, void @empty_1, void @empty_1, i32 0, i32 0, i32 0, i32 0, void @empty_1, void @empty_1"   --->   Operation 22 'specinterface' 'specinterface_ln0' <Predicate = true> <Delay = 0.00>
ST_2 : Operation 23 [1/1] (0.00ns)   --->   "%specinterface_ln0 = specinterface void @_ssdm_op_SpecInterface, i64 %rx_udpMetaFifo, void @empty_3, i32 0, i32 0, void @empty_1, i32 0, i32 0, void @empty_1, void @empty_1, void @empty_1, i32 0, i32 0, i32 0, i32 0, void @empty_1, void @empty_1"   --->   Operation 23 'specinterface' 'specinterface_ln0' <Predicate = true> <Delay = 0.00>
ST_2 : Operation 24 [1/1] (0.00ns)   --->   "%specinterface_ln0 = specinterface void @_ssdm_op_SpecInterface, i64 %rx_udpMetaFifo, void @empty_3, i32 0, i32 0, void @empty_1, i32 0, i32 0, void @empty_1, void @empty_1, void @empty_1, i32 0, i32 0, i32 0, i32 0, void @empty_1, void @empty_1"   --->   Operation 24 'specinterface' 'specinterface_ln0' <Predicate = true> <Delay = 0.00>
ST_2 : Operation 25 [1/1] (0.00ns)   --->   "%specinterface_ln0 = specinterface void @_ssdm_op_SpecInterface, i1024 %s_axis_rx_data_internal, void @empty_3, i32 0, i32 0, void @empty_1, i32 0, i32 0, void @empty_1, void @empty_1, void @empty_1, i32 0, i32 0, i32 0, i32 0, void @empty_1, void @empty_1"   --->   Operation 25 'specinterface' 'specinterface_ln0' <Predicate = true> <Delay = 0.00>
ST_2 : Operation 26 [1/1] (0.00ns)   --->   "%specinterface_ln0 = specinterface void @_ssdm_op_SpecInterface, i1024 %s_axis_rx_data_internal, void @empty_3, i32 0, i32 0, void @empty_1, i32 0, i32 0, void @empty_1, void @empty_1, void @empty_1, i32 0, i32 0, i32 0, i32 0, void @empty_1, void @empty_1"   --->   Operation 26 'specinterface' 'specinterface_ln0' <Predicate = true> <Delay = 0.00>
ST_2 : Operation 27 [1/1] (0.00ns)   --->   "%specinterface_ln0 = specinterface void @_ssdm_op_SpecInterface, i64 %rx_udpMetaFifo, void @empty_3, i32 0, i32 0, void @empty_1, i32 0, i32 0, void @empty_1, void @empty_1, void @empty_1, i32 0, i32 0, i32 0, i32 0, void @empty_1, void @empty_1"   --->   Operation 27 'specinterface' 'specinterface_ln0' <Predicate = true> <Delay = 0.00>
ST_2 : Operation 28 [1/1] (0.00ns)   --->   "%specinterface_ln0 = specinterface void @_ssdm_op_SpecInterface, i1024 %rx_udp2shiftFifo, void @empty_3, i32 0, i32 0, void @empty_1, i32 0, i32 0, void @empty_1, void @empty_1, void @empty_1, i32 0, i32 0, i32 0, i32 0, void @empty_1, void @empty_1"   --->   Operation 28 'specinterface' 'specinterface_ln0' <Predicate = true> <Delay = 0.00>
ST_2 : Operation 29 [1/1] (0.00ns)   --->   "%specinterface_ln0 = specinterface void @_ssdm_op_SpecInterface, i1024 %s_axis_rx_data_internal, void @empty_3, i32 0, i32 0, void @empty_1, i32 0, i32 0, void @empty_1, void @empty_1, void @empty_1, i32 0, i32 0, i32 0, i32 0, void @empty_1, void @empty_1"   --->   Operation 29 'specinterface' 'specinterface_ln0' <Predicate = true> <Delay = 0.00>
ST_2 : Operation 30 [1/1] (0.00ns)   --->   "%specpipeline_ln31 = specpipeline void @_ssdm_op_SpecPipeline, i32 1, i32 0, i32 0, i32 0, void @empty_1" [/home/haiyang3/eth-axi-streamer/fpga-network-stack/hls/udp/udp.cpp:31->/home/haiyang3/eth-axi-streamer/fpga-network-stack/hls/udp/udp.cpp:255]   --->   Operation 30 'specpipeline' 'specpipeline_ln31' <Predicate = true> <Delay = 0.00>
ST_2 : Operation 31 [1/1] (0.00ns)   --->   "%pu_header_ready_load = load i1 %pu_header_ready" [/home/haiyang3/eth-axi-streamer/fpga-network-stack/hls/udp/../packet.hpp:55]   --->   Operation 31 'load' 'pu_header_ready_load' <Predicate = (tmp_i_i)> <Delay = 0.00>
ST_2 : Operation 32 [1/1] (0.00ns)   --->   "%pu_header_idx_load = load i16 %pu_header_idx" [/home/haiyang3/eth-axi-streamer/fpga-network-stack/hls/udp/../packet.hpp:58]   --->   Operation 32 'load' 'pu_header_idx_load' <Predicate = (tmp_i_i)> <Delay = 0.00>
ST_2 : Operation 33 [1/1] (0.00ns)   --->   "%p_Val2_s = load i64 %pu_header_header_V"   --->   Operation 33 'load' 'p_Val2_s' <Predicate = (tmp_i_i)> <Delay = 0.00>
ST_2 : Operation 34 [1/1] (0.38ns)   --->   "%br_ln55 = br i1 %pu_header_ready_load, void %.critedge26.i.i, void %.critedge.i.i" [/home/haiyang3/eth-axi-streamer/fpga-network-stack/hls/udp/../packet.hpp:55]   --->   Operation 34 'br' 'br_ln55' <Predicate = (tmp_i_i)> <Delay = 0.38>
ST_2 : Operation 35 [1/1] (0.00ns)   --->   "%tmp_3 = trunc i1024 %s_axis_rx_data_internal_read"   --->   Operation 35 'trunc' 'tmp_3' <Predicate = (tmp_i_i & !pu_header_ready_load)> <Delay = 0.00>
ST_2 : Operation 36 [1/1] (0.00ns)   --->   "%tmp = bitconcatenate i19 @_ssdm_op_BitConcatenate.i19.i16.i3, i16 %pu_header_idx_load, i3 0"   --->   Operation 36 'bitconcatenate' 'tmp' <Predicate = (tmp_i_i & !pu_header_ready_load)> <Delay = 0.00>
ST_2 : Operation 37 [1/1] (0.00ns)   --->   "%zext_ln414 = zext i19 %tmp"   --->   Operation 37 'zext' 'zext_ln414' <Predicate = (tmp_i_i & !pu_header_ready_load)> <Delay = 0.00>
ST_2 : Operation 38 [1/1] (0.71ns)   --->   "%icmp_ln414 = icmp_ne  i26 %zext_ln414, i26 0"   --->   Operation 38 'icmp' 'icmp_ln414' <Predicate = (tmp_i_i & !pu_header_ready_load)> <Delay = 0.71> <CoreInst = "Cmp">   --->   Core 9 'Cmp' <Latency = 0> <II = 1> <Delay = 0.67> <FuncUnit> <Opcode : 'icmp'> <InPorts = 2> <OutPorts = 1>
ST_2 : Operation 39 [1/1] (0.00ns) (grouped into LUT with out node and_ln414_2)   --->   "%trunc_ln414 = trunc i1024 %s_axis_rx_data_internal_read"   --->   Operation 39 'trunc' 'trunc_ln414' <Predicate = (tmp_i_i & !pu_header_ready_load)> <Delay = 0.00>
ST_2 : Operation 40 [1/1] (0.00ns) (grouped into LUT with out node and_ln414_2)   --->   "%st9 = bitconcatenate i64 @_ssdm_op_BitConcatenate.i64.i1.i63, i1 %trunc_ln414, i63 0"   --->   Operation 40 'bitconcatenate' 'st9' <Predicate = (tmp_i_i & !pu_header_ready_load)> <Delay = 0.00>
ST_2 : Operation 41 [1/1] (0.00ns) (grouped into LUT with out node and_ln414_2)   --->   "%select_ln414 = select i1 %icmp_ln414, i64 %st9, i64 %tmp_3"   --->   Operation 41 'select' 'select_ln414' <Predicate = (tmp_i_i & !pu_header_ready_load)> <Delay = 0.00> <CoreInst = "Sel">   --->   Core 73 'Sel' <Latency = 0> <II = 1> <Delay = 0.24> <FuncUnit> <Opcode : 'select'> <InPorts = 3> <OutPorts = 1>
ST_2 : Operation 42 [1/1] (0.00ns) (grouped into LUT with out node and_ln414_2)   --->   "%tmp_2 = partselect i64 @llvm.part.select.i64, i64 %select_ln414, i32 63, i32 0"   --->   Operation 42 'partselect' 'tmp_2' <Predicate = (tmp_i_i & !pu_header_ready_load)> <Delay = 0.00>
ST_2 : Operation 43 [1/1] (0.00ns) (grouped into LUT with out node and_ln414_2)   --->   "%select_ln414_1 = select i1 %icmp_ln414, i64 %tmp_2, i64 %tmp_3"   --->   Operation 43 'select' 'select_ln414_1' <Predicate = (tmp_i_i & !pu_header_ready_load)> <Delay = 0.00> <CoreInst = "Sel">   --->   Core 73 'Sel' <Latency = 0> <II = 1> <Delay = 0.24> <FuncUnit> <Opcode : 'select'> <InPorts = 3> <OutPorts = 1>
ST_2 : Operation 44 [1/1] (0.00ns) (grouped into LUT with out node and_ln414)   --->   "%select_ln414_2 = select i1 %icmp_ln414, i64 9223372036854775808, i64 18446744073709551615"   --->   Operation 44 'select' 'select_ln414_2' <Predicate = (tmp_i_i & !pu_header_ready_load)> <Delay = 0.00> <CoreInst = "Sel">   --->   Core 73 'Sel' <Latency = 0> <II = 1> <Delay = 0.24> <FuncUnit> <Opcode : 'select'> <InPorts = 3> <OutPorts = 1>
ST_2 : Operation 45 [1/1] (0.00ns) (grouped into LUT with out node and_ln414)   --->   "%select_ln414_3 = select i1 %icmp_ln414, i64 1, i64 18446744073709551615"   --->   Operation 45 'select' 'select_ln414_3' <Predicate = (tmp_i_i & !pu_header_ready_load)> <Delay = 0.00> <CoreInst = "Sel">   --->   Core 73 'Sel' <Latency = 0> <II = 1> <Delay = 0.24> <FuncUnit> <Opcode : 'select'> <InPorts = 3> <OutPorts = 1>
ST_2 : Operation 46 [1/1] (0.41ns) (out node of the LUT)   --->   "%and_ln414 = and i64 %select_ln414_2, i64 %select_ln414_3"   --->   Operation 46 'and' 'and_ln414' <Predicate = (tmp_i_i & !pu_header_ready_load)> <Delay = 0.41> <CoreInst = "LogicGate">   --->   Core 74 'LogicGate' <Latency = 0> <II = 1> <Delay = 0.12> <FuncUnit> <Opcode : 'and' 'or' 'xor'> <InPorts = 2> <OutPorts = 1>
ST_2 : Operation 47 [1/1] (0.00ns) (grouped into LUT with out node p_Result_s)   --->   "%xor_ln414 = xor i64 %and_ln414, i64 18446744073709551615"   --->   Operation 47 'xor' 'xor_ln414' <Predicate = (tmp_i_i & !pu_header_ready_load)> <Delay = 0.00> <CoreInst = "LogicGate">   --->   Core 74 'LogicGate' <Latency = 0> <II = 1> <Delay = 0.12> <FuncUnit> <Opcode : 'and' 'or' 'xor'> <InPorts = 2> <OutPorts = 1>
ST_2 : Operation 48 [1/1] (0.00ns) (grouped into LUT with out node p_Result_s)   --->   "%and_ln414_1 = and i64 %p_Val2_s, i64 %xor_ln414"   --->   Operation 48 'and' 'and_ln414_1' <Predicate = (tmp_i_i & !pu_header_ready_load)> <Delay = 0.00> <CoreInst = "LogicGate">   --->   Core 74 'LogicGate' <Latency = 0> <II = 1> <Delay = 0.12> <FuncUnit> <Opcode : 'and' 'or' 'xor'> <InPorts = 2> <OutPorts = 1>
ST_2 : Operation 49 [1/1] (0.41ns) (out node of the LUT)   --->   "%and_ln414_2 = and i64 %select_ln414_1, i64 %and_ln414"   --->   Operation 49 'and' 'and_ln414_2' <Predicate = (tmp_i_i & !pu_header_ready_load)> <Delay = 0.41> <CoreInst = "LogicGate">   --->   Core 74 'LogicGate' <Latency = 0> <II = 1> <Delay = 0.12> <FuncUnit> <Opcode : 'and' 'or' 'xor'> <InPorts = 2> <OutPorts = 1>
ST_2 : Operation 50 [1/1] (0.28ns) (out node of the LUT)   --->   "%p_Result_s = or i64 %and_ln414_1, i64 %and_ln414_2"   --->   Operation 50 'or' 'p_Result_s' <Predicate = (tmp_i_i & !pu_header_ready_load)> <Delay = 0.28> <CoreInst = "LogicGate">   --->   Core 74 'LogicGate' <Latency = 0> <II = 1> <Delay = 0.12> <FuncUnit> <Opcode : 'and' 'or' 'xor'> <InPorts = 2> <OutPorts = 1>
ST_2 : Operation 51 [1/1] (0.00ns)   --->   "%store_ln414 = store i64 %p_Result_s, i64 %pu_header_header_V"   --->   Operation 51 'store' 'store_ln414' <Predicate = (tmp_i_i & !pu_header_ready_load)> <Delay = 0.00>
ST_2 : Operation 52 [1/1] (0.78ns)   --->   "%add_ln67 = add i16 %pu_header_idx_load, i16 1" [/home/haiyang3/eth-axi-streamer/fpga-network-stack/hls/udp/../packet.hpp:67]   --->   Operation 52 'add' 'add_ln67' <Predicate = (tmp_i_i & !pu_header_ready_load & !currWord_last_V)> <Delay = 0.78> <CoreInst = "Adder">   --->   Core 1 'Adder' <Latency = 0> <II = 1> <Delay = 0.78> <FuncUnit> <Opcode : 'add' 'sub'> <InPorts = 2> <OutPorts = 1>
ST_2 : Operation 53 [1/1] (0.38ns)   --->   "%br_ln0 = br void %.critedge.i.i"   --->   Operation 53 'br' 'br_ln0' <Predicate = (tmp_i_i & !pu_header_ready_load)> <Delay = 0.38>
ST_2 : Operation 54 [1/1] (0.00ns)   --->   "%pu_header_ready_flag_0_i_i = phi i1 0, void, i1 1, void %.critedge26.i.i"   --->   Operation 54 'phi' 'pu_header_ready_flag_0_i_i' <Predicate = (tmp_i_i)> <Delay = 0.00>
ST_2 : Operation 55 [1/1] (0.00ns)   --->   "%pu_header_idx_new_0_i_i = phi i16 0, void, i16 %add_ln67, void %.critedge26.i.i" [/home/haiyang3/eth-axi-streamer/fpga-network-stack/hls/udp/../packet.hpp:67]   --->   Operation 55 'phi' 'pu_header_idx_new_0_i_i' <Predicate = (tmp_i_i & !currWord_last_V)> <Delay = 0.00>
ST_2 : Operation 56 [1/1] (0.00ns)   --->   "%metaWritten_load = load i1 %metaWritten" [/home/haiyang3/eth-axi-streamer/fpga-network-stack/hls/udp/udp.cpp:66->/home/haiyang3/eth-axi-streamer/fpga-network-stack/hls/udp/udp.cpp:255]   --->   Operation 56 'load' 'metaWritten_load' <Predicate = (tmp_i_i)> <Delay = 0.00>
ST_2 : Operation 57 [1/1] (0.38ns)   --->   "%br_ln66 = br i1 %metaWritten_load, void, void %._crit_edge2.i.i" [/home/haiyang3/eth-axi-streamer/fpga-network-stack/hls/udp/udp.cpp:66->/home/haiyang3/eth-axi-streamer/fpga-network-stack/hls/udp/udp.cpp:255]   --->   Operation 57 'br' 'br_ln66' <Predicate = (tmp_i_i)> <Delay = 0.38>
ST_2 : Operation 58 [1/1] (0.38ns)   --->   "%br_ln71 = br void %._crit_edge2.i.i" [/home/haiyang3/eth-axi-streamer/fpga-network-stack/hls/udp/udp.cpp:71->/home/haiyang3/eth-axi-streamer/fpga-network-stack/hls/udp/udp.cpp:255]   --->   Operation 58 'br' 'br_ln71' <Predicate = (tmp_i_i & !metaWritten_load)> <Delay = 0.38>
ST_2 : Operation 59 [1/1] (0.00ns) (grouped into LUT with out node or_ln73_1)   --->   "%metaWritten_flag_0_i_i = phi i1 0, void %.critedge._crit_edge.i.i, i1 1, void"   --->   Operation 59 'phi' 'metaWritten_flag_0_i_i' <Predicate = (tmp_i_i)> <Delay = 0.00>
ST_2 : Operation 60 [1/1] (0.12ns)   --->   "%or_ln73 = or i1 %currWord_last_V, i1 %pu_header_ready_flag_0_i_i" [/home/haiyang3/eth-axi-streamer/fpga-network-stack/hls/udp/udp.cpp:73->/home/haiyang3/eth-axi-streamer/fpga-network-stack/hls/udp/udp.cpp:255]   --->   Operation 60 'or' 'or_ln73' <Predicate = (tmp_i_i)> <Delay = 0.12> <CoreInst = "LogicGate">   --->   Core 74 'LogicGate' <Latency = 0> <II = 1> <Delay = 0.12> <FuncUnit> <Opcode : 'and' 'or' 'xor'> <InPorts = 2> <OutPorts = 1>
ST_2 : Operation 61 [1/1] (0.12ns)   --->   "%xor_ln73 = xor i1 %currWord_last_V, i1 1" [/home/haiyang3/eth-axi-streamer/fpga-network-stack/hls/udp/udp.cpp:73->/home/haiyang3/eth-axi-streamer/fpga-network-stack/hls/udp/udp.cpp:255]   --->   Operation 61 'xor' 'xor_ln73' <Predicate = (tmp_i_i)> <Delay = 0.12> <CoreInst = "LogicGate">   --->   Core 74 'LogicGate' <Latency = 0> <II = 1> <Delay = 0.12> <FuncUnit> <Opcode : 'and' 'or' 'xor'> <InPorts = 2> <OutPorts = 1>
ST_2 : Operation 62 [1/1] (0.24ns)   --->   "%select_ln73 = select i1 %currWord_last_V, i16 0, i16 %pu_header_idx_new_0_i_i" [/home/haiyang3/eth-axi-streamer/fpga-network-stack/hls/udp/udp.cpp:73->/home/haiyang3/eth-axi-streamer/fpga-network-stack/hls/udp/udp.cpp:255]   --->   Operation 62 'select' 'select_ln73' <Predicate = (tmp_i_i)> <Delay = 0.24> <CoreInst = "Sel">   --->   Core 73 'Sel' <Latency = 0> <II = 1> <Delay = 0.24> <FuncUnit> <Opcode : 'select'> <InPorts = 3> <OutPorts = 1>
ST_2 : Operation 63 [1/1] (0.12ns) (out node of the LUT)   --->   "%or_ln73_1 = or i1 %currWord_last_V, i1 %metaWritten_flag_0_i_i" [/home/haiyang3/eth-axi-streamer/fpga-network-stack/hls/udp/udp.cpp:73->/home/haiyang3/eth-axi-streamer/fpga-network-stack/hls/udp/udp.cpp:255]   --->   Operation 63 'or' 'or_ln73_1' <Predicate = (tmp_i_i)> <Delay = 0.12> <CoreInst = "LogicGate">   --->   Core 74 'LogicGate' <Latency = 0> <II = 1> <Delay = 0.12> <FuncUnit> <Opcode : 'and' 'or' 'xor'> <InPorts = 2> <OutPorts = 1>
ST_2 : Operation 64 [1/1] (0.38ns)   --->   "%br_ln73 = br void %._crit_edge1.i.i" [/home/haiyang3/eth-axi-streamer/fpga-network-stack/hls/udp/udp.cpp:73->/home/haiyang3/eth-axi-streamer/fpga-network-stack/hls/udp/udp.cpp:255]   --->   Operation 64 'br' 'br_ln73' <Predicate = (tmp_i_i)> <Delay = 0.38>
ST_2 : Operation 65 [1/1] (0.00ns)   --->   "%pu_header_ready_flag_1_i_i = phi i1 0, void %entry, i1 %or_ln73, void %._crit_edge2.i.i" [/home/haiyang3/eth-axi-streamer/fpga-network-stack/hls/udp/udp.cpp:73->/home/haiyang3/eth-axi-streamer/fpga-network-stack/hls/udp/udp.cpp:255]   --->   Operation 65 'phi' 'pu_header_ready_flag_1_i_i' <Predicate = true> <Delay = 0.00>
ST_2 : Operation 66 [1/1] (0.00ns)   --->   "%pu_header_ready_new_1_i_i = phi i1 0, void %entry, i1 %xor_ln73, void %._crit_edge2.i.i" [/home/haiyang3/eth-axi-streamer/fpga-network-stack/hls/udp/udp.cpp:73->/home/haiyang3/eth-axi-streamer/fpga-network-stack/hls/udp/udp.cpp:255]   --->   Operation 66 'phi' 'pu_header_ready_new_1_i_i' <Predicate = true> <Delay = 0.00>
ST_2 : Operation 67 [1/1] (0.00ns)   --->   "%pu_header_idx_new_1_i_i = phi i16 0, void %entry, i16 %select_ln73, void %._crit_edge2.i.i" [/home/haiyang3/eth-axi-streamer/fpga-network-stack/hls/udp/udp.cpp:73->/home/haiyang3/eth-axi-streamer/fpga-network-stack/hls/udp/udp.cpp:255]   --->   Operation 67 'phi' 'pu_header_idx_new_1_i_i' <Predicate = true> <Delay = 0.00>
ST_2 : Operation 68 [1/1] (0.00ns)   --->   "%metaWritten_flag_1_i_i = phi i1 0, void %entry, i1 %or_ln73_1, void %._crit_edge2.i.i" [/home/haiyang3/eth-axi-streamer/fpga-network-stack/hls/udp/udp.cpp:73->/home/haiyang3/eth-axi-streamer/fpga-network-stack/hls/udp/udp.cpp:255]   --->   Operation 68 'phi' 'metaWritten_flag_1_i_i' <Predicate = true> <Delay = 0.00>
ST_2 : Operation 69 [1/1] (0.00ns)   --->   "%br_ln73 = br i1 %metaWritten_flag_1_i_i, void %._crit_edge1.new4.i.i, void %mergeST3.i.i" [/home/haiyang3/eth-axi-streamer/fpga-network-stack/hls/udp/udp.cpp:73->/home/haiyang3/eth-axi-streamer/fpga-network-stack/hls/udp/udp.cpp:255]   --->   Operation 69 'br' 'br_ln73' <Predicate = true> <Delay = 0.00>
ST_2 : Operation 70 [1/1] (0.00ns)   --->   "%store_ln70 = store i1 %pu_header_ready_new_1_i_i, i1 %metaWritten" [/home/haiyang3/eth-axi-streamer/fpga-network-stack/hls/udp/udp.cpp:70->/home/haiyang3/eth-axi-streamer/fpga-network-stack/hls/udp/udp.cpp:255]   --->   Operation 70 'store' 'store_ln70' <Predicate = (metaWritten_flag_1_i_i)> <Delay = 0.00>
ST_2 : Operation 71 [1/1] (0.00ns)   --->   "%br_ln0 = br void %._crit_edge1.new4.i.i"   --->   Operation 71 'br' 'br_ln0' <Predicate = (metaWritten_flag_1_i_i)> <Delay = 0.00>
ST_2 : Operation 72 [1/1] (0.00ns)   --->   "%br_ln73 = br i1 %pu_header_ready_flag_1_i_i, void %.exit, void %mergeST1.i.i" [/home/haiyang3/eth-axi-streamer/fpga-network-stack/hls/udp/udp.cpp:73->/home/haiyang3/eth-axi-streamer/fpga-network-stack/hls/udp/udp.cpp:255]   --->   Operation 72 'br' 'br_ln73' <Predicate = true> <Delay = 0.00>
ST_2 : Operation 73 [1/1] (0.00ns)   --->   "%store_ln67 = store i16 %pu_header_idx_new_1_i_i, i16 %pu_header_idx" [/home/haiyang3/eth-axi-streamer/fpga-network-stack/hls/udp/../packet.hpp:67]   --->   Operation 73 'store' 'store_ln67' <Predicate = (pu_header_ready_flag_1_i_i)> <Delay = 0.00>
ST_2 : Operation 74 [1/1] (0.00ns)   --->   "%store_ln65 = store i1 %pu_header_ready_new_1_i_i, i1 %pu_header_ready" [/home/haiyang3/eth-axi-streamer/fpga-network-stack/hls/udp/../packet.hpp:65]   --->   Operation 74 'store' 'store_ln65' <Predicate = (pu_header_ready_flag_1_i_i)> <Delay = 0.00>
ST_2 : Operation 75 [1/1] (0.00ns)   --->   "%br_ln0 = br void %.exit"   --->   Operation 75 'br' 'br_ln0' <Predicate = (pu_header_ready_flag_1_i_i)> <Delay = 0.00>

State 3 <SV = 2> <Delay = 1.84>
ST_3 : Operation 76 [1/1] (0.00ns)   --->   "%p_Val2_7_in_i_i_in_in = phi i64 %p_Val2_s, void, i64 %p_Result_s, void %.critedge26.i.i"   --->   Operation 76 'phi' 'p_Val2_7_in_i_i_in_in' <Predicate = (tmp_i_i)> <Delay = 0.00>
ST_3 : Operation 77 [1/1] (0.00ns)   --->   "%p_Result_i_i = partselect i8 @_ssdm_op_PartSelect.i8.i64.i32.i32, i64 %p_Val2_7_in_i_i_in_in, i32 24, i32 31"   --->   Operation 77 'partselect' 'p_Result_i_i' <Predicate = (tmp_i_i)> <Delay = 0.00>
ST_3 : Operation 78 [1/1] (0.00ns)   --->   "%p_Result_15_i_i = partselect i8 @_ssdm_op_PartSelect.i8.i64.i32.i32, i64 %p_Val2_7_in_i_i_in_in, i32 16, i32 23"   --->   Operation 78 'partselect' 'p_Result_15_i_i' <Predicate = (tmp_i_i)> <Delay = 0.00>
ST_3 : Operation 79 [1/1] (0.00ns)   --->   "%p_Result_5 = bitconcatenate i16 @_ssdm_op_BitConcatenate.i16.i8.i8, i8 %p_Result_15_i_i, i8 %p_Result_i_i"   --->   Operation 79 'bitconcatenate' 'p_Result_5' <Predicate = (tmp_i_i)> <Delay = 0.00>
ST_3 : Operation 80 [1/1] (0.67ns)   --->   "%icmp_ln870 = icmp_eq  i16 %p_Result_5, i16 %regListenPort_read"   --->   Operation 80 'icmp' 'icmp_ln870' <Predicate = (tmp_i_i)> <Delay = 0.67> <CoreInst = "Cmp">   --->   Core 9 'Cmp' <Latency = 0> <II = 1> <Delay = 0.67> <FuncUnit> <Opcode : 'icmp'> <InPorts = 2> <OutPorts = 1>
ST_3 : Operation 81 [1/1] (0.00ns)   --->   "%br_ln62 = br i1 %icmp_ln870, void %.critedge._crit_edge.i.i, void" [/home/haiyang3/eth-axi-streamer/fpga-network-stack/hls/udp/udp.cpp:62->/home/haiyang3/eth-axi-streamer/fpga-network-stack/hls/udp/udp.cpp:255]   --->   Operation 81 'br' 'br_ln62' <Predicate = (tmp_i_i)> <Delay = 0.00>
ST_3 : Operation 82 [1/1] (0.00ns)   --->   "%p_Result_17_i_i = partselect i8 @_ssdm_op_PartSelect.i8.i64.i32.i32, i64 %p_Val2_7_in_i_i_in_in, i32 8, i32 15"   --->   Operation 82 'partselect' 'p_Result_17_i_i' <Predicate = (tmp_i_i & !metaWritten_load)> <Delay = 0.00>
ST_3 : Operation 83 [1/1] (0.00ns)   --->   "%trunc_ln674 = trunc i64 %p_Val2_7_in_i_i_in_in"   --->   Operation 83 'trunc' 'trunc_ln674' <Predicate = (tmp_i_i & !metaWritten_load)> <Delay = 0.00>
ST_3 : Operation 84 [1/1] (0.00ns)   --->   "%p_Result_19_i_i = partselect i8 @_ssdm_op_PartSelect.i8.i64.i32.i32, i64 %p_Val2_7_in_i_i_in_in, i32 40, i32 47"   --->   Operation 84 'partselect' 'p_Result_19_i_i' <Predicate = (tmp_i_i & !metaWritten_load)> <Delay = 0.00>
ST_3 : Operation 85 [1/1] (0.00ns)   --->   "%p_Result_20_i_i = partselect i8 @_ssdm_op_PartSelect.i8.i64.i32.i32, i64 %p_Val2_7_in_i_i_in_in, i32 32, i32 39"   --->   Operation 85 'partselect' 'p_Result_20_i_i' <Predicate = (tmp_i_i & !metaWritten_load)> <Delay = 0.00>
ST_3 : Operation 86 [1/1] (0.00ns)   --->   "%tmp_1 = bitconcatenate i49 @_ssdm_op_BitConcatenate.i49.i1.i8.i8.i8.i8.i8.i8, i1 %icmp_ln870, i8 %p_Result_20_i_i, i8 %p_Result_19_i_i, i8 %p_Result_15_i_i, i8 %p_Result_i_i, i8 %trunc_ln674, i8 %p_Result_17_i_i" [/opt/xilinx/Vitis_HLS/2020.2/common/technology/autopilot/hls_stream_39.h:174]   --->   Operation 86 'bitconcatenate' 'tmp_1' <Predicate = (tmp_i_i & !metaWritten_load)> <Delay = 0.00>
ST_3 : Operation 87 [1/1] (0.00ns)   --->   "%zext_ln174 = zext i49 %tmp_1" [/opt/xilinx/Vitis_HLS/2020.2/common/technology/autopilot/hls_stream_39.h:174]   --->   Operation 87 'zext' 'zext_ln174' <Predicate = (tmp_i_i & !metaWritten_load)> <Delay = 0.00>
ST_3 : Operation 88 [1/1] (1.16ns)   --->   "%write_ln174 = write void @_ssdm_op_Write.ap_fifo.volatile.i64P0A, i64 %rx_udpMetaFifo, i64 %zext_ln174" [/opt/xilinx/Vitis_HLS/2020.2/common/technology/autopilot/hls_stream_39.h:174]   --->   Operation 88 'write' 'write_ln174' <Predicate = (tmp_i_i & !metaWritten_load)> <Delay = 1.16> <CoreInst = "FIFO_SRL">   --->   Core 81 'FIFO_SRL' <Latency = 0> <II = 1> <Delay = 1.40> <Storage> <Opcode : 'read' 'write' 'nbread' 'nbwrite'> <Ports = 0> <Width = 64> <Depth = 2> <FIFO>

State 4 <SV = 3> <Delay = 1.16>
ST_4 : Operation 89 [1/1] (1.16ns)   --->   "%write_ln174 = write void @_ssdm_op_Write.ap_fifo.volatile.i1024P0A, i1024 %rx_udp2shiftFifo, i1024 %s_axis_rx_data_internal_read" [/opt/xilinx/Vitis_HLS/2020.2/common/technology/autopilot/hls_stream_39.h:174]   --->   Operation 89 'write' 'write_ln174' <Predicate = (tmp_i_i & icmp_ln870)> <Delay = 1.16> <CoreInst = "FIFO_SRL">   --->   Core 81 'FIFO_SRL' <Latency = 0> <II = 1> <Delay = 1.33> <Storage> <Opcode : 'read' 'write' 'nbread' 'nbwrite'> <Ports = 0> <Width = 1024> <Depth = 2> <FIFO>
ST_4 : Operation 90 [1/1] (0.00ns)   --->   "%br_ln65 = br void %.critedge._crit_edge.i.i" [/home/haiyang3/eth-axi-streamer/fpga-network-stack/hls/udp/udp.cpp:65->/home/haiyang3/eth-axi-streamer/fpga-network-stack/hls/udp/udp.cpp:255]   --->   Operation 90 'br' 'br_ln65' <Predicate = (tmp_i_i & icmp_ln870)> <Delay = 0.00>
ST_4 : Operation 91 [1/1] (0.00ns)   --->   "%ret_ln255 = ret" [/home/haiyang3/eth-axi-streamer/fpga-network-stack/hls/udp/udp.cpp:255]   --->   Operation 91 'ret' 'ret_ln255' <Predicate = true> <Delay = 0.00>


============================================================
+ Verbose Summary: Timing violations
============================================================
Target clock period: 3.2ns, clock uncertainty: 0.864ns.

 <State 1>: 1.17ns
The critical path consists of the following:
	fifo read on port 's_axis_rx_data_internal' (/opt/xilinx/Vitis_HLS/2020.2/common/technology/autopilot/hls_stream_39.h:145) [38]  (1.17 ns)

 <State 2>: 1.82ns
The critical path consists of the following:
	'load' operation ('pu_header_idx_load', /home/haiyang3/eth-axi-streamer/fpga-network-stack/hls/udp/../packet.hpp:58) on static variable 'pu_header_idx' [41]  (0 ns)
	'icmp' operation ('icmp_ln414') [48]  (0.71 ns)
	'select' operation ('select_ln414_2') [54]  (0 ns)
	'and' operation ('and_ln414') [56]  (0.411 ns)
	'and' operation ('and_ln414_2') [59]  (0.411 ns)
	'or' operation ('__Result__') [60]  (0.289 ns)

 <State 3>: 1.84ns
The critical path consists of the following:
	'phi' operation ('__Result__') with incoming values : ('__Val2__') ('__Result__') [67]  (0 ns)
	'icmp' operation ('icmp_ln870') [71]  (0.676 ns)
	fifo write on port 'rx_udpMetaFifo' (/opt/xilinx/Vitis_HLS/2020.2/common/technology/autopilot/hls_stream_39.h:174) [86]  (1.17 ns)

 <State 4>: 1.17ns
The critical path consists of the following:
	fifo write on port 'rx_udp2shiftFifo' (/opt/xilinx/Vitis_HLS/2020.2/common/technology/autopilot/hls_stream_39.h:174) [74]  (1.17 ns)


============================================================
+ Verbose Summary: Binding
============================================================
N/A
* FSMD analyzer results:
  - Output states:
 - Input state : 
  - Chain level:
	State 1
	State 2
	State 3
	State 4


============================================================
+ Verbose Summary: Datapath Resource usage 
============================================================
N/A
