

================================================================
== Synthesis Summary Report of 'udp_top'
================================================================
+ General Information: 
    * Date:           Tue Jul 19 06:17:21 2022
    * Version:        2020.2 (Build 3064766 on Wed Nov 18 09:12:47 MST 2020)
    * Project:        udp_prj
    * Solution:       solution1 (Vivado IP Flow Target)
    * Product family: virtexuplus
    * Target device:  xcvu3p-ffvc1517-2-i
    

+ Performance & Resource Estimates: 
    
    PS: '+' for module; 'o' for loop; '*' for dataflow
    +----------------------------------------------------------+--------+-------+---------+--------+----------+---------+------+----------+------+----+------------+-----------+-----+
    |                          Modules                         |  Issue |       | Latency | Latency| Iteration|         | Trip |          |      |    |            |           |     |
    |                          & Loops                         |  Type  | Slack | (cycles)|  (ns)  |  Latency | Interval| Count| Pipelined| BRAM | DSP|     FF     |    LUT    | URAM|
    +----------------------------------------------------------+--------+-------+---------+--------+----------+---------+------+----------+------+----+------------+-----------+-----+
    |+ udp_top*                                                |  Timing|   0.86|        7|  22.400|         -|        1|     -|  dataflow|     -|   -|  21149 (2%)|  8526 (2%)|    -|
    | + grp_generate_udp_512_s_fu_192                          |       -|  -0.47|        1|   3.200|         -|        1|     -|       yes|     -|   -|  2202 (~0%)|  187 (~0%)|    -|
    | + grp_process_udp_512_s_fu_208                           |       -|  -0.49|        3|   9.600|         -|        1|     -|       yes|     -|   -|  1389 (~0%)|  882 (~0%)|    -|
    | + grp_udp_lshiftWordByOctet_512_1_s_fu_227               |       -|  -0.08|        1|   3.200|         -|        1|     -|       yes|     -|   -|  1162 (~0%)|  604 (~0%)|    -|
    | + grp_udp_rshiftWordByOctet_net_axis_512_512_2_s_fu_243  |  Timing|   0.86|        1|   3.200|         -|        1|     -|       yes|     -|   -|  1233 (~0%)|  133 (~0%)|    -|
    | + grp_convert_axis_to_net_axis_512_4_fu_259              |       -|  -1.17|        1|   3.200|         -|        1|     -|       yes|     -|   -|   581 (~0%)|   37 (~0%)|    -|
    | + grp_convert_axis_to_net_axis_512_s_fu_273              |       -|  -1.17|        1|   3.200|         -|        1|     -|       yes|     -|   -|   581 (~0%)|   37 (~0%)|    -|
    | + grp_convert_net_axis_to_axis_512_5_fu_287              |       -|  -1.17|        2|   6.400|         -|        1|     -|       yes|     -|   -|   583 (~0%)|   43 (~0%)|    -|
    | + grp_convert_net_axis_to_axis_512_s_fu_301              |       -|  -1.17|        2|   6.400|         -|        1|     -|       yes|     -|   -|   583 (~0%)|   43 (~0%)|    -|
    | + grp_merge_rx_meta_fu_315                               |       -|  -1.05|        2|   6.400|         -|        1|     -|       yes|     -|   -|    90 (~0%)|   60 (~0%)|    -|
    | + grp_split_tx_meta_fu_325                               |       -|  -0.38|        2|   6.400|         -|        1|     -|       yes|     -|   -|    86 (~0%)|   77 (~0%)|    -|
    | + call_ln255_udp_top_entry3_fu_335                       |       -|  -1.17|        0|   0.000|         -|        0|     -|        no|     -|   -|     2 (~0%)|   20 (~0%)|    -|
    | + call_ln255_udp_top_entry6_fu_342                       |       -|  -0.00|        0|   0.000|         -|        0|     -|        no|     -|   -|     2 (~0%)|   29 (~0%)|    -|
    +----------------------------------------------------------+--------+-------+---------+--------+----------+---------+------+----------+------+----+------------+-----------+-----+

