

================================================================
== Vitis HLS Report for 'process_udp_512_s'
================================================================
* Date:           Tue Jul 19 06:17:18 2022

* Version:        2020.2 (Build 3064766 on Wed Nov 18 09:12:47 MST 2020)
* Project:        udp_prj
* Solution:       solution1 (Vivado IP Flow Target)
* Product family: virtexuplus
* Target device:  xcvu3p-ffvc1517-2-i


================================================================
== Performance Estimates
================================================================
+ Timing: 
    * Summary: 
    +--------+---------+----------+------------+
    |  Clock |  Target | Estimated| Uncertainty|
    +--------+---------+----------+------------+
    |ap_clk  |  3.20 ns|  1.844 ns|     0.86 ns|
    +--------+---------+----------+------------+

+ Latency: 
    * Summary: 
    +---------+---------+----------+----------+-----+-----+---------+
    |  Latency (cycles) |  Latency (absolute) |  Interval | Pipeline|
    |   min   |   max   |    min   |    max   | min | max |   Type  |
    +---------+---------+----------+----------+-----+-----+---------+
    |        3|        3|  9.600 ns|  9.600 ns|    1|    1|      yes|
    +---------+---------+----------+----------+-----+-----+---------+

    + Detail: 
        * Instance: 
        N/A

        * Loop: 
        N/A



================================================================
== Utilization Estimates
================================================================
* Summary: 
+-----------------+---------+------+--------+--------+-----+
|       Name      | BRAM_18K|  DSP |   FF   |   LUT  | URAM|
+-----------------+---------+------+--------+--------+-----+
|DSP              |        -|     -|       -|       -|    -|
|Expression       |        -|     -|       0|     668|    -|
|FIFO             |        -|     -|       -|       -|    -|
|Instance         |        -|     -|       -|       -|    -|
|Memory           |        -|     -|       -|       -|    -|
|Multiplexer      |        -|     -|       -|     150|    -|
|Register         |        -|     -|    1389|      64|    -|
+-----------------+---------+------+--------+--------+-----+
|Total            |        0|     0|    1389|     882|    0|
+-----------------+---------+------+--------+--------+-----+
|Available        |     1440|  2280|  788160|  394080|  320|
+-----------------+---------+------+--------+--------+-----+
|Utilization (%)  |        0|     0|      ~0|      ~0|    0|
+-----------------+---------+------+--------+--------+-----+

+ Detail: 
    * Instance: 
    N/A

    * DSP: 
    N/A

    * Memory: 
    N/A

    * FIFO: 
    N/A

    * Expression: 
    +----------------------------------+----------+----+---+----+------------+------------+
    |           Variable Name          | Operation| DSP| FF| LUT| Bitwidth P0| Bitwidth P1|
    +----------------------------------+----------+----+---+----+------------+------------+
    |add_ln67_fu_357_p2                |         +|   0|  0|  23|          16|           1|
    |and_ln414_1_fu_333_p2             |       and|   0|  0|  64|          64|          64|
    |and_ln414_2_fu_339_p2             |       and|   0|  0|  64|          64|          64|
    |and_ln414_fu_321_p2               |       and|   0|  0|  64|          64|          64|
    |ap_block_state3_pp0_stage0_iter2  |       and|   0|  0|   2|           1|           1|
    |ap_block_state4_pp0_stage0_iter3  |       and|   0|  0|   2|           1|           1|
    |ap_condition_102                  |       and|   0|  0|   2|           1|           1|
    |ap_condition_173                  |       and|   0|  0|   2|           1|           1|
    |ap_predicate_op88_write_state3    |       and|   0|  0|   2|           1|           1|
    |ap_predicate_op89_write_state4    |       and|   0|  0|   2|           1|           1|
    |tmp_i_i_nbreadreq_fu_108_p3       |       and|   0|  0|  64|           1|           0|
    |icmp_ln414_fu_262_p2              |      icmp|   0|  0|  17|          26|           1|
    |icmp_ln870_fu_440_p2              |      icmp|   0|  0|  13|          16|          16|
    |ap_block_pp0_stage0_01001         |        or|   0|  0|   2|           1|           1|
    |ap_block_state1_pp0_stage0_iter0  |        or|   0|  0|   2|           1|           1|
    |or_ln73_1_fu_388_p2               |        or|   0|  0|   2|           1|           1|
    |or_ln73_fu_368_p2                 |        or|   0|  0|   2|           1|           1|
    |p_Result_s_fu_345_p2              |        or|   0|  0|  64|          64|          64|
    |select_ln414_1_fu_297_p3          |    select|   0|  0|  63|           1|          64|
    |select_ln414_2_fu_305_p3          |    select|   0|  0|  63|           1|          65|
    |select_ln414_3_fu_313_p3          |    select|   0|  0|   2|           1|           1|
    |select_ln414_fu_279_p3            |    select|   0|  0|  63|           1|          64|
    |select_ln73_fu_380_p3             |    select|   0|  0|  16|           1|           1|
    |ap_enable_pp0                     |       xor|   0|  0|   2|           1|           2|
    |xor_ln414_fu_327_p2               |       xor|   0|  0|  64|           2|          64|
    |xor_ln73_fu_374_p2                |       xor|   0|  0|   2|           1|           2|
    +----------------------------------+----------+----+---+----+------------+------------+
    |Total                             |          |   0|  0| 668|         334|         547|
    +----------------------------------+----------+----+---+----+------------+------------+

    * Multiplexer: 
    +---------------------------------------------------------+----+-----------+-----+-----------+
    |                           Name                          | LUT| Input Size| Bits| Total Bits|
    +---------------------------------------------------------+----+-----------+-----+-----------+
    |ap_done                                                  |   9|          2|    1|          2|
    |ap_phi_mux_metaWritten_flag_0_i_i_phi_fu_166_p4          |  14|          3|    1|          3|
    |ap_phi_mux_metaWritten_flag_1_i_i_phi_fu_211_p4          |   9|          2|    1|          2|
    |ap_phi_mux_pu_header_idx_new_0_i_i_phi_fu_156_p4         |   9|          2|   16|         32|
    |ap_phi_mux_pu_header_idx_new_1_i_i_phi_fu_200_p4         |   9|          2|   16|         32|
    |ap_phi_mux_pu_header_ready_flag_0_i_i_phi_fu_145_p4      |  14|          3|    1|          3|
    |ap_phi_mux_pu_header_ready_flag_1_i_i_phi_fu_178_p4      |   9|          2|    1|          2|
    |ap_phi_mux_pu_header_ready_new_1_i_i_phi_fu_189_p4       |   9|          2|    1|          2|
    |ap_phi_reg_pp0_iter1_metaWritten_flag_1_i_i_reg_207      |   9|          2|    1|          2|
    |ap_phi_reg_pp0_iter1_pu_header_ready_flag_1_i_i_reg_174  |   9|          2|    1|          2|
    |ap_phi_reg_pp0_iter2_p_Val2_7_in_i_i_in_in_reg_218       |  14|          3|   64|        192|
    |regListenPort_blk_n                                      |   9|          2|    1|          2|
    |rx_udp2shiftFifo_blk_n                                   |   9|          2|    1|          2|
    |rx_udpMetaFifo_blk_n                                     |   9|          2|    1|          2|
    |s_axis_rx_data_internal_blk_n                            |   9|          2|    1|          2|
    +---------------------------------------------------------+----+-----------+-----+-----------+
    |Total                                                    | 150|         33|  108|        282|
    +---------------------------------------------------------+----+-----------+-----+-----------+

    * Register: 
    +---------------------------------------------------------+------+----+------+-----------+
    |                           Name                          |  FF  | LUT| Bits | Const Bits|
    +---------------------------------------------------------+------+----+------+-----------+
    |ap_CS_fsm                                                |     1|   0|     1|          0|
    |ap_done_reg                                              |     1|   0|     1|          0|
    |ap_enable_reg_pp0_iter1                                  |     1|   0|     1|          0|
    |ap_enable_reg_pp0_iter2                                  |     1|   0|     1|          0|
    |ap_enable_reg_pp0_iter3                                  |     1|   0|     1|          0|
    |ap_phi_reg_pp0_iter1_metaWritten_flag_1_i_i_reg_207      |     1|   0|     1|          0|
    |ap_phi_reg_pp0_iter1_p_Val2_7_in_i_i_in_in_reg_218       |    64|   0|    64|          0|
    |ap_phi_reg_pp0_iter1_pu_header_ready_flag_1_i_i_reg_174  |     1|   0|     1|          0|
    |ap_phi_reg_pp0_iter2_p_Val2_7_in_i_i_in_in_reg_218       |    64|   0|    64|          0|
    |currWord_last_V_reg_513                                  |     1|   0|     1|          0|
    |icmp_ln870_reg_543                                       |     1|   0|     1|          0|
    |metaWritten                                              |     1|   0|     1|          0|
    |metaWritten_load_reg_539                                 |     1|   0|     1|          0|
    |pu_header_header_V                                       |    64|   0|    64|          0|
    |pu_header_idx                                            |    16|   0|    16|          0|
    |pu_header_ready                                          |     1|   0|     1|          0|
    |regListenPort_read_reg_521                               |    16|   0|    16|          0|
    |s_axis_rx_data_internal_read_reg_506                     |  1024|   0|  1024|          0|
    |tmp_i_i_reg_502                                          |     1|   0|     1|          0|
    |s_axis_rx_data_internal_read_reg_506                     |    64|  32|  1024|          0|
    |tmp_i_i_reg_502                                          |    64|  32|     1|          0|
    +---------------------------------------------------------+------+----+------+-----------+
    |Total                                                    |  1389|  64|  2286|          0|
    +---------------------------------------------------------+------+----+------+-----------+



================================================================
== Interface
================================================================
* Summary: 
+---------------------------------+-----+------+------------+-------------------------+--------------+
|            RTL Ports            | Dir | Bits |  Protocol  |      Source Object      |    C Type    |
+---------------------------------+-----+------+------------+-------------------------+--------------+
|ap_clk                           |   in|     1|  ap_ctrl_hs|         process_udp<512>|  return value|
|ap_rst                           |   in|     1|  ap_ctrl_hs|         process_udp<512>|  return value|
|ap_start                         |   in|     1|  ap_ctrl_hs|         process_udp<512>|  return value|
|ap_done                          |  out|     1|  ap_ctrl_hs|         process_udp<512>|  return value|
|ap_continue                      |   in|     1|  ap_ctrl_hs|         process_udp<512>|  return value|
|ap_idle                          |  out|     1|  ap_ctrl_hs|         process_udp<512>|  return value|
|ap_ready                         |  out|     1|  ap_ctrl_hs|         process_udp<512>|  return value|
|s_axis_rx_data_internal_dout     |   in|  1024|     ap_fifo|  s_axis_rx_data_internal|       pointer|
|s_axis_rx_data_internal_empty_n  |   in|     1|     ap_fifo|  s_axis_rx_data_internal|       pointer|
|s_axis_rx_data_internal_read     |  out|     1|     ap_fifo|  s_axis_rx_data_internal|       pointer|
|regListenPort_dout               |   in|    16|     ap_fifo|            regListenPort|       pointer|
|regListenPort_empty_n            |   in|     1|     ap_fifo|            regListenPort|       pointer|
|regListenPort_read               |  out|     1|     ap_fifo|            regListenPort|       pointer|
|rx_udpMetaFifo_din               |  out|    64|     ap_fifo|           rx_udpMetaFifo|       pointer|
|rx_udpMetaFifo_full_n            |   in|     1|     ap_fifo|           rx_udpMetaFifo|       pointer|
|rx_udpMetaFifo_write             |  out|     1|     ap_fifo|           rx_udpMetaFifo|       pointer|
|rx_udp2shiftFifo_din             |  out|  1024|     ap_fifo|         rx_udp2shiftFifo|       pointer|
|rx_udp2shiftFifo_full_n          |   in|     1|     ap_fifo|         rx_udp2shiftFifo|       pointer|
|rx_udp2shiftFifo_write           |  out|     1|     ap_fifo|         rx_udp2shiftFifo|       pointer|
+---------------------------------+-----+------+------------+-------------------------+--------------+

