

================================================================
== Vitis HLS Report for 'udp_lshiftWordByOctet_512_1_s'
================================================================
* Date:           Tue Jul 19 06:17:19 2022

* Version:        2020.2 (Build 3064766 on Wed Nov 18 09:12:47 MST 2020)
* Project:        udp_prj
* Solution:       solution1 (Vivado IP Flow Target)
* Product family: virtexuplus
* Target device:  xcvu3p-ffvc1517-2-i


================================================================
== Performance Estimates
================================================================
+ Timing: 
    * Summary: 
    +--------+---------+----------+------------+
    |  Clock |  Target | Estimated| Uncertainty|
    +--------+---------+----------+------------+
    |ap_clk  |  3.20 ns|  2.258 ns|     0.86 ns|
    +--------+---------+----------+------------+

+ Latency: 
    * Summary: 
    +---------+---------+----------+----------+-----+-----+---------+
    |  Latency (cycles) |  Latency (absolute) |  Interval | Pipeline|
    |   min   |   max   |    min   |    max   | min | max |   Type  |
    +---------+---------+----------+----------+-----+-----+---------+
    |        1|        1|  3.200 ns|  3.200 ns|    1|    1|      yes|
    +---------+---------+----------+----------+-----+-----+---------+

    + Detail: 
        * Instance: 
        N/A

        * Loop: 
        N/A



================================================================
== Utilization Estimates
================================================================
* Summary: 
+-----------------+---------+------+--------+--------+-----+
|       Name      | BRAM_18K|  DSP |   FF   |   LUT  | URAM|
+-----------------+---------+------+--------+--------+-----+
|DSP              |        -|     -|       -|       -|    -|
|Expression       |        -|     -|       0|     526|    -|
|FIFO             |        -|     -|       -|       -|    -|
|Instance         |        -|     -|       -|       -|    -|
|Memory           |        -|     -|       -|       -|    -|
|Multiplexer      |        -|     -|       -|      78|    -|
|Register         |        -|     -|    1162|       -|    -|
+-----------------+---------+------+--------+--------+-----+
|Total            |        0|     0|    1162|     604|    0|
+-----------------+---------+------+--------+--------+-----+
|Available        |     1440|  2280|  788160|  394080|  320|
+-----------------+---------+------+--------+--------+-----+
|Utilization (%)  |        0|     0|      ~0|      ~0|    0|
+-----------------+---------+------+--------+--------+-----+

+ Detail: 
    * Instance: 
    N/A

    * DSP: 
    N/A

    * Memory: 
    N/A

    * FIFO: 
    N/A

    * Expression: 
    +----------------------------------+----------+----+---+-----+------------+------------+
    |           Variable Name          | Operation| DSP| FF| LUT | Bitwidth P0| Bitwidth P1|
    +----------------------------------+----------+----+---+-----+------------+------------+
    |ap_condition_129                  |       and|   0|  0|    2|           1|           1|
    |ap_condition_132                  |       and|   0|  0|    2|           1|           1|
    |ap_condition_162                  |       and|   0|  0|    2|           1|           1|
    |ap_condition_77                   |       and|   0|  0|    2|           1|           1|
    |ap_predicate_op17_read_state1     |       and|   0|  0|    2|           1|           1|
    |ap_predicate_op45_write_state2    |       and|   0|  0|    2|           1|           1|
    |tmp_i_nbreadreq_fu_86_p3          |       and|   0|  0|    2|           1|           0|
    |sendWord_last_V_fu_232_p2         |      icmp|   0|  0|   11|           8|           1|
    |ap_block_pp0_stage0_01001         |        or|   0|  0|    2|           1|           1|
    |ap_block_state1_pp0_stage0_iter0  |        or|   0|  0|    2|           1|           1|
    |ap_block_state2_pp0_stage0_iter1  |        or|   0|  0|    2|           1|           1|
    |select_ln1127_fu_308_p3           |    select|   0|  0|   63|           1|          64|
    |sendWord_data_V_2_fu_300_p3       |    select|   0|  0|  428|           1|         512|
    |ap_enable_pp0                     |       xor|   0|  0|    2|           1|           2|
    |xor_ln752_fu_250_p2               |       xor|   0|  0|    2|           1|           2|
    +----------------------------------+----------+----+---+-----+------------+------------+
    |Total                             |          |   0|  0|  526|          22|         590|
    +----------------------------------+----------+----+---+-----+------------+------------+

    * Multiplexer: 
    +----------------------------------------------------+----+-----------+------+-----------+
    |                        Name                        | LUT| Input Size| Bits | Total Bits|
    +----------------------------------------------------+----+-----------+------+-----------+
    |ap_done                                             |   9|          2|     1|          2|
    |ap_phi_reg_pp0_iter1_ls_firstWord_flag_0_i_reg_107  |  14|          3|     1|          3|
    |ap_phi_reg_pp0_iter1_ls_firstWord_new_0_i_reg_126   |  14|          3|     1|          3|
    |ls_writeRemainder                                   |   9|          2|     1|          2|
    |s_axis_tx_data_internal_blk_n                       |   9|          2|     1|          2|
    |tx_shift2udpFifo_blk_n                              |   9|          2|     1|          2|
    |tx_shift2udpFifo_din                                |  14|          3|  1024|       3072|
    +----------------------------------------------------+----+-----------+------+-----------+
    |Total                                               |  78|         17|  1030|       3086|
    +----------------------------------------------------+----+-----------+------+-----------+

    * Register: 
    +----------------------------------------------------+-----+----+-----+-----------+
    |                        Name                        |  FF | LUT| Bits| Const Bits|
    +----------------------------------------------------+-----+----+-----+-----------+
    |ap_CS_fsm                                           |    1|   0|    1|          0|
    |ap_done_reg                                         |    1|   0|    1|          0|
    |ap_enable_reg_pp0_iter1                             |    1|   0|    1|          0|
    |ap_phi_reg_pp0_iter1_ls_firstWord_flag_0_i_reg_107  |    1|   0|    1|          0|
    |ap_phi_reg_pp0_iter1_ls_firstWord_new_0_i_reg_126   |    1|   0|    1|          0|
    |ls_firstWord                                        |    1|   0|    1|          0|
    |ls_writeRemainder                                   |    1|   0|    1|          0|
    |ls_writeRemainder_load_reg_351                      |    1|   0|    1|          0|
    |p_Result_7_i_reg_368                                |   56|   0|   56|          0|
    |prevWord_data_V_1                                   |  512|   0|  512|          0|
    |prevWord_keep_V_1                                   |   64|   0|   64|          0|
    |reg_164                                             |   64|   0|   64|          0|
    |reg_168                                             |    8|   0|    8|          0|
    |sendWord_last_V_reg_374                             |    1|   0|    1|          0|
    |tmp_i_reg_355                                       |    1|   0|    1|          0|
    |trunc_ln674_reg_362                                 |  448|   0|  448|          0|
    +----------------------------------------------------+-----+----+-----+-----------+
    |Total                                               | 1162|   0| 1162|          0|
    +----------------------------------------------------+-----+----+-----+-----------+



================================================================
== Interface
================================================================
* Summary: 
+---------------------------------+-----+------+------------+-------------------------------+--------------+
|            RTL Ports            | Dir | Bits |  Protocol  |         Source Object         |    C Type    |
+---------------------------------+-----+------+------------+-------------------------------+--------------+
|ap_clk                           |   in|     1|  ap_ctrl_hs|  udp_lshiftWordByOctet<512, 1>|  return value|
|ap_rst                           |   in|     1|  ap_ctrl_hs|  udp_lshiftWordByOctet<512, 1>|  return value|
|ap_start                         |   in|     1|  ap_ctrl_hs|  udp_lshiftWordByOctet<512, 1>|  return value|
|ap_done                          |  out|     1|  ap_ctrl_hs|  udp_lshiftWordByOctet<512, 1>|  return value|
|ap_continue                      |   in|     1|  ap_ctrl_hs|  udp_lshiftWordByOctet<512, 1>|  return value|
|ap_idle                          |  out|     1|  ap_ctrl_hs|  udp_lshiftWordByOctet<512, 1>|  return value|
|ap_ready                         |  out|     1|  ap_ctrl_hs|  udp_lshiftWordByOctet<512, 1>|  return value|
|s_axis_tx_data_internal_dout     |   in|  1024|     ap_fifo|        s_axis_tx_data_internal|       pointer|
|s_axis_tx_data_internal_empty_n  |   in|     1|     ap_fifo|        s_axis_tx_data_internal|       pointer|
|s_axis_tx_data_internal_read     |  out|     1|     ap_fifo|        s_axis_tx_data_internal|       pointer|
|tx_shift2udpFifo_din             |  out|  1024|     ap_fifo|               tx_shift2udpFifo|       pointer|
|tx_shift2udpFifo_full_n          |   in|     1|     ap_fifo|               tx_shift2udpFifo|       pointer|
|tx_shift2udpFifo_write           |  out|     1|     ap_fifo|               tx_shift2udpFifo|       pointer|
+---------------------------------+-----+------+------------+-------------------------------+--------------+

