

================================================================
== Vitis HLS Report for 'udp_top'
================================================================
* Date:           Tue Jul 19 06:17:20 2022

* Version:        2020.2 (Build 3064766 on Wed Nov 18 09:12:47 MST 2020)
* Project:        udp_prj
* Solution:       solution1 (Vivado IP Flow Target)
* Product family: virtexuplus
* Target device:  xcvu3p-ffvc1517-2-i


================================================================
== Performance Estimates
================================================================
+ Timing: 
    * Summary: 
    +--------+---------+----------+------------+
    |  Clock |  Target | Estimated| Uncertainty|
    +--------+---------+----------+------------+
    |ap_clk  |  3.20 ns|  3.195 ns|     0.86 ns|
    +--------+---------+----------+------------+

+ Latency: 
    * Summary: 
    +---------+---------+-----------+-----------+-----+-----+----------+
    |  Latency (cycles) |   Latency (absolute)  |  Interval | Pipeline |
    |   min   |   max   |    min    |    max    | min | max |   Type   |
    +---------+---------+-----------+-----------+-----+-----+----------+
    |        7|        7|  22.400 ns|  22.400 ns|    1|    1|  dataflow|
    +---------+---------+-----------+-----------+-----+-----+----------+

    + Detail: 
        * Instance: 
        +---------------------------------------------+--------------------------------------------+---------+---------+----------+----------+-----+-----+---------+
        |                                             |                                            |  Latency (cycles) |  Latency (absolute) |  Interval | Pipeline|
        |                   Instance                  |                   Module                   |   min   |   max   |    min   |    max   | min | max |   Type  |
        +---------------------------------------------+--------------------------------------------+---------+---------+----------+----------+-----+-----+---------+
        |generate_udp_512_U0                          |generate_udp_512_s                          |        1|        1|  3.200 ns|  3.200 ns|    1|    1|      yes|
        |process_udp_512_U0                           |process_udp_512_s                           |        3|        3|  9.600 ns|  9.600 ns|    1|    1|      yes|
        |udp_lshiftWordByOctet_512_1_U0               |udp_lshiftWordByOctet_512_1_s               |        1|        1|  3.200 ns|  3.200 ns|    1|    1|      yes|
        |udp_rshiftWordByOctet_net_axis_512_512_2_U0  |udp_rshiftWordByOctet_net_axis_512_512_2_s  |        1|        1|  3.200 ns|  3.200 ns|    1|    1|      yes|
        |convert_axis_to_net_axis_512_4_U0            |convert_axis_to_net_axis_512_4              |        1|        1|  3.200 ns|  3.200 ns|    1|    1|      yes|
        |convert_axis_to_net_axis_512_U0              |convert_axis_to_net_axis_512_s              |        1|        1|  3.200 ns|  3.200 ns|    1|    1|      yes|
        |convert_net_axis_to_axis_512_5_U0            |convert_net_axis_to_axis_512_5              |        2|        2|  6.400 ns|  6.400 ns|    1|    1|      yes|
        |convert_net_axis_to_axis_512_U0              |convert_net_axis_to_axis_512_s              |        2|        2|  6.400 ns|  6.400 ns|    1|    1|      yes|
        |merge_rx_meta_U0                             |merge_rx_meta                               |        2|        2|  6.400 ns|  6.400 ns|    1|    1|      yes|
        |split_tx_meta_U0                             |split_tx_meta                               |        2|        2|  6.400 ns|  6.400 ns|    1|    1|      yes|
        |udp_top_entry3_U0                            |udp_top_entry3                              |        0|        0|      0 ns|      0 ns|    0|    0|     none|
        |udp_top_entry6_U0                            |udp_top_entry6                              |        0|        0|      0 ns|      0 ns|    0|    0|     none|
        +---------------------------------------------+--------------------------------------------+---------+---------+----------+----------+-----+-----+---------+

        * Loop: 
        N/A



================================================================
== Utilization Estimates
================================================================
* Summary: 
+-----------------+---------+------+--------+--------+-----+
|       Name      | BRAM_18K|  DSP |   FF   |   LUT  | URAM|
+-----------------+---------+------+--------+--------+-----+
|DSP              |        -|     -|       -|       -|    -|
|Expression       |        -|     -|       -|       -|    -|
|FIFO             |        -|     -|   12655|    6374|    -|
|Instance         |        -|     -|    8494|    2152|    -|
|Memory           |        -|     -|       -|       -|    -|
|Multiplexer      |        -|     -|       -|       -|    -|
|Register         |        -|     -|       -|       -|    -|
+-----------------+---------+------+--------+--------+-----+
|Total            |        0|     0|   21149|    8526|    0|
+-----------------+---------+------+--------+--------+-----+
|Available        |     1440|  2280|  788160|  394080|  320|
+-----------------+---------+------+--------+--------+-----+
|Utilization (%)  |        0|     0|       2|       2|    0|
+-----------------+---------+------+--------+--------+-----+

+ Detail: 
    * Instance: 
    +---------------------------------------------+--------------------------------------------+---------+----+------+-----+-----+
    |                   Instance                  |                   Module                   | BRAM_18K| DSP|  FF  | LUT | URAM|
    +---------------------------------------------+--------------------------------------------+---------+----+------+-----+-----+
    |convert_axis_to_net_axis_512_4_U0            |convert_axis_to_net_axis_512_4              |        0|   0|   581|   37|    0|
    |convert_axis_to_net_axis_512_U0              |convert_axis_to_net_axis_512_s              |        0|   0|   581|   37|    0|
    |convert_net_axis_to_axis_512_5_U0            |convert_net_axis_to_axis_512_5              |        0|   0|   583|   43|    0|
    |convert_net_axis_to_axis_512_U0              |convert_net_axis_to_axis_512_s              |        0|   0|   583|   43|    0|
    |generate_udp_512_U0                          |generate_udp_512_s                          |        0|   0|  2202|  187|    0|
    |merge_rx_meta_U0                             |merge_rx_meta                               |        0|   0|    90|   60|    0|
    |process_udp_512_U0                           |process_udp_512_s                           |        0|   0|  1389|  882|    0|
    |split_tx_meta_U0                             |split_tx_meta                               |        0|   0|    86|   77|    0|
    |udp_lshiftWordByOctet_512_1_U0               |udp_lshiftWordByOctet_512_1_s               |        0|   0|  1162|  604|    0|
    |udp_rshiftWordByOctet_net_axis_512_512_2_U0  |udp_rshiftWordByOctet_net_axis_512_512_2_s  |        0|   0|  1233|  133|    0|
    |udp_top_entry3_U0                            |udp_top_entry3                              |        0|   0|     2|   20|    0|
    |udp_top_entry6_U0                            |udp_top_entry6                              |        0|   0|     2|   29|    0|
    +---------------------------------------------+--------------------------------------------+---------+----+------+-----+-----+
    |Total                                        |                                            |        0|   0|  8494| 2152|    0|
    +---------------------------------------------+--------------------------------------------+---------+----+------+-----+-----+

    * DSP: 
    N/A

    * Memory: 
    N/A

    * FIFO: 
    +---------------------------+---------+------+----+-----+------+------+---------+
    |            Name           | BRAM_18K|  FF  | LUT| URAM| Depth| Bits | Size:D*B|
    +---------------------------+---------+------+----+-----+------+------+---------+
    |m_axis_rx_data_internal_U  |        0|  2058|   0|    -|     2|  1024|     2048|
    |m_axis_tx_data_internal_U  |        0|  2058|   0|    -|     2|  1024|     2048|
    |reg_listen_port_c1_U       |        0|    36|   0|    -|     2|    16|       32|
    |reg_listen_port_c_U        |        0|     5|   0|    -|     3|    16|       48|
    |rx_udp2shiftFifo_U         |        0|  2058|   0|    -|     2|  1024|     2048|
    |rx_udpMetaFifo_U           |        0|   133|   0|    -|     2|    64|      128|
    |s_axis_rx_data_internal_U  |        0|  2058|   0|    -|     2|  1024|     2048|
    |s_axis_tx_data_internal_U  |        0|  2058|   0|    -|     2|  1024|     2048|
    |tx_shift2udpFifo_U         |        0|  2058|   0|    -|     2|  1024|     2048|
    |tx_udpMetaFifo_U           |        0|   133|   0|    -|     2|    64|      128|
    +---------------------------+---------+------+----+-----+------+------+---------+
    |Total                      |        0| 12655|   0|    0|    21|  6304|    12624|
    +---------------------------+---------+------+----+-----+------+------+---------+

    * Expression: 
    N/A

    * Multiplexer: 
    N/A

    * Register: 
    N/A



================================================================
== Interface
================================================================
* Summary: 
+-------------------------+-----+-----+--------------+-------------------------+--------------+
|        RTL Ports        | Dir | Bits|   Protocol   |      Source Object      |    C Type    |
+-------------------------+-----+-----+--------------+-------------------------+--------------+
|s_axis_rx_meta_V_TDATA   |   in|   64|          axis|         s_axis_rx_meta_V|       pointer|
|s_axis_rx_meta_V_TVALID  |   in|    1|          axis|         s_axis_rx_meta_V|       pointer|
|s_axis_rx_meta_V_TREADY  |  out|    1|          axis|         s_axis_rx_meta_V|       pointer|
|s_axis_rx_data_TDATA     |   in|  512|          axis|  s_axis_rx_data_V_data_V|       pointer|
|s_axis_rx_data_TKEEP     |   in|   64|          axis|  s_axis_rx_data_V_keep_V|       pointer|
|s_axis_rx_data_TSTRB     |   in|   64|          axis|  s_axis_rx_data_V_strb_V|       pointer|
|s_axis_rx_data_TLAST     |   in|    1|          axis|  s_axis_rx_data_V_last_V|       pointer|
|s_axis_rx_data_TVALID    |   in|    1|          axis|  s_axis_rx_data_V_last_V|       pointer|
|s_axis_rx_data_TREADY    |  out|    1|          axis|  s_axis_rx_data_V_last_V|       pointer|
|m_axis_rx_meta_V_TDATA   |  out|  256|          axis|         m_axis_rx_meta_V|       pointer|
|m_axis_rx_meta_V_TVALID  |  out|    1|          axis|         m_axis_rx_meta_V|       pointer|
|m_axis_rx_meta_V_TREADY  |   in|    1|          axis|         m_axis_rx_meta_V|       pointer|
|m_axis_rx_data_TDATA     |  out|  512|          axis|  m_axis_rx_data_V_data_V|       pointer|
|m_axis_rx_data_TKEEP     |  out|   64|          axis|  m_axis_rx_data_V_keep_V|       pointer|
|m_axis_rx_data_TSTRB     |  out|   64|          axis|  m_axis_rx_data_V_strb_V|       pointer|
|m_axis_rx_data_TLAST     |  out|    1|          axis|  m_axis_rx_data_V_last_V|       pointer|
|m_axis_rx_data_TVALID    |  out|    1|          axis|  m_axis_rx_data_V_last_V|       pointer|
|m_axis_rx_data_TREADY    |   in|    1|          axis|  m_axis_rx_data_V_last_V|       pointer|
|s_axis_tx_meta_V_TDATA   |   in|  256|          axis|         s_axis_tx_meta_V|       pointer|
|s_axis_tx_meta_V_TVALID  |   in|    1|          axis|         s_axis_tx_meta_V|       pointer|
|s_axis_tx_meta_V_TREADY  |  out|    1|          axis|         s_axis_tx_meta_V|       pointer|
|s_axis_tx_data_TDATA     |   in|  512|          axis|  s_axis_tx_data_V_data_V|       pointer|
|s_axis_tx_data_TKEEP     |   in|   64|          axis|  s_axis_tx_data_V_keep_V|       pointer|
|s_axis_tx_data_TSTRB     |   in|   64|          axis|  s_axis_tx_data_V_strb_V|       pointer|
|s_axis_tx_data_TLAST     |   in|    1|          axis|  s_axis_tx_data_V_last_V|       pointer|
|s_axis_tx_data_TVALID    |   in|    1|          axis|  s_axis_tx_data_V_last_V|       pointer|
|s_axis_tx_data_TREADY    |  out|    1|          axis|  s_axis_tx_data_V_last_V|       pointer|
|m_axis_tx_meta_V_TDATA   |  out|   64|          axis|         m_axis_tx_meta_V|       pointer|
|m_axis_tx_meta_V_TVALID  |  out|    1|          axis|         m_axis_tx_meta_V|       pointer|
|m_axis_tx_meta_V_TREADY  |   in|    1|          axis|         m_axis_tx_meta_V|       pointer|
|m_axis_tx_data_TDATA     |  out|  512|          axis|  m_axis_tx_data_V_data_V|       pointer|
|m_axis_tx_data_TKEEP     |  out|   64|          axis|  m_axis_tx_data_V_keep_V|       pointer|
|m_axis_tx_data_TSTRB     |  out|   64|          axis|  m_axis_tx_data_V_strb_V|       pointer|
|m_axis_tx_data_TLAST     |  out|    1|          axis|  m_axis_tx_data_V_last_V|       pointer|
|m_axis_tx_data_TVALID    |  out|    1|          axis|  m_axis_tx_data_V_last_V|       pointer|
|m_axis_tx_data_TREADY    |   in|    1|          axis|  m_axis_tx_data_V_last_V|       pointer|
|reg_ip_address           |   in|  128|       ap_none|           reg_ip_address|        scalar|
|reg_listen_port          |   in|   16|       ap_none|          reg_listen_port|        scalar|
|ap_clk                   |   in|    1|  ap_ctrl_none|                  udp_top|  return value|
|ap_rst_n                 |   in|    1|  ap_ctrl_none|                  udp_top|  return value|
+-------------------------+-----+-----+--------------+-------------------------+--------------+

