

================================================================
== Synthesis Summary Report of 'ipv4_top'
================================================================
+ General Information: 
    * Date:           Tue Jul 19 06:03:01 2022
    * Version:        2020.2 (Build 3064766 on Wed Nov 18 09:12:47 MST 2020)
    * Project:        ipv4_prj
    * Solution:       solution1 (Vivado IP Flow Target)
    * Product family: virtexuplus
    * Target device:  xcvu3p-ffvc1517-2-i
    

+ Performance & Resource Estimates: 
    
    PS: '+' for module; 'o' for loop; '*' for dataflow
    +--------------------------------------------------+--------+-------+---------+--------+----------+---------+------+----------+------+----+------------+------------+-----+
    |                      Modules                     |  Issue |       | Latency | Latency| Iteration|         | Trip |          |      |    |            |            |     |
    |                      & Loops                     |  Type  | Slack | (cycles)|  (ns)  |  Latency | Interval| Count| Pipelined| BRAM | DSP|     FF     |     LUT    | URAM|
    +--------------------------------------------------+--------+-------+---------+--------+----------+---------+------+----------+------+----+------------+------------+-----+
    |+ ipv4_top*                                       |  Timing|   0.78|        6|  19.200|         -|        1|     -|  dataflow|     -|   -|  25861 (3%)|  10451 (2%)|    -|
    | + grp_ipv4_generate_ipv4_512_s_fu_202            |       -|  -0.47|        1|   3.200|         -|        1|     -|       yes|     -|   -|  2298 (~0%)|   232 (~0%)|    -|
    | + grp_ipv4_drop_optional_ip_header_512_s_fu_220  |  Timing|   0.78|        1|   3.200|         -|        1|     -|       yes|     -|   -|  3950 (~0%)|   193 (~0%)|    -|
    | + grp_process_ipv4_512_s_fu_238                  |       -|  -0.50|        3|   9.600|         -|        1|     -|       yes|     -|   -|  1597 (~0%)|  1675 (~0%)|    -|
    | + grp_ipv4_lshiftWordByOctet_512_2_s_fu_258      |  Timing|   0.06|        1|   3.200|         -|        1|     -|       yes|     -|   -|  1162 (~0%)|   607 (~0%)|    -|
    | + grp_convert_axis_to_net_axis_512_4_fu_274      |       -|  -1.17|        1|   3.200|         -|        1|     -|       yes|     -|   -|   581 (~0%)|    37 (~0%)|    -|
    | + grp_convert_axis_to_net_axis_512_s_fu_288      |       -|  -1.17|        1|   3.200|         -|        1|     -|       yes|     -|   -|   581 (~0%)|    37 (~0%)|    -|
    | + grp_convert_net_axis_to_axis_512_5_fu_302      |       -|  -1.17|        2|   6.400|         -|        1|     -|       yes|     -|   -|   583 (~0%)|    43 (~0%)|    -|
    | + grp_convert_net_axis_to_axis_512_s_fu_316      |       -|  -1.17|        2|   6.400|         -|        1|     -|       yes|     -|   -|   583 (~0%)|    43 (~0%)|    -|
    | + call_ln251_ipv4_top_entry3_fu_330              |       -|  -1.17|        0|   0.000|         -|        0|     -|        no|     -|   -|     2 (~0%)|    29 (~0%)|    -|
    | + call_ln250_ipv4_top_entry6_fu_340              |       -|  -0.00|        0|   0.000|         -|        0|     -|        no|     -|   -|     2 (~0%)|    47 (~0%)|    -|
    +--------------------------------------------------+--------+-------+---------+--------+----------+---------+------+----------+------+----+------------+------------+-----+

