

================================================================
== Vitis HLS Report for 'ipv4_generate_ipv4_512_s'
================================================================
* Date:           Tue Jul 19 06:02:59 2022

* Version:        2020.2 (Build 3064766 on Wed Nov 18 09:12:47 MST 2020)
* Project:        ipv4_prj
* Solution:       solution1 (Vivado IP Flow Target)
* Product family: virtexuplus
* Target device:  xcvu3p-ffvc1517-2-i


================================================================
== Performance Estimates
================================================================
+ Timing: 
    * Summary: 
    +--------+---------+----------+------------+
    |  Clock |  Target | Estimated| Uncertainty|
    +--------+---------+----------+------------+
    |ap_clk  |  3.20 ns|  1.866 ns|     0.86 ns|
    +--------+---------+----------+------------+

+ Latency: 
    * Summary: 
    +---------+---------+----------+----------+-----+-----+---------+
    |  Latency (cycles) |  Latency (absolute) |  Interval | Pipeline|
    |   min   |   max   |    min   |    max   | min | max |   Type  |
    +---------+---------+----------+----------+-----+-----+---------+
    |        1|        1|  3.200 ns|  3.200 ns|    1|    1|      yes|
    +---------+---------+----------+----------+-----+-----+---------+

    + Detail: 
        * Instance: 
        N/A

        * Loop: 
        N/A



================================================================
== Utilization Estimates
================================================================
* Summary: 
+-----------------+---------+------+--------+--------+-----+
|       Name      | BRAM_18K|  DSP |   FF   |   LUT  | URAM|
+-----------------+---------+------+--------+--------+-----+
|DSP              |        -|     -|       -|       -|    -|
|Expression       |        -|     -|       0|     112|    -|
|FIFO             |        -|     -|       -|       -|    -|
|Instance         |        -|     -|       -|       -|    -|
|Memory           |        -|     -|       -|       -|    -|
|Multiplexer      |        -|     -|       -|     120|    -|
|Register         |        -|     -|    2298|       -|    -|
+-----------------+---------+------+--------+--------+-----+
|Total            |        0|     0|    2298|     232|    0|
+-----------------+---------+------+--------+--------+-----+
|Available        |     1440|  2280|  788160|  394080|  320|
+-----------------+---------+------+--------+--------+-----+
|Utilization (%)  |        0|     0|      ~0|      ~0|    0|
+-----------------+---------+------+--------+--------+-----+

+ Detail: 
    * Instance: 
    N/A

    * DSP: 
    N/A

    * Memory: 
    N/A

    * FIFO: 
    N/A

    * Expression: 
    +----------------------------------+----------+----+---+----+------------+------------+
    |           Variable Name          | Operation| DSP| FF| LUT| Bitwidth P0| Bitwidth P1|
    +----------------------------------+----------+----+---+----+------------+------------+
    |grp_fu_207_p2                     |         +|   0|  0|  23|          16|           1|
    |len_V_fu_349_p2                   |         +|   0|  0|  23|          16|           5|
    |ap_condition_116                  |       and|   0|  0|   2|           1|           1|
    |ap_condition_166                  |       and|   0|  0|   2|           1|           1|
    |ap_condition_188                  |       and|   0|  0|   2|           1|           1|
    |ap_condition_222                  |       and|   0|  0|   2|           1|           1|
    |ap_predicate_op28_read_state1     |       and|   0|  0|   2|           1|           1|
    |ap_predicate_op35_read_state1     |       and|   0|  0|   2|           1|           1|
    |ap_predicate_op61_read_state1     |       and|   0|  0|   2|           1|           1|
    |ap_predicate_op77_write_state2    |       and|   0|  0|   2|           1|           1|
    |ap_predicate_op81_write_state2    |       and|   0|  0|   2|           1|           1|
    |grp_nbreadreq_fu_144_p3           |       and|   0|  0|   2|           1|           0|
    |tmp_i_i_nbreadreq_fu_158_p3       |       and|   0|  0|   2|           1|           0|
    |icmp_ln82_1_fu_255_p2             |      icmp|   0|  0|  16|          25|           8|
    |icmp_ln82_fu_311_p2               |      icmp|   0|  0|  16|          25|           8|
    |ap_block_pp0_stage0_01001         |        or|   0|  0|   2|           1|           1|
    |ap_block_state1_pp0_stage0_iter0  |        or|   0|  0|   2|           1|           1|
    |ap_block_state2_pp0_stage0_iter1  |        or|   0|  0|   2|           1|           1|
    |select_ln222_cast_i_i_fu_289_p3   |    select|   0|  0|   2|           1|           2|
    |ap_enable_pp0                     |       xor|   0|  0|   2|           1|           2|
    |xor_ln222_fu_283_p2               |       xor|   0|  0|   2|           1|           2|
    +----------------------------------+----------+----+---+----+------------+------------+
    |Total                             |          |   0|  0| 112|          99|          40|
    +----------------------------------+----------+----+---+----+------------+------------+

    * Multiplexer: 
    +------------------------------------------------+----+-----------+------+-----------+
    |                      Name                      | LUT| Input Size| Bits | Total Bits|
    +------------------------------------------------+----+-----------+------+-----------+
    |ap_done                                         |   9|          2|     1|          2|
    |ap_phi_reg_pp0_iter1_currWord_data_V_1_reg_188  |   9|          2|   512|       1024|
    |ap_phi_reg_pp0_iter1_currWord_data_V_3_reg_179  |  14|          3|   512|       1536|
    |gi_state                                        |  14|          3|     2|          6|
    |header_idx_1                                    |   9|          2|    16|         32|
    |local_ipv4_address_blk_n                        |   9|          2|     1|          2|
    |m_axis_tx_data_internal_blk_n                   |   9|          2|     1|          2|
    |m_axis_tx_data_internal_din                     |  20|          4|  1024|       4096|
    |protocol_blk_n                                  |   9|          2|     1|          2|
    |s_axis_tx_meta_V_TDATA_blk_n                    |   9|          2|     1|          2|
    |tx_shift2ipv4Fifo_blk_n                         |   9|          2|     1|          2|
    +------------------------------------------------+----+-----------+------+-----------+
    |Total                                           | 120|         26|  2072|       6706|
    +------------------------------------------------+----+-----------+------+-----------+

    * Register: 
    +------------------------------------------------+------+----+------+-----------+
    |                      Name                      |  FF  | LUT| Bits | Const Bits|
    +------------------------------------------------+------+----+------+-----------+
    |ap_CS_fsm                                       |     1|   0|     1|          0|
    |ap_done_reg                                     |     1|   0|     1|          0|
    |ap_enable_reg_pp0_iter1                         |     1|   0|     1|          0|
    |ap_phi_reg_pp0_iter1_currWord_data_V_1_reg_188  |   512|   0|   512|          0|
    |ap_phi_reg_pp0_iter1_currWord_data_V_3_reg_179  |   512|   0|   512|          0|
    |gi_state                                        |     2|   0|     2|          0|
    |gi_state_load_reg_476                           |     2|   0|     2|          0|
    |header_header_V_1                               |   160|   0|   160|          0|
    |header_idx_1                                    |    16|   0|    16|          0|
    |tmp_1_i_i_reg_480                               |     1|   0|     1|          0|
    |tmp_i_i_50_reg_492                              |     1|   0|     1|          0|
    |tmp_reg_509                                     |    65|   0|    65|          0|
    |tx_shift2ipv4Fifo_read_1_reg_484                |  1024|   0|  1024|          0|
    +------------------------------------------------+------+----+------+-----------+
    |Total                                           |  2298|   0|  2298|          0|
    +------------------------------------------------+------+----+------+-----------+



================================================================
== Interface
================================================================
* Summary: 
+--------------------------------+-----+------+------------+-------------------------+--------------+
|            RTL Ports           | Dir | Bits |  Protocol  |      Source Object      |    C Type    |
+--------------------------------+-----+------+------------+-------------------------+--------------+
|ap_clk                          |   in|     1|  ap_ctrl_hs|  ipv4_generate_ipv4<512>|  return value|
|ap_rst                          |   in|     1|  ap_ctrl_hs|  ipv4_generate_ipv4<512>|  return value|
|ap_start                        |   in|     1|  ap_ctrl_hs|  ipv4_generate_ipv4<512>|  return value|
|ap_done                         |  out|     1|  ap_ctrl_hs|  ipv4_generate_ipv4<512>|  return value|
|ap_continue                     |   in|     1|  ap_ctrl_hs|  ipv4_generate_ipv4<512>|  return value|
|ap_idle                         |  out|     1|  ap_ctrl_hs|  ipv4_generate_ipv4<512>|  return value|
|ap_ready                        |  out|     1|  ap_ctrl_hs|  ipv4_generate_ipv4<512>|  return value|
|local_ipv4_address_dout         |   in|    32|     ap_fifo|       local_ipv4_address|       pointer|
|local_ipv4_address_empty_n      |   in|     1|     ap_fifo|       local_ipv4_address|       pointer|
|local_ipv4_address_read         |  out|     1|     ap_fifo|       local_ipv4_address|       pointer|
|protocol_dout                   |   in|     8|     ap_fifo|                 protocol|       pointer|
|protocol_empty_n                |   in|     1|     ap_fifo|                 protocol|       pointer|
|protocol_read                   |  out|     1|     ap_fifo|                 protocol|       pointer|
|tx_shift2ipv4Fifo_dout          |   in|  1024|     ap_fifo|        tx_shift2ipv4Fifo|       pointer|
|tx_shift2ipv4Fifo_empty_n       |   in|     1|     ap_fifo|        tx_shift2ipv4Fifo|       pointer|
|tx_shift2ipv4Fifo_read          |  out|     1|     ap_fifo|        tx_shift2ipv4Fifo|       pointer|
|s_axis_tx_meta_V_TVALID         |   in|     1|        axis|         s_axis_tx_meta_V|       pointer|
|s_axis_tx_meta_V_TDATA          |   in|    64|        axis|         s_axis_tx_meta_V|       pointer|
|s_axis_tx_meta_V_TREADY         |  out|     1|        axis|         s_axis_tx_meta_V|       pointer|
|m_axis_tx_data_internal_din     |  out|  1024|     ap_fifo|  m_axis_tx_data_internal|       pointer|
|m_axis_tx_data_internal_full_n  |   in|     1|     ap_fifo|  m_axis_tx_data_internal|       pointer|
|m_axis_tx_data_internal_write   |  out|     1|     ap_fifo|  m_axis_tx_data_internal|       pointer|
+--------------------------------+-----+------+------------+-------------------------+--------------+

