

================================================================
== Vitis HLS Report for 'ipv4_top_entry6'
================================================================
* Date:           Tue Jul 19 06:02:57 2022

* Version:        2020.2 (Build 3064766 on Wed Nov 18 09:12:47 MST 2020)
* Project:        ipv4_prj
* Solution:       solution1 (Vivado IP Flow Target)
* Product family: virtexuplus
* Target device:  xcvu3p-ffvc1517-2-i


================================================================
== Performance Estimates
================================================================
+ Timing: 
    * Summary: 
    +--------+---------+----------+------------+
    |  Clock |  Target | Estimated| Uncertainty|
    +--------+---------+----------+------------+
    |ap_clk  |  3.20 ns|  2.336 ns|     0.86 ns|
    +--------+---------+----------+------------+

+ Latency: 
    * Summary: 
    +---------+---------+----------+----------+-----+-----+---------+
    |  Latency (cycles) |  Latency (absolute) |  Interval | Pipeline|
    |   min   |   max   |    min   |    max   | min | max |   Type  |
    +---------+---------+----------+----------+-----+-----+---------+
    |        0|        0|      0 ns|      0 ns|    0|    0|     none|
    +---------+---------+----------+----------+-----+-----+---------+

    + Detail: 
        * Instance: 
        N/A

        * Loop: 
        N/A



================================================================
== Utilization Estimates
================================================================
* Summary: 
+-----------------+---------+------+--------+--------+-----+
|       Name      | BRAM_18K|  DSP |   FF   |   LUT  | URAM|
+-----------------+---------+------+--------+--------+-----+
|DSP              |        -|     -|       -|       -|    -|
|Expression       |        -|     -|       0|       2|    -|
|FIFO             |        -|     -|       -|       -|    -|
|Instance         |        -|     -|       -|       -|    -|
|Memory           |        -|     -|       -|       -|    -|
|Multiplexer      |        -|     -|       -|      45|    -|
|Register         |        -|     -|       2|       -|    -|
+-----------------+---------+------+--------+--------+-----+
|Total            |        0|     0|       2|      47|    0|
+-----------------+---------+------+--------+--------+-----+
|Available        |     1440|  2280|  788160|  394080|  320|
+-----------------+---------+------+--------+--------+-----+
|Utilization (%)  |        0|     0|      ~0|      ~0|    0|
+-----------------+---------+------+--------+--------+-----+

+ Detail: 
    * Instance: 
    N/A

    * DSP: 
    N/A

    * Memory: 
    N/A

    * FIFO: 
    N/A

    * Expression: 
    +-----------------+----------+----+---+----+------------+------------+
    |  Variable Name  | Operation| DSP| FF| LUT| Bitwidth P0| Bitwidth P1|
    +-----------------+----------+----+---+----+------------+------------+
    |ap_block_state1  |        or|   0|  0|   2|           1|           1|
    +-----------------+----------+----+---+----+------------+------------+
    |Total            |          |   0|  0|   2|           1|           1|
    +-----------------+----------+----+---+----+------------+------------+

    * Multiplexer: 
    +------------------------------+----+-----------+-----+-----------+
    |             Name             | LUT| Input Size| Bits| Total Bits|
    +------------------------------+----+-----------+-----+-----------+
    |ap_done                       |   9|          2|    1|          2|
    |local_ipv4_address_blk_n      |   9|          2|    1|          2|
    |local_ipv4_address_out_blk_n  |   9|          2|    1|          2|
    |protocol_blk_n                |   9|          2|    1|          2|
    |protocol_out_blk_n            |   9|          2|    1|          2|
    +------------------------------+----+-----------+-----+-----------+
    |Total                         |  45|         10|    5|         10|
    +------------------------------+----+-----------+-----+-----------+

    * Register: 
    +-------------+---+----+-----+-----------+
    |     Name    | FF| LUT| Bits| Const Bits|
    +-------------+---+----+-----+-----------+
    |ap_CS_fsm    |  1|   0|    1|          0|
    |ap_done_reg  |  1|   0|    1|          0|
    +-------------+---+----+-----+-----------+
    |Total        |  2|   0|    2|          0|
    +-------------+---+----+-----+-----------+



================================================================
== Interface
================================================================
* Summary: 
+-------------------------------+-----+-----+------------+------------------------+--------------+
|           RTL Ports           | Dir | Bits|  Protocol  |      Source Object     |    C Type    |
+-------------------------------+-----+-----+------------+------------------------+--------------+
|ap_clk                         |   in|    1|  ap_ctrl_hs|         ipv4_top.entry6|  return value|
|ap_rst                         |   in|    1|  ap_ctrl_hs|         ipv4_top.entry6|  return value|
|ap_start                       |   in|    1|  ap_ctrl_hs|         ipv4_top.entry6|  return value|
|ap_done                        |  out|    1|  ap_ctrl_hs|         ipv4_top.entry6|  return value|
|ap_continue                    |   in|    1|  ap_ctrl_hs|         ipv4_top.entry6|  return value|
|ap_idle                        |  out|    1|  ap_ctrl_hs|         ipv4_top.entry6|  return value|
|ap_ready                       |  out|    1|  ap_ctrl_hs|         ipv4_top.entry6|  return value|
|local_ipv4_address_dout        |   in|   32|     ap_fifo|      local_ipv4_address|       pointer|
|local_ipv4_address_empty_n     |   in|    1|     ap_fifo|      local_ipv4_address|       pointer|
|local_ipv4_address_read        |  out|    1|     ap_fifo|      local_ipv4_address|       pointer|
|protocol_dout                  |   in|    8|     ap_fifo|                protocol|       pointer|
|protocol_empty_n               |   in|    1|     ap_fifo|                protocol|       pointer|
|protocol_read                  |  out|    1|     ap_fifo|                protocol|       pointer|
|local_ipv4_address_out_din     |  out|   32|     ap_fifo|  local_ipv4_address_out|       pointer|
|local_ipv4_address_out_full_n  |   in|    1|     ap_fifo|  local_ipv4_address_out|       pointer|
|local_ipv4_address_out_write   |  out|    1|     ap_fifo|  local_ipv4_address_out|       pointer|
|protocol_out_din               |  out|    8|     ap_fifo|            protocol_out|       pointer|
|protocol_out_full_n            |   in|    1|     ap_fifo|            protocol_out|       pointer|
|protocol_out_write             |  out|    1|     ap_fifo|            protocol_out|       pointer|
+-------------------------------+-----+-----+------------+------------------------+--------------+

