

================================================================
== Vitis HLS Report for 'client'
================================================================
* Date:           Tue Jul 19 22:46:43 2022

* Version:        2020.2 (Build 3064766 on Wed Nov 18 09:12:47 MST 2020)
* Project:        echo_server_application_prj
* Solution:       solution1 (Vivado IP Flow Target)
* Product family: virtexuplus
* Target device:  xcvu3p-ffvc1517-2-i


================================================================
== Performance Estimates
================================================================
+ Timing: 
    * Summary: 
    +--------+---------+----------+------------+
    |  Clock |  Target | Estimated| Uncertainty|
    +--------+---------+----------+------------+
    |ap_clk  |  6.40 ns|  1.860 ns|     1.73 ns|
    +--------+---------+----------+------------+

+ Latency: 
    * Summary: 
    +---------+---------+-----------+-----------+-----+-----+---------+
    |  Latency (cycles) |   Latency (absolute)  |  Interval | Pipeline|
    |   min   |   max   |    min    |    max    | min | max |   Type  |
    +---------+---------+-----------+-----------+-----+-----+---------+
    |        2|        2|  12.800 ns|  12.800 ns|    2|    2|      yes|
    +---------+---------+-----------+-----------+-----+-----+---------+

    + Detail: 
        * Instance: 
        N/A

        * Loop: 
        N/A

============================================================
+ Verbose Summary: Synthesis Manager
============================================================
InlineROM: 1
ExposeGlobal: 0
============================================================
+ Verbose Summary: CDFG Model
============================================================
IsTopModel: 0
ResetActiveHigh: 1
IsCombinational: 2
IsDatapathOnly: 0
HasWiredReturn: 1
HasMFsm: 2
HasVarLatency: 0
IsPipeline: 1
IsRtlPipelined: 1
IsInstanceOverlapped: 0
IsDontTouch: 0
HasImplIP: 0
IsGatedGlobalClock: 0

+ Individual pipeline summary: 
  * Pipeline-0: initiation interval (II) = 2, depth = 3


============================================================
+ Verbose Summary: Schedule
============================================================
* Number of FSM states : 3
* Pipeline : 1
  Pipeline-0 : II = 2, D = 3, States = { 1 2 3 }
* Dataflow Pipeline: 0

* FSM state transitions: 
1 --> 2 
2 --> 3 
3 --> 

* FSM state operations: 

State 1 <SV = 0> <Delay = 0.12>
ST_1 : Operation 4 [1/1] (0.00ns)   --->   "%specinterface_ln0 = specinterface void @_ssdm_op_SpecInterface, i1024 %esa_dataFifo, void @empty_1, i32 0, i32 0, void @empty_4, i32 0, i32 0, void @empty_4, void @empty_4, void @empty_4, i32 0, i32 0, i32 0, i32 0, void @empty_4, void @empty_4"   --->   Operation 4 'specinterface' 'specinterface_ln0' <Predicate = true> <Delay = 0.00>
ST_1 : Operation 5 [1/1] (0.00ns)   --->   "%specinterface_ln0 = specinterface void @_ssdm_op_SpecInterface, i1024 %esa_dataFifo, void @empty_1, i32 0, i32 0, void @empty_4, i32 0, i32 0, void @empty_4, void @empty_4, void @empty_4, i32 0, i32 0, i32 0, i32 0, void @empty_4, void @empty_4"   --->   Operation 5 'specinterface' 'specinterface_ln0' <Predicate = true> <Delay = 0.00>
ST_1 : Operation 6 [1/1] (0.00ns)   --->   "%specinterface_ln0 = specinterface void @_ssdm_op_SpecInterface, i1024 %esa_dataFifo, void @empty_1, i32 0, i32 0, void @empty_4, i32 0, i32 0, void @empty_4, void @empty_4, void @empty_4, i32 0, i32 0, i32 0, i32 0, void @empty_4, void @empty_4"   --->   Operation 6 'specinterface' 'specinterface_ln0' <Predicate = true> <Delay = 0.00>
ST_1 : Operation 7 [1/1] (0.00ns)   --->   "%specinterface_ln0 = specinterface void @_ssdm_op_SpecInterface, i16 %esa_lengthFifo, void @empty_1, i32 0, i32 0, void @empty_4, i32 0, i32 0, void @empty_4, void @empty_4, void @empty_4, i32 0, i32 0, i32 0, i32 0, void @empty_4, void @empty_4"   --->   Operation 7 'specinterface' 'specinterface_ln0' <Predicate = true> <Delay = 0.00>
ST_1 : Operation 8 [1/1] (0.00ns)   --->   "%specinterface_ln0 = specinterface void @_ssdm_op_SpecInterface, i16 %esa_lengthFifo, void @empty_1, i32 0, i32 0, void @empty_4, i32 0, i32 0, void @empty_4, void @empty_4, void @empty_4, i32 0, i32 0, i32 0, i32 0, void @empty_4, void @empty_4"   --->   Operation 8 'specinterface' 'specinterface_ln0' <Predicate = true> <Delay = 0.00>
ST_1 : Operation 9 [1/1] (0.00ns)   --->   "%specinterface_ln0 = specinterface void @_ssdm_op_SpecInterface, i16 %esa_lengthFifo, void @empty_1, i32 0, i32 0, void @empty_4, i32 0, i32 0, void @empty_4, void @empty_4, void @empty_4, i32 0, i32 0, i32 0, i32 0, void @empty_4, void @empty_4"   --->   Operation 9 'specinterface' 'specinterface_ln0' <Predicate = true> <Delay = 0.00>
ST_1 : Operation 10 [1/1] (0.00ns)   --->   "%specinterface_ln0 = specinterface void @_ssdm_op_SpecInterface, i16 %esa_sessionidFifo, void @empty_1, i32 0, i32 0, void @empty_4, i32 0, i32 0, void @empty_4, void @empty_4, void @empty_4, i32 0, i32 0, i32 0, i32 0, void @empty_4, void @empty_4"   --->   Operation 10 'specinterface' 'specinterface_ln0' <Predicate = true> <Delay = 0.00>
ST_1 : Operation 11 [1/1] (0.00ns)   --->   "%specinterface_ln0 = specinterface void @_ssdm_op_SpecInterface, i16 %esa_sessionidFifo, void @empty_1, i32 0, i32 0, void @empty_4, i32 0, i32 0, void @empty_4, void @empty_4, void @empty_4, i32 0, i32 0, i32 0, i32 0, void @empty_4, void @empty_4"   --->   Operation 11 'specinterface' 'specinterface_ln0' <Predicate = true> <Delay = 0.00>
ST_1 : Operation 12 [1/1] (0.00ns)   --->   "%specinterface_ln0 = specinterface void @_ssdm_op_SpecInterface, i16 %esa_sessionidFifo, void @empty_1, i32 0, i32 0, void @empty_4, i32 0, i32 0, void @empty_4, void @empty_4, void @empty_4, i32 0, i32 0, i32 0, i32 0, void @empty_4, void @empty_4"   --->   Operation 12 'specinterface' 'specinterface_ln0' <Predicate = true> <Delay = 0.00>
ST_1 : Operation 13 [1/1] (0.00ns)   --->   "%specinterface_ln0 = specinterface void @_ssdm_op_SpecInterface, i1024 %esa_dataFifo, void @empty_1, i32 0, i32 0, void @empty_4, i32 0, i32 0, void @empty_4, void @empty_4, void @empty_4, i32 0, i32 0, i32 0, i32 0, void @empty_4, void @empty_4"   --->   Operation 13 'specinterface' 'specinterface_ln0' <Predicate = true> <Delay = 0.00>
ST_1 : Operation 14 [1/1] (0.00ns)   --->   "%specinterface_ln0 = specinterface void @_ssdm_op_SpecInterface, i16 %esa_lengthFifo, void @empty_1, i32 0, i32 0, void @empty_4, i32 0, i32 0, void @empty_4, void @empty_4, void @empty_4, i32 0, i32 0, i32 0, i32 0, void @empty_4, void @empty_4"   --->   Operation 14 'specinterface' 'specinterface_ln0' <Predicate = true> <Delay = 0.00>
ST_1 : Operation 15 [1/1] (0.00ns)   --->   "%specinterface_ln0 = specinterface void @_ssdm_op_SpecInterface, i16 %esa_sessionidFifo, void @empty_1, i32 0, i32 0, void @empty_4, i32 0, i32 0, void @empty_4, void @empty_4, void @empty_4, i32 0, i32 0, i32 0, i32 0, void @empty_4, void @empty_4"   --->   Operation 15 'specinterface' 'specinterface_ln0' <Predicate = true> <Delay = 0.00>
ST_1 : Operation 16 [1/1] (0.00ns)   --->   "%specinterface_ln0 = specinterface void @_ssdm_op_SpecInterface, i1024 %m_axis_tx_data_V, void @empty_2, i32 1, i32 1, void @empty_3, i32 0, i32 0, void @empty_4, void @empty_4, void @empty_4, i32 0, i32 0, i32 0, i32 0, void @empty_4, void @empty_4"   --->   Operation 16 'specinterface' 'specinterface_ln0' <Predicate = true> <Delay = 0.00>
ST_1 : Operation 17 [1/1] (0.00ns)   --->   "%specinterface_ln0 = specinterface void @_ssdm_op_SpecInterface, i32 %m_axis_tx_metadata_V, void @empty_2, i32 1, i32 1, void @empty_3, i32 0, i32 0, void @empty_4, void @empty_4, void @empty_4, i32 0, i32 0, i32 0, i32 0, void @empty_4, void @empty_4"   --->   Operation 17 'specinterface' 'specinterface_ln0' <Predicate = true> <Delay = 0.00>
ST_1 : Operation 18 [1/1] (0.00ns)   --->   "%specpipeline_ln33 = specpipeline void @_ssdm_op_SpecPipeline, i32 1, i32 0, i32 0, i32 0, void @empty_4" [/home/haiyang3/eth-axi-streamer/fpga-network-stack/hls/echo_server_application/echo_server_application.cpp:33]   --->   Operation 18 'specpipeline' 'specpipeline_ln33' <Predicate = true> <Delay = 0.00>
ST_1 : Operation 19 [1/1] (0.00ns)   --->   "%esac_fsmState_V_load = load i1 %esac_fsmState_V"   --->   Operation 19 'load' 'esac_fsmState_V_load' <Predicate = true> <Delay = 0.00>
ST_1 : Operation 20 [1/1] (0.00ns)   --->   "%br_ln49 = br i1 %esac_fsmState_V_load, void, void" [/home/haiyang3/eth-axi-streamer/fpga-network-stack/hls/echo_server_application/echo_server_application.cpp:49]   --->   Operation 20 'br' 'br_ln49' <Predicate = true> <Delay = 0.00>
ST_1 : Operation 21 [1/1] (0.00ns)   --->   "%tmp_4_i = nbreadreq i1 @_ssdm_op_NbReadReq.ap_fifo.i16P0A, i16 %esa_sessionidFifo, i32 1" [/opt/xilinx/Vitis_HLS/2020.2/common/technology/autopilot/hls_stream_39.h:136]   --->   Operation 21 'nbreadreq' 'tmp_4_i' <Predicate = (!esac_fsmState_V_load)> <Delay = 0.00> <CoreInst = "FIFO_SRL">   --->   Core 81 'FIFO_SRL' <Latency = 0> <II = 1> <Delay = 1.40> <Storage> <Opcode : 'read' 'write' 'nbread' 'nbwrite'> <Ports = 0> <Width = 16> <Depth = 64> <FIFO>
ST_1 : Operation 22 [1/1] (0.00ns)   --->   "%br_ln52 = br i1 %tmp_4_i, void %client.exit, void" [/home/haiyang3/eth-axi-streamer/fpga-network-stack/hls/echo_server_application/echo_server_application.cpp:52]   --->   Operation 22 'br' 'br_ln52' <Predicate = (!esac_fsmState_V_load)> <Delay = 0.00>
ST_1 : Operation 23 [1/1] (0.00ns)   --->   "%tmp_6_i = nbreadreq i1 @_ssdm_op_NbReadReq.ap_fifo.i16P0A, i16 %esa_lengthFifo, i32 1" [/opt/xilinx/Vitis_HLS/2020.2/common/technology/autopilot/hls_stream_39.h:136]   --->   Operation 23 'nbreadreq' 'tmp_6_i' <Predicate = (!esac_fsmState_V_load & tmp_4_i)> <Delay = 0.00> <CoreInst = "FIFO_SRL">   --->   Core 81 'FIFO_SRL' <Latency = 0> <II = 1> <Delay = 1.40> <Storage> <Opcode : 'read' 'write' 'nbread' 'nbwrite'> <Ports = 0> <Width = 16> <Depth = 64> <FIFO>
ST_1 : Operation 24 [1/1] (0.00ns)   --->   "%br_ln52 = br i1 %tmp_6_i, void %client.exit, void" [/home/haiyang3/eth-axi-streamer/fpga-network-stack/hls/echo_server_application/echo_server_application.cpp:52]   --->   Operation 24 'br' 'br_ln52' <Predicate = (!esac_fsmState_V_load & tmp_4_i)> <Delay = 0.00>
ST_1 : Operation 25 [2/2] (0.00ns)   --->   "%tmp_7_i = nbwritereq i1 @_ssdm_op_NbWriteReq.axis.i32P128A, i32 %m_axis_tx_metadata_V, i32 1" [/opt/xilinx/Vitis_HLS/2020.2/common/technology/autopilot/hls_stream_39.h:140]   --->   Operation 25 'nbwritereq' 'tmp_7_i' <Predicate = (!esac_fsmState_V_load & tmp_4_i & tmp_6_i)> <Delay = 0.00> <CoreInst = "axis">   --->   Core 123 'axis' <Latency = 0> <II = 1> <Delay = 1.00> <Adapter> <Opcode : >
ST_1 : Operation 26 [1/1] (0.00ns)   --->   "%tmp_i = nbreadreq i1 @_ssdm_op_NbReadReq.ap_fifo.i1024P0A, i1024 %esa_dataFifo, i32 1" [/opt/xilinx/Vitis_HLS/2020.2/common/technology/autopilot/hls_stream_39.h:136]   --->   Operation 26 'nbreadreq' 'tmp_i' <Predicate = (esac_fsmState_V_load)> <Delay = 0.00> <CoreInst = "FIFO">   --->   Core 78 'FIFO' <Latency = 0> <II = 1> <Delay = 1.35> <Storage> <Opcode : 'read' 'write' 'nbread' 'nbwrite'> <Ports = 0> <Width = 1024> <Depth = 2048> <FIFO>
ST_1 : Operation 27 [1/1] (0.00ns)   --->   "%br_ln61 = br i1 %tmp_i, void %client.exit, void" [/home/haiyang3/eth-axi-streamer/fpga-network-stack/hls/echo_server_application/echo_server_application.cpp:61]   --->   Operation 27 'br' 'br_ln61' <Predicate = (esac_fsmState_V_load)> <Delay = 0.00>
ST_1 : Operation 28 [2/2] (0.00ns)   --->   "%tmp_5_i = nbwritereq i1 @_ssdm_op_NbWriteReq.axis.i1024P128A, i1024 %m_axis_tx_data_V, i32 1" [/opt/xilinx/Vitis_HLS/2020.2/common/technology/autopilot/hls_stream_39.h:140]   --->   Operation 28 'nbwritereq' 'tmp_5_i' <Predicate = (esac_fsmState_V_load & tmp_i)> <Delay = 0.00> <CoreInst = "axis">   --->   Core 123 'axis' <Latency = 0> <II = 1> <Delay = 1.00> <Adapter> <Opcode : >

State 2 <SV = 1> <Delay = 1.86>
ST_2 : Operation 29 [1/2] (0.00ns)   --->   "%tmp_7_i = nbwritereq i1 @_ssdm_op_NbWriteReq.axis.i32P128A, i32 %m_axis_tx_metadata_V, i32 1" [/opt/xilinx/Vitis_HLS/2020.2/common/technology/autopilot/hls_stream_39.h:140]   --->   Operation 29 'nbwritereq' 'tmp_7_i' <Predicate = (!esac_fsmState_V_load & tmp_4_i & tmp_6_i)> <Delay = 0.00> <CoreInst = "axis">   --->   Core 123 'axis' <Latency = 0> <II = 1> <Delay = 1.00> <Adapter> <Opcode : >
ST_2 : Operation 30 [1/1] (0.00ns)   --->   "%br_ln52 = br i1 %tmp_7_i, void %client.exit, void" [/home/haiyang3/eth-axi-streamer/fpga-network-stack/hls/echo_server_application/echo_server_application.cpp:52]   --->   Operation 30 'br' 'br_ln52' <Predicate = (!esac_fsmState_V_load & tmp_4_i & tmp_6_i)> <Delay = 0.00>
ST_2 : Operation 31 [1/1] (1.40ns)   --->   "%sessionID = read i16 @_ssdm_op_Read.ap_fifo.volatile.i16P0A, i16 %esa_sessionidFifo" [/opt/xilinx/Vitis_HLS/2020.2/common/technology/autopilot/hls_stream_39.h:145]   --->   Operation 31 'read' 'sessionID' <Predicate = (!esac_fsmState_V_load & tmp_4_i & tmp_6_i & tmp_7_i)> <Delay = 1.40> <CoreInst = "FIFO_SRL">   --->   Core 81 'FIFO_SRL' <Latency = 0> <II = 1> <Delay = 1.40> <Storage> <Opcode : 'read' 'write' 'nbread' 'nbwrite'> <Ports = 0> <Width = 16> <Depth = 64> <FIFO>
ST_2 : Operation 32 [1/1] (1.40ns)   --->   "%length = read i16 @_ssdm_op_Read.ap_fifo.volatile.i16P0A, i16 %esa_lengthFifo" [/opt/xilinx/Vitis_HLS/2020.2/common/technology/autopilot/hls_stream_39.h:145]   --->   Operation 32 'read' 'length' <Predicate = (!esac_fsmState_V_load & tmp_4_i & tmp_6_i & tmp_7_i)> <Delay = 1.40> <CoreInst = "FIFO_SRL">   --->   Core 81 'FIFO_SRL' <Latency = 0> <II = 1> <Delay = 1.40> <Storage> <Opcode : 'read' 'write' 'nbread' 'nbwrite'> <Ports = 0> <Width = 16> <Depth = 64> <FIFO>
ST_2 : Operation 33 [1/1] (0.00ns)   --->   "%p_0 = bitconcatenate i32 @_ssdm_op_BitConcatenate.i32.i16.i16, i16 %length, i16 %sessionID" [/opt/xilinx/Vitis_HLS/2020.2/common/technology/autopilot/hls_stream_39.h:174]   --->   Operation 33 'bitconcatenate' 'p_0' <Predicate = (!esac_fsmState_V_load & tmp_4_i & tmp_6_i & tmp_7_i)> <Delay = 0.00>
ST_2 : Operation 34 [2/2] (0.00ns)   --->   "%write_ln174 = write void @_ssdm_op_Write.axis.volatile.i32P128A, i32 %m_axis_tx_metadata_V, i32 %p_0" [/opt/xilinx/Vitis_HLS/2020.2/common/technology/autopilot/hls_stream_39.h:174]   --->   Operation 34 'write' 'write_ln174' <Predicate = (!esac_fsmState_V_load & tmp_4_i & tmp_6_i & tmp_7_i)> <Delay = 0.00> <CoreInst = "axis">   --->   Core 123 'axis' <Latency = 0> <II = 1> <Delay = 1.00> <Adapter> <Opcode : >
ST_2 : Operation 35 [1/1] (0.38ns)   --->   "%store_ln57 = store i1 1, i1 %esac_fsmState_V" [/home/haiyang3/eth-axi-streamer/fpga-network-stack/hls/echo_server_application/echo_server_application.cpp:57]   --->   Operation 35 'store' 'store_ln57' <Predicate = (!esac_fsmState_V_load & tmp_4_i & tmp_6_i & tmp_7_i)> <Delay = 0.38>
ST_2 : Operation 36 [1/1] (0.00ns)   --->   "%br_ln58 = br void %client.exit" [/home/haiyang3/eth-axi-streamer/fpga-network-stack/hls/echo_server_application/echo_server_application.cpp:58]   --->   Operation 36 'br' 'br_ln58' <Predicate = (!esac_fsmState_V_load & tmp_4_i & tmp_6_i & tmp_7_i)> <Delay = 0.00>
ST_2 : Operation 37 [1/2] (0.00ns)   --->   "%tmp_5_i = nbwritereq i1 @_ssdm_op_NbWriteReq.axis.i1024P128A, i1024 %m_axis_tx_data_V, i32 1" [/opt/xilinx/Vitis_HLS/2020.2/common/technology/autopilot/hls_stream_39.h:140]   --->   Operation 37 'nbwritereq' 'tmp_5_i' <Predicate = (esac_fsmState_V_load & tmp_i)> <Delay = 0.00> <CoreInst = "axis">   --->   Core 123 'axis' <Latency = 0> <II = 1> <Delay = 1.00> <Adapter> <Opcode : >
ST_2 : Operation 38 [1/1] (0.00ns)   --->   "%br_ln61 = br i1 %tmp_5_i, void %client.exit, void" [/home/haiyang3/eth-axi-streamer/fpga-network-stack/hls/echo_server_application/echo_server_application.cpp:61]   --->   Operation 38 'br' 'br_ln61' <Predicate = (esac_fsmState_V_load & tmp_i)> <Delay = 0.00>
ST_2 : Operation 39 [1/1] (1.35ns)   --->   "%esa_dataFifo_read = read i1024 @_ssdm_op_Read.ap_fifo.volatile.i1024P0A, i1024 %esa_dataFifo" [/opt/xilinx/Vitis_HLS/2020.2/common/technology/autopilot/hls_stream_39.h:145]   --->   Operation 39 'read' 'esa_dataFifo_read' <Predicate = (esac_fsmState_V_load & tmp_i & tmp_5_i)> <Delay = 1.35> <CoreInst = "FIFO">   --->   Core 78 'FIFO' <Latency = 0> <II = 1> <Delay = 1.35> <Storage> <Opcode : 'read' 'write' 'nbread' 'nbwrite'> <Ports = 0> <Width = 1024> <Depth = 2048> <FIFO>
ST_2 : Operation 40 [1/1] (0.00ns)   --->   "%currWord_last_V = bitselect i1 @_ssdm_op_BitSelect.i1.i1024.i32, i1024 %esa_dataFifo_read, i32 576" [/opt/xilinx/Vitis_HLS/2020.2/common/technology/autopilot/hls_stream_39.h:145]   --->   Operation 40 'bitselect' 'currWord_last_V' <Predicate = (esac_fsmState_V_load & tmp_i & tmp_5_i)> <Delay = 0.00>
ST_2 : Operation 41 [2/2] (0.00ns)   --->   "%write_ln174 = write void @_ssdm_op_Write.axis.volatile.i1024P128A, i1024 %m_axis_tx_data_V, i1024 %esa_dataFifo_read" [/opt/xilinx/Vitis_HLS/2020.2/common/technology/autopilot/hls_stream_39.h:174]   --->   Operation 41 'write' 'write_ln174' <Predicate = (esac_fsmState_V_load & tmp_i & tmp_5_i)> <Delay = 0.00> <CoreInst = "axis">   --->   Core 123 'axis' <Latency = 0> <II = 1> <Delay = 1.00> <Adapter> <Opcode : >
ST_2 : Operation 42 [1/1] (0.00ns)   --->   "%br_ln65 = br i1 %currWord_last_V, void %client.exit, void" [/home/haiyang3/eth-axi-streamer/fpga-network-stack/hls/echo_server_application/echo_server_application.cpp:65]   --->   Operation 42 'br' 'br_ln65' <Predicate = (esac_fsmState_V_load & tmp_i & tmp_5_i)> <Delay = 0.00>
ST_2 : Operation 43 [1/1] (0.38ns)   --->   "%store_ln67 = store i1 0, i1 %esac_fsmState_V" [/home/haiyang3/eth-axi-streamer/fpga-network-stack/hls/echo_server_application/echo_server_application.cpp:67]   --->   Operation 43 'store' 'store_ln67' <Predicate = (esac_fsmState_V_load & tmp_i & tmp_5_i & currWord_last_V)> <Delay = 0.38>
ST_2 : Operation 44 [1/1] (0.00ns)   --->   "%br_ln68 = br void %client.exit" [/home/haiyang3/eth-axi-streamer/fpga-network-stack/hls/echo_server_application/echo_server_application.cpp:68]   --->   Operation 44 'br' 'br_ln68' <Predicate = (esac_fsmState_V_load & tmp_i & tmp_5_i & currWord_last_V)> <Delay = 0.00>

State 3 <SV = 2> <Delay = 0.00>
ST_3 : Operation 45 [1/2] (0.00ns)   --->   "%write_ln174 = write void @_ssdm_op_Write.axis.volatile.i32P128A, i32 %m_axis_tx_metadata_V, i32 %p_0" [/opt/xilinx/Vitis_HLS/2020.2/common/technology/autopilot/hls_stream_39.h:174]   --->   Operation 45 'write' 'write_ln174' <Predicate = (!esac_fsmState_V_load & tmp_4_i & tmp_6_i & tmp_7_i)> <Delay = 0.00> <CoreInst = "axis">   --->   Core 123 'axis' <Latency = 0> <II = 1> <Delay = 1.00> <Adapter> <Opcode : >
ST_3 : Operation 46 [1/2] (0.00ns)   --->   "%write_ln174 = write void @_ssdm_op_Write.axis.volatile.i1024P128A, i1024 %m_axis_tx_data_V, i1024 %esa_dataFifo_read" [/opt/xilinx/Vitis_HLS/2020.2/common/technology/autopilot/hls_stream_39.h:174]   --->   Operation 46 'write' 'write_ln174' <Predicate = (esac_fsmState_V_load & tmp_i & tmp_5_i)> <Delay = 0.00> <CoreInst = "axis">   --->   Core 123 'axis' <Latency = 0> <II = 1> <Delay = 1.00> <Adapter> <Opcode : >
ST_3 : Operation 47 [1/1] (0.00ns)   --->   "%ret_ln0 = ret"   --->   Operation 47 'ret' 'ret_ln0' <Predicate = true> <Delay = 0.00>


============================================================
+ Verbose Summary: Timing violations
============================================================
Target clock period: 6.4ns, clock uncertainty: 1.73ns.

 <State 1>: 0.122ns
The critical path consists of the following:

 <State 2>: 1.86ns
The critical path consists of the following:
	fifo read on port 'esa_sessionidFifo' (/opt/xilinx/Vitis_HLS/2020.2/common/technology/autopilot/hls_stream_39.h:145) [37]  (1.41 ns)
	blocking operation 0.451 ns on control path)

 <State 3>: 0ns
The critical path consists of the following:


============================================================
+ Verbose Summary: Binding
============================================================
N/A
* FSMD analyzer results:
  - Output states:
 - Input state : 
  - Chain level:
	State 1
	State 2
	State 3


============================================================
+ Verbose Summary: Datapath Resource usage 
============================================================
N/A
