

================================================================
== Vitis HLS Report for 'echo_server_application'
================================================================
* Date:           Tue Jul 19 22:46:46 2022

* Version:        2020.2 (Build 3064766 on Wed Nov 18 09:12:47 MST 2020)
* Project:        echo_server_application_prj
* Solution:       solution1 (Vivado IP Flow Target)
* Product family: virtexuplus
* Target device:  xcvu3p-ffvc1517-2-i


================================================================
== Performance Estimates
================================================================
+ Timing: 
    * Summary: 
    +--------+---------+----------+------------+
    |  Clock |  Target | Estimated| Uncertainty|
    +--------+---------+----------+------------+
    |ap_clk  |  6.40 ns|  1.860 ns|     1.73 ns|
    +--------+---------+----------+------------+

+ Latency: 
    * Summary: 
    +---------+---------+-----------+-----------+-----+-----+----------+
    |  Latency (cycles) |   Latency (absolute)  |  Interval | Pipeline |
    |   min   |   max   |    min    |    max    | min | max |   Type   |
    +---------+---------+-----------+-----------+-----+-----+----------+
    |        2|        2|  12.800 ns|  12.800 ns|    2|    2|  dataflow|
    +---------+---------+-----------+-----------+-----+-----+----------+

    + Detail: 
        * Instance: 
        +-------------------------+----------------------+---------+---------+-----------+-----------+-----+-----+---------+
        |                         |                      |  Latency (cycles) |   Latency (absolute)  |  Interval | Pipeline|
        |         Instance        |        Module        |   min   |   max   |    min    |    max    | min | max |   Type  |
        +-------------------------+----------------------+---------+---------+-----------+-----------+-----+-----+---------+
        |client_U0                |client                |        2|        2|  12.800 ns|  12.800 ns|    2|    2|      yes|
        |server_U0                |server                |        1|        1|   6.400 ns|   6.400 ns|    1|    1|      yes|
        |notification_handler_U0  |notification_handler  |        2|        2|  12.800 ns|  12.800 ns|    1|    1|      yes|
        |dummy_U0                 |dummy                 |        2|        2|  12.800 ns|  12.800 ns|    1|    1|      yes|
        |open_port_U0             |open_port             |        2|        2|  12.800 ns|  12.800 ns|    1|    1|      yes|
        +-------------------------+----------------------+---------+---------+-----------+-----------+-----+-----+---------+

        * Loop: 
        N/A



================================================================
== Utilization Estimates
================================================================
* Summary: 
+-----------------+---------+------+--------+--------+-----+
|       Name      | BRAM_18K|  DSP |   FF   |   LUT  | URAM|
+-----------------+---------+------+--------+--------+-----+
|DSP              |        -|     -|       -|       -|    -|
|Expression       |        -|     -|       -|       -|    -|
|FIFO             |       29|     -|    2102|    1170|    -|
|Instance         |        -|     -|    1149|     403|    -|
|Memory           |        -|     -|       -|       -|    -|
|Multiplexer      |        -|     -|       -|       -|    -|
|Register         |        -|     -|       -|       -|    -|
+-----------------+---------+------+--------+--------+-----+
|Total            |       29|     0|    3251|    1573|    0|
+-----------------+---------+------+--------+--------+-----+
|Available        |     1440|  2280|  788160|  394080|  320|
+-----------------+---------+------+--------+--------+-----+
|Utilization (%)  |        2|     0|      ~0|      ~0|    0|
+-----------------+---------+------+--------+--------+-----+

+ Detail: 
    * Instance: 
    +-------------------------+----------------------+---------+----+------+-----+-----+
    |         Instance        |        Module        | BRAM_18K| DSP|  FF  | LUT | URAM|
    +-------------------------+----------------------+---------+----+------+-----+-----+
    |client_U0                |client                |        0|   0|    12|  120|    0|
    |dummy_U0                 |dummy                 |        0|   0|    24|   78|    0|
    |notification_handler_U0  |notification_handler  |        0|   0|    56|   71|    0|
    |open_port_U0             |open_port             |        0|   0|    10|   65|    0|
    |server_U0                |server                |        0|   0|  1047|   69|    0|
    +-------------------------+----------------------+---------+----+------+-----+-----+
    |Total                    |                      |        0|   0|  1149|  403|    0|
    +-------------------------+----------------------+---------+----+------+-----+-----+

    * DSP: 
    N/A

    * Memory: 
    N/A

    * FIFO: 
    +---------------------+---------+------+----+-----+------+------+---------+
    |         Name        | BRAM_18K|  FF  | LUT| URAM| Depth| Bits | Size:D*B|
    +---------------------+---------+------+----+-----+------+------+---------+
    |esa_dataFifo_U       |       29|  2084|   0|    -|  2048|  1024|  2097152|
    |esa_lengthFifo_U     |        0|     9|   0|    -|    64|    16|     1024|
    |esa_sessionidFifo_U  |        0|     9|   0|    -|    64|    16|     1024|
    +---------------------+---------+------+----+-----+------+------+---------+
    |Total                |       29|  2102|   0|    0|  2176|  1056|  2099200|
    +---------------------+---------+------+----+-----+------+------+---------+

    * Expression: 
    N/A

    * Multiplexer: 
    N/A

    * Register: 
    N/A



================================================================
== Interface
================================================================
* Summary: 
+------------------------------------+-----+------+--------------+-----------------------------+--------------+
|              RTL Ports             | Dir | Bits |   Protocol   |        Source Object        |    C Type    |
+------------------------------------+-----+------+--------------+-----------------------------+--------------+
|m_axis_listen_port_V_TDATA          |  out|    16|          axis|         m_axis_listen_port_V|       pointer|
|m_axis_listen_port_V_TVALID         |  out|     1|          axis|         m_axis_listen_port_V|       pointer|
|m_axis_listen_port_V_TREADY         |   in|     1|          axis|         m_axis_listen_port_V|       pointer|
|s_axis_listen_port_status_V_TDATA   |   in|     8|          axis|  s_axis_listen_port_status_V|       pointer|
|s_axis_listen_port_status_V_TVALID  |   in|     1|          axis|  s_axis_listen_port_status_V|       pointer|
|s_axis_listen_port_status_V_TREADY  |  out|     1|          axis|  s_axis_listen_port_status_V|       pointer|
|s_axis_notifications_V_TDATA        |   in|    96|          axis|       s_axis_notifications_V|       pointer|
|s_axis_notifications_V_TVALID       |   in|     1|          axis|       s_axis_notifications_V|       pointer|
|s_axis_notifications_V_TREADY       |  out|     1|          axis|       s_axis_notifications_V|       pointer|
|m_axis_read_package_V_TDATA         |  out|    32|          axis|        m_axis_read_package_V|       pointer|
|m_axis_read_package_V_TVALID        |  out|     1|          axis|        m_axis_read_package_V|       pointer|
|m_axis_read_package_V_TREADY        |   in|     1|          axis|        m_axis_read_package_V|       pointer|
|s_axis_rx_metadata_V_TDATA          |   in|    16|          axis|         s_axis_rx_metadata_V|       pointer|
|s_axis_rx_metadata_V_TVALID         |   in|     1|          axis|         s_axis_rx_metadata_V|       pointer|
|s_axis_rx_metadata_V_TREADY         |  out|     1|          axis|         s_axis_rx_metadata_V|       pointer|
|s_axis_rx_data_V_TDATA              |   in|  1024|          axis|             s_axis_rx_data_V|       pointer|
|s_axis_rx_data_V_TVALID             |   in|     1|          axis|             s_axis_rx_data_V|       pointer|
|s_axis_rx_data_V_TREADY             |  out|     1|          axis|             s_axis_rx_data_V|       pointer|
|m_axis_open_connection_V_TDATA      |  out|    64|          axis|     m_axis_open_connection_V|       pointer|
|m_axis_open_connection_V_TVALID     |  out|     1|          axis|     m_axis_open_connection_V|       pointer|
|m_axis_open_connection_V_TREADY     |   in|     1|          axis|     m_axis_open_connection_V|       pointer|
|s_axis_open_status_V_TDATA          |   in|    96|          axis|         s_axis_open_status_V|       pointer|
|s_axis_open_status_V_TVALID         |   in|     1|          axis|         s_axis_open_status_V|       pointer|
|s_axis_open_status_V_TREADY         |  out|     1|          axis|         s_axis_open_status_V|       pointer|
|m_axis_close_connection_V_TDATA     |  out|    16|          axis|    m_axis_close_connection_V|       pointer|
|m_axis_close_connection_V_TVALID    |  out|     1|          axis|    m_axis_close_connection_V|       pointer|
|m_axis_close_connection_V_TREADY    |   in|     1|          axis|    m_axis_close_connection_V|       pointer|
|m_axis_tx_metadata_V_TDATA          |  out|    32|          axis|         m_axis_tx_metadata_V|       pointer|
|m_axis_tx_metadata_V_TVALID         |  out|     1|          axis|         m_axis_tx_metadata_V|       pointer|
|m_axis_tx_metadata_V_TREADY         |   in|     1|          axis|         m_axis_tx_metadata_V|       pointer|
|m_axis_tx_data_V_TDATA              |  out|  1024|          axis|             m_axis_tx_data_V|       pointer|
|m_axis_tx_data_V_TVALID             |  out|     1|          axis|             m_axis_tx_data_V|       pointer|
|m_axis_tx_data_V_TREADY             |   in|     1|          axis|             m_axis_tx_data_V|       pointer|
|s_axis_tx_status_V_TDATA            |   in|    96|          axis|           s_axis_tx_status_V|       pointer|
|s_axis_tx_status_V_TVALID           |   in|     1|          axis|           s_axis_tx_status_V|       pointer|
|s_axis_tx_status_V_TREADY           |  out|     1|          axis|           s_axis_tx_status_V|       pointer|
|ap_clk                              |   in|     1|  ap_ctrl_none|      echo_server_application|  return value|
|ap_rst_n                            |   in|     1|  ap_ctrl_none|      echo_server_application|  return value|
+------------------------------------+-----+------+--------------+-----------------------------+--------------+

============================================================
+ Verbose Summary: Synthesis Manager
============================================================
InlineROM: 1
ExposeGlobal: 0
============================================================
+ Verbose Summary: CDFG Model
============================================================
IsTopModel: 1
ResetActiveHigh: 1
IsCombinational: 2
IsDatapathOnly: 2
HasWiredReturn: 1
HasMFsm: 0
HasVarLatency: 1
IsPipeline: 0
IsRtlPipelined: 0
IsInstanceOverlapped: 0
IsDontTouch: 0
HasImplIP: 0
IsGatedGlobalClock: 0


============================================================
+ Verbose Summary: Schedule
============================================================
* Number of FSM states : 7
* Pipeline : 0
* Dataflow Pipeline: 1
  DF-Pipeline-0: Size = 7, States = { 1 2 3 4 5 6 7 }

* FSM state transitions: 
1 --> 2 
2 --> 3 
3 --> 4 
4 --> 5 
5 --> 6 
6 --> 7 
7 --> 

* FSM state operations: 

State 1 <SV = 0> <Delay = 0.00>
ST_1 : Operation 8 [3/3] (0.00ns)   --->   "%call_ln257 = call void @client, i32 %m_axis_tx_metadata_V, i1024 %m_axis_tx_data_V, i1 %esac_fsmState_V, i16 %esa_sessionidFifo, i16 %esa_lengthFifo, i1024 %esa_dataFifo" [/home/haiyang3/eth-axi-streamer/fpga-network-stack/hls/echo_server_application/echo_server_application.cpp:257]   --->   Operation 8 'call' 'call_ln257' <Predicate = true> <Delay = 0.00> <CoreType = "Generic">   --->   Core 0 '' <Latency = 0> <II = 1> <Delay = 1.00> <Generic> <Opcode : >

State 2 <SV = 1> <Delay = 1.86>
ST_2 : Operation 9 [2/3] (1.86ns)   --->   "%call_ln257 = call void @client, i32 %m_axis_tx_metadata_V, i1024 %m_axis_tx_data_V, i1 %esac_fsmState_V, i16 %esa_sessionidFifo, i16 %esa_lengthFifo, i1024 %esa_dataFifo" [/home/haiyang3/eth-axi-streamer/fpga-network-stack/hls/echo_server_application/echo_server_application.cpp:257]   --->   Operation 9 'call' 'call_ln257' <Predicate = true> <Delay = 1.86> <CoreType = "Generic">   --->   Core 0 '' <Latency = 0> <II = 1> <Delay = 1.00> <Generic> <Opcode : >

State 3 <SV = 2> <Delay = 0.00>
ST_3 : Operation 10 [1/3] (0.00ns)   --->   "%call_ln257 = call void @client, i32 %m_axis_tx_metadata_V, i1024 %m_axis_tx_data_V, i1 %esac_fsmState_V, i16 %esa_sessionidFifo, i16 %esa_lengthFifo, i1024 %esa_dataFifo" [/home/haiyang3/eth-axi-streamer/fpga-network-stack/hls/echo_server_application/echo_server_application.cpp:257]   --->   Operation 10 'call' 'call_ln257' <Predicate = true> <Delay = 0.00> <CoreType = "Generic">   --->   Core 0 '' <Latency = 0> <II = 1> <Delay = 1.00> <Generic> <Opcode : >

State 4 <SV = 3> <Delay = 0.00>
ST_4 : Operation 11 [3/3] (0.00ns)   --->   "%call_ln259 = call void @open_port, i16 %m_axis_listen_port_V, i8 %s_axis_listen_port_status_V, i2 %state_V" [/home/haiyang3/eth-axi-streamer/fpga-network-stack/hls/echo_server_application/echo_server_application.cpp:259]   --->   Operation 11 'call' 'call_ln259' <Predicate = true> <Delay = 0.00> <CoreType = "Generic">   --->   Core 0 '' <Latency = 0> <II = 1> <Delay = 1.00> <Generic> <Opcode : >
ST_4 : Operation 12 [3/3] (0.00ns)   --->   "%call_ln260 = call void @notification_handler, i96 %s_axis_notifications_V, i32 %m_axis_read_package_V, i16 %esa_lengthFifo" [/home/haiyang3/eth-axi-streamer/fpga-network-stack/hls/echo_server_application/echo_server_application.cpp:260]   --->   Operation 12 'call' 'call_ln260' <Predicate = true> <Delay = 0.00> <CoreType = "Generic">   --->   Core 0 '' <Latency = 0> <II = 1> <Delay = 1.00> <Generic> <Opcode : >
ST_4 : Operation 13 [3/3] (0.00ns)   --->   "%call_ln261 = call void @dummy, i64 %m_axis_open_connection_V, i96 %s_axis_open_status_V, i16 %m_axis_close_connection_V, i96 %s_axis_tx_status_V" [/home/haiyang3/eth-axi-streamer/fpga-network-stack/hls/echo_server_application/echo_server_application.cpp:261]   --->   Operation 13 'call' 'call_ln261' <Predicate = true> <Delay = 0.00> <CoreType = "Generic">   --->   Core 0 '' <Latency = 0> <II = 1> <Delay = 1.00> <Generic> <Opcode : >

State 5 <SV = 4> <Delay = 0.58>
ST_5 : Operation 14 [2/3] (0.54ns)   --->   "%call_ln259 = call void @open_port, i16 %m_axis_listen_port_V, i8 %s_axis_listen_port_status_V, i2 %state_V" [/home/haiyang3/eth-axi-streamer/fpga-network-stack/hls/echo_server_application/echo_server_application.cpp:259]   --->   Operation 14 'call' 'call_ln259' <Predicate = true> <Delay = 0.54> <CoreType = "Generic">   --->   Core 0 '' <Latency = 0> <II = 1> <Delay = 1.00> <Generic> <Opcode : >
ST_5 : Operation 15 [2/3] (0.00ns)   --->   "%call_ln260 = call void @notification_handler, i96 %s_axis_notifications_V, i32 %m_axis_read_package_V, i16 %esa_lengthFifo" [/home/haiyang3/eth-axi-streamer/fpga-network-stack/hls/echo_server_application/echo_server_application.cpp:260]   --->   Operation 15 'call' 'call_ln260' <Predicate = true> <Delay = 0.00> <CoreType = "Generic">   --->   Core 0 '' <Latency = 0> <II = 1> <Delay = 1.00> <Generic> <Opcode : >
ST_5 : Operation 16 [2/3] (0.58ns)   --->   "%call_ln261 = call void @dummy, i64 %m_axis_open_connection_V, i96 %s_axis_open_status_V, i16 %m_axis_close_connection_V, i96 %s_axis_tx_status_V" [/home/haiyang3/eth-axi-streamer/fpga-network-stack/hls/echo_server_application/echo_server_application.cpp:261]   --->   Operation 16 'call' 'call_ln261' <Predicate = true> <Delay = 0.58> <CoreType = "Generic">   --->   Core 0 '' <Latency = 0> <II = 1> <Delay = 1.00> <Generic> <Opcode : >

State 6 <SV = 5> <Delay = 0.00>
ST_6 : Operation 17 [2/2] (0.00ns)   --->   "%call_ln258 = call void @server, i16 %s_axis_rx_metadata_V, i1024 %s_axis_rx_data_V, i1 %ksvs_fsmState_V, i16 %esa_sessionidFifo, i1024 %esa_dataFifo" [/home/haiyang3/eth-axi-streamer/fpga-network-stack/hls/echo_server_application/echo_server_application.cpp:258]   --->   Operation 17 'call' 'call_ln258' <Predicate = true> <Delay = 0.00> <CoreType = "Generic">   --->   Core 0 '' <Latency = 0> <II = 1> <Delay = 1.00> <Generic> <Opcode : >
ST_6 : Operation 18 [1/3] (0.00ns)   --->   "%call_ln259 = call void @open_port, i16 %m_axis_listen_port_V, i8 %s_axis_listen_port_status_V, i2 %state_V" [/home/haiyang3/eth-axi-streamer/fpga-network-stack/hls/echo_server_application/echo_server_application.cpp:259]   --->   Operation 18 'call' 'call_ln259' <Predicate = true> <Delay = 0.00> <CoreType = "Generic">   --->   Core 0 '' <Latency = 0> <II = 1> <Delay = 1.00> <Generic> <Opcode : >
ST_6 : Operation 19 [1/3] (0.00ns)   --->   "%call_ln260 = call void @notification_handler, i96 %s_axis_notifications_V, i32 %m_axis_read_package_V, i16 %esa_lengthFifo" [/home/haiyang3/eth-axi-streamer/fpga-network-stack/hls/echo_server_application/echo_server_application.cpp:260]   --->   Operation 19 'call' 'call_ln260' <Predicate = true> <Delay = 0.00> <CoreType = "Generic">   --->   Core 0 '' <Latency = 0> <II = 1> <Delay = 1.00> <Generic> <Opcode : >
ST_6 : Operation 20 [1/3] (0.00ns)   --->   "%call_ln261 = call void @dummy, i64 %m_axis_open_connection_V, i96 %s_axis_open_status_V, i16 %m_axis_close_connection_V, i96 %s_axis_tx_status_V" [/home/haiyang3/eth-axi-streamer/fpga-network-stack/hls/echo_server_application/echo_server_application.cpp:261]   --->   Operation 20 'call' 'call_ln261' <Predicate = true> <Delay = 0.00> <CoreType = "Generic">   --->   Core 0 '' <Latency = 0> <II = 1> <Delay = 1.00> <Generic> <Opcode : >

State 7 <SV = 6> <Delay = 0.00>
ST_7 : Operation 21 [1/1] (0.00ns)   --->   "%specdataflowpipeline_ln0 = specdataflowpipeline void @_ssdm_op_SpecDataflowPipeline, i32 4294967295, i32 1, void @empty_4"   --->   Operation 21 'specdataflowpipeline' 'specdataflowpipeline_ln0' <Predicate = true> <Delay = 0.00>
ST_7 : Operation 22 [1/1] (0.00ns)   --->   "%empty = specchannel i32 @_ssdm_op_SpecChannel, void @esa_dataFifo_str, i32 1, void @p_str, void @p_str, i32 2048, i32 2048, i1024 %esa_dataFifo, i1024 %esa_dataFifo"   --->   Operation 22 'specchannel' 'empty' <Predicate = true> <Delay = 0.00>
ST_7 : Operation 23 [1/1] (0.00ns)   --->   "%empty_11 = specchannel i32 @_ssdm_op_SpecChannel, void @esa_lengthFifo_str, i32 1, void @p_str, void @p_str, i32 64, i32 64, i16 %esa_lengthFifo, i16 %esa_lengthFifo"   --->   Operation 23 'specchannel' 'empty_11' <Predicate = true> <Delay = 0.00>
ST_7 : Operation 24 [1/1] (0.00ns)   --->   "%empty_12 = specchannel i32 @_ssdm_op_SpecChannel, void @esa_sessionidFifo_str, i32 1, void @p_str, void @p_str, i32 64, i32 64, i16 %esa_sessionidFifo, i16 %esa_sessionidFifo"   --->   Operation 24 'specchannel' 'empty_12' <Predicate = true> <Delay = 0.00>
ST_7 : Operation 25 [1/1] (0.00ns)   --->   "%spectopmodule_ln0 = spectopmodule void @_ssdm_op_SpecTopModule, void @empty_0"   --->   Operation 25 'spectopmodule' 'spectopmodule_ln0' <Predicate = true> <Delay = 0.00>
ST_7 : Operation 26 [1/1] (0.00ns)   --->   "%specinterface_ln0 = specinterface void @_ssdm_op_SpecInterface, i32 0, void @empty, i32 0, i32 0, void @empty_4, i32 0, i32 0, void @empty_4, void @empty_4, void @empty_4, i32 0, i32 0, i32 0, i32 0, void @empty_4, void @empty_4"   --->   Operation 26 'specinterface' 'specinterface_ln0' <Predicate = true> <Delay = 0.00>
ST_7 : Operation 27 [1/1] (0.00ns)   --->   "%specreset_ln0 = specreset void @_ssdm_op_SpecReset, i2 %state_V, i64 1, void @empty_4"   --->   Operation 27 'specreset' 'specreset_ln0' <Predicate = true> <Delay = 0.00>
ST_7 : Operation 28 [1/1] (0.00ns)   --->   "%specinterface_ln0 = specinterface void @_ssdm_op_SpecInterface, i16 %m_axis_listen_port_V, void @empty_2, i32 1, i32 1, void @empty_3, i32 0, i32 0, void @empty_4, void @empty_4, void @empty_4, i32 0, i32 0, i32 0, i32 0, void @empty_4, void @empty_4"   --->   Operation 28 'specinterface' 'specinterface_ln0' <Predicate = true> <Delay = 0.00>
ST_7 : Operation 29 [1/1] (0.00ns)   --->   "%specbitsmap_ln0 = specbitsmap void @_ssdm_op_SpecBitsMap, i16 %m_axis_listen_port_V"   --->   Operation 29 'specbitsmap' 'specbitsmap_ln0' <Predicate = true> <Delay = 0.00>
ST_7 : Operation 30 [1/1] (0.00ns)   --->   "%specinterface_ln0 = specinterface void @_ssdm_op_SpecInterface, i8 %s_axis_listen_port_status_V, void @empty_2, i32 1, i32 1, void @empty_3, i32 0, i32 0, void @empty_4, void @empty_4, void @empty_4, i32 0, i32 0, i32 0, i32 0, void @empty_4, void @empty_4"   --->   Operation 30 'specinterface' 'specinterface_ln0' <Predicate = true> <Delay = 0.00>
ST_7 : Operation 31 [1/1] (0.00ns)   --->   "%specbitsmap_ln0 = specbitsmap void @_ssdm_op_SpecBitsMap, i8 %s_axis_listen_port_status_V"   --->   Operation 31 'specbitsmap' 'specbitsmap_ln0' <Predicate = true> <Delay = 0.00>
ST_7 : Operation 32 [1/1] (0.00ns)   --->   "%specinterface_ln0 = specinterface void @_ssdm_op_SpecInterface, i96 %s_axis_notifications_V, void @empty_2, i32 1, i32 1, void @empty_3, i32 0, i32 0, void @empty_4, void @empty_4, void @empty_4, i32 0, i32 0, i32 0, i32 0, void @empty_4, void @empty_4"   --->   Operation 32 'specinterface' 'specinterface_ln0' <Predicate = true> <Delay = 0.00>
ST_7 : Operation 33 [1/1] (0.00ns)   --->   "%specbitsmap_ln0 = specbitsmap void @_ssdm_op_SpecBitsMap, i96 %s_axis_notifications_V"   --->   Operation 33 'specbitsmap' 'specbitsmap_ln0' <Predicate = true> <Delay = 0.00>
ST_7 : Operation 34 [1/1] (0.00ns)   --->   "%specinterface_ln0 = specinterface void @_ssdm_op_SpecInterface, i32 %m_axis_read_package_V, void @empty_2, i32 1, i32 1, void @empty_3, i32 0, i32 0, void @empty_4, void @empty_4, void @empty_4, i32 0, i32 0, i32 0, i32 0, void @empty_4, void @empty_4"   --->   Operation 34 'specinterface' 'specinterface_ln0' <Predicate = true> <Delay = 0.00>
ST_7 : Operation 35 [1/1] (0.00ns)   --->   "%specbitsmap_ln0 = specbitsmap void @_ssdm_op_SpecBitsMap, i32 %m_axis_read_package_V"   --->   Operation 35 'specbitsmap' 'specbitsmap_ln0' <Predicate = true> <Delay = 0.00>
ST_7 : Operation 36 [1/1] (0.00ns)   --->   "%specinterface_ln0 = specinterface void @_ssdm_op_SpecInterface, i16 %s_axis_rx_metadata_V, void @empty_2, i32 1, i32 1, void @empty_3, i32 0, i32 0, void @empty_4, void @empty_4, void @empty_4, i32 0, i32 0, i32 0, i32 0, void @empty_4, void @empty_4"   --->   Operation 36 'specinterface' 'specinterface_ln0' <Predicate = true> <Delay = 0.00>
ST_7 : Operation 37 [1/1] (0.00ns)   --->   "%specbitsmap_ln0 = specbitsmap void @_ssdm_op_SpecBitsMap, i16 %s_axis_rx_metadata_V"   --->   Operation 37 'specbitsmap' 'specbitsmap_ln0' <Predicate = true> <Delay = 0.00>
ST_7 : Operation 38 [1/1] (0.00ns)   --->   "%specinterface_ln0 = specinterface void @_ssdm_op_SpecInterface, i1024 %s_axis_rx_data_V, void @empty_2, i32 1, i32 1, void @empty_3, i32 0, i32 0, void @empty_4, void @empty_4, void @empty_4, i32 0, i32 0, i32 0, i32 0, void @empty_4, void @empty_4"   --->   Operation 38 'specinterface' 'specinterface_ln0' <Predicate = true> <Delay = 0.00>
ST_7 : Operation 39 [1/1] (0.00ns)   --->   "%specbitsmap_ln0 = specbitsmap void @_ssdm_op_SpecBitsMap, i1024 %s_axis_rx_data_V"   --->   Operation 39 'specbitsmap' 'specbitsmap_ln0' <Predicate = true> <Delay = 0.00>
ST_7 : Operation 40 [1/1] (0.00ns)   --->   "%specinterface_ln0 = specinterface void @_ssdm_op_SpecInterface, i64 %m_axis_open_connection_V, void @empty_2, i32 1, i32 1, void @empty_3, i32 0, i32 0, void @empty_4, void @empty_4, void @empty_4, i32 0, i32 0, i32 0, i32 0, void @empty_4, void @empty_4"   --->   Operation 40 'specinterface' 'specinterface_ln0' <Predicate = true> <Delay = 0.00>
ST_7 : Operation 41 [1/1] (0.00ns)   --->   "%specbitsmap_ln0 = specbitsmap void @_ssdm_op_SpecBitsMap, i64 %m_axis_open_connection_V"   --->   Operation 41 'specbitsmap' 'specbitsmap_ln0' <Predicate = true> <Delay = 0.00>
ST_7 : Operation 42 [1/1] (0.00ns)   --->   "%specinterface_ln0 = specinterface void @_ssdm_op_SpecInterface, i96 %s_axis_open_status_V, void @empty_2, i32 1, i32 1, void @empty_3, i32 0, i32 0, void @empty_4, void @empty_4, void @empty_4, i32 0, i32 0, i32 0, i32 0, void @empty_4, void @empty_4"   --->   Operation 42 'specinterface' 'specinterface_ln0' <Predicate = true> <Delay = 0.00>
ST_7 : Operation 43 [1/1] (0.00ns)   --->   "%specbitsmap_ln0 = specbitsmap void @_ssdm_op_SpecBitsMap, i96 %s_axis_open_status_V"   --->   Operation 43 'specbitsmap' 'specbitsmap_ln0' <Predicate = true> <Delay = 0.00>
ST_7 : Operation 44 [1/1] (0.00ns)   --->   "%specinterface_ln0 = specinterface void @_ssdm_op_SpecInterface, i16 %m_axis_close_connection_V, void @empty_2, i32 1, i32 1, void @empty_3, i32 0, i32 0, void @empty_4, void @empty_4, void @empty_4, i32 0, i32 0, i32 0, i32 0, void @empty_4, void @empty_4"   --->   Operation 44 'specinterface' 'specinterface_ln0' <Predicate = true> <Delay = 0.00>
ST_7 : Operation 45 [1/1] (0.00ns)   --->   "%specbitsmap_ln0 = specbitsmap void @_ssdm_op_SpecBitsMap, i16 %m_axis_close_connection_V"   --->   Operation 45 'specbitsmap' 'specbitsmap_ln0' <Predicate = true> <Delay = 0.00>
ST_7 : Operation 46 [1/1] (0.00ns)   --->   "%specinterface_ln0 = specinterface void @_ssdm_op_SpecInterface, i32 %m_axis_tx_metadata_V, void @empty_2, i32 1, i32 1, void @empty_3, i32 0, i32 0, void @empty_4, void @empty_4, void @empty_4, i32 0, i32 0, i32 0, i32 0, void @empty_4, void @empty_4"   --->   Operation 46 'specinterface' 'specinterface_ln0' <Predicate = true> <Delay = 0.00>
ST_7 : Operation 47 [1/1] (0.00ns)   --->   "%specbitsmap_ln0 = specbitsmap void @_ssdm_op_SpecBitsMap, i32 %m_axis_tx_metadata_V"   --->   Operation 47 'specbitsmap' 'specbitsmap_ln0' <Predicate = true> <Delay = 0.00>
ST_7 : Operation 48 [1/1] (0.00ns)   --->   "%specinterface_ln0 = specinterface void @_ssdm_op_SpecInterface, i1024 %m_axis_tx_data_V, void @empty_2, i32 1, i32 1, void @empty_3, i32 0, i32 0, void @empty_4, void @empty_4, void @empty_4, i32 0, i32 0, i32 0, i32 0, void @empty_4, void @empty_4"   --->   Operation 48 'specinterface' 'specinterface_ln0' <Predicate = true> <Delay = 0.00>
ST_7 : Operation 49 [1/1] (0.00ns)   --->   "%specbitsmap_ln0 = specbitsmap void @_ssdm_op_SpecBitsMap, i1024 %m_axis_tx_data_V"   --->   Operation 49 'specbitsmap' 'specbitsmap_ln0' <Predicate = true> <Delay = 0.00>
ST_7 : Operation 50 [1/1] (0.00ns)   --->   "%specinterface_ln0 = specinterface void @_ssdm_op_SpecInterface, i96 %s_axis_tx_status_V, void @empty_2, i32 1, i32 1, void @empty_3, i32 0, i32 0, void @empty_4, void @empty_4, void @empty_4, i32 0, i32 0, i32 0, i32 0, void @empty_4, void @empty_4"   --->   Operation 50 'specinterface' 'specinterface_ln0' <Predicate = true> <Delay = 0.00>
ST_7 : Operation 51 [1/1] (0.00ns)   --->   "%specbitsmap_ln0 = specbitsmap void @_ssdm_op_SpecBitsMap, i96 %s_axis_tx_status_V"   --->   Operation 51 'specbitsmap' 'specbitsmap_ln0' <Predicate = true> <Delay = 0.00>
ST_7 : Operation 52 [1/1] (0.00ns)   --->   "%specinterface_ln0 = specinterface void @_ssdm_op_SpecInterface, i16 %esa_sessionidFifo, void @empty_1, i32 0, i32 0, void @empty_4, i32 0, i32 0, void @empty_4, void @empty_4, void @empty_4, i32 0, i32 0, i32 0, i32 0, void @empty_4, void @empty_4"   --->   Operation 52 'specinterface' 'specinterface_ln0' <Predicate = true> <Delay = 0.00>
ST_7 : Operation 53 [1/1] (0.00ns)   --->   "%specinterface_ln0 = specinterface void @_ssdm_op_SpecInterface, i16 %esa_lengthFifo, void @empty_1, i32 0, i32 0, void @empty_4, i32 0, i32 0, void @empty_4, void @empty_4, void @empty_4, i32 0, i32 0, i32 0, i32 0, void @empty_4, void @empty_4"   --->   Operation 53 'specinterface' 'specinterface_ln0' <Predicate = true> <Delay = 0.00>
ST_7 : Operation 54 [1/1] (0.00ns)   --->   "%specinterface_ln0 = specinterface void @_ssdm_op_SpecInterface, i1024 %esa_dataFifo, void @empty_1, i32 0, i32 0, void @empty_4, i32 0, i32 0, void @empty_4, void @empty_4, void @empty_4, i32 0, i32 0, i32 0, i32 0, void @empty_4, void @empty_4"   --->   Operation 54 'specinterface' 'specinterface_ln0' <Predicate = true> <Delay = 0.00>
ST_7 : Operation 55 [1/2] (0.00ns)   --->   "%call_ln258 = call void @server, i16 %s_axis_rx_metadata_V, i1024 %s_axis_rx_data_V, i1 %ksvs_fsmState_V, i16 %esa_sessionidFifo, i1024 %esa_dataFifo" [/home/haiyang3/eth-axi-streamer/fpga-network-stack/hls/echo_server_application/echo_server_application.cpp:258]   --->   Operation 55 'call' 'call_ln258' <Predicate = true> <Delay = 0.00> <CoreType = "Generic">   --->   Core 0 '' <Latency = 0> <II = 1> <Delay = 1.00> <Generic> <Opcode : >
ST_7 : Operation 56 [1/1] (0.00ns)   --->   "%ret_ln264 = ret" [/home/haiyang3/eth-axi-streamer/fpga-network-stack/hls/echo_server_application/echo_server_application.cpp:264]   --->   Operation 56 'ret' 'ret_ln264' <Predicate = true> <Delay = 0.00>


============================================================
+ Verbose Summary: Binding
============================================================
STG Binding: 
---------------- STG Properties BEGIN ----------------
- Is combinational: 0
- Is one-state seq: 0
- Is datapath-only: 0
- Is pipelined: 0
- Is top level: 1
Port [ Return ] is wired: 1; IO mode=ap_ctrl_none:ce=0
Port [ m_axis_listen_port_V]:  wired=1; compound=1; hidden=0; nouse=0; global=0; static=0; extern=0; dir=1; type=0; pingpong=0; private_global=0; IO mode=axis:ce=0
Port [ s_axis_listen_port_status_V]:  wired=1; compound=1; hidden=0; nouse=0; global=0; static=0; extern=0; dir=0; type=0; pingpong=0; private_global=0; IO mode=axis:ce=0
Port [ s_axis_notifications_V]:  wired=1; compound=1; hidden=0; nouse=0; global=0; static=0; extern=0; dir=0; type=0; pingpong=0; private_global=0; IO mode=axis:ce=0
Port [ m_axis_read_package_V]:  wired=1; compound=1; hidden=0; nouse=0; global=0; static=0; extern=0; dir=1; type=0; pingpong=0; private_global=0; IO mode=axis:ce=0
Port [ s_axis_rx_metadata_V]:  wired=1; compound=1; hidden=0; nouse=0; global=0; static=0; extern=0; dir=0; type=0; pingpong=0; private_global=0; IO mode=axis:ce=0
Port [ s_axis_rx_data_V]:  wired=1; compound=1; hidden=0; nouse=0; global=0; static=0; extern=0; dir=0; type=0; pingpong=0; private_global=0; IO mode=axis:ce=0
Port [ m_axis_open_connection_V]:  wired=1; compound=1; hidden=0; nouse=0; global=0; static=0; extern=0; dir=1; type=0; pingpong=0; private_global=0; IO mode=axis:ce=0
Port [ s_axis_open_status_V]:  wired=1; compound=1; hidden=0; nouse=0; global=0; static=0; extern=0; dir=0; type=0; pingpong=0; private_global=0; IO mode=axis:ce=0
Port [ m_axis_close_connection_V]:  wired=1; compound=1; hidden=0; nouse=0; global=0; static=0; extern=0; dir=1; type=0; pingpong=0; private_global=0; IO mode=axis:ce=0
Port [ m_axis_tx_metadata_V]:  wired=1; compound=1; hidden=0; nouse=0; global=0; static=0; extern=0; dir=1; type=0; pingpong=0; private_global=0; IO mode=axis:ce=0
Port [ m_axis_tx_data_V]:  wired=1; compound=1; hidden=0; nouse=0; global=0; static=0; extern=0; dir=1; type=0; pingpong=0; private_global=0; IO mode=axis:ce=0
Port [ s_axis_tx_status_V]:  wired=1; compound=1; hidden=0; nouse=0; global=0; static=0; extern=0; dir=0; type=0; pingpong=0; private_global=0; IO mode=axis:ce=0
Port [ esac_fsmState_V]:  wired=0; compound=0; hidden=1; nouse=1; global=1; static=1; extern=0; dir=2; type=0; pingpong=0; private_global=0; IO mode=ap_ovld:ce=0
Port [ esa_sessionidFifo]:  wired=0; compound=1; hidden=1; nouse=0; global=1; static=1; extern=0; dir=2; type=3; pingpong=0; private_global=1; IO mode=ap_fifo:ce=0
Port [ esa_lengthFifo]:  wired=0; compound=1; hidden=1; nouse=0; global=1; static=1; extern=0; dir=2; type=3; pingpong=0; private_global=1; IO mode=ap_fifo:ce=0
Port [ esa_dataFifo]:  wired=0; compound=1; hidden=1; nouse=0; global=1; static=1; extern=0; dir=2; type=3; pingpong=0; private_global=1; IO mode=ap_fifo:ce=0
Port [ ksvs_fsmState_V]:  wired=0; compound=0; hidden=1; nouse=1; global=1; static=1; extern=0; dir=2; type=0; pingpong=0; private_global=0; IO mode=ap_ovld:ce=0
Port [ state_V]:  wired=0; compound=0; hidden=1; nouse=1; global=1; static=1; extern=0; dir=2; type=0; pingpong=0; private_global=0; IO mode=ap_ovld:ce=0
---------------- STG Properties END ------------------

---------------- Datapath Model BEGIN ----------------

<LifeTime>
<method=bitvector/>
call_ln257               (call                ) [ 00000000]
call_ln259               (call                ) [ 00000000]
call_ln260               (call                ) [ 00000000]
call_ln261               (call                ) [ 00000000]
specdataflowpipeline_ln0 (specdataflowpipeline) [ 00000000]
empty                    (specchannel         ) [ 00000000]
empty_11                 (specchannel         ) [ 00000000]
empty_12                 (specchannel         ) [ 00000000]
spectopmodule_ln0        (spectopmodule       ) [ 00000000]
specinterface_ln0        (specinterface       ) [ 00000000]
specreset_ln0            (specreset           ) [ 00000000]
specinterface_ln0        (specinterface       ) [ 00000000]
specbitsmap_ln0          (specbitsmap         ) [ 00000000]
specinterface_ln0        (specinterface       ) [ 00000000]
specbitsmap_ln0          (specbitsmap         ) [ 00000000]
specinterface_ln0        (specinterface       ) [ 00000000]
specbitsmap_ln0          (specbitsmap         ) [ 00000000]
specinterface_ln0        (specinterface       ) [ 00000000]
specbitsmap_ln0          (specbitsmap         ) [ 00000000]
specinterface_ln0        (specinterface       ) [ 00000000]
specbitsmap_ln0          (specbitsmap         ) [ 00000000]
specinterface_ln0        (specinterface       ) [ 00000000]
specbitsmap_ln0          (specbitsmap         ) [ 00000000]
specinterface_ln0        (specinterface       ) [ 00000000]
specbitsmap_ln0          (specbitsmap         ) [ 00000000]
specinterface_ln0        (specinterface       ) [ 00000000]
specbitsmap_ln0          (specbitsmap         ) [ 00000000]
specinterface_ln0        (specinterface       ) [ 00000000]
specbitsmap_ln0          (specbitsmap         ) [ 00000000]
specinterface_ln0        (specinterface       ) [ 00000000]
specbitsmap_ln0          (specbitsmap         ) [ 00000000]
specinterface_ln0        (specinterface       ) [ 00000000]
specbitsmap_ln0          (specbitsmap         ) [ 00000000]
specinterface_ln0        (specinterface       ) [ 00000000]
specbitsmap_ln0          (specbitsmap         ) [ 00000000]
specinterface_ln0        (specinterface       ) [ 00000000]
specinterface_ln0        (specinterface       ) [ 00000000]
specinterface_ln0        (specinterface       ) [ 00000000]
call_ln258               (call                ) [ 00000000]
ret_ln264                (ret                 ) [ 00000000]
</LifeTime>

<model>

<comp_list>
<comp id="0" class="1000" name="m_axis_listen_port_V">
<pin_list>
<pin id="1" dir="1" index="0" bw="1" slack="0"/>
</pin_list>
<bind>
<StgValue><ssdm name="m_axis_listen_port_V"/></StgValue>
</bind>
</comp>

<comp id="2" class="1000" name="s_axis_listen_port_status_V">
<pin_list>
<pin id="3" dir="1" index="0" bw="1" slack="0"/>
</pin_list>
<bind>
<StgValue><ssdm name="s_axis_listen_port_status_V"/></StgValue>
</bind>
</comp>

<comp id="4" class="1000" name="s_axis_notifications_V">
<pin_list>
<pin id="5" dir="1" index="0" bw="1" slack="0"/>
</pin_list>
<bind>
<StgValue><ssdm name="s_axis_notifications_V"/></StgValue>
</bind>
</comp>

<comp id="6" class="1000" name="m_axis_read_package_V">
<pin_list>
<pin id="7" dir="1" index="0" bw="1" slack="0"/>
</pin_list>
<bind>
<StgValue><ssdm name="m_axis_read_package_V"/></StgValue>
</bind>
</comp>

<comp id="8" class="1000" name="s_axis_rx_metadata_V">
<pin_list>
<pin id="9" dir="1" index="0" bw="1" slack="0"/>
</pin_list>
<bind>
<StgValue><ssdm name="s_axis_rx_metadata_V"/></StgValue>
</bind>
</comp>

<comp id="10" class="1000" name="s_axis_rx_data_V">
<pin_list>
<pin id="11" dir="1" index="0" bw="1" slack="0"/>
</pin_list>
<bind>
<StgValue><ssdm name="s_axis_rx_data_V"/></StgValue>
</bind>
</comp>

<comp id="12" class="1000" name="m_axis_open_connection_V">
<pin_list>
<pin id="13" dir="1" index="0" bw="1" slack="0"/>
</pin_list>
<bind>
<StgValue><ssdm name="m_axis_open_connection_V"/></StgValue>
</bind>
</comp>

<comp id="14" class="1000" name="s_axis_open_status_V">
<pin_list>
<pin id="15" dir="1" index="0" bw="1" slack="0"/>
</pin_list>
<bind>
<StgValue><ssdm name="s_axis_open_status_V"/></StgValue>
</bind>
</comp>

<comp id="16" class="1000" name="m_axis_close_connection_V">
<pin_list>
<pin id="17" dir="1" index="0" bw="1" slack="0"/>
</pin_list>
<bind>
<StgValue><ssdm name="m_axis_close_connection_V"/></StgValue>
</bind>
</comp>

<comp id="18" class="1000" name="m_axis_tx_metadata_V">
<pin_list>
<pin id="19" dir="1" index="0" bw="1" slack="0"/>
</pin_list>
<bind>
<StgValue><ssdm name="m_axis_tx_metadata_V"/></StgValue>
</bind>
</comp>

<comp id="20" class="1000" name="m_axis_tx_data_V">
<pin_list>
<pin id="21" dir="1" index="0" bw="1" slack="0"/>
</pin_list>
<bind>
<StgValue><ssdm name="m_axis_tx_data_V"/></StgValue>
</bind>
</comp>

<comp id="22" class="1000" name="s_axis_tx_status_V">
<pin_list>
<pin id="23" dir="1" index="0" bw="1" slack="0"/>
</pin_list>
<bind>
<StgValue><ssdm name="s_axis_tx_status_V"/></StgValue>
</bind>
</comp>

<comp id="24" class="1000" name="esac_fsmState_V">
<pin_list>
<pin id="25" dir="1" index="0" bw="1" slack="0"/>
</pin_list>
<bind>
<StgValue><ssdm name="esac_fsmState_V"/></StgValue>
</bind>
</comp>

<comp id="26" class="1000" name="esa_sessionidFifo">
<pin_list>
<pin id="27" dir="1" index="0" bw="1" slack="0"/>
</pin_list>
<bind>
<StgValue><ssdm name="esa_sessionidFifo"/></StgValue>
</bind>
</comp>

<comp id="28" class="1000" name="esa_lengthFifo">
<pin_list>
<pin id="29" dir="1" index="0" bw="1" slack="0"/>
</pin_list>
<bind>
<StgValue><ssdm name="esa_lengthFifo"/></StgValue>
</bind>
</comp>

<comp id="30" class="1000" name="esa_dataFifo">
<pin_list>
<pin id="31" dir="1" index="0" bw="1" slack="0"/>
</pin_list>
<bind>
<StgValue><ssdm name="esa_dataFifo"/></StgValue>
</bind>
</comp>

<comp id="32" class="1000" name="ksvs_fsmState_V">
<pin_list>
<pin id="33" dir="1" index="0" bw="1" slack="0"/>
</pin_list>
<bind>
<StgValue><ssdm name="ksvs_fsmState_V"/></StgValue>
</bind>
</comp>

<comp id="34" class="1000" name="state_V">
<pin_list>
<pin id="35" dir="1" index="0" bw="1" slack="0"/>
</pin_list>
<bind>
<StgValue><ssdm name="state_V"/></StgValue>
</bind>
</comp>

<comp id="36" class="1001" name="const_36">
<pin_list>
<pin id="37" dir="1" index="0" bw="1" slack="0"/>
</pin_list>
<bind>
<StgValue><ssdm name="client"/></StgValue>
</bind>
</comp>

<comp id="38" class="1001" name="const_38">
<pin_list>
<pin id="39" dir="1" index="0" bw="1" slack="0"/>
</pin_list>
<bind>
<StgValue><ssdm name="open_port"/></StgValue>
</bind>
</comp>

<comp id="40" class="1001" name="const_40">
<pin_list>
<pin id="41" dir="1" index="0" bw="1" slack="0"/>
</pin_list>
<bind>
<StgValue><ssdm name="notification_handler"/></StgValue>
</bind>
</comp>

<comp id="42" class="1001" name="const_42">
<pin_list>
<pin id="43" dir="1" index="0" bw="1" slack="0"/>
</pin_list>
<bind>
<StgValue><ssdm name="dummy"/></StgValue>
</bind>
</comp>

<comp id="44" class="1001" name="const_44">
<pin_list>
<pin id="45" dir="1" index="0" bw="1" slack="0"/>
</pin_list>
<bind>
<StgValue><ssdm name="server"/></StgValue>
</bind>
</comp>

<comp id="46" class="1001" name="const_46">
<pin_list>
<pin id="47" dir="1" index="0" bw="1" slack="2147483647"/>
</pin_list>
<bind>
<StgValue><ssdm name="_ssdm_op_SpecDataflowPipeline"/></StgValue>
</bind>
</comp>

<comp id="48" class="1001" name="const_48">
<pin_list>
<pin id="49" dir="1" index="0" bw="1" slack="2147483647"/>
</pin_list>
<bind>
<StgValue><ssdm name=""/></StgValue>
</bind>
</comp>

<comp id="50" class="1001" name="const_50">
<pin_list>
<pin id="51" dir="1" index="0" bw="1" slack="2147483647"/>
</pin_list>
<bind>
<StgValue><ssdm name=""/></StgValue>
</bind>
</comp>

<comp id="52" class="1001" name="const_52">
<pin_list>
<pin id="53" dir="1" index="0" bw="1" slack="2147483647"/>
</pin_list>
<bind>
<StgValue><ssdm name="empty_4"/></StgValue>
</bind>
</comp>

<comp id="54" class="1001" name="const_54">
<pin_list>
<pin id="55" dir="1" index="0" bw="1" slack="2147483647"/>
</pin_list>
<bind>
<StgValue><ssdm name="_ssdm_op_SpecChannel"/></StgValue>
</bind>
</comp>

<comp id="56" class="1001" name="const_56">
<pin_list>
<pin id="57" dir="1" index="0" bw="1" slack="2147483647"/>
</pin_list>
<bind>
<StgValue><ssdm name="esa_dataFifo_str"/></StgValue>
</bind>
</comp>

<comp id="58" class="1001" name="const_58">
<pin_list>
<pin id="59" dir="1" index="0" bw="1" slack="2147483647"/>
</pin_list>
<bind>
<StgValue><ssdm name="p_str"/></StgValue>
</bind>
</comp>

<comp id="60" class="1001" name="const_60">
<pin_list>
<pin id="61" dir="1" index="0" bw="1" slack="2147483647"/>
</pin_list>
<bind>
<StgValue><ssdm name=""/></StgValue>
</bind>
</comp>

<comp id="62" class="1001" name="const_62">
<pin_list>
<pin id="63" dir="1" index="0" bw="1" slack="2147483647"/>
</pin_list>
<bind>
<StgValue><ssdm name="esa_lengthFifo_str"/></StgValue>
</bind>
</comp>

<comp id="64" class="1001" name="const_64">
<pin_list>
<pin id="65" dir="1" index="0" bw="1" slack="2147483647"/>
</pin_list>
<bind>
<StgValue><ssdm name=""/></StgValue>
</bind>
</comp>

<comp id="66" class="1001" name="const_66">
<pin_list>
<pin id="67" dir="1" index="0" bw="1" slack="2147483647"/>
</pin_list>
<bind>
<StgValue><ssdm name="esa_sessionidFifo_str"/></StgValue>
</bind>
</comp>

<comp id="68" class="1001" name="const_68">
<pin_list>
<pin id="69" dir="1" index="0" bw="1" slack="2147483647"/>
</pin_list>
<bind>
<StgValue><ssdm name="_ssdm_op_SpecTopModule"/></StgValue>
</bind>
</comp>

<comp id="70" class="1001" name="const_70">
<pin_list>
<pin id="71" dir="1" index="0" bw="1" slack="2147483647"/>
</pin_list>
<bind>
<StgValue><ssdm name="empty_0"/></StgValue>
</bind>
</comp>

<comp id="72" class="1001" name="const_72">
<pin_list>
<pin id="73" dir="1" index="0" bw="1" slack="2147483647"/>
</pin_list>
<bind>
<StgValue><ssdm name="_ssdm_op_SpecInterface"/></StgValue>
</bind>
</comp>

<comp id="74" class="1001" name="const_74">
<pin_list>
<pin id="75" dir="1" index="0" bw="1" slack="2147483647"/>
</pin_list>
<bind>
<StgValue><ssdm name=""/></StgValue>
</bind>
</comp>

<comp id="76" class="1001" name="const_76">
<pin_list>
<pin id="77" dir="1" index="0" bw="1" slack="2147483647"/>
</pin_list>
<bind>
<StgValue><ssdm name="empty"/></StgValue>
</bind>
</comp>

<comp id="78" class="1001" name="const_78">
<pin_list>
<pin id="79" dir="1" index="0" bw="1" slack="2147483647"/>
</pin_list>
<bind>
<StgValue><ssdm name="_ssdm_op_SpecReset"/></StgValue>
</bind>
</comp>

<comp id="80" class="1001" name="const_80">
<pin_list>
<pin id="81" dir="1" index="0" bw="1" slack="2147483647"/>
</pin_list>
<bind>
<StgValue><ssdm name=""/></StgValue>
</bind>
</comp>

<comp id="82" class="1001" name="const_82">
<pin_list>
<pin id="83" dir="1" index="0" bw="1" slack="2147483647"/>
</pin_list>
<bind>
<StgValue><ssdm name="empty_2"/></StgValue>
</bind>
</comp>

<comp id="84" class="1001" name="const_84">
<pin_list>
<pin id="85" dir="1" index="0" bw="1" slack="2147483647"/>
</pin_list>
<bind>
<StgValue><ssdm name="empty_3"/></StgValue>
</bind>
</comp>

<comp id="86" class="1001" name="const_86">
<pin_list>
<pin id="87" dir="1" index="0" bw="1" slack="2147483647"/>
</pin_list>
<bind>
<StgValue><ssdm name="_ssdm_op_SpecBitsMap"/></StgValue>
</bind>
</comp>

<comp id="88" class="1001" name="const_88">
<pin_list>
<pin id="89" dir="1" index="0" bw="1" slack="2147483647"/>
</pin_list>
<bind>
<StgValue><ssdm name="empty_1"/></StgValue>
</bind>
</comp>

<comp id="90" class="1004" name="grp_client_fu_90">
<pin_list>
<pin id="91" dir="0" index="0" bw="0" slack="0"/>
<pin id="92" dir="0" index="1" bw="32" slack="0"/>
<pin id="93" dir="0" index="2" bw="1024" slack="0"/>
<pin id="94" dir="0" index="3" bw="1" slack="0"/>
<pin id="95" dir="0" index="4" bw="16" slack="0"/>
<pin id="96" dir="0" index="5" bw="16" slack="0"/>
<pin id="97" dir="0" index="6" bw="1024" slack="0"/>
<pin id="98" dir="1" index="7" bw="0" slack="2147483647"/>
</pin_list>
<bind>
<opcode="call(48) " fcode="call"/>
<opset="call_ln257/1 "/>
</bind>
</comp>

<comp id="106" class="1004" name="grp_server_fu_106">
<pin_list>
<pin id="107" dir="0" index="0" bw="0" slack="0"/>
<pin id="108" dir="0" index="1" bw="16" slack="0"/>
<pin id="109" dir="0" index="2" bw="1024" slack="0"/>
<pin id="110" dir="0" index="3" bw="1" slack="0"/>
<pin id="111" dir="0" index="4" bw="16" slack="0"/>
<pin id="112" dir="0" index="5" bw="1024" slack="0"/>
<pin id="113" dir="1" index="6" bw="0" slack="2147483647"/>
</pin_list>
<bind>
<opcode="call(48) " fcode="call"/>
<opset="call_ln258/6 "/>
</bind>
</comp>

<comp id="120" class="1004" name="grp_notification_handler_fu_120">
<pin_list>
<pin id="121" dir="0" index="0" bw="0" slack="0"/>
<pin id="122" dir="0" index="1" bw="96" slack="0"/>
<pin id="123" dir="0" index="2" bw="32" slack="0"/>
<pin id="124" dir="0" index="3" bw="16" slack="0"/>
<pin id="125" dir="1" index="4" bw="0" slack="2147483647"/>
</pin_list>
<bind>
<opcode="call(48) " fcode="call"/>
<opset="call_ln260/4 "/>
</bind>
</comp>

<comp id="130" class="1004" name="grp_dummy_fu_130">
<pin_list>
<pin id="131" dir="0" index="0" bw="0" slack="0"/>
<pin id="132" dir="0" index="1" bw="64" slack="0"/>
<pin id="133" dir="0" index="2" bw="96" slack="0"/>
<pin id="134" dir="0" index="3" bw="16" slack="0"/>
<pin id="135" dir="0" index="4" bw="96" slack="0"/>
<pin id="136" dir="1" index="5" bw="0" slack="2147483647"/>
</pin_list>
<bind>
<opcode="call(48) " fcode="call"/>
<opset="call_ln261/4 "/>
</bind>
</comp>

<comp id="142" class="1004" name="grp_open_port_fu_142">
<pin_list>
<pin id="143" dir="0" index="0" bw="0" slack="0"/>
<pin id="144" dir="0" index="1" bw="16" slack="0"/>
<pin id="145" dir="0" index="2" bw="8" slack="0"/>
<pin id="146" dir="0" index="3" bw="2" slack="0"/>
<pin id="147" dir="1" index="4" bw="0" slack="2147483647"/>
</pin_list>
<bind>
<opcode="call(48) " fcode="call"/>
<opset="call_ln259/4 "/>
</bind>
</comp>

</comp_list>

<net_list>
<net id="99"><net_src comp="36" pin="0"/><net_sink comp="90" pin=0"/></net>

<net id="100"><net_src comp="18" pin="0"/><net_sink comp="90" pin=1"/></net>

<net id="101"><net_src comp="20" pin="0"/><net_sink comp="90" pin=2"/></net>

<net id="102"><net_src comp="24" pin="0"/><net_sink comp="90" pin=3"/></net>

<net id="103"><net_src comp="26" pin="0"/><net_sink comp="90" pin=4"/></net>

<net id="104"><net_src comp="28" pin="0"/><net_sink comp="90" pin=5"/></net>

<net id="105"><net_src comp="30" pin="0"/><net_sink comp="90" pin=6"/></net>

<net id="114"><net_src comp="44" pin="0"/><net_sink comp="106" pin=0"/></net>

<net id="115"><net_src comp="8" pin="0"/><net_sink comp="106" pin=1"/></net>

<net id="116"><net_src comp="10" pin="0"/><net_sink comp="106" pin=2"/></net>

<net id="117"><net_src comp="32" pin="0"/><net_sink comp="106" pin=3"/></net>

<net id="118"><net_src comp="26" pin="0"/><net_sink comp="106" pin=4"/></net>

<net id="119"><net_src comp="30" pin="0"/><net_sink comp="106" pin=5"/></net>

<net id="126"><net_src comp="40" pin="0"/><net_sink comp="120" pin=0"/></net>

<net id="127"><net_src comp="4" pin="0"/><net_sink comp="120" pin=1"/></net>

<net id="128"><net_src comp="6" pin="0"/><net_sink comp="120" pin=2"/></net>

<net id="129"><net_src comp="28" pin="0"/><net_sink comp="120" pin=3"/></net>

<net id="137"><net_src comp="42" pin="0"/><net_sink comp="130" pin=0"/></net>

<net id="138"><net_src comp="12" pin="0"/><net_sink comp="130" pin=1"/></net>

<net id="139"><net_src comp="14" pin="0"/><net_sink comp="130" pin=2"/></net>

<net id="140"><net_src comp="16" pin="0"/><net_sink comp="130" pin=3"/></net>

<net id="141"><net_src comp="22" pin="0"/><net_sink comp="130" pin=4"/></net>

<net id="148"><net_src comp="38" pin="0"/><net_sink comp="142" pin=0"/></net>

<net id="149"><net_src comp="0" pin="0"/><net_sink comp="142" pin=1"/></net>

<net id="150"><net_src comp="2" pin="0"/><net_sink comp="142" pin=2"/></net>

<net id="151"><net_src comp="34" pin="0"/><net_sink comp="142" pin=3"/></net>

</net_list>

</model> 
---------------- Datapath Model END ------------------

* FSMD analyzer results:
  - Output states:
	Port: m_axis_listen_port_V | {6 }
	Port: m_axis_read_package_V | {6 }
	Port: m_axis_open_connection_V | {6 }
	Port: m_axis_close_connection_V | {6 }
	Port: m_axis_tx_metadata_V | {1 2 3 }
	Port: m_axis_tx_data_V | {1 2 3 }
	Port: esac_fsmState_V | {2 }
	Port: esa_sessionidFifo | {7 }
	Port: esa_lengthFifo | {5 }
	Port: esa_dataFifo | {7 }
	Port: ksvs_fsmState_V | {6 }
	Port: state_V | {4 }
 - Input state : 
	Port: echo_server_application : s_axis_listen_port_status_V | {4 }
	Port: echo_server_application : s_axis_notifications_V | {4 }
	Port: echo_server_application : s_axis_rx_metadata_V | {6 }
	Port: echo_server_application : s_axis_rx_data_V | {6 }
	Port: echo_server_application : s_axis_open_status_V | {4 }
	Port: echo_server_application : s_axis_tx_status_V | {4 }
	Port: echo_server_application : esac_fsmState_V | {1 }
	Port: echo_server_application : esa_sessionidFifo | {1 2 }
	Port: echo_server_application : esa_lengthFifo | {1 2 }
	Port: echo_server_application : esa_dataFifo | {1 2 }
	Port: echo_server_application : ksvs_fsmState_V | {6 }
	Port: echo_server_application : state_V | {4 }
  - Chain level:
	State 1
	State 2
	State 3
	State 4
	State 5
	State 6
	State 7


============================================================
+ Verbose Summary: Datapath Resource usage 
============================================================

* Functional unit list:
|----------|---------------------------------|---------|---------|---------|
| Operation|         Functional Unit         |  Delay  |    FF   |   LUT   |
|----------|---------------------------------|---------|---------|---------|
|          |         grp_client_fu_90        |  0.774  |   1062  |    18   |
|          |        grp_server_fu_106        |    0    |   1043  |    0    |
|   call   | grp_notification_handler_fu_120 |    0    |    50   |    13   |
|          |         grp_dummy_fu_130        |    0    |    18   |    11   |
|          |       grp_open_port_fu_142      |    0    |    2    |    0    |
|----------|---------------------------------|---------|---------|---------|
|   Total  |                                 |  0.774  |   2175  |    42   |
|----------|---------------------------------|---------|---------|---------|

Memories:
N/A

* Register list:
N/A

* Multiplexer (MUX) list: 
|--------|------|------|------|--------|
|  Comp  |  Pin | Size |  BW  | S x BW |
|--------|------|------|------|--------|
|  Total |      |      |      |    0   |
|--------|------|------|------|--------|



* Summary:
+-----------+--------+--------+--------+
|           |  Delay |   FF   |   LUT  |
+-----------+--------+--------+--------+
|  Function |    0   |  2175  |   42   |
|   Memory  |    -   |    -   |    -   |
|Multiplexer|    -   |    -   |    -   |
|  Register |    -   |    -   |    -   |
+-----------+--------+--------+--------+
|   Total   |    0   |  2175  |   42   |
+-----------+--------+--------+--------+
