

================================================================
== Vitis HLS Report for 'ethernet_frame_padding_512'
================================================================
* Date:           Tue Jul 19 05:55:39 2022

* Version:        2020.2 (Build 3064766 on Wed Nov 18 09:12:47 MST 2020)
* Project:        ethernet_frame_padding_512_prj
* Solution:       solution1 (Vivado IP Flow Target)
* Product family: virtexuplus
* Target device:  xcvu3p-ffvc1517-2-i


================================================================
== Performance Estimates
================================================================
+ Timing: 
    * Summary: 
    +--------+---------+----------+------------+
    |  Clock |  Target | Estimated| Uncertainty|
    +--------+---------+----------+------------+
    |ap_clk  |  3.20 ns|  2.312 ns|     0.86 ns|
    +--------+---------+----------+------------+

+ Latency: 
    * Summary: 
    +---------+---------+-----------+-----------+-----+-----+---------+
    |  Latency (cycles) |   Latency (absolute)  |  Interval | Pipeline|
    |   min   |   max   |    min    |    max    | min | max |   Type  |
    +---------+---------+-----------+-----------+-----+-----+---------+
    |       17|       17|  54.400 ns|  54.400 ns|    1|    1|      yes|
    +---------+---------+-----------+-----------+-----+-----+---------+

    + Detail: 
        * Instance: 
        N/A

        * Loop: 
        N/A



================================================================
== Utilization Estimates
================================================================
* Summary: 
+-----------------+---------+------+--------+--------+-----+
|       Name      | BRAM_18K|  DSP |   FF   |   LUT  | URAM|
+-----------------+---------+------+--------+--------+-----+
|DSP              |        -|     -|       -|       -|    -|
|Expression       |        -|     -|       0|   31458|    -|
|FIFO             |        -|     -|       -|       -|    -|
|Instance         |        -|     -|       -|       -|    -|
|Memory           |        -|     -|       -|       -|    -|
|Multiplexer      |        -|     -|       -|      96|    -|
|Register         |        -|     -|   19558|     224|    -|
+-----------------+---------+------+--------+--------+-----+
|Total            |        0|     0|   19558|   31778|    0|
+-----------------+---------+------+--------+--------+-----+
|Available        |     1440|  2280|  788160|  394080|  320|
+-----------------+---------+------+--------+--------+-----+
|Utilization (%)  |        0|     0|       2|       8|    0|
+-----------------+---------+------+--------+--------+-----+

+ Detail: 
    * Instance: 
    N/A

    * DSP: 
    N/A

    * Memory: 
    N/A

    * FIFO: 
    N/A

    * Expression: 
    +------------------------------------+----------+----+---+-----+------------+------------+
    |            Variable Name           | Operation| DSP| FF| LUT | Bitwidth P0| Bitwidth P1|
    +------------------------------------+----------+----+---+-----+------------+------------+
    |ap_condition_145                    |       and|   0|  0|    2|           1|           1|
    |ap_condition_2484                   |       and|   0|  0|    2|           1|           1|
    |ap_condition_527                    |       and|   0|  0|    2|           1|           1|
    |ap_predicate_op36_read_state1       |       and|   0|  0|    2|           1|           1|
    |ap_predicate_op376_write_state17    |       and|   0|  0|    2|           1|           1|
    |ap_predicate_op377_write_state17    |       and|   0|  0|    2|           1|           1|
    |ap_predicate_op378_write_state18    |       and|   0|  0|    2|           1|           1|
    |ap_predicate_op380_write_state18    |       and|   0|  0|    2|           1|           1|
    |ap_predicate_op66_read_state1       |       and|   0|  0|    2|           1|           1|
    |tmp_nbreadreq_fu_406_p6             |       and|   0|  0|    2|           1|           0|
    |ap_block_pp0_stage0_01001           |        or|   0|  0|    2|           1|           1|
    |ap_block_pp0_stage0_11001           |        or|   0|  0|    2|           1|           1|
    |ap_block_state17_io                 |        or|   0|  0|    2|           1|           1|
    |ap_block_state18_io                 |        or|   0|  0|    2|           1|           1|
    |ap_block_state18_pp0_stage0_iter17  |        or|   0|  0|    2|           1|           1|
    |ap_block_state1_pp0_stage0_iter0    |        or|   0|  0|    2|           1|           1|
    |p_Val2_100_fu_2737_p3               |    select|   0|  0|   63|           1|          64|
    |p_Val2_101_fu_2729_p3               |    select|   0|  0|  428|           1|         512|
    |p_Val2_102_fu_2783_p3               |    select|   0|  0|   63|           1|          64|
    |p_Val2_103_fu_2775_p3               |    select|   0|  0|  428|           1|         512|
    |p_Val2_104_fu_2829_p3               |    select|   0|  0|   63|           1|          64|
    |p_Val2_105_fu_2821_p3               |    select|   0|  0|  428|           1|         512|
    |p_Val2_106_fu_2871_p3               |    select|   0|  0|   63|           1|          64|
    |p_Val2_107_fu_2865_p3               |    select|   0|  0|  428|           1|         512|
    |p_Val2_108_fu_2915_p3               |    select|   0|  0|   63|           1|          64|
    |p_Val2_109_fu_2907_p3               |    select|   0|  0|  428|           1|         512|
    |p_Val2_10_fu_735_p3                 |    select|   0|  0|   63|           1|          64|
    |p_Val2_110_fu_2961_p3               |    select|   0|  0|   63|           1|          64|
    |p_Val2_111_fu_2953_p3               |    select|   0|  0|  428|           1|         512|
    |p_Val2_112_fu_3007_p3               |    select|   0|  0|   63|           1|          64|
    |p_Val2_113_fu_2999_p3               |    select|   0|  0|  428|           1|         512|
    |p_Val2_114_fu_3049_p3               |    select|   0|  0|   63|           1|          64|
    |p_Val2_115_fu_3043_p3               |    select|   0|  0|  428|           1|         512|
    |p_Val2_116_fu_3093_p3               |    select|   0|  0|   63|           1|          64|
    |p_Val2_117_fu_3085_p3               |    select|   0|  0|  428|           1|         512|
    |p_Val2_118_fu_3139_p3               |    select|   0|  0|   63|           1|          64|
    |p_Val2_119_fu_3131_p3               |    select|   0|  0|  428|           1|         512|
    |p_Val2_11_fu_729_p3                 |    select|   0|  0|  428|           1|         512|
    |p_Val2_120_fu_3185_p3               |    select|   0|  0|   63|           1|          64|
    |p_Val2_121_fu_3177_p3               |    select|   0|  0|  428|           1|         512|
    |p_Val2_122_fu_3227_p3               |    select|   0|  0|   63|           1|          64|
    |p_Val2_123_fu_3221_p3               |    select|   0|  0|  428|           1|         512|
    |p_Val2_124_fu_3271_p3               |    select|   0|  0|   63|           1|          64|
    |p_Val2_125_fu_3263_p3               |    select|   0|  0|  428|           1|         512|
    |p_Val2_126_fu_3317_p3               |    select|   0|  0|   63|           1|          64|
    |p_Val2_127_fu_3309_p3               |    select|   0|  0|  428|           1|         512|
    |p_Val2_12_fu_779_p3                 |    select|   0|  0|   63|           1|          64|
    |p_Val2_13_fu_771_p3                 |    select|   0|  0|  428|           1|         512|
    |p_Val2_14_fu_825_p3                 |    select|   0|  0|   63|           1|          64|
    |p_Val2_15_fu_817_p3                 |    select|   0|  0|  428|           1|         512|
    |p_Val2_16_fu_871_p3                 |    select|   0|  0|   63|           1|          64|
    |p_Val2_17_fu_863_p3                 |    select|   0|  0|  428|           1|         512|
    |p_Val2_18_fu_913_p3                 |    select|   0|  0|   63|           1|          64|
    |p_Val2_19_fu_907_p3                 |    select|   0|  0|  428|           1|         512|
    |p_Val2_20_fu_957_p3                 |    select|   0|  0|   63|           1|          64|
    |p_Val2_21_fu_949_p3                 |    select|   0|  0|  428|           1|         512|
    |p_Val2_22_fu_1003_p3                |    select|   0|  0|   63|           1|          64|
    |p_Val2_23_fu_995_p3                 |    select|   0|  0|  428|           1|         512|
    |p_Val2_24_fu_1049_p3                |    select|   0|  0|   63|           1|          64|
    |p_Val2_25_fu_1041_p3                |    select|   0|  0|  428|           1|         512|
    |p_Val2_26_fu_1091_p3                |    select|   0|  0|   63|           1|          64|
    |p_Val2_27_fu_1085_p3                |    select|   0|  0|  428|           1|         512|
    |p_Val2_28_fu_1135_p3                |    select|   0|  0|   63|           1|          64|
    |p_Val2_29_fu_1127_p3                |    select|   0|  0|  428|           1|         512|
    |p_Val2_2_fu_549_p3                  |    select|   0|  0|   63|           1|          64|
    |p_Val2_30_fu_1181_p3                |    select|   0|  0|   63|           1|          64|
    |p_Val2_31_fu_1173_p3                |    select|   0|  0|  428|           1|         512|
    |p_Val2_32_fu_1227_p3                |    select|   0|  0|   63|           1|          64|
    |p_Val2_33_fu_1219_p3                |    select|   0|  0|  428|           1|         512|
    |p_Val2_34_fu_1269_p3                |    select|   0|  0|   63|           1|          64|
    |p_Val2_35_fu_1263_p3                |    select|   0|  0|  428|           1|         512|
    |p_Val2_36_fu_1313_p3                |    select|   0|  0|   63|           1|          64|
    |p_Val2_37_fu_1305_p3                |    select|   0|  0|  428|           1|         512|
    |p_Val2_38_fu_1359_p3                |    select|   0|  0|   63|           1|          64|
    |p_Val2_39_fu_1351_p3                |    select|   0|  0|  428|           1|         512|
    |p_Val2_3_fu_541_p3                  |    select|   0|  0|  428|           1|         512|
    |p_Val2_40_fu_1405_p3                |    select|   0|  0|   63|           1|          64|
    |p_Val2_41_fu_1397_p3                |    select|   0|  0|  428|           1|         512|
    |p_Val2_42_fu_1447_p3                |    select|   0|  0|   63|           1|          64|
    |p_Val2_43_fu_1441_p3                |    select|   0|  0|  428|           1|         512|
    |p_Val2_44_fu_1491_p3                |    select|   0|  0|   63|           1|          64|
    |p_Val2_45_fu_1483_p3                |    select|   0|  0|  428|           1|         512|
    |p_Val2_46_fu_1537_p3                |    select|   0|  0|   63|           1|          64|
    |p_Val2_47_fu_1529_p3                |    select|   0|  0|  428|           1|         512|
    |p_Val2_48_fu_1583_p3                |    select|   0|  0|   63|           1|          64|
    |p_Val2_49_fu_1575_p3                |    select|   0|  0|  428|           1|         512|
    |p_Val2_4_fu_595_p3                  |    select|   0|  0|   63|           1|          64|
    |p_Val2_50_fu_1625_p3                |    select|   0|  0|   63|           1|          64|
    |p_Val2_51_fu_1619_p3                |    select|   0|  0|  428|           1|         512|
    |p_Val2_52_fu_1669_p3                |    select|   0|  0|   63|           1|          64|
    |p_Val2_53_fu_1661_p3                |    select|   0|  0|  428|           1|         512|
    |p_Val2_54_fu_1715_p3                |    select|   0|  0|   63|           1|          64|
    |p_Val2_55_fu_1707_p3                |    select|   0|  0|  428|           1|         512|
    |p_Val2_56_fu_1761_p3                |    select|   0|  0|   63|           1|          64|
    |p_Val2_57_fu_1753_p3                |    select|   0|  0|  428|           1|         512|
    |p_Val2_58_fu_1803_p3                |    select|   0|  0|   63|           1|          64|
    |p_Val2_59_fu_1797_p3                |    select|   0|  0|  428|           1|         512|
    |p_Val2_5_fu_587_p3                  |    select|   0|  0|  428|           1|         512|
    |p_Val2_60_fu_1847_p3                |    select|   0|  0|   63|           1|          64|
    |p_Val2_61_fu_1839_p3                |    select|   0|  0|  428|           1|         512|
    |p_Val2_62_fu_1893_p3                |    select|   0|  0|   63|           1|          64|
    |p_Val2_63_fu_1885_p3                |    select|   0|  0|  428|           1|         512|
    |p_Val2_64_fu_1939_p3                |    select|   0|  0|   63|           1|          64|
    |p_Val2_65_fu_1931_p3                |    select|   0|  0|  428|           1|         512|
    |p_Val2_66_fu_1981_p3                |    select|   0|  0|   63|           1|          64|
    |p_Val2_67_fu_1975_p3                |    select|   0|  0|  428|           1|         512|
    |p_Val2_68_fu_2025_p3                |    select|   0|  0|   63|           1|          64|
    |p_Val2_69_fu_2017_p3                |    select|   0|  0|  428|           1|         512|
    |p_Val2_6_fu_641_p3                  |    select|   0|  0|   63|           1|          64|
    |p_Val2_70_fu_2071_p3                |    select|   0|  0|   63|           1|          64|
    |p_Val2_71_fu_2063_p3                |    select|   0|  0|  428|           1|         512|
    |p_Val2_72_fu_2117_p3                |    select|   0|  0|   63|           1|          64|
    |p_Val2_73_fu_2109_p3                |    select|   0|  0|  428|           1|         512|
    |p_Val2_74_fu_2159_p3                |    select|   0|  0|   63|           1|          64|
    |p_Val2_75_fu_2153_p3                |    select|   0|  0|  428|           1|         512|
    |p_Val2_76_fu_2203_p3                |    select|   0|  0|   63|           1|          64|
    |p_Val2_77_fu_2195_p3                |    select|   0|  0|  428|           1|         512|
    |p_Val2_78_fu_2249_p3                |    select|   0|  0|   63|           1|          64|
    |p_Val2_79_fu_2241_p3                |    select|   0|  0|  428|           1|         512|
    |p_Val2_7_fu_633_p3                  |    select|   0|  0|  428|           1|         512|
    |p_Val2_80_fu_2295_p3                |    select|   0|  0|   63|           1|          64|
    |p_Val2_81_fu_2287_p3                |    select|   0|  0|  428|           1|         512|
    |p_Val2_82_fu_2337_p3                |    select|   0|  0|   63|           1|          64|
    |p_Val2_83_fu_2331_p3                |    select|   0|  0|  428|           1|         512|
    |p_Val2_84_fu_2381_p3                |    select|   0|  0|   63|           1|          64|
    |p_Val2_85_fu_2373_p3                |    select|   0|  0|  428|           1|         512|
    |p_Val2_86_fu_2427_p3                |    select|   0|  0|   63|           1|          64|
    |p_Val2_87_fu_2419_p3                |    select|   0|  0|  428|           1|         512|
    |p_Val2_88_fu_2473_p3                |    select|   0|  0|   63|           1|          64|
    |p_Val2_89_fu_2465_p3                |    select|   0|  0|  428|           1|         512|
    |p_Val2_8_fu_687_p3                  |    select|   0|  0|   63|           1|          64|
    |p_Val2_90_fu_2515_p3                |    select|   0|  0|   63|           1|          64|
    |p_Val2_91_fu_2509_p3                |    select|   0|  0|  428|           1|         512|
    |p_Val2_92_fu_2559_p3                |    select|   0|  0|   63|           1|          64|
    |p_Val2_93_fu_2551_p3                |    select|   0|  0|  428|           1|         512|
    |p_Val2_94_fu_2605_p3                |    select|   0|  0|   63|           1|          64|
    |p_Val2_95_fu_2597_p3                |    select|   0|  0|  428|           1|         512|
    |p_Val2_96_fu_2651_p3                |    select|   0|  0|   63|           1|          64|
    |p_Val2_97_fu_2643_p3                |    select|   0|  0|  428|           1|         512|
    |p_Val2_98_fu_2693_p3                |    select|   0|  0|   63|           1|          64|
    |p_Val2_99_fu_2687_p3                |    select|   0|  0|  428|           1|         512|
    |p_Val2_9_fu_679_p3                  |    select|   0|  0|  428|           1|         512|
    |select_ln1082_64_fu_3363_p3         |    select|   0|  0|   63|           1|          64|
    |select_ln1082_fu_3355_p3            |    select|   0|  0|  428|           1|         512|
    |ap_enable_pp0                       |       xor|   0|  0|    2|           1|           2|
    +------------------------------------+----------+----+---+-----+------------+------------+
    |Total                               |          |   0|  0|31458|         145|       36881|
    +------------------------------------+----------+----+---+-----+------------+------------+

    * Multiplexer: 
    +---------------------------------------------+----+-----------+-----+-----------+
    |                     Name                    | LUT| Input Size| Bits| Total Bits|
    +---------------------------------------------+----+-----------+-----+-----------+
    |ap_phi_mux_tmp_i14_data_0_phi_fu_464_p4      |   9|          2|  512|       1024|
    |ap_phi_mux_tmp_i14_keep_0_phi_fu_452_p4      |   9|          2|   64|        128|
    |ap_phi_reg_pp0_iter1_tmp_i14_data_0_reg_460  |   9|          2|  512|       1024|
    |ap_phi_reg_pp0_iter1_tmp_i14_keep_0_reg_448  |   9|          2|   64|        128|
    |m_axis_TDATA_blk_n                           |   9|          2|    1|          2|
    |m_axis_TDATA_int_regslice                    |  14|          3|  512|       1536|
    |m_axis_TKEEP_int_regslice                    |  14|          3|   64|        192|
    |m_axis_TLAST_int_regslice                    |  14|          3|    1|          3|
    |s_axis_TDATA_blk_n                           |   9|          2|    1|          2|
    +---------------------------------------------+----+-----------+-----+-----------+
    |Total                                        |  96|         21| 1731|       4039|
    +---------------------------------------------+----+-----------+-----+-----------+

    * Register: 
    +----------------------------------------------+-----+----+-----+-----------+
    |                     Name                     |  FF | LUT| Bits| Const Bits|
    +----------------------------------------------+-----+----+-----+-----------+
    |ap_CS_fsm                                     |    1|   0|    1|          0|
    |ap_enable_reg_pp0_iter1                       |    1|   0|    1|          0|
    |ap_enable_reg_pp0_iter10                      |    1|   0|    1|          0|
    |ap_enable_reg_pp0_iter11                      |    1|   0|    1|          0|
    |ap_enable_reg_pp0_iter12                      |    1|   0|    1|          0|
    |ap_enable_reg_pp0_iter13                      |    1|   0|    1|          0|
    |ap_enable_reg_pp0_iter14                      |    1|   0|    1|          0|
    |ap_enable_reg_pp0_iter15                      |    1|   0|    1|          0|
    |ap_enable_reg_pp0_iter16                      |    1|   0|    1|          0|
    |ap_enable_reg_pp0_iter17                      |    1|   0|    1|          0|
    |ap_enable_reg_pp0_iter2                       |    1|   0|    1|          0|
    |ap_enable_reg_pp0_iter3                       |    1|   0|    1|          0|
    |ap_enable_reg_pp0_iter4                       |    1|   0|    1|          0|
    |ap_enable_reg_pp0_iter5                       |    1|   0|    1|          0|
    |ap_enable_reg_pp0_iter6                       |    1|   0|    1|          0|
    |ap_enable_reg_pp0_iter7                       |    1|   0|    1|          0|
    |ap_enable_reg_pp0_iter8                       |    1|   0|    1|          0|
    |ap_enable_reg_pp0_iter9                       |    1|   0|    1|          0|
    |ap_phi_reg_pp0_iter10_tmp_i14_data_0_reg_460  |  512|   0|  512|          0|
    |ap_phi_reg_pp0_iter10_tmp_i14_keep_0_reg_448  |   64|   0|   64|          0|
    |ap_phi_reg_pp0_iter11_tmp_i14_data_0_reg_460  |  512|   0|  512|          0|
    |ap_phi_reg_pp0_iter11_tmp_i14_keep_0_reg_448  |   64|   0|   64|          0|
    |ap_phi_reg_pp0_iter12_tmp_i14_data_0_reg_460  |  512|   0|  512|          0|
    |ap_phi_reg_pp0_iter12_tmp_i14_keep_0_reg_448  |   64|   0|   64|          0|
    |ap_phi_reg_pp0_iter13_tmp_i14_data_0_reg_460  |  512|   0|  512|          0|
    |ap_phi_reg_pp0_iter13_tmp_i14_keep_0_reg_448  |   64|   0|   64|          0|
    |ap_phi_reg_pp0_iter14_tmp_i14_data_0_reg_460  |  512|   0|  512|          0|
    |ap_phi_reg_pp0_iter14_tmp_i14_keep_0_reg_448  |   64|   0|   64|          0|
    |ap_phi_reg_pp0_iter15_tmp_i14_data_0_reg_460  |  512|   0|  512|          0|
    |ap_phi_reg_pp0_iter15_tmp_i14_keep_0_reg_448  |   64|   0|   64|          0|
    |ap_phi_reg_pp0_iter16_tmp_i14_data_0_reg_460  |  512|   0|  512|          0|
    |ap_phi_reg_pp0_iter16_tmp_i14_keep_0_reg_448  |   64|   0|   64|          0|
    |ap_phi_reg_pp0_iter1_tmp_i14_data_0_reg_460   |  512|   0|  512|          0|
    |ap_phi_reg_pp0_iter1_tmp_i14_keep_0_reg_448   |   64|   0|   64|          0|
    |ap_phi_reg_pp0_iter2_tmp_i14_data_0_reg_460   |  512|   0|  512|          0|
    |ap_phi_reg_pp0_iter2_tmp_i14_keep_0_reg_448   |   64|   0|   64|          0|
    |ap_phi_reg_pp0_iter3_tmp_i14_data_0_reg_460   |  512|   0|  512|          0|
    |ap_phi_reg_pp0_iter3_tmp_i14_keep_0_reg_448   |   64|   0|   64|          0|
    |ap_phi_reg_pp0_iter4_tmp_i14_data_0_reg_460   |  512|   0|  512|          0|
    |ap_phi_reg_pp0_iter4_tmp_i14_keep_0_reg_448   |   64|   0|   64|          0|
    |ap_phi_reg_pp0_iter5_tmp_i14_data_0_reg_460   |  512|   0|  512|          0|
    |ap_phi_reg_pp0_iter5_tmp_i14_keep_0_reg_448   |   64|   0|   64|          0|
    |ap_phi_reg_pp0_iter6_tmp_i14_data_0_reg_460   |  512|   0|  512|          0|
    |ap_phi_reg_pp0_iter6_tmp_i14_keep_0_reg_448   |   64|   0|   64|          0|
    |ap_phi_reg_pp0_iter7_tmp_i14_data_0_reg_460   |  512|   0|  512|          0|
    |ap_phi_reg_pp0_iter7_tmp_i14_keep_0_reg_448   |   64|   0|   64|          0|
    |ap_phi_reg_pp0_iter8_tmp_i14_data_0_reg_460   |  512|   0|  512|          0|
    |ap_phi_reg_pp0_iter8_tmp_i14_keep_0_reg_448   |   64|   0|   64|          0|
    |ap_phi_reg_pp0_iter9_tmp_i14_data_0_reg_460   |  512|   0|  512|          0|
    |ap_phi_reg_pp0_iter9_tmp_i14_keep_0_reg_448   |   64|   0|   64|          0|
    |p_Val2_104_reg_3611                           |   64|   0|   64|          0|
    |p_Val2_105_reg_3605                           |  512|   0|  512|          0|
    |p_Val2_112_reg_3629                           |   64|   0|   64|          0|
    |p_Val2_113_reg_3623                           |  512|   0|  512|          0|
    |p_Val2_120_reg_3647                           |   64|   0|   64|          0|
    |p_Val2_121_reg_3641                           |  512|   0|  512|          0|
    |p_Val2_16_reg_3413                            |   64|   0|   64|          0|
    |p_Val2_17_reg_3407                            |  512|   0|  512|          0|
    |p_Val2_24_reg_3431                            |   64|   0|   64|          0|
    |p_Val2_25_reg_3425                            |  512|   0|  512|          0|
    |p_Val2_32_reg_3449                            |   64|   0|   64|          0|
    |p_Val2_33_reg_3443                            |  512|   0|  512|          0|
    |p_Val2_40_reg_3467                            |   64|   0|   64|          0|
    |p_Val2_41_reg_3461                            |  512|   0|  512|          0|
    |p_Val2_48_reg_3485                            |   64|   0|   64|          0|
    |p_Val2_49_reg_3479                            |  512|   0|  512|          0|
    |p_Val2_56_reg_3503                            |   64|   0|   64|          0|
    |p_Val2_57_reg_3497                            |  512|   0|  512|          0|
    |p_Val2_64_reg_3521                            |   64|   0|   64|          0|
    |p_Val2_65_reg_3515                            |  512|   0|  512|          0|
    |p_Val2_72_reg_3539                            |   64|   0|   64|          0|
    |p_Val2_73_reg_3533                            |  512|   0|  512|          0|
    |p_Val2_80_reg_3557                            |   64|   0|   64|          0|
    |p_Val2_81_reg_3551                            |  512|   0|  512|          0|
    |p_Val2_88_reg_3575                            |   64|   0|   64|          0|
    |p_Val2_89_reg_3569                            |  512|   0|  512|          0|
    |p_Val2_8_reg_3390                             |   64|   0|   64|          0|
    |p_Val2_96_reg_3593                            |   64|   0|   64|          0|
    |p_Val2_97_reg_3587                            |  512|   0|  512|          0|
    |p_Val2_9_reg_3384                             |  512|   0|  512|          0|
    |reg_488                                       |  512|   0|  512|          0|
    |reg_494                                       |   64|   0|   64|          0|
    |reg_500                                       |   64|   0|   64|          0|
    |select_ln1082_64_reg_3664                     |   64|   0|   64|          0|
    |select_ln1082_reg_3659                        |  512|   0|  512|          0|
    |state_V                                       |    1|   0|    1|          0|
    |state_V_load_reg_3371                         |    1|   0|    1|          0|
    |tmp_104_reg_3617                              |    1|   0|    1|          0|
    |tmp_112_reg_3635                              |    1|   0|    1|          0|
    |tmp_120_reg_3653                              |    1|   0|    1|          0|
    |tmp_16_reg_3419                               |    1|   0|    1|          0|
    |tmp_24_reg_3437                               |    1|   0|    1|          0|
    |tmp_32_reg_3455                               |    1|   0|    1|          0|
    |tmp_40_reg_3473                               |    1|   0|    1|          0|
    |tmp_48_reg_3491                               |    1|   0|    1|          0|
    |tmp_56_reg_3509                               |    1|   0|    1|          0|
    |tmp_64_reg_3527                               |    1|   0|    1|          0|
    |tmp_72_reg_3545                               |    1|   0|    1|          0|
    |tmp_80_reg_3563                               |    1|   0|    1|          0|
    |tmp_88_reg_3581                               |    1|   0|    1|          0|
    |tmp_8_reg_3396                                |    1|   0|    1|          0|
    |tmp_96_reg_3599                               |    1|   0|    1|          0|
    |tmp_i14_last_reg_3379                         |    1|   0|    1|          0|
    |tmp_i_last_reg_3402                           |    1|   0|    1|          0|
    |tmp_reg_3375                                  |    1|   0|    1|          0|
    |reg_488                                       |   64|  32|  512|          0|
    |reg_494                                       |   64|  32|   64|          0|
    |reg_500                                       |   64|  32|   64|          0|
    |state_V_load_reg_3371                         |   64|  32|    1|          0|
    |tmp_i14_last_reg_3379                         |   64|  32|    1|          0|
    |tmp_i_last_reg_3402                           |   64|  32|    1|          0|
    |tmp_reg_3375                                  |   64|  32|    1|          0|
    +----------------------------------------------+-----+----+-----+-----------+
    |Total                                         |19558| 224|19754|          0|
    +----------------------------------------------+-----+----+-----+-----------+



================================================================
== Interface
================================================================
* Summary: 
+---------------+-----+-----+--------------+----------------------------+--------------+
|   RTL Ports   | Dir | Bits|   Protocol   |        Source Object       |    C Type    |
+---------------+-----+-----+--------------+----------------------------+--------------+
|ap_clk         |   in|    1|  ap_ctrl_none|  ethernet_frame_padding_512|  return value|
|ap_rst_n       |   in|    1|  ap_ctrl_none|  ethernet_frame_padding_512|  return value|
|s_axis_TDATA   |   in|  512|          axis|             s_axis_V_data_V|       pointer|
|s_axis_TVALID  |   in|    1|          axis|             s_axis_V_last_V|       pointer|
|s_axis_TREADY  |  out|    1|          axis|             s_axis_V_last_V|       pointer|
|s_axis_TLAST   |   in|    1|          axis|             s_axis_V_last_V|       pointer|
|s_axis_TKEEP   |   in|   64|          axis|             s_axis_V_keep_V|       pointer|
|s_axis_TSTRB   |   in|   64|          axis|             s_axis_V_strb_V|       pointer|
|m_axis_TDATA   |  out|  512|          axis|             m_axis_V_data_V|       pointer|
|m_axis_TVALID  |  out|    1|          axis|             m_axis_V_last_V|       pointer|
|m_axis_TREADY  |   in|    1|          axis|             m_axis_V_last_V|       pointer|
|m_axis_TLAST   |  out|    1|          axis|             m_axis_V_last_V|       pointer|
|m_axis_TKEEP   |  out|   64|          axis|             m_axis_V_keep_V|       pointer|
|m_axis_TSTRB   |  out|   64|          axis|             m_axis_V_strb_V|       pointer|
+---------------+-----+-----+--------------+----------------------------+--------------+

