

================================================================
== Vitis HLS Report for 'echo_server_application'
================================================================
* Date:           Tue Jul 19 22:46:45 2022

* Version:        2020.2 (Build 3064766 on Wed Nov 18 09:12:47 MST 2020)
* Project:        echo_server_application_prj
* Solution:       solution1 (Vivado IP Flow Target)
* Product family: virtexuplus
* Target device:  xcvu3p-ffvc1517-2-i


================================================================
== Performance Estimates
================================================================
+ Timing: 
    * Summary: 
    +--------+---------+----------+------------+
    |  Clock |  Target | Estimated| Uncertainty|
    +--------+---------+----------+------------+
    |ap_clk  |  6.40 ns|  1.860 ns|     1.73 ns|
    +--------+---------+----------+------------+

+ Latency: 
    * Summary: 
    +---------+---------+-----------+-----------+-----+-----+----------+
    |  Latency (cycles) |   Latency (absolute)  |  Interval | Pipeline |
    |   min   |   max   |    min    |    max    | min | max |   Type   |
    +---------+---------+-----------+-----------+-----+-----+----------+
    |        2|        2|  12.800 ns|  12.800 ns|    2|    2|  dataflow|
    +---------+---------+-----------+-----------+-----+-----+----------+

    + Detail: 
        * Instance: 
        +-------------------------+----------------------+---------+---------+-----------+-----------+-----+-----+---------+
        |                         |                      |  Latency (cycles) |   Latency (absolute)  |  Interval | Pipeline|
        |         Instance        |        Module        |   min   |   max   |    min    |    max    | min | max |   Type  |
        +-------------------------+----------------------+---------+---------+-----------+-----------+-----+-----+---------+
        |client_U0                |client                |        2|        2|  12.800 ns|  12.800 ns|    2|    2|      yes|
        |server_U0                |server                |        1|        1|   6.400 ns|   6.400 ns|    1|    1|      yes|
        |notification_handler_U0  |notification_handler  |        2|        2|  12.800 ns|  12.800 ns|    1|    1|      yes|
        |dummy_U0                 |dummy                 |        2|        2|  12.800 ns|  12.800 ns|    1|    1|      yes|
        |open_port_U0             |open_port             |        2|        2|  12.800 ns|  12.800 ns|    1|    1|      yes|
        +-------------------------+----------------------+---------+---------+-----------+-----------+-----+-----+---------+

        * Loop: 
        N/A



================================================================
== Utilization Estimates
================================================================
* Summary: 
+-----------------+---------+------+--------+--------+-----+
|       Name      | BRAM_18K|  DSP |   FF   |   LUT  | URAM|
+-----------------+---------+------+--------+--------+-----+
|DSP              |        -|     -|       -|       -|    -|
|Expression       |        -|     -|       -|       -|    -|
|FIFO             |       29|     -|    2102|    1170|    -|
|Instance         |        -|     -|    1149|     403|    -|
|Memory           |        -|     -|       -|       -|    -|
|Multiplexer      |        -|     -|       -|       -|    -|
|Register         |        -|     -|       -|       -|    -|
+-----------------+---------+------+--------+--------+-----+
|Total            |       29|     0|    3251|    1573|    0|
+-----------------+---------+------+--------+--------+-----+
|Available        |     1440|  2280|  788160|  394080|  320|
+-----------------+---------+------+--------+--------+-----+
|Utilization (%)  |        2|     0|      ~0|      ~0|    0|
+-----------------+---------+------+--------+--------+-----+

+ Detail: 
    * Instance: 
    +-------------------------+----------------------+---------+----+------+-----+-----+
    |         Instance        |        Module        | BRAM_18K| DSP|  FF  | LUT | URAM|
    +-------------------------+----------------------+---------+----+------+-----+-----+
    |client_U0                |client                |        0|   0|    12|  120|    0|
    |dummy_U0                 |dummy                 |        0|   0|    24|   78|    0|
    |notification_handler_U0  |notification_handler  |        0|   0|    56|   71|    0|
    |open_port_U0             |open_port             |        0|   0|    10|   65|    0|
    |server_U0                |server                |        0|   0|  1047|   69|    0|
    +-------------------------+----------------------+---------+----+------+-----+-----+
    |Total                    |                      |        0|   0|  1149|  403|    0|
    +-------------------------+----------------------+---------+----+------+-----+-----+

    * DSP: 
    N/A

    * Memory: 
    N/A

    * FIFO: 
    +---------------------+---------+------+----+-----+------+------+---------+
    |         Name        | BRAM_18K|  FF  | LUT| URAM| Depth| Bits | Size:D*B|
    +---------------------+---------+------+----+-----+------+------+---------+
    |esa_dataFifo_U       |       29|  2084|   0|    -|  2048|  1024|  2097152|
    |esa_lengthFifo_U     |        0|     9|   0|    -|    64|    16|     1024|
    |esa_sessionidFifo_U  |        0|     9|   0|    -|    64|    16|     1024|
    +---------------------+---------+------+----+-----+------+------+---------+
    |Total                |       29|  2102|   0|    0|  2176|  1056|  2099200|
    +---------------------+---------+------+----+-----+------+------+---------+

    * Expression: 
    N/A

    * Multiplexer: 
    N/A

    * Register: 
    N/A



================================================================
== Interface
================================================================
* Summary: 
+------------------------------------+-----+------+--------------+-----------------------------+--------------+
|              RTL Ports             | Dir | Bits |   Protocol   |        Source Object        |    C Type    |
+------------------------------------+-----+------+--------------+-----------------------------+--------------+
|m_axis_listen_port_V_TDATA          |  out|    16|          axis|         m_axis_listen_port_V|       pointer|
|m_axis_listen_port_V_TVALID         |  out|     1|          axis|         m_axis_listen_port_V|       pointer|
|m_axis_listen_port_V_TREADY         |   in|     1|          axis|         m_axis_listen_port_V|       pointer|
|s_axis_listen_port_status_V_TDATA   |   in|     8|          axis|  s_axis_listen_port_status_V|       pointer|
|s_axis_listen_port_status_V_TVALID  |   in|     1|          axis|  s_axis_listen_port_status_V|       pointer|
|s_axis_listen_port_status_V_TREADY  |  out|     1|          axis|  s_axis_listen_port_status_V|       pointer|
|s_axis_notifications_V_TDATA        |   in|    96|          axis|       s_axis_notifications_V|       pointer|
|s_axis_notifications_V_TVALID       |   in|     1|          axis|       s_axis_notifications_V|       pointer|
|s_axis_notifications_V_TREADY       |  out|     1|          axis|       s_axis_notifications_V|       pointer|
|m_axis_read_package_V_TDATA         |  out|    32|          axis|        m_axis_read_package_V|       pointer|
|m_axis_read_package_V_TVALID        |  out|     1|          axis|        m_axis_read_package_V|       pointer|
|m_axis_read_package_V_TREADY        |   in|     1|          axis|        m_axis_read_package_V|       pointer|
|s_axis_rx_metadata_V_TDATA          |   in|    16|          axis|         s_axis_rx_metadata_V|       pointer|
|s_axis_rx_metadata_V_TVALID         |   in|     1|          axis|         s_axis_rx_metadata_V|       pointer|
|s_axis_rx_metadata_V_TREADY         |  out|     1|          axis|         s_axis_rx_metadata_V|       pointer|
|s_axis_rx_data_V_TDATA              |   in|  1024|          axis|             s_axis_rx_data_V|       pointer|
|s_axis_rx_data_V_TVALID             |   in|     1|          axis|             s_axis_rx_data_V|       pointer|
|s_axis_rx_data_V_TREADY             |  out|     1|          axis|             s_axis_rx_data_V|       pointer|
|m_axis_open_connection_V_TDATA      |  out|    64|          axis|     m_axis_open_connection_V|       pointer|
|m_axis_open_connection_V_TVALID     |  out|     1|          axis|     m_axis_open_connection_V|       pointer|
|m_axis_open_connection_V_TREADY     |   in|     1|          axis|     m_axis_open_connection_V|       pointer|
|s_axis_open_status_V_TDATA          |   in|    96|          axis|         s_axis_open_status_V|       pointer|
|s_axis_open_status_V_TVALID         |   in|     1|          axis|         s_axis_open_status_V|       pointer|
|s_axis_open_status_V_TREADY         |  out|     1|          axis|         s_axis_open_status_V|       pointer|
|m_axis_close_connection_V_TDATA     |  out|    16|          axis|    m_axis_close_connection_V|       pointer|
|m_axis_close_connection_V_TVALID    |  out|     1|          axis|    m_axis_close_connection_V|       pointer|
|m_axis_close_connection_V_TREADY    |   in|     1|          axis|    m_axis_close_connection_V|       pointer|
|m_axis_tx_metadata_V_TDATA          |  out|    32|          axis|         m_axis_tx_metadata_V|       pointer|
|m_axis_tx_metadata_V_TVALID         |  out|     1|          axis|         m_axis_tx_metadata_V|       pointer|
|m_axis_tx_metadata_V_TREADY         |   in|     1|          axis|         m_axis_tx_metadata_V|       pointer|
|m_axis_tx_data_V_TDATA              |  out|  1024|          axis|             m_axis_tx_data_V|       pointer|
|m_axis_tx_data_V_TVALID             |  out|     1|          axis|             m_axis_tx_data_V|       pointer|
|m_axis_tx_data_V_TREADY             |   in|     1|          axis|             m_axis_tx_data_V|       pointer|
|s_axis_tx_status_V_TDATA            |   in|    96|          axis|           s_axis_tx_status_V|       pointer|
|s_axis_tx_status_V_TVALID           |   in|     1|          axis|           s_axis_tx_status_V|       pointer|
|s_axis_tx_status_V_TREADY           |  out|     1|          axis|           s_axis_tx_status_V|       pointer|
|ap_clk                              |   in|     1|  ap_ctrl_none|      echo_server_application|  return value|
|ap_rst_n                            |   in|     1|  ap_ctrl_none|      echo_server_application|  return value|
+------------------------------------+-----+------+--------------+-----------------------------+--------------+

