

================================================================
== Synthesis Summary Report of 'ip_handler_top'
================================================================
+ General Information: 
    * Date:           Tue Jul 19 06:01:39 2022
    * Version:        2020.2 (Build 3064766 on Wed Nov 18 09:12:47 MST 2020)
    * Project:        ip_handler_prj
    * Solution:       solution1 (Vivado IP Flow Target)
    * Product family: virtexuplus
    * Target device:  xcvu3p-ffvc1517-2-i
    

+ Performance & Resource Estimates: 
    
    PS: '+' for module; 'o' for loop; '*' for dataflow
    +-----------------------------------------------------------------+--------+-------+---------+--------+----------+---------+------+----------+---------+----+------------+------------+-----+
    |                             Modules                             |  Issue |       | Latency | Latency| Iteration|         | Trip |          |         |    |            |            |     |
    |                             & Loops                             |  Type  | Slack | (cycles)|  (ns)  |  Latency | Interval| Count| Pipelined|  BRAM   | DSP|     FF     |     LUT    | URAM|
    +-----------------------------------------------------------------+--------+-------+---------+--------+----------+---------+------+----------+---------+----+------------+------------+-----+
    |+ ip_handler_top*                                                |  Timing|   0.82|       28|  89.600|         -|        1|     -|  dataflow|  29 (2%)|   -|  61990 (7%)|  31117 (7%)|    -|
    | + grp_ip_handler_compute_ipv4_checksum_fu_386                   |  Timing|   0.44|        2|   6.400|         -|        1|     -|       yes|        -|   -|  2069 (~0%)|   3969 (1%)|    -|
    | + grp_ip_handler_check_ipv4_checksum_32_s_fu_458                |       -|  -0.04|        5|  16.000|         -|        1|     -|       yes|        -|   -|  1117 (~0%)|  2458 (~0%)|    -|
    | + grp_extract_ip_meta_512_s_fu_466                              |       -|  -0.19|        2|   6.400|         -|        1|     -|       yes|        -|   -|  2589 (~0%)|  1686 (~0%)|    -|
    | + grp_cut_length_fu_487                                         |       -|  -0.42|        1|   3.200|         -|        1|     -|       yes|        -|   -|  2054 (~0%)|   356 (~0%)|    -|
    | + grp_detect_eth_protocol_512_s_fu_497                          |       -|  -0.53|        2|   6.400|         -|        1|     -|       yes|        -|   -|  1388 (~0%)|  1216 (~0%)|    -|
    | + grp_route_by_eth_protocol_512_s_fu_515                        |       -|  -0.51|        1|   3.200|         -|        1|     -|       yes|        -|   -|  1080 (~0%)|    86 (~0%)|    -|
    | + grp_detect_ipv6_protocol_512_s_fu_533                         |       -|  -0.66|        1|   3.200|         -|        1|     -|       yes|        -|   -|  1054 (~0%)|    60 (~0%)|    -|
    | + grp_detect_ipv4_protocol_512_s_fu_547                         |       -|  -0.66|        1|   3.200|         -|        1|     -|       yes|        -|   -|  1046 (~0%)|    93 (~0%)|    -|
    | + grp_ip_invalid_dropper_512_s_fu_567                           |       -|  -0.50|        1|   3.200|         -|        1|     -|       yes|        -|   -|  1035 (~0%)|   112 (~0%)|    -|
    | + grp_ip_handler_duplicate_stream_net_axis_512_s_fu_583         |       -|  -1.17|        1|   3.200|         -|        1|     -|       yes|        -|   -|  1028 (~0%)|    46 (~0%)|    -|
    | + grp_ip_handler_rshiftWordByOctet_net_axis_512_512_1_s_fu_593  |  Timing|   0.82|        1|   3.200|         -|        1|     -|       yes|        -|   -|  1287 (~0%)|   131 (~0%)|    -|
    | + grp_ip_handler_rshiftWordByOctet_net_axis_512_512_3_s_fu_609  |  Timing|   0.82|        1|   3.200|         -|        1|     -|       yes|        -|   -|  1287 (~0%)|   131 (~0%)|    -|
    | + grp_convert_net_axis_to_axis_512_13_fu_625                    |       -|  -1.17|        2|   6.400|         -|        1|     -|       yes|        -|   -|   583 (~0%)|    43 (~0%)|    -|
    | + grp_convert_axis_to_net_axis_512_s_fu_639                     |       -|  -1.17|        1|   3.200|         -|        1|     -|       yes|        -|   -|   581 (~0%)|    37 (~0%)|    -|
    | + grp_convert_net_axis_to_axis_512_16_fu_653                    |       -|  -1.17|        2|   6.400|         -|        1|     -|       yes|        -|   -|   583 (~0%)|    43 (~0%)|    -|
    | + grp_convert_net_axis_to_axis_512_18_fu_667                    |       -|  -1.17|        2|   6.400|         -|        1|     -|       yes|        -|   -|   583 (~0%)|    43 (~0%)|    -|
    | + grp_convert_net_axis_to_axis_512_14_fu_681                    |       -|  -1.17|        2|   6.400|         -|        1|     -|       yes|        -|   -|   583 (~0%)|    43 (~0%)|    -|
    | + grp_convert_net_axis_to_axis_512_15_fu_695                    |       -|  -1.17|        2|   6.400|         -|        1|     -|       yes|        -|   -|   583 (~0%)|    43 (~0%)|    -|
    | + grp_convert_net_axis_to_axis_512_17_fu_709                    |       -|  -1.17|        2|   6.400|         -|        1|     -|       yes|        -|   -|   583 (~0%)|    43 (~0%)|    -|
    | + grp_convert_net_axis_to_axis_512_s_fu_723                     |       -|  -1.17|        2|   6.400|         -|        1|     -|       yes|        -|   -|   583 (~0%)|    43 (~0%)|    -|
    | + call_ln475_ip_handler_top_entry3_fu_737                       |       -|  -1.17|        0|   0.000|         -|        0|     -|        no|        -|   -|     2 (~0%)|    20 (~0%)|    -|
    | + call_ln475_ip_handler_top_entry19_fu_744                      |       -|  -0.00|        0|   0.000|         -|        0|     -|        no|        -|   -|     2 (~0%)|    29 (~0%)|    -|
    +-----------------------------------------------------------------+--------+-------+---------+--------+----------+---------+------+----------+---------+----+------------+------------+-----+

