

================================================================
== Vitis HLS Report for 'cut_length'
================================================================
* Date:           Tue Jul 19 06:01:34 2022

* Version:        2020.2 (Build 3064766 on Wed Nov 18 09:12:47 MST 2020)
* Project:        ip_handler_prj
* Solution:       solution1 (Vivado IP Flow Target)
* Product family: virtexuplus
* Target device:  xcvu3p-ffvc1517-2-i


================================================================
== Performance Estimates
================================================================
+ Timing: 
    * Summary: 
    +--------+---------+----------+------------+
    |  Clock |  Target | Estimated| Uncertainty|
    +--------+---------+----------+------------+
    |ap_clk  |  3.20 ns|  1.919 ns|     0.86 ns|
    +--------+---------+----------+------------+

+ Latency: 
    * Summary: 
    +---------+---------+----------+----------+-----+-----+---------+
    |  Latency (cycles) |  Latency (absolute) |  Interval | Pipeline|
    |   min   |   max   |    min   |    max   | min | max |   Type  |
    +---------+---------+----------+----------+-----+-----+---------+
    |        1|        1|  3.200 ns|  3.200 ns|    1|    1|      yes|
    +---------+---------+----------+----------+-----+-----+---------+

    + Detail: 
        * Instance: 
        N/A

        * Loop: 
        N/A



================================================================
== Utilization Estimates
================================================================
* Summary: 
+-----------------+---------+------+--------+--------+-----+
|       Name      | BRAM_18K|  DSP |   FF   |   LUT  | URAM|
+-----------------+---------+------+--------+--------+-----+
|DSP              |        -|     -|       -|       -|    -|
|Expression       |        -|     -|       0|      28|    -|
|FIFO             |        -|     -|       -|       -|    -|
|Instance         |        -|     -|       0|     273|    -|
|Memory           |        -|     -|       -|       -|    -|
|Multiplexer      |        -|     -|       -|      55|    -|
|Register         |        -|     -|    2054|       -|    -|
+-----------------+---------+------+--------+--------+-----+
|Total            |        0|     0|    2054|     356|    0|
+-----------------+---------+------+--------+--------+-----+
|Available        |     1440|  2280|  788160|  394080|  320|
+-----------------+---------+------+--------+--------+-----+
|Utilization (%)  |        0|     0|      ~0|      ~0|    0|
+-----------------+---------+------+--------+--------+-----+

+ Detail: 
    * Instance: 
    +---------------------+----------------+---------+----+---+-----+-----+
    |       Instance      |     Module     | BRAM_18K| DSP| FF| LUT | URAM|
    +---------------------+----------------+---------+----+---+-----+-----+
    |mux_646_64_1_1_U104  |mux_646_64_1_1  |        0|   0|  0|  273|    0|
    +---------------------+----------------+---------+----+---+-----+-----+
    |Total                |                |        0|   0|  0|  273|    0|
    +---------------------+----------------+---------+----+---+-----+-----+

    * DSP: 
    N/A

    * Memory: 
    N/A

    * FIFO: 
    N/A

    * Expression: 
    +----------------------------------+----------+----+---+----+------------+------------+
    |           Variable Name          | Operation| DSP| FF| LUT| Bitwidth P0| Bitwidth P1|
    +----------------------------------+----------+----+---+----+------------+------------+
    |ap_condition_117                  |       and|   0|  0|   2|           1|           1|
    |ap_condition_134                  |       and|   0|  0|   2|           1|           1|
    |ap_condition_146                  |       and|   0|  0|   2|           1|           1|
    |ap_condition_344                  |       and|   0|  0|   2|           1|           1|
    |ap_condition_86                   |       and|   0|  0|   2|           1|           1|
    |ap_predicate_op16_read_state1     |       and|   0|  0|   2|           1|           1|
    |ap_predicate_op28_read_state1     |       and|   0|  0|   2|           1|           1|
    |ap_predicate_op35_write_state2    |       and|   0|  0|   2|           1|           1|
    |ap_predicate_op37_write_state2    |       and|   0|  0|   2|           1|           1|
    |tmp_i_nbreadreq_fu_180_p3         |       and|   0|  0|   2|           1|           0|
    |ap_block_pp0_stage0_01001         |        or|   0|  0|   2|           1|           1|
    |ap_block_state1_pp0_stage0_iter0  |        or|   0|  0|   2|           1|           1|
    |ap_block_state2_pp0_stage0_iter1  |        or|   0|  0|   2|           1|           1|
    |ap_enable_pp0                     |       xor|   0|  0|   2|           1|           2|
    +----------------------------------+----------+----+---+----+------------+------------+
    |Total                             |          |   0|  0|  28|          14|          14|
    +----------------------------------+----------+----+---+----+------------+------------+

    * Multiplexer: 
    +----------------------------------------------+----+-----------+------+-----------+
    |                     Name                     | LUT| Input Size| Bits | Total Bits|
    +----------------------------------------------+----+-----------+------+-----------+
    |ap_done                                       |   9|          2|     1|          2|
    |ap_phi_reg_pp0_iter1_currWord_keep_V_reg_201  |  14|          3|    64|        192|
    |ipDataCutFifo_blk_n                           |   9|          2|     1|          2|
    |ipDataCutFifo_din                             |  14|          3|  1024|       3072|
    |ipDataDropFifo_blk_n                          |   9|          2|     1|          2|
    +----------------------------------------------+----+-----------+------+-----------+
    |Total                                         |  55|         12|  1091|       3270|
    +----------------------------------------------+----+-----------+------+-----------+

    * Register: 
    +----------------------------------------------+------+----+------+-----------+
    |                     Name                     |  FF  | LUT| Bits | Const Bits|
    +----------------------------------------------+------+----+------+-----------+
    |ap_CS_fsm                                     |     1|   0|     1|          0|
    |ap_done_reg                                   |     1|   0|     1|          0|
    |ap_enable_reg_pp0_iter1                       |     1|   0|     1|          0|
    |ap_phi_reg_pp0_iter1_currWord_keep_V_reg_201  |    64|   0|    64|          0|
    |cl_state                                      |     1|   0|     1|          0|
    |cl_state_load_reg_411                         |     1|   0|     1|          0|
    |ipDataDropFifo_read_reg_442                   |  1024|   0|  1024|          0|
    |tmp_i_reg_415                                 |     1|   0|     1|          0|
    |tmp_reg_437                                   |   448|   0|   448|          0|
    |trunc_ln145_reg_419                           |   512|   0|   512|          0|
    +----------------------------------------------+------+----+------+-----------+
    |Total                                         |  2054|   0|  2054|          0|
    +----------------------------------------------+------+----+------+-----------+



================================================================
== Interface
================================================================
* Summary: 
+------------------------+-----+------+------------+----------------+--------------+
|        RTL Ports       | Dir | Bits |  Protocol  |  Source Object |    C Type    |
+------------------------+-----+------+------------+----------------+--------------+
|ap_clk                  |   in|     1|  ap_ctrl_hs|      cut_length|  return value|
|ap_rst                  |   in|     1|  ap_ctrl_hs|      cut_length|  return value|
|ap_start                |   in|     1|  ap_ctrl_hs|      cut_length|  return value|
|ap_done                 |  out|     1|  ap_ctrl_hs|      cut_length|  return value|
|ap_continue             |   in|     1|  ap_ctrl_hs|      cut_length|  return value|
|ap_idle                 |  out|     1|  ap_ctrl_hs|      cut_length|  return value|
|ap_ready                |  out|     1|  ap_ctrl_hs|      cut_length|  return value|
|ipDataDropFifo_dout     |   in|  1024|     ap_fifo|  ipDataDropFifo|       pointer|
|ipDataDropFifo_empty_n  |   in|     1|     ap_fifo|  ipDataDropFifo|       pointer|
|ipDataDropFifo_read     |  out|     1|     ap_fifo|  ipDataDropFifo|       pointer|
|ipDataCutFifo_din       |  out|  1024|     ap_fifo|   ipDataCutFifo|       pointer|
|ipDataCutFifo_full_n    |   in|     1|     ap_fifo|   ipDataCutFifo|       pointer|
|ipDataCutFifo_write     |  out|     1|     ap_fifo|   ipDataCutFifo|       pointer|
+------------------------+-----+------+------------+----------------+--------------+

