

================================================================
== Vitis HLS Report for 'dhcp_client_entry7'
================================================================
* Date:           Tue Jul 19 05:58:05 2022

* Version:        2020.2 (Build 3064766 on Wed Nov 18 09:12:47 MST 2020)
* Project:        dhcp_client_prj
* Solution:       solution1 (Vivado IP Flow Target)
* Product family: virtexuplus
* Target device:  xcvu3p-ffvc1517-2-i


================================================================
== Performance Estimates
================================================================
+ Timing: 
    * Summary: 
    +--------+---------+----------+------------+
    |  Clock |  Target | Estimated| Uncertainty|
    +--------+---------+----------+------------+
    |ap_clk  |  3.20 ns|  2.336 ns|     0.86 ns|
    +--------+---------+----------+------------+

+ Latency: 
    * Summary: 
    +---------+---------+----------+----------+-----+-----+---------+
    |  Latency (cycles) |  Latency (absolute) |  Interval | Pipeline|
    |   min   |   max   |    min   |    max   | min | max |   Type  |
    +---------+---------+----------+----------+-----+-----+---------+
    |        0|        0|      0 ns|      0 ns|    0|    0|     none|
    +---------+---------+----------+----------+-----+-----+---------+

    + Detail: 
        * Instance: 
        N/A

        * Loop: 
        N/A



================================================================
== Utilization Estimates
================================================================
* Summary: 
+-----------------+---------+------+--------+--------+-----+
|       Name      | BRAM_18K|  DSP |   FF   |   LUT  | URAM|
+-----------------+---------+------+--------+--------+-----+
|DSP              |        -|     -|       -|       -|    -|
|Expression       |        -|     -|       0|       2|    -|
|FIFO             |        -|     -|       -|       -|    -|
|Instance         |        -|     -|       -|       -|    -|
|Memory           |        -|     -|       -|       -|    -|
|Multiplexer      |        -|     -|       -|      72|    -|
|Register         |        -|     -|       2|       -|    -|
+-----------------+---------+------+--------+--------+-----+
|Total            |        0|     0|       2|      74|    0|
+-----------------+---------+------+--------+--------+-----+
|Available        |     1440|  2280|  788160|  394080|  320|
+-----------------+---------+------+--------+--------+-----+
|Utilization (%)  |        0|     0|      ~0|      ~0|    0|
+-----------------+---------+------+--------+--------+-----+

+ Detail: 
    * Instance: 
    N/A

    * DSP: 
    N/A

    * Memory: 
    N/A

    * FIFO: 
    N/A

    * Expression: 
    +-----------------+----------+----+---+----+------------+------------+
    |  Variable Name  | Operation| DSP| FF| LUT| Bitwidth P0| Bitwidth P1|
    +-----------------+----------+----+---+----+------------+------------+
    |ap_block_state1  |        or|   0|  0|   2|           1|           1|
    +-----------------+----------+----+---+----+------------+------------+
    |Total            |          |   0|  0|   2|           1|           1|
    +-----------------+----------+----+---+----+------------+------------+

    * Multiplexer: 
    +--------------------------+----+-----------+-----+-----------+
    |           Name           | LUT| Input Size| Bits| Total Bits|
    +--------------------------+----+-----------+-----+-----------+
    |ap_done                   |   9|          2|    1|          2|
    |dhcpEnable_blk_n          |   9|          2|    1|          2|
    |dhcpEnable_out_blk_n      |   9|          2|    1|          2|
    |inputIpAddress_blk_n      |   9|          2|    1|          2|
    |inputIpAddress_out_blk_n  |   9|          2|    1|          2|
    |myMacAddress_blk_n        |   9|          2|    1|          2|
    |myMacAddress_out1_blk_n   |   9|          2|    1|          2|
    |myMacAddress_out_blk_n    |   9|          2|    1|          2|
    +--------------------------+----+-----------+-----+-----------+
    |Total                     |  72|         16|    8|         16|
    +--------------------------+----+-----------+-----+-----------+

    * Register: 
    +-------------+---+----+-----+-----------+
    |     Name    | FF| LUT| Bits| Const Bits|
    +-------------+---+----+-----+-----------+
    |ap_CS_fsm    |  1|   0|    1|          0|
    |ap_done_reg  |  1|   0|    1|          0|
    +-------------+---+----+-----+-----------+
    |Total        |  2|   0|    2|          0|
    +-------------+---+----+-----+-----------+



================================================================
== Interface
================================================================
* Summary: 
+---------------------------+-----+-----+------------+--------------------+--------------+
|         RTL Ports         | Dir | Bits|  Protocol  |    Source Object   |    C Type    |
+---------------------------+-----+-----+------------+--------------------+--------------+
|ap_clk                     |   in|    1|  ap_ctrl_hs|  dhcp_client.entry7|  return value|
|ap_rst                     |   in|    1|  ap_ctrl_hs|  dhcp_client.entry7|  return value|
|ap_start                   |   in|    1|  ap_ctrl_hs|  dhcp_client.entry7|  return value|
|ap_done                    |  out|    1|  ap_ctrl_hs|  dhcp_client.entry7|  return value|
|ap_continue                |   in|    1|  ap_ctrl_hs|  dhcp_client.entry7|  return value|
|ap_idle                    |  out|    1|  ap_ctrl_hs|  dhcp_client.entry7|  return value|
|ap_ready                   |  out|    1|  ap_ctrl_hs|  dhcp_client.entry7|  return value|
|dhcpEnable_dout            |   in|    1|     ap_fifo|          dhcpEnable|       pointer|
|dhcpEnable_empty_n         |   in|    1|     ap_fifo|          dhcpEnable|       pointer|
|dhcpEnable_read            |  out|    1|     ap_fifo|          dhcpEnable|       pointer|
|inputIpAddress_dout        |   in|   32|     ap_fifo|      inputIpAddress|       pointer|
|inputIpAddress_empty_n     |   in|    1|     ap_fifo|      inputIpAddress|       pointer|
|inputIpAddress_read        |  out|    1|     ap_fifo|      inputIpAddress|       pointer|
|myMacAddress_dout          |   in|   48|     ap_fifo|        myMacAddress|       pointer|
|myMacAddress_empty_n       |   in|    1|     ap_fifo|        myMacAddress|       pointer|
|myMacAddress_read          |  out|    1|     ap_fifo|        myMacAddress|       pointer|
|dhcpEnable_out_din         |  out|    1|     ap_fifo|      dhcpEnable_out|       pointer|
|dhcpEnable_out_full_n      |   in|    1|     ap_fifo|      dhcpEnable_out|       pointer|
|dhcpEnable_out_write       |  out|    1|     ap_fifo|      dhcpEnable_out|       pointer|
|inputIpAddress_out_din     |  out|   32|     ap_fifo|  inputIpAddress_out|       pointer|
|inputIpAddress_out_full_n  |   in|    1|     ap_fifo|  inputIpAddress_out|       pointer|
|inputIpAddress_out_write   |  out|    1|     ap_fifo|  inputIpAddress_out|       pointer|
|myMacAddress_out_din       |  out|   48|     ap_fifo|    myMacAddress_out|       pointer|
|myMacAddress_out_full_n    |   in|    1|     ap_fifo|    myMacAddress_out|       pointer|
|myMacAddress_out_write     |  out|    1|     ap_fifo|    myMacAddress_out|       pointer|
|myMacAddress_out1_din      |  out|   48|     ap_fifo|   myMacAddress_out1|       pointer|
|myMacAddress_out1_full_n   |   in|    1|     ap_fifo|   myMacAddress_out1|       pointer|
|myMacAddress_out1_write    |  out|    1|     ap_fifo|   myMacAddress_out1|       pointer|
+---------------------------+-----+-----+------------+--------------------+--------------+

