

================================================================
== Vitis HLS Report for 'dhcp_fsm'
================================================================
* Date:           Tue Jul 19 05:58:06 2022

* Version:        2020.2 (Build 3064766 on Wed Nov 18 09:12:47 MST 2020)
* Project:        dhcp_client_prj
* Solution:       solution1 (Vivado IP Flow Target)
* Product family: virtexuplus
* Target device:  xcvu3p-ffvc1517-2-i


================================================================
== Performance Estimates
================================================================
+ Timing: 
    * Summary: 
    +--------+---------+----------+------------+
    |  Clock |  Target | Estimated| Uncertainty|
    +--------+---------+----------+------------+
    |ap_clk  |  3.20 ns|  3.294 ns|     0.86 ns|
    +--------+---------+----------+------------+

+ Latency: 
    * Summary: 
    +---------+---------+----------+----------+-----+-----+---------+
    |  Latency (cycles) |  Latency (absolute) |  Interval | Pipeline|
    |   min   |   max   |    min   |    max   | min | max |   Type  |
    +---------+---------+----------+----------+-----+-----+---------+
    |        1|        1|  3.294 ns|  3.294 ns|    1|    1|      yes|
    +---------+---------+----------+----------+-----+-----+---------+

    + Detail: 
        * Instance: 
        N/A

        * Loop: 
        N/A



================================================================
== Utilization Estimates
================================================================
* Summary: 
+-----------------+---------+------+--------+--------+-----+
|       Name      | BRAM_18K|  DSP |   FF   |   LUT  | URAM|
+-----------------+---------+------+--------+--------+-----+
|DSP              |        -|     -|       -|       -|    -|
|Expression       |        -|     -|       0|     366|    -|
|FIFO             |        -|     -|       -|       -|    -|
|Instance         |        -|     -|       -|       -|    -|
|Memory           |        -|     -|       -|       -|    -|
|Multiplexer      |        -|     -|       -|     129|    -|
|Register         |        -|     -|     337|       -|    -|
+-----------------+---------+------+--------+--------+-----+
|Total            |        0|     0|     337|     495|    0|
+-----------------+---------+------+--------+--------+-----+
|Available        |     1440|  2280|  788160|  394080|  320|
+-----------------+---------+------+--------+--------+-----+
|Utilization (%)  |        0|     0|      ~0|      ~0|    0|
+-----------------+---------+------+--------+--------+-----+

+ Detail: 
    * Instance: 
    N/A

    * DSP: 
    N/A

    * Memory: 
    N/A

    * FIFO: 
    N/A

    * Expression: 
    +----------------------------------+----------+----+---+----+------------+------------+
    |           Variable Name          | Operation| DSP| FF| LUT| Bitwidth P0| Bitwidth P1|
    +----------------------------------+----------+----+---+----+------------+------------+
    |add_ln691_fu_360_p2               |         +|   0|  0|  39|          32|           1|
    |grp_fu_213_p2                     |         +|   0|  0|  39|          32|           2|
    |ap_condition_349                  |       and|   0|  0|   2|           1|           1|
    |ap_predicate_op109_write_state2   |       and|   0|  0|   2|           1|           1|
    |ap_predicate_op113_write_state2   |       and|   0|  0|   2|           1|           1|
    |ap_predicate_op12_read_state1     |       and|   0|  0|   2|           1|           1|
    |ap_predicate_op26_read_state1     |       and|   0|  0|   2|           1|           1|
    |ap_predicate_op46_read_state1     |       and|   0|  0|   2|           1|           1|
    |ap_predicate_op73_read_state1     |       and|   0|  0|   2|           1|           1|
    |grp_nbreadreq_fu_114_p3           |       and|   0|  0|   2|           1|           0|
    |tmp_i_i_nbreadreq_fu_128_p3       |       and|   0|  0|  34|           1|           0|
    |grp_fu_208_p2                     |      icmp|   0|  0|  20|          32|           1|
    |icmp_ln870_10_fu_323_p2           |      icmp|   0|  0|  11|           8|           2|
    |icmp_ln870_11_fu_291_p2           |      icmp|   0|  0|  11|           8|           3|
    |icmp_ln870_6_fu_317_p2            |      icmp|   0|  0|  20|          32|          32|
    |icmp_ln870_8_fu_285_p2            |      icmp|   0|  0|  20|          32|          32|
    |icmp_ln870_9_fu_203_p2            |      icmp|   0|  0|  20|          32|           1|
    |ap_block_pp0_stage0_01001         |        or|   0|  0|   2|           1|           1|
    |ap_block_state1_pp0_stage0_iter0  |        or|   0|  0|   2|           1|           1|
    |ap_block_state2_pp0_stage0_iter1  |        or|   0|  0|   2|           1|           1|
    |or_ln174_fu_400_p2                |        or|   0|  0|  96|          96|          34|
    |ap_enable_pp0                     |       xor|   0|  0|   2|           1|           2|
    |xor_ln213_fu_347_p2               |       xor|   0|  0|  32|          32|          32|
    +----------------------------------+----------+----+---+----+------------+------------+
    |Total                             |          |   0|  0| 366|         349|         152|
    +----------------------------------+----------+----+---+----+------------+------------+

    * Multiplexer: 
    +---------------------------------------------------+----+-----------+-----+-----------+
    |                        Name                       | LUT| Input Size| Bits| Total Bits|
    +---------------------------------------------------+----+-----------+-----+-----------+
    |ap_done                                            |   9|          2|    1|          2|
    |ap_phi_mux_randomValue_V_loc_0_i_i_phi_fu_159_p36  |  14|          3|   32|         96|
    |dhcpEnable_blk_n                                   |   9|          2|    1|          2|
    |dhcpIpAddressOut                                   |   9|          2|   32|         64|
    |dhcp_replyMetaFifo_blk_n                           |   9|          2|    1|          2|
    |dhcp_requestMetaFifo_blk_n                         |   9|          2|    1|          2|
    |dhcp_requestMetaFifo_din                           |  14|          3|   96|        288|
    |inputIpAddress_blk_n                               |   9|          2|    1|          2|
    |myIpAddress_V                                      |   9|          2|   32|         64|
    |portOpen_blk_n                                     |   9|          2|    1|          2|
    |state                                              |  20|          4|    3|         12|
    |time_V                                             |   9|          2|   32|         64|
    +---------------------------------------------------+----+-----------+-----+-----------+
    |Total                                              | 129|         28|  233|        600|
    +---------------------------------------------------+----+-----------+-----+-----------+

    * Register: 
    +-----------------------------------+----+----+-----+-----------+
    |                Name               | FF | LUT| Bits| Const Bits|
    +-----------------------------------+----+----+-----+-----------+
    |IpAddressBuffer_V                  |  32|   0|   32|          0|
    |ap_CS_fsm                          |   1|   0|    1|          0|
    |ap_done_reg                        |   1|   0|    1|          0|
    |ap_enable_reg_pp0_iter1            |   1|   0|    1|          0|
    |dhcpEnable_read_reg_428            |   1|   0|    1|          0|
    |dhcpIpAddressOut_preg              |  32|   0|   32|          0|
    |icmp_ln870_10_reg_477              |   1|   0|    1|          0|
    |icmp_ln870_11_reg_456              |   1|   0|    1|          0|
    |icmp_ln870_6_reg_473               |   1|   0|    1|          0|
    |icmp_ln870_8_reg_452               |   1|   0|    1|          0|
    |icmp_ln870_reg_481                 |   1|   0|    1|          0|
    |inputIpAddress_read_reg_423        |  32|   0|   32|          0|
    |myIdentity_V                       |  32|   0|   32|          0|
    |myIdentity_V_load_reg_437          |  32|   0|   32|          0|
    |myIpAddress_V                      |  32|   0|   32|          0|
    |randomValue_V                      |  32|   0|   32|          0|
    |randomValue_V_load_reg_432         |  32|   0|   32|          0|
    |reply_assignedIpAddress_V_reg_467  |  32|   0|   32|          0|
    |state                              |   3|   0|    3|          0|
    |state_load_reg_419                 |   3|   0|    3|          0|
    |time_V                             |  32|   0|   32|          0|
    |tmp_1_i_i_reg_445                  |   1|   0|    1|          0|
    |tmp_i_i_24_reg_460                 |   1|   0|    1|          0|
    +-----------------------------------+----+----+-----+-----------+
    |Total                              | 337|   0|  337|          0|
    +-----------------------------------+----+----+-----+-----------+



================================================================
== Interface
================================================================
* Summary: 
+-----------------------------+-----+-----+------------+----------------------+--------------+
|          RTL Ports          | Dir | Bits|  Protocol  |     Source Object    |    C Type    |
+-----------------------------+-----+-----+------------+----------------------+--------------+
|ap_clk                       |   in|    1|  ap_ctrl_hs|              dhcp_fsm|  return value|
|ap_rst                       |   in|    1|  ap_ctrl_hs|              dhcp_fsm|  return value|
|ap_start                     |   in|    1|  ap_ctrl_hs|              dhcp_fsm|  return value|
|ap_done                      |  out|    1|  ap_ctrl_hs|              dhcp_fsm|  return value|
|ap_continue                  |   in|    1|  ap_ctrl_hs|              dhcp_fsm|  return value|
|ap_idle                      |  out|    1|  ap_ctrl_hs|              dhcp_fsm|  return value|
|ap_ready                     |  out|    1|  ap_ctrl_hs|              dhcp_fsm|  return value|
|inputIpAddress_dout          |   in|   32|     ap_fifo|        inputIpAddress|       pointer|
|inputIpAddress_empty_n       |   in|    1|     ap_fifo|        inputIpAddress|       pointer|
|inputIpAddress_read          |  out|    1|     ap_fifo|        inputIpAddress|       pointer|
|dhcpEnable_dout              |   in|    1|     ap_fifo|            dhcpEnable|       pointer|
|dhcpEnable_empty_n           |   in|    1|     ap_fifo|            dhcpEnable|       pointer|
|dhcpEnable_read              |  out|    1|     ap_fifo|            dhcpEnable|       pointer|
|dhcp_replyMetaFifo_dout      |   in|  128|     ap_fifo|    dhcp_replyMetaFifo|       pointer|
|dhcp_replyMetaFifo_empty_n   |   in|    1|     ap_fifo|    dhcp_replyMetaFifo|       pointer|
|dhcp_replyMetaFifo_read      |  out|    1|     ap_fifo|    dhcp_replyMetaFifo|       pointer|
|portOpen_dout                |   in|    1|     ap_fifo|              portOpen|       pointer|
|portOpen_empty_n             |   in|    1|     ap_fifo|              portOpen|       pointer|
|portOpen_read                |  out|    1|     ap_fifo|              portOpen|       pointer|
|dhcp_requestMetaFifo_din     |  out|   96|     ap_fifo|  dhcp_requestMetaFifo|       pointer|
|dhcp_requestMetaFifo_full_n  |   in|    1|     ap_fifo|  dhcp_requestMetaFifo|       pointer|
|dhcp_requestMetaFifo_write   |  out|    1|     ap_fifo|  dhcp_requestMetaFifo|       pointer|
|dhcpIpAddressOut             |  out|   32|      ap_vld|      dhcpIpAddressOut|       pointer|
|dhcpIpAddressOut_ap_vld      |  out|    1|      ap_vld|      dhcpIpAddressOut|       pointer|
+-----------------------------+-----+-----+------------+----------------------+--------------+

