

================================================================
== Vitis HLS Report for 'arp_server_subnet_top_entry7'
================================================================
* Date:           Wed Jul 20 00:54:08 2022

* Version:        2020.2 (Build 3064766 on Wed Nov 18 09:12:47 MST 2020)
* Project:        arp_server_subnet_prj
* Solution:       solution1 (Vivado IP Flow Target)
* Product family: virtexuplus
* Target device:  xcvu3p-ffvc1517-2-i


================================================================
== Performance Estimates
================================================================
+ Timing: 
    * Summary: 
    +--------+---------+----------+------------+
    |  Clock |  Target | Estimated| Uncertainty|
    +--------+---------+----------+------------+
    |ap_clk  |  6.40 ns|  2.863 ns|     1.73 ns|
    +--------+---------+----------+------------+

+ Latency: 
    * Summary: 
    +---------+---------+----------+----------+-----+-----+---------+
    |  Latency (cycles) |  Latency (absolute) |  Interval | Pipeline|
    |   min   |   max   |    min   |    max   | min | max |   Type  |
    +---------+---------+----------+----------+-----+-----+---------+
    |        0|        0|      0 ns|      0 ns|    0|    0|     none|
    +---------+---------+----------+----------+-----+-----+---------+

    + Detail: 
        * Instance: 
        N/A

        * Loop: 
        N/A



================================================================
== Utilization Estimates
================================================================
* Summary: 
+-----------------+---------+------+--------+--------+-----+
|       Name      | BRAM_18K|  DSP |   FF   |   LUT  | URAM|
+-----------------+---------+------+--------+--------+-----+
|DSP              |        -|     -|       -|       -|    -|
|Expression       |        -|     -|       0|       2|    -|
|FIFO             |        -|     -|       -|       -|    -|
|Instance         |        -|     -|       -|       -|    -|
|Memory           |        -|     -|       -|       -|    -|
|Multiplexer      |        -|     -|       -|      45|    -|
|Register         |        -|     -|       2|       -|    -|
+-----------------+---------+------+--------+--------+-----+
|Total            |        0|     0|       2|      47|    0|
+-----------------+---------+------+--------+--------+-----+
|Available        |     1440|  2280|  788160|  394080|  320|
+-----------------+---------+------+--------+--------+-----+
|Utilization (%)  |        0|     0|      ~0|      ~0|    0|
+-----------------+---------+------+--------+--------+-----+

+ Detail: 
    * Instance: 
    N/A

    * DSP: 
    N/A

    * Memory: 
    N/A

    * FIFO: 
    N/A

    * Expression: 
    +-----------------+----------+----+---+----+------------+------------+
    |  Variable Name  | Operation| DSP| FF| LUT| Bitwidth P0| Bitwidth P1|
    +-----------------+----------+----+---+----+------------+------------+
    |ap_block_state1  |        or|   0|  0|   2|           1|           1|
    +-----------------+----------+----+---+----+------------+------------+
    |Total            |          |   0|  0|   2|           1|           1|
    +-----------------+----------+----+---+----+------------+------------+

    * Multiplexer: 
    +------------------------+----+-----------+-----+-----------+
    |          Name          | LUT| Input Size| Bits| Total Bits|
    +------------------------+----+-----------+-----+-----------+
    |ap_done                 |   9|          2|    1|          2|
    |myIpAddress_blk_n       |   9|          2|    1|          2|
    |myIpAddress_out_blk_n   |   9|          2|    1|          2|
    |myMacAddress_blk_n      |   9|          2|    1|          2|
    |myMacAddress_out_blk_n  |   9|          2|    1|          2|
    +------------------------+----+-----------+-----+-----------+
    |Total                   |  45|         10|    5|         10|
    +------------------------+----+-----------+-----+-----------+

    * Register: 
    +-------------+---+----+-----+-----------+
    |     Name    | FF| LUT| Bits| Const Bits|
    +-------------+---+----+-----+-----------+
    |ap_CS_fsm    |  1|   0|    1|          0|
    |ap_done_reg  |  1|   0|    1|          0|
    +-------------+---+----+-----+-----------+
    |Total        |  2|   0|    2|          0|
    +-------------+---+----+-----+-----------+



================================================================
== Interface
================================================================
* Summary: 
+-------------------------+-----+-----+------------+------------------------------+--------------+
|        RTL Ports        | Dir | Bits|  Protocol  |         Source Object        |    C Type    |
+-------------------------+-----+-----+------------+------------------------------+--------------+
|ap_clk                   |   in|    1|  ap_ctrl_hs|  arp_server_subnet_top.entry7|  return value|
|ap_rst                   |   in|    1|  ap_ctrl_hs|  arp_server_subnet_top.entry7|  return value|
|ap_start                 |   in|    1|  ap_ctrl_hs|  arp_server_subnet_top.entry7|  return value|
|ap_done                  |  out|    1|  ap_ctrl_hs|  arp_server_subnet_top.entry7|  return value|
|ap_continue              |   in|    1|  ap_ctrl_hs|  arp_server_subnet_top.entry7|  return value|
|ap_idle                  |  out|    1|  ap_ctrl_hs|  arp_server_subnet_top.entry7|  return value|
|ap_ready                 |  out|    1|  ap_ctrl_hs|  arp_server_subnet_top.entry7|  return value|
|myMacAddress_dout        |   in|   48|     ap_fifo|                  myMacAddress|       pointer|
|myMacAddress_empty_n     |   in|    1|     ap_fifo|                  myMacAddress|       pointer|
|myMacAddress_read        |  out|    1|     ap_fifo|                  myMacAddress|       pointer|
|myIpAddress_dout         |   in|   32|     ap_fifo|                   myIpAddress|       pointer|
|myIpAddress_empty_n      |   in|    1|     ap_fifo|                   myIpAddress|       pointer|
|myIpAddress_read         |  out|    1|     ap_fifo|                   myIpAddress|       pointer|
|myMacAddress_out_din     |  out|   48|     ap_fifo|              myMacAddress_out|       pointer|
|myMacAddress_out_full_n  |   in|    1|     ap_fifo|              myMacAddress_out|       pointer|
|myMacAddress_out_write   |  out|    1|     ap_fifo|              myMacAddress_out|       pointer|
|myIpAddress_out_din      |  out|   32|     ap_fifo|               myIpAddress_out|       pointer|
|myIpAddress_out_full_n   |   in|    1|     ap_fifo|               myIpAddress_out|       pointer|
|myIpAddress_out_write    |  out|    1|     ap_fifo|               myIpAddress_out|       pointer|
+-------------------------+-----+-----+------------+------------------------------+--------------+

