

================================================================
== Vitis HLS Report for 'generate_arp_pkg_64_s'
================================================================
* Date:           Wed Jul 20 00:54:09 2022

* Version:        2020.2 (Build 3064766 on Wed Nov 18 09:12:47 MST 2020)
* Project:        arp_server_subnet_prj
* Solution:       solution1 (Vivado IP Flow Target)
* Product family: virtexuplus
* Target device:  xcvu3p-ffvc1517-2-i


================================================================
== Performance Estimates
================================================================
+ Timing: 
    * Summary: 
    +--------+---------+----------+------------+
    |  Clock |  Target | Estimated| Uncertainty|
    +--------+---------+----------+------------+
    |ap_clk  |  6.40 ns|  5.126 ns|     1.73 ns|
    +--------+---------+----------+------------+

+ Latency: 
    * Summary: 
    +---------+---------+----------+----------+-----+-----+---------+
    |  Latency (cycles) |  Latency (absolute) |  Interval | Pipeline|
    |   min   |   max   |    min   |    max   | min | max |   Type  |
    +---------+---------+----------+----------+-----+-----+---------+
    |        1|        1|  6.400 ns|  6.400 ns|    1|    1|      yes|
    +---------+---------+----------+----------+-----+-----+---------+

    + Detail: 
        * Instance: 
        N/A

        * Loop: 
        N/A



================================================================
== Utilization Estimates
================================================================
* Summary: 
+-----------------+---------+------+--------+--------+-----+
|       Name      | BRAM_18K|  DSP |   FF   |   LUT  | URAM|
+-----------------+---------+------+--------+--------+-----+
|DSP              |        -|     -|       -|       -|    -|
|Expression       |        -|     -|       0|   13731|    -|
|FIFO             |        -|     -|       -|       -|    -|
|Instance         |        -|     -|       0|     273|    -|
|Memory           |        -|     -|       -|       -|    -|
|Multiplexer      |        -|     -|       -|     154|    -|
|Register         |        -|     -|     493|       -|    -|
+-----------------+---------+------+--------+--------+-----+
|Total            |        0|     0|     493|   14158|    0|
+-----------------+---------+------+--------+--------+-----+
|Available        |     1440|  2280|  788160|  394080|  320|
+-----------------+---------+------+--------+--------+-----+
|Utilization (%)  |        0|     0|      ~0|       3|    0|
+-----------------+---------+------+--------+--------+-----+

+ Detail: 
    * Instance: 
    +--------------------+----------------+---------+----+---+-----+-----+
    |      Instance      |     Module     | BRAM_18K| DSP| FF| LUT | URAM|
    +--------------------+----------------+---------+----+---+-----+-----+
    |mux_646_64_1_1_U34  |mux_646_64_1_1  |        0|   0|  0|  273|    0|
    +--------------------+----------------+---------+----+---+-----+-----+
    |Total               |                |        0|   0|  0|  273|    0|
    +--------------------+----------------+---------+----+---+-----+-----+

    * DSP: 
    N/A

    * Memory: 
    N/A

    * FIFO: 
    N/A

    * Expression: 
    +----------------------------------+----------+----+---+------+------------+------------+
    |           Variable Name          | Operation| DSP| FF|  LUT | Bitwidth P0| Bitwidth P1|
    +----------------------------------+----------+----+---+------+------------+------------+
    |add_ln76_1_fu_418_p2              |         +|   0|  0|    30|          23|           7|
    |add_ln76_fu_616_p2                |         +|   0|  0|    30|          23|           7|
    |grp_fu_368_p2                     |         +|   0|  0|    23|          16|           1|
    |sub_ln674_1_fu_716_p2             |         -|   0|  0|    16|           9|           9|
    |sub_ln674_2_fu_722_p2             |         -|   0|  0|    16|           9|           9|
    |sub_ln674_3_fu_752_p2             |         -|   0|  0|    16|           9|           9|
    |sub_ln674_4_fu_512_p2             |         -|   0|  0|    16|           9|           9|
    |sub_ln674_5_fu_518_p2             |         -|   0|  0|    16|           9|           9|
    |sub_ln674_6_fu_524_p2             |         -|   0|  0|    16|           9|           9|
    |sub_ln674_7_fu_554_p2             |         -|   0|  0|    16|           9|           9|
    |sub_ln674_fu_710_p2               |         -|   0|  0|    16|           9|           9|
    |sub_ln80_1_fu_818_p2              |         -|   0|  0|    18|           1|          11|
    |sub_ln80_2_fu_834_p2              |         -|   0|  0|    15|           1|           8|
    |sub_ln80_fu_800_p2                |         -|   0|  0|    30|           9|          23|
    |ap_condition_101                  |       and|   0|  0|     2|           1|           1|
    |ap_condition_144                  |       and|   0|  0|     2|           1|           1|
    |ap_condition_159                  |       and|   0|  0|     2|           1|           1|
    |ap_condition_177                  |       and|   0|  0|     2|           1|           1|
    |ap_condition_189                  |       and|   0|  0|     2|           1|           1|
    |ap_condition_207                  |       and|   0|  0|     2|           1|           1|
    |ap_condition_230                  |       and|   0|  0|     2|           1|           1|
    |ap_predicate_op139_read_state1    |       and|   0|  0|     2|           1|           1|
    |ap_predicate_op147_read_state1    |       and|   0|  0|     2|           1|           1|
    |p_Result_16_fu_778_p2             |       and|   0|  0|   336|         336|         336|
    |p_Result_17_fu_662_p2             |       and|   0|  0|   336|         336|         336|
    |p_Result_19_fu_580_p2             |       and|   0|  0|   336|         336|         336|
    |p_Result_20_fu_464_p2             |       and|   0|  0|   336|         336|         336|
    |tmp_i_i_33_nbreadreq_fu_302_p3    |       and|   0|  0|   336|           1|           0|
    |tmp_i_i_nbreadreq_fu_294_p3       |       and|   0|  0|   336|           1|           0|
    |icmp_ln674_1_fu_484_p2            |      icmp|   0|  0|    15|          22|          22|
    |icmp_ln674_fu_682_p2              |      icmp|   0|  0|    15|          22|          22|
    |icmp_ln76_1_fu_424_p2             |      icmp|   0|  0|    16|          23|           9|
    |icmp_ln76_fu_622_p2               |      icmp|   0|  0|    16|          23|           9|
    |icmp_ln82_1_fu_430_p2             |      icmp|   0|  0|    15|          22|           9|
    |icmp_ln82_fu_628_p2               |      icmp|   0|  0|    15|          22|           9|
    |icmp_ln878_fu_879_p2              |      icmp|   0|  0|     9|           5|           1|
    |lshr_ln674_1_fu_772_p2            |      lshr|   0|  0|  1331|           2|         336|
    |lshr_ln674_2_fu_568_p2            |      lshr|   0|  0|  1331|         336|         336|
    |lshr_ln674_3_fu_574_p2            |      lshr|   0|  0|  1331|           2|         336|
    |lshr_ln674_4_fu_650_p2            |      lshr|   0|  0|  1331|         336|         336|
    |lshr_ln674_5_fu_656_p2            |      lshr|   0|  0|  1331|           2|         336|
    |lshr_ln674_6_fu_452_p2            |      lshr|   0|  0|  1331|         336|         336|
    |lshr_ln674_7_fu_458_p2            |      lshr|   0|  0|  1331|           2|         336|
    |lshr_ln674_fu_766_p2              |      lshr|   0|  0|  1331|         336|         336|
    |ap_block_pp0_stage0_01001         |        or|   0|  0|     2|           1|           1|
    |ap_block_state1_pp0_stage0_iter0  |        or|   0|  0|     2|           1|           1|
    |ap_block_state2_pp0_stage0_iter1  |        or|   0|  0|     2|           1|           1|
    |or_ln78_1_fu_478_p2               |        or|   0|  0|    22|          22|           6|
    |or_ln78_fu_676_p2                 |        or|   0|  0|    22|          22|           6|
    |select_ln674_1_fu_736_p3          |    select|   0|  0|   289|           1|         336|
    |select_ln674_2_fu_744_p3          |    select|   0|  0|     9|           1|           9|
    |select_ln674_3_fu_530_p3          |    select|   0|  0|     9|           1|           9|
    |select_ln674_4_fu_538_p3          |    select|   0|  0|   289|           1|         336|
    |select_ln674_5_fu_546_p3          |    select|   0|  0|     9|           1|           9|
    |select_ln674_fu_728_p3            |    select|   0|  0|     9|           1|           9|
    |select_ln80_fu_850_p3             |    select|   0|  0|     8|           1|           8|
    |ap_enable_pp0                     |       xor|   0|  0|     2|           1|           2|
    +----------------------------------+----------+----+---+------+------------+------------+
    |Total                             |          |   0|  0| 13731|        3046|        4984|
    +----------------------------------+----------+----+---+------+------------+------------+

    * Multiplexer: 
    +------------------------------------------------+----+-----------+-----+-----------+
    |                      Name                      | LUT| Input Size| Bits| Total Bits|
    +------------------------------------------------+----+-----------+-----+-----------+
    |ap_done                                         |   9|          2|    1|          2|
    |ap_phi_mux_ref_tmp11_0_i_i_phi_fu_332_p6        |  14|          3|    8|         24|
    |ap_phi_reg_pp0_iter1_sendWord_data_V_3_reg_355  |  20|          4|   64|        256|
    |ap_phi_reg_pp0_iter1_sendWord_data_V_5_reg_342  |  20|          4|   64|        256|
    |arpDataOut_internal_blk_n                       |   9|          2|    1|          2|
    |arpDataOut_internal_din                         |  14|          3|  128|        384|
    |arpReplyMetaFifo_blk_n                          |   9|          2|    1|          2|
    |arpRequestMetaFifo_blk_n                        |   9|          2|    1|          2|
    |gap_state                                       |  14|          3|    2|          6|
    |header_header_V_1                               |   9|          2|  336|        672|
    |header_idx_1                                    |   9|          2|   16|         32|
    |myIpAddress_blk_n                               |   9|          2|    1|          2|
    |myMacAddress_blk_n                              |   9|          2|    1|          2|
    +------------------------------------------------+----+-----------+-----+-----------+
    |Total                                           | 154|         33|  624|       1642|
    +------------------------------------------------+----+-----------+-----+-----------+

    * Register: 
    +------------------------------------------------+-----+----+-----+-----------+
    |                      Name                      |  FF | LUT| Bits| Const Bits|
    +------------------------------------------------+-----+----+-----+-----------+
    |ap_CS_fsm                                       |    1|   0|    1|          0|
    |ap_done_reg                                     |    1|   0|    1|          0|
    |ap_enable_reg_pp0_iter1                         |    1|   0|    1|          0|
    |ap_phi_reg_pp0_iter1_sendWord_data_V_3_reg_355  |   64|   0|   64|          0|
    |ap_phi_reg_pp0_iter1_sendWord_data_V_5_reg_342  |   64|   0|   64|          0|
    |gap_state                                       |    2|   0|    2|          0|
    |gap_state_load_reg_1207                         |    2|   0|    2|          0|
    |header_header_V_1                               |  336|   0|  336|          0|
    |header_idx_1                                    |   16|   0|   16|          0|
    |remainingLength_V                               |    6|   0|    6|          0|
    +------------------------------------------------+-----+----+-----+-----------+
    |Total                                           |  493|   0|  493|          0|
    +------------------------------------------------+-----+----+-----+-----------+



================================================================
== Interface
================================================================
* Summary: 
+----------------------------+-----+-----+------------+----------------------+--------------+
|          RTL Ports         | Dir | Bits|  Protocol  |     Source Object    |    C Type    |
+----------------------------+-----+-----+------------+----------------------+--------------+
|ap_clk                      |   in|    1|  ap_ctrl_hs|  generate_arp_pkg<64>|  return value|
|ap_rst                      |   in|    1|  ap_ctrl_hs|  generate_arp_pkg<64>|  return value|
|ap_start                    |   in|    1|  ap_ctrl_hs|  generate_arp_pkg<64>|  return value|
|ap_done                     |  out|    1|  ap_ctrl_hs|  generate_arp_pkg<64>|  return value|
|ap_continue                 |   in|    1|  ap_ctrl_hs|  generate_arp_pkg<64>|  return value|
|ap_idle                     |  out|    1|  ap_ctrl_hs|  generate_arp_pkg<64>|  return value|
|ap_ready                    |  out|    1|  ap_ctrl_hs|  generate_arp_pkg<64>|  return value|
|myMacAddress_dout           |   in|   48|     ap_fifo|          myMacAddress|       pointer|
|myMacAddress_empty_n        |   in|    1|     ap_fifo|          myMacAddress|       pointer|
|myMacAddress_read           |  out|    1|     ap_fifo|          myMacAddress|       pointer|
|myIpAddress_dout            |   in|   32|     ap_fifo|           myIpAddress|       pointer|
|myIpAddress_empty_n         |   in|    1|     ap_fifo|           myIpAddress|       pointer|
|myIpAddress_read            |  out|    1|     ap_fifo|           myIpAddress|       pointer|
|arpRequestMetaFifo_dout     |   in|   32|     ap_fifo|    arpRequestMetaFifo|       pointer|
|arpRequestMetaFifo_empty_n  |   in|    1|     ap_fifo|    arpRequestMetaFifo|       pointer|
|arpRequestMetaFifo_read     |  out|    1|     ap_fifo|    arpRequestMetaFifo|       pointer|
|arpReplyMetaFifo_dout       |   in|  192|     ap_fifo|      arpReplyMetaFifo|       pointer|
|arpReplyMetaFifo_empty_n    |   in|    1|     ap_fifo|      arpReplyMetaFifo|       pointer|
|arpReplyMetaFifo_read       |  out|    1|     ap_fifo|      arpReplyMetaFifo|       pointer|
|arpDataOut_internal_din     |  out|  128|     ap_fifo|   arpDataOut_internal|       pointer|
|arpDataOut_internal_full_n  |   in|    1|     ap_fifo|   arpDataOut_internal|       pointer|
|arpDataOut_internal_write   |  out|    1|     ap_fifo|   arpDataOut_internal|       pointer|
+----------------------------+-----+-----+------------+----------------------+--------------+

