

================================================================
== Vitis HLS Report for 'extract_ip_address_512_s'
================================================================
* Date:           Tue Jul 19 06:04:24 2022

* Version:        2020.2 (Build 3064766 on Wed Nov 18 09:12:47 MST 2020)
* Project:        mac_ip_encode_prj
* Solution:       solution1 (Vivado IP Flow Target)
* Product family: virtexuplus
* Target device:  xcvu3p-ffvc1517-2-i


================================================================
== Performance Estimates
================================================================
+ Timing: 
    * Summary: 
    +--------+---------+----------+------------+
    |  Clock |  Target | Estimated| Uncertainty|
    +--------+---------+----------+------------+
    |ap_clk  |  3.20 ns|  2.027 ns|     0.86 ns|
    +--------+---------+----------+------------+

+ Latency: 
    * Summary: 
    +---------+---------+-----------+-----------+-----+-----+---------+
    |  Latency (cycles) |   Latency (absolute)  |  Interval | Pipeline|
    |   min   |   max   |    min    |    max    | min | max |   Type  |
    +---------+---------+-----------+-----------+-----+-----+---------+
    |        4|        4|  12.800 ns|  12.800 ns|    1|    1|      yes|
    +---------+---------+-----------+-----------+-----+-----+---------+

    + Detail: 
        * Instance: 
        N/A

        * Loop: 
        N/A

============================================================
+ Verbose Summary: Synthesis Manager
============================================================
InlineROM: 1
ExposeGlobal: 0
============================================================
+ Verbose Summary: CDFG Model
============================================================
IsTopModel: 0
ResetActiveHigh: 1
IsCombinational: 2
IsDatapathOnly: 0
HasWiredReturn: 1
HasMFsm: 2
HasVarLatency: 0
IsPipeline: 1
IsRtlPipelined: 1
IsInstanceOverlapped: 0
IsDontTouch: 0
HasImplIP: 0
IsGatedGlobalClock: 0

+ Individual pipeline summary: 
  * Pipeline-0: initiation interval (II) = 1, depth = 5


============================================================
+ Verbose Summary: Schedule
============================================================
* Number of FSM states : 5
* Pipeline : 1
  Pipeline-0 : II = 1, D = 5, States = { 1 2 3 4 5 }
* Dataflow Pipeline: 0

* FSM state transitions: 
1 --> 2 
2 --> 3 
3 --> 4 
4 --> 5 
5 --> 

* FSM state operations: 

State 1 <SV = 0> <Delay = 1.16>
ST_1 : Operation 6 [1/1] (0.00ns)   --->   "%tmp_i_i = nbreadreq i1 @_ssdm_op_NbReadReq.ap_fifo.i1024P0A, i1024 %dataIn_internal, i32 1" [/opt/xilinx/Vitis_HLS/2020.2/common/technology/autopilot/hls_stream_39.h:136]   --->   Operation 6 'nbreadreq' 'tmp_i_i' <Predicate = true> <Delay = 0.00> <CoreInst = "FIFO_SRL">   --->   Core 81 'FIFO_SRL' <Latency = 0> <II = 1> <Delay = 1.33> <Storage> <Opcode : 'read' 'write' 'nbread' 'nbwrite'> <Ports = 0> <Width = 1024> <Depth = 2> <FIFO>
ST_1 : Operation 7 [1/1] (0.38ns)   --->   "%br_ln47 = br i1 %tmp_i_i, void %._crit_edge1.i.i, void" [/home/haiyang3/eth-axi-streamer/fpga-network-stack/hls/mac_ip_encode/mac_ip_encode.cpp:47->/home/haiyang3/eth-axi-streamer/fpga-network-stack/hls/mac_ip_encode/mac_ip_encode.cpp:374]   --->   Operation 7 'br' 'br_ln47' <Predicate = true> <Delay = 0.38>
ST_1 : Operation 8 [1/1] (1.16ns)   --->   "%dataIn_internal_read = read i1024 @_ssdm_op_Read.ap_fifo.volatile.i1024P0A, i1024 %dataIn_internal" [/opt/xilinx/Vitis_HLS/2020.2/common/technology/autopilot/hls_stream_39.h:145]   --->   Operation 8 'read' 'dataIn_internal_read' <Predicate = (tmp_i_i)> <Delay = 1.16> <CoreInst = "FIFO_SRL">   --->   Core 81 'FIFO_SRL' <Latency = 0> <II = 1> <Delay = 1.33> <Storage> <Opcode : 'read' 'write' 'nbread' 'nbwrite'> <Ports = 0> <Width = 1024> <Depth = 2> <FIFO>
ST_1 : Operation 9 [1/1] (0.00ns)   --->   "%tmp_last_V = bitselect i1 @_ssdm_op_BitSelect.i1.i1024.i32, i1024 %dataIn_internal_read, i32 576" [/opt/xilinx/Vitis_HLS/2020.2/common/technology/autopilot/hls_stream_39.h:145]   --->   Operation 9 'bitselect' 'tmp_last_V' <Predicate = (tmp_i_i)> <Delay = 0.00>

State 2 <SV = 1> <Delay = 1.83>
ST_2 : Operation 10 [1/1] (0.00ns)   --->   "%header_ready_load = load i1 %header_ready" [/home/haiyang3/eth-axi-streamer/fpga-network-stack/hls/mac_ip_encode/../ethernet/../packet.hpp:55]   --->   Operation 10 'load' 'header_ready_load' <Predicate = (tmp_i_i)> <Delay = 0.00>
ST_2 : Operation 11 [1/1] (0.00ns)   --->   "%header_idx_load = load i16 %header_idx" [/home/haiyang3/eth-axi-streamer/fpga-network-stack/hls/mac_ip_encode/../ethernet/../packet.hpp:58]   --->   Operation 11 'load' 'header_idx_load' <Predicate = (tmp_i_i)> <Delay = 0.00>
ST_2 : Operation 12 [1/1] (0.00ns)   --->   "%p_Val2_s = load i160 %header_header_V"   --->   Operation 12 'load' 'p_Val2_s' <Predicate = (tmp_i_i)> <Delay = 0.00>
ST_2 : Operation 13 [1/1] (0.00ns)   --->   "%br_ln55 = br i1 %header_ready_load, void %.critedge9.i.i, void %.critedge.i.i" [/home/haiyang3/eth-axi-streamer/fpga-network-stack/hls/mac_ip_encode/../ethernet/../packet.hpp:55]   --->   Operation 13 'br' 'br_ln55' <Predicate = (tmp_i_i)> <Delay = 0.00>
ST_2 : Operation 14 [1/1] (0.00ns)   --->   "%shl_ln = bitconcatenate i25 @_ssdm_op_BitConcatenate.i25.i16.i9, i16 %header_idx_load, i9 0" [/home/haiyang3/eth-axi-streamer/fpga-network-stack/hls/mac_ip_encode/../ethernet/../packet.hpp:58]   --->   Operation 14 'bitconcatenate' 'shl_ln' <Predicate = (tmp_i_i & !header_ready_load)> <Delay = 0.00>
ST_2 : Operation 15 [1/1] (0.00ns)   --->   "%tmp_74 = trunc i1024 %dataIn_internal_read"   --->   Operation 15 'trunc' 'tmp_74' <Predicate = (tmp_i_i & !header_ready_load)> <Delay = 0.00>
ST_2 : Operation 16 [1/1] (0.77ns)   --->   "%icmp_ln414 = icmp_ugt  i25 %shl_ln, i25 159"   --->   Operation 16 'icmp' 'icmp_ln414' <Predicate = (tmp_i_i & !header_ready_load)> <Delay = 0.77> <CoreInst = "Cmp">   --->   Core 9 'Cmp' <Latency = 0> <II = 1> <Delay = 0.85> <FuncUnit> <Opcode : 'icmp'> <InPorts = 2> <OutPorts = 1>
ST_2 : Operation 17 [1/1] (0.00ns) (grouped into LUT with out node and_ln414_2)   --->   "%trunc_ln414 = trunc i1024 %dataIn_internal_read"   --->   Operation 17 'trunc' 'trunc_ln414' <Predicate = (tmp_i_i & !header_ready_load)> <Delay = 0.00>
ST_2 : Operation 18 [1/1] (0.00ns) (grouped into LUT with out node and_ln414_2)   --->   "%st = bitconcatenate i160 @_ssdm_op_BitConcatenate.i160.i1.i159, i1 %trunc_ln414, i159 0"   --->   Operation 18 'bitconcatenate' 'st' <Predicate = (tmp_i_i & !header_ready_load)> <Delay = 0.00>
ST_2 : Operation 19 [1/1] (0.00ns) (grouped into LUT with out node and_ln414_2)   --->   "%select_ln414 = select i1 %icmp_ln414, i160 %st, i160 %tmp_74"   --->   Operation 19 'select' 'select_ln414' <Predicate = (tmp_i_i & !header_ready_load)> <Delay = 0.00> <CoreInst = "Sel">   --->   Core 73 'Sel' <Latency = 0> <II = 1> <Delay = 0.24> <FuncUnit> <Opcode : 'select'> <InPorts = 3> <OutPorts = 1>
ST_2 : Operation 20 [1/1] (0.00ns) (grouped into LUT with out node and_ln414_2)   --->   "%tmp = partselect i160 @llvm.part.select.i160, i160 %select_ln414, i32 159, i32 0"   --->   Operation 20 'partselect' 'tmp' <Predicate = (tmp_i_i & !header_ready_load)> <Delay = 0.00>
ST_2 : Operation 21 [1/1] (0.00ns) (grouped into LUT with out node and_ln414_2)   --->   "%select_ln414_1 = select i1 %icmp_ln414, i160 %tmp, i160 %tmp_74"   --->   Operation 21 'select' 'select_ln414_1' <Predicate = (tmp_i_i & !header_ready_load)> <Delay = 0.00> <CoreInst = "Sel">   --->   Core 73 'Sel' <Latency = 0> <II = 1> <Delay = 0.24> <FuncUnit> <Opcode : 'select'> <InPorts = 3> <OutPorts = 1>
ST_2 : Operation 22 [1/1] (0.00ns) (grouped into LUT with out node and_ln414)   --->   "%select_ln414_2 = select i1 %icmp_ln414, i160 730750818665451459101842416358141509827966271488, i160 1461501637330902918203684832716283019655932542975"   --->   Operation 22 'select' 'select_ln414_2' <Predicate = (tmp_i_i & !header_ready_load)> <Delay = 0.00> <CoreInst = "Sel">   --->   Core 73 'Sel' <Latency = 0> <II = 1> <Delay = 0.24> <FuncUnit> <Opcode : 'select'> <InPorts = 3> <OutPorts = 1>
ST_2 : Operation 23 [1/1] (0.00ns) (grouped into LUT with out node and_ln414)   --->   "%select_ln414_3 = select i1 %icmp_ln414, i160 1, i160 1461501637330902918203684832716283019655932542975"   --->   Operation 23 'select' 'select_ln414_3' <Predicate = (tmp_i_i & !header_ready_load)> <Delay = 0.00> <CoreInst = "Sel">   --->   Core 73 'Sel' <Latency = 0> <II = 1> <Delay = 0.24> <FuncUnit> <Opcode : 'select'> <InPorts = 3> <OutPorts = 1>
ST_2 : Operation 24 [1/1] (0.39ns) (out node of the LUT)   --->   "%and_ln414 = and i160 %select_ln414_2, i160 %select_ln414_3"   --->   Operation 24 'and' 'and_ln414' <Predicate = (tmp_i_i & !header_ready_load)> <Delay = 0.39> <CoreInst = "LogicGate">   --->   Core 74 'LogicGate' <Latency = 0> <II = 1> <Delay = 0.12> <FuncUnit> <Opcode : 'and' 'or' 'xor'> <InPorts = 2> <OutPorts = 1>
ST_2 : Operation 25 [1/1] (0.00ns) (grouped into LUT with out node p_Result_s)   --->   "%xor_ln414 = xor i160 %and_ln414, i160 1461501637330902918203684832716283019655932542975"   --->   Operation 25 'xor' 'xor_ln414' <Predicate = (tmp_i_i & !header_ready_load)> <Delay = 0.00> <CoreInst = "LogicGate">   --->   Core 74 'LogicGate' <Latency = 0> <II = 1> <Delay = 0.12> <FuncUnit> <Opcode : 'and' 'or' 'xor'> <InPorts = 2> <OutPorts = 1>
ST_2 : Operation 26 [1/1] (0.00ns) (grouped into LUT with out node p_Result_s)   --->   "%and_ln414_1 = and i160 %p_Val2_s, i160 %xor_ln414"   --->   Operation 26 'and' 'and_ln414_1' <Predicate = (tmp_i_i & !header_ready_load)> <Delay = 0.00> <CoreInst = "LogicGate">   --->   Core 74 'LogicGate' <Latency = 0> <II = 1> <Delay = 0.12> <FuncUnit> <Opcode : 'and' 'or' 'xor'> <InPorts = 2> <OutPorts = 1>
ST_2 : Operation 27 [1/1] (0.39ns) (out node of the LUT)   --->   "%and_ln414_2 = and i160 %select_ln414_1, i160 %and_ln414"   --->   Operation 27 'and' 'and_ln414_2' <Predicate = (tmp_i_i & !header_ready_load)> <Delay = 0.39> <CoreInst = "LogicGate">   --->   Core 74 'LogicGate' <Latency = 0> <II = 1> <Delay = 0.12> <FuncUnit> <Opcode : 'and' 'or' 'xor'> <InPorts = 2> <OutPorts = 1>
ST_2 : Operation 28 [1/1] (0.25ns) (out node of the LUT)   --->   "%p_Result_s = or i160 %and_ln414_1, i160 %and_ln414_2"   --->   Operation 28 'or' 'p_Result_s' <Predicate = (tmp_i_i & !header_ready_load)> <Delay = 0.25> <CoreInst = "LogicGate">   --->   Core 74 'LogicGate' <Latency = 0> <II = 1> <Delay = 0.12> <FuncUnit> <Opcode : 'and' 'or' 'xor'> <InPorts = 2> <OutPorts = 1>
ST_2 : Operation 29 [1/1] (0.00ns)   --->   "%store_ln414 = store i160 %p_Result_s, i160 %header_header_V"   --->   Operation 29 'store' 'store_ln414' <Predicate = (tmp_i_i & !header_ready_load)> <Delay = 0.00>
ST_2 : Operation 30 [1/1] (0.78ns)   --->   "%add_ln67 = add i16 %header_idx_load, i16 1" [/home/haiyang3/eth-axi-streamer/fpga-network-stack/hls/mac_ip_encode/../ethernet/../packet.hpp:67]   --->   Operation 30 'add' 'add_ln67' <Predicate = (tmp_i_i & !header_ready_load & !tmp_last_V)> <Delay = 0.78> <CoreInst = "Adder">   --->   Core 1 'Adder' <Latency = 0> <II = 1> <Delay = 0.78> <FuncUnit> <Opcode : 'add' 'sub'> <InPorts = 2> <OutPorts = 1>
ST_2 : Operation 31 [1/1] (0.38ns)   --->   "%br_ln0 = br void"   --->   Operation 31 'br' 'br_ln0' <Predicate = (tmp_i_i & !header_ready_load)> <Delay = 0.38>
ST_2 : Operation 32 [1/1] (0.38ns)   --->   "%br_ln0 = br void"   --->   Operation 32 'br' 'br_ln0' <Predicate = (tmp_i_i & header_ready_load)> <Delay = 0.38>
ST_2 : Operation 33 [1/1] (0.00ns)   --->   "%header_ready_flag_0_i_i = phi i1 0, void %.critedge.i.i, i1 1, void %.critedge9.i.i"   --->   Operation 33 'phi' 'header_ready_flag_0_i_i' <Predicate = (tmp_i_i)> <Delay = 0.00>
ST_2 : Operation 34 [1/1] (0.00ns)   --->   "%header_idx_new_0_i_i = phi i16 0, void %.critedge.i.i, i16 %add_ln67, void %.critedge9.i.i" [/home/haiyang3/eth-axi-streamer/fpga-network-stack/hls/mac_ip_encode/../ethernet/../packet.hpp:67]   --->   Operation 34 'phi' 'header_idx_new_0_i_i' <Predicate = (tmp_i_i & !tmp_last_V)> <Delay = 0.00>
ST_2 : Operation 35 [1/1] (0.00ns)   --->   "%metaWritten_load = load i1 %metaWritten" [/home/haiyang3/eth-axi-streamer/fpga-network-stack/hls/mac_ip_encode/mac_ip_encode.cpp:53->/home/haiyang3/eth-axi-streamer/fpga-network-stack/hls/mac_ip_encode/mac_ip_encode.cpp:374]   --->   Operation 35 'load' 'metaWritten_load' <Predicate = (tmp_i_i)> <Delay = 0.00>
ST_2 : Operation 36 [1/1] (0.38ns)   --->   "%br_ln53 = br i1 %metaWritten_load, void, void %._crit_edge2.i.i" [/home/haiyang3/eth-axi-streamer/fpga-network-stack/hls/mac_ip_encode/mac_ip_encode.cpp:53->/home/haiyang3/eth-axi-streamer/fpga-network-stack/hls/mac_ip_encode/mac_ip_encode.cpp:374]   --->   Operation 36 'br' 'br_ln53' <Predicate = (tmp_i_i)> <Delay = 0.38>
ST_2 : Operation 37 [1/1] (0.38ns)   --->   "%br_ln65 = br void %._crit_edge2.i.i" [/home/haiyang3/eth-axi-streamer/fpga-network-stack/hls/mac_ip_encode/mac_ip_encode.cpp:65->/home/haiyang3/eth-axi-streamer/fpga-network-stack/hls/mac_ip_encode/mac_ip_encode.cpp:374]   --->   Operation 37 'br' 'br_ln65' <Predicate = (tmp_i_i & !metaWritten_load)> <Delay = 0.38>
ST_2 : Operation 38 [1/1] (0.00ns) (grouped into LUT with out node or_ln67_1)   --->   "%metaWritten_flag_0_i_i = phi i1 0, void, i1 1, void"   --->   Operation 38 'phi' 'metaWritten_flag_0_i_i' <Predicate = (tmp_i_i)> <Delay = 0.00>
ST_2 : Operation 39 [1/1] (0.12ns)   --->   "%or_ln67 = or i1 %tmp_last_V, i1 %header_ready_flag_0_i_i" [/home/haiyang3/eth-axi-streamer/fpga-network-stack/hls/mac_ip_encode/mac_ip_encode.cpp:67->/home/haiyang3/eth-axi-streamer/fpga-network-stack/hls/mac_ip_encode/mac_ip_encode.cpp:374]   --->   Operation 39 'or' 'or_ln67' <Predicate = (tmp_i_i)> <Delay = 0.12> <CoreInst = "LogicGate">   --->   Core 74 'LogicGate' <Latency = 0> <II = 1> <Delay = 0.12> <FuncUnit> <Opcode : 'and' 'or' 'xor'> <InPorts = 2> <OutPorts = 1>
ST_2 : Operation 40 [1/1] (0.12ns)   --->   "%xor_ln67 = xor i1 %tmp_last_V, i1 1" [/home/haiyang3/eth-axi-streamer/fpga-network-stack/hls/mac_ip_encode/mac_ip_encode.cpp:67->/home/haiyang3/eth-axi-streamer/fpga-network-stack/hls/mac_ip_encode/mac_ip_encode.cpp:374]   --->   Operation 40 'xor' 'xor_ln67' <Predicate = (tmp_i_i)> <Delay = 0.12> <CoreInst = "LogicGate">   --->   Core 74 'LogicGate' <Latency = 0> <II = 1> <Delay = 0.12> <FuncUnit> <Opcode : 'and' 'or' 'xor'> <InPorts = 2> <OutPorts = 1>
ST_2 : Operation 41 [1/1] (0.24ns)   --->   "%select_ln67 = select i1 %tmp_last_V, i16 0, i16 %header_idx_new_0_i_i" [/home/haiyang3/eth-axi-streamer/fpga-network-stack/hls/mac_ip_encode/mac_ip_encode.cpp:67->/home/haiyang3/eth-axi-streamer/fpga-network-stack/hls/mac_ip_encode/mac_ip_encode.cpp:374]   --->   Operation 41 'select' 'select_ln67' <Predicate = (tmp_i_i)> <Delay = 0.24> <CoreInst = "Sel">   --->   Core 73 'Sel' <Latency = 0> <II = 1> <Delay = 0.24> <FuncUnit> <Opcode : 'select'> <InPorts = 3> <OutPorts = 1>
ST_2 : Operation 42 [1/1] (0.12ns) (out node of the LUT)   --->   "%or_ln67_1 = or i1 %tmp_last_V, i1 %metaWritten_flag_0_i_i" [/home/haiyang3/eth-axi-streamer/fpga-network-stack/hls/mac_ip_encode/mac_ip_encode.cpp:67->/home/haiyang3/eth-axi-streamer/fpga-network-stack/hls/mac_ip_encode/mac_ip_encode.cpp:374]   --->   Operation 42 'or' 'or_ln67_1' <Predicate = (tmp_i_i)> <Delay = 0.12> <CoreInst = "LogicGate">   --->   Core 74 'LogicGate' <Latency = 0> <II = 1> <Delay = 0.12> <FuncUnit> <Opcode : 'and' 'or' 'xor'> <InPorts = 2> <OutPorts = 1>
ST_2 : Operation 43 [1/1] (0.38ns)   --->   "%br_ln67 = br void %._crit_edge1.i.i" [/home/haiyang3/eth-axi-streamer/fpga-network-stack/hls/mac_ip_encode/mac_ip_encode.cpp:67->/home/haiyang3/eth-axi-streamer/fpga-network-stack/hls/mac_ip_encode/mac_ip_encode.cpp:374]   --->   Operation 43 'br' 'br_ln67' <Predicate = (tmp_i_i)> <Delay = 0.38>
ST_2 : Operation 44 [1/1] (0.00ns)   --->   "%header_ready_flag_1_i_i = phi i1 0, void %entry, i1 %or_ln67, void %._crit_edge2.i.i" [/home/haiyang3/eth-axi-streamer/fpga-network-stack/hls/mac_ip_encode/mac_ip_encode.cpp:67->/home/haiyang3/eth-axi-streamer/fpga-network-stack/hls/mac_ip_encode/mac_ip_encode.cpp:374]   --->   Operation 44 'phi' 'header_ready_flag_1_i_i' <Predicate = true> <Delay = 0.00>
ST_2 : Operation 45 [1/1] (0.00ns)   --->   "%header_ready_new_1_i_i = phi i1 0, void %entry, i1 %xor_ln67, void %._crit_edge2.i.i" [/home/haiyang3/eth-axi-streamer/fpga-network-stack/hls/mac_ip_encode/mac_ip_encode.cpp:67->/home/haiyang3/eth-axi-streamer/fpga-network-stack/hls/mac_ip_encode/mac_ip_encode.cpp:374]   --->   Operation 45 'phi' 'header_ready_new_1_i_i' <Predicate = true> <Delay = 0.00>
ST_2 : Operation 46 [1/1] (0.00ns)   --->   "%header_idx_new_1_i_i = phi i16 0, void %entry, i16 %select_ln67, void %._crit_edge2.i.i" [/home/haiyang3/eth-axi-streamer/fpga-network-stack/hls/mac_ip_encode/mac_ip_encode.cpp:67->/home/haiyang3/eth-axi-streamer/fpga-network-stack/hls/mac_ip_encode/mac_ip_encode.cpp:374]   --->   Operation 46 'phi' 'header_idx_new_1_i_i' <Predicate = true> <Delay = 0.00>
ST_2 : Operation 47 [1/1] (0.00ns)   --->   "%metaWritten_flag_1_i_i = phi i1 0, void %entry, i1 %or_ln67_1, void %._crit_edge2.i.i" [/home/haiyang3/eth-axi-streamer/fpga-network-stack/hls/mac_ip_encode/mac_ip_encode.cpp:67->/home/haiyang3/eth-axi-streamer/fpga-network-stack/hls/mac_ip_encode/mac_ip_encode.cpp:374]   --->   Operation 47 'phi' 'metaWritten_flag_1_i_i' <Predicate = true> <Delay = 0.00>
ST_2 : Operation 48 [1/1] (0.00ns)   --->   "%br_ln67 = br i1 %metaWritten_flag_1_i_i, void %._crit_edge1.new4.i.i, void %mergeST3.i.i" [/home/haiyang3/eth-axi-streamer/fpga-network-stack/hls/mac_ip_encode/mac_ip_encode.cpp:67->/home/haiyang3/eth-axi-streamer/fpga-network-stack/hls/mac_ip_encode/mac_ip_encode.cpp:374]   --->   Operation 48 'br' 'br_ln67' <Predicate = true> <Delay = 0.00>
ST_2 : Operation 49 [1/1] (0.00ns)   --->   "%store_ln64 = store i1 %header_ready_new_1_i_i, i1 %metaWritten" [/home/haiyang3/eth-axi-streamer/fpga-network-stack/hls/mac_ip_encode/mac_ip_encode.cpp:64->/home/haiyang3/eth-axi-streamer/fpga-network-stack/hls/mac_ip_encode/mac_ip_encode.cpp:374]   --->   Operation 49 'store' 'store_ln64' <Predicate = (metaWritten_flag_1_i_i)> <Delay = 0.00>
ST_2 : Operation 50 [1/1] (0.00ns)   --->   "%br_ln0 = br void %._crit_edge1.new4.i.i"   --->   Operation 50 'br' 'br_ln0' <Predicate = (metaWritten_flag_1_i_i)> <Delay = 0.00>
ST_2 : Operation 51 [1/1] (0.00ns)   --->   "%br_ln67 = br i1 %header_ready_flag_1_i_i, void %.exit, void %mergeST1.i.i" [/home/haiyang3/eth-axi-streamer/fpga-network-stack/hls/mac_ip_encode/mac_ip_encode.cpp:67->/home/haiyang3/eth-axi-streamer/fpga-network-stack/hls/mac_ip_encode/mac_ip_encode.cpp:374]   --->   Operation 51 'br' 'br_ln67' <Predicate = true> <Delay = 0.00>
ST_2 : Operation 52 [1/1] (0.00ns)   --->   "%store_ln67 = store i16 %header_idx_new_1_i_i, i16 %header_idx" [/home/haiyang3/eth-axi-streamer/fpga-network-stack/hls/mac_ip_encode/../ethernet/../packet.hpp:67]   --->   Operation 52 'store' 'store_ln67' <Predicate = (header_ready_flag_1_i_i)> <Delay = 0.00>
ST_2 : Operation 53 [1/1] (0.00ns)   --->   "%store_ln65 = store i1 %header_ready_new_1_i_i, i1 %header_ready" [/home/haiyang3/eth-axi-streamer/fpga-network-stack/hls/mac_ip_encode/../ethernet/../packet.hpp:65]   --->   Operation 53 'store' 'store_ln65' <Predicate = (header_ready_flag_1_i_i)> <Delay = 0.00>
ST_2 : Operation 54 [1/1] (0.00ns)   --->   "%br_ln0 = br void %.exit"   --->   Operation 54 'br' 'br_ln0' <Predicate = (header_ready_flag_1_i_i)> <Delay = 0.00>

State 3 <SV = 2> <Delay = 2.02>
ST_3 : Operation 55 [1/1] (0.00ns)   --->   "%specinterface_ln0 = specinterface void @_ssdm_op_SpecInterface, i32 %m_axis_arp_lookup_request_V, void @empty_5, i32 1, i32 1, void @empty, i32 0, i32 0, void @empty_0, void @empty_0, void @empty_0, i32 0, i32 0, i32 0, i32 0, void @empty_0, void @empty_0"   --->   Operation 55 'specinterface' 'specinterface_ln0' <Predicate = true> <Delay = 0.00>
ST_3 : Operation 56 [1/1] (0.00ns)   --->   "%specinterface_ln0 = specinterface void @_ssdm_op_SpecInterface, i1024 %dataIn_internal, void @empty_2, i32 0, i32 0, void @empty_0, i32 0, i32 0, void @empty_0, void @empty_0, void @empty_0, i32 0, i32 0, i32 0, i32 0, void @empty_0, void @empty_0"   --->   Operation 56 'specinterface' 'specinterface_ln0' <Predicate = true> <Delay = 0.00>
ST_3 : Operation 57 [1/1] (0.00ns)   --->   "%specinterface_ln0 = specinterface void @_ssdm_op_SpecInterface, i1024 %dataIn_internal, void @empty_2, i32 0, i32 0, void @empty_0, i32 0, i32 0, void @empty_0, void @empty_0, void @empty_0, i32 0, i32 0, i32 0, i32 0, void @empty_0, void @empty_0"   --->   Operation 57 'specinterface' 'specinterface_ln0' <Predicate = true> <Delay = 0.00>
ST_3 : Operation 58 [1/1] (0.00ns)   --->   "%specinterface_ln0 = specinterface void @_ssdm_op_SpecInterface, i1024 %dataIn_internal, void @empty_2, i32 0, i32 0, void @empty_0, i32 0, i32 0, void @empty_0, void @empty_0, void @empty_0, i32 0, i32 0, i32 0, i32 0, void @empty_0, void @empty_0"   --->   Operation 58 'specinterface' 'specinterface_ln0' <Predicate = true> <Delay = 0.00>
ST_3 : Operation 59 [1/1] (0.00ns)   --->   "%specinterface_ln0 = specinterface void @_ssdm_op_SpecInterface, i1024 %dataStreamBuffer0, void @empty_2, i32 0, i32 0, void @empty_0, i32 0, i32 0, void @empty_0, void @empty_0, void @empty_0, i32 0, i32 0, i32 0, i32 0, void @empty_0, void @empty_0"   --->   Operation 59 'specinterface' 'specinterface_ln0' <Predicate = true> <Delay = 0.00>
ST_3 : Operation 60 [1/1] (0.00ns)   --->   "%specinterface_ln0 = specinterface void @_ssdm_op_SpecInterface, i1024 %dataStreamBuffer0, void @empty_2, i32 0, i32 0, void @empty_0, i32 0, i32 0, void @empty_0, void @empty_0, void @empty_0, i32 0, i32 0, i32 0, i32 0, void @empty_0, void @empty_0"   --->   Operation 60 'specinterface' 'specinterface_ln0' <Predicate = true> <Delay = 0.00>
ST_3 : Operation 61 [1/1] (0.00ns)   --->   "%specinterface_ln0 = specinterface void @_ssdm_op_SpecInterface, i1024 %dataStreamBuffer0, void @empty_2, i32 0, i32 0, void @empty_0, i32 0, i32 0, void @empty_0, void @empty_0, void @empty_0, i32 0, i32 0, i32 0, i32 0, void @empty_0, void @empty_0"   --->   Operation 61 'specinterface' 'specinterface_ln0' <Predicate = true> <Delay = 0.00>
ST_3 : Operation 62 [1/1] (0.00ns)   --->   "%specinterface_ln0 = specinterface void @_ssdm_op_SpecInterface, i32 %regDefaultGateway, void @ap_fifo_str, i32 0, i32 0, void @p_str, i32 0, i32 0, void @p_str, void @p_str, void @p_str, i32 2, i32 2, i32 16, i32 16, void @p_str, void @ScalarProp_str"   --->   Operation 62 'specinterface' 'specinterface_ln0' <Predicate = true> <Delay = 0.00>
ST_3 : Operation 63 [1/1] (0.00ns)   --->   "%specinterface_ln0 = specinterface void @_ssdm_op_SpecInterface, i32 %regSubNetMask, void @ap_fifo_str, i32 0, i32 0, void @p_str, i32 0, i32 0, void @p_str, void @p_str, void @p_str, i32 2, i32 2, i32 16, i32 16, void @p_str, void @ScalarProp_str"   --->   Operation 63 'specinterface' 'specinterface_ln0' <Predicate = true> <Delay = 0.00>
ST_3 : Operation 64 [1/1] (1.16ns)   --->   "%rhs_V = read i32 @_ssdm_op_Read.ap_fifo.i32P0A, i32 %regSubNetMask"   --->   Operation 64 'read' 'rhs_V' <Predicate = true> <Delay = 1.16> <CoreInst = "FIFO_SRL">   --->   Core 81 'FIFO_SRL' <Latency = 0> <II = 1> <Delay = 1.46> <Storage> <Opcode : 'read' 'write' 'nbread' 'nbwrite'> <Ports = 0> <Width = 32> <Depth = 3> <FIFO>
ST_3 : Operation 65 [1/1] (1.16ns)   --->   "%lhs_V_1 = read i32 @_ssdm_op_Read.ap_fifo.i32P0A, i32 %regDefaultGateway"   --->   Operation 65 'read' 'lhs_V_1' <Predicate = true> <Delay = 1.16> <CoreInst = "FIFO_SRL">   --->   Core 81 'FIFO_SRL' <Latency = 0> <II = 1> <Delay = 1.46> <Storage> <Opcode : 'read' 'write' 'nbread' 'nbwrite'> <Ports = 0> <Width = 32> <Depth = 3> <FIFO>
ST_3 : Operation 66 [1/1] (0.00ns)   --->   "%specinterface_ln0 = specinterface void @_ssdm_op_SpecInterface, i1024 %dataIn_internal, void @empty_2, i32 0, i32 0, void @empty_0, i32 0, i32 0, void @empty_0, void @empty_0, void @empty_0, i32 0, i32 0, i32 0, i32 0, void @empty_0, void @empty_0"   --->   Operation 66 'specinterface' 'specinterface_ln0' <Predicate = true> <Delay = 0.00>
ST_3 : Operation 67 [1/1] (0.00ns)   --->   "%specinterface_ln0 = specinterface void @_ssdm_op_SpecInterface, i1024 %dataIn_internal, void @empty_2, i32 0, i32 0, void @empty_0, i32 0, i32 0, void @empty_0, void @empty_0, void @empty_0, i32 0, i32 0, i32 0, i32 0, void @empty_0, void @empty_0"   --->   Operation 67 'specinterface' 'specinterface_ln0' <Predicate = true> <Delay = 0.00>
ST_3 : Operation 68 [1/1] (0.00ns)   --->   "%specinterface_ln0 = specinterface void @_ssdm_op_SpecInterface, i1024 %dataIn_internal, void @empty_2, i32 0, i32 0, void @empty_0, i32 0, i32 0, void @empty_0, void @empty_0, void @empty_0, i32 0, i32 0, i32 0, i32 0, void @empty_0, void @empty_0"   --->   Operation 68 'specinterface' 'specinterface_ln0' <Predicate = true> <Delay = 0.00>
ST_3 : Operation 69 [1/1] (0.00ns)   --->   "%specinterface_ln0 = specinterface void @_ssdm_op_SpecInterface, i1024 %dataStreamBuffer0, void @empty_2, i32 0, i32 0, void @empty_0, i32 0, i32 0, void @empty_0, void @empty_0, void @empty_0, i32 0, i32 0, i32 0, i32 0, void @empty_0, void @empty_0"   --->   Operation 69 'specinterface' 'specinterface_ln0' <Predicate = true> <Delay = 0.00>
ST_3 : Operation 70 [1/1] (0.00ns)   --->   "%specinterface_ln0 = specinterface void @_ssdm_op_SpecInterface, i1024 %dataStreamBuffer0, void @empty_2, i32 0, i32 0, void @empty_0, i32 0, i32 0, void @empty_0, void @empty_0, void @empty_0, i32 0, i32 0, i32 0, i32 0, void @empty_0, void @empty_0"   --->   Operation 70 'specinterface' 'specinterface_ln0' <Predicate = true> <Delay = 0.00>
ST_3 : Operation 71 [1/1] (0.00ns)   --->   "%specinterface_ln0 = specinterface void @_ssdm_op_SpecInterface, i1024 %dataStreamBuffer0, void @empty_2, i32 0, i32 0, void @empty_0, i32 0, i32 0, void @empty_0, void @empty_0, void @empty_0, i32 0, i32 0, i32 0, i32 0, void @empty_0, void @empty_0"   --->   Operation 71 'specinterface' 'specinterface_ln0' <Predicate = true> <Delay = 0.00>
ST_3 : Operation 72 [1/1] (0.00ns)   --->   "%specinterface_ln0 = specinterface void @_ssdm_op_SpecInterface, i1024 %dataStreamBuffer0, void @empty_2, i32 0, i32 0, void @empty_0, i32 0, i32 0, void @empty_0, void @empty_0, void @empty_0, i32 0, i32 0, i32 0, i32 0, void @empty_0, void @empty_0"   --->   Operation 72 'specinterface' 'specinterface_ln0' <Predicate = true> <Delay = 0.00>
ST_3 : Operation 73 [1/1] (0.00ns)   --->   "%specinterface_ln0 = specinterface void @_ssdm_op_SpecInterface, i1024 %dataIn_internal, void @empty_2, i32 0, i32 0, void @empty_0, i32 0, i32 0, void @empty_0, void @empty_0, void @empty_0, i32 0, i32 0, i32 0, i32 0, void @empty_0, void @empty_0"   --->   Operation 73 'specinterface' 'specinterface_ln0' <Predicate = true> <Delay = 0.00>
ST_3 : Operation 74 [1/1] (0.00ns)   --->   "%specinterface_ln0 = specinterface void @_ssdm_op_SpecInterface, i32 %m_axis_arp_lookup_request_V, void @empty_5, i32 1, i32 1, void @empty, i32 0, i32 0, void @empty_0, void @empty_0, void @empty_0, i32 0, i32 0, i32 0, i32 0, void @empty_0, void @empty_0"   --->   Operation 74 'specinterface' 'specinterface_ln0' <Predicate = true> <Delay = 0.00>
ST_3 : Operation 75 [1/1] (0.00ns)   --->   "%specpipeline_ln34 = specpipeline void @_ssdm_op_SpecPipeline, i32 1, i32 0, i32 0, i32 0, void @empty_0" [/home/haiyang3/eth-axi-streamer/fpga-network-stack/hls/mac_ip_encode/mac_ip_encode.cpp:34->/home/haiyang3/eth-axi-streamer/fpga-network-stack/hls/mac_ip_encode/mac_ip_encode.cpp:374]   --->   Operation 75 'specpipeline' 'specpipeline_ln34' <Predicate = true> <Delay = 0.00>
ST_3 : Operation 76 [1/1] (1.16ns)   --->   "%write_ln174 = write void @_ssdm_op_Write.ap_fifo.volatile.i1024P0A, i1024 %dataStreamBuffer0, i1024 %dataIn_internal_read" [/opt/xilinx/Vitis_HLS/2020.2/common/technology/autopilot/hls_stream_39.h:174]   --->   Operation 76 'write' 'write_ln174' <Predicate = (tmp_i_i & !header_ready_load)> <Delay = 1.16> <CoreInst = "FIFO_SRL">   --->   Core 81 'FIFO_SRL' <Latency = 0> <II = 1> <Delay = 1.33> <Storage> <Opcode : 'read' 'write' 'nbread' 'nbwrite'> <Ports = 0> <Width = 1024> <Depth = 2> <FIFO>
ST_3 : Operation 77 [1/1] (1.16ns)   --->   "%write_ln174 = write void @_ssdm_op_Write.ap_fifo.volatile.i1024P0A, i1024 %dataStreamBuffer0, i1024 %dataIn_internal_read" [/opt/xilinx/Vitis_HLS/2020.2/common/technology/autopilot/hls_stream_39.h:174]   --->   Operation 77 'write' 'write_ln174' <Predicate = (tmp_i_i & header_ready_load)> <Delay = 1.16> <CoreInst = "FIFO_SRL">   --->   Core 81 'FIFO_SRL' <Latency = 0> <II = 1> <Delay = 1.33> <Storage> <Opcode : 'read' 'write' 'nbread' 'nbwrite'> <Ports = 0> <Width = 1024> <Depth = 2> <FIFO>
ST_3 : Operation 78 [1/1] (0.00ns)   --->   "%p_Val2_8 = phi i160 %p_Val2_s, void %.critedge.i.i, i160 %p_Result_s, void %.critedge9.i.i"   --->   Operation 78 'phi' 'p_Val2_8' <Predicate = (tmp_i_i)> <Delay = 0.00>
ST_3 : Operation 79 [1/1] (0.00ns)   --->   "%dstIpAddress_V = partselect i32 @_ssdm_op_PartSelect.i32.i160.i32.i32, i160 %p_Val2_8, i32 128, i32 159"   --->   Operation 79 'partselect' 'dstIpAddress_V' <Predicate = (tmp_i_i & !metaWritten_load)> <Delay = 0.00>
ST_3 : Operation 80 [1/1] (0.00ns) (grouped into LUT with out node icmp_ln870)   --->   "%xor_ln870 = xor i32 %lhs_V_1, i32 %dstIpAddress_V"   --->   Operation 80 'xor' 'xor_ln870' <Predicate = (tmp_i_i & !metaWritten_load)> <Delay = 0.00> <CoreInst = "LogicGate">   --->   Core 74 'LogicGate' <Latency = 0> <II = 1> <Delay = 0.12> <FuncUnit> <Opcode : 'and' 'or' 'xor'> <InPorts = 2> <OutPorts = 1>
ST_3 : Operation 81 [1/1] (0.00ns) (grouped into LUT with out node icmp_ln870)   --->   "%and_ln870 = and i32 %rhs_V, i32 %xor_ln870"   --->   Operation 81 'and' 'and_ln870' <Predicate = (tmp_i_i & !metaWritten_load)> <Delay = 0.00> <CoreInst = "LogicGate">   --->   Core 74 'LogicGate' <Latency = 0> <II = 1> <Delay = 0.12> <FuncUnit> <Opcode : 'and' 'or' 'xor'> <InPorts = 2> <OutPorts = 1>
ST_3 : Operation 82 [1/1] (0.85ns) (out node of the LUT)   --->   "%icmp_ln870 = icmp_eq  i32 %and_ln870, i32 0"   --->   Operation 82 'icmp' 'icmp_ln870' <Predicate = (tmp_i_i & !metaWritten_load)> <Delay = 0.85> <CoreInst = "Cmp">   --->   Core 9 'Cmp' <Latency = 0> <II = 1> <Delay = 0.85> <FuncUnit> <Opcode : 'icmp'> <InPorts = 2> <OutPorts = 1>
ST_3 : Operation 83 [1/1] (0.00ns)   --->   "%br_ln56 = br i1 %icmp_ln870, void, void" [/home/haiyang3/eth-axi-streamer/fpga-network-stack/hls/mac_ip_encode/mac_ip_encode.cpp:56->/home/haiyang3/eth-axi-streamer/fpga-network-stack/hls/mac_ip_encode/mac_ip_encode.cpp:374]   --->   Operation 83 'br' 'br_ln56' <Predicate = (tmp_i_i & !metaWritten_load)> <Delay = 0.00>

State 4 <SV = 3> <Delay = 0.00>
ST_4 : Operation 84 [2/2] (0.00ns)   --->   "%write_ln174 = write void @_ssdm_op_Write.axis.volatile.i32P128A, i32 %m_axis_arp_lookup_request_V, i32 %lhs_V_1" [/opt/xilinx/Vitis_HLS/2020.2/common/technology/autopilot/hls_stream_39.h:174]   --->   Operation 84 'write' 'write_ln174' <Predicate = (tmp_i_i & !metaWritten_load & !icmp_ln870)> <Delay = 0.00> <CoreInst = "axis">   --->   Core 123 'axis' <Latency = 0> <II = 1> <Delay = 1.00> <Adapter> <Opcode : >
ST_4 : Operation 85 [2/2] (0.00ns)   --->   "%write_ln174 = write void @_ssdm_op_Write.axis.volatile.i32P128A, i32 %m_axis_arp_lookup_request_V, i32 %dstIpAddress_V" [/opt/xilinx/Vitis_HLS/2020.2/common/technology/autopilot/hls_stream_39.h:174]   --->   Operation 85 'write' 'write_ln174' <Predicate = (tmp_i_i & !metaWritten_load & icmp_ln870)> <Delay = 0.00> <CoreInst = "axis">   --->   Core 123 'axis' <Latency = 0> <II = 1> <Delay = 1.00> <Adapter> <Opcode : >

State 5 <SV = 4> <Delay = 0.00>
ST_5 : Operation 86 [1/2] (0.00ns)   --->   "%write_ln174 = write void @_ssdm_op_Write.axis.volatile.i32P128A, i32 %m_axis_arp_lookup_request_V, i32 %lhs_V_1" [/opt/xilinx/Vitis_HLS/2020.2/common/technology/autopilot/hls_stream_39.h:174]   --->   Operation 86 'write' 'write_ln174' <Predicate = (tmp_i_i & !metaWritten_load & !icmp_ln870)> <Delay = 0.00> <CoreInst = "axis">   --->   Core 123 'axis' <Latency = 0> <II = 1> <Delay = 1.00> <Adapter> <Opcode : >
ST_5 : Operation 87 [1/1] (0.00ns)   --->   "%br_ln0 = br void"   --->   Operation 87 'br' 'br_ln0' <Predicate = (tmp_i_i & !metaWritten_load & !icmp_ln870)> <Delay = 0.00>
ST_5 : Operation 88 [1/2] (0.00ns)   --->   "%write_ln174 = write void @_ssdm_op_Write.axis.volatile.i32P128A, i32 %m_axis_arp_lookup_request_V, i32 %dstIpAddress_V" [/opt/xilinx/Vitis_HLS/2020.2/common/technology/autopilot/hls_stream_39.h:174]   --->   Operation 88 'write' 'write_ln174' <Predicate = (tmp_i_i & !metaWritten_load & icmp_ln870)> <Delay = 0.00> <CoreInst = "axis">   --->   Core 123 'axis' <Latency = 0> <II = 1> <Delay = 1.00> <Adapter> <Opcode : >
ST_5 : Operation 89 [1/1] (0.00ns)   --->   "%br_ln59 = br void" [/home/haiyang3/eth-axi-streamer/fpga-network-stack/hls/mac_ip_encode/mac_ip_encode.cpp:59->/home/haiyang3/eth-axi-streamer/fpga-network-stack/hls/mac_ip_encode/mac_ip_encode.cpp:374]   --->   Operation 89 'br' 'br_ln59' <Predicate = (tmp_i_i & !metaWritten_load & icmp_ln870)> <Delay = 0.00>
ST_5 : Operation 90 [1/1] (0.00ns)   --->   "%ret_ln374 = ret" [/home/haiyang3/eth-axi-streamer/fpga-network-stack/hls/mac_ip_encode/mac_ip_encode.cpp:374]   --->   Operation 90 'ret' 'ret_ln374' <Predicate = true> <Delay = 0.00>


============================================================
+ Verbose Summary: Timing violations
============================================================
Target clock period: 3.2ns, clock uncertainty: 0.864ns.

 <State 1>: 1.17ns
The critical path consists of the following:
	fifo read on port 'dataIn_internal' (/opt/xilinx/Vitis_HLS/2020.2/common/technology/autopilot/hls_stream_39.h:145) [38]  (1.17 ns)

 <State 2>: 1.83ns
The critical path consists of the following:
	'load' operation ('header_idx_load', /home/haiyang3/eth-axi-streamer/fpga-network-stack/hls/mac_ip_encode/../ethernet/../packet.hpp:58) on static variable 'header_idx' [41]  (0 ns)
	'icmp' operation ('icmp_ln414') [47]  (0.779 ns)
	'select' operation ('select_ln414_3') [54]  (0 ns)
	'and' operation ('and_ln414') [55]  (0.398 ns)
	'and' operation ('and_ln414_2') [58]  (0.398 ns)
	'or' operation ('__Result__') [59]  (0.258 ns)

 <State 3>: 2.03ns
The critical path consists of the following:
	fifo read on port 'regSubNetMask' [23]  (1.17 ns)
	'and' operation ('and_ln870') [76]  (0 ns)
	'icmp' operation ('icmp_ln870') [77]  (0.859 ns)

 <State 4>: 0ns
The critical path consists of the following:

 <State 5>: 0ns
The critical path consists of the following:


============================================================
+ Verbose Summary: Binding
============================================================
N/A
* FSMD analyzer results:
  - Output states:
 - Input state : 
  - Chain level:
	State 1
	State 2
	State 3
	State 4
	State 5


============================================================
+ Verbose Summary: Datapath Resource usage 
============================================================
N/A
