

================================================================
== Vitis HLS Report for 'insert_ethernet_header_512_s'
================================================================
* Date:           Tue Jul 19 06:04:29 2022

* Version:        2020.2 (Build 3064766 on Wed Nov 18 09:12:47 MST 2020)
* Project:        mac_ip_encode_prj
* Solution:       solution1 (Vivado IP Flow Target)
* Product family: virtexuplus
* Target device:  xcvu3p-ffvc1517-2-i


================================================================
== Performance Estimates
================================================================
+ Timing: 
    * Summary: 
    +--------+---------+----------+------------+
    |  Clock |  Target | Estimated| Uncertainty|
    +--------+---------+----------+------------+
    |ap_clk  |  3.20 ns|  2.296 ns|     0.86 ns|
    +--------+---------+----------+------------+

+ Latency: 
    * Summary: 
    +---------+---------+----------+----------+-----+-----+---------+
    |  Latency (cycles) |  Latency (absolute) |  Interval | Pipeline|
    |   min   |   max   |    min   |    max   | min | max |   Type  |
    +---------+---------+----------+----------+-----+-----+---------+
    |        1|        1|  3.200 ns|  3.200 ns|    1|    1|      yes|
    +---------+---------+----------+----------+-----+-----+---------+

    + Detail: 
        * Instance: 
        N/A

        * Loop: 
        N/A

============================================================
+ Verbose Summary: Synthesis Manager
============================================================
InlineROM: 1
ExposeGlobal: 0
============================================================
+ Verbose Summary: CDFG Model
============================================================
IsTopModel: 0
ResetActiveHigh: 1
IsCombinational: 2
IsDatapathOnly: 0
HasWiredReturn: 1
HasMFsm: 2
HasVarLatency: 0
IsPipeline: 1
IsRtlPipelined: 1
IsInstanceOverlapped: 0
IsDontTouch: 0
HasImplIP: 0
IsGatedGlobalClock: 0

+ Individual pipeline summary: 
  * Pipeline-0: initiation interval (II) = 1, depth = 2


============================================================
+ Verbose Summary: Schedule
============================================================
* Number of FSM states : 2
* Pipeline : 1
  Pipeline-0 : II = 1, D = 2, States = { 1 2 }
* Dataflow Pipeline: 0

* FSM state transitions: 
1 --> 2 
2 --> 

* FSM state operations: 

State 1 <SV = 0> <Delay = 2.29>
ST_1 : Operation 3 [1/1] (0.00ns)   --->   "%specinterface_ln0 = specinterface void @_ssdm_op_SpecInterface, i1024 %dataOut_internal, void @empty_2, i32 0, i32 0, void @empty_0, i32 0, i32 0, void @empty_0, void @empty_0, void @empty_0, i32 0, i32 0, i32 0, i32 0, void @empty_0, void @empty_0"   --->   Operation 3 'specinterface' 'specinterface_ln0' <Predicate = true> <Delay = 0.00>
ST_1 : Operation 4 [1/1] (0.00ns)   --->   "%specinterface_ln0 = specinterface void @_ssdm_op_SpecInterface, i1024 %dataOut_internal, void @empty_2, i32 0, i32 0, void @empty_0, i32 0, i32 0, void @empty_0, void @empty_0, void @empty_0, i32 0, i32 0, i32 0, i32 0, void @empty_0, void @empty_0"   --->   Operation 4 'specinterface' 'specinterface_ln0' <Predicate = true> <Delay = 0.00>
ST_1 : Operation 5 [1/1] (0.00ns)   --->   "%specinterface_ln0 = specinterface void @_ssdm_op_SpecInterface, i1024 %dataOut_internal, void @empty_2, i32 0, i32 0, void @empty_0, i32 0, i32 0, void @empty_0, void @empty_0, void @empty_0, i32 0, i32 0, i32 0, i32 0, void @empty_0, void @empty_0"   --->   Operation 5 'specinterface' 'specinterface_ln0' <Predicate = true> <Delay = 0.00>
ST_1 : Operation 6 [1/1] (0.00ns)   --->   "%specinterface_ln0 = specinterface void @_ssdm_op_SpecInterface, i1024 %dataStreamBuffer4, void @empty_2, i32 0, i32 0, void @empty_0, i32 0, i32 0, void @empty_0, void @empty_0, void @empty_0, i32 0, i32 0, i32 0, i32 0, void @empty_0, void @empty_0"   --->   Operation 6 'specinterface' 'specinterface_ln0' <Predicate = true> <Delay = 0.00>
ST_1 : Operation 7 [1/1] (0.00ns)   --->   "%specinterface_ln0 = specinterface void @_ssdm_op_SpecInterface, i1024 %dataStreamBuffer4, void @empty_2, i32 0, i32 0, void @empty_0, i32 0, i32 0, void @empty_0, void @empty_0, void @empty_0, i32 0, i32 0, i32 0, i32 0, void @empty_0, void @empty_0"   --->   Operation 7 'specinterface' 'specinterface_ln0' <Predicate = true> <Delay = 0.00>
ST_1 : Operation 8 [1/1] (0.00ns)   --->   "%specinterface_ln0 = specinterface void @_ssdm_op_SpecInterface, i1024 %dataStreamBuffer4, void @empty_2, i32 0, i32 0, void @empty_0, i32 0, i32 0, void @empty_0, void @empty_0, void @empty_0, i32 0, i32 0, i32 0, i32 0, void @empty_0, void @empty_0"   --->   Operation 8 'specinterface' 'specinterface_ln0' <Predicate = true> <Delay = 0.00>
ST_1 : Operation 9 [1/1] (0.00ns)   --->   "%specinterface_ln0 = specinterface void @_ssdm_op_SpecInterface, i256 %headerFifo, void @empty_2, i32 0, i32 0, void @empty_0, i32 0, i32 0, void @empty_0, void @empty_0, void @empty_0, i32 0, i32 0, i32 0, i32 0, void @empty_0, void @empty_0"   --->   Operation 9 'specinterface' 'specinterface_ln0' <Predicate = true> <Delay = 0.00>
ST_1 : Operation 10 [1/1] (0.00ns)   --->   "%specinterface_ln0 = specinterface void @_ssdm_op_SpecInterface, i256 %headerFifo, void @empty_2, i32 0, i32 0, void @empty_0, i32 0, i32 0, void @empty_0, void @empty_0, void @empty_0, i32 0, i32 0, i32 0, i32 0, void @empty_0, void @empty_0"   --->   Operation 10 'specinterface' 'specinterface_ln0' <Predicate = true> <Delay = 0.00>
ST_1 : Operation 11 [1/1] (0.00ns)   --->   "%specinterface_ln0 = specinterface void @_ssdm_op_SpecInterface, i256 %headerFifo, void @empty_2, i32 0, i32 0, void @empty_0, i32 0, i32 0, void @empty_0, void @empty_0, void @empty_0, i32 0, i32 0, i32 0, i32 0, void @empty_0, void @empty_0"   --->   Operation 11 'specinterface' 'specinterface_ln0' <Predicate = true> <Delay = 0.00>
ST_1 : Operation 12 [1/1] (0.00ns)   --->   "%specinterface_ln0 = specinterface void @_ssdm_op_SpecInterface, i1024 %dataStreamBuffer4, void @empty_2, i32 0, i32 0, void @empty_0, i32 0, i32 0, void @empty_0, void @empty_0, void @empty_0, i32 0, i32 0, i32 0, i32 0, void @empty_0, void @empty_0"   --->   Operation 12 'specinterface' 'specinterface_ln0' <Predicate = true> <Delay = 0.00>
ST_1 : Operation 13 [1/1] (0.00ns)   --->   "%specinterface_ln0 = specinterface void @_ssdm_op_SpecInterface, i256 %headerFifo, void @empty_2, i32 0, i32 0, void @empty_0, i32 0, i32 0, void @empty_0, void @empty_0, void @empty_0, i32 0, i32 0, i32 0, i32 0, void @empty_0, void @empty_0"   --->   Operation 13 'specinterface' 'specinterface_ln0' <Predicate = true> <Delay = 0.00>
ST_1 : Operation 14 [1/1] (0.00ns)   --->   "%specinterface_ln0 = specinterface void @_ssdm_op_SpecInterface, i1024 %dataOut_internal, void @empty_2, i32 0, i32 0, void @empty_0, i32 0, i32 0, void @empty_0, void @empty_0, void @empty_0, i32 0, i32 0, i32 0, i32 0, void @empty_0, void @empty_0"   --->   Operation 14 'specinterface' 'specinterface_ln0' <Predicate = true> <Delay = 0.00>
ST_1 : Operation 15 [1/1] (0.00ns)   --->   "%specpipeline_ln211 = specpipeline void @_ssdm_op_SpecPipeline, i32 1, i32 0, i32 0, i32 0, void @empty_0" [/home/haiyang3/eth-axi-streamer/fpga-network-stack/hls/mac_ip_encode/mac_ip_encode.cpp:211]   --->   Operation 15 'specpipeline' 'specpipeline_ln211' <Predicate = true> <Delay = 0.00>
ST_1 : Operation 16 [1/1] (0.00ns)   --->   "%ge_state_load = load i2 %ge_state" [/home/haiyang3/eth-axi-streamer/fpga-network-stack/hls/mac_ip_encode/mac_ip_encode.cpp:222]   --->   Operation 16 'load' 'ge_state_load' <Predicate = true> <Delay = 0.00>
ST_1 : Operation 17 [1/1] (0.65ns)   --->   "%switch_ln222 = switch i2 %ge_state_load, void %insert_ethernet_header<512>.exit, i2 0, void, i2 1, void, i2 2, void" [/home/haiyang3/eth-axi-streamer/fpga-network-stack/hls/mac_ip_encode/mac_ip_encode.cpp:222]   --->   Operation 17 'switch' 'switch_ln222' <Predicate = true> <Delay = 0.65>
ST_1 : Operation 18 [1/1] (0.00ns)   --->   "%tmp_3_i = nbreadreq i1 @_ssdm_op_NbReadReq.ap_fifo.i1024P0A, i1024 %dataStreamBuffer4, i32 1" [/opt/xilinx/Vitis_HLS/2020.2/common/technology/autopilot/hls_stream_39.h:136]   --->   Operation 18 'nbreadreq' 'tmp_3_i' <Predicate = (ge_state_load == 2)> <Delay = 0.00> <CoreInst = "FIFO_SRL">   --->   Core 81 'FIFO_SRL' <Latency = 0> <II = 1> <Delay = 1.33> <Storage> <Opcode : 'read' 'write' 'nbread' 'nbwrite'> <Ports = 0> <Width = 1024> <Depth = 2> <FIFO>
ST_1 : Operation 19 [1/1] (0.00ns)   --->   "%br_ln261 = br i1 %tmp_3_i, void %insert_ethernet_header<512>.exit, void" [/home/haiyang3/eth-axi-streamer/fpga-network-stack/hls/mac_ip_encode/mac_ip_encode.cpp:261]   --->   Operation 19 'br' 'br_ln261' <Predicate = (ge_state_load == 2)> <Delay = 0.00>
ST_1 : Operation 20 [1/1] (1.16ns)   --->   "%dataStreamBuffer4_read = read i1024 @_ssdm_op_Read.ap_fifo.volatile.i1024P0A, i1024 %dataStreamBuffer4" [/opt/xilinx/Vitis_HLS/2020.2/common/technology/autopilot/hls_stream_39.h:145]   --->   Operation 20 'read' 'dataStreamBuffer4_read' <Predicate = (ge_state_load == 2 & tmp_3_i)> <Delay = 1.16> <CoreInst = "FIFO_SRL">   --->   Core 81 'FIFO_SRL' <Latency = 0> <II = 1> <Delay = 1.33> <Storage> <Opcode : 'read' 'write' 'nbread' 'nbwrite'> <Ports = 0> <Width = 1024> <Depth = 2> <FIFO>
ST_1 : Operation 21 [1/1] (0.00ns)   --->   "%tmp_last_V_3 = bitselect i1 @_ssdm_op_BitSelect.i1.i1024.i32, i1024 %dataStreamBuffer4_read, i32 576" [/opt/xilinx/Vitis_HLS/2020.2/common/technology/autopilot/hls_stream_39.h:145]   --->   Operation 21 'bitselect' 'tmp_last_V_3' <Predicate = (ge_state_load == 2 & tmp_3_i)> <Delay = 0.00>
ST_1 : Operation 22 [1/1] (0.00ns)   --->   "%br_ln265 = br i1 %tmp_last_V_3, void %insert_ethernet_header<512>.exit, void" [/home/haiyang3/eth-axi-streamer/fpga-network-stack/hls/mac_ip_encode/mac_ip_encode.cpp:265]   --->   Operation 22 'br' 'br_ln265' <Predicate = (ge_state_load == 2 & tmp_3_i)> <Delay = 0.00>
ST_1 : Operation 23 [1/1] (0.38ns)   --->   "%store_ln267 = store i2 1, i2 %ge_state" [/home/haiyang3/eth-axi-streamer/fpga-network-stack/hls/mac_ip_encode/mac_ip_encode.cpp:267]   --->   Operation 23 'store' 'store_ln267' <Predicate = (ge_state_load == 2 & tmp_3_i & tmp_last_V_3)> <Delay = 0.38>
ST_1 : Operation 24 [1/1] (0.00ns)   --->   "%br_ln268 = br void %insert_ethernet_header<512>.exit" [/home/haiyang3/eth-axi-streamer/fpga-network-stack/hls/mac_ip_encode/mac_ip_encode.cpp:268]   --->   Operation 24 'br' 'br_ln268' <Predicate = (ge_state_load == 2 & tmp_3_i & tmp_last_V_3)> <Delay = 0.00>
ST_1 : Operation 25 [1/1] (0.00ns)   --->   "%tmp_i_54 = nbreadreq i1 @_ssdm_op_NbReadReq.ap_fifo.i256P0A, i256 %headerFifo, i32 1" [/opt/xilinx/Vitis_HLS/2020.2/common/technology/autopilot/hls_stream_39.h:136]   --->   Operation 25 'nbreadreq' 'tmp_i_54' <Predicate = (ge_state_load == 1)> <Delay = 0.00> <CoreInst = "FIFO_SRL">   --->   Core 81 'FIFO_SRL' <Latency = 0> <II = 1> <Delay = 1.42> <Storage> <Opcode : 'read' 'write' 'nbread' 'nbwrite'> <Ports = 0> <Width = 256> <Depth = 2> <FIFO>
ST_1 : Operation 26 [1/1] (0.00ns)   --->   "%br_ln240 = br i1 %tmp_i_54, void %insert_ethernet_header<512>.exit, void" [/home/haiyang3/eth-axi-streamer/fpga-network-stack/hls/mac_ip_encode/mac_ip_encode.cpp:240]   --->   Operation 26 'br' 'br_ln240' <Predicate = (ge_state_load == 1)> <Delay = 0.00>
ST_1 : Operation 27 [1/1] (0.00ns)   --->   "%tmp_4_i = nbreadreq i1 @_ssdm_op_NbReadReq.ap_fifo.i1024P0A, i1024 %dataStreamBuffer4, i32 1" [/opt/xilinx/Vitis_HLS/2020.2/common/technology/autopilot/hls_stream_39.h:136]   --->   Operation 27 'nbreadreq' 'tmp_4_i' <Predicate = (ge_state_load == 1 & tmp_i_54)> <Delay = 0.00> <CoreInst = "FIFO_SRL">   --->   Core 81 'FIFO_SRL' <Latency = 0> <II = 1> <Delay = 1.33> <Storage> <Opcode : 'read' 'write' 'nbread' 'nbwrite'> <Ports = 0> <Width = 1024> <Depth = 2> <FIFO>
ST_1 : Operation 28 [1/1] (0.00ns)   --->   "%br_ln240 = br i1 %tmp_4_i, void %insert_ethernet_header<512>.exit, void %_ifconv1" [/home/haiyang3/eth-axi-streamer/fpga-network-stack/hls/mac_ip_encode/mac_ip_encode.cpp:240]   --->   Operation 28 'br' 'br_ln240' <Predicate = (ge_state_load == 1 & tmp_i_54)> <Delay = 0.00>
ST_1 : Operation 29 [1/1] (1.16ns)   --->   "%headerFifo_read_1 = read i256 @_ssdm_op_Read.ap_fifo.volatile.i256P0A, i256 %headerFifo" [/opt/xilinx/Vitis_HLS/2020.2/common/technology/autopilot/hls_stream_39.h:145]   --->   Operation 29 'read' 'headerFifo_read_1' <Predicate = (ge_state_load == 1 & tmp_i_54 & tmp_4_i)> <Delay = 1.16> <CoreInst = "FIFO_SRL">   --->   Core 81 'FIFO_SRL' <Latency = 0> <II = 1> <Delay = 1.42> <Storage> <Opcode : 'read' 'write' 'nbread' 'nbwrite'> <Ports = 0> <Width = 256> <Depth = 2> <FIFO>
ST_1 : Operation 30 [1/1] (0.00ns) (grouped into LUT with out node p_Result_35)   --->   "%p_Val2_6 = partselect i112 @_ssdm_op_PartSelect.i112.i256.i32.i32, i256 %headerFifo_read_1, i32 128, i32 239" [/opt/xilinx/Vitis_HLS/2020.2/common/technology/autopilot/hls_stream_39.h:145]   --->   Operation 30 'partselect' 'p_Val2_6' <Predicate = (ge_state_load == 1 & tmp_i_54 & tmp_4_i)> <Delay = 0.00>
ST_1 : Operation 31 [1/1] (1.16ns)   --->   "%dataStreamBuffer4_read_1 = read i1024 @_ssdm_op_Read.ap_fifo.volatile.i1024P0A, i1024 %dataStreamBuffer4" [/opt/xilinx/Vitis_HLS/2020.2/common/technology/autopilot/hls_stream_39.h:145]   --->   Operation 31 'read' 'dataStreamBuffer4_read_1' <Predicate = (ge_state_load == 1 & tmp_i_54 & tmp_4_i)> <Delay = 1.16> <CoreInst = "FIFO_SRL">   --->   Core 81 'FIFO_SRL' <Latency = 0> <II = 1> <Delay = 1.33> <Storage> <Opcode : 'read' 'write' 'nbread' 'nbwrite'> <Ports = 0> <Width = 1024> <Depth = 2> <FIFO>
ST_1 : Operation 32 [1/1] (0.00ns)   --->   "%tmp_data_V_1 = trunc i1024 %dataStreamBuffer4_read_1" [/opt/xilinx/Vitis_HLS/2020.2/common/technology/autopilot/hls_stream_39.h:145]   --->   Operation 32 'trunc' 'tmp_data_V_1' <Predicate = (ge_state_load == 1 & tmp_i_54 & tmp_4_i)> <Delay = 0.00>
ST_1 : Operation 33 [1/1] (0.00ns)   --->   "%tmp_last_V = bitselect i1 @_ssdm_op_BitSelect.i1.i1024.i32, i1024 %dataStreamBuffer4_read_1, i32 576" [/opt/xilinx/Vitis_HLS/2020.2/common/technology/autopilot/hls_stream_39.h:145]   --->   Operation 33 'bitselect' 'tmp_last_V' <Predicate = (ge_state_load == 1 & tmp_i_54 & tmp_4_i)> <Delay = 0.00>
ST_1 : Operation 34 [1/1] (0.00ns)   --->   "%tmp_1 = partselect i16 @_ssdm_op_PartSelect.i16.i256.i32.i32, i256 %headerFifo_read_1, i32 16, i32 31" [/home/haiyang3/eth-axi-streamer/fpga-network-stack/hls/mac_ip_encode/../ethernet/../packet.hpp:76]   --->   Operation 34 'partselect' 'tmp_1' <Predicate = (ge_state_load == 1 & tmp_i_54 & tmp_4_i)> <Delay = 0.00>
ST_1 : Operation 35 [1/1] (0.00ns)   --->   "%and_ln76_1 = bitconcatenate i25 @_ssdm_op_BitConcatenate.i25.i16.i9, i16 %tmp_1, i9 0" [/home/haiyang3/eth-axi-streamer/fpga-network-stack/hls/mac_ip_encode/../ethernet/../packet.hpp:76]   --->   Operation 35 'bitconcatenate' 'and_ln76_1' <Predicate = (ge_state_load == 1 & tmp_i_54 & tmp_4_i)> <Delay = 0.00>
ST_1 : Operation 36 [1/1] (0.77ns)   --->   "%icmp_ln82 = icmp_ult  i25 %and_ln76_1, i25 112" [/home/haiyang3/eth-axi-streamer/fpga-network-stack/hls/mac_ip_encode/../ethernet/../packet.hpp:82]   --->   Operation 36 'icmp' 'icmp_ln82' <Predicate = (ge_state_load == 1 & tmp_i_54 & tmp_4_i)> <Delay = 0.77> <CoreInst = "Cmp">   --->   Core 9 'Cmp' <Latency = 0> <II = 1> <Delay = 0.77> <FuncUnit> <Opcode : 'icmp'> <InPorts = 2> <OutPorts = 1>
ST_1 : Operation 37 [1/1] (0.77ns)   --->   "%icmp_ln674_1 = icmp_ugt  i25 %and_ln76_1, i25 111"   --->   Operation 37 'icmp' 'icmp_ln674_1' <Predicate = (ge_state_load == 1 & tmp_i_54 & tmp_4_i)> <Delay = 0.77> <CoreInst = "Cmp">   --->   Core 9 'Cmp' <Latency = 0> <II = 1> <Delay = 0.77> <FuncUnit> <Opcode : 'icmp'> <InPorts = 2> <OutPorts = 1>
ST_1 : Operation 38 [1/1] (0.00ns) (grouped into LUT with out node p_Result_35)   --->   "%tmp_72 = bitselect i1 @_ssdm_op_BitSelect.i1.i256.i32, i256 %headerFifo_read_1, i32 128"   --->   Operation 38 'bitselect' 'tmp_72' <Predicate = (ge_state_load == 1 & tmp_i_54 & tmp_4_i)> <Delay = 0.00>
ST_1 : Operation 39 [1/1] (0.00ns) (grouped into LUT with out node p_Result_35)   --->   "%tmp_73 = bitselect i1 @_ssdm_op_BitSelect.i1.i256.i32, i256 %headerFifo_read_1, i32 239"   --->   Operation 39 'bitselect' 'tmp_73' <Predicate = (ge_state_load == 1 & tmp_i_54 & tmp_4_i)> <Delay = 0.00>
ST_1 : Operation 40 [1/1] (0.00ns) (grouped into LUT with out node p_Result_35)   --->   "%select_ln674_3 = select i1 %icmp_ln674_1, i1 %tmp_72, i1 %tmp_73"   --->   Operation 40 'select' 'select_ln674_3' <Predicate = (ge_state_load == 1 & tmp_i_54 & tmp_4_i)> <Delay = 0.00> <CoreInst = "Sel">   --->   Core 73 'Sel' <Latency = 0> <II = 1> <Delay = 0.31> <FuncUnit> <Opcode : 'select'> <InPorts = 3> <OutPorts = 1>
ST_1 : Operation 41 [1/1] (0.00ns) (grouped into LUT with out node p_Result_35)   --->   "%zext_ln674_1 = zext i1 %select_ln674_3"   --->   Operation 41 'zext' 'zext_ln674_1' <Predicate = (ge_state_load == 1 & tmp_i_54 & tmp_4_i)> <Delay = 0.00>
ST_1 : Operation 42 [1/1] (0.00ns) (grouped into LUT with out node p_Result_35)   --->   "%select_ln674_4 = select i1 %icmp_ln674_1, i112 %zext_ln674_1, i112 %p_Val2_6"   --->   Operation 42 'select' 'select_ln674_4' <Predicate = (ge_state_load == 1 & tmp_i_54 & tmp_4_i)> <Delay = 0.00> <CoreInst = "Sel">   --->   Core 73 'Sel' <Latency = 0> <II = 1> <Delay = 0.31> <FuncUnit> <Opcode : 'select'> <InPorts = 3> <OutPorts = 1>
ST_1 : Operation 43 [1/1] (0.00ns) (grouped into LUT with out node p_Result_35)   --->   "%select_ln674_5 = select i1 %icmp_ln674_1, i112 262143, i112 5192296858534827628530496329220095"   --->   Operation 43 'select' 'select_ln674_5' <Predicate = (ge_state_load == 1 & tmp_i_54 & tmp_4_i)> <Delay = 0.00> <CoreInst = "Sel">   --->   Core 73 'Sel' <Latency = 0> <II = 1> <Delay = 0.31> <FuncUnit> <Opcode : 'select'> <InPorts = 3> <OutPorts = 1>
ST_1 : Operation 44 [1/1] (0.34ns) (out node of the LUT)   --->   "%p_Result_35 = and i112 %select_ln674_4, i112 %select_ln674_5"   --->   Operation 44 'and' 'p_Result_35' <Predicate = (ge_state_load == 1 & tmp_i_54 & tmp_4_i)> <Delay = 0.34> <CoreInst = "LogicGate">   --->   Core 74 'LogicGate' <Latency = 0> <II = 1> <Delay = 0.26> <FuncUnit> <Opcode : 'and' 'or' 'xor'> <InPorts = 2> <OutPorts = 1>
ST_1 : Operation 45 [1/1] (0.00ns)   --->   "%tmp_2 = partselect i65 @_ssdm_op_PartSelect.i65.i1024.i32.i32, i1024 %dataStreamBuffer4_read_1, i32 512, i32 576" [/opt/xilinx/Vitis_HLS/2020.2/common/technology/autopilot/hls_stream_39.h:174]   --->   Operation 45 'partselect' 'tmp_2' <Predicate = (ge_state_load == 1 & tmp_i_54 & tmp_4_i)> <Delay = 0.00>
ST_1 : Operation 46 [1/1] (0.00ns)   --->   "%br_ln250 = br i1 %tmp_last_V, void, void" [/home/haiyang3/eth-axi-streamer/fpga-network-stack/hls/mac_ip_encode/mac_ip_encode.cpp:250]   --->   Operation 46 'br' 'br_ln250' <Predicate = (ge_state_load == 1 & tmp_i_54 & tmp_4_i)> <Delay = 0.00>
ST_1 : Operation 47 [1/1] (0.38ns)   --->   "%store_ln252 = store i2 2, i2 %ge_state" [/home/haiyang3/eth-axi-streamer/fpga-network-stack/hls/mac_ip_encode/mac_ip_encode.cpp:252]   --->   Operation 47 'store' 'store_ln252' <Predicate = (ge_state_load == 1 & tmp_i_54 & tmp_4_i & !tmp_last_V)> <Delay = 0.38>
ST_1 : Operation 48 [1/1] (0.00ns)   --->   "%br_ln253 = br void %insert_ethernet_header<512>.exit" [/home/haiyang3/eth-axi-streamer/fpga-network-stack/hls/mac_ip_encode/mac_ip_encode.cpp:253]   --->   Operation 48 'br' 'br_ln253' <Predicate = (ge_state_load == 1 & tmp_i_54 & tmp_4_i & !tmp_last_V)> <Delay = 0.00>
ST_1 : Operation 49 [1/1] (0.38ns)   --->   "%store_ln256 = store i2 1, i2 %ge_state" [/home/haiyang3/eth-axi-streamer/fpga-network-stack/hls/mac_ip_encode/mac_ip_encode.cpp:256]   --->   Operation 49 'store' 'store_ln256' <Predicate = (ge_state_load == 1 & tmp_i_54 & tmp_4_i & tmp_last_V)> <Delay = 0.38>
ST_1 : Operation 50 [1/1] (0.00ns)   --->   "%br_ln0 = br void %insert_ethernet_header<512>.exit"   --->   Operation 50 'br' 'br_ln0' <Predicate = (ge_state_load == 1 & tmp_i_54 & tmp_4_i & tmp_last_V)> <Delay = 0.00>
ST_1 : Operation 51 [1/1] (0.00ns)   --->   "%tmp_i = nbreadreq i1 @_ssdm_op_NbReadReq.ap_fifo.i256P0A, i256 %headerFifo, i32 1" [/opt/xilinx/Vitis_HLS/2020.2/common/technology/autopilot/hls_stream_39.h:136]   --->   Operation 51 'nbreadreq' 'tmp_i' <Predicate = (ge_state_load == 0)> <Delay = 0.00> <CoreInst = "FIFO_SRL">   --->   Core 81 'FIFO_SRL' <Latency = 0> <II = 1> <Delay = 1.42> <Storage> <Opcode : 'read' 'write' 'nbread' 'nbwrite'> <Ports = 0> <Width = 256> <Depth = 2> <FIFO>
ST_1 : Operation 52 [1/1] (0.00ns)   --->   "%br_ln226 = br i1 %tmp_i, void %insert_ethernet_header<512>.exit, void %_ifconv" [/home/haiyang3/eth-axi-streamer/fpga-network-stack/hls/mac_ip_encode/mac_ip_encode.cpp:226]   --->   Operation 52 'br' 'br_ln226' <Predicate = (ge_state_load == 0)> <Delay = 0.00>
ST_1 : Operation 53 [1/1] (1.16ns)   --->   "%headerFifo_read = read i256 @_ssdm_op_Read.ap_fifo.volatile.i256P0A, i256 %headerFifo" [/opt/xilinx/Vitis_HLS/2020.2/common/technology/autopilot/hls_stream_39.h:145]   --->   Operation 53 'read' 'headerFifo_read' <Predicate = (ge_state_load == 0 & tmp_i)> <Delay = 1.16> <CoreInst = "FIFO_SRL">   --->   Core 81 'FIFO_SRL' <Latency = 0> <II = 1> <Delay = 1.42> <Storage> <Opcode : 'read' 'write' 'nbread' 'nbwrite'> <Ports = 0> <Width = 256> <Depth = 2> <FIFO>
ST_1 : Operation 54 [1/1] (0.00ns) (grouped into LUT with out node p_Result_s)   --->   "%p_Val2_s = partselect i112 @_ssdm_op_PartSelect.i112.i256.i32.i32, i256 %headerFifo_read, i32 128, i32 239" [/opt/xilinx/Vitis_HLS/2020.2/common/technology/autopilot/hls_stream_39.h:145]   --->   Operation 54 'partselect' 'p_Val2_s' <Predicate = (ge_state_load == 0 & tmp_i)> <Delay = 0.00>
ST_1 : Operation 55 [1/1] (0.00ns)   --->   "%tmp = partselect i16 @_ssdm_op_PartSelect.i16.i256.i32.i32, i256 %headerFifo_read, i32 16, i32 31" [/home/haiyang3/eth-axi-streamer/fpga-network-stack/hls/mac_ip_encode/../ethernet/../packet.hpp:76]   --->   Operation 55 'partselect' 'tmp' <Predicate = (ge_state_load == 0 & tmp_i)> <Delay = 0.00>
ST_1 : Operation 56 [1/1] (0.00ns)   --->   "%and_ln = bitconcatenate i25 @_ssdm_op_BitConcatenate.i25.i16.i9, i16 %tmp, i9 0" [/home/haiyang3/eth-axi-streamer/fpga-network-stack/hls/mac_ip_encode/../ethernet/../packet.hpp:76]   --->   Operation 56 'bitconcatenate' 'and_ln' <Predicate = (ge_state_load == 0 & tmp_i)> <Delay = 0.00>
ST_1 : Operation 57 [1/1] (0.77ns)   --->   "%icmp_ln674 = icmp_ugt  i25 %and_ln, i25 111"   --->   Operation 57 'icmp' 'icmp_ln674' <Predicate = (ge_state_load == 0 & tmp_i)> <Delay = 0.77> <CoreInst = "Cmp">   --->   Core 9 'Cmp' <Latency = 0> <II = 1> <Delay = 0.77> <FuncUnit> <Opcode : 'icmp'> <InPorts = 2> <OutPorts = 1>
ST_1 : Operation 58 [1/1] (0.00ns) (grouped into LUT with out node p_Result_s)   --->   "%tmp_68 = bitselect i1 @_ssdm_op_BitSelect.i1.i256.i32, i256 %headerFifo_read, i32 128"   --->   Operation 58 'bitselect' 'tmp_68' <Predicate = (ge_state_load == 0 & tmp_i)> <Delay = 0.00>
ST_1 : Operation 59 [1/1] (0.00ns) (grouped into LUT with out node p_Result_s)   --->   "%tmp_69 = bitselect i1 @_ssdm_op_BitSelect.i1.i256.i32, i256 %headerFifo_read, i32 239"   --->   Operation 59 'bitselect' 'tmp_69' <Predicate = (ge_state_load == 0 & tmp_i)> <Delay = 0.00>
ST_1 : Operation 60 [1/1] (0.00ns) (grouped into LUT with out node p_Result_s)   --->   "%select_ln674 = select i1 %icmp_ln674, i1 %tmp_68, i1 %tmp_69"   --->   Operation 60 'select' 'select_ln674' <Predicate = (ge_state_load == 0 & tmp_i)> <Delay = 0.00> <CoreInst = "Sel">   --->   Core 73 'Sel' <Latency = 0> <II = 1> <Delay = 0.31> <FuncUnit> <Opcode : 'select'> <InPorts = 3> <OutPorts = 1>
ST_1 : Operation 61 [1/1] (0.00ns) (grouped into LUT with out node p_Result_s)   --->   "%zext_ln674 = zext i1 %select_ln674"   --->   Operation 61 'zext' 'zext_ln674' <Predicate = (ge_state_load == 0 & tmp_i)> <Delay = 0.00>
ST_1 : Operation 62 [1/1] (0.00ns) (grouped into LUT with out node p_Result_s)   --->   "%select_ln674_1 = select i1 %icmp_ln674, i112 %zext_ln674, i112 %p_Val2_s"   --->   Operation 62 'select' 'select_ln674_1' <Predicate = (ge_state_load == 0 & tmp_i)> <Delay = 0.00> <CoreInst = "Sel">   --->   Core 73 'Sel' <Latency = 0> <II = 1> <Delay = 0.31> <FuncUnit> <Opcode : 'select'> <InPorts = 3> <OutPorts = 1>
ST_1 : Operation 63 [1/1] (0.00ns) (grouped into LUT with out node p_Result_s)   --->   "%select_ln674_2 = select i1 %icmp_ln674, i112 262143, i112 5192296858534827628530496329220095"   --->   Operation 63 'select' 'select_ln674_2' <Predicate = (ge_state_load == 0 & tmp_i)> <Delay = 0.00> <CoreInst = "Sel">   --->   Core 73 'Sel' <Latency = 0> <II = 1> <Delay = 0.31> <FuncUnit> <Opcode : 'select'> <InPorts = 3> <OutPorts = 1>
ST_1 : Operation 64 [1/1] (0.34ns) (out node of the LUT)   --->   "%p_Result_s = and i112 %select_ln674_1, i112 %select_ln674_2"   --->   Operation 64 'and' 'p_Result_s' <Predicate = (ge_state_load == 0 & tmp_i)> <Delay = 0.34> <CoreInst = "LogicGate">   --->   Core 74 'LogicGate' <Latency = 0> <II = 1> <Delay = 0.26> <FuncUnit> <Opcode : 'and' 'or' 'xor'> <InPorts = 2> <OutPorts = 1>
ST_1 : Operation 65 [1/1] (0.38ns)   --->   "%store_ln232 = store i2 1, i2 %ge_state" [/home/haiyang3/eth-axi-streamer/fpga-network-stack/hls/mac_ip_encode/mac_ip_encode.cpp:232]   --->   Operation 65 'store' 'store_ln232' <Predicate = (ge_state_load == 0 & tmp_i)> <Delay = 0.38>
ST_1 : Operation 66 [1/1] (0.00ns)   --->   "%br_ln236 = br void %insert_ethernet_header<512>.exit" [/home/haiyang3/eth-axi-streamer/fpga-network-stack/hls/mac_ip_encode/mac_ip_encode.cpp:236]   --->   Operation 66 'br' 'br_ln236' <Predicate = (ge_state_load == 0 & tmp_i)> <Delay = 0.00>

State 2 <SV = 1> <Delay = 1.74>
ST_2 : Operation 67 [1/1] (1.16ns)   --->   "%write_ln174 = write void @_ssdm_op_Write.ap_fifo.volatile.i1024P0A, i1024 %dataOut_internal, i1024 %dataStreamBuffer4_read" [/opt/xilinx/Vitis_HLS/2020.2/common/technology/autopilot/hls_stream_39.h:174]   --->   Operation 67 'write' 'write_ln174' <Predicate = (ge_state_load == 2 & tmp_3_i)> <Delay = 1.16> <CoreInst = "FIFO_SRL">   --->   Core 81 'FIFO_SRL' <Latency = 0> <II = 1> <Delay = 1.33> <Storage> <Opcode : 'read' 'write' 'nbread' 'nbwrite'> <Ports = 0> <Width = 1024> <Depth = 2> <FIFO>
ST_2 : Operation 68 [1/1] (0.00ns) (grouped into LUT with out node currWord_data_V)   --->   "%p_Result_36 = partset i512 @llvm.part.set.i512.i112, i512 %tmp_data_V_1, i112 %p_Result_35, i32 0, i32 111"   --->   Operation 68 'partset' 'p_Result_36' <Predicate = (ge_state_load == 1 & tmp_i_54 & tmp_4_i & icmp_ln82)> <Delay = 0.00>
ST_2 : Operation 69 [1/1] (0.57ns) (out node of the LUT)   --->   "%currWord_data_V = select i1 %icmp_ln82, i512 %p_Result_36, i512 %tmp_data_V_1" [/home/haiyang3/eth-axi-streamer/fpga-network-stack/hls/mac_ip_encode/../ethernet/../packet.hpp:82]   --->   Operation 69 'select' 'currWord_data_V' <Predicate = (ge_state_load == 1 & tmp_i_54 & tmp_4_i)> <Delay = 0.57> <CoreInst = "Sel">   --->   Core 73 'Sel' <Latency = 0> <II = 1> <Delay = 0.31> <FuncUnit> <Opcode : 'select'> <InPorts = 3> <OutPorts = 1>
ST_2 : Operation 70 [1/1] (0.00ns)   --->   "%tmp_s = bitconcatenate i577 @_ssdm_op_BitConcatenate.i577.i65.i512, i65 %tmp_2, i512 %currWord_data_V" [/opt/xilinx/Vitis_HLS/2020.2/common/technology/autopilot/hls_stream_39.h:174]   --->   Operation 70 'bitconcatenate' 'tmp_s' <Predicate = (ge_state_load == 1 & tmp_i_54 & tmp_4_i)> <Delay = 0.00>
ST_2 : Operation 71 [1/1] (0.00ns)   --->   "%zext_ln174_1 = zext i577 %tmp_s" [/opt/xilinx/Vitis_HLS/2020.2/common/technology/autopilot/hls_stream_39.h:174]   --->   Operation 71 'zext' 'zext_ln174_1' <Predicate = (ge_state_load == 1 & tmp_i_54 & tmp_4_i)> <Delay = 0.00>
ST_2 : Operation 72 [1/1] (1.16ns)   --->   "%write_ln174 = write void @_ssdm_op_Write.ap_fifo.volatile.i1024P0A, i1024 %dataOut_internal, i1024 %zext_ln174_1" [/opt/xilinx/Vitis_HLS/2020.2/common/technology/autopilot/hls_stream_39.h:174]   --->   Operation 72 'write' 'write_ln174' <Predicate = (ge_state_load == 1 & tmp_i_54 & tmp_4_i)> <Delay = 1.16> <CoreInst = "FIFO_SRL">   --->   Core 81 'FIFO_SRL' <Latency = 0> <II = 1> <Delay = 1.33> <Storage> <Opcode : 'read' 'write' 'nbread' 'nbwrite'> <Ports = 0> <Width = 1024> <Depth = 2> <FIFO>
ST_2 : Operation 73 [1/1] (0.00ns)   --->   "%p_Result_34 = partset i512 @llvm.part.set.i512.i112, i512 0, i112 %p_Result_s, i32 0, i32 111"   --->   Operation 73 'partset' 'p_Result_34' <Predicate = (ge_state_load == 0 & tmp_i)> <Delay = 0.00>
ST_2 : Operation 74 [1/1] (0.00ns)   --->   "%or_ln = bitconcatenate i513 @_ssdm_op_BitConcatenate.i513.i1.i512, i1 1, i512 %p_Result_34" [/opt/xilinx/Vitis_HLS/2020.2/common/technology/autopilot/hls_stream_39.h:174]   --->   Operation 74 'bitconcatenate' 'or_ln' <Predicate = (ge_state_load == 0 & tmp_i)> <Delay = 0.00>
ST_2 : Operation 75 [1/1] (0.00ns)   --->   "%sext_ln174 = sext i513 %or_ln" [/opt/xilinx/Vitis_HLS/2020.2/common/technology/autopilot/hls_stream_39.h:174]   --->   Operation 75 'sext' 'sext_ln174' <Predicate = (ge_state_load == 0 & tmp_i)> <Delay = 0.00>
ST_2 : Operation 76 [1/1] (0.00ns)   --->   "%zext_ln174 = zext i576 %sext_ln174" [/opt/xilinx/Vitis_HLS/2020.2/common/technology/autopilot/hls_stream_39.h:174]   --->   Operation 76 'zext' 'zext_ln174' <Predicate = (ge_state_load == 0 & tmp_i)> <Delay = 0.00>
ST_2 : Operation 77 [1/1] (1.16ns)   --->   "%write_ln174 = write void @_ssdm_op_Write.ap_fifo.volatile.i1024P0A, i1024 %dataOut_internal, i1024 %zext_ln174" [/opt/xilinx/Vitis_HLS/2020.2/common/technology/autopilot/hls_stream_39.h:174]   --->   Operation 77 'write' 'write_ln174' <Predicate = (ge_state_load == 0 & tmp_i)> <Delay = 1.16> <CoreInst = "FIFO_SRL">   --->   Core 81 'FIFO_SRL' <Latency = 0> <II = 1> <Delay = 1.33> <Storage> <Opcode : 'read' 'write' 'nbread' 'nbwrite'> <Ports = 0> <Width = 1024> <Depth = 2> <FIFO>
ST_2 : Operation 78 [1/1] (0.00ns)   --->   "%ret_ln0 = ret"   --->   Operation 78 'ret' 'ret_ln0' <Predicate = true> <Delay = 0.00>


============================================================
+ Verbose Summary: Timing violations
============================================================
Target clock period: 3.2ns, clock uncertainty: 0.864ns.

 <State 1>: 2.3ns
The critical path consists of the following:
	fifo read on port 'headerFifo' (/opt/xilinx/Vitis_HLS/2020.2/common/technology/autopilot/hls_stream_39.h:145) [74]  (1.17 ns)
	'icmp' operation ('icmp_ln674') [78]  (0.779 ns)
	'select' operation ('select_ln674_1') [83]  (0 ns)
	'and' operation ('__Result__') [85]  (0.349 ns)

 <State 2>: 1.75ns
The critical path consists of the following:
	'select' operation ('currWord.data.V', /home/haiyang3/eth-axi-streamer/fpga-network-stack/hls/mac_ip_encode/../ethernet/../packet.hpp:82) [58]  (0.578 ns)
	fifo write on port 'dataOut_internal' (/opt/xilinx/Vitis_HLS/2020.2/common/technology/autopilot/hls_stream_39.h:174) [62]  (1.17 ns)


============================================================
+ Verbose Summary: Binding
============================================================
N/A
* FSMD analyzer results:
  - Output states:
 - Input state : 
  - Chain level:
	State 1
	State 2


============================================================
+ Verbose Summary: Datapath Resource usage 
============================================================
N/A
