

================================================================
== Vitis HLS Report for 'mac_ip_encode_top_entry3'
================================================================
* Date:           Tue Jul 19 06:04:22 2022

* Version:        2020.2 (Build 3064766 on Wed Nov 18 09:12:47 MST 2020)
* Project:        mac_ip_encode_prj
* Solution:       solution1 (Vivado IP Flow Target)
* Product family: virtexuplus
* Target device:  xcvu3p-ffvc1517-2-i


================================================================
== Performance Estimates
================================================================
+ Timing: 
    * Summary: 
    +--------+---------+----------+------------+
    |  Clock |  Target | Estimated| Uncertainty|
    +--------+---------+----------+------------+
    |ap_clk  |  3.20 ns|  1.168 ns|     0.86 ns|
    +--------+---------+----------+------------+

+ Latency: 
    * Summary: 
    +---------+---------+----------+----------+-----+-----+---------+
    |  Latency (cycles) |  Latency (absolute) |  Interval | Pipeline|
    |   min   |   max   |    min   |    max   | min | max |   Type  |
    +---------+---------+----------+----------+-----+-----+---------+
    |        0|        0|      0 ns|      0 ns|    0|    0|     none|
    +---------+---------+----------+----------+-----+-----+---------+

    + Detail: 
        * Instance: 
        N/A

        * Loop: 
        N/A

============================================================
+ Verbose Summary: Synthesis Manager
============================================================
InlineROM: 1
ExposeGlobal: 0
============================================================
+ Verbose Summary: CDFG Model
============================================================
IsTopModel: 0
ResetActiveHigh: 1
IsCombinational: 2
IsDatapathOnly: 0
HasWiredReturn: 1
HasMFsm: 0
HasVarLatency: 0
IsPipeline: 0
IsRtlPipelined: 0
IsInstanceOverlapped: 0
IsDontTouch: 0
HasImplIP: 0
IsGatedGlobalClock: 0


============================================================
+ Verbose Summary: Schedule
============================================================
* Number of FSM states : 1
* Pipeline : 0
* Dataflow Pipeline: 0

* FSM state transitions: 
1 --> 

* FSM state operations: 

State 1 <SV = 0> <Delay = 1.16>
ST_1 : Operation 2 [1/1] (0.00ns)   --->   "%specinterface_ln0 = specinterface void @_ssdm_op_SpecInterface, i48 %myMacAddress_out, void @ap_fifo_str, i32 0, i32 0, void @p_str, i32 0, i32 0, void @p_str, void @p_str, void @p_str, i32 2, i32 2, i32 16, i32 16, void @p_str, void @ScalarProp_str"   --->   Operation 2 'specinterface' 'specinterface_ln0' <Predicate = true> <Delay = 0.00>
ST_1 : Operation 3 [1/1] (0.00ns)   --->   "%regDefaultGateway_read = read i32 @_ssdm_op_Read.ap_auto.i32, i32 %regDefaultGateway" [/home/haiyang3/eth-axi-streamer/fpga-network-stack/hls/mac_ip_encode/mac_ip_encode.cpp:374]   --->   Operation 3 'read' 'regDefaultGateway_read' <Predicate = true> <Delay = 0.00>
ST_1 : Operation 4 [1/1] (0.00ns)   --->   "%regSubNetMask_read = read i32 @_ssdm_op_Read.ap_auto.i32, i32 %regSubNetMask" [/home/haiyang3/eth-axi-streamer/fpga-network-stack/hls/mac_ip_encode/mac_ip_encode.cpp:374]   --->   Operation 4 'read' 'regSubNetMask_read' <Predicate = true> <Delay = 0.00>
ST_1 : Operation 5 [1/1] (0.00ns)   --->   "%myMacAddress_read = read i48 @_ssdm_op_Read.ap_auto.i48, i48 %myMacAddress" [/home/haiyang3/eth-axi-streamer/fpga-network-stack/hls/mac_ip_encode/mac_ip_encode.cpp:374]   --->   Operation 5 'read' 'myMacAddress_read' <Predicate = true> <Delay = 0.00>
ST_1 : Operation 6 [1/1] (1.16ns)   --->   "%write_ln374 = write void @_ssdm_op_Write.ap_fifo.i48P0A, i48 %myMacAddress_out, i48 %myMacAddress_read" [/home/haiyang3/eth-axi-streamer/fpga-network-stack/hls/mac_ip_encode/mac_ip_encode.cpp:374]   --->   Operation 6 'write' 'write_ln374' <Predicate = true> <Delay = 1.16> <CoreInst = "FIFO_SRL">   --->   Core 81 'FIFO_SRL' <Latency = 0> <II = 1> <Delay = 1.40> <Storage> <Opcode : 'read' 'write' 'nbread' 'nbwrite'> <Ports = 0> <Width = 48> <Depth = 2> <FIFO>
ST_1 : Operation 7 [1/1] (0.00ns)   --->   "%specinterface_ln0 = specinterface void @_ssdm_op_SpecInterface, i32 %regSubNetMask_out, void @ap_fifo_str, i32 0, i32 0, void @p_str, i32 0, i32 0, void @p_str, void @p_str, void @p_str, i32 2, i32 2, i32 16, i32 16, void @p_str, void @ScalarProp_str"   --->   Operation 7 'specinterface' 'specinterface_ln0' <Predicate = true> <Delay = 0.00>
ST_1 : Operation 8 [1/1] (1.16ns)   --->   "%write_ln374 = write void @_ssdm_op_Write.ap_fifo.i32P0A, i32 %regSubNetMask_out, i32 %regSubNetMask_read" [/home/haiyang3/eth-axi-streamer/fpga-network-stack/hls/mac_ip_encode/mac_ip_encode.cpp:374]   --->   Operation 8 'write' 'write_ln374' <Predicate = true> <Delay = 1.16> <CoreInst = "FIFO_SRL">   --->   Core 81 'FIFO_SRL' <Latency = 0> <II = 1> <Delay = 1.39> <Storage> <Opcode : 'read' 'write' 'nbread' 'nbwrite'> <Ports = 0> <Width = 32> <Depth = 2> <FIFO>
ST_1 : Operation 9 [1/1] (0.00ns)   --->   "%specinterface_ln0 = specinterface void @_ssdm_op_SpecInterface, i32 %regDefaultGateway_out, void @ap_fifo_str, i32 0, i32 0, void @p_str, i32 0, i32 0, void @p_str, void @p_str, void @p_str, i32 2, i32 2, i32 16, i32 16, void @p_str, void @ScalarProp_str"   --->   Operation 9 'specinterface' 'specinterface_ln0' <Predicate = true> <Delay = 0.00>
ST_1 : Operation 10 [1/1] (1.16ns)   --->   "%write_ln374 = write void @_ssdm_op_Write.ap_fifo.i32P0A, i32 %regDefaultGateway_out, i32 %regDefaultGateway_read" [/home/haiyang3/eth-axi-streamer/fpga-network-stack/hls/mac_ip_encode/mac_ip_encode.cpp:374]   --->   Operation 10 'write' 'write_ln374' <Predicate = true> <Delay = 1.16> <CoreInst = "FIFO_SRL">   --->   Core 81 'FIFO_SRL' <Latency = 0> <II = 1> <Delay = 1.39> <Storage> <Opcode : 'read' 'write' 'nbread' 'nbwrite'> <Ports = 0> <Width = 32> <Depth = 2> <FIFO>
ST_1 : Operation 11 [1/1] (0.00ns)   --->   "%ret_ln374 = ret" [/home/haiyang3/eth-axi-streamer/fpga-network-stack/hls/mac_ip_encode/mac_ip_encode.cpp:374]   --->   Operation 11 'ret' 'ret_ln374' <Predicate = true> <Delay = 0.00>


============================================================
+ Verbose Summary: Timing violations
============================================================
Target clock period: 3.2ns, clock uncertainty: 0.864ns.

 <State 1>: 1.17ns
The critical path consists of the following:
	wire read on port 'myMacAddress' (/home/haiyang3/eth-axi-streamer/fpga-network-stack/hls/mac_ip_encode/mac_ip_encode.cpp:374) [10]  (0 ns)
	fifo write on port 'myMacAddress_out' (/home/haiyang3/eth-axi-streamer/fpga-network-stack/hls/mac_ip_encode/mac_ip_encode.cpp:374) [11]  (1.17 ns)


============================================================
+ Verbose Summary: Binding
============================================================
N/A
* FSMD analyzer results:
  - Output states:
 - Input state : 
  - Chain level:
	State 1


============================================================
+ Verbose Summary: Datapath Resource usage 
============================================================
N/A
