

================================================================
== Vitis HLS Report for 'mac_lshiftWordByOctet_512_1_s'
================================================================
* Date:           Tue Jul 19 06:04:29 2022

* Version:        2020.2 (Build 3064766 on Wed Nov 18 09:12:47 MST 2020)
* Project:        mac_ip_encode_prj
* Solution:       solution1 (Vivado IP Flow Target)
* Product family: virtexuplus
* Target device:  xcvu3p-ffvc1517-2-i


================================================================
== Performance Estimates
================================================================
+ Timing: 
    * Summary: 
    +--------+---------+----------+------------+
    |  Clock |  Target | Estimated| Uncertainty|
    +--------+---------+----------+------------+
    |ap_clk  |  3.20 ns|  2.329 ns|     0.86 ns|
    +--------+---------+----------+------------+

+ Latency: 
    * Summary: 
    +---------+---------+----------+----------+-----+-----+---------+
    |  Latency (cycles) |  Latency (absolute) |  Interval | Pipeline|
    |   min   |   max   |    min   |    max   | min | max |   Type  |
    +---------+---------+----------+----------+-----+-----+---------+
    |        1|        1|  3.200 ns|  3.200 ns|    1|    1|      yes|
    +---------+---------+----------+----------+-----+-----+---------+

    + Detail: 
        * Instance: 
        N/A

        * Loop: 
        N/A

============================================================
+ Verbose Summary: Synthesis Manager
============================================================
InlineROM: 1
ExposeGlobal: 0
============================================================
+ Verbose Summary: CDFG Model
============================================================
IsTopModel: 0
ResetActiveHigh: 1
IsCombinational: 2
IsDatapathOnly: 0
HasWiredReturn: 1
HasMFsm: 2
HasVarLatency: 0
IsPipeline: 1
IsRtlPipelined: 1
IsInstanceOverlapped: 0
IsDontTouch: 0
HasImplIP: 0
IsGatedGlobalClock: 0

+ Individual pipeline summary: 
  * Pipeline-0: initiation interval (II) = 1, depth = 2


============================================================
+ Verbose Summary: Schedule
============================================================
* Number of FSM states : 2
* Pipeline : 1
  Pipeline-0 : II = 1, D = 2, States = { 1 2 }
* Dataflow Pipeline: 0

* FSM state transitions: 
1 --> 2 
2 --> 

* FSM state operations: 

State 1 <SV = 0> <Delay = 2.32>
ST_1 : Operation 3 [1/1] (0.00ns)   --->   "%specinterface_ln0 = specinterface void @_ssdm_op_SpecInterface, i1024 %dataStreamBuffer3, void @empty_2, i32 0, i32 0, void @empty_0, i32 0, i32 0, void @empty_0, void @empty_0, void @empty_0, i32 0, i32 0, i32 0, i32 0, void @empty_0, void @empty_0"   --->   Operation 3 'specinterface' 'specinterface_ln0' <Predicate = true> <Delay = 0.00>
ST_1 : Operation 4 [1/1] (0.00ns)   --->   "%specinterface_ln0 = specinterface void @_ssdm_op_SpecInterface, i1024 %dataStreamBuffer3, void @empty_2, i32 0, i32 0, void @empty_0, i32 0, i32 0, void @empty_0, void @empty_0, void @empty_0, i32 0, i32 0, i32 0, i32 0, void @empty_0, void @empty_0"   --->   Operation 4 'specinterface' 'specinterface_ln0' <Predicate = true> <Delay = 0.00>
ST_1 : Operation 5 [1/1] (0.00ns)   --->   "%specinterface_ln0 = specinterface void @_ssdm_op_SpecInterface, i1024 %dataStreamBuffer3, void @empty_2, i32 0, i32 0, void @empty_0, i32 0, i32 0, void @empty_0, void @empty_0, void @empty_0, i32 0, i32 0, i32 0, i32 0, void @empty_0, void @empty_0"   --->   Operation 5 'specinterface' 'specinterface_ln0' <Predicate = true> <Delay = 0.00>
ST_1 : Operation 6 [1/1] (0.00ns)   --->   "%specinterface_ln0 = specinterface void @_ssdm_op_SpecInterface, i1024 %dataStreamBuffer4, void @empty_2, i32 0, i32 0, void @empty_0, i32 0, i32 0, void @empty_0, void @empty_0, void @empty_0, i32 0, i32 0, i32 0, i32 0, void @empty_0, void @empty_0"   --->   Operation 6 'specinterface' 'specinterface_ln0' <Predicate = true> <Delay = 0.00>
ST_1 : Operation 7 [1/1] (0.00ns)   --->   "%specinterface_ln0 = specinterface void @_ssdm_op_SpecInterface, i1024 %dataStreamBuffer4, void @empty_2, i32 0, i32 0, void @empty_0, i32 0, i32 0, void @empty_0, void @empty_0, void @empty_0, i32 0, i32 0, i32 0, i32 0, void @empty_0, void @empty_0"   --->   Operation 7 'specinterface' 'specinterface_ln0' <Predicate = true> <Delay = 0.00>
ST_1 : Operation 8 [1/1] (0.00ns)   --->   "%specinterface_ln0 = specinterface void @_ssdm_op_SpecInterface, i1024 %dataStreamBuffer4, void @empty_2, i32 0, i32 0, void @empty_0, i32 0, i32 0, void @empty_0, void @empty_0, void @empty_0, i32 0, i32 0, i32 0, i32 0, void @empty_0, void @empty_0"   --->   Operation 8 'specinterface' 'specinterface_ln0' <Predicate = true> <Delay = 0.00>
ST_1 : Operation 9 [1/1] (0.00ns)   --->   "%specinterface_ln0 = specinterface void @_ssdm_op_SpecInterface, i1024 %dataStreamBuffer4, void @empty_2, i32 0, i32 0, void @empty_0, i32 0, i32 0, void @empty_0, void @empty_0, void @empty_0, i32 0, i32 0, i32 0, i32 0, void @empty_0, void @empty_0"   --->   Operation 9 'specinterface' 'specinterface_ln0' <Predicate = true> <Delay = 0.00>
ST_1 : Operation 10 [1/1] (0.00ns)   --->   "%specinterface_ln0 = specinterface void @_ssdm_op_SpecInterface, i1024 %dataStreamBuffer3, void @empty_2, i32 0, i32 0, void @empty_0, i32 0, i32 0, void @empty_0, void @empty_0, void @empty_0, i32 0, i32 0, i32 0, i32 0, void @empty_0, void @empty_0"   --->   Operation 10 'specinterface' 'specinterface_ln0' <Predicate = true> <Delay = 0.00>
ST_1 : Operation 11 [1/1] (0.00ns)   --->   "%specpipeline_ln1162 = specpipeline void @_ssdm_op_SpecPipeline, i32 1, i32 0, i32 0, i32 0, void @empty_0" [/home/haiyang3/eth-axi-streamer/fpga-network-stack/hls/mac_ip_encode/../axi_utils.hpp:1162]   --->   Operation 11 'specpipeline' 'specpipeline_ln1162' <Predicate = true> <Delay = 0.00>
ST_1 : Operation 12 [1/1] (0.00ns)   --->   "%ls_writeRemainder_load = load i1 %ls_writeRemainder" [/home/haiyang3/eth-axi-streamer/fpga-network-stack/hls/mac_ip_encode/../axi_utils.hpp:1176]   --->   Operation 12 'load' 'ls_writeRemainder_load' <Predicate = true> <Delay = 0.00>
ST_1 : Operation 13 [1/1] (0.00ns)   --->   "%p_Val2_s = load i512 %prevWord_data_V"   --->   Operation 13 'load' 'p_Val2_s' <Predicate = true> <Delay = 0.00>
ST_1 : Operation 14 [1/1] (0.00ns)   --->   "%p_Val2_1 = load i64 %prevWord_keep_V"   --->   Operation 14 'load' 'p_Val2_1' <Predicate = true> <Delay = 0.00>
ST_1 : Operation 15 [1/1] (0.00ns)   --->   "%br_ln1176 = br i1 %ls_writeRemainder_load, void, void" [/home/haiyang3/eth-axi-streamer/fpga-network-stack/hls/mac_ip_encode/../axi_utils.hpp:1176]   --->   Operation 15 'br' 'br_ln1176' <Predicate = true> <Delay = 0.00>
ST_1 : Operation 16 [1/1] (0.00ns)   --->   "%tmp_i = nbreadreq i1 @_ssdm_op_NbReadReq.ap_fifo.i1024P0A, i1024 %dataStreamBuffer3, i32 1" [/opt/xilinx/Vitis_HLS/2020.2/common/technology/autopilot/hls_stream_39.h:136]   --->   Operation 16 'nbreadreq' 'tmp_i' <Predicate = (!ls_writeRemainder_load)> <Delay = 0.00> <CoreInst = "FIFO_SRL">   --->   Core 81 'FIFO_SRL' <Latency = 0> <II = 1> <Delay = 1.33> <Storage> <Opcode : 'read' 'write' 'nbread' 'nbwrite'> <Ports = 0> <Width = 1024> <Depth = 2> <FIFO>
ST_1 : Operation 17 [1/1] (0.38ns)   --->   "%br_ln1187 = br i1 %tmp_i, void %._crit_edge1.i, void %_ifconv" [/home/haiyang3/eth-axi-streamer/fpga-network-stack/hls/mac_ip_encode/../axi_utils.hpp:1187]   --->   Operation 17 'br' 'br_ln1187' <Predicate = (!ls_writeRemainder_load)> <Delay = 0.38>
ST_1 : Operation 18 [1/1] (1.16ns)   --->   "%dataStreamBuffer3_read = read i1024 @_ssdm_op_Read.ap_fifo.volatile.i1024P0A, i1024 %dataStreamBuffer3" [/opt/xilinx/Vitis_HLS/2020.2/common/technology/autopilot/hls_stream_39.h:145]   --->   Operation 18 'read' 'dataStreamBuffer3_read' <Predicate = (!ls_writeRemainder_load & tmp_i)> <Delay = 1.16> <CoreInst = "FIFO_SRL">   --->   Core 81 'FIFO_SRL' <Latency = 0> <II = 1> <Delay = 1.33> <Storage> <Opcode : 'read' 'write' 'nbread' 'nbwrite'> <Ports = 0> <Width = 1024> <Depth = 2> <FIFO>
ST_1 : Operation 19 [1/1] (0.00ns)   --->   "%currWord_data_V = trunc i1024 %dataStreamBuffer3_read" [/opt/xilinx/Vitis_HLS/2020.2/common/technology/autopilot/hls_stream_39.h:145]   --->   Operation 19 'trunc' 'currWord_data_V' <Predicate = (!ls_writeRemainder_load & tmp_i)> <Delay = 0.00>
ST_1 : Operation 20 [1/1] (0.00ns)   --->   "%currWord_keep_V = partselect i64 @_ssdm_op_PartSelect.i64.i1024.i32.i32, i1024 %dataStreamBuffer3_read, i32 512, i32 575" [/opt/xilinx/Vitis_HLS/2020.2/common/technology/autopilot/hls_stream_39.h:145]   --->   Operation 20 'partselect' 'currWord_keep_V' <Predicate = (!ls_writeRemainder_load & tmp_i)> <Delay = 0.00>
ST_1 : Operation 21 [1/1] (0.00ns)   --->   "%currWord_last_V = bitselect i1 @_ssdm_op_BitSelect.i1.i1024.i32, i1024 %dataStreamBuffer3_read, i32 576" [/opt/xilinx/Vitis_HLS/2020.2/common/technology/autopilot/hls_stream_39.h:145]   --->   Operation 21 'bitselect' 'currWord_last_V' <Predicate = (!ls_writeRemainder_load & tmp_i)> <Delay = 0.00>
ST_1 : Operation 22 [1/1] (0.00ns)   --->   "%trunc_ln674 = trunc i1024 %dataStreamBuffer3_read"   --->   Operation 22 'trunc' 'trunc_ln674' <Predicate = (!ls_writeRemainder_load & tmp_i)> <Delay = 0.00>
ST_1 : Operation 23 [1/1] (0.00ns)   --->   "%p_Result_1_i = partselect i50 @_ssdm_op_PartSelect.i50.i1024.i32.i32, i1024 %dataStreamBuffer3_read, i32 512, i32 561"   --->   Operation 23 'partselect' 'p_Result_1_i' <Predicate = (!ls_writeRemainder_load & tmp_i)> <Delay = 0.00>
ST_1 : Operation 24 [1/1] (0.00ns)   --->   "%p_Result_2_i = partselect i14 @_ssdm_op_PartSelect.i14.i1024.i32.i32, i1024 %dataStreamBuffer3_read, i32 562, i32 575"   --->   Operation 24 'partselect' 'p_Result_2_i' <Predicate = (!ls_writeRemainder_load & tmp_i)> <Delay = 0.00>
ST_1 : Operation 25 [1/1] (0.65ns)   --->   "%sendWord_last_V = icmp_eq  i14 %p_Result_2_i, i14 0"   --->   Operation 25 'icmp' 'sendWord_last_V' <Predicate = (!ls_writeRemainder_load & tmp_i)> <Delay = 0.65> <CoreInst = "Cmp">   --->   Core 9 'Cmp' <Latency = 0> <II = 1> <Delay = 0.65> <FuncUnit> <Opcode : 'icmp'> <InPorts = 2> <OutPorts = 1>
ST_1 : Operation 26 [1/1] (0.00ns)   --->   "%p_Result_5_i = partselect i112 @_ssdm_op_PartSelect.i112.i512.i32.i32, i512 %p_Val2_s, i32 400, i32 511"   --->   Operation 26 'partselect' 'p_Result_5_i' <Predicate = (!ls_writeRemainder_load & tmp_i)> <Delay = 0.00>
ST_1 : Operation 27 [1/1] (0.00ns)   --->   "%p_Result_7_i = partselect i14 @_ssdm_op_PartSelect.i14.i64.i32.i32, i64 %p_Val2_1, i32 50, i32 63"   --->   Operation 27 'partselect' 'p_Result_7_i' <Predicate = (!ls_writeRemainder_load & tmp_i)> <Delay = 0.00>
ST_1 : Operation 28 [1/1] (0.00ns)   --->   "%store_ln1219 = store i512 %currWord_data_V, i512 %prevWord_data_V" [/home/haiyang3/eth-axi-streamer/fpga-network-stack/hls/mac_ip_encode/../axi_utils.hpp:1219]   --->   Operation 28 'store' 'store_ln1219' <Predicate = (!ls_writeRemainder_load & tmp_i)> <Delay = 0.00>
ST_1 : Operation 29 [1/1] (0.00ns)   --->   "%store_ln1219 = store i64 %currWord_keep_V, i64 %prevWord_keep_V" [/home/haiyang3/eth-axi-streamer/fpga-network-stack/hls/mac_ip_encode/../axi_utils.hpp:1219]   --->   Operation 29 'store' 'store_ln1219' <Predicate = (!ls_writeRemainder_load & tmp_i)> <Delay = 0.00>
ST_1 : Operation 30 [1/1] (0.38ns)   --->   "%br_ln1221 = br i1 %currWord_last_V, void %._crit_edge1.i, void" [/home/haiyang3/eth-axi-streamer/fpga-network-stack/hls/mac_ip_encode/../axi_utils.hpp:1221]   --->   Operation 30 'br' 'br_ln1221' <Predicate = (!ls_writeRemainder_load & tmp_i)> <Delay = 0.38>
ST_1 : Operation 31 [1/1] (0.12ns)   --->   "%xor_ln752 = xor i1 %sendWord_last_V, i1 1"   --->   Operation 31 'xor' 'xor_ln752' <Predicate = (!ls_writeRemainder_load & tmp_i & currWord_last_V)> <Delay = 0.12> <CoreInst = "LogicGate">   --->   Core 74 'LogicGate' <Latency = 0> <II = 1> <Delay = 0.12> <FuncUnit> <Opcode : 'and' 'or' 'xor'> <InPorts = 2> <OutPorts = 1>
ST_1 : Operation 32 [1/1] (0.38ns)   --->   "%store_ln1224 = store i1 %xor_ln752, i1 %ls_writeRemainder" [/home/haiyang3/eth-axi-streamer/fpga-network-stack/hls/mac_ip_encode/../axi_utils.hpp:1224]   --->   Operation 32 'store' 'store_ln1224' <Predicate = (!ls_writeRemainder_load & tmp_i & currWord_last_V)> <Delay = 0.38>
ST_1 : Operation 33 [1/1] (0.38ns)   --->   "%br_ln1225 = br void %._crit_edge1.i" [/home/haiyang3/eth-axi-streamer/fpga-network-stack/hls/mac_ip_encode/../axi_utils.hpp:1225]   --->   Operation 33 'br' 'br_ln1225' <Predicate = (!ls_writeRemainder_load & tmp_i & currWord_last_V)> <Delay = 0.38>
ST_1 : Operation 34 [1/1] (0.00ns)   --->   "%p_Result_i = partselect i112 @_ssdm_op_PartSelect.i112.i512.i32.i32, i512 %p_Val2_s, i32 400, i32 511"   --->   Operation 34 'partselect' 'p_Result_i' <Predicate = (ls_writeRemainder_load)> <Delay = 0.00>
ST_1 : Operation 35 [1/1] (0.00ns)   --->   "%p_Result_9_i = partselect i14 @_ssdm_op_PartSelect.i14.i64.i32.i32, i64 %p_Val2_1, i32 50, i32 63"   --->   Operation 35 'partselect' 'p_Result_9_i' <Predicate = (ls_writeRemainder_load)> <Delay = 0.00>
ST_1 : Operation 36 [1/1] (0.38ns)   --->   "%store_ln1185 = store i1 0, i1 %ls_writeRemainder" [/home/haiyang3/eth-axi-streamer/fpga-network-stack/hls/mac_ip_encode/../axi_utils.hpp:1185]   --->   Operation 36 'store' 'store_ln1185' <Predicate = (ls_writeRemainder_load)> <Delay = 0.38>
ST_1 : Operation 37 [1/1] (0.38ns)   --->   "%br_ln1186 = br void %._crit_edge1.i" [/home/haiyang3/eth-axi-streamer/fpga-network-stack/hls/mac_ip_encode/../axi_utils.hpp:1186]   --->   Operation 37 'br' 'br_ln1186' <Predicate = (ls_writeRemainder_load)> <Delay = 0.38>

State 2 <SV = 1> <Delay = 1.74>
ST_2 : Operation 38 [1/1] (0.00ns)   --->   "%ls_firstWord_load = load i1 %ls_firstWord" [/home/haiyang3/eth-axi-streamer/fpga-network-stack/hls/mac_ip_encode/../axi_utils.hpp:1198]   --->   Operation 38 'load' 'ls_firstWord_load' <Predicate = (!ls_writeRemainder_load & tmp_i)> <Delay = 0.00>
ST_2 : Operation 39 [1/1] (0.00ns)   --->   "%p_Result_s = bitconcatenate i512 @_ssdm_op_BitConcatenate.i512.i400.i112, i400 %trunc_ln674, i112 0"   --->   Operation 39 'bitconcatenate' 'p_Result_s' <Predicate = (!ls_writeRemainder_load & tmp_i)> <Delay = 0.00>
ST_2 : Operation 40 [1/1] (0.00ns)   --->   "%p_Result_1 = bitconcatenate i64 @_ssdm_op_BitConcatenate.i64.i50.i14, i50 %p_Result_1_i, i14 16383"   --->   Operation 40 'bitconcatenate' 'p_Result_1' <Predicate = (!ls_writeRemainder_load & tmp_i)> <Delay = 0.00>
ST_2 : Operation 41 [1/1] (0.00ns)   --->   "%p_Result_2 = bitconcatenate i512 @_ssdm_op_BitConcatenate.i512.i400.i112, i400 %trunc_ln674, i112 %p_Result_5_i"   --->   Operation 41 'bitconcatenate' 'p_Result_2' <Predicate = (!ls_writeRemainder_load & tmp_i)> <Delay = 0.00>
ST_2 : Operation 42 [1/1] (0.00ns)   --->   "%p_Result_3 = bitconcatenate i64 @_ssdm_op_BitConcatenate.i64.i50.i14, i50 %p_Result_1_i, i14 %p_Result_7_i"   --->   Operation 42 'bitconcatenate' 'p_Result_3' <Predicate = (!ls_writeRemainder_load & tmp_i)> <Delay = 0.00>
ST_2 : Operation 43 [1/1] (0.57ns)   --->   "%sendWord_data_V_2 = select i1 %ls_firstWord_load, i512 %p_Result_s, i512 %p_Result_2" [/home/haiyang3/eth-axi-streamer/fpga-network-stack/hls/mac_ip_encode/../axi_utils.hpp:1198]   --->   Operation 43 'select' 'sendWord_data_V_2' <Predicate = (!ls_writeRemainder_load & tmp_i)> <Delay = 0.57> <CoreInst = "Sel">   --->   Core 73 'Sel' <Latency = 0> <II = 1> <Delay = 0.41> <FuncUnit> <Opcode : 'select'> <InPorts = 3> <OutPorts = 1>
ST_2 : Operation 44 [1/1] (0.41ns)   --->   "%select_ln1198 = select i1 %ls_firstWord_load, i64 %p_Result_1, i64 %p_Result_3" [/home/haiyang3/eth-axi-streamer/fpga-network-stack/hls/mac_ip_encode/../axi_utils.hpp:1198]   --->   Operation 44 'select' 'select_ln1198' <Predicate = (!ls_writeRemainder_load & tmp_i)> <Delay = 0.41> <CoreInst = "Sel">   --->   Core 73 'Sel' <Latency = 0> <II = 1> <Delay = 0.41> <FuncUnit> <Opcode : 'select'> <InPorts = 3> <OutPorts = 1>
ST_2 : Operation 45 [1/1] (0.00ns)   --->   "%p_s = bitconcatenate i1024 @_ssdm_op_BitConcatenate.i1024.i447.i1.i64.i512, i447 0, i1 %sendWord_last_V, i64 %select_ln1198, i512 %sendWord_data_V_2" [/opt/xilinx/Vitis_HLS/2020.2/common/technology/autopilot/hls_stream_39.h:174]   --->   Operation 45 'bitconcatenate' 'p_s' <Predicate = (!ls_writeRemainder_load & tmp_i)> <Delay = 0.00>
ST_2 : Operation 46 [1/1] (1.16ns)   --->   "%write_ln174 = write void @_ssdm_op_Write.ap_fifo.volatile.i1024P0A, i1024 %dataStreamBuffer4, i1024 %p_s" [/opt/xilinx/Vitis_HLS/2020.2/common/technology/autopilot/hls_stream_39.h:174]   --->   Operation 46 'write' 'write_ln174' <Predicate = (!ls_writeRemainder_load & tmp_i)> <Delay = 1.16> <CoreInst = "FIFO_SRL">   --->   Core 81 'FIFO_SRL' <Latency = 0> <II = 1> <Delay = 1.33> <Storage> <Opcode : 'read' 'write' 'nbread' 'nbwrite'> <Ports = 0> <Width = 1024> <Depth = 2> <FIFO>
ST_2 : Operation 47 [1/1] (0.00ns)   --->   "%or_ln = bitconcatenate i577 @_ssdm_op_BitConcatenate.i577.i51.i14.i400.i112, i51 1125899906842624, i14 %p_Result_9_i, i400 0, i112 %p_Result_i" [/opt/xilinx/Vitis_HLS/2020.2/common/technology/autopilot/hls_stream_39.h:174]   --->   Operation 47 'bitconcatenate' 'or_ln' <Predicate = (ls_writeRemainder_load)> <Delay = 0.00>
ST_2 : Operation 48 [1/1] (0.00ns)   --->   "%zext_ln174 = zext i577 %or_ln" [/opt/xilinx/Vitis_HLS/2020.2/common/technology/autopilot/hls_stream_39.h:174]   --->   Operation 48 'zext' 'zext_ln174' <Predicate = (ls_writeRemainder_load)> <Delay = 0.00>
ST_2 : Operation 49 [1/1] (1.16ns)   --->   "%write_ln174 = write void @_ssdm_op_Write.ap_fifo.volatile.i1024P0A, i1024 %dataStreamBuffer4, i1024 %zext_ln174" [/opt/xilinx/Vitis_HLS/2020.2/common/technology/autopilot/hls_stream_39.h:174]   --->   Operation 49 'write' 'write_ln174' <Predicate = (ls_writeRemainder_load)> <Delay = 1.16> <CoreInst = "FIFO_SRL">   --->   Core 81 'FIFO_SRL' <Latency = 0> <II = 1> <Delay = 1.33> <Storage> <Opcode : 'read' 'write' 'nbread' 'nbwrite'> <Ports = 0> <Width = 1024> <Depth = 2> <FIFO>
ST_2 : Operation 50 [1/1] (0.00ns)   --->   "%ls_firstWord_flag_0_i = phi i1 0, void, i1 1, void, i1 1, void %_ifconv, i1 0, void"   --->   Operation 50 'phi' 'ls_firstWord_flag_0_i' <Predicate = true> <Delay = 0.00>
ST_2 : Operation 51 [1/1] (0.00ns)   --->   "%ls_firstWord_new_0_i = phi i1 0, void, i1 1, void, i1 0, void %_ifconv, i1 0, void"   --->   Operation 51 'phi' 'ls_firstWord_new_0_i' <Predicate = true> <Delay = 0.00>
ST_2 : Operation 52 [1/1] (0.00ns)   --->   "%br_ln0 = br i1 %ls_firstWord_flag_0_i, void %mac_lshiftWordByOctet<512, 1>.exit, void %mergeST.i"   --->   Operation 52 'br' 'br_ln0' <Predicate = true> <Delay = 0.00>
ST_2 : Operation 53 [1/1] (0.00ns)   --->   "%store_ln1220 = store i1 %ls_firstWord_new_0_i, i1 %ls_firstWord" [/home/haiyang3/eth-axi-streamer/fpga-network-stack/hls/mac_ip_encode/../axi_utils.hpp:1220]   --->   Operation 53 'store' 'store_ln1220' <Predicate = (ls_firstWord_flag_0_i)> <Delay = 0.00>
ST_2 : Operation 54 [1/1] (0.00ns)   --->   "%br_ln0 = br void %mac_lshiftWordByOctet<512, 1>.exit"   --->   Operation 54 'br' 'br_ln0' <Predicate = (ls_firstWord_flag_0_i)> <Delay = 0.00>
ST_2 : Operation 55 [1/1] (0.00ns)   --->   "%ret_ln0 = ret"   --->   Operation 55 'ret' 'ret_ln0' <Predicate = true> <Delay = 0.00>


============================================================
+ Verbose Summary: Timing violations
============================================================
Target clock period: 3.2ns, clock uncertainty: 0.864ns.

 <State 1>: 2.33ns
The critical path consists of the following:
	fifo read on port 'dataStreamBuffer3' (/opt/xilinx/Vitis_HLS/2020.2/common/technology/autopilot/hls_stream_39.h:145) [29]  (1.17 ns)
	'icmp' operation ('sendWord.last.V') [37]  (0.652 ns)
	'xor' operation ('xor_ln752') [52]  (0.122 ns)
	'store' operation ('store_ln1224', /home/haiyang3/eth-axi-streamer/fpga-network-stack/hls/mac_ip_encode/../axi_utils.hpp:1224) of variable 'xor_ln752' on static variable 'ls_writeRemainder' [53]  (0.387 ns)

 <State 2>: 1.75ns
The critical path consists of the following:
	'load' operation ('ls_firstWord_load', /home/haiyang3/eth-axi-streamer/fpga-network-stack/hls/mac_ip_encode/../axi_utils.hpp:1198) on static variable 'ls_firstWord' [33]  (0 ns)
	'select' operation ('sendWord.data.V', /home/haiyang3/eth-axi-streamer/fpga-network-stack/hls/mac_ip_encode/../axi_utils.hpp:1198) [44]  (0.578 ns)
	fifo write on port 'dataStreamBuffer4' (/opt/xilinx/Vitis_HLS/2020.2/common/technology/autopilot/hls_stream_39.h:174) [47]  (1.17 ns)


============================================================
+ Verbose Summary: Binding
============================================================
N/A
* FSMD analyzer results:
  - Output states:
 - Input state : 
  - Chain level:
	State 1
	State 2


============================================================
+ Verbose Summary: Datapath Resource usage 
============================================================
N/A
