

================================================================
== Synthesis Summary Report of 'mac_ip_encode_top'
================================================================
+ General Information: 
    * Date:           Tue Jul 19 06:04:43 2022
    * Version:        2020.2 (Build 3064766 on Wed Nov 18 09:12:47 MST 2020)
    * Project:        mac_ip_encode_prj
    * Solution:       solution1 (Vivado IP Flow Target)
    * Product family: virtexuplus
    * Target device:  xcvu3p-ffvc1517-2-i
    

+ Performance & Resource Estimates: 
    
    PS: '+' for module; 'o' for loop; '*' for dataflow
    +------------------------------------------------+--------+-------+---------+--------+----------+---------+------+----------+---------+----+------------+------------+-----+
    |                     Modules                    |  Issue |       | Latency | Latency| Iteration|         | Trip |          |         |    |            |            |     |
    |                     & Loops                    |  Type  | Slack | (cycles)|  (ns)  |  Latency | Interval| Count| Pipelined|  BRAM   | DSP|     FF     |     LUT    | URAM|
    +------------------------------------------------+--------+-------+---------+--------+----------+---------+------+----------+---------+----+------------+------------+-----+
    |+ mac_ip_encode_top*                            |  Timing|   0.44|       20|  64.000|         -|        1|     -|  dataflow|  29 (2%)|   -|  30055 (3%)|  18986 (4%)|    -|
    | + grp_mac_compute_ipv4_checksum_fu_274         |  Timing|   0.44|        2|   6.400|         -|        1|     -|       yes|        -|   -|  2035 (~0%)|  3861 (~0%)|    -|
    | + grp_mac_finalize_ipv4_checksum_32_s_fu_344   |       -|  -0.04|        4|  12.800|         -|        1|     -|       yes|        -|   -|  1116 (~0%)|  2475 (~0%)|    -|
    | + grp_extract_ip_address_512_s_fu_352          |       -|  -0.31|        4|  12.800|         -|        1|     -|       yes|        -|   -|  2752 (~0%)|  1820 (~0%)|    -|
    | + grp_insert_ethernet_header_512_s_fu_372      |       -|  -0.04|        1|   3.200|         -|        1|     -|       yes|        -|   -|  1837 (~0%)|  1047 (~0%)|    -|
    | + grp_insert_ip_checksum_512_s_fu_384          |       -|  -0.47|        1|   3.200|         -|        1|     -|       yes|        -|   -|  1612 (~0%)|    97 (~0%)|    -|
    | + grp_mac_lshiftWordByOctet_512_1_s_fu_396     |       -|  -0.01|        1|   3.200|         -|        1|     -|       yes|        -|   -|  1162 (~0%)|   605 (~0%)|    -|
    | + grp_handle_arp_reply_512_s_fu_412            |       -|  -0.00|        1|   3.200|         -|        1|     -|       yes|        -|   -|  1083 (~0%)|    90 (~0%)|    -|
    | + grp_convert_axis_to_net_axis_512_s_fu_427    |       -|  -1.17|        1|   3.200|         -|        1|     -|       yes|        -|   -|   581 (~0%)|    37 (~0%)|    -|
    | + grp_convert_net_axis_to_axis_512_s_fu_441    |       -|  -1.17|        2|   6.400|         -|        1|     -|       yes|        -|   -|   583 (~0%)|    43 (~0%)|    -|
    | + call_ln374_mac_ip_encode_top_entry3_fu_455   |       -|  -1.17|        0|   0.000|         -|        0|     -|        no|        -|   -|     2 (~0%)|    38 (~0%)|    -|
    | + call_ln372_mac_ip_encode_top_entry12_fu_468  |       -|  -0.00|        0|   0.000|         -|        0|     -|        no|        -|   -|     2 (~0%)|    65 (~0%)|    -|
    +------------------------------------------------+--------+-------+---------+--------+----------+---------+------+----------+---------+----+------------+------------+-----+

