

================================================================
== Vitis HLS Report for 'extract_ip_address_512_s'
================================================================
* Date:           Tue Jul 19 06:04:34 2022

* Version:        2020.2 (Build 3064766 on Wed Nov 18 09:12:47 MST 2020)
* Project:        mac_ip_encode_prj
* Solution:       solution1 (Vivado IP Flow Target)
* Product family: virtexuplus
* Target device:  xcvu3p-ffvc1517-2-i


================================================================
== Performance Estimates
================================================================
+ Timing: 
    * Summary: 
    +--------+---------+----------+------------+
    |  Clock |  Target | Estimated| Uncertainty|
    +--------+---------+----------+------------+
    |ap_clk  |  3.20 ns|  2.027 ns|     0.86 ns|
    +--------+---------+----------+------------+

+ Latency: 
    * Summary: 
    +---------+---------+-----------+-----------+-----+-----+---------+
    |  Latency (cycles) |   Latency (absolute)  |  Interval | Pipeline|
    |   min   |   max   |    min    |    max    | min | max |   Type  |
    +---------+---------+-----------+-----------+-----+-----+---------+
    |        4|        4|  12.800 ns|  12.800 ns|    1|    1|      yes|
    +---------+---------+-----------+-----------+-----+-----+---------+

    + Detail: 
        * Instance: 
        N/A

        * Loop: 
        N/A



================================================================
== Utilization Estimates
================================================================
* Summary: 
+-----------------+---------+------+--------+--------+-----+
|       Name      | BRAM_18K|  DSP |   FF   |   LUT  | URAM|
+-----------------+---------+------+--------+--------+-----+
|DSP              |        -|     -|       -|       -|    -|
|Expression       |        -|     -|       0|    1583|    -|
|FIFO             |        -|     -|       -|       -|    -|
|Instance         |        -|     -|       -|       -|    -|
|Memory           |        -|     -|       -|       -|    -|
|Multiplexer      |        -|     -|       -|     173|    -|
|Register         |        -|     -|    2752|      64|    -|
+-----------------+---------+------+--------+--------+-----+
|Total            |        0|     0|    2752|    1820|    0|
+-----------------+---------+------+--------+--------+-----+
|Available        |     1440|  2280|  788160|  394080|  320|
+-----------------+---------+------+--------+--------+-----+
|Utilization (%)  |        0|     0|      ~0|      ~0|    0|
+-----------------+---------+------+--------+--------+-----+

+ Detail: 
    * Instance: 
    N/A

    * DSP: 
    N/A

    * Memory: 
    N/A

    * FIFO: 
    N/A

    * Expression: 
    +----------------------------------+----------+----+---+-----+------------+------------+
    |           Variable Name          | Operation| DSP| FF| LUT | Bitwidth P0| Bitwidth P1|
    +----------------------------------+----------+----+---+-----+------------+------------+
    |add_ln67_fu_345_p2                |         +|   0|  0|   23|          16|           1|
    |and_ln414_1_fu_321_p2             |       and|   0|  0|  160|         160|         160|
    |and_ln414_2_fu_327_p2             |       and|   0|  0|  160|         160|         160|
    |and_ln414_fu_309_p2               |       and|   0|  0|  160|         160|         160|
    |and_ln870_fu_416_p2               |       and|   0|  0|   32|          32|          32|
    |ap_condition_152                  |       and|   0|  0|    2|           1|           1|
    |ap_condition_244                  |       and|   0|  0|    2|           1|           1|
    |ap_predicate_op76_write_state3    |       and|   0|  0|    2|           1|           1|
    |ap_predicate_op77_write_state3    |       and|   0|  0|    2|           1|           1|
    |ap_predicate_op84_write_state4    |       and|   0|  0|    2|           1|           1|
    |ap_predicate_op85_write_state4    |       and|   0|  0|    2|           1|           1|
    |ap_predicate_op86_write_state5    |       and|   0|  0|    2|           1|           1|
    |ap_predicate_op88_write_state5    |       and|   0|  0|    2|           1|           1|
    |tmp_i_i_nbreadreq_fu_94_p3        |       and|   0|  0|  160|           1|           0|
    |icmp_ln414_fu_250_p2              |      icmp|   0|  0|   16|          25|           8|
    |icmp_ln870_fu_422_p2              |      icmp|   0|  0|   20|          32|           1|
    |ap_block_pp0_stage0_01001         |        or|   0|  0|    2|           1|           1|
    |ap_block_pp0_stage0_11001         |        or|   0|  0|    2|           1|           1|
    |ap_block_state1_pp0_stage0_iter0  |        or|   0|  0|    2|           1|           1|
    |ap_block_state3_pp0_stage0_iter2  |        or|   0|  0|    2|           1|           1|
    |ap_block_state4_io                |        or|   0|  0|    2|           1|           1|
    |ap_block_state5_io                |        or|   0|  0|    2|           1|           1|
    |ap_block_state5_pp0_stage0_iter4  |        or|   0|  0|    2|           1|           1|
    |or_ln67_1_fu_376_p2               |        or|   0|  0|    2|           1|           1|
    |or_ln67_fu_356_p2                 |        or|   0|  0|    2|           1|           1|
    |p_Result_s_fu_333_p2              |        or|   0|  0|  160|         160|         160|
    |select_ln414_1_fu_285_p3          |    select|   0|  0|  148|           1|         160|
    |select_ln414_2_fu_293_p3          |    select|   0|  0|  148|           1|         161|
    |select_ln414_3_fu_301_p3          |    select|   0|  0|    2|           1|           1|
    |select_ln414_fu_267_p3            |    select|   0|  0|  148|           1|         160|
    |select_ln67_fu_368_p3             |    select|   0|  0|   16|           1|           1|
    |ap_enable_pp0                     |       xor|   0|  0|    2|           1|           2|
    |xor_ln414_fu_315_p2               |       xor|   0|  0|  160|           2|         160|
    |xor_ln67_fu_362_p2                |       xor|   0|  0|    2|           1|           2|
    |xor_ln870_fu_410_p2               |       xor|   0|  0|   32|          32|          32|
    +----------------------------------+----------+----+---+-----+------------+------------+
    |Total                             |          |   0|  0| 1583|         804|        1378|
    +----------------------------------+----------+----+---+-----+------------+------------+

    * Multiplexer: 
    +------------------------------------------------------+----+-----------+-----+-----------+
    |                         Name                         | LUT| Input Size| Bits| Total Bits|
    +------------------------------------------------------+----+-----------+-----+-----------+
    |ap_done                                               |   9|          2|    1|          2|
    |ap_phi_mux_header_idx_new_0_i_i_phi_fu_148_p4         |   9|          2|   16|         32|
    |ap_phi_mux_header_idx_new_1_i_i_phi_fu_192_p4         |   9|          2|   16|         32|
    |ap_phi_mux_header_ready_flag_0_i_i_phi_fu_137_p4      |  14|          3|    1|          3|
    |ap_phi_mux_header_ready_flag_1_i_i_phi_fu_170_p4      |   9|          2|    1|          2|
    |ap_phi_mux_header_ready_new_1_i_i_phi_fu_181_p4       |   9|          2|    1|          2|
    |ap_phi_mux_metaWritten_flag_0_i_i_phi_fu_158_p4       |  14|          3|    1|          3|
    |ap_phi_mux_metaWritten_flag_1_i_i_phi_fu_203_p4       |   9|          2|    1|          2|
    |ap_phi_reg_pp0_iter1_header_ready_flag_1_i_i_reg_166  |   9|          2|    1|          2|
    |ap_phi_reg_pp0_iter1_metaWritten_flag_1_i_i_reg_199   |   9|          2|    1|          2|
    |ap_phi_reg_pp0_iter2_p_Val2_8_reg_210                 |  14|          3|  160|        480|
    |dataIn_internal_blk_n                                 |   9|          2|    1|          2|
    |dataStreamBuffer0_blk_n                               |   9|          2|    1|          2|
    |m_axis_arp_lookup_request_V_TDATA_blk_n               |   9|          2|    1|          2|
    |m_axis_arp_lookup_request_V_TDATA_int_regslice        |  14|          3|   32|         96|
    |regDefaultGateway_blk_n                               |   9|          2|    1|          2|
    |regSubNetMask_blk_n                                   |   9|          2|    1|          2|
    +------------------------------------------------------+----+-----------+-----+-----------+
    |Total                                                 | 173|         38|  237|        668|
    +------------------------------------------------------+----+-----------+-----+-----------+

    * Register: 
    +------------------------------------------------------+------+----+------+-----------+
    |                         Name                         |  FF  | LUT| Bits | Const Bits|
    +------------------------------------------------------+------+----+------+-----------+
    |ap_CS_fsm                                             |     1|   0|     1|          0|
    |ap_done_reg                                           |     1|   0|     1|          0|
    |ap_enable_reg_pp0_iter1                               |     1|   0|     1|          0|
    |ap_enable_reg_pp0_iter2                               |     1|   0|     1|          0|
    |ap_enable_reg_pp0_iter3                               |     1|   0|     1|          0|
    |ap_enable_reg_pp0_iter4                               |     1|   0|     1|          0|
    |ap_phi_reg_pp0_iter1_header_ready_flag_1_i_i_reg_166  |     1|   0|     1|          0|
    |ap_phi_reg_pp0_iter1_metaWritten_flag_1_i_i_reg_199   |     1|   0|     1|          0|
    |ap_phi_reg_pp0_iter1_p_Val2_8_reg_210                 |   160|   0|   160|          0|
    |ap_phi_reg_pp0_iter2_p_Val2_8_reg_210                 |   160|   0|   160|          0|
    |dataIn_internal_read_reg_432                          |  1024|   0|  1024|          0|
    |dataIn_internal_read_reg_432_pp0_iter1_reg            |  1024|   0|  1024|          0|
    |dstIpAddress_V_reg_470                                |    32|   0|    32|          0|
    |header_header_V                                       |   160|   0|   160|          0|
    |header_idx                                            |    16|   0|    16|          0|
    |header_ready                                          |     1|   0|     1|          0|
    |header_ready_load_reg_447                             |     1|   0|     1|          0|
    |icmp_ln870_reg_475                                    |     1|   0|     1|          0|
    |icmp_ln870_reg_475_pp0_iter3_reg                      |     1|   0|     1|          0|
    |lhs_V_1_reg_465                                       |    32|   0|    32|          0|
    |metaWritten                                           |     1|   0|     1|          0|
    |metaWritten_load_reg_461                              |     1|   0|     1|          0|
    |tmp_i_i_reg_428                                       |     1|   0|     1|          0|
    |tmp_last_V_reg_439                                    |     1|   0|     1|          0|
    |metaWritten_load_reg_461                              |    64|  32|     1|          0|
    |tmp_i_i_reg_428                                       |    64|  32|     1|          0|
    +------------------------------------------------------+------+----+------+-----------+
    |Total                                                 |  2752|  64|  2626|          0|
    +------------------------------------------------------+------+----+------+-----------+



================================================================
== Interface
================================================================
* Summary: 
+------------------------------------+-----+------+------------+-----------------------------+--------------+
|              RTL Ports             | Dir | Bits |  Protocol  |        Source Object        |    C Type    |
+------------------------------------+-----+------+------------+-----------------------------+--------------+
|ap_clk                              |   in|     1|  ap_ctrl_hs|      extract_ip_address<512>|  return value|
|ap_rst                              |   in|     1|  ap_ctrl_hs|      extract_ip_address<512>|  return value|
|ap_start                            |   in|     1|  ap_ctrl_hs|      extract_ip_address<512>|  return value|
|ap_done                             |  out|     1|  ap_ctrl_hs|      extract_ip_address<512>|  return value|
|ap_continue                         |   in|     1|  ap_ctrl_hs|      extract_ip_address<512>|  return value|
|ap_idle                             |  out|     1|  ap_ctrl_hs|      extract_ip_address<512>|  return value|
|ap_ready                            |  out|     1|  ap_ctrl_hs|      extract_ip_address<512>|  return value|
|dataIn_internal_dout                |   in|  1024|     ap_fifo|              dataIn_internal|       pointer|
|dataIn_internal_empty_n             |   in|     1|     ap_fifo|              dataIn_internal|       pointer|
|dataIn_internal_read                |  out|     1|     ap_fifo|              dataIn_internal|       pointer|
|regSubNetMask_dout                  |   in|    32|     ap_fifo|                regSubNetMask|       pointer|
|regSubNetMask_empty_n               |   in|     1|     ap_fifo|                regSubNetMask|       pointer|
|regSubNetMask_read                  |  out|     1|     ap_fifo|                regSubNetMask|       pointer|
|regDefaultGateway_dout              |   in|    32|     ap_fifo|            regDefaultGateway|       pointer|
|regDefaultGateway_empty_n           |   in|     1|     ap_fifo|            regDefaultGateway|       pointer|
|regDefaultGateway_read              |  out|     1|     ap_fifo|            regDefaultGateway|       pointer|
|dataStreamBuffer0_din               |  out|  1024|     ap_fifo|            dataStreamBuffer0|       pointer|
|dataStreamBuffer0_full_n            |   in|     1|     ap_fifo|            dataStreamBuffer0|       pointer|
|dataStreamBuffer0_write             |  out|     1|     ap_fifo|            dataStreamBuffer0|       pointer|
|m_axis_arp_lookup_request_V_TREADY  |   in|     1|        axis|  m_axis_arp_lookup_request_V|       pointer|
|m_axis_arp_lookup_request_V_TDATA   |  out|    32|        axis|  m_axis_arp_lookup_request_V|       pointer|
|m_axis_arp_lookup_request_V_TVALID  |  out|     1|        axis|  m_axis_arp_lookup_request_V|       pointer|
+------------------------------------+-----+------+------------+-----------------------------+--------------+

