

================================================================
== Synthesis Summary Report of 'icmp_server_top'
================================================================
+ General Information: 
    * Date:           Tue Jul 19 05:59:27 2022
    * Version:        2020.2 (Build 3064766 on Wed Nov 18 09:12:47 MST 2020)
    * Project:        icmp_server_prj
    * Solution:       solution1 (Vivado IP Flow Target)
    * Product family: virtexuplus
    * Target device:  xcvu3p-ffvc1517-2-i
    

+ Performance & Resource Estimates: 
    
    PS: '+' for module; 'o' for loop; '*' for dataflow
    +----------------------------------------------+--------+-------+---------+--------+----------+---------+------+----------+---------+----+------------+------------+-----+
    |                    Modules                   |  Issue |       | Latency | Latency| Iteration|         | Trip |          |         |    |            |            |     |
    |                    & Loops                   |  Type  | Slack | (cycles)|  (ns)  |  Latency | Interval| Count| Pipelined|  BRAM   | DSP|     FF     |     LUT    | URAM|
    +----------------------------------------------+--------+-------+---------+--------+----------+---------+------+----------+---------+----+------------+------------+-----+
    |+ icmp_server_top*                            |  Timing|   2.06|        8|  35.139|         -|        1|     -|  dataflow|  4 (~0%)|   -|  3570 (~0%)|   4233 (1%)|    -|
    | + grp_check_icmp_checksum_fu_208             |       -|  -0.35|        2|   8.785|         -|        1|     -|       yes|        -|   -|   690 (~0%)|  1222 (~0%)|    -|
    | + call_ln440_udpPortUnreachable_fu_248       |  Timing|   2.06|        0|   0.000|         -|        1|     -|       yes|        -|   -|    28 (~0%)|   536 (~0%)|    -|
    | + grp_insertChecksum_fu_270                  |       -|  -0.59|        1|   4.392|         -|        1|     -|       yes|        -|   -|   275 (~0%)|   449 (~0%)|    -|
    | + grp_dropper_fu_296                         |       -|  -0.36|        1|   4.392|         -|        1|     -|       yes|        -|   -|   148 (~0%)|   182 (~0%)|    -|
    | + call_ln441_udpAddIpHeader_fu_314           |  Timing|   0.75|        0|   0.000|         -|        1|     -|       yes|        -|   -|   109 (~0%)|   264 (~0%)|    -|
    | + grp_convert_axis_to_net_axis_64_45_fu_336  |       -|  -1.17|        1|   4.392|         -|        1|     -|       yes|        -|   -|    77 (~0%)|    37 (~0%)|    -|
    | + grp_convert_axis_to_net_axis_64_46_fu_350  |       -|  -1.17|        1|   4.392|         -|        1|     -|       yes|        -|   -|    77 (~0%)|    37 (~0%)|    -|
    | + grp_convert_axis_to_net_axis_64_s_fu_364   |       -|  -1.17|        1|   4.392|         -|        1|     -|       yes|        -|   -|    77 (~0%)|    37 (~0%)|    -|
    | + grp_convert_net_axis_to_axis_64_s_fu_378   |       -|  -1.17|        2|   8.785|         -|        1|     -|       yes|        -|   -|    79 (~0%)|    43 (~0%)|    -|
    +----------------------------------------------+--------+-------+---------+--------+----------+---------+------+----------+---------+----+------------+------------+-----+

