

================================================================
== Vitis HLS Report for 'dropper'
================================================================
* Date:           Tue Jul 19 05:59:25 2022

* Version:        2020.2 (Build 3064766 on Wed Nov 18 09:12:47 MST 2020)
* Project:        icmp_server_prj
* Solution:       solution1 (Vivado IP Flow Target)
* Product family: virtexuplus
* Target device:  xcvu3p-ffvc1517-2-i


================================================================
== Performance Estimates
================================================================
+ Timing: 
    * Summary: 
    +--------+---------+----------+------------+
    |  Clock |  Target | Estimated| Uncertainty|
    +--------+---------+----------+------------+
    |ap_clk  |  3.20 ns|  1.975 ns|     0.86 ns|
    +--------+---------+----------+------------+

+ Latency: 
    * Summary: 
    +---------+---------+----------+----------+-----+-----+---------+
    |  Latency (cycles) |  Latency (absolute) |  Interval | Pipeline|
    |   min   |   max   |    min   |    max   | min | max |   Type  |
    +---------+---------+----------+----------+-----+-----+---------+
    |        1|        1|  3.200 ns|  3.200 ns|    1|    1|      yes|
    +---------+---------+----------+----------+-----+-----+---------+

    + Detail: 
        * Instance: 
        N/A

        * Loop: 
        N/A



================================================================
== Utilization Estimates
================================================================
* Summary: 
+-----------------+---------+------+--------+--------+-----+
|       Name      | BRAM_18K|  DSP |   FF   |   LUT  | URAM|
+-----------------+---------+------+--------+--------+-----+
|DSP              |        -|     -|       -|       -|    -|
|Expression       |        -|     -|       0|      24|    -|
|FIFO             |        -|     -|       -|       -|    -|
|Instance         |        -|     -|       -|       -|    -|
|Memory           |        -|     -|       -|       -|    -|
|Multiplexer      |        -|     -|       -|     158|    -|
|Register         |        -|     -|     148|       -|    -|
+-----------------+---------+------+--------+--------+-----+
|Total            |        0|     0|     148|     182|    0|
+-----------------+---------+------+--------+--------+-----+
|Available        |     1440|  2280|  788160|  394080|  320|
+-----------------+---------+------+--------+--------+-----+
|Utilization (%)  |        0|     0|      ~0|      ~0|    0|
+-----------------+---------+------+--------+--------+-----+

+ Detail: 
    * Instance: 
    N/A

    * DSP: 
    N/A

    * Memory: 
    N/A

    * FIFO: 
    N/A

    * Expression: 
    +----------------------------------+----------+----+---+----+------------+------------+
    |           Variable Name          | Operation| DSP| FF| LUT| Bitwidth P0| Bitwidth P1|
    +----------------------------------+----------+----+---+----+------------+------------+
    |ap_condition_239                  |       and|   0|  0|   2|           1|           1|
    |ap_condition_52                   |       and|   0|  0|   2|           1|           1|
    |ap_predicate_op20_read_state1     |       and|   0|  0|   2|           1|           1|
    |ap_predicate_op49_write_state2    |       and|   0|  0|   2|           1|           1|
    |ap_predicate_op50_write_state2    |       and|   0|  0|   2|           1|           1|
    |io_acc_block_signal_op49          |       and|   0|  0|   2|           1|           1|
    |tmp_i_58_nbreadreq_fu_74_p3       |       and|   0|  0|   2|           1|           0|
    |tmp_i_nbreadreq_fu_60_p3          |       and|   0|  0|   2|           1|           0|
    |ap_block_pp0_stage0_01001         |        or|   0|  0|   2|           1|           1|
    |ap_block_state1_pp0_stage0_iter0  |        or|   0|  0|   2|           1|           1|
    |ap_block_state2_pp0_stage0_iter1  |        or|   0|  0|   2|           1|           1|
    |ap_enable_pp0                     |       xor|   0|  0|   2|           1|           2|
    +----------------------------------+----------+----+---+----+------------+------------+
    |Total                             |          |   0|  0|  24|          12|          11|
    +----------------------------------+----------+----+---+----+------------+------------+

    * Multiplexer: 
    +--------------------------------------------------+----+-----------+-----+-----------+
    |                       Name                       | LUT| Input Size| Bits| Total Bits|
    +--------------------------------------------------+----+-----------+-----+-----------+
    |ap_done                                           |   9|          2|    1|          2|
    |ap_phi_mux_d_drop_flag_0_i_phi_fu_104_p4          |  14|          3|    1|          3|
    |ap_phi_mux_d_drop_flag_1_i_phi_fu_155_p10         |  20|          4|    1|          4|
    |ap_phi_mux_d_drop_new_1_i_phi_fu_175_p10          |  14|          3|    1|          3|
    |ap_phi_mux_d_isFirstWord_flag_0_i_phi_fu_115_p10  |  14|          3|    1|          3|
    |ap_phi_mux_d_isFirstWord_new_0_i_phi_fu_135_p10   |  14|          3|    1|          3|
    |dataStreams_V_data_V_0_blk_n                      |   9|          2|    1|          2|
    |dataStreams_V_data_V_0_din                        |  14|          3|   64|        192|
    |dataStreams_V_keep_V_0_blk_n                      |   9|          2|    1|          2|
    |dataStreams_V_last_V_0_blk_n                      |   9|          2|    1|          2|
    |dataStreams_V_last_V_0_din                        |  14|          3|    1|          3|
    |packageBuffer1_blk_n                              |   9|          2|    1|          2|
    |validFifo_blk_n                                   |   9|          2|    1|          2|
    +--------------------------------------------------+----+-----------+-----+-----------+
    |Total                                             | 158|         34|   76|        223|
    +--------------------------------------------------+----+-----------+-----+-----------+

    * Register: 
    +----------------------------+----+----+-----+-----------+
    |            Name            | FF | LUT| Bits| Const Bits|
    +----------------------------+----+----+-----+-----------+
    |ap_CS_fsm                   |   1|   0|    1|          0|
    |ap_done_reg                 |   1|   0|    1|          0|
    |ap_enable_reg_pp0_iter1     |   1|   0|    1|          0|
    |currWord_last_V_1_reg_269   |   1|   0|    1|          0|
    |currWord_last_V_reg_255     |   1|   0|    1|          0|
    |d_drop                      |   1|   0|    1|          0|
    |d_drop_load_reg_251         |   1|   0|    1|          0|
    |d_isFirstWord               |   1|   0|    1|          0|
    |d_isFirstWord_load_reg_247  |   1|   0|    1|          0|
    |d_valid_reg_274             |   1|   0|    1|          0|
    |reg_210                     |   8|   0|    8|          0|
    |tmp_i_58_reg_265            |   1|   0|    1|          0|
    |tmp_i_reg_243               |   1|   0|    1|          0|
    |trunc_ln174_1_reg_278       |  64|   0|   64|          0|
    |trunc_ln174_reg_260         |  64|   0|   64|          0|
    +----------------------------+----+----+-----+-----------+
    |Total                       | 148|   0|  148|          0|
    +----------------------------+----+----+-----+-----------+



================================================================
== Interface
================================================================
* Summary: 
+-------------------------------+-----+-----+------------+------------------------+--------------+
|           RTL Ports           | Dir | Bits|  Protocol  |      Source Object     |    C Type    |
+-------------------------------+-----+-----+------------+------------------------+--------------+
|ap_clk                         |   in|    1|  ap_ctrl_hs|                 dropper|  return value|
|ap_rst                         |   in|    1|  ap_ctrl_hs|                 dropper|  return value|
|ap_start                       |   in|    1|  ap_ctrl_hs|                 dropper|  return value|
|ap_done                        |  out|    1|  ap_ctrl_hs|                 dropper|  return value|
|ap_continue                    |   in|    1|  ap_ctrl_hs|                 dropper|  return value|
|ap_idle                        |  out|    1|  ap_ctrl_hs|                 dropper|  return value|
|ap_ready                       |  out|    1|  ap_ctrl_hs|                 dropper|  return value|
|packageBuffer1_dout            |   in|  128|     ap_fifo|          packageBuffer1|       pointer|
|packageBuffer1_empty_n         |   in|    1|     ap_fifo|          packageBuffer1|       pointer|
|packageBuffer1_read            |  out|    1|     ap_fifo|          packageBuffer1|       pointer|
|validFifo_dout                 |   in|    1|     ap_fifo|               validFifo|       pointer|
|validFifo_empty_n              |   in|    1|     ap_fifo|               validFifo|       pointer|
|validFifo_read                 |  out|    1|     ap_fifo|               validFifo|       pointer|
|dataStreams_V_data_V_0_din     |  out|   64|     ap_fifo|  dataStreams_V_data_V_0|       pointer|
|dataStreams_V_data_V_0_full_n  |   in|    1|     ap_fifo|  dataStreams_V_data_V_0|       pointer|
|dataStreams_V_data_V_0_write   |  out|    1|     ap_fifo|  dataStreams_V_data_V_0|       pointer|
|dataStreams_V_keep_V_0_din     |  out|    8|     ap_fifo|  dataStreams_V_keep_V_0|       pointer|
|dataStreams_V_keep_V_0_full_n  |   in|    1|     ap_fifo|  dataStreams_V_keep_V_0|       pointer|
|dataStreams_V_keep_V_0_write   |  out|    1|     ap_fifo|  dataStreams_V_keep_V_0|       pointer|
|dataStreams_V_last_V_0_din     |  out|    1|     ap_fifo|  dataStreams_V_last_V_0|       pointer|
|dataStreams_V_last_V_0_full_n  |   in|    1|     ap_fifo|  dataStreams_V_last_V_0|       pointer|
|dataStreams_V_last_V_0_write   |  out|    1|     ap_fifo|  dataStreams_V_last_V_0|       pointer|
+-------------------------------+-----+-----+------------+------------------------+--------------+

