

================================================================
== Vitis HLS Report for 'insertChecksum'
================================================================
* Date:           Tue Jul 19 05:59:25 2022

* Version:        2020.2 (Build 3064766 on Wed Nov 18 09:12:47 MST 2020)
* Project:        icmp_server_prj
* Solution:       solution1 (Vivado IP Flow Target)
* Product family: virtexuplus
* Target device:  xcvu3p-ffvc1517-2-i


================================================================
== Performance Estimates
================================================================
+ Timing: 
    * Summary: 
    +--------+---------+----------+------------+
    |  Clock |  Target | Estimated| Uncertainty|
    +--------+---------+----------+------------+
    |ap_clk  |  3.20 ns|  1.743 ns|     0.86 ns|
    +--------+---------+----------+------------+

+ Latency: 
    * Summary: 
    +---------+---------+----------+----------+-----+-----+---------+
    |  Latency (cycles) |  Latency (absolute) |  Interval | Pipeline|
    |   min   |   max   |    min   |    max   | min | max |   Type  |
    +---------+---------+----------+----------+-----+-----+---------+
    |        1|        1|  3.200 ns|  3.200 ns|    1|    1|      yes|
    +---------+---------+----------+----------+-----+-----+---------+

    + Detail: 
        * Instance: 
        N/A

        * Loop: 
        N/A



================================================================
== Utilization Estimates
================================================================
* Summary: 
+-----------------+---------+------+--------+--------+-----+
|       Name      | BRAM_18K|  DSP |   FF   |   LUT  | URAM|
+-----------------+---------+------+--------+--------+-----+
|DSP              |        -|     -|       -|       -|    -|
|Expression       |        -|     -|       0|      81|    -|
|FIFO             |        -|     -|       -|       -|    -|
|Instance         |        -|     -|       -|       -|    -|
|Memory           |        -|     -|       -|       -|    -|
|Multiplexer      |        -|     -|       -|     368|    -|
|Register         |        -|     -|     275|       -|    -|
+-----------------+---------+------+--------+--------+-----+
|Total            |        0|     0|     275|     449|    0|
+-----------------+---------+------+--------+--------+-----+
|Available        |     1440|  2280|  788160|  394080|  320|
+-----------------+---------+------+--------+--------+-----+
|Utilization (%)  |        0|     0|      ~0|      ~0|    0|
+-----------------+---------+------+--------+--------+-----+

+ Detail: 
    * Instance: 
    N/A

    * DSP: 
    N/A

    * Memory: 
    N/A

    * FIFO: 
    N/A

    * Expression: 
    +----------------------------------+----------+----+---+----+------------+------------+
    |           Variable Name          | Operation| DSP| FF| LUT| Bitwidth P0| Bitwidth P1|
    +----------------------------------+----------+----+---+----+------------+------------+
    |add_ln691_fu_368_p2               |         +|   0|  0|  23|          16|           1|
    |ap_condition_115                  |       and|   0|  0|   2|           1|           1|
    |ap_condition_123                  |       and|   0|  0|   2|           1|           1|
    |ap_condition_133                  |       and|   0|  0|   2|           1|           1|
    |ap_condition_136                  |       and|   0|  0|   2|           1|           1|
    |ap_condition_143                  |       and|   0|  0|   2|           1|           1|
    |ap_condition_144                  |       and|   0|  0|   2|           1|           1|
    |ap_condition_196                  |       and|   0|  0|   2|           1|           1|
    |ap_condition_343                  |       and|   0|  0|   2|           1|           1|
    |ap_condition_348                  |       and|   0|  0|   2|           1|           1|
    |ap_condition_350                  |       and|   0|  0|   2|           1|           1|
    |ap_condition_353                  |       and|   0|  0|   2|           1|           1|
    |ap_condition_384                  |       and|   0|  0|   2|           1|           1|
    |ap_condition_58                   |       and|   0|  0|   2|           1|           1|
    |ap_condition_61                   |       and|   0|  0|   2|           1|           1|
    |ap_condition_82                   |       and|   0|  0|   2|           1|           1|
    |ap_condition_83                   |       and|   0|  0|   2|           1|           1|
    |ap_predicate_op102_write_state2   |       and|   0|  0|   2|           1|           1|
    |ap_predicate_op108_write_state2   |       and|   0|  0|   2|           1|           1|
    |ap_predicate_op113_write_state2   |       and|   0|  0|   2|           1|           1|
    |grp_nbreadreq_fu_70_p5            |       and|   0|  0|   2|           1|           1|
    |grp_nbreadreq_fu_82_p5            |       and|   0|  0|   2|           1|           1|
    |tmp_2_i_nbreadreq_fu_94_p3        |       and|   0|  0|   2|           1|           0|
    |tmp_3_i_nbreadreq_fu_102_p3       |       and|   0|  0|   2|           1|           0|
    |ap_block_pp0_stage0_01001         |        or|   0|  0|   2|           1|           1|
    |ap_block_state1_pp0_stage0_iter0  |        or|   0|  0|   2|           1|           1|
    |ap_block_state2_pp0_stage0_iter1  |        or|   0|  0|   2|           1|           1|
    |or_ln379_fu_344_p2                |        or|   0|  0|   2|           1|           1|
    |ap_enable_pp0                     |       xor|   0|  0|   2|           1|           2|
    |xor_ln379_fu_350_p2               |       xor|   0|  0|   2|           1|           2|
    +----------------------------------+----------+----+---+----+------------+------------+
    |Total                             |          |   0|  0|  81|          45|          30|
    +----------------------------------+----------+----+---+----+------------+------------+

    * Multiplexer: 
    +-----------------------------------------------+----+-----------+-----+-----------+
    |                      Name                     | LUT| Input Size| Bits| Total Bits|
    +-----------------------------------------------+----+-----------+-----+-----------+
    |ap_done                                        |   9|          2|    1|          2|
    |ap_phi_mux_inputWord_last_V_phi_fu_188_p4      |  14|          3|    1|          3|
    |ap_phi_mux_phi_ln136_1_phi_fu_152_p4           |  14|          3|    1|          3|
    |ap_phi_mux_phi_ln136_2_phi_fu_164_p4           |  14|          3|    1|          3|
    |ap_phi_mux_phi_ln136_phi_fu_176_p4             |  14|          3|    1|          3|
    |ap_phi_reg_pp0_iter1_icmpChecksum_V_1_reg_222  |  14|          3|   16|         48|
    |ap_phi_reg_pp0_iter1_p_02_i_load_reg_231       |  14|          3|   64|        192|
    |ap_phi_reg_pp0_iter1_p_0_i_load_reg_258        |  14|          3|   64|        192|
    |ap_phi_reg_pp0_iter1_p_13_i_load_reg_240       |  14|          3|    8|         24|
    |ap_phi_reg_pp0_iter1_p_16_i_load_reg_204       |  14|          3|    8|         24|
    |ap_phi_reg_pp0_iter1_p_1_i_load_reg_267        |  14|          3|    8|         24|
    |ap_phi_reg_pp0_iter1_p_24_i_load_reg_249       |  14|          3|    1|          3|
    |ap_phi_reg_pp0_iter1_p_27_i_load_reg_213       |  14|          3|    1|          3|
    |ap_phi_reg_pp0_iter1_p_Val2_s_reg_195          |  14|          3|   64|        192|
    |checksumStreams_V_V_0_blk_n                    |   9|          2|    1|          2|
    |checksumStreams_V_V_1_blk_n                    |   9|          2|    1|          2|
    |dataOut_internal_blk_n                         |   9|          2|    1|          2|
    |dataOut_internal_din                           |  20|          4|  128|        512|
    |dataStreams_V_data_V_0_blk_n                   |   9|          2|    1|          2|
    |dataStreams_V_data_V_1_blk_n                   |   9|          2|    1|          2|
    |dataStreams_V_keep_V_0_blk_n                   |   9|          2|    1|          2|
    |dataStreams_V_keep_V_1_blk_n                   |   9|          2|    1|          2|
    |dataStreams_V_last_V_0_blk_n                   |   9|          2|    1|          2|
    |dataStreams_V_last_V_1_blk_n                   |   9|          2|    1|          2|
    |ic_wordCount_V                                 |  20|          4|   16|         64|
    |inputWord_last_V_reg_185                       |  14|          3|    1|          3|
    |phi_ln136_1_reg_149                            |  14|          3|    1|          3|
    |phi_ln136_2_reg_161                            |  14|          3|    1|          3|
    |phi_ln136_reg_173                              |  14|          3|    1|          3|
    +-----------------------------------------------+----+-----------+-----+-----------+
    |Total                                          | 368|         79|  396|       1322|
    +-----------------------------------------------+----+-----------+-----+-----------+

    * Register: 
    +-----------------------------------------------+----+----+-----+-----------+
    |                      Name                     | FF | LUT| Bits| Const Bits|
    +-----------------------------------------------+----+----+-----+-----------+
    |ap_CS_fsm                                      |   1|   0|    1|          0|
    |ap_done_reg                                    |   1|   0|    1|          0|
    |ap_enable_reg_pp0_iter1                        |   1|   0|    1|          0|
    |ap_phi_reg_pp0_iter1_icmpChecksum_V_1_reg_222  |  16|   0|   16|          0|
    |ap_phi_reg_pp0_iter1_p_02_i_load_reg_231       |  64|   0|   64|          0|
    |ap_phi_reg_pp0_iter1_p_0_i_load_reg_258        |  64|   0|   64|          0|
    |ap_phi_reg_pp0_iter1_p_13_i_load_reg_240       |   8|   0|    8|          0|
    |ap_phi_reg_pp0_iter1_p_16_i_load_reg_204       |   8|   0|    8|          0|
    |ap_phi_reg_pp0_iter1_p_1_i_load_reg_267        |   8|   0|    8|          0|
    |ap_phi_reg_pp0_iter1_p_24_i_load_reg_249       |   1|   0|    1|          0|
    |ap_phi_reg_pp0_iter1_p_27_i_load_reg_213       |   1|   0|    1|          0|
    |ap_phi_reg_pp0_iter1_p_Val2_s_reg_195          |  64|   0|   64|          0|
    |ic_wordCount_V                                 |  16|   0|   16|          0|
    |ic_wordCount_V_load_reg_443                    |  16|   0|   16|          0|
    |inputWord_last_V_reg_185                       |   1|   0|    1|          0|
    |or_ln379_reg_473                               |   1|   0|    1|          0|
    |phi_ln136_1_reg_149                            |   1|   0|    1|          0|
    |phi_ln136_2_reg_161                            |   1|   0|    1|          0|
    |phi_ln136_reg_173                              |   1|   0|    1|          0|
    |streamSource_V_1                               |   1|   0|    1|          0|
    +-----------------------------------------------+----+----+-----+-----------+
    |Total                                          | 275|   0|  275|          0|
    +-----------------------------------------------+----+----+-----+-----------+



================================================================
== Interface
================================================================
* Summary: 
+--------------------------------+-----+-----+------------+------------------------+--------------+
|            RTL Ports           | Dir | Bits|  Protocol  |      Source Object     |    C Type    |
+--------------------------------+-----+-----+------------+------------------------+--------------+
|ap_clk                          |   in|    1|  ap_ctrl_hs|          insertChecksum|  return value|
|ap_rst                          |   in|    1|  ap_ctrl_hs|          insertChecksum|  return value|
|ap_start                        |   in|    1|  ap_ctrl_hs|          insertChecksum|  return value|
|ap_done                         |  out|    1|  ap_ctrl_hs|          insertChecksum|  return value|
|ap_continue                     |   in|    1|  ap_ctrl_hs|          insertChecksum|  return value|
|ap_idle                         |  out|    1|  ap_ctrl_hs|          insertChecksum|  return value|
|ap_ready                        |  out|    1|  ap_ctrl_hs|          insertChecksum|  return value|
|dataStreams_V_data_V_0_dout     |   in|   64|     ap_fifo|  dataStreams_V_data_V_0|       pointer|
|dataStreams_V_data_V_0_empty_n  |   in|    1|     ap_fifo|  dataStreams_V_data_V_0|       pointer|
|dataStreams_V_data_V_0_read     |  out|    1|     ap_fifo|  dataStreams_V_data_V_0|       pointer|
|dataStreams_V_keep_V_0_dout     |   in|    8|     ap_fifo|  dataStreams_V_keep_V_0|       pointer|
|dataStreams_V_keep_V_0_empty_n  |   in|    1|     ap_fifo|  dataStreams_V_keep_V_0|       pointer|
|dataStreams_V_keep_V_0_read     |  out|    1|     ap_fifo|  dataStreams_V_keep_V_0|       pointer|
|dataStreams_V_last_V_0_dout     |   in|    1|     ap_fifo|  dataStreams_V_last_V_0|       pointer|
|dataStreams_V_last_V_0_empty_n  |   in|    1|     ap_fifo|  dataStreams_V_last_V_0|       pointer|
|dataStreams_V_last_V_0_read     |  out|    1|     ap_fifo|  dataStreams_V_last_V_0|       pointer|
|dataStreams_V_data_V_1_dout     |   in|   64|     ap_fifo|  dataStreams_V_data_V_1|       pointer|
|dataStreams_V_data_V_1_empty_n  |   in|    1|     ap_fifo|  dataStreams_V_data_V_1|       pointer|
|dataStreams_V_data_V_1_read     |  out|    1|     ap_fifo|  dataStreams_V_data_V_1|       pointer|
|dataStreams_V_keep_V_1_dout     |   in|    8|     ap_fifo|  dataStreams_V_keep_V_1|       pointer|
|dataStreams_V_keep_V_1_empty_n  |   in|    1|     ap_fifo|  dataStreams_V_keep_V_1|       pointer|
|dataStreams_V_keep_V_1_read     |  out|    1|     ap_fifo|  dataStreams_V_keep_V_1|       pointer|
|dataStreams_V_last_V_1_dout     |   in|    1|     ap_fifo|  dataStreams_V_last_V_1|       pointer|
|dataStreams_V_last_V_1_empty_n  |   in|    1|     ap_fifo|  dataStreams_V_last_V_1|       pointer|
|dataStreams_V_last_V_1_read     |  out|    1|     ap_fifo|  dataStreams_V_last_V_1|       pointer|
|checksumStreams_V_V_0_dout      |   in|   16|     ap_fifo|   checksumStreams_V_V_0|       pointer|
|checksumStreams_V_V_0_empty_n   |   in|    1|     ap_fifo|   checksumStreams_V_V_0|       pointer|
|checksumStreams_V_V_0_read      |  out|    1|     ap_fifo|   checksumStreams_V_V_0|       pointer|
|checksumStreams_V_V_1_dout      |   in|   16|     ap_fifo|   checksumStreams_V_V_1|       pointer|
|checksumStreams_V_V_1_empty_n   |   in|    1|     ap_fifo|   checksumStreams_V_V_1|       pointer|
|checksumStreams_V_V_1_read      |  out|    1|     ap_fifo|   checksumStreams_V_V_1|       pointer|
|dataOut_internal_din            |  out|  128|     ap_fifo|        dataOut_internal|       pointer|
|dataOut_internal_full_n         |   in|    1|     ap_fifo|        dataOut_internal|       pointer|
|dataOut_internal_write          |  out|    1|     ap_fifo|        dataOut_internal|       pointer|
+--------------------------------+-----+-----+------------+------------------------+--------------+

