

================================================================
== Vitis HLS Report for 'udpPortUnreachable'
================================================================
* Date:           Tue Jul 19 05:59:24 2022

* Version:        2020.2 (Build 3064766 on Wed Nov 18 09:12:47 MST 2020)
* Project:        icmp_server_prj
* Solution:       solution1 (Vivado IP Flow Target)
* Product family: virtexuplus
* Target device:  xcvu3p-ffvc1517-2-i


================================================================
== Performance Estimates
================================================================
+ Timing: 
    * Summary: 
    +--------+---------+----------+------------+
    |  Clock |  Target | Estimated| Uncertainty|
    +--------+---------+----------+------------+
    |ap_clk  |  3.20 ns|  4.392 ns|     0.86 ns|
    +--------+---------+----------+------------+

+ Latency: 
    * Summary: 
    +---------+---------+----------+----------+-----+-----+---------+
    |  Latency (cycles) |  Latency (absolute) |  Interval | Pipeline|
    |   min   |   max   |    min   |    max   | min | max |   Type  |
    +---------+---------+----------+----------+-----+-----+---------+
    |        0|        0|      0 ns|      0 ns|    1|    1|      yes|
    +---------+---------+----------+----------+-----+-----+---------+

    + Detail: 
        * Instance: 
        N/A

        * Loop: 
        N/A



================================================================
== Utilization Estimates
================================================================
* Summary: 
+-----------------+---------+------+--------+--------+-----+
|       Name      | BRAM_18K|  DSP |   FF   |   LUT  | URAM|
+-----------------+---------+------+--------+--------+-----+
|DSP              |        -|     -|       -|       -|    -|
|Expression       |        -|     -|       0|     365|    -|
|FIFO             |        -|     -|       -|       -|    -|
|Instance         |        -|     -|       -|       -|    -|
|Memory           |        -|     -|       -|       -|    -|
|Multiplexer      |        -|     -|       -|     171|    -|
|Register         |        -|     -|      28|       -|    -|
+-----------------+---------+------+--------+--------+-----+
|Total            |        0|     0|      28|     536|    0|
+-----------------+---------+------+--------+--------+-----+
|Available        |     1440|  2280|  788160|  394080|  320|
+-----------------+---------+------+--------+--------+-----+
|Utilization (%)  |        0|     0|      ~0|      ~0|    0|
+-----------------+---------+------+--------+--------+-----+

+ Detail: 
    * Instance: 
    N/A

    * DSP: 
    N/A

    * Memory: 
    N/A

    * FIFO: 
    N/A

    * Expression: 
    +--------------------------------+----------+----+---+----+------------+------------+
    |          Variable Name         | Operation| DSP| FF| LUT| Bitwidth P0| Bitwidth P1|
    +--------------------------------+----------+----+---+----+------------+------------+
    |add_ln1348_fu_263_p2            |         +|   0|  0|  23|          16|          16|
    |add_ln208_1_fu_418_p2           |         +|   0|  0|  24|          17|          17|
    |add_ln208_2_fu_428_p2           |         +|   0|  0|  25|          18|          18|
    |add_ln208_3_fu_438_p2           |         +|   0|  0|  27|          20|          20|
    |add_ln208_4_fu_544_p2           |         +|   0|  0|  24|          17|          17|
    |add_ln208_5_fu_554_p2           |         +|   0|  0|  24|          17|          17|
    |add_ln208_6_fu_564_p2           |         +|   0|  0|  25|          18|          18|
    |add_ln208_7_fu_574_p2           |         +|   0|  0|  27|          20|          20|
    |add_ln208_fu_408_p2             |         +|   0|  0|  24|          17|          17|
    |add_ln213_1_fu_285_p2           |         +|   0|  0|  24|          17|          17|
    |add_ln213_fu_257_p2             |         +|   0|  0|  24|          17|          17|
    |add_ln691_fu_597_p2             |         +|   0|  0|  10|           3|           1|
    |and_ln201_1_fu_473_p2           |       and|   0|  0|   2|           1|           1|
    |and_ln201_fu_467_p2             |       and|   0|  0|   2|           1|           1|
    |and_ln217_1_fu_334_p2           |       and|   0|  0|   2|           1|           1|
    |and_ln217_fu_328_p2             |       and|   0|  0|   2|           1|           1|
    |ap_condition_100                |       and|   0|  0|   2|           1|           1|
    |ap_condition_101                |       and|   0|  0|   2|           1|           1|
    |ap_condition_105                |       and|   0|  0|   2|           1|           1|
    |ap_condition_106                |       and|   0|  0|   2|           1|           1|
    |ap_condition_109                |       and|   0|  0|   2|           1|           1|
    |ap_condition_167                |       and|   0|  0|   2|           1|           1|
    |ap_condition_199                |       and|   0|  0|   2|           1|           1|
    |ap_condition_203                |       and|   0|  0|   2|           1|           1|
    |ap_condition_205                |       and|   0|  0|   2|           1|           1|
    |ap_condition_502                |       and|   0|  0|   2|           1|           1|
    |ap_condition_505                |       and|   0|  0|   2|           1|           1|
    |ap_condition_78                 |       and|   0|  0|   2|           1|           1|
    |ap_predicate_op43_write_state1  |       and|   0|  0|   2|           1|           1|
    |ap_predicate_op54_read_state1   |       and|   0|  0|   2|           1|           1|
    |ap_predicate_op56_read_state1   |       and|   0|  0|   2|           1|           1|
    |ap_predicate_op92_read_state1   |       and|   0|  0|   2|           1|           1|
    |ap_predicate_op94_read_state1   |       and|   0|  0|   2|           1|           1|
    |tmp_1_i_nbreadreq_fu_114_p3     |       and|   0|  0|   2|           1|           0|
    |tmp_i_nbreadreq_fu_106_p3       |       and|   0|  0|   2|           1|           0|
    |icmp_ln870_fu_591_p2            |      icmp|   0|  0|   8|           3|           2|
    |ap_block_state1                 |        or|   0|  0|   2|           1|           1|
    |or_ln184_fu_615_p2              |        or|   0|  0|   2|           1|           1|
    |or_ln201_fu_479_p2              |        or|   0|  0|   2|           1|           1|
    |or_ln217_fu_340_p2              |        or|   0|  0|   2|           1|           1|
    |r_2_fu_295_p2                   |       xor|   0|  0|  18|          18|           2|
    |xor_ln201_fu_461_p2             |       xor|   0|  0|   2|           1|           2|
    |xor_ln217_fu_322_p2             |       xor|   0|  0|   2|           1|           2|
    +--------------------------------+----------+----+---+----+------------+------------+
    |Total                           |          |   0|  0| 365|         247|         228|
    +--------------------------------+----------+----+---+----+------------+------------+

    * Multiplexer: 
    +----------------------------------------------+----+-----------+-----+-----------+
    |                     Name                     | LUT| Input Size| Bits| Total Bits|
    +----------------------------------------------+----+-----------+-----+-----------+
    |ap_done                                       |   9|          2|    1|          2|
    |ap_phi_mux_phi_ln155_1_phi_fu_193_p4          |  14|          3|  128|        384|
    |ap_phi_mux_phi_ln155_phi_fu_182_p4            |  14|          3|  128|        384|
    |ap_phi_mux_tempWord_data_V_1_1_phi_fu_204_p6  |  20|          4|    9|         36|
    |checksumStreams_V_V_1_blk_n                   |   9|          2|    1|          2|
    |ipWordCounter_V                               |   9|          2|    3|          6|
    |ttlIn_internal_blk_n                          |   9|          2|    1|          2|
    |udpChecksum_V                                 |  20|          4|   20|         80|
    |udpIn_internal_blk_n                          |   9|          2|    1|          2|
    |udpPort2addIpHeader_data_blk_n                |   9|          2|    1|          2|
    |udpPort2addIpHeader_data_din                  |  20|          4|  128|        512|
    |udpPort2addIpHeader_header_blk_n              |   9|          2|    1|          2|
    |udpState                                      |  20|          4|    2|          8|
    +----------------------------------------------+----+-----------+-----+-----------+
    |Total                                         | 171|         36|  424|       1422|
    +----------------------------------------------+----+-----------+-----+-----------+

    * Register: 
    +-----------------+----+----+-----+-----------+
    |       Name      | FF | LUT| Bits| Const Bits|
    +-----------------+----+----+-----+-----------+
    |ap_CS_fsm        |   1|   0|    1|          0|
    |ap_done_reg      |   1|   0|    1|          0|
    |ipWordCounter_V  |   3|   0|    3|          0|
    |streamSource_V   |   1|   0|    1|          0|
    |udpChecksum_V    |  20|   0|   20|          0|
    |udpState         |   2|   0|    2|          0|
    +-----------------+----+----+-----+-----------+
    |Total            |  28|   0|   28|          0|
    +-----------------+----+----+-----+-----------+



================================================================
== Interface
================================================================
* Summary: 
+-----------------------------------+-----+-----+------------+----------------------------+--------------+
|             RTL Ports             | Dir | Bits|  Protocol  |        Source Object       |    C Type    |
+-----------------------------------+-----+-----+------------+----------------------------+--------------+
|ap_clk                             |   in|    1|  ap_ctrl_hs|          udpPortUnreachable|  return value|
|ap_rst                             |   in|    1|  ap_ctrl_hs|          udpPortUnreachable|  return value|
|ap_start                           |   in|    1|  ap_ctrl_hs|          udpPortUnreachable|  return value|
|ap_done                            |  out|    1|  ap_ctrl_hs|          udpPortUnreachable|  return value|
|ap_continue                        |   in|    1|  ap_ctrl_hs|          udpPortUnreachable|  return value|
|ap_idle                            |  out|    1|  ap_ctrl_hs|          udpPortUnreachable|  return value|
|ap_ready                           |  out|    1|  ap_ctrl_hs|          udpPortUnreachable|  return value|
|udpIn_internal_dout                |   in|  128|     ap_fifo|              udpIn_internal|       pointer|
|udpIn_internal_empty_n             |   in|    1|     ap_fifo|              udpIn_internal|       pointer|
|udpIn_internal_read                |  out|    1|     ap_fifo|              udpIn_internal|       pointer|
|ttlIn_internal_dout                |   in|  128|     ap_fifo|              ttlIn_internal|       pointer|
|ttlIn_internal_empty_n             |   in|    1|     ap_fifo|              ttlIn_internal|       pointer|
|ttlIn_internal_read                |  out|    1|     ap_fifo|              ttlIn_internal|       pointer|
|udpPort2addIpHeader_data_din       |  out|  128|     ap_fifo|    udpPort2addIpHeader_data|       pointer|
|udpPort2addIpHeader_data_full_n    |   in|    1|     ap_fifo|    udpPort2addIpHeader_data|       pointer|
|udpPort2addIpHeader_data_write     |  out|    1|     ap_fifo|    udpPort2addIpHeader_data|       pointer|
|udpPort2addIpHeader_header_din     |  out|   64|     ap_fifo|  udpPort2addIpHeader_header|       pointer|
|udpPort2addIpHeader_header_full_n  |   in|    1|     ap_fifo|  udpPort2addIpHeader_header|       pointer|
|udpPort2addIpHeader_header_write   |  out|    1|     ap_fifo|  udpPort2addIpHeader_header|       pointer|
|checksumStreams_V_V_1_din          |  out|   16|     ap_fifo|       checksumStreams_V_V_1|       pointer|
|checksumStreams_V_V_1_full_n       |   in|    1|     ap_fifo|       checksumStreams_V_V_1|       pointer|
|checksumStreams_V_V_1_write        |  out|    1|     ap_fifo|       checksumStreams_V_V_1|       pointer|
+-----------------------------------+-----+-----+------------+----------------------------+--------------+

