

================================================================
== Vitis HLS Report for 'convert_axis_to_net_axis_512_16'
================================================================
* Date:           Tue Jul 19 06:13:51 2022

* Version:        2020.2 (Build 3064766 on Wed Nov 18 09:12:47 MST 2020)
* Project:        toe_prj
* Solution:       solution1 (Vivado IP Flow Target)
* Product family: virtexuplus
* Target device:  xcvu3p-ffvc1517-2-i


================================================================
== Performance Estimates
================================================================
+ Timing: 
    * Summary: 
    +--------+---------+----------+------------+
    |  Clock |  Target | Estimated| Uncertainty|
    +--------+---------+----------+------------+
    |ap_clk  |  3.20 ns|  1.168 ns|     0.86 ns|
    +--------+---------+----------+------------+

+ Latency: 
    * Summary: 
    +---------+---------+----------+----------+-----+-----+---------+
    |  Latency (cycles) |  Latency (absolute) |  Interval | Pipeline|
    |   min   |   max   |    min   |    max   | min | max |   Type  |
    +---------+---------+----------+----------+-----+-----+---------+
    |        1|        1|  3.200 ns|  3.200 ns|    1|    1|      yes|
    +---------+---------+----------+----------+-----+-----+---------+

    + Detail: 
        * Instance: 
        N/A

        * Loop: 
        N/A



================================================================
== Utilization Estimates
================================================================
* Summary: 
+-----------------+---------+------+--------+--------+-----+
|       Name      | BRAM_18K|  DSP |   FF   |   LUT  | URAM|
+-----------------+---------+------+--------+--------+-----+
|DSP              |        -|     -|       -|       -|    -|
|Expression       |        -|     -|       0|      10|    -|
|FIFO             |        -|     -|       -|       -|    -|
|Instance         |        -|     -|       -|       -|    -|
|Memory           |        -|     -|       -|       -|    -|
|Multiplexer      |        -|     -|       -|      27|    -|
|Register         |        -|     -|     581|       -|    -|
+-----------------+---------+------+--------+--------+-----+
|Total            |        0|     0|     581|      37|    0|
+-----------------+---------+------+--------+--------+-----+
|Available        |     1440|  2280|  788160|  394080|  320|
+-----------------+---------+------+--------+--------+-----+
|Utilization (%)  |        0|     0|      ~0|      ~0|    0|
+-----------------+---------+------+--------+--------+-----+

+ Detail: 
    * Instance: 
    N/A

    * DSP: 
    N/A

    * Memory: 
    N/A

    * FIFO: 
    N/A

    * Expression: 
    +----------------------------------+----------+----+---+----+------------+------------+
    |           Variable Name          | Operation| DSP| FF| LUT| Bitwidth P0| Bitwidth P1|
    +----------------------------------+----------+----+---+----+------------+------------+
    |ap_block_state2_pp0_stage0_iter1  |       and|   0|  0|   2|           1|           1|
    |tmp_nbreadreq_fu_34_p6            |       and|   0|  0|   2|           1|           0|
    |ap_block_pp0_stage0_01001         |        or|   0|  0|   2|           1|           1|
    |ap_block_state1_pp0_stage0_iter0  |        or|   0|  0|   2|           1|           1|
    |ap_enable_pp0                     |       xor|   0|  0|   2|           1|           2|
    +----------------------------------+----------+----+---+----+------------+------------+
    |Total                             |          |   0|  0|  10|           5|           5|
    +----------------------------------+----------+----+---+----+------------+------------+

    * Multiplexer: 
    +-----------------------------+----+-----------+-----+-----------+
    |             Name            | LUT| Input Size| Bits| Total Bits|
    +-----------------------------+----+-----------+-----+-----------+
    |ap_done                      |   9|          2|    1|          2|
    |ipRxData_internal_blk_n      |   9|          2|    1|          2|
    |s_axis_tcp_data_TDATA_blk_n  |   9|          2|    1|          2|
    +-----------------------------+----+-----------+-----+-----------+
    |Total                        |  27|          6|    3|          6|
    +-----------------------------+----+-----------+-----+-----------+

    * Register: 
    +-------------------------+-----+----+-----+-----------+
    |           Name          |  FF | LUT| Bits| Const Bits|
    +-------------------------+-----+----+-----+-----------+
    |ap_CS_fsm                |    1|   0|    1|          0|
    |ap_done_reg              |    1|   0|    1|          0|
    |ap_enable_reg_pp0_iter1  |    1|   0|    1|          0|
    |ref_tmp_data_reg_95      |  512|   0|  512|          0|
    |ref_tmp_keep_reg_100     |   64|   0|   64|          0|
    |ref_tmp_last_reg_105     |    1|   0|    1|          0|
    |tmp_reg_91               |    1|   0|    1|          0|
    +-------------------------+-----+----+-----+-----------+
    |Total                    |  581|   0|  581|          0|
    +-------------------------+-----+----+-----+-----------+



================================================================
== Interface
================================================================
* Summary: 
+--------------------------+-----+------+------------+---------------------------------+--------------+
|         RTL Ports        | Dir | Bits |  Protocol  |          Source Object          |    C Type    |
+--------------------------+-----+------+------------+---------------------------------+--------------+
|ap_clk                    |   in|     1|  ap_ctrl_hs|  convert_axis_to_net_axis<512>16|  return value|
|ap_rst                    |   in|     1|  ap_ctrl_hs|  convert_axis_to_net_axis<512>16|  return value|
|ap_start                  |   in|     1|  ap_ctrl_hs|  convert_axis_to_net_axis<512>16|  return value|
|ap_done                   |  out|     1|  ap_ctrl_hs|  convert_axis_to_net_axis<512>16|  return value|
|ap_continue               |   in|     1|  ap_ctrl_hs|  convert_axis_to_net_axis<512>16|  return value|
|ap_idle                   |  out|     1|  ap_ctrl_hs|  convert_axis_to_net_axis<512>16|  return value|
|ap_ready                  |  out|     1|  ap_ctrl_hs|  convert_axis_to_net_axis<512>16|  return value|
|s_axis_tcp_data_TVALID    |   in|     1|        axis|                   input_V_last_V|       pointer|
|s_axis_tcp_data_TREADY    |  out|     1|        axis|                   input_V_last_V|       pointer|
|s_axis_tcp_data_TLAST     |   in|     1|        axis|                   input_V_last_V|       pointer|
|ipRxData_internal_din     |  out|  1024|     ap_fifo|                ipRxData_internal|       pointer|
|ipRxData_internal_full_n  |   in|     1|     ap_fifo|                ipRxData_internal|       pointer|
|ipRxData_internal_write   |  out|     1|     ap_fifo|                ipRxData_internal|       pointer|
|s_axis_tcp_data_TDATA     |   in|   512|        axis|                   input_V_data_V|       pointer|
|s_axis_tcp_data_TKEEP     |   in|    64|        axis|                   input_V_keep_V|       pointer|
|s_axis_tcp_data_TSTRB     |   in|    64|        axis|                   input_V_strb_V|       pointer|
+--------------------------+-----+------+------------+---------------------------------+--------------+

