

================================================================
== Synthesis Summary Report of 'toe_top'
================================================================
+ General Information: 
    * Date:           Tue Jul 19 06:15:18 2022
    * Version:        2020.2 (Build 3064766 on Wed Nov 18 09:12:47 MST 2020)
    * Project:        toe_prj
    * Solution:       solution1 (Vivado IP Flow Target)
    * Product family: virtexuplus
    * Target device:  xcvu3p-ffvc1517-2-i
    

+ Performance & Resource Estimates: 
    
    PS: '+' for module; 'o' for loop; '*' for dataflow
    +--------------------------------------------------------+--------+-------+---------+---------+----------+---------+------+----------+-----------+----+--------------+--------------+-----+
    |                         Modules                        |  Issue |       | Latency | Latency | Iteration|         | Trip |          |           |    |              |              |     |
    |                         & Loops                        |  Type  | Slack | (cycles)|   (ns)  |  Latency | Interval| Count| Pipelined|   BRAM    | DSP|      FF      |      LUT     | URAM|
    +--------------------------------------------------------+--------+-------+---------+---------+----------+---------+------+----------+-----------+----+--------------+--------------+-----+
    |+ toe_top*                                              |  Timing|   1.94|       40|  171.085|         -|        2|     -|  dataflow|  227 (15%)|   -|  162905 (20%)|  203847 (51%)|    -|
    | + grp_drop_optional_header_fields_512_s_fu_1486        |  Timing|   0.61|        2|    8.554|         -|        1|     -|       yes|          -|   -|    7781 (~0%)|   40122 (10%)|    -|
    | + grp_tasi_pkg_pusher_512_s_fu_1518                    |  Timing|   0.69|        2|    8.554|         -|        1|     -|       yes|          -|   -|    5842 (~0%)|    31142 (7%)|    -|
    | + grp_read_data_stitching_512_s_fu_1558                |  Timing|   0.66|        1|    4.277|         -|        1|     -|       yes|          -|   -|    3475 (~0%)|    38250 (9%)|    -|
    | + grp_two_complement_subchecksums_512_11_s_fu_1578     |  Timing|   0.71|        2|    8.554|         -|        1|     -|       yes|          -|   -|    3272 (~0%)|     6546 (1%)|    -|
    | + grp_two_complement_subchecksums_512_22_s_fu_1652     |  Timing|   0.71|        2|    8.554|         -|        1|     -|       yes|          -|   -|    3272 (~0%)|     6546 (1%)|    -|
    | + grp_pseudoHeaderConstructionNew_512_s_fu_1726        |  Timing|   0.24|        1|    4.277|         -|        1|     -|       yes|          -|   -|    2406 (~0%)|    1215 (~0%)|    -|
    | + grp_processPseudoHeader_512_s_fu_1750                |       -|  -0.45|        2|    8.554|         -|        1|     -|       yes|          -|   -|    2812 (~0%)|    2847 (~0%)|    -|
    | + grp_generate_ipv4_512_s_fu_1780                      |       -|  -0.38|        1|    4.277|         -|        1|     -|       yes|          -|   -|    2298 (~0%)|     225 (~0%)|    -|
    | + grp_finalize_ipv4_checksum_32_s_fu_1798              |       -|  -0.04|        4|   17.108|         -|        1|     -|       yes|          -|   -|    1116 (~0%)|    2461 (~0%)|    -|
    | + grp_toe_check_ipv4_checksum_32_s_fu_1806             |       -|  -0.04|        5|   21.386|         -|        1|     -|       yes|          -|   -|    1117 (~0%)|    2458 (~0%)|    -|
    | + grp_drop_optional_ip_header_512_s_fu_1814            |  Timing|   0.78|        1|    4.277|         -|        1|     -|       yes|          -|   -|    3950 (~0%)|     193 (~0%)|    -|
    | + grp_toe_process_ipv4_512_s_fu_1832                   |       -|  -0.38|        2|    8.554|         -|        1|     -|       yes|          -|   -|    1532 (~0%)|    1656 (~0%)|    -|
    | + grp_prependPseudoHeader_512_s_fu_1852                |       -|  -0.66|        1|    4.277|         -|        1|     -|       yes|          -|   -|    1706 (~0%)|      96 (~0%)|    -|
    | + grp_rxTcpFSM_fu_1868                                 |       -|  -0.23|        2|    8.554|         -|        1|     -|       yes|          -|   -|    1412 (~0%)|     4028 (1%)|    -|
    | + grp_read_data_arbiter_512_s_fu_1932                  |       -|  -0.46|        1|    4.277|         -|        1|     -|       yes|          -|   -|    2057 (~0%)|      99 (~0%)|    -|
    | + grp_metaLoader_fu_1946                               |  Timing|   0.46|        2|    8.554|         -|        1|     -|       yes|          -|   -|    1676 (~0%)|    2280 (~0%)|    -|
    | + grp_insert_checksum_512_s_fu_2028                    |       -|  -0.50|        1|    4.277|         -|        1|     -|       yes|          -|   -|    1615 (~0%)|     132 (~0%)|    -|
    | + grp_tx_sar_table_fu_2042                             |  Timing|   0.23|        5|   21.386|         -|        1|     -|       yes|    16 (1%)|   -|    1446 (~0%)|    1565 (~0%)|    -|
    | + grp_lshiftWordByOctet_512_51_s_fu_2080               |  Timing|   0.20|        1|    4.277|         -|        1|     -|       yes|          -|   -|    1450 (~0%)|     613 (~0%)|    -|
    | + grp_parse_optional_header_fields_fu_2096             |  Timing|   0.28|        1|    4.277|         -|        1|     -|       yes|          -|   -|     342 (~0%)|    1382 (~0%)|    -|
    | + grp_lshiftWordByOctet_512_52_s_fu_2112               |  Timing|   0.06|        1|    4.277|         -|        1|     -|       yes|          -|   -|    1162 (~0%)|     607 (~0%)|    -|
    | + grp_lshiftWordByOctet_512_2_s_fu_2128                |       -|  -0.03|        1|    4.277|         -|        1|     -|       yes|          -|   -|    1162 (~0%)|     605 (~0%)|    -|
    | + grp_constructPseudoHeader_512_s_fu_2144              |       -|  -1.05|        1|    4.277|         -|        1|     -|       yes|          -|   -|     629 (~0%)|    1247 (~0%)|    -|
    | + grp_rxPackageDropper_512_s_fu_2158                   |       -|  -0.59|        1|    4.277|         -|        1|     -|       yes|          -|   -|    1032 (~0%)|      89 (~0%)|    -|
    | + grp_rxAppMemDataRead_512_s_fu_2172                   |       -|  -0.66|        1|    4.277|         -|        1|     -|       yes|          -|   -|    1030 (~0%)|      58 (~0%)|    -|
    | + grp_toe_duplicate_stream_net_axis_512_s_fu_2184      |       -|  -1.17|        1|    4.277|         -|        1|     -|       yes|          -|   -|    1028 (~0%)|      46 (~0%)|    -|
    | + grp_remove_pseudo_header_512_s_fu_2194               |       -|  -1.17|        1|    4.277|         -|        1|     -|       yes|          -|   -|    1028 (~0%)|      37 (~0%)|    -|
    | + grp_rshiftWordByOctet_net_axis_512_512_3_s_fu_2202   |  Timing|   0.71|        1|    4.277|         -|        1|     -|       yes|          -|   -|    1449 (~0%)|     127 (~0%)|    -|
    | + grp_rshiftWordByOctet_net_axis_512_512_53_s_fu_2218  |  Timing|   0.83|        1|    4.277|         -|        1|     -|       yes|          -|   -|    1269 (~0%)|     131 (~0%)|    -|
    | + grp_rx_sar_table_fu_2234                             |       -|  -0.30|        5|   21.386|         -|        1|     -|       yes|   10 (~0%)|   -|    1004 (~0%)|     881 (~0%)|    -|
    | + grp_retransmit_timer_fu_2262                         |  Timing|   0.94|        4|   17.108|         -|        1|     -|       yes|    6 (~0%)|   -|     836 (~0%)|     773 (~0%)|    -|
    | + grp_lookupReplyHandler_fu_2296                       |  Timing|   0.12|        2|    8.554|         -|        1|     -|       yes|          -|   -|     369 (~0%)|     398 (~0%)|    -|
    | + grp_tasi_metaLoader_fu_2326                          |  Timing|   1.94|        2|    8.554|         -|        1|     -|       yes|          -|   -|     150 (~0%)|     606 (~0%)|    -|
    | + grp_convert_axis_to_net_axis_512_16_fu_2352          |       -|  -1.17|        1|    4.277|         -|        1|     -|       yes|          -|   -|     581 (~0%)|      37 (~0%)|    -|
    | + grp_convert_axis_to_net_axis_512_18_fu_2366          |       -|  -1.17|        1|    4.277|         -|        1|     -|       yes|          -|   -|     581 (~0%)|      37 (~0%)|    -|
    | + grp_convert_axis_to_net_axis_512_s_fu_2380           |       -|  -1.17|        1|    4.277|         -|        1|     -|       yes|          -|   -|     581 (~0%)|      37 (~0%)|    -|
    | + grp_convert_net_axis_to_axis_512_21_fu_2394          |       -|  -1.17|        2|    8.554|         -|        1|     -|       yes|          -|   -|     583 (~0%)|      43 (~0%)|    -|
    | + grp_convert_net_axis_to_axis_512_19_fu_2408          |       -|  -1.17|        2|    8.554|         -|        1|     -|       yes|          -|   -|     583 (~0%)|      43 (~0%)|    -|
    | + grp_convert_net_axis_to_axis_512_20_fu_2422          |       -|  -1.17|        2|    8.554|         -|        1|     -|       yes|          -|   -|     583 (~0%)|      43 (~0%)|    -|
    | + grp_convert_net_axis_to_axis_512_s_fu_2436           |       -|  -1.17|        2|    8.554|         -|        1|     -|       yes|          -|   -|     583 (~0%)|      43 (~0%)|    -|
    | + grp_convert_axis_to_net_axis_512_17_fu_2450          |       -|  -1.17|        1|    4.277|         -|        1|     -|       yes|          -|   -|     581 (~0%)|      37 (~0%)|    -|
    | + grp_state_table_fu_2464                              |  Timing|   0.05|        2|    8.554|         -|        1|     -|       yes|    2 (~0%)|   -|     386 (~0%)|     521 (~0%)|    -|
    | + grp_txEngMemAccessBreakdown_fu_2514                  |  Timing|   0.94|        2|    8.554|         -|        1|     -|       yes|          -|   -|     219 (~0%)|     348 (~0%)|    -|
    | + grp_rxMetadataHandler_fu_2530                        |       -|  -0.29|        1|    4.277|         -|        1|     -|       yes|          -|   -|     477 (~0%)|     509 (~0%)|    -|
    | + grp_reverseLookupTableInterface_fu_2578              |       -|  -0.00|        5|   21.386|         -|        1|     -|       yes|    4 (~0%)|   -|     795 (~0%)|     636 (~0%)|    -|
    | + grp_ack_delay_fu_2603                                |       -|  -0.31|        4|   17.108|         -|        1|     -|       yes|    1 (~0%)|   -|     540 (~0%)|     406 (~0%)|    -|
    | + grp_tx_app_if_fu_2619                                |       -|  -0.00|        2|    8.554|         -|        1|     -|       yes|          -|   -|     422 (~0%)|     407 (~0%)|    -|
    | + grp_updateRequestSender_fu_2650                      |       -|  -1.16|        3|   12.831|         -|        1|     -|       yes|          -|   -|     502 (~0%)|     229 (~0%)|    -|
    | + grp_close_timer_fu_2666                              |       -|  -0.26|        3|   12.831|         -|        1|     -|       yes|    3 (~0%)|   -|     426 (~0%)|     399 (~0%)|    -|
    | + grp_rxEventMerger_fu_2686                            |       -|  -1.17|        2|    8.554|         -|        1|     -|       yes|          -|   -|     583 (~0%)|      68 (~0%)|    -|
    | + grp_probe_timer_fu_2696                              |  Timing|   1.01|        5|   21.386|         -|        2|     -|       yes|    3 (~0%)|   -|     312 (~0%)|     462 (~0%)|    -|
    | + grp_tupleSplitter_fu_2718                            |       -|  -0.92|        1|    4.277|         -|        1|     -|       yes|          -|   -|     328 (~0%)|     114 (~0%)|    -|
    | + grp_txEventMerger_fu_2736                            |       -|  -0.42|        2|    8.554|         -|        1|     -|       yes|          -|   -|     392 (~0%)|      99 (~0%)|    -|
    | + grp_stream_merger_event_s_fu_2748                    |       -|  -1.17|        2|    8.554|         -|        1|     -|       yes|          -|   -|     391 (~0%)|      68 (~0%)|    -|
    | + grp_stream_merger_appNotification_s_fu_2758          |       -|  -1.17|        3|   12.831|         -|        1|     -|       yes|          -|   -|     328 (~0%)|     140 (~0%)|    -|
    | + grp_merge_header_meta_fu_2768                        |  Timing|   0.09|        1|    4.277|         -|        1|     -|       yes|          -|   -|     272 (~0%)|      87 (~0%)|    -|
    | + grp_tx_app_table_fu_2798                             |  Timing|   0.21|        2|    8.554|         -|        1|     -|       yes|    6 (~0%)|   -|      71 (~0%)|     155 (~0%)|    -|
    | + grp_rx_app_stream_if_fu_2814                         |       -|  -0.37|        2|    8.554|         -|        1|     -|       yes|          -|   -|     154 (~0%)|     364 (~0%)|    -|
    | + grp_txAppStatusHandler_fu_2832                       |  Timing|   0.12|        1|    4.277|         -|        1|     -|       yes|          -|   -|     112 (~0%)|     198 (~0%)|    -|
    | + grp_updateReplyHandler_fu_2850                       |       -|  -1.35|        1|    4.277|         -|        1|     -|       yes|          -|   -|     165 (~0%)|      59 (~0%)|    -|
    | + grp_free_port_table_fu_2858                          |       -|  -1.13|        4|   17.108|         -|        1|     -|       yes|    1 (~0%)|   -|     260 (~0%)|     189 (~0%)|    -|
    | + grp_listening_port_table_fu_2874                     |       -|  -1.00|        4|   17.108|         -|        1|     -|       yes|    1 (~0%)|   -|     329 (~0%)|     245 (~0%)|    -|
    | + call_ln722_event_engine_fu_2888                      |       -|  -0.11|        0|    0.000|         -|        1|     -|       yes|          -|   -|      34 (~0%)|     198 (~0%)|    -|
    | + grp_sessionIdManager_fu_2914                         |       -|  -1.17|        1|    4.277|         -|        1|     -|       yes|          -|   -|      39 (~0%)|      83 (~0%)|    -|
    | + grp_rx_app_if_fu_2924                                |       -|  -0.92|        2|    8.554|         -|        1|     -|       yes|          -|   -|      26 (~0%)|      79 (~0%)|    -|
    | + grp_stream_merger_ap_uint_16_s_fu_2938               |       -|  -1.17|        2|    8.554|         -|        1|     -|       yes|          -|   -|      55 (~0%)|      68 (~0%)|    -|
    | + grp_check_in_multiplexer_fu_2948                     |       -|  -1.17|        1|    4.277|         -|        1|     -|       yes|          -|   -|      20 (~0%)|      75 (~0%)|    -|
    | + grp_check_out_multiplexer_fu_2960                    |       -|  -0.63|        1|    4.277|         -|        1|     -|       yes|          -|   -|      11 (~0%)|      99 (~0%)|    -|
    | + call_ln1950_toe_top_entry22_fu_2974                  |       -|  -0.00|        0|    0.000|         -|        0|     -|        no|          -|   -|       2 (~0%)|      74 (~0%)|    -|
    | + call_ln216_toe_top_entry3_fu_2985                    |       -|  -1.17|        0|    0.000|         -|        0|     -|        no|          -|   -|       2 (~0%)|      38 (~0%)|    -|
    +--------------------------------------------------------+--------+-------+---------+---------+----------+---------+------+----------+-----------+----+--------------+--------------+-----+

