

================================================================
== Vitis HLS Report for 'drop_optional_header_fields_512_s'
================================================================
* Date:           Tue Jul 19 06:14:22 2022

* Version:        2020.2 (Build 3064766 on Wed Nov 18 09:12:47 MST 2020)
* Project:        toe_prj
* Solution:       solution1 (Vivado IP Flow Target)
* Product family: virtexuplus
* Target device:  xcvu3p-ffvc1517-2-i


================================================================
== Performance Estimates
================================================================
+ Timing: 
    * Summary: 
    +--------+---------+----------+------------+
    |  Clock |  Target | Estimated| Uncertainty|
    +--------+---------+----------+------------+
    |ap_clk  |  3.20 ns|  2.943 ns|     0.86 ns|
    +--------+---------+----------+------------+

+ Latency: 
    * Summary: 
    +---------+---------+----------+----------+-----+-----+---------+
    |  Latency (cycles) |  Latency (absolute) |  Interval | Pipeline|
    |   min   |   max   |    min   |    max   | min | max |   Type  |
    +---------+---------+----------+----------+-----+-----+---------+
    |        2|        2|  6.400 ns|  6.400 ns|    1|    1|      yes|
    +---------+---------+----------+----------+-----+-----+---------+

    + Detail: 
        * Instance: 
        N/A

        * Loop: 
        N/A



================================================================
== Utilization Estimates
================================================================
* Summary: 
+-----------------+---------+------+--------+--------+-----+
|       Name      | BRAM_18K|  DSP |   FF   |   LUT  | URAM|
+-----------------+---------+------+--------+--------+-----+
|DSP              |        -|     -|       -|       -|    -|
|Expression       |        -|     -|       0|   39939|    -|
|FIFO             |        -|     -|       -|       -|    -|
|Instance         |        -|     -|       -|       -|    -|
|Memory           |        -|     -|       -|       -|    -|
|Multiplexer      |        -|     -|       -|     183|    -|
|Register         |        -|     -|    7781|       -|    -|
+-----------------+---------+------+--------+--------+-----+
|Total            |        0|     0|    7781|   40122|    0|
+-----------------+---------+------+--------+--------+-----+
|Available        |     1440|  2280|  788160|  394080|  320|
+-----------------+---------+------+--------+--------+-----+
|Utilization (%)  |        0|     0|      ~0|      10|    0|
+-----------------+---------+------+--------+--------+-----+

+ Detail: 
    * Instance: 
    N/A

    * DSP: 
    N/A

    * Memory: 
    N/A

    * FIFO: 
    N/A

    * Expression: 
    +----------------------------------+----------+----+---+------+------------+------------+
    |           Variable Name          | Operation| DSP| FF|  LUT | Bitwidth P0| Bitwidth P1|
    +----------------------------------+----------+----+---+------+------------+------------+
    |add_ln67_fu_563_p2                |         +|   0|  0|    23|          16|           1|
    |sub_ln391_1_fu_499_p2             |         -|   0|  0|    14|           6|           7|
    |sub_ln391_fu_427_p2               |         -|   0|  0|    17|           9|          10|
    |sub_ln414_14_fu_655_p2            |         -|   0|  0|    17|           9|          10|
    |sub_ln414_15_fu_1316_p2           |         -|   0|  0|    14|           6|           7|
    |sub_ln414_16_fu_721_p2            |         -|   0|  0|    14|           6|           7|
    |sub_ln414_fu_641_p2               |         -|   0|  0|    17|           9|          10|
    |sub_ln599_fu_593_p2               |         -|   0|  0|    18|          11|          10|
    |sub_ln600_fu_611_p2               |         -|   0|  0|    15|           8|           7|
    |sub_ln621_fu_377_p2               |         -|   0|  0|    18|          11|          10|
    |sub_ln622_fu_395_p2               |         -|   0|  0|    15|           8|           7|
    |sub_ln674_13_fu_1296_p2           |         -|   0|  0|    15|           8|           7|
    |sub_ln674_fu_617_p2               |         -|   0|  0|    18|          11|          10|
    |and_ln391_3_fu_533_p2             |       and|   0|  0|    64|          64|          64|
    |and_ln391_fu_461_p2               |       and|   0|  0|   511|         512|         512|
    |and_ln414_24_fu_1110_p2           |       and|   0|  0|   320|         320|         320|
    |and_ln414_25_fu_1116_p2           |       and|   0|  0|   320|         320|         320|
    |and_ln414_28_fu_689_p2            |       and|   0|  0|   511|         512|         512|
    |and_ln414_29_fu_1279_p2           |       and|   0|  0|   511|         512|         512|
    |and_ln414_30_fu_1285_p2           |       and|   0|  0|   511|         512|         512|
    |and_ln414_31_fu_755_p2            |       and|   0|  0|    64|          64|          64|
    |and_ln414_32_fu_1359_p2           |       and|   0|  0|    64|          64|          64|
    |and_ln414_33_fu_1365_p2           |       and|   0|  0|    64|          64|          64|
    |and_ln414_fu_1098_p2              |       and|   0|  0|   320|         320|         320|
    |and_ln611_fu_825_p2               |       and|   0|  0|     2|           1|           1|
    |and_ln819_1_fu_771_p2             |       and|   0|  0|    61|          61|          61|
    |and_ln819_2_fu_807_p2             |       and|   0|  0|    61|          61|          61|
    |and_ln819_fu_919_p2               |       and|   0|  0|    61|          61|          61|
    |ap_condition_1167                 |       and|   0|  0|     2|           1|           1|
    |ap_condition_314                  |       and|   0|  0|     2|           1|           1|
    |ap_condition_384                  |       and|   0|  0|     2|           1|           1|
    |ap_condition_399                  |       and|   0|  0|     2|           1|           1|
    |ap_condition_413                  |       and|   0|  0|     2|           1|           1|
    |ap_condition_431                  |       and|   0|  0|     2|           1|           1|
    |ap_predicate_op106_read_state1    |       and|   0|  0|     2|           1|           1|
    |ap_predicate_op253_write_state3   |       and|   0|  0|     2|           1|           1|
    |ap_predicate_op256_write_state3   |       and|   0|  0|     2|           1|           1|
    |ap_predicate_op258_write_state3   |       and|   0|  0|     2|           1|           1|
    |ap_predicate_op260_write_state3   |       and|   0|  0|     2|           1|           1|
    |ap_predicate_op262_write_state3   |       and|   0|  0|     2|           1|           1|
    |ap_predicate_op44_read_state1     |       and|   0|  0|     2|           1|           1|
    |grp_nbreadreq_fu_160_p3           |       and|   0|  0|     2|           1|           0|
    |p_Result_248_fu_1169_p2           |       and|   0|  0|   511|         512|         512|
    |p_Result_249_fu_1184_p2           |       and|   0|  0|   511|         512|         512|
    |p_Result_250_fu_1207_p2           |       and|   0|  0|    64|          64|          64|
    |p_Result_251_fu_1222_p2           |       and|   0|  0|    64|          64|          64|
    |p_Result_252_fu_1237_p2           |       and|   0|  0|   511|         512|         512|
    |p_Result_254_fu_1311_p2           |       and|   0|  0|    64|          64|          64|
    |p_Result_256_fu_975_p2            |       and|   0|  0|   511|         512|         512|
    |p_Result_257_fu_990_p2            |       and|   0|  0|   511|         512|         512|
    |p_Result_258_fu_1013_p2           |       and|   0|  0|    64|          64|          64|
    |p_Result_259_fu_1028_p2           |       and|   0|  0|    64|          64|          64|
    |p_Result_260_fu_1034_p2           |       and|   0|  0|   511|         512|         512|
    |p_Result_261_fu_1039_p2           |       and|   0|  0|    64|          64|          64|
    |tmp_i_nbreadreq_fu_174_p3         |       and|   0|  0|    64|           1|           0|
    |icmp_ln391_1_fu_485_p2            |      icmp|   0|  0|    17|          26|           1|
    |icmp_ln391_fu_413_p2              |      icmp|   0|  0|    16|          23|           1|
    |icmp_ln414_3_fu_635_p2            |      icmp|   0|  0|    16|          23|           1|
    |icmp_ln414_4_fu_707_p2            |      icmp|   0|  0|    17|          26|           1|
    |icmp_ln414_fu_557_p2              |      icmp|   0|  0|    16|          25|           9|
    |icmp_ln870_79_fu_575_p2           |      icmp|   0|  0|     9|           4|           1|
    |icmp_ln870_fu_872_p2              |      icmp|   0|  0|     9|           4|           1|
    |p_Result_239_fu_925_p2            |      icmp|   0|  0|    27|          61|           1|
    |p_Result_s_fu_813_p2              |      icmp|   0|  0|    27|          61|           1|
    |sendWord_last_V_5_fu_777_p2       |      icmp|   0|  0|    27|          61|           1|
    |lshr_ln391_1_fu_527_p2            |      lshr|   0|  0|   182|           2|          64|
    |lshr_ln391_fu_455_p2              |      lshr|   0|  0|  2171|           2|         512|
    |lshr_ln414_14_fu_1022_p2          |      lshr|   0|  0|   182|           2|          64|
    |lshr_ln414_15_fu_1178_p2          |      lshr|   0|  0|  2171|           2|         512|
    |lshr_ln414_16_fu_1216_p2          |      lshr|   0|  0|   182|           2|          64|
    |lshr_ln414_17_fu_683_p2           |      lshr|   0|  0|  2171|           2|         512|
    |lshr_ln414_18_fu_749_p2           |      lshr|   0|  0|   182|           2|          64|
    |lshr_ln414_fu_984_p2              |      lshr|   0|  0|  2171|           2|         512|
    |lshr_ln674_19_fu_969_p2           |      lshr|   0|  0|  2171|           2|         512|
    |lshr_ln674_20_fu_1002_p2          |      lshr|   0|  0|   182|          64|          64|
    |lshr_ln674_21_fu_1007_p2          |      lshr|   0|  0|   182|           2|          64|
    |lshr_ln674_22_fu_1158_p2          |      lshr|   0|  0|  2171|         512|         512|
    |lshr_ln674_23_fu_1163_p2          |      lshr|   0|  0|  2171|           2|         512|
    |lshr_ln674_24_fu_1196_p2          |      lshr|   0|  0|   182|          64|          64|
    |lshr_ln674_25_fu_1201_p2          |      lshr|   0|  0|   182|           2|          64|
    |lshr_ln674_26_fu_1231_p2          |      lshr|   0|  0|  2171|           2|         512|
    |lshr_ln674_27_fu_1305_p2          |      lshr|   0|  0|   182|           2|          64|
    |lshr_ln674_fu_964_p2              |      lshr|   0|  0|  2171|         512|         512|
    |ap_block_pp0_stage0_01001         |        or|   0|  0|     2|           1|           1|
    |ap_block_state1_pp0_stage0_iter0  |        or|   0|  0|     2|           1|           1|
    |ap_block_state3_pp0_stage0_iter2  |        or|   0|  0|     2|           1|           1|
    |or_ln563_fu_890_p2                |        or|   0|  0|     2|           1|           1|
    |or_ln582_fu_1140_p2               |        or|   0|  0|     2|           1|           1|
    |p_Result_238_fu_1122_p2           |        or|   0|  0|   320|         320|         320|
    |p_Result_253_fu_1290_p2           |        or|   0|  0|   511|         512|         512|
    |p_Result_255_fu_1370_p2           |        or|   0|  0|    64|          64|          64|
    |select_ln391_2_fu_433_p3          |    select|   0|  0|    10|           1|          10|
    |select_ln391_3_fu_491_p3          |    select|   0|  0|     7|           1|           6|
    |select_ln391_4_fu_505_p3          |    select|   0|  0|     7|           1|           7|
    |select_ln391_fu_419_p3            |    select|   0|  0|    10|           1|           9|
    |select_ln414_21_fu_1077_p3        |    select|   0|  0|   276|           1|         320|
    |select_ln414_22_fu_1084_p3        |    select|   0|  0|   276|           1|         321|
    |select_ln414_23_fu_1091_p3        |    select|   0|  0|     2|           1|           1|
    |select_ln414_24_fu_647_p3         |    select|   0|  0|    10|           1|           9|
    |select_ln414_25_fu_1242_p3        |    select|   0|  0|    10|           1|          10|
    |select_ln414_26_fu_661_p3         |    select|   0|  0|    10|           1|          10|
    |select_ln414_27_fu_1267_p3        |    select|   0|  0|   428|           1|         512|
    |select_ln414_28_fu_713_p3         |    select|   0|  0|     7|           1|           6|
    |select_ln414_29_fu_1321_p3        |    select|   0|  0|     7|           1|           7|
    |select_ln414_30_fu_727_p3         |    select|   0|  0|     7|           1|           7|
    |select_ln414_31_fu_1347_p3        |    select|   0|  0|    63|           1|          64|
    |select_ln414_fu_1060_p3           |    select|   0|  0|   276|           1|         320|
    |select_ln566_fu_931_p3            |    select|   0|  0|     3|           1|           1|
    |select_ln611_fu_831_p3            |    select|   0|  0|     3|           1|           3|
    |shl_ln391_1_fu_521_p2             |       shl|   0|  0|   182|           2|          64|
    |shl_ln391_fu_449_p2               |       shl|   0|  0|  2171|           2|         512|
    |shl_ln414_10_fu_677_p2            |       shl|   0|  0|  2171|           2|         512|
    |shl_ln414_11_fu_1331_p2           |       shl|   0|  0|   182|          64|          64|
    |shl_ln414_12_fu_743_p2            |       shl|   0|  0|   182|           2|          64|
    |shl_ln414_fu_1251_p2              |       shl|   0|  0|  2171|         512|         512|
    |shl_ln819_1_fu_765_p2             |       shl|   0|  0|   175|           1|          61|
    |shl_ln819_2_fu_801_p2             |       shl|   0|  0|   175|           1|          61|
    |shl_ln819_fu_913_p2               |       shl|   0|  0|   175|           1|          61|
    |ap_enable_pp0                     |       xor|   0|  0|     2|           1|           2|
    |xor_ln391_1_fu_539_p2             |       xor|   0|  0|    64|           2|          64|
    |xor_ln391_fu_467_p2               |       xor|   0|  0|   511|           2|         512|
    |xor_ln414_5_fu_1274_p2            |       xor|   0|  0|   511|           2|         512|
    |xor_ln414_6_fu_1354_p2            |       xor|   0|  0|    64|           2|          64|
    |xor_ln414_fu_1104_p2              |       xor|   0|  0|   320|           2|         320|
    |xor_ln563_fu_884_p2               |       xor|   0|  0|     2|           1|           2|
    |xor_ln582_fu_1134_p2              |       xor|   0|  0|     2|           1|           2|
    |xor_ln874_fu_819_p2               |       xor|   0|  0|     2|           1|           2|
    +----------------------------------+----------+----+---+------+------------+------------+
    |Total                             |          |   0|  0| 39939|       10051|       18137|
    +----------------------------------+----------+----+---+------+------------+------------+

    * Multiplexer: 
    +--------------------------------------------------+----+-----------+------+-----------+
    |                       Name                       | LUT| Input Size| Bits | Total Bits|
    +--------------------------------------------------+----+-----------+------+-----------+
    |ap_done                                           |   9|          2|     1|          2|
    |ap_phi_mux_state_V_3_flag_0_i_phi_fu_212_p18      |  14|          3|     1|          3|
    |ap_phi_mux_state_V_3_new_0_i_phi_fu_244_p18       |  26|          5|     2|         10|
    |ap_phi_reg_pp0_iter1_parseHeader_new_0_i_reg_270  |  14|          3|     1|          3|
    |ap_phi_reg_pp0_iter2_p_015_reg_286                |  14|          3|   320|        960|
    |optionalHeader_header_V                           |   9|          2|   320|        640|
    |optionalHeader_idx                                |   9|          2|    16|         32|
    |prevWord_data_V_3                                 |   9|          2|   512|       1024|
    |rxEng_dataBuffer3_blk_n                           |   9|          2|     1|          2|
    |rxEng_dataBuffer3_din                             |  20|          4|  1024|       4096|
    |rxEng_dataBuffer3b_blk_n                          |   9|          2|     1|          2|
    |rxEng_dataOffsetFifo_blk_n                        |   9|          2|     1|          2|
    |rxEng_optionalFieldsFifo_blk_n                    |   9|          2|     1|          2|
    |rxEng_optionalFieldsFifo_din                      |  14|          3|   320|        960|
    |rxEng_optionalFieldsMetaFifo_blk_n                |   9|          2|     1|          2|
    +--------------------------------------------------+----+-----------+------+-----------+
    |Total                                             | 183|         39|  2522|       7740|
    +--------------------------------------------------+----+-----------+------+-----------+

    * Register: 
    +--------------------------------------------------+------+----+------+-----------+
    |                       Name                       |  FF  | LUT| Bits | Const Bits|
    +--------------------------------------------------+------+----+------+-----------+
    |and_ln414_28_reg_1535                             |   512|   0|   512|          0|
    |and_ln414_31_reg_1547                             |    64|   0|    64|          0|
    |ap_CS_fsm                                         |     1|   0|     1|          0|
    |ap_done_reg                                       |     1|   0|     1|          0|
    |ap_enable_reg_pp0_iter1                           |     1|   0|     1|          0|
    |ap_enable_reg_pp0_iter2                           |     1|   0|     1|          0|
    |ap_phi_reg_pp0_iter1_p_015_reg_286                |   320|   0|   320|          0|
    |ap_phi_reg_pp0_iter1_parseHeader_new_0_i_reg_270  |     1|   0|     1|          0|
    |ap_phi_reg_pp0_iter2_p_015_reg_286                |   320|   0|   320|          0|
    |bvh_d_index_reg_1501                              |     4|   0|     6|          2|
    |dataOffset_V                                      |     4|   0|     4|          0|
    |headerWritten                                     |     1|   0|     1|          0|
    |icmp_ln414_3_reg_1524                             |     1|   0|     1|          0|
    |icmp_ln414_4_reg_1541                             |     1|   0|     1|          0|
    |icmp_ln414_reg_1477                               |     1|   0|     1|          0|
    |icmp_ln870_79_reg_1485                            |     1|   0|     1|          0|
    |icmp_ln870_79_reg_1485_pp0_iter1_reg              |     1|   0|     1|          0|
    |icmp_ln870_reg_1581                               |     1|   0|     1|          0|
    |icmp_ln870_reg_1581_pp0_iter1_reg                 |     1|   0|     1|          0|
    |optionalHeader_header_V                           |   320|   0|   320|          0|
    |optionalHeader_idx                                |    16|   0|    16|          0|
    |optionalHeader_ready                              |     1|   0|     1|          0|
    |optionalHeader_ready_load_reg_1420                |     1|   0|     1|          0|
    |or_ln582_reg_1608                                 |     1|   0|     1|          0|
    |p_Result_253_reg_1612                             |   512|   0|   512|          0|
    |p_Result_255_reg_1617                             |    64|   0|    64|          0|
    |p_Result_260_reg_1593                             |   512|   0|   512|          0|
    |p_Result_261_reg_1598                             |    64|   0|    64|          0|
    |p_Val2_67_reg_1430                                |    64|   0|    64|          0|
    |p_Val2_s_reg_1424                                 |   512|   0|   512|          0|
    |parseHeader                                       |     1|   0|     1|          0|
    |prevWord_data_V_3                                 |   512|   0|   512|          0|
    |prevWord_keep_V_6                                 |    64|   0|    64|          0|
    |reg_336                                           |  1024|   0|  1024|          0|
    |reg_336_pp0_iter1_reg                             |  1024|   0|  1024|          0|
    |sendWord_last_V_5_reg_1553                        |     1|   0|     1|          0|
    |sendWord_last_V_5_reg_1553_pp0_iter1_reg          |     1|   0|     1|          0|
    |shl_ln4_reg_1443                                  |     4|   0|     6|          2|
    |shl_ln6_reg_1489                                  |     4|   0|     9|          5|
    |shl_ln_reg_1436                                   |     4|   0|     9|          5|
    |state_V_1                                         |     2|   0|     2|          0|
    |state_V_1_load_reg_1416                           |     2|   0|     2|          0|
    |state_V_1_load_reg_1416_pp0_iter1_reg             |     2|   0|     2|          0|
    |sub_ln414_reg_1530                                |     5|   0|    10|          5|
    |sub_ln599_reg_1496                                |     5|   0|    10|          5|
    |sub_ln600_reg_1513                                |     5|   0|     7|          2|
    |sub_ln674_reg_1519                                |     5|   0|    10|          5|
    |tmp_356_reg_1575                                  |   320|   0|   320|          0|
    |tmp_356_reg_1575_pp0_iter1_reg                    |   320|   0|   320|          0|
    |tmp_54_i_reg_1562                                 |     1|   0|     1|          0|
    |tmp_54_i_reg_1562_pp0_iter1_reg                   |     1|   0|     1|          0|
    |tmp_data_V_3_reg_1464                             |   512|   0|   512|          0|
    |tmp_i_291_reg_1460                                |     1|   0|     1|          0|
    |tmp_i_291_reg_1460_pp0_iter1_reg                  |     1|   0|     1|          0|
    |tmp_i_reg_1558                                    |     1|   0|     1|          0|
    |tmp_i_reg_1558_pp0_iter1_reg                      |     1|   0|     1|          0|
    |tmp_keep_V_6_reg_1469                             |    64|   0|    64|          0|
    |tmp_syn_V_reg_1571                                |     1|   0|     1|          0|
    |tmp_syn_V_reg_1571_pp0_iter1_reg                  |     1|   0|     1|          0|
    |trunc_ln145_reg_1566                              |     4|   0|     4|          0|
    |trunc_ln145_reg_1566_pp0_iter1_reg                |     4|   0|     4|          0|
    |xor_ln391_1_reg_1455                              |    64|   0|    64|          0|
    |xor_ln391_reg_1450                                |   512|   0|   512|          0|
    |zext_ln600_reg_1508                               |     4|   0|     7|          3|
    +--------------------------------------------------+------+----+------+-----------+
    |Total                                             |  7781|   0|  7815|         34|
    +--------------------------------------------------+------+----+------+-----------+



================================================================
== Interface
================================================================
* Summary: 
+--------------------------------------+-----+------+------------+----------------------------------+--------------+
|               RTL Ports              | Dir | Bits |  Protocol  |           Source Object          |    C Type    |
+--------------------------------------+-----+------+------------+----------------------------------+--------------+
|ap_clk                                |   in|     1|  ap_ctrl_hs|  drop_optional_header_fields<512>|  return value|
|ap_rst                                |   in|     1|  ap_ctrl_hs|  drop_optional_header_fields<512>|  return value|
|ap_start                              |   in|     1|  ap_ctrl_hs|  drop_optional_header_fields<512>|  return value|
|ap_done                               |  out|     1|  ap_ctrl_hs|  drop_optional_header_fields<512>|  return value|
|ap_continue                           |   in|     1|  ap_ctrl_hs|  drop_optional_header_fields<512>|  return value|
|ap_idle                               |  out|     1|  ap_ctrl_hs|  drop_optional_header_fields<512>|  return value|
|ap_ready                              |  out|     1|  ap_ctrl_hs|  drop_optional_header_fields<512>|  return value|
|rxEng_dataBuffer3b_dout               |   in|  1024|     ap_fifo|                rxEng_dataBuffer3b|       pointer|
|rxEng_dataBuffer3b_empty_n            |   in|     1|     ap_fifo|                rxEng_dataBuffer3b|       pointer|
|rxEng_dataBuffer3b_read               |  out|     1|     ap_fifo|                rxEng_dataBuffer3b|       pointer|
|rxEng_optionalFieldsMetaFifo_dout     |   in|    16|     ap_fifo|      rxEng_optionalFieldsMetaFifo|       pointer|
|rxEng_optionalFieldsMetaFifo_empty_n  |   in|     1|     ap_fifo|      rxEng_optionalFieldsMetaFifo|       pointer|
|rxEng_optionalFieldsMetaFifo_read     |  out|     1|     ap_fifo|      rxEng_optionalFieldsMetaFifo|       pointer|
|rxEng_dataBuffer3_din                 |  out|  1024|     ap_fifo|                 rxEng_dataBuffer3|       pointer|
|rxEng_dataBuffer3_full_n              |   in|     1|     ap_fifo|                 rxEng_dataBuffer3|       pointer|
|rxEng_dataBuffer3_write               |  out|     1|     ap_fifo|                 rxEng_dataBuffer3|       pointer|
|rxEng_optionalFieldsFifo_din          |  out|   320|     ap_fifo|          rxEng_optionalFieldsFifo|       pointer|
|rxEng_optionalFieldsFifo_full_n       |   in|     1|     ap_fifo|          rxEng_optionalFieldsFifo|       pointer|
|rxEng_optionalFieldsFifo_write        |  out|     1|     ap_fifo|          rxEng_optionalFieldsFifo|       pointer|
|rxEng_dataOffsetFifo_din              |  out|     4|     ap_fifo|              rxEng_dataOffsetFifo|       pointer|
|rxEng_dataOffsetFifo_full_n           |   in|     1|     ap_fifo|              rxEng_dataOffsetFifo|       pointer|
|rxEng_dataOffsetFifo_write            |  out|     1|     ap_fifo|              rxEng_dataOffsetFifo|       pointer|
+--------------------------------------+-----+------+------------+----------------------------------+--------------+

