

================================================================
== Vitis HLS Report for 'generate_ipv4_512_s'
================================================================
* Date:           Tue Jul 19 06:14:48 2022

* Version:        2020.2 (Build 3064766 on Wed Nov 18 09:12:47 MST 2020)
* Project:        toe_prj
* Solution:       solution1 (Vivado IP Flow Target)
* Product family: virtexuplus
* Target device:  xcvu3p-ffvc1517-2-i


================================================================
== Performance Estimates
================================================================
+ Timing: 
    * Summary: 
    +--------+---------+----------+------------+
    |  Clock |  Target | Estimated| Uncertainty|
    +--------+---------+----------+------------+
    |ap_clk  |  3.20 ns|  1.953 ns|     0.86 ns|
    +--------+---------+----------+------------+

+ Latency: 
    * Summary: 
    +---------+---------+----------+----------+-----+-----+---------+
    |  Latency (cycles) |  Latency (absolute) |  Interval | Pipeline|
    |   min   |   max   |    min   |    max   | min | max |   Type  |
    +---------+---------+----------+----------+-----+-----+---------+
    |        1|        1|  3.200 ns|  3.200 ns|    1|    1|      yes|
    +---------+---------+----------+----------+-----+-----+---------+

    + Detail: 
        * Instance: 
        N/A

        * Loop: 
        N/A



================================================================
== Utilization Estimates
================================================================
* Summary: 
+-----------------+---------+------+--------+--------+-----+
|       Name      | BRAM_18K|  DSP |   FF   |   LUT  | URAM|
+-----------------+---------+------+--------+--------+-----+
|DSP              |        -|     -|       -|       -|    -|
|Expression       |        -|     -|       0|     114|    -|
|FIFO             |        -|     -|       -|       -|    -|
|Instance         |        -|     -|       -|       -|    -|
|Memory           |        -|     -|       -|       -|    -|
|Multiplexer      |        -|     -|       -|     111|    -|
|Register         |        -|     -|    2298|       -|    -|
+-----------------+---------+------+--------+--------+-----+
|Total            |        0|     0|    2298|     225|    0|
+-----------------+---------+------+--------+--------+-----+
|Available        |     1440|  2280|  788160|  394080|  320|
+-----------------+---------+------+--------+--------+-----+
|Utilization (%)  |        0|     0|      ~0|      ~0|    0|
+-----------------+---------+------+--------+--------+-----+

+ Detail: 
    * Instance: 
    N/A

    * DSP: 
    N/A

    * Memory: 
    N/A

    * FIFO: 
    N/A

    * Expression: 
    +----------------------------------+----------+----+---+----+------------+------------+
    |           Variable Name          | Operation| DSP| FF| LUT| Bitwidth P0| Bitwidth P1|
    +----------------------------------+----------+----+---+----+------------+------------+
    |grp_fu_197_p2                     |         +|   0|  0|  23|          16|           1|
    |length_V_1_fu_339_p2              |         +|   0|  0|  23|          16|           6|
    |ap_condition_119                  |       and|   0|  0|   2|           1|           1|
    |ap_condition_167                  |       and|   0|  0|   2|           1|           1|
    |ap_condition_189                  |       and|   0|  0|   2|           1|           1|
    |ap_condition_224                  |       and|   0|  0|   2|           1|           1|
    |ap_predicate_op25_read_state1     |       and|   0|  0|   2|           1|           1|
    |ap_predicate_op32_read_state1     |       and|   0|  0|   2|           1|           1|
    |ap_predicate_op60_read_state1     |       and|   0|  0|   2|           1|           1|
    |ap_predicate_op77_write_state2    |       and|   0|  0|   2|           1|           1|
    |ap_predicate_op81_write_state2    |       and|   0|  0|   2|           1|           1|
    |grp_nbreadreq_fu_120_p3           |       and|   0|  0|   2|           1|           0|
    |tmp_43_i_nbreadreq_fu_142_p3      |       and|   0|  0|   2|           1|           0|
    |tmp_i_nbreadreq_fu_134_p3         |       and|   0|  0|   2|           1|           0|
    |icmp_ln82_2_fu_245_p2             |      icmp|   0|  0|  16|          25|           8|
    |icmp_ln82_fu_301_p2               |      icmp|   0|  0|  16|          25|           8|
    |ap_block_pp0_stage0_01001         |        or|   0|  0|   2|           1|           1|
    |ap_block_state1_pp0_stage0_iter0  |        or|   0|  0|   2|           1|           1|
    |ap_block_state2_pp0_stage0_iter1  |        or|   0|  0|   2|           1|           1|
    |select_ln883_cast_i_fu_279_p3     |    select|   0|  0|   2|           1|           2|
    |ap_enable_pp0                     |       xor|   0|  0|   2|           1|           2|
    |xor_ln883_fu_273_p2               |       xor|   0|  0|   2|           1|           2|
    +----------------------------------+----------+----+---+----+------------+------------+
    |Total                             |          |   0|  0| 114|         100|          41|
    +----------------------------------+----------+----+---+----+------------+------------+

    * Multiplexer: 
    +-------------------------------------------------+----+-----------+------+-----------+
    |                       Name                      | LUT| Input Size| Bits | Total Bits|
    +-------------------------------------------------+----+-----------+------+-----------+
    |ap_done                                          |   9|          2|     1|          2|
    |ap_phi_reg_pp0_iter1_currWord_data_V_reg_169     |  14|          3|   512|       1536|
    |ap_phi_reg_pp0_iter1_sendWord_data_V_16_reg_178  |   9|          2|   512|       1024|
    |gi_state                                         |  14|          3|     2|          6|
    |header_idx_3                                     |   9|          2|    16|         32|
    |ipTxData_internal_blk_n                          |   9|          2|     1|          2|
    |ipTxData_internal_din                            |  20|          4|  1024|       4096|
    |txEng_ipMetaFifo_blk_n                           |   9|          2|     1|          2|
    |txEng_ipTupleFifo_blk_n                          |   9|          2|     1|          2|
    |txEng_tcpPkgBuffer6_blk_n                        |   9|          2|     1|          2|
    +-------------------------------------------------+----+-----------+------+-----------+
    |Total                                            | 111|         24|  2071|       6704|
    +-------------------------------------------------+----+-----------+------+-----------+

    * Register: 
    +-------------------------------------------------+------+----+------+-----------+
    |                       Name                      |  FF  | LUT| Bits | Const Bits|
    +-------------------------------------------------+------+----+------+-----------+
    |ap_CS_fsm                                        |     1|   0|     1|          0|
    |ap_done_reg                                      |     1|   0|     1|          0|
    |ap_enable_reg_pp0_iter1                          |     1|   0|     1|          0|
    |ap_phi_reg_pp0_iter1_currWord_data_V_reg_169     |   512|   0|   512|          0|
    |ap_phi_reg_pp0_iter1_sendWord_data_V_16_reg_178  |   512|   0|   512|          0|
    |gi_state                                         |     2|   0|     2|          0|
    |gi_state_load_reg_466                            |     2|   0|     2|          0|
    |header_header_V_3                                |   160|   0|   160|          0|
    |header_idx_3                                     |    16|   0|    16|          0|
    |tmp_42_i_reg_470                                 |     1|   0|     1|          0|
    |tmp_i_286_reg_482                                |     1|   0|     1|          0|
    |tmp_reg_499                                      |    65|   0|    65|          0|
    |txEng_tcpPkgBuffer6_read_1_reg_474               |  1024|   0|  1024|          0|
    +-------------------------------------------------+------+----+------+-----------+
    |Total                                            |  2298|   0|  2298|          0|
    +-------------------------------------------------+------+----+------+-----------+



================================================================
== Interface
================================================================
* Summary: 
+-----------------------------+-----+------+------------+---------------------+--------------+
|          RTL Ports          | Dir | Bits |  Protocol  |    Source Object    |    C Type    |
+-----------------------------+-----+------+------------+---------------------+--------------+
|ap_clk                       |   in|     1|  ap_ctrl_hs|   generate_ipv4<512>|  return value|
|ap_rst                       |   in|     1|  ap_ctrl_hs|   generate_ipv4<512>|  return value|
|ap_start                     |   in|     1|  ap_ctrl_hs|   generate_ipv4<512>|  return value|
|ap_done                      |  out|     1|  ap_ctrl_hs|   generate_ipv4<512>|  return value|
|ap_continue                  |   in|     1|  ap_ctrl_hs|   generate_ipv4<512>|  return value|
|ap_idle                      |  out|     1|  ap_ctrl_hs|   generate_ipv4<512>|  return value|
|ap_ready                     |  out|     1|  ap_ctrl_hs|   generate_ipv4<512>|  return value|
|txEng_tcpPkgBuffer6_dout     |   in|  1024|     ap_fifo|  txEng_tcpPkgBuffer6|       pointer|
|txEng_tcpPkgBuffer6_empty_n  |   in|     1|     ap_fifo|  txEng_tcpPkgBuffer6|       pointer|
|txEng_tcpPkgBuffer6_read     |  out|     1|     ap_fifo|  txEng_tcpPkgBuffer6|       pointer|
|txEng_ipMetaFifo_dout        |   in|    16|     ap_fifo|     txEng_ipMetaFifo|       pointer|
|txEng_ipMetaFifo_empty_n     |   in|     1|     ap_fifo|     txEng_ipMetaFifo|       pointer|
|txEng_ipMetaFifo_read        |  out|     1|     ap_fifo|     txEng_ipMetaFifo|       pointer|
|txEng_ipTupleFifo_dout       |   in|    64|     ap_fifo|    txEng_ipTupleFifo|       pointer|
|txEng_ipTupleFifo_empty_n    |   in|     1|     ap_fifo|    txEng_ipTupleFifo|       pointer|
|txEng_ipTupleFifo_read       |  out|     1|     ap_fifo|    txEng_ipTupleFifo|       pointer|
|ipTxData_internal_din        |  out|  1024|     ap_fifo|    ipTxData_internal|       pointer|
|ipTxData_internal_full_n     |   in|     1|     ap_fifo|    ipTxData_internal|       pointer|
|ipTxData_internal_write      |  out|     1|     ap_fifo|    ipTxData_internal|       pointer|
+-----------------------------+-----+------+------------+---------------------+--------------+

