

================================================================
== Vitis HLS Report for 'insert_checksum_512_s'
================================================================
* Date:           Tue Jul 19 06:14:47 2022

* Version:        2020.2 (Build 3064766 on Wed Nov 18 09:12:47 MST 2020)
* Project:        toe_prj
* Solution:       solution1 (Vivado IP Flow Target)
* Product family: virtexuplus
* Target device:  xcvu3p-ffvc1517-2-i


================================================================
== Performance Estimates
================================================================
+ Timing: 
    * Summary: 
    +--------+---------+----------+------------+
    |  Clock |  Target | Estimated| Uncertainty|
    +--------+---------+----------+------------+
    |ap_clk  |  3.20 ns|  1.833 ns|     0.86 ns|
    +--------+---------+----------+------------+

+ Latency: 
    * Summary: 
    +---------+---------+----------+----------+-----+-----+---------+
    |  Latency (cycles) |  Latency (absolute) |  Interval | Pipeline|
    |   min   |   max   |    min   |    max   | min | max |   Type  |
    +---------+---------+----------+----------+-----+-----+---------+
    |        1|        1|  3.200 ns|  3.200 ns|    1|    1|      yes|
    +---------+---------+----------+----------+-----+-----+---------+

    + Detail: 
        * Instance: 
        N/A

        * Loop: 
        N/A



================================================================
== Utilization Estimates
================================================================
* Summary: 
+-----------------+---------+------+--------+--------+-----+
|       Name      | BRAM_18K|  DSP |   FF   |   LUT  | URAM|
+-----------------+---------+------+--------+--------+-----+
|DSP              |        -|     -|       -|       -|    -|
|Expression       |        -|     -|       0|      45|    -|
|FIFO             |        -|     -|       -|       -|    -|
|Instance         |        -|     -|       -|       -|    -|
|Memory           |        -|     -|       -|       -|    -|
|Multiplexer      |        -|     -|       -|      87|    -|
|Register         |        -|     -|    1615|       -|    -|
+-----------------+---------+------+--------+--------+-----+
|Total            |        0|     0|    1615|     132|    0|
+-----------------+---------+------+--------+--------+-----+
|Available        |     1440|  2280|  788160|  394080|  320|
+-----------------+---------+------+--------+--------+-----+
|Utilization (%)  |        0|     0|      ~0|      ~0|    0|
+-----------------+---------+------+--------+--------+-----+

+ Detail: 
    * Instance: 
    N/A

    * DSP: 
    N/A

    * Memory: 
    N/A

    * FIFO: 
    N/A

    * Expression: 
    +----------------------------------+----------+----+---+----+------------+------------+
    |           Variable Name          | Operation| DSP| FF| LUT| Bitwidth P0| Bitwidth P1|
    +----------------------------------+----------+----+---+----+------------+------------+
    |add_ln691_fu_285_p2               |         +|   0|  0|  10|           3|           1|
    |ap_predicate_op20_read_state1     |       and|   0|  0|   2|           1|           1|
    |ap_predicate_op29_read_state1     |       and|   0|  0|   2|           1|           1|
    |ap_predicate_op44_read_state1     |       and|   0|  0|   2|           1|           1|
    |ap_predicate_op56_write_state2    |       and|   0|  0|   2|           1|           1|
    |ap_predicate_op59_write_state2    |       and|   0|  0|   2|           1|           1|
    |ap_predicate_op60_write_state2    |       and|   0|  0|   2|           1|           1|
    |grp_nbreadreq_fu_76_p3            |       and|   0|  0|   2|           1|           0|
    |tmp_i_285_nbreadreq_fu_90_p3      |       and|   0|  0|   2|           1|           0|
    |icmp_ln870_fu_292_p2              |      icmp|   0|  0|   8|           3|           1|
    |ap_block_pp0_stage0_01001         |        or|   0|  0|   2|           1|           1|
    |ap_block_state1_pp0_stage0_iter0  |        or|   0|  0|   2|           1|           1|
    |ap_block_state2_pp0_stage0_iter1  |        or|   0|  0|   2|           1|           1|
    |select_ln1581_fu_267_p3           |    select|   0|  0|   3|           1|           1|
    |ap_enable_pp0                     |       xor|   0|  0|   2|           1|           2|
    +----------------------------------+----------+----+---+----+------------+------------+
    |Total                             |          |   0|  0|  45|          19|          14|
    +----------------------------------+----------+----+---+----+------------+------------+

    * Multiplexer: 
    +------------------------------------------------+----+-----------+------+-----------+
    |                      Name                      | LUT| Input Size| Bits | Total Bits|
    +------------------------------------------------+----+-----------+------+-----------+
    |ap_done                                         |   9|          2|     1|          2|
    |ap_phi_mux_wordCount_V_flag_0_i_phi_fu_114_p20  |  14|          3|     1|          3|
    |ap_phi_mux_wordCount_V_new_0_i_phi_fu_149_p20   |  14|          3|     3|          9|
    |state_V                                         |   9|          2|     2|          4|
    |txEng_tcpChecksumFifo_blk_n                     |   9|          2|     1|          2|
    |txEng_tcpPkgBuffer4_blk_n                       |   9|          2|     1|          2|
    |txEng_tcpPkgBuffer5_blk_n                       |   9|          2|     1|          2|
    |txEng_tcpPkgBuffer5_din                         |  14|          3|  1024|       3072|
    +------------------------------------------------+----+-----------+------+-----------+
    |Total                                           |  87|         19|  1034|       3096|
    +------------------------------------------------+----+-----------+------+-----------+

    * Register: 
    +-------------------------+------+----+------+-----------+
    |           Name          |  FF  | LUT| Bits | Const Bits|
    +-------------------------+------+----+------+-----------+
    |ap_CS_fsm                |     1|   0|     1|          0|
    |ap_done_reg              |     1|   0|     1|          0|
    |ap_enable_reg_pp0_iter1  |     1|   0|     1|          0|
    |p_Result_214_reg_334     |   512|   0|   512|          0|
    |reg_194                  |  1024|   0|  1024|          0|
    |state_V                  |     2|   0|     2|          0|
    |state_V_load_reg_315     |     2|   0|     2|          0|
    |tmp_40_i_reg_319         |     1|   0|     1|          0|
    |tmp_41_i_reg_330         |     1|   0|     1|          0|
    |tmp_i_285_reg_326        |     1|   0|     1|          0|
    |tmp_i_reg_344            |     1|   0|     1|          0|
    |tmp_reg_339              |    65|   0|    65|          0|
    |wordCount_V              |     3|   0|     3|          0|
    +-------------------------+------+----+------+-----------+
    |Total                    |  1615|   0|  1615|          0|
    +-------------------------+------+----+------+-----------+



================================================================
== Interface
================================================================
* Summary: 
+-------------------------------+-----+------+------------+-----------------------+--------------+
|           RTL Ports           | Dir | Bits |  Protocol  |     Source Object     |    C Type    |
+-------------------------------+-----+------+------------+-----------------------+--------------+
|ap_clk                         |   in|     1|  ap_ctrl_hs|   insert_checksum<512>|  return value|
|ap_rst                         |   in|     1|  ap_ctrl_hs|   insert_checksum<512>|  return value|
|ap_start                       |   in|     1|  ap_ctrl_hs|   insert_checksum<512>|  return value|
|ap_done                        |  out|     1|  ap_ctrl_hs|   insert_checksum<512>|  return value|
|ap_continue                    |   in|     1|  ap_ctrl_hs|   insert_checksum<512>|  return value|
|ap_idle                        |  out|     1|  ap_ctrl_hs|   insert_checksum<512>|  return value|
|ap_ready                       |  out|     1|  ap_ctrl_hs|   insert_checksum<512>|  return value|
|txEng_tcpPkgBuffer4_dout       |   in|  1024|     ap_fifo|    txEng_tcpPkgBuffer4|       pointer|
|txEng_tcpPkgBuffer4_empty_n    |   in|     1|     ap_fifo|    txEng_tcpPkgBuffer4|       pointer|
|txEng_tcpPkgBuffer4_read       |  out|     1|     ap_fifo|    txEng_tcpPkgBuffer4|       pointer|
|txEng_tcpChecksumFifo_dout     |   in|    16|     ap_fifo|  txEng_tcpChecksumFifo|       pointer|
|txEng_tcpChecksumFifo_empty_n  |   in|     1|     ap_fifo|  txEng_tcpChecksumFifo|       pointer|
|txEng_tcpChecksumFifo_read     |  out|     1|     ap_fifo|  txEng_tcpChecksumFifo|       pointer|
|txEng_tcpPkgBuffer5_din        |  out|  1024|     ap_fifo|    txEng_tcpPkgBuffer5|       pointer|
|txEng_tcpPkgBuffer5_full_n     |   in|     1|     ap_fifo|    txEng_tcpPkgBuffer5|       pointer|
|txEng_tcpPkgBuffer5_write      |  out|     1|     ap_fifo|    txEng_tcpPkgBuffer5|       pointer|
+-------------------------------+-----+------+------------+-----------------------+--------------+

