

================================================================
== Vitis HLS Report for 'lookupReplyHandler'
================================================================
* Date:           Tue Jul 19 06:13:54 2022

* Version:        2020.2 (Build 3064766 on Wed Nov 18 09:12:47 MST 2020)
* Project:        toe_prj
* Solution:       solution1 (Vivado IP Flow Target)
* Product family: virtexuplus
* Target device:  xcvu3p-ffvc1517-2-i


================================================================
== Performance Estimates
================================================================
+ Timing: 
    * Summary: 
    +--------+---------+----------+------------+
    |  Clock |  Target | Estimated| Uncertainty|
    +--------+---------+----------+------------+
    |ap_clk  |  3.20 ns|  2.458 ns|     0.86 ns|
    +--------+---------+----------+------------+

+ Latency: 
    * Summary: 
    +---------+---------+----------+----------+-----+-----+---------+
    |  Latency (cycles) |  Latency (absolute) |  Interval | Pipeline|
    |   min   |   max   |    min   |    max   | min | max |   Type  |
    +---------+---------+----------+----------+-----+-----+---------+
    |        2|        2|  6.400 ns|  6.400 ns|    1|    1|      yes|
    +---------+---------+----------+----------+-----+-----+---------+

    + Detail: 
        * Instance: 
        N/A

        * Loop: 
        N/A



================================================================
== Utilization Estimates
================================================================
* Summary: 
+-----------------+---------+------+--------+--------+-----+
|       Name      | BRAM_18K|  DSP |   FF   |   LUT  | URAM|
+-----------------+---------+------+--------+--------+-----+
|DSP              |        -|     -|       -|       -|    -|
|Expression       |        -|     -|       0|     108|    -|
|FIFO             |        -|     -|      12|     121|    -|
|Instance         |        -|     -|       -|       -|    -|
|Memory           |        -|     -|       -|       -|    -|
|Multiplexer      |        -|     -|       -|     169|    -|
|Register         |        -|     -|     357|       -|    -|
+-----------------+---------+------+--------+--------+-----+
|Total            |        0|     0|     369|     398|    0|
+-----------------+---------+------+--------+--------+-----+
|Available        |     1440|  2280|  788160|  394080|  320|
+-----------------+---------+------+--------+--------+-----+
|Utilization (%)  |        0|     0|      ~0|      ~0|    0|
+-----------------+---------+------+--------+--------+-----+

+ Detail: 
    * Instance: 
    N/A

    * DSP: 
    N/A

    * Memory: 
    N/A

    * FIFO: 
    +-------------------------+---------+---+----+-----+------+-----+---------+
    |           Name          | BRAM_18K| FF| LUT| URAM| Depth| Bits| Size:D*B|
    +-------------------------+---------+---+----+-----+------+-----+---------+
    |slc_insertTuples_fifo_U  |        0|  5|   0|    -|     4|   64|      256|
    |slc_queryCache_fifo_U    |        0|  7|   0|    -|     8|  128|     1024|
    +-------------------------+---------+---+----+-----+------+-----+---------+
    |Total                    |        0| 12|   0|    0|    12|  192|     1280|
    +-------------------------+---------+---+----+-----+------+-----+---------+

    * Expression: 
    +----------------------------------+----------+----+---+----+------------+------------+
    |           Variable Name          | Operation| DSP| FF| LUT| Bitwidth P0| Bitwidth P1|
    +----------------------------------+----------+----+---+----+------------+------------+
    |ap_condition_433                  |       and|   0|  0|   2|           1|           1|
    |ap_condition_451                  |       and|   0|  0|   2|           1|           1|
    |ap_predicate_op104_write_state2   |       and|   0|  0|   2|           1|           1|
    |ap_predicate_op106_write_state2   |       and|   0|  0|   2|           1|           1|
    |ap_predicate_op109_write_state2   |       and|   0|  0|   2|           1|           1|
    |ap_predicate_op111_write_state2   |       and|   0|  0|   2|           1|           1|
    |ap_predicate_op119_write_state2   |       and|   0|  0|   2|           1|           1|
    |ap_predicate_op122_write_state2   |       and|   0|  0|   2|           1|           1|
    |ap_predicate_op123_write_state3   |       and|   0|  0|   2|           1|           1|
    |ap_predicate_op124_write_state3   |       and|   0|  0|   2|           1|           1|
    |ap_predicate_op49_read_state1     |       and|   0|  0|   2|           1|           1|
    |ap_predicate_op61_read_state1     |       and|   0|  0|   2|           1|           1|
    |ap_predicate_op72_read_state1     |       and|   0|  0|   2|           1|           1|
    |ap_predicate_op85_read_state1     |       and|   0|  0|   2|           1|           1|
    |ap_predicate_op95_read_state1     |       and|   0|  0|   2|           1|           1|
    |tmp_35_i_nbreadreq_fu_152_p3      |       and|   0|  0|   2|           1|           0|
    |tmp_36_i_nbreadreq_fu_237_p3      |       and|   0|  0|   2|           1|           0|
    |tmp_37_i_nbreadreq_fu_188_p3      |       and|   0|  0|   2|           1|           0|
    |tmp_38_i_nbreadreq_fu_160_p3      |       and|   0|  0|   2|           1|           0|
    |tmp_39_i_nbreadreq_fu_208_p3      |       and|   0|  0|   2|           1|           0|
    |tmp_i_283_nbreadreq_fu_180_p3     |       and|   0|  0|   2|           1|           0|
    |tmp_i_nbreadreq_fu_229_p3         |       and|   0|  0|   2|           1|           0|
    |icmp_ln155_fu_390_p2              |      icmp|   0|  0|  20|          32|           1|
    |icmp_ln175_fu_335_p2              |      icmp|   0|  0|  20|          32|           1|
    |ap_block_pp0_stage0_01001         |        or|   0|  0|   2|           1|           1|
    |ap_block_pp0_stage0_11001         |        or|   0|  0|   2|           1|           1|
    |ap_block_state1_pp0_stage0_iter0  |        or|   0|  0|   2|           1|           1|
    |ap_block_state2_io                |        or|   0|  0|   2|           1|           1|
    |ap_block_state2_pp0_stage0_iter1  |        or|   0|  0|   2|           1|           1|
    |ap_block_state3_io                |        or|   0|  0|   2|           1|           1|
    |ap_block_state3_pp0_stage0_iter2  |        or|   0|  0|   2|           1|           1|
    |ap_predicate_op113_write_state2   |        or|   0|  0|   2|           1|           1|
    |ap_predicate_op115_write_state2   |        or|   0|  0|   2|           1|           1|
    |or_ln146_fu_378_p2                |        or|   0|  0|   2|           1|           1|
    |ap_enable_pp0                     |       xor|   0|  0|   2|           1|           2|
    |xor_ln146_fu_372_p2               |       xor|   0|  0|   2|           1|           2|
    +----------------------------------+----------+----+---+----+------------+------------+
    |Total                             |          |   0|  0| 108|          98|          31|
    +----------------------------------+----------+----+---+----+------------+------------+

    * Multiplexer: 
    +---------------------------------------------+----+-----------+-----+-----------+
    |                     Name                    | LUT| Input Size| Bits| Total Bits|
    +---------------------------------------------+----+-----------+-----+-----------+
    |ap_done                                      |   9|          2|    1|          2|
    |m_axis_session_lup_req_V_TDATA_blk_n         |   9|          2|    1|          2|
    |m_axis_session_lup_req_V_TDATA_int_regslice  |  14|          3|   96|        288|
    |reverseLupInsertFifo_blk_n                   |   9|          2|    1|          2|
    |rxEng2sLookup_req_blk_n                      |   9|          2|    1|          2|
    |sLookup2rxEng_rsp_blk_n                      |   9|          2|    1|          2|
    |sLookup2rxEng_rsp_din                        |  14|          3|   32|         96|
    |sLookup2txApp_rsp_blk_n                      |   9|          2|    1|          2|
    |sLookup2txApp_rsp_din                        |  14|          3|   32|         96|
    |s_axis_session_lup_rsp_V_TDATA_blk_n         |   9|          2|    1|          2|
    |sessionInsert_req_blk_n                      |   9|          2|    1|          2|
    |slc_fsmState                                 |  14|          3|    2|          6|
    |slc_queryCache_din                           |  14|          3|  128|        384|
    |slc_sessionIdFreeList_blk_n                  |   9|          2|    1|          2|
    |slc_sessionInsert_rsp_blk_n                  |   9|          2|    1|          2|
    |txApp2sLookup_req_blk_n                      |   9|          2|    1|          2|
    +---------------------------------------------+----+-----------+-----+-----------+
    |Total                                        | 169|         37|  301|        892|
    +---------------------------------------------+----+-----------+-----+-----------+

    * Register: 
    +-----------------------------------------+----+----+-----+-----------+
    |                   Name                  | FF | LUT| Bits| Const Bits|
    +-----------------------------------------+----+----+-----+-----------+
    |ap_CS_fsm                                |   1|   0|    1|          0|
    |ap_done_reg                              |   1|   0|    1|          0|
    |ap_enable_reg_pp0_iter1                  |   1|   0|    1|          0|
    |ap_enable_reg_pp0_iter2                  |   1|   0|    1|          0|
    |freeID_V_reg_594                         |  14|   0|   14|          0|
    |icmp_ln155_reg_599                       |   1|   0|    1|          0|
    |icmp_ln175_reg_564                       |   1|   0|    1|          0|
    |lupReply_source_reg_576                  |  32|   0|   32|          0|
    |or_ln146_reg_586                         |   1|   0|    1|          0|
    |slc_fsmState                             |   2|   0|    2|          0|
    |slc_fsmState_load_reg_541                |   2|   0|    2|          0|
    |slc_fsmState_load_reg_541_pp0_iter1_reg  |   2|   0|    2|          0|
    |tmp_139_i_reg_603                        |  17|   0|   17|          0|
    |tmp_35_i_reg_545                         |   1|   0|    1|          0|
    |tmp_36_i_reg_612                         |   1|   0|    1|          0|
    |tmp_36_i_reg_612_pp0_iter1_reg           |   1|   0|    1|          0|
    |tmp_37_i_reg_572                         |   1|   0|    1|          0|
    |tmp_38_i_reg_549                         |   1|   0|    1|          0|
    |tmp_39_i_reg_590                         |   1|   0|    1|          0|
    |tmp_i_283_reg_568                        |   1|   0|    1|          0|
    |tmp_i_reg_608                            |   1|   0|    1|          0|
    |tmp_i_reg_608_pp0_iter1_reg              |   1|   0|    1|          0|
    |tmp_reg_631                              |  64|   0|   64|          0|
    |trunc_ln145_23_reg_581                   |  64|   0|   64|          0|
    |trunc_ln145_63_reg_626                   |  16|   0|   16|          0|
    |trunc_ln145_64_reg_553                   |  16|   0|   16|          0|
    |trunc_ln145_reg_616                      |  32|   0|   32|          0|
    |trunc_ln145_s_reg_621                    |  16|   0|   16|          0|
    |tuple_reg_559                            |  64|   0|   64|          0|
    +-----------------------------------------+----+----+-----+-----------+
    |Total                                    | 357|   0|  357|          0|
    +-----------------------------------------+----+----+-----+-----------+



================================================================
== Interface
================================================================
* Summary: 
+---------------------------------+-----+-----+------------+--------------------------+--------------+
|            RTL Ports            | Dir | Bits|  Protocol  |       Source Object      |    C Type    |
+---------------------------------+-----+-----+------------+--------------------------+--------------+
|ap_clk                           |   in|    1|  ap_ctrl_hs|        lookupReplyHandler|  return value|
|ap_rst                           |   in|    1|  ap_ctrl_hs|        lookupReplyHandler|  return value|
|ap_start                         |   in|    1|  ap_ctrl_hs|        lookupReplyHandler|  return value|
|ap_done                          |  out|    1|  ap_ctrl_hs|        lookupReplyHandler|  return value|
|ap_continue                      |   in|    1|  ap_ctrl_hs|        lookupReplyHandler|  return value|
|ap_idle                          |  out|    1|  ap_ctrl_hs|        lookupReplyHandler|  return value|
|ap_ready                         |  out|    1|  ap_ctrl_hs|        lookupReplyHandler|  return value|
|slc_sessionInsert_rsp_dout       |   in|  160|     ap_fifo|     slc_sessionInsert_rsp|       pointer|
|slc_sessionInsert_rsp_empty_n    |   in|    1|     ap_fifo|     slc_sessionInsert_rsp|       pointer|
|slc_sessionInsert_rsp_read       |  out|    1|     ap_fifo|     slc_sessionInsert_rsp|       pointer|
|s_axis_session_lup_rsp_V_TVALID  |   in|    1|        axis|  s_axis_session_lup_rsp_V|       pointer|
|s_axis_session_lup_rsp_V_TDATA   |   in|  128|        axis|  s_axis_session_lup_rsp_V|       pointer|
|s_axis_session_lup_rsp_V_TREADY  |  out|    1|        axis|  s_axis_session_lup_rsp_V|       pointer|
|slc_sessionIdFreeList_dout       |   in|   14|     ap_fifo|     slc_sessionIdFreeList|       pointer|
|slc_sessionIdFreeList_empty_n    |   in|    1|     ap_fifo|     slc_sessionIdFreeList|       pointer|
|slc_sessionIdFreeList_read       |  out|    1|     ap_fifo|     slc_sessionIdFreeList|       pointer|
|rxEng2sLookup_req_dout           |   in|  128|     ap_fifo|         rxEng2sLookup_req|       pointer|
|rxEng2sLookup_req_empty_n        |   in|    1|     ap_fifo|         rxEng2sLookup_req|       pointer|
|rxEng2sLookup_req_read           |  out|    1|     ap_fifo|         rxEng2sLookup_req|       pointer|
|txApp2sLookup_req_dout           |   in|   96|     ap_fifo|         txApp2sLookup_req|       pointer|
|txApp2sLookup_req_empty_n        |   in|    1|     ap_fifo|         txApp2sLookup_req|       pointer|
|txApp2sLookup_req_read           |  out|    1|     ap_fifo|         txApp2sLookup_req|       pointer|
|sLookup2txApp_rsp_din            |  out|   32|     ap_fifo|         sLookup2txApp_rsp|       pointer|
|sLookup2txApp_rsp_full_n         |   in|    1|     ap_fifo|         sLookup2txApp_rsp|       pointer|
|sLookup2txApp_rsp_write          |  out|    1|     ap_fifo|         sLookup2txApp_rsp|       pointer|
|sLookup2rxEng_rsp_din            |  out|   32|     ap_fifo|         sLookup2rxEng_rsp|       pointer|
|sLookup2rxEng_rsp_full_n         |   in|    1|     ap_fifo|         sLookup2rxEng_rsp|       pointer|
|sLookup2rxEng_rsp_write          |  out|    1|     ap_fifo|         sLookup2rxEng_rsp|       pointer|
|reverseLupInsertFifo_din         |  out|   96|     ap_fifo|      reverseLupInsertFifo|       pointer|
|reverseLupInsertFifo_full_n      |   in|    1|     ap_fifo|      reverseLupInsertFifo|       pointer|
|reverseLupInsertFifo_write       |  out|    1|     ap_fifo|      reverseLupInsertFifo|       pointer|
|sessionInsert_req_din            |  out|  160|     ap_fifo|         sessionInsert_req|       pointer|
|sessionInsert_req_full_n         |   in|    1|     ap_fifo|         sessionInsert_req|       pointer|
|sessionInsert_req_write          |  out|    1|     ap_fifo|         sessionInsert_req|       pointer|
|m_axis_session_lup_req_V_TREADY  |   in|    1|        axis|  m_axis_session_lup_req_V|       pointer|
|m_axis_session_lup_req_V_TDATA   |  out|   96|        axis|  m_axis_session_lup_req_V|       pointer|
|m_axis_session_lup_req_V_TVALID  |  out|    1|        axis|  m_axis_session_lup_req_V|       pointer|
+---------------------------------+-----+-----+------------+--------------------------+--------------+

