

================================================================
== Vitis HLS Report for 'lshiftWordByOctet_512_2_s'
================================================================
* Date:           Tue Jul 19 06:14:10 2022

* Version:        2020.2 (Build 3064766 on Wed Nov 18 09:12:47 MST 2020)
* Project:        toe_prj
* Solution:       solution1 (Vivado IP Flow Target)
* Product family: virtexuplus
* Target device:  xcvu3p-ffvc1517-2-i


================================================================
== Performance Estimates
================================================================
+ Timing: 
    * Summary: 
    +--------+---------+----------+------------+
    |  Clock |  Target | Estimated| Uncertainty|
    +--------+---------+----------+------------+
    |ap_clk  |  3.20 ns|  2.305 ns|     0.86 ns|
    +--------+---------+----------+------------+

+ Latency: 
    * Summary: 
    +---------+---------+----------+----------+-----+-----+---------+
    |  Latency (cycles) |  Latency (absolute) |  Interval | Pipeline|
    |   min   |   max   |    min   |    max   | min | max |   Type  |
    +---------+---------+----------+----------+-----+-----+---------+
    |        1|        1|  3.200 ns|  3.200 ns|    1|    1|      yes|
    +---------+---------+----------+----------+-----+-----+---------+

    + Detail: 
        * Instance: 
        N/A

        * Loop: 
        N/A



================================================================
== Utilization Estimates
================================================================
* Summary: 
+-----------------+---------+------+--------+--------+-----+
|       Name      | BRAM_18K|  DSP |   FF   |   LUT  | URAM|
+-----------------+---------+------+--------+--------+-----+
|DSP              |        -|     -|       -|       -|    -|
|Expression       |        -|     -|       0|     527|    -|
|FIFO             |        -|     -|       -|       -|    -|
|Instance         |        -|     -|       -|       -|    -|
|Memory           |        -|     -|       -|       -|    -|
|Multiplexer      |        -|     -|       -|      78|    -|
|Register         |        -|     -|    1162|       -|    -|
+-----------------+---------+------+--------+--------+-----+
|Total            |        0|     0|    1162|     605|    0|
+-----------------+---------+------+--------+--------+-----+
|Available        |     1440|  2280|  788160|  394080|  320|
+-----------------+---------+------+--------+--------+-----+
|Utilization (%)  |        0|     0|      ~0|      ~0|    0|
+-----------------+---------+------+--------+--------+-----+

+ Detail: 
    * Instance: 
    N/A

    * DSP: 
    N/A

    * Memory: 
    N/A

    * FIFO: 
    N/A

    * Expression: 
    +----------------------------------+----------+----+---+-----+------------+------------+
    |           Variable Name          | Operation| DSP| FF| LUT | Bitwidth P0| Bitwidth P1|
    +----------------------------------+----------+----+---+-----+------------+------------+
    |ap_condition_129                  |       and|   0|  0|    2|           1|           1|
    |ap_condition_132                  |       and|   0|  0|    2|           1|           1|
    |ap_condition_162                  |       and|   0|  0|    2|           1|           1|
    |ap_condition_77                   |       and|   0|  0|    2|           1|           1|
    |ap_predicate_op18_read_state1     |       and|   0|  0|    2|           1|           1|
    |ap_predicate_op46_write_state2    |       and|   0|  0|    2|           1|           1|
    |tmp_i_nbreadreq_fu_86_p3          |       and|   0|  0|    2|           1|           0|
    |sendWord_last_V_fu_232_p2         |      icmp|   0|  0|   12|          12|           1|
    |ap_block_pp0_stage0_01001         |        or|   0|  0|    2|           1|           1|
    |ap_block_state1_pp0_stage0_iter0  |        or|   0|  0|    2|           1|           1|
    |ap_block_state2_pp0_stage0_iter1  |        or|   0|  0|    2|           1|           1|
    |select_ln600_fu_308_p3            |    select|   0|  0|   63|           1|          64|
    |sendWord_data_V_15_fu_300_p3      |    select|   0|  0|  428|           1|         512|
    |ap_enable_pp0                     |       xor|   0|  0|    2|           1|           2|
    |xor_ln752_fu_250_p2               |       xor|   0|  0|    2|           1|           2|
    +----------------------------------+----------+----+---+-----+------------+------------+
    |Total                             |          |   0|  0|  527|          26|         590|
    +----------------------------------+----------+----+---+-----+------------+------------+

    * Multiplexer: 
    +------------------------------------------------------+----+-----------+------+-----------+
    |                         Name                         | LUT| Input Size| Bits | Total Bits|
    +------------------------------------------------------+----+-----------+------+-----------+
    |ap_done                                               |   9|          2|     1|          2|
    |ap_phi_reg_pp0_iter1_ls_firstWord_2_flag_0_i_reg_107  |  14|          3|     1|          3|
    |ap_phi_reg_pp0_iter1_ls_firstWord_2_new_0_i_reg_126   |  14|          3|     1|          3|
    |ls_writeRemainder_2                                   |   9|          2|     1|          2|
    |rxEng_dataBuffer4_blk_n                               |   9|          2|     1|          2|
    |rxEng_dataBuffer5_blk_n                               |   9|          2|     1|          2|
    |rxEng_dataBuffer5_din                                 |  14|          3|  1024|       3072|
    +------------------------------------------------------+----+-----------+------+-----------+
    |Total                                                 |  78|         17|  1030|       3086|
    +------------------------------------------------------+----+-----------+------+-----------+

    * Register: 
    +------------------------------------------------------+-----+----+-----+-----------+
    |                         Name                         |  FF | LUT| Bits| Const Bits|
    +------------------------------------------------------+-----+----+-----+-----------+
    |ap_CS_fsm                                             |    1|   0|    1|          0|
    |ap_done_reg                                           |    1|   0|    1|          0|
    |ap_enable_reg_pp0_iter1                               |    1|   0|    1|          0|
    |ap_phi_reg_pp0_iter1_ls_firstWord_2_flag_0_i_reg_107  |    1|   0|    1|          0|
    |ap_phi_reg_pp0_iter1_ls_firstWord_2_new_0_i_reg_126   |    1|   0|    1|          0|
    |ls_firstWord_2                                        |    1|   0|    1|          0|
    |ls_writeRemainder_2                                   |    1|   0|    1|          0|
    |ls_writeRemainder_2_load_reg_351                      |    1|   0|    1|          0|
    |p_Result_563_i_reg_368                                |   52|   0|   52|          0|
    |prevWord_data_V_1                                     |  512|   0|  512|          0|
    |prevWord_keep_V_4                                     |   64|   0|   64|          0|
    |reg_164                                               |   96|   0|   96|          0|
    |reg_168                                               |   12|   0|   12|          0|
    |sendWord_last_V_reg_374                               |    1|   0|    1|          0|
    |tmp_i_reg_355                                         |    1|   0|    1|          0|
    |trunc_ln674_reg_362                                   |  416|   0|  416|          0|
    +------------------------------------------------------+-----+----+-----+-----------+
    |Total                                                 | 1162|   0| 1162|          0|
    +------------------------------------------------------+-----+----+-----+-----------+



================================================================
== Interface
================================================================
* Summary: 
+---------------------------+-----+------+------------+---------------------------+--------------+
|         RTL Ports         | Dir | Bits |  Protocol  |       Source Object       |    C Type    |
+---------------------------+-----+------+------------+---------------------------+--------------+
|ap_clk                     |   in|     1|  ap_ctrl_hs|  lshiftWordByOctet<512, 2>|  return value|
|ap_rst                     |   in|     1|  ap_ctrl_hs|  lshiftWordByOctet<512, 2>|  return value|
|ap_start                   |   in|     1|  ap_ctrl_hs|  lshiftWordByOctet<512, 2>|  return value|
|ap_done                    |  out|     1|  ap_ctrl_hs|  lshiftWordByOctet<512, 2>|  return value|
|ap_continue                |   in|     1|  ap_ctrl_hs|  lshiftWordByOctet<512, 2>|  return value|
|ap_idle                    |  out|     1|  ap_ctrl_hs|  lshiftWordByOctet<512, 2>|  return value|
|ap_ready                   |  out|     1|  ap_ctrl_hs|  lshiftWordByOctet<512, 2>|  return value|
|rxEng_dataBuffer4_dout     |   in|  1024|     ap_fifo|          rxEng_dataBuffer4|       pointer|
|rxEng_dataBuffer4_empty_n  |   in|     1|     ap_fifo|          rxEng_dataBuffer4|       pointer|
|rxEng_dataBuffer4_read     |  out|     1|     ap_fifo|          rxEng_dataBuffer4|       pointer|
|rxEng_dataBuffer5_din      |  out|  1024|     ap_fifo|          rxEng_dataBuffer5|       pointer|
|rxEng_dataBuffer5_full_n   |   in|     1|     ap_fifo|          rxEng_dataBuffer5|       pointer|
|rxEng_dataBuffer5_write    |  out|     1|     ap_fifo|          rxEng_dataBuffer5|       pointer|
+---------------------------+-----+------+------------+---------------------------+--------------+

