

================================================================
== Vitis HLS Report for 'lshiftWordByOctet_512_51_s'
================================================================
* Date:           Tue Jul 19 06:14:37 2022

* Version:        2020.2 (Build 3064766 on Wed Nov 18 09:12:47 MST 2020)
* Project:        toe_prj
* Solution:       solution1 (Vivado IP Flow Target)
* Product family: virtexuplus
* Target device:  xcvu3p-ffvc1517-2-i


================================================================
== Performance Estimates
================================================================
+ Timing: 
    * Summary: 
    +--------+---------+----------+------------+
    |  Clock |  Target | Estimated| Uncertainty|
    +--------+---------+----------+------------+
    |ap_clk  |  3.20 ns|  2.536 ns|     0.86 ns|
    +--------+---------+----------+------------+

+ Latency: 
    * Summary: 
    +---------+---------+----------+----------+-----+-----+---------+
    |  Latency (cycles) |  Latency (absolute) |  Interval | Pipeline|
    |   min   |   max   |    min   |    max   | min | max |   Type  |
    +---------+---------+----------+----------+-----+-----+---------+
    |        1|        1|  3.200 ns|  3.200 ns|    1|    1|      yes|
    +---------+---------+----------+----------+-----+-----+---------+

    + Detail: 
        * Instance: 
        N/A

        * Loop: 
        N/A



================================================================
== Utilization Estimates
================================================================
* Summary: 
+-----------------+---------+------+--------+--------+-----+
|       Name      | BRAM_18K|  DSP |   FF   |   LUT  | URAM|
+-----------------+---------+------+--------+--------+-----+
|DSP              |        -|     -|       -|       -|    -|
|Expression       |        -|     -|       0|     535|    -|
|FIFO             |        -|     -|       -|       -|    -|
|Instance         |        -|     -|       -|       -|    -|
|Memory           |        -|     -|       -|       -|    -|
|Multiplexer      |        -|     -|       -|      78|    -|
|Register         |        -|     -|    1450|       -|    -|
+-----------------+---------+------+--------+--------+-----+
|Total            |        0|     0|    1450|     613|    0|
+-----------------+---------+------+--------+--------+-----+
|Available        |     1440|  2280|  788160|  394080|  320|
+-----------------+---------+------+--------+--------+-----+
|Utilization (%)  |        0|     0|      ~0|      ~0|    0|
+-----------------+---------+------+--------+--------+-----+

+ Detail: 
    * Instance: 
    N/A

    * DSP: 
    N/A

    * Memory: 
    N/A

    * FIFO: 
    N/A

    * Expression: 
    +----------------------------------+----------+----+---+-----+------------+------------+
    |           Variable Name          | Operation| DSP| FF| LUT | Bitwidth P0| Bitwidth P1|
    +----------------------------------+----------+----+---+-----+------------+------------+
    |ap_condition_127                  |       and|   0|  0|    2|           1|           1|
    |ap_condition_130                  |       and|   0|  0|    2|           1|           1|
    |ap_condition_159                  |       and|   0|  0|    2|           1|           1|
    |ap_condition_77                   |       and|   0|  0|    2|           1|           1|
    |ap_predicate_op18_read_state1     |       and|   0|  0|    2|           1|           1|
    |ap_predicate_op44_write_state2    |       and|   0|  0|    2|           1|           1|
    |tmp_i_nbreadreq_fu_80_p3          |       and|   0|  0|    2|           1|           0|
    |sendWord_last_V_fu_216_p2         |      icmp|   0|  0|   20|          32|           1|
    |ap_block_pp0_stage0_01001         |        or|   0|  0|    2|           1|           1|
    |ap_block_state1_pp0_stage0_iter0  |        or|   0|  0|    2|           1|           1|
    |ap_block_state2_pp0_stage0_iter1  |        or|   0|  0|    2|           1|           1|
    |select_ln600_fu_292_p3            |    select|   0|  0|   63|           1|          64|
    |sendWord_data_V_13_fu_284_p3      |    select|   0|  0|  428|           1|         512|
    |ap_enable_pp0                     |       xor|   0|  0|    2|           1|           2|
    |xor_ln752_fu_234_p2               |       xor|   0|  0|    2|           1|           2|
    +----------------------------------+----------+----+---+-----+------------+------------+
    |Total                             |          |   0|  0|  535|          46|         590|
    +----------------------------------+----------+----+---+-----+------------+------------+

    * Multiplexer: 
    +------------------------------------------------------+----+-----------+------+-----------+
    |                         Name                         | LUT| Input Size| Bits | Total Bits|
    +------------------------------------------------------+----+-----------+------+-----------+
    |ap_done                                               |   9|          2|     1|          2|
    |ap_phi_reg_pp0_iter1_ls_firstWord_3_flag_0_i_reg_101  |  14|          3|     1|          3|
    |ap_phi_reg_pp0_iter1_ls_firstWord_3_new_0_i_reg_120   |  14|          3|     1|          3|
    |ls_writeRemainder_1                                   |   9|          2|     1|          2|
    |txEng_shift2pseudoFifo_blk_n                          |   9|          2|     1|          2|
    |txEng_shift2pseudoFifo_din                            |  14|          3|  1024|       3072|
    |txEng_tcpPkgBuffer0_blk_n                             |   9|          2|     1|          2|
    +------------------------------------------------------+----+-----------+------+-----------+
    |Total                                                 |  78|         17|  1030|       3086|
    +------------------------------------------------------+----+-----------+------+-----------+

    * Register: 
    +------------------------------------------------------+-----+----+-----+-----------+
    |                         Name                         |  FF | LUT| Bits| Const Bits|
    +------------------------------------------------------+-----+----+-----+-----------+
    |ap_CS_fsm                                             |    1|   0|    1|          0|
    |ap_done_reg                                           |    1|   0|    1|          0|
    |ap_enable_reg_pp0_iter1                               |    1|   0|    1|          0|
    |ap_phi_reg_pp0_iter1_ls_firstWord_3_flag_0_i_reg_101  |    1|   0|    1|          0|
    |ap_phi_reg_pp0_iter1_ls_firstWord_3_new_0_i_reg_120   |    1|   0|    1|          0|
    |ls_firstWord_1                                        |    1|   0|    1|          0|
    |ls_writeRemainder_1                                   |    1|   0|    1|          0|
    |ls_writeRemainder_1_load_reg_335                      |    1|   0|    1|          0|
    |p_Result_554_i_reg_362                                |   32|   0|   32|          0|
    |p_Val2_48_reg_344                                     |   64|   0|   64|          0|
    |p_Val2_s_reg_339                                      |  512|   0|  512|          0|
    |prevWord_data_V_9                                     |  512|   0|  512|          0|
    |prevWord_keep_V_3                                     |   64|   0|   64|          0|
    |sendWord_last_V_reg_368                               |    1|   0|    1|          0|
    |tmp_i_reg_349                                         |    1|   0|    1|          0|
    |trunc_ln674_reg_356                                   |  256|   0|  256|          0|
    +------------------------------------------------------+-----+----+-----+-----------+
    |Total                                                 | 1450|   0| 1450|          0|
    +------------------------------------------------------+-----+----+-----+-----------+



================================================================
== Interface
================================================================
* Summary: 
+-------------------------------+-----+------+------------+----------------------------+--------------+
|           RTL Ports           | Dir | Bits |  Protocol  |        Source Object       |    C Type    |
+-------------------------------+-----+------+------------+----------------------------+--------------+
|ap_clk                         |   in|     1|  ap_ctrl_hs|  lshiftWordByOctet<512, 51>|  return value|
|ap_rst                         |   in|     1|  ap_ctrl_hs|  lshiftWordByOctet<512, 51>|  return value|
|ap_start                       |   in|     1|  ap_ctrl_hs|  lshiftWordByOctet<512, 51>|  return value|
|ap_done                        |  out|     1|  ap_ctrl_hs|  lshiftWordByOctet<512, 51>|  return value|
|ap_continue                    |   in|     1|  ap_ctrl_hs|  lshiftWordByOctet<512, 51>|  return value|
|ap_idle                        |  out|     1|  ap_ctrl_hs|  lshiftWordByOctet<512, 51>|  return value|
|ap_ready                       |  out|     1|  ap_ctrl_hs|  lshiftWordByOctet<512, 51>|  return value|
|txEng_tcpPkgBuffer0_dout       |   in|  1024|     ap_fifo|         txEng_tcpPkgBuffer0|       pointer|
|txEng_tcpPkgBuffer0_empty_n    |   in|     1|     ap_fifo|         txEng_tcpPkgBuffer0|       pointer|
|txEng_tcpPkgBuffer0_read       |  out|     1|     ap_fifo|         txEng_tcpPkgBuffer0|       pointer|
|txEng_shift2pseudoFifo_din     |  out|  1024|     ap_fifo|      txEng_shift2pseudoFifo|       pointer|
|txEng_shift2pseudoFifo_full_n  |   in|     1|     ap_fifo|      txEng_shift2pseudoFifo|       pointer|
|txEng_shift2pseudoFifo_write   |  out|     1|     ap_fifo|      txEng_shift2pseudoFifo|       pointer|
+-------------------------------+-----+------+------------+----------------------------+--------------+

