

================================================================
== Vitis HLS Report for 'processPseudoHeader_512_s'
================================================================
* Date:           Tue Jul 19 06:14:20 2022

* Version:        2020.2 (Build 3064766 on Wed Nov 18 09:12:47 MST 2020)
* Project:        toe_prj
* Solution:       solution1 (Vivado IP Flow Target)
* Product family: virtexuplus
* Target device:  xcvu3p-ffvc1517-2-i


================================================================
== Performance Estimates
================================================================
+ Timing: 
    * Summary: 
    +--------+---------+----------+------------+
    |  Clock |  Target | Estimated| Uncertainty|
    +--------+---------+----------+------------+
    |ap_clk  |  3.20 ns|  1.888 ns|     0.86 ns|
    +--------+---------+----------+------------+

+ Latency: 
    * Summary: 
    +---------+---------+----------+----------+-----+-----+---------+
    |  Latency (cycles) |  Latency (absolute) |  Interval | Pipeline|
    |   min   |   max   |    min   |    max   | min | max |   Type  |
    +---------+---------+----------+----------+-----+-----+---------+
    |        2|        2|  6.400 ns|  6.400 ns|    1|    1|      yes|
    +---------+---------+----------+----------+-----+-----+---------+

    + Detail: 
        * Instance: 
        N/A

        * Loop: 
        N/A



================================================================
== Utilization Estimates
================================================================
* Summary: 
+-----------------+---------+------+--------+--------+-----+
|       Name      | BRAM_18K|  DSP |   FF   |   LUT  | URAM|
+-----------------+---------+------+--------+--------+-----+
|DSP              |        -|     -|       -|       -|    -|
|Expression       |        -|     -|       0|    2627|    -|
|FIFO             |        -|     -|       -|       -|    -|
|Instance         |        -|     -|       -|       -|    -|
|Memory           |        -|     -|       -|       -|    -|
|Multiplexer      |        -|     -|       -|     220|    -|
|Register         |        -|     -|    2812|       -|    -|
+-----------------+---------+------+--------+--------+-----+
|Total            |        0|     0|    2812|    2847|    0|
+-----------------+---------+------+--------+--------+-----+
|Available        |     1440|  2280|  788160|  394080|  320|
+-----------------+---------+------+--------+--------+-----+
|Utilization (%)  |        0|     0|      ~0|      ~0|    0|
+-----------------+---------+------+--------+--------+-----+

+ Detail: 
    * Instance: 
    N/A

    * DSP: 
    N/A

    * Memory: 
    N/A

    * FIFO: 
    N/A

    * Expression: 
    +----------------------------------+----------+----+---+-----+------------+------------+
    |           Variable Name          | Operation| DSP| FF| LUT | Bitwidth P0| Bitwidth P1|
    +----------------------------------+----------+----+---+-----+------------+------------+
    |add_ln213_fu_946_p2               |         +|   0|  0|   12|           4|           4|
    |add_ln67_fu_526_p2                |         +|   0|  0|   23|          16|           1|
    |meta_length_V_1_fu_826_p2         |         -|   0|  0|   23|          16|          16|
    |and_ln414_22_fu_502_p2            |       and|   0|  0|  256|         256|         256|
    |and_ln414_23_fu_508_p2            |       and|   0|  0|  256|         256|         256|
    |and_ln414_fu_490_p2               |       and|   0|  0|  256|         256|         256|
    |ap_condition_156                  |       and|   0|  0|    2|           1|           1|
    |ap_condition_62                   |       and|   0|  0|    2|           1|           1|
    |tmp_i_273_nbreadreq_fu_194_p3     |       and|   0|  0|  256|           1|           0|
    |tmp_i_nbreadreq_fu_186_p3         |       and|   0|  0|  256|           1|           0|
    |icmp_ln414_fu_430_p2              |      icmp|   0|  0|   16|          24|           1|
    |icmp_ln874_4_fu_888_p2            |      icmp|   0|  0|   13|          16|          16|
    |icmp_ln874_fu_658_p2              |      icmp|   0|  0|   13|          16|          16|
    |icmp_ln886_4_fu_894_p2            |      icmp|   0|  0|    9|           4|           3|
    |icmp_ln886_fu_664_p2              |      icmp|   0|  0|    9|           4|           3|
    |ap_block_pp0_stage0_01001         |        or|   0|  0|    2|           1|           1|
    |ap_block_state1_pp0_stage0_iter0  |        or|   0|  0|    2|           1|           1|
    |ap_block_state3_pp0_stage0_iter2  |        or|   0|  0|    2|           1|           1|
    |ap_condition_230                  |        or|   0|  0|    2|           1|           1|
    |ap_condition_308                  |        or|   0|  0|    2|           1|           1|
    |ap_predicate_op140_write_state3   |        or|   0|  0|    2|           1|           1|
    |ap_predicate_op143_write_state3   |        or|   0|  0|    2|           1|           1|
    |ap_predicate_op150_write_state3   |        or|   0|  0|    2|           1|           1|
    |ap_predicate_op39_read_state1     |        or|   0|  0|    2|           1|           1|
    |or_ln457_fu_670_p2                |        or|   0|  0|    2|           1|           1|
    |or_ln478_fu_900_p2                |        or|   0|  0|    2|           1|           1|
    |or_ln492_1_fu_554_p2              |        or|   0|  0|    2|           1|           1|
    |or_ln492_2_fu_577_p2              |        or|   0|  0|    2|           1|           1|
    |or_ln492_fu_547_p2                |        or|   0|  0|    2|           1|           1|
    |p_Result_s_fu_514_p2              |        or|   0|  0|  256|         256|         256|
    |select_ln414_18_fu_466_p3         |    select|   0|  0|  221|           1|         256|
    |select_ln414_19_fu_474_p3         |    select|   0|  0|  221|           1|         257|
    |select_ln414_20_fu_482_p3         |    select|   0|  0|    2|           1|           1|
    |select_ln414_fu_448_p3            |    select|   0|  0|  221|           1|         256|
    |select_ln492_fu_568_p3            |    select|   0|  0|   16|           1|           1|
    |ap_enable_pp0                     |       xor|   0|  0|    2|           1|           2|
    |xor_ln414_fu_496_p2               |       xor|   0|  0|  256|           2|         256|
    |xor_ln492_fu_561_p2               |       xor|   0|  0|    2|           1|           2|
    +----------------------------------+----------+----+---+-----+------------+------------+
    |Total                             |          |   0|  0| 2627|        1151|        2131|
    +----------------------------------+----------+----+---+-----+------------+------------+

    * Multiplexer: 
    +---------------------------------------------------+----+-----------+-----+-----------+
    |                        Name                       | LUT| Input Size| Bits| Total Bits|
    +---------------------------------------------------+----+-----------+-----+-----------+
    |ap_done                                            |   9|          2|    1|          2|
    |ap_phi_mux_firstWord_flag_0_i_phi_fu_273_p4        |  14|          3|    1|          3|
    |ap_phi_mux_firstWord_flag_1_i_phi_fu_295_p6        |  14|          3|    1|          3|
    |ap_phi_mux_firstWord_new_1_i_phi_fu_308_p6         |   9|          2|    1|          2|
    |ap_phi_mux_header_idx_6_new_0_i_phi_fu_263_p4      |   9|          2|   16|         32|
    |ap_phi_mux_header_idx_6_new_1_i_phi_fu_347_p6      |   9|          2|   16|         32|
    |ap_phi_mux_header_ready_1_flag_0_i_phi_fu_252_p4   |  14|          3|    1|          3|
    |ap_phi_mux_header_ready_1_flag_1_i_phi_fu_321_p6   |  14|          3|    1|          3|
    |ap_phi_mux_header_ready_1_new_1_i_phi_fu_334_p6    |   9|          2|    1|          2|
    |ap_phi_mux_metaWritten_1_flag_0_i_phi_fu_284_p4    |  14|          3|    1|          3|
    |ap_phi_mux_metaWritten_1_flag_1_i_phi_fu_360_p6    |  14|          3|    1|          3|
    |ap_phi_reg_pp0_iter1_p_Val2_44_in_i_in_in_reg_370  |  14|          3|  256|        768|
    |ap_phi_reg_pp0_iter1_pkgValid_loc_0_i_reg_379      |  14|          3|    1|          3|
    |rxEng2portTable_check_req_blk_n                    |   9|          2|    1|          2|
    |rxEng_checksumValidFifo_blk_n                      |   9|          2|    1|          2|
    |rxEng_dataBuffer2_blk_n                            |   9|          2|    1|          2|
    |rxEng_dataBuffer3a_blk_n                           |   9|          2|    1|          2|
    |rxEng_headerMetaFifo_blk_n                         |   9|          2|    1|          2|
    |rxEng_optionalFieldsMetaFifo_blk_n                 |   9|          2|    1|          2|
    |rxEng_tupleBuffer_blk_n                            |   9|          2|    1|          2|
    +---------------------------------------------------+----+-----------+-----+-----------+
    |Total                                              | 220|         48|  305|        873|
    +---------------------------------------------------+----+-----------+-----+-----------+

    * Register: 
    +---------------------------------------------------+------+----+------+-----------+
    |                        Name                       |  FF  | LUT| Bits | Const Bits|
    +---------------------------------------------------+------+----+------+-----------+
    |ap_CS_fsm                                          |     1|   0|     1|          0|
    |ap_done_reg                                        |     1|   0|     1|          0|
    |ap_enable_reg_pp0_iter1                            |     1|   0|     1|          0|
    |ap_enable_reg_pp0_iter2                            |     1|   0|     1|          0|
    |ap_phi_reg_pp0_iter1_p_Val2_44_in_i_in_in_reg_370  |   256|   0|   256|          0|
    |ap_phi_reg_pp0_iter1_pkgValid_loc_0_i_reg_379      |     1|   0|     1|          0|
    |firstWord                                          |     1|   0|     1|          0|
    |firstWord_load_reg_969                             |     1|   0|     1|          0|
    |firstWord_load_reg_969_pp0_iter1_reg               |     1|   0|     1|          0|
    |header_header_V_2                                  |   256|   0|   256|          0|
    |header_idx_2                                       |    16|   0|    16|          0|
    |header_ready_1                                     |     1|   0|     1|          0|
    |metaWritten_1                                      |     1|   0|     1|          0|
    |metaWritten_1_load_reg_1005                        |     1|   0|     1|          0|
    |metaWritten_1_load_reg_1005_pp0_iter1_reg          |     1|   0|     1|          0|
    |meta_dataOffset_V_1_reg_1063                       |     4|   0|     4|          0|
    |meta_length_V_1_reg_1069                           |    16|   0|    16|          0|
    |or_ln457_reg_1009                                  |     1|   0|     1|          0|
    |or_ln478_reg_1110                                  |     1|   0|     1|          0|
    |p_9_reg_1095                                       |    16|   0|    16|          0|
    |p_Result_524_i_reg_1013                            |     8|   0|     8|          0|
    |p_Result_525_i_reg_1018                            |     8|   0|     8|          0|
    |p_Result_526_i_reg_1023                            |     8|   0|     8|          0|
    |p_Result_527_i_reg_1028                            |     8|   0|     8|          0|
    |p_Result_528_i_reg_1033                            |     8|   0|     8|          0|
    |p_Result_529_i_reg_1038                            |     8|   0|     8|          0|
    |p_Result_530_i_reg_1043                            |     8|   0|     8|          0|
    |p_Result_531_i_reg_1048                            |     8|   0|     8|          0|
    |p_Result_533_i_reg_1053                            |     8|   0|     8|          0|
    |p_Result_534_i_reg_1058                            |     8|   0|     8|          0|
    |pkgValid                                           |     1|   0|     1|          0|
    |pkgValid_loc_0_i_reg_379                           |     1|   0|     1|          0|
    |rxEng_dataBuffer2_read_reg_977                     |  1024|   0|  1024|          0|
    |rxEng_dataBuffer2_read_reg_977_pp0_iter1_reg       |  1024|   0|  1024|          0|
    |tmp_284_reg_1074                                   |     1|   0|     1|          0|
    |tmp_285_reg_1079                                   |     1|   0|     1|          0|
    |tmp_286_reg_1084                                   |     1|   0|     1|          0|
    |tmp_287_reg_1090                                   |     1|   0|     1|          0|
    |tmp_6_reg_1100                                     |    32|   0|    32|          0|
    |tmp_i_273_reg_973                                  |     1|   0|     1|          0|
    |tmp_i_273_reg_973_pp0_iter1_reg                    |     1|   0|     1|          0|
    |tmp_i_reg_965                                      |     1|   0|     1|          0|
    |tmp_i_reg_965_pp0_iter1_reg                        |     1|   0|     1|          0|
    |trunc_ln174_reg_1105                               |    64|   0|    64|          0|
    +---------------------------------------------------+------+----+------+-----------+
    |Total                                              |  2812|   0|  2812|          0|
    +---------------------------------------------------+------+----+------+-----------+



================================================================
== Interface
================================================================
* Summary: 
+-------------------------------------+-----+------+------------+------------------------------+--------------+
|              RTL Ports              | Dir | Bits |  Protocol  |         Source Object        |    C Type    |
+-------------------------------------+-----+------+------------+------------------------------+--------------+
|ap_clk                               |   in|     1|  ap_ctrl_hs|      processPseudoHeader<512>|  return value|
|ap_rst                               |   in|     1|  ap_ctrl_hs|      processPseudoHeader<512>|  return value|
|ap_start                             |   in|     1|  ap_ctrl_hs|      processPseudoHeader<512>|  return value|
|ap_done                              |  out|     1|  ap_ctrl_hs|      processPseudoHeader<512>|  return value|
|ap_continue                          |   in|     1|  ap_ctrl_hs|      processPseudoHeader<512>|  return value|
|ap_idle                              |  out|     1|  ap_ctrl_hs|      processPseudoHeader<512>|  return value|
|ap_ready                             |  out|     1|  ap_ctrl_hs|      processPseudoHeader<512>|  return value|
|rxEng_dataBuffer2_dout               |   in|  1024|     ap_fifo|             rxEng_dataBuffer2|       pointer|
|rxEng_dataBuffer2_empty_n            |   in|     1|     ap_fifo|             rxEng_dataBuffer2|       pointer|
|rxEng_dataBuffer2_read               |  out|     1|     ap_fifo|             rxEng_dataBuffer2|       pointer|
|rxEng_checksumValidFifo_dout         |   in|     1|     ap_fifo|       rxEng_checksumValidFifo|       pointer|
|rxEng_checksumValidFifo_empty_n      |   in|     1|     ap_fifo|       rxEng_checksumValidFifo|       pointer|
|rxEng_checksumValidFifo_read         |  out|     1|     ap_fifo|       rxEng_checksumValidFifo|       pointer|
|rxEng_dataBuffer3a_din               |  out|  1024|     ap_fifo|            rxEng_dataBuffer3a|       pointer|
|rxEng_dataBuffer3a_full_n            |   in|     1|     ap_fifo|            rxEng_dataBuffer3a|       pointer|
|rxEng_dataBuffer3a_write             |  out|     1|     ap_fifo|            rxEng_dataBuffer3a|       pointer|
|rxEng_headerMetaFifo_din             |  out|   160|     ap_fifo|          rxEng_headerMetaFifo|       pointer|
|rxEng_headerMetaFifo_full_n          |   in|     1|     ap_fifo|          rxEng_headerMetaFifo|       pointer|
|rxEng_headerMetaFifo_write           |  out|     1|     ap_fifo|          rxEng_headerMetaFifo|       pointer|
|rxEng2portTable_check_req_din        |  out|    16|     ap_fifo|     rxEng2portTable_check_req|       pointer|
|rxEng2portTable_check_req_full_n     |   in|     1|     ap_fifo|     rxEng2portTable_check_req|       pointer|
|rxEng2portTable_check_req_write      |  out|     1|     ap_fifo|     rxEng2portTable_check_req|       pointer|
|rxEng_tupleBuffer_din                |  out|    96|     ap_fifo|             rxEng_tupleBuffer|       pointer|
|rxEng_tupleBuffer_full_n             |   in|     1|     ap_fifo|             rxEng_tupleBuffer|       pointer|
|rxEng_tupleBuffer_write              |  out|     1|     ap_fifo|             rxEng_tupleBuffer|       pointer|
|rxEng_optionalFieldsMetaFifo_din     |  out|    16|     ap_fifo|  rxEng_optionalFieldsMetaFifo|       pointer|
|rxEng_optionalFieldsMetaFifo_full_n  |   in|     1|     ap_fifo|  rxEng_optionalFieldsMetaFifo|       pointer|
|rxEng_optionalFieldsMetaFifo_write   |  out|     1|     ap_fifo|  rxEng_optionalFieldsMetaFifo|       pointer|
+-------------------------------------+-----+------+------------+------------------------------+--------------+

