

================================================================
== Vitis HLS Report for 'rxEventMerger'
================================================================
* Date:           Tue Jul 19 06:14:30 2022

* Version:        2020.2 (Build 3064766 on Wed Nov 18 09:12:47 MST 2020)
* Project:        toe_prj
* Solution:       solution1 (Vivado IP Flow Target)
* Product family: virtexuplus
* Target device:  xcvu3p-ffvc1517-2-i


================================================================
== Performance Estimates
================================================================
+ Timing: 
    * Summary: 
    +--------+---------+----------+------------+
    |  Clock |  Target | Estimated| Uncertainty|
    +--------+---------+----------+------------+
    |ap_clk  |  3.20 ns|  1.168 ns|     0.86 ns|
    +--------+---------+----------+------------+

+ Latency: 
    * Summary: 
    +---------+---------+----------+----------+-----+-----+---------+
    |  Latency (cycles) |  Latency (absolute) |  Interval | Pipeline|
    |   min   |   max   |    min   |    max   | min | max |   Type  |
    +---------+---------+----------+----------+-----+-----+---------+
    |        2|        2|  6.400 ns|  6.400 ns|    1|    1|      yes|
    +---------+---------+----------+----------+-----+-----+---------+

    + Detail: 
        * Instance: 
        N/A

        * Loop: 
        N/A



================================================================
== Utilization Estimates
================================================================
* Summary: 
+-----------------+---------+------+--------+--------+-----+
|       Name      | BRAM_18K|  DSP |   FF   |   LUT  | URAM|
+-----------------+---------+------+--------+--------+-----+
|DSP              |        -|     -|       -|       -|    -|
|Expression       |        -|     -|       0|      18|    -|
|FIFO             |        -|     -|       -|       -|    -|
|Instance         |        -|     -|       -|       -|    -|
|Memory           |        -|     -|       -|       -|    -|
|Multiplexer      |        -|     -|       -|      50|    -|
|Register         |        -|     -|     583|       -|    -|
+-----------------+---------+------+--------+--------+-----+
|Total            |        0|     0|     583|      68|    0|
+-----------------+---------+------+--------+--------+-----+
|Available        |     1440|  2280|  788160|  394080|  320|
+-----------------+---------+------+--------+--------+-----+
|Utilization (%)  |        0|     0|      ~0|      ~0|    0|
+-----------------+---------+------+--------+--------+-----+

+ Detail: 
    * Instance: 
    N/A

    * DSP: 
    N/A

    * Memory: 
    N/A

    * FIFO: 
    N/A

    * Expression: 
    +----------------------------------+----------+----+---+----+------------+------------+
    |           Variable Name          | Operation| DSP| FF| LUT| Bitwidth P0| Bitwidth P1|
    +----------------------------------+----------+----+---+----+------------+------------+
    |ap_block_state2_pp0_stage0_iter1  |       and|   0|  0|   2|           1|           1|
    |ap_predicate_op22_read_state2     |       and|   0|  0|   2|           1|           1|
    |ap_predicate_op24_write_state3    |       and|   0|  0|   2|           1|           1|
    |tmp_i_264_nbreadreq_fu_42_p3      |       and|   0|  0|   2|           1|           0|
    |tmp_i_nbreadreq_fu_28_p3          |       and|   0|  0|   2|           1|           0|
    |ap_block_pp0_stage0_01001         |        or|   0|  0|   2|           1|           1|
    |ap_block_state1_pp0_stage0_iter0  |        or|   0|  0|   2|           1|           1|
    |ap_block_state3_pp0_stage0_iter2  |        or|   0|  0|   2|           1|           1|
    |ap_enable_pp0                     |       xor|   0|  0|   2|           1|           2|
    +----------------------------------+----------+----+---+----+------------+------------+
    |Total                             |          |   0|  0|  18|           9|           8|
    +----------------------------------+----------+----+---+----+------------+------------+

    * Multiplexer: 
    +----------------------------------+----+-----------+-----+-----------+
    |               Name               | LUT| Input Size| Bits| Total Bits|
    +----------------------------------+----+-----------+-----+-----------+
    |ap_done                           |   9|          2|    1|          2|
    |rxEng2eventEng_setEvent_blk_n     |   9|          2|    1|          2|
    |rxEng2eventEng_setEvent_din       |  14|          3|  224|        672|
    |rxEng_fsmEventFifo_blk_n          |   9|          2|    1|          2|
    |rxEng_metaHandlerEventFifo_blk_n  |   9|          2|    1|          2|
    +----------------------------------+----+-----------+-----+-----------+
    |Total                             |  50|         11|  228|        680|
    +----------------------------------+----+-----------+-----+-----------+

    * Register: 
    +--------------------------------+-----+----+-----+-----------+
    |              Name              |  FF | LUT| Bits| Const Bits|
    +--------------------------------+-----+----+-----+-----------+
    |ap_CS_fsm                       |    1|   0|    1|          0|
    |ap_done_reg                     |    1|   0|    1|          0|
    |ap_enable_reg_pp0_iter1         |    1|   0|    1|          0|
    |ap_enable_reg_pp0_iter2         |    1|   0|    1|          0|
    |rxEng_fsmEventFifo_read_reg_80  |  128|   0|  128|          0|
    |tmp_i_264_reg_76                |    1|   0|    1|          0|
    |tmp_i_reg_67                    |    1|   0|    1|          0|
    |tmp_i_reg_67_pp0_iter1_reg      |    1|   0|    1|          0|
    |tmp_reg_71                      |  224|   0|  224|          0|
    |tmp_reg_71_pp0_iter1_reg        |  224|   0|  224|          0|
    +--------------------------------+-----+----+-----+-----------+
    |Total                           |  583|   0|  583|          0|
    +--------------------------------+-----+----+-----+-----------+



================================================================
== Interface
================================================================
* Summary: 
+------------------------------------+-----+-----+------------+----------------------------+--------------+
|              RTL Ports             | Dir | Bits|  Protocol  |        Source Object       |    C Type    |
+------------------------------------+-----+-----+------------+----------------------------+--------------+
|ap_clk                              |   in|    1|  ap_ctrl_hs|               rxEventMerger|  return value|
|ap_rst                              |   in|    1|  ap_ctrl_hs|               rxEventMerger|  return value|
|ap_start                            |   in|    1|  ap_ctrl_hs|               rxEventMerger|  return value|
|ap_done                             |  out|    1|  ap_ctrl_hs|               rxEventMerger|  return value|
|ap_continue                         |   in|    1|  ap_ctrl_hs|               rxEventMerger|  return value|
|ap_idle                             |  out|    1|  ap_ctrl_hs|               rxEventMerger|  return value|
|ap_ready                            |  out|    1|  ap_ctrl_hs|               rxEventMerger|  return value|
|rxEng_metaHandlerEventFifo_dout     |   in|  224|     ap_fifo|  rxEng_metaHandlerEventFifo|       pointer|
|rxEng_metaHandlerEventFifo_empty_n  |   in|    1|     ap_fifo|  rxEng_metaHandlerEventFifo|       pointer|
|rxEng_metaHandlerEventFifo_read     |  out|    1|     ap_fifo|  rxEng_metaHandlerEventFifo|       pointer|
|rxEng_fsmEventFifo_dout             |   in|  128|     ap_fifo|          rxEng_fsmEventFifo|       pointer|
|rxEng_fsmEventFifo_empty_n          |   in|    1|     ap_fifo|          rxEng_fsmEventFifo|       pointer|
|rxEng_fsmEventFifo_read             |  out|    1|     ap_fifo|          rxEng_fsmEventFifo|       pointer|
|rxEng2eventEng_setEvent_din         |  out|  224|     ap_fifo|     rxEng2eventEng_setEvent|       pointer|
|rxEng2eventEng_setEvent_full_n      |   in|    1|     ap_fifo|     rxEng2eventEng_setEvent|       pointer|
|rxEng2eventEng_setEvent_write       |  out|    1|     ap_fifo|     rxEng2eventEng_setEvent|       pointer|
+------------------------------------+-----+-----+------------+----------------------------+--------------+

