

================================================================
== Vitis HLS Report for 'rxMetadataHandler'
================================================================
* Date:           Tue Jul 19 06:14:26 2022

* Version:        2020.2 (Build 3064766 on Wed Nov 18 09:12:47 MST 2020)
* Project:        toe_prj
* Solution:       solution1 (Vivado IP Flow Target)
* Product family: virtexuplus
* Target device:  xcvu3p-ffvc1517-2-i


================================================================
== Performance Estimates
================================================================
+ Timing: 
    * Summary: 
    +--------+---------+----------+------------+
    |  Clock |  Target | Estimated| Uncertainty|
    +--------+---------+----------+------------+
    |ap_clk  |  3.20 ns|  2.048 ns|     0.86 ns|
    +--------+---------+----------+------------+

+ Latency: 
    * Summary: 
    +---------+---------+----------+----------+-----+-----+---------+
    |  Latency (cycles) |  Latency (absolute) |  Interval | Pipeline|
    |   min   |   max   |    min   |    max   | min | max |   Type  |
    +---------+---------+----------+----------+-----+-----+---------+
    |        1|        1|  3.200 ns|  3.200 ns|    1|    1|      yes|
    +---------+---------+----------+----------+-----+-----+---------+

    + Detail: 
        * Instance: 
        N/A

        * Loop: 
        N/A



================================================================
== Utilization Estimates
================================================================
* Summary: 
+-----------------+---------+------+--------+--------+-----+
|       Name      | BRAM_18K|  DSP |   FF   |   LUT  | URAM|
+-----------------+---------+------+--------+--------+-----+
|DSP              |        -|     -|       -|       -|    -|
|Expression       |        -|     -|       0|     400|    -|
|FIFO             |        -|     -|       -|       -|    -|
|Instance         |        -|     -|       -|       -|    -|
|Memory           |        -|     -|       -|       -|    -|
|Multiplexer      |        -|     -|       -|     109|    -|
|Register         |        -|     -|     477|       -|    -|
+-----------------+---------+------+--------+--------+-----+
|Total            |        0|     0|     477|     509|    0|
+-----------------+---------+------+--------+--------+-----+
|Available        |     1440|  2280|  788160|  394080|  320|
+-----------------+---------+------+--------+--------+-----+
|Utilization (%)  |        0|     0|      ~0|      ~0|    0|
+-----------------+---------+------+--------+--------+-----+

+ Detail: 
    * Instance: 
    N/A

    * DSP: 
    N/A

    * Memory: 
    N/A

    * FIFO: 
    N/A

    * Expression: 
    +----------------------------------+----------+----+---+-----+------------+------------+
    |           Variable Name          | Operation| DSP| FF| LUT | Bitwidth P0| Bitwidth P1|
    +----------------------------------+----------+----+---+-----+------------+------------+
    |add_ln213_fu_579_p2               |         +|   0|  0|   24|          17|           1|
    |seq_V_3_fu_642_p2                 |         +|   0|  0|   39|          32|          32|
    |seq_V_fu_697_p2                   |         +|   0|  0|   39|          32|          32|
    |and_ln907_fu_603_p2               |       and|   0|  0|    2|           1|           1|
    |ap_condition_178                  |       and|   0|  0|    2|           1|           1|
    |ap_condition_267                  |       and|   0|  0|    2|           1|           1|
    |ap_condition_333                  |       and|   0|  0|    2|           1|           1|
    |ap_predicate_op102_read_state1    |       and|   0|  0|    2|           1|           1|
    |ap_predicate_op118_write_state2   |       and|   0|  0|    2|           1|           1|
    |ap_predicate_op128_write_state2   |       and|   0|  0|    2|           1|           1|
    |ap_predicate_op130_write_state2   |       and|   0|  0|    2|           1|           1|
    |ap_predicate_op133_write_state2   |       and|   0|  0|    2|           1|           1|
    |ap_predicate_op147_write_state2   |       and|   0|  0|    2|           1|           1|
    |ap_predicate_op150_write_state2   |       and|   0|  0|    2|           1|           1|
    |ap_predicate_op45_read_state1     |       and|   0|  0|    2|           1|           1|
    |tmp_11_i_nbreadreq_fu_184_p3      |       and|   0|  0|    2|           1|           0|
    |tmp_12_i_nbreadreq_fu_192_p3      |       and|   0|  0|    2|           1|           0|
    |tmp_i_263_nbreadreq_fu_218_p3     |       and|   0|  0|    2|           1|           0|
    |tmp_i_nbreadreq_fu_176_p3         |       and|   0|  0|    2|           1|           0|
    |icmp_ln874_2_fu_585_p2            |      icmp|   0|  0|   13|          16|           1|
    |icmp_ln874_fu_627_p2              |      icmp|   0|  0|   13|          16|           1|
    |ap_block_pp0_stage0_01001         |        or|   0|  0|    2|           1|           1|
    |ap_block_state1_pp0_stage0_iter0  |        or|   0|  0|    2|           1|           1|
    |ap_block_state2_pp0_stage0_iter1  |        or|   0|  0|    2|           1|           1|
    |or_ln174_52_fu_673_p2             |        or|   0|  0|  112|         112|           3|
    |or_ln174_fu_728_p2                |        or|   0|  0|  112|         112|           3|
    |or_ln889_fu_569_p2                |        or|   0|  0|    2|           1|           1|
    |or_ln907_fu_591_p2                |        or|   0|  0|    2|           1|           1|
    |ap_enable_pp0                     |       xor|   0|  0|    2|           1|           2|
    |xor_ln907_fu_597_p2               |       xor|   0|  0|    2|           1|           2|
    |xor_ln923_fu_857_p2               |       xor|   0|  0|    2|           1|           2|
    +----------------------------------+----------+----+---+-----+------------+------------+
    |Total                             |          |   0|  0|  400|         361|          96|
    +----------------------------------+----------+----+---+-----+------------+------------+

    * Multiplexer: 
    +----------------------------------+----+-----------+-----+-----------+
    |               Name               | LUT| Input Size| Bits| Total Bits|
    +----------------------------------+----+-----------+-----+-----------+
    |ap_done                           |   9|          2|    1|          2|
    |portTable2rxEng_check_rsp_blk_n   |   9|          2|    1|          2|
    |rxEng2sLookup_req_blk_n           |   9|          2|    1|          2|
    |rxEng_fsmMetaDataFifo_blk_n       |   9|          2|    1|          2|
    |rxEng_metaDataFifo_blk_n          |   9|          2|    1|          2|
    |rxEng_metaHandlerDropFifo_blk_n   |   9|          2|    1|          2|
    |rxEng_metaHandlerDropFifo_din     |  14|          3|    1|          3|
    |rxEng_metaHandlerEventFifo_blk_n  |   9|          2|    1|          2|
    |rxEng_metaHandlerEventFifo_din    |  14|          3|  224|        672|
    |rxEng_tupleBuffer_blk_n           |   9|          2|    1|          2|
    |sLookup2rxEng_rsp_blk_n           |   9|          2|    1|          2|
    +----------------------------------+----+-----------+-----+-----------+
    |Total                             | 109|         24|  234|        693|
    +----------------------------------+----+-----------+-----+-----------+

    * Register: 
    +--------------------------------+----+----+-----+-----------+
    |              Name              | FF | LUT| Bits| Const Bits|
    +--------------------------------+----+----+-----+-----------+
    |add_ln213_reg_936               |  17|   0|   17|          0|
    |and_ln907_reg_945               |   1|   0|    1|          0|
    |ap_CS_fsm                       |   1|   0|    1|          0|
    |ap_done_reg                     |   1|   0|    1|          0|
    |ap_enable_reg_pp0_iter1         |   1|   0|    1|          0|
    |icmp_ln874_2_reg_941            |   1|   0|    1|          0|
    |icmp_ln874_reg_964              |   1|   0|    1|          0|
    |mh_dstIpPort_V                  |  16|   0|   16|          0|
    |mh_meta_ackNumb_V               |  32|   0|   32|          0|
    |mh_meta_ack_V                   |   1|   0|    1|          0|
    |mh_meta_dataOffset_V            |   4|   0|    4|          0|
    |mh_meta_fin_V                   |   1|   0|    1|          0|
    |mh_meta_length_V                |  16|   0|   16|          0|
    |mh_meta_length_V_load_reg_867   |  16|   0|   16|          0|
    |mh_meta_rst_V                   |   1|   0|    1|          0|
    |mh_meta_seqNumb_V               |  32|   0|   32|          0|
    |mh_meta_syn_V                   |   1|   0|    1|          0|
    |mh_meta_winScale_V              |   4|   0|    4|          0|
    |mh_meta_winSize_V               |  16|   0|   16|          0|
    |mh_srcIpAddress_V               |  32|   0|   32|          0|
    |mh_srcIpPort_V                  |  16|   0|   16|          0|
    |mh_state                        |   1|   0|    1|          0|
    |mh_state_load_reg_863           |   1|   0|    1|          0|
    |or_ln889_reg_932                |   1|   0|    1|          0|
    |portIsOpen_reg_899              |   1|   0|    1|          0|
    |rxEng_tupleBuffer_read_reg_903  |  96|   0|   96|          0|
    |tmp_11_i_reg_876                |   1|   0|    1|          0|
    |tmp_12_i_reg_880                |   1|   0|    1|          0|
    |tmp_250_reg_895                 |   1|   0|    1|          0|
    |tmp_i_263_reg_950               |   1|   0|    1|          0|
    |tmp_i_reg_872                   |   1|   0|    1|          0|
    |tmp_reg_959                     |   1|   0|    1|          0|
    |trunc_ln145_14_reg_884          |  32|   0|   32|          0|
    |trunc_ln145_44_reg_890          |  16|   0|   16|          0|
    |trunc_ln145_46_reg_914          |  32|   0|   32|          0|
    |trunc_ln145_reg_954             |  16|   0|   16|          0|
    |tuple_dstPort_V_reg_926         |  16|   0|   16|          0|
    |tuple_srcIp_V_reg_908           |  32|   0|   32|          0|
    |tuple_srcPort_V_reg_920         |  16|   0|   16|          0|
    +--------------------------------+----+----+-----+-----------+
    |Total                           | 477|   0|  477|          0|
    +--------------------------------+----+----+-----+-----------+



================================================================
== Interface
================================================================
* Summary: 
+-----------------------------------+-----+-----+------------+----------------------------+--------------+
|             RTL Ports             | Dir | Bits|  Protocol  |        Source Object       |    C Type    |
+-----------------------------------+-----+-----+------------+----------------------------+--------------+
|ap_clk                             |   in|    1|  ap_ctrl_hs|           rxMetadataHandler|  return value|
|ap_rst                             |   in|    1|  ap_ctrl_hs|           rxMetadataHandler|  return value|
|ap_start                           |   in|    1|  ap_ctrl_hs|           rxMetadataHandler|  return value|
|ap_done                            |  out|    1|  ap_ctrl_hs|           rxMetadataHandler|  return value|
|ap_continue                        |   in|    1|  ap_ctrl_hs|           rxMetadataHandler|  return value|
|ap_idle                            |  out|    1|  ap_ctrl_hs|           rxMetadataHandler|  return value|
|ap_ready                           |  out|    1|  ap_ctrl_hs|           rxMetadataHandler|  return value|
|rxEng_metaDataFifo_dout            |   in|  160|     ap_fifo|          rxEng_metaDataFifo|       pointer|
|rxEng_metaDataFifo_empty_n         |   in|    1|     ap_fifo|          rxEng_metaDataFifo|       pointer|
|rxEng_metaDataFifo_read            |  out|    1|     ap_fifo|          rxEng_metaDataFifo|       pointer|
|portTable2rxEng_check_rsp_dout     |   in|    1|     ap_fifo|   portTable2rxEng_check_rsp|       pointer|
|portTable2rxEng_check_rsp_empty_n  |   in|    1|     ap_fifo|   portTable2rxEng_check_rsp|       pointer|
|portTable2rxEng_check_rsp_read     |  out|    1|     ap_fifo|   portTable2rxEng_check_rsp|       pointer|
|rxEng_tupleBuffer_dout             |   in|   96|     ap_fifo|           rxEng_tupleBuffer|       pointer|
|rxEng_tupleBuffer_empty_n          |   in|    1|     ap_fifo|           rxEng_tupleBuffer|       pointer|
|rxEng_tupleBuffer_read             |  out|    1|     ap_fifo|           rxEng_tupleBuffer|       pointer|
|sLookup2rxEng_rsp_dout             |   in|   32|     ap_fifo|           sLookup2rxEng_rsp|       pointer|
|sLookup2rxEng_rsp_empty_n          |   in|    1|     ap_fifo|           sLookup2rxEng_rsp|       pointer|
|sLookup2rxEng_rsp_read             |  out|    1|     ap_fifo|           sLookup2rxEng_rsp|       pointer|
|rxEng_metaHandlerEventFifo_din     |  out|  224|     ap_fifo|  rxEng_metaHandlerEventFifo|       pointer|
|rxEng_metaHandlerEventFifo_full_n  |   in|    1|     ap_fifo|  rxEng_metaHandlerEventFifo|       pointer|
|rxEng_metaHandlerEventFifo_write   |  out|    1|     ap_fifo|  rxEng_metaHandlerEventFifo|       pointer|
|rxEng_metaHandlerDropFifo_din      |  out|    1|     ap_fifo|   rxEng_metaHandlerDropFifo|       pointer|
|rxEng_metaHandlerDropFifo_full_n   |   in|    1|     ap_fifo|   rxEng_metaHandlerDropFifo|       pointer|
|rxEng_metaHandlerDropFifo_write    |  out|    1|     ap_fifo|   rxEng_metaHandlerDropFifo|       pointer|
|rxEng2sLookup_req_din              |  out|  128|     ap_fifo|           rxEng2sLookup_req|       pointer|
|rxEng2sLookup_req_full_n           |   in|    1|     ap_fifo|           rxEng2sLookup_req|       pointer|
|rxEng2sLookup_req_write            |  out|    1|     ap_fifo|           rxEng2sLookup_req|       pointer|
|rxEng_fsmMetaDataFifo_din          |  out|  288|     ap_fifo|       rxEng_fsmMetaDataFifo|       pointer|
|rxEng_fsmMetaDataFifo_full_n       |   in|    1|     ap_fifo|       rxEng_fsmMetaDataFifo|       pointer|
|rxEng_fsmMetaDataFifo_write        |  out|    1|     ap_fifo|       rxEng_fsmMetaDataFifo|       pointer|
+-----------------------------------+-----+-----+------------+----------------------------+--------------+

