

================================================================
== Vitis HLS Report for 'rxPackageDropper_512_s'
================================================================
* Date:           Tue Jul 19 06:14:29 2022

* Version:        2020.2 (Build 3064766 on Wed Nov 18 09:12:47 MST 2020)
* Project:        toe_prj
* Solution:       solution1 (Vivado IP Flow Target)
* Product family: virtexuplus
* Target device:  xcvu3p-ffvc1517-2-i


================================================================
== Performance Estimates
================================================================
+ Timing: 
    * Summary: 
    +--------+---------+----------+------------+
    |  Clock |  Target | Estimated| Uncertainty|
    +--------+---------+----------+------------+
    |ap_clk  |  3.20 ns|  1.743 ns|     0.86 ns|
    +--------+---------+----------+------------+

+ Latency: 
    * Summary: 
    +---------+---------+----------+----------+-----+-----+---------+
    |  Latency (cycles) |  Latency (absolute) |  Interval | Pipeline|
    |   min   |   max   |    min   |    max   | min | max |   Type  |
    +---------+---------+----------+----------+-----+-----+---------+
    |        1|        1|  3.200 ns|  3.200 ns|    1|    1|      yes|
    +---------+---------+----------+----------+-----+-----+---------+

    + Detail: 
        * Instance: 
        N/A

        * Loop: 
        N/A



================================================================
== Utilization Estimates
================================================================
* Summary: 
+-----------------+---------+------+--------+--------+-----+
|       Name      | BRAM_18K|  DSP |   FF   |   LUT  | URAM|
+-----------------+---------+------+--------+--------+-----+
|DSP              |        -|     -|       -|       -|    -|
|Expression       |        -|     -|       0|      24|    -|
|FIFO             |        -|     -|       -|       -|    -|
|Instance         |        -|     -|       -|       -|    -|
|Memory           |        -|     -|       -|       -|    -|
|Multiplexer      |        -|     -|       -|      65|    -|
|Register         |        -|     -|    1032|       -|    -|
+-----------------+---------+------+--------+--------+-----+
|Total            |        0|     0|    1032|      89|    0|
+-----------------+---------+------+--------+--------+-----+
|Available        |     1440|  2280|  788160|  394080|  320|
+-----------------+---------+------+--------+--------+-----+
|Utilization (%)  |        0|     0|      ~0|      ~0|    0|
+-----------------+---------+------+--------+--------+-----+

+ Detail: 
    * Instance: 
    N/A

    * DSP: 
    N/A

    * Memory: 
    N/A

    * FIFO: 
    N/A

    * Expression: 
    +----------------------------------+----------+----+---+----+------------+------------+
    |           Variable Name          | Operation| DSP| FF| LUT| Bitwidth P0| Bitwidth P1|
    +----------------------------------+----------+----+---+----+------------+------------+
    |ap_block_state2_pp0_stage0_iter1  |       and|   0|  0|   2|           1|           1|
    |ap_predicate_op23_read_state1     |       and|   0|  0|   2|           1|           1|
    |ap_predicate_op30_read_state1     |       and|   0|  0|   2|           1|           1|
    |ap_predicate_op38_read_state1     |       and|   0|  0|   2|           1|           1|
    |ap_predicate_op46_read_state1     |       and|   0|  0|   2|           1|           1|
    |ap_predicate_op52_write_state2    |       and|   0|  0|   2|           1|           1|
    |grp_nbreadreq_fu_44_p3            |       and|   0|  0|   2|           1|           0|
    |tmp_i_262_nbreadreq_fu_58_p3      |       and|   0|  0|   2|           1|           0|
    |tmp_i_nbreadreq_fu_72_p3          |       and|   0|  0|   2|           1|           0|
    |ap_block_pp0_stage0_01001         |        or|   0|  0|   2|           1|           1|
    |ap_block_state1_pp0_stage0_iter0  |        or|   0|  0|   2|           1|           1|
    |ap_enable_pp0                     |       xor|   0|  0|   2|           1|           2|
    +----------------------------------+----------+----+---+----+------------+------------+
    |Total                             |          |   0|  0|  24|          12|          10|
    +----------------------------------+----------+----+---+----+------------+------------+

    * Multiplexer: 
    +----------------------------------+----+-----------+-----+-----------+
    |               Name               | LUT| Input Size| Bits| Total Bits|
    +----------------------------------+----+-----------+-----+-----------+
    |ap_done                           |   9|          2|    1|          2|
    |rxBufferWriteData_internal_blk_n  |   9|          2|    1|          2|
    |rxEng_dataBuffer3_blk_n           |   9|          2|    1|          2|
    |rxEng_fsmDropFifo_blk_n           |   9|          2|    1|          2|
    |rxEng_metaHandlerDropFifo_blk_n   |   9|          2|    1|          2|
    |tpf_state                         |  20|          4|    2|          8|
    +----------------------------------+----+-----------+-----+-----------+
    |Total                             |  65|         14|    7|         18|
    +----------------------------------+----+-----------+-----+-----------+

    * Register: 
    +--------------------------------+------+----+------+-----------+
    |              Name              |  FF  | LUT| Bits | Const Bits|
    +--------------------------------+------+----+------+-----------+
    |ap_CS_fsm                       |     1|   0|     1|          0|
    |ap_done_reg                     |     1|   0|     1|          0|
    |ap_enable_reg_pp0_iter1         |     1|   0|     1|          0|
    |rxEng_dataBuffer3_read_reg_143  |  1024|   0|  1024|          0|
    |tmp_9_i_reg_139                 |     1|   0|     1|          0|
    |tpf_state                       |     2|   0|     2|          0|
    |tpf_state_load_reg_129          |     2|   0|     2|          0|
    +--------------------------------+------+----+------+-----------+
    |Total                           |  1032|   0|  1032|          0|
    +--------------------------------+------+----+------+-----------+



================================================================
== Interface
================================================================
* Summary: 
+-----------------------------------+-----+------+------------+----------------------------+--------------+
|             RTL Ports             | Dir | Bits |  Protocol  |        Source Object       |    C Type    |
+-----------------------------------+-----+------+------------+----------------------------+--------------+
|ap_clk                             |   in|     1|  ap_ctrl_hs|       rxPackageDropper<512>|  return value|
|ap_rst                             |   in|     1|  ap_ctrl_hs|       rxPackageDropper<512>|  return value|
|ap_start                           |   in|     1|  ap_ctrl_hs|       rxPackageDropper<512>|  return value|
|ap_done                            |  out|     1|  ap_ctrl_hs|       rxPackageDropper<512>|  return value|
|ap_continue                        |   in|     1|  ap_ctrl_hs|       rxPackageDropper<512>|  return value|
|ap_idle                            |  out|     1|  ap_ctrl_hs|       rxPackageDropper<512>|  return value|
|ap_ready                           |  out|     1|  ap_ctrl_hs|       rxPackageDropper<512>|  return value|
|rxEng_dataBuffer3_dout             |   in|  1024|     ap_fifo|           rxEng_dataBuffer3|       pointer|
|rxEng_dataBuffer3_empty_n          |   in|     1|     ap_fifo|           rxEng_dataBuffer3|       pointer|
|rxEng_dataBuffer3_read             |  out|     1|     ap_fifo|           rxEng_dataBuffer3|       pointer|
|rxEng_fsmDropFifo_dout             |   in|     1|     ap_fifo|           rxEng_fsmDropFifo|       pointer|
|rxEng_fsmDropFifo_empty_n          |   in|     1|     ap_fifo|           rxEng_fsmDropFifo|       pointer|
|rxEng_fsmDropFifo_read             |  out|     1|     ap_fifo|           rxEng_fsmDropFifo|       pointer|
|rxEng_metaHandlerDropFifo_dout     |   in|     1|     ap_fifo|   rxEng_metaHandlerDropFifo|       pointer|
|rxEng_metaHandlerDropFifo_empty_n  |   in|     1|     ap_fifo|   rxEng_metaHandlerDropFifo|       pointer|
|rxEng_metaHandlerDropFifo_read     |  out|     1|     ap_fifo|   rxEng_metaHandlerDropFifo|       pointer|
|rxBufferWriteData_internal_din     |  out|  1024|     ap_fifo|  rxBufferWriteData_internal|       pointer|
|rxBufferWriteData_internal_full_n  |   in|     1|     ap_fifo|  rxBufferWriteData_internal|       pointer|
|rxBufferWriteData_internal_write   |  out|     1|     ap_fifo|  rxBufferWriteData_internal|       pointer|
+-----------------------------------+-----+------+------------+----------------------------+--------------+

