

================================================================
== Vitis HLS Report for 'rxTcpFSM'
================================================================
* Date:           Tue Jul 19 06:14:28 2022

* Version:        2020.2 (Build 3064766 on Wed Nov 18 09:12:47 MST 2020)
* Project:        toe_prj
* Solution:       solution1 (Vivado IP Flow Target)
* Product family: virtexuplus
* Target device:  xcvu3p-ffvc1517-2-i


================================================================
== Performance Estimates
================================================================
+ Timing: 
    * Summary: 
    +--------+---------+----------+------------+
    |  Clock |  Target | Estimated| Uncertainty|
    +--------+---------+----------+------------+
    |ap_clk  |  3.20 ns|  2.102 ns|     0.86 ns|
    +--------+---------+----------+------------+

+ Latency: 
    * Summary: 
    +---------+---------+----------+----------+-----+-----+---------+
    |  Latency (cycles) |  Latency (absolute) |  Interval | Pipeline|
    |   min   |   max   |    min   |    max   | min | max |   Type  |
    +---------+---------+----------+----------+-----+-----+---------+
    |        2|        2|  6.400 ns|  6.400 ns|    1|    1|      yes|
    +---------+---------+----------+----------+-----+-----+---------+

    + Detail: 
        * Instance: 
        N/A

        * Loop: 
        N/A



================================================================
== Utilization Estimates
================================================================
* Summary: 
+-----------------+---------+------+--------+--------+-----+
|       Name      | BRAM_18K|  DSP |   FF   |   LUT  | URAM|
+-----------------+---------+------+--------+--------+-----+
|DSP              |        -|     -|       -|       -|    -|
|Expression       |        -|     -|       0|    3441|    -|
|FIFO             |        -|     -|       -|       -|    -|
|Instance         |        -|     -|       -|       -|    -|
|Memory           |        -|     -|       -|       -|    -|
|Multiplexer      |        -|     -|       -|     587|    -|
|Register         |        -|     -|    1412|       -|    -|
+-----------------+---------+------+--------+--------+-----+
|Total            |        0|     0|    1412|    4028|    0|
+-----------------+---------+------+--------+--------+-----+
|Available        |     1440|  2280|  788160|  394080|  320|
+-----------------+---------+------+--------+--------+-----+
|Utilization (%)  |        0|     0|      ~0|       1|    0|
+-----------------+---------+------+--------+--------+-----+

+ Detail: 
    * Instance: 
    N/A

    * DSP: 
    N/A

    * Memory: 
    N/A

    * FIFO: 
    N/A

    * Expression: 
    +----------------------------------+----------+----+---+-----+------------+------------+
    |           Variable Name          | Operation| DSP| FF| LUT | Bitwidth P0| Bitwidth P1|
    +----------------------------------+----------+----+---+-----+------------+------------+
    |add_ln1477_fu_948_p2              |         +|   0|  0|   39|          32|           3|
    |add_ln213_179_fu_1365_p2          |         +|   0|  0|   39|          32|          32|
    |add_ln213_189_fu_973_p2           |         +|   0|  0|   24|          17|           1|
    |add_ln213_191_fu_988_p2           |         +|   0|  0|   24|          17|           1|
    |grp_fu_577_p2                     |         +|   0|  0|   39|          32|           1|
    |newRecvd_V_fu_2085_p2             |         +|   0|  0|   39|          32|          32|
    |ret_7_fu_1098_p2                  |         +|   0|  0|   26|          19|          12|
    |ret_fu_997_p2                     |         +|   0|  0|   40|          33|           1|
    |seq_V_2_fu_1556_p2                |         +|   0|  0|   39|          32|          32|
    |seq_V_fu_1968_p2                  |         +|   0|  0|   39|          32|          32|
    |txSar_cong_window_V_1_fu_1122_p2  |         +|   0|  0|   25|          18|           9|
    |txSar_cong_window_V_2_fu_1110_p2  |         +|   0|  0|   25|          18|          11|
    |txSar_count_V_1_fu_1136_p2        |         +|   0|  0|    9|           2|           1|
    |ret_8_fu_1210_p2                  |         -|   0|  0|   24|          17|          17|
    |ret_9_fu_1244_p2                  |         -|   0|  0|   24|          17|          17|
    |and_ln1044_fu_1079_p2             |       and|   0|  0|    2|           1|           1|
    |and_ln1069_fu_1172_p2             |       and|   0|  0|    2|           1|           1|
    |and_ln1070_fu_1189_p2             |       and|   0|  0|    2|           1|           1|
    |and_ln1426_fu_979_p2              |       and|   0|  0|    2|           1|           1|
    |and_ln1477_fu_964_p2              |       and|   0|  0|    2|           1|           1|
    |ap_condition_1071                 |       and|   0|  0|    2|           1|           1|
    |ap_condition_1076                 |       and|   0|  0|    2|           1|           1|
    |ap_condition_1151                 |       and|   0|  0|    2|           1|           1|
    |ap_condition_1187                 |       and|   0|  0|    2|           1|           1|
    |ap_condition_677                  |       and|   0|  0|    2|           1|           1|
    |ap_condition_924                  |       and|   0|  0|    2|           1|           1|
    |ap_predicate_op100_read_state1    |       and|   0|  0|    2|           1|           1|
    |ap_predicate_op19_read_state1     |       and|   0|  0|    2|           1|           1|
    |ap_predicate_op330_write_state3   |       and|   0|  0|    2|           1|           1|
    |ap_predicate_op333_write_state3   |       and|   0|  0|    2|           1|           1|
    |ap_predicate_op337_write_state3   |       and|   0|  0|    2|           1|           1|
    |ap_predicate_op341_write_state3   |       and|   0|  0|    2|           1|           1|
    |ap_predicate_op345_write_state3   |       and|   0|  0|    2|           1|           1|
    |ap_predicate_op348_write_state3   |       and|   0|  0|    2|           1|           1|
    |ap_predicate_op357_write_state3   |       and|   0|  0|    2|           1|           1|
    |ap_predicate_op374_write_state3   |       and|   0|  0|    2|           1|           1|
    |ap_predicate_op385_write_state3   |       and|   0|  0|    2|           1|           1|
    |ap_predicate_op389_write_state3   |       and|   0|  0|    2|           1|           1|
    |ap_predicate_op401_write_state3   |       and|   0|  0|    2|           1|           1|
    |ap_predicate_op410_write_state3   |       and|   0|  0|    2|           1|           1|
    |ap_predicate_op432_write_state3   |       and|   0|  0|    2|           1|           1|
    |ap_predicate_op440_write_state3   |       and|   0|  0|    2|           1|           1|
    |ap_predicate_op462_write_state3   |       and|   0|  0|    2|           1|           1|
    |ap_predicate_op468_write_state3   |       and|   0|  0|    2|           1|           1|
    |ap_predicate_op477_write_state3   |       and|   0|  0|    2|           1|           1|
    |ap_predicate_op478_write_state3   |       and|   0|  0|    2|           1|           1|
    |ap_predicate_op483_write_state3   |       and|   0|  0|    2|           1|           1|
    |ap_predicate_op497_write_state3   |       and|   0|  0|    2|           1|           1|
    |ap_predicate_op506_write_state3   |       and|   0|  0|    2|           1|           1|
    |ap_predicate_op516_write_state3   |       and|   0|  0|    2|           1|           1|
    |ap_predicate_op520_write_state3   |       and|   0|  0|    2|           1|           1|
    |ap_predicate_op523_write_state3   |       and|   0|  0|    2|           1|           1|
    |ap_predicate_op526_write_state3   |       and|   0|  0|    2|           1|           1|
    |ap_predicate_op530_write_state3   |       and|   0|  0|    2|           1|           1|
    |ap_predicate_op533_write_state3   |       and|   0|  0|    2|           1|           1|
    |ap_predicate_op536_write_state3   |       and|   0|  0|    2|           1|           1|
    |ap_predicate_op539_write_state3   |       and|   0|  0|    2|           1|           1|
    |ap_predicate_op542_write_state3   |       and|   0|  0|    2|           1|           1|
    |ap_predicate_op551_write_state3   |       and|   0|  0|    2|           1|           1|
    |ap_predicate_op554_write_state3   |       and|   0|  0|    2|           1|           1|
    |ap_predicate_op67_read_state1     |       and|   0|  0|    2|           1|           1|
    |ap_predicate_op76_read_state1     |       and|   0|  0|    2|           1|           1|
    |ap_predicate_op82_read_state1     |       and|   0|  0|    2|           1|           1|
    |ap_predicate_op89_read_state1     |       and|   0|  0|    2|           1|           1|
    |tmp_7_i_i_nbreadreq_fu_360_p3     |       and|   0|  0|    3|           1|           0|
    |tmp_8_i_i_nbreadreq_fu_368_p3     |       and|   0|  0|    3|           1|           0|
    |tmp_i_i_253_nbreadreq_fu_352_p3   |       and|   0|  0|    3|           1|           0|
    |tmp_i_i_nbreadreq_fu_338_p3       |       and|   0|  0|    3|           1|           0|
    |empty_254_fu_1022_p2              |      icmp|   0|  0|   20|          32|           3|
    |empty_256_fu_1034_p2              |      icmp|   0|  0|   20|          32|           3|
    |empty_258_fu_1046_p2              |      icmp|   0|  0|   20|          32|           2|
    |empty_260_fu_1058_p2              |      icmp|   0|  0|   20|          32|           2|
    |empty_fu_1016_p2                  |      icmp|   0|  0|   20|          32|           4|
    |grp_fu_567_p2                     |      icmp|   0|  0|   20|          32|           2|
    |grp_fu_572_p2                     |      icmp|   0|  0|    9|           4|           1|
    |grp_fu_604_p2                     |      icmp|   0|  0|   20|          32|          32|
    |grp_fu_619_p2                     |      icmp|   0|  0|   20|          32|           1|
    |icmp_ln1278_fu_1222_p2            |      icmp|   0|  0|    8|           2|           2|
    |icmp_ln1477_fu_954_p2             |      icmp|   0|  0|   20|          32|           2|
    |icmp_ln870_65_fu_960_p2           |      icmp|   0|  0|   20|          32|          32|
    |icmp_ln870_66_fu_1070_p2          |      icmp|   0|  0|   20|          32|          32|
    |icmp_ln870_68_fu_1006_p2          |      icmp|   0|  0|   20|          33|          33|
    |icmp_ln870_70_fu_1260_p2          |      icmp|   0|  0|   20|          32|          32|
    |icmp_ln870_71_fu_1256_p2          |      icmp|   0|  0|   20|          32|          32|
    |icmp_ln870_72_fu_943_p2           |      icmp|   0|  0|   13|          16|           1|
    |icmp_ln870_73_fu_2039_p2          |      icmp|   0|  0|    8|           2|           2|
    |icmp_ln870_74_fu_1200_p2          |      icmp|   0|  0|   20|          32|          32|
    |icmp_ln870_75_fu_1234_p2          |      icmp|   0|  0|   20|          32|          32|
    |icmp_ln874_1_fu_1195_p2           |      icmp|   0|  0|   13|          16|           1|
    |icmp_ln874_fu_1074_p2             |      icmp|   0|  0|   20|          32|          32|
    |icmp_ln878_fu_1184_p2             |      icmp|   0|  0|   20|          32|          32|
    |icmp_ln886_3_fu_1250_p2           |      icmp|   0|  0|   13|          17|           9|
    |icmp_ln886_fu_1216_p2             |      icmp|   0|  0|   13|          17|           9|
    |icmp_ln890_1_fu_1116_p2           |      icmp|   0|  0|   13|          18|          12|
    |icmp_ln890_2_fu_1151_p2           |      icmp|   0|  0|   20|          32|          32|
    |icmp_ln890_3_fu_1161_p2           |      icmp|   0|  0|   20|          32|          32|
    |icmp_ln890_fu_1104_p2             |      icmp|   0|  0|   14|          19|          19|
    |ap_block_pp0_stage0_01001         |        or|   0|  0|    2|           1|           1|
    |ap_block_state1_pp0_stage0_iter0  |        or|   0|  0|    2|           1|           1|
    |ap_block_state3_pp0_stage0_iter2  |        or|   0|  0|    2|           1|           1|
    |ap_condition_1130                 |        or|   0|  0|    2|           1|           1|
    |ap_predicate_op361_write_state3   |        or|   0|  0|    2|           1|           1|
    |ap_predicate_op365_write_state3   |        or|   0|  0|    2|           1|           1|
    |ap_predicate_op371_write_state3   |        or|   0|  0|    2|           1|           1|
    |ap_predicate_op379_write_state3   |        or|   0|  0|    2|           1|           1|
    |ap_predicate_op448_write_state3   |        or|   0|  0|    2|           1|           1|
    |ap_predicate_op489_write_state3   |        or|   0|  0|    2|           1|           1|
    |ap_predicate_op493_write_state3   |        or|   0|  0|    2|           1|           1|
    |ap_predicate_op511_write_state3   |        or|   0|  0|    2|           1|           1|
    |empty_255_fu_1028_p2              |        or|   0|  0|    2|           1|           1|
    |empty_257_fu_1040_p2              |        or|   0|  0|    2|           1|           1|
    |empty_259_fu_1052_p2              |        or|   0|  0|    2|           1|           1|
    |empty_261_fu_1064_p2              |        or|   0|  0|    2|           1|           1|
    |or_ln1070_fu_1178_p2              |        or|   0|  0|    2|           1|           1|
    |or_ln1072_fu_2045_p2              |        or|   0|  0|    2|           1|           1|
    |or_ln1278_fu_1228_p2              |        or|   0|  0|    2|           1|           1|
    |or_ln174_10_fu_1893_p2            |        or|   0|  0|   48|          48|           3|
    |or_ln174_12_fu_1649_p2            |        or|   0|  0|  192|         192|          81|
    |or_ln174_13_fu_1675_p2            |        or|   0|  0|  192|         192|         161|
    |or_ln174_14_fu_1690_p2            |        or|   0|  0|   48|          48|           3|
    |or_ln174_16_fu_1724_p2            |        or|   0|  0|   80|          80|          17|
    |or_ln174_17_fu_1355_p2            |        or|   0|  0|  192|         192|         153|
    |or_ln174_18_fu_1388_p2            |        or|   0|  0|  192|         192|          73|
    |or_ln174_19_fu_1304_p2            |        or|   0|  0|   48|          48|           2|
    |or_ln174_21_fu_1805_p2            |        or|   0|  0|   48|          48|           3|
    |or_ln174_24_fu_1765_p2            |        or|   0|  0|  112|         112|           3|
    |or_ln174_27_fu_1591_p2            |        or|   0|  0|  112|         112|           3|
    |or_ln174_2_fu_1925_p2             |        or|   0|  0|   48|          48|           3|
    |or_ln174_30_fu_1525_p2            |        or|   0|  0|   48|          48|           3|
    |or_ln174_42_fu_1481_p2            |        or|   0|  0|   48|          48|           3|
    |or_ln174_46_fu_1445_p2            |        or|   0|  0|   48|          48|           2|
    |or_ln174_47_fu_2075_p2            |        or|   0|  0|  192|         192|         153|
    |or_ln174_48_fu_2108_p2            |        or|   0|  0|  192|         192|          73|
    |or_ln174_49_fu_2137_p2            |        or|   0|  0|   48|          48|           1|
    |or_ln174_4_fu_1878_p2             |        or|   0|  0|  192|         192|         161|
    |or_ln174_50_fu_2156_p2            |        or|   0|  0|   48|          48|           3|
    |or_ln174_51_fu_2175_p2            |        or|   0|  0|   48|          48|           2|
    |or_ln174_fu_2003_p2               |        or|   0|  0|  112|         112|           3|
    |select_ln1047_fu_1142_p3          |    select|   0|  0|    2|           1|           2|
    |select_ln1061_fu_1128_p3          |    select|   0|  0|   18|           1|          18|
    |select_ln174_1_fu_1623_p3         |    select|   0|  0|    3|           1|           1|
    |select_ln174_fu_1837_p3           |    select|   0|  0|   17|           1|          17|
    |ap_enable_pp0                     |       xor|   0|  0|    2|           1|           2|
    |xor_ln890_1_fu_1166_p2            |       xor|   0|  0|    2|           1|           2|
    |xor_ln890_fu_1155_p2              |       xor|   0|  0|    2|           1|           2|
    +----------------------------------+----------+----+---+-----+------------+------------+
    |Total                             |          |   0|  0| 3441|        3469|        1683|
    +----------------------------------+----------+----+---+-----+------------+------------+

    * Multiplexer: 
    +----------------------------------------------------+-----+-----------+-----+-----------+
    |                        Name                        | LUT | Input Size| Bits| Total Bits|
    +----------------------------------------------------+-----+-----------+-----+-----------+
    |ap_done                                             |    9|          2|    1|          2|
    |ap_phi_mux_p_b714_i_i_phi_fu_475_p8                 |   14|          3|    1|          3|
    |ap_phi_mux_txSar_count_V_2_phi_fu_493_p6            |   14|          3|    2|          6|
    |ap_phi_mux_txSar_fastRetransmitted_2_phi_fu_507_p6  |   14|          3|    1|          3|
    |ap_phi_reg_pp0_iter2_txSar_cong_window_V_3_reg_518  |   20|          4|   18|         72|
    |conEstablishedFifo_blk_n                            |    9|          2|    1|          2|
    |conEstablishedFifo_din                              |   14|          3|   96|        288|
    |p_b714_i_i_reg_472                                  |   14|          3|    1|          3|
    |rxEng2rxApp_notification_blk_n                      |    9|          2|    1|          2|
    |rxEng2rxApp_notification_din                        |   26|          5|   96|        480|
    |rxEng2rxSar_upd_req_blk_n                           |    9|          2|    1|          2|
    |rxEng2rxSar_upd_req_din                             |   31|          6|  192|       1152|
    |rxEng2stateTable_upd_req_blk_n                      |    9|          2|    1|          2|
    |rxEng2stateTable_upd_req_din                        |  118|         24|   96|       2304|
    |rxEng2timer_clearProbeTimer_blk_n                   |    9|          2|    1|          2|
    |rxEng2timer_clearRetransmitTimer_blk_n              |    9|          2|    1|          2|
    |rxEng2timer_clearRetransmitTimer_din                |   31|          6|   32|        192|
    |rxEng2timer_setCloseTimer_blk_n                     |    9|          2|    1|          2|
    |rxEng2txSar_upd_req_blk_n                           |    9|          2|    1|          2|
    |rxEng2txSar_upd_req_din                             |   31|          6|  192|       1152|
    |rxEng_fsmDropFifo_blk_n                             |    9|          2|    1|          2|
    |rxEng_fsmDropFifo_din                               |   14|          3|    1|          3|
    |rxEng_fsmEventFifo_blk_n                            |    9|          2|    1|          2|
    |rxEng_fsmEventFifo_din                              |   65|         15|  128|       1920|
    |rxEng_fsmMetaDataFifo_blk_n                         |    9|          2|    1|          2|
    |rxSar2rxEng_upd_rsp_blk_n                           |    9|          2|    1|          2|
    |rxbuffer_data_count_blk_n                           |    9|          2|    1|          2|
    |rxbuffer_max_data_count_blk_n                       |    9|          2|    1|          2|
    |stateTable2rxEng_upd_rsp_blk_n                      |    9|          2|    1|          2|
    |txSar2rxEng_upd_rsp_blk_n                           |    9|          2|    1|          2|
    |txSar_count_V_2_reg_490                             |   14|          3|    2|          6|
    |txSar_fastRetransmitted_2_reg_504                   |   14|          3|    1|          3|
    +----------------------------------------------------+-----+-----------+-----+-----------+
    |Total                                               |  587|        124|  876|       7621|
    +----------------------------------------------------+-----+-----------+-----+-----------+

    * Register: 
    +------------------------------------------------------+-----+----+-----+-----------+
    |                         Name                         |  FF | LUT| Bits| Const Bits|
    +------------------------------------------------------+-----+----+-----+-----------+
    |add_ln213_189_reg_2580                                |   17|   0|   17|          0|
    |add_ln213_191_reg_2606                                |   17|   0|   17|          0|
    |and_ln1044_reg_2624                                   |    1|   0|    1|          0|
    |and_ln1069_reg_2641                                   |    1|   0|    1|          0|
    |and_ln1070_reg_2645                                   |    1|   0|    1|          0|
    |and_ln1426_reg_2602                                   |    1|   0|    1|          0|
    |and_ln1477_reg_2576                                   |    1|   0|    1|          0|
    |ap_CS_fsm                                             |    1|   0|    1|          0|
    |ap_done_reg                                           |    1|   0|    1|          0|
    |ap_enable_reg_pp0_iter1                               |    1|   0|    1|          0|
    |ap_enable_reg_pp0_iter2                               |    1|   0|    1|          0|
    |ap_phi_reg_pp0_iter1_txSar_cong_window_V_3_reg_518    |   18|   0|   18|          0|
    |ap_phi_reg_pp0_iter2_txSar_cong_window_V_3_reg_518    |   18|   0|   18|          0|
    |empty_261_reg_2620                                    |    1|   0|    1|          0|
    |fsm_meta_dstIpPort_V                                  |   16|   0|   16|          0|
    |fsm_meta_dstIpPort_V_load_reg_2416                    |   16|   0|   16|          0|
    |fsm_meta_dstIpPort_V_load_reg_2416_pp0_iter1_reg      |   16|   0|   16|          0|
    |fsm_meta_meta_ackNumb_V                               |   32|   0|   32|          0|
    |fsm_meta_meta_ackNumb_V_load_reg_2438                 |   32|   0|   32|          0|
    |fsm_meta_meta_ackNumb_V_load_reg_2438_pp0_iter1_reg   |   32|   0|   32|          0|
    |fsm_meta_meta_ack_V                                   |    1|   0|    1|          0|
    |fsm_meta_meta_fin_V                                   |    1|   0|    1|          0|
    |fsm_meta_meta_length_V                                |   16|   0|   16|          0|
    |fsm_meta_meta_length_V_load_reg_2465                  |   16|   0|   16|          0|
    |fsm_meta_meta_length_V_load_reg_2465_pp0_iter1_reg    |   16|   0|   16|          0|
    |fsm_meta_meta_rst_V                                   |    1|   0|    1|          0|
    |fsm_meta_meta_rst_V_load_reg_2510                     |    1|   0|    1|          0|
    |fsm_meta_meta_rst_V_load_reg_2510_pp0_iter1_reg       |    1|   0|    1|          0|
    |fsm_meta_meta_seqNumb_V                               |   32|   0|   32|          0|
    |fsm_meta_meta_syn_V                                   |    1|   0|    1|          0|
    |fsm_meta_meta_winScale_V                              |    4|   0|    4|          0|
    |fsm_meta_meta_winScale_V_load_reg_2458                |    4|   0|    4|          0|
    |fsm_meta_meta_winScale_V_load_reg_2458_pp0_iter1_reg  |    4|   0|    4|          0|
    |fsm_meta_meta_winSize_V                               |   16|   0|   16|          0|
    |fsm_meta_meta_winSize_V_load_reg_2450                 |   16|   0|   16|          0|
    |fsm_meta_meta_winSize_V_load_reg_2450_pp0_iter1_reg   |   16|   0|   16|          0|
    |fsm_meta_sessionID_V                                  |   16|   0|   16|          0|
    |fsm_meta_srcIpAddress_V                               |   32|   0|   32|          0|
    |fsm_meta_srcIpAddress_V_load_reg_2406                 |   32|   0|   32|          0|
    |fsm_meta_srcIpAddress_V_load_reg_2406_pp0_iter1_reg   |   32|   0|   32|          0|
    |fsm_meta_srcIpPort_V                                  |   16|   0|   16|          0|
    |fsm_meta_srcIpPort_V_load_reg_2477                    |   16|   0|   16|          0|
    |fsm_meta_srcIpPort_V_load_reg_2477_pp0_iter1_reg      |   16|   0|   16|          0|
    |fsm_state                                             |    1|   0|    1|          0|
    |fsm_state_load_reg_2402                               |    1|   0|    1|          0|
    |fsm_state_load_reg_2402_pp0_iter1_reg                 |    1|   0|    1|          0|
    |fsm_txSarRequest                                      |    1|   0|    1|          0|
    |icmp_ln1426_reg_2598                                  |    1|   0|    1|          0|
    |icmp_ln1501_reg_2589                                  |    1|   0|    1|          0|
    |icmp_ln1508_reg_2585                                  |    1|   0|    1|          0|
    |icmp_ln1554_reg_2673                                  |    1|   0|    1|          0|
    |icmp_ln870_63_reg_2593                                |    1|   0|    1|          0|
    |icmp_ln870_64_reg_2571                                |    1|   0|    1|          0|
    |icmp_ln870_68_reg_2611                                |    1|   0|    1|          0|
    |icmp_ln870_70_reg_2681                                |    1|   0|    1|          0|
    |icmp_ln870_71_reg_2677                                |    1|   0|    1|          0|
    |icmp_ln870_72_reg_2567                                |    1|   0|    1|          0|
    |icmp_ln870_74_reg_2653                                |    1|   0|    1|          0|
    |icmp_ln870_75_reg_2665                                |    1|   0|    1|          0|
    |icmp_ln870_reg_2615                                   |    1|   0|    1|          0|
    |icmp_ln874_1_reg_2649                                 |    1|   0|    1|          0|
    |icmp_ln886_3_reg_2669                                 |    1|   0|    1|          0|
    |icmp_ln886_reg_2657                                   |    1|   0|    1|          0|
    |lhs_1_reg_2396                                        |   16|   0|   16|          0|
    |lhs_reg_2424                                          |   32|   0|   32|          0|
    |lhs_reg_2424_pp0_iter1_reg                            |   32|   0|   32|          0|
    |or_ln1278_reg_2661                                    |    1|   0|    1|          0|
    |p_Result_s_reg_2514                                   |    4|   0|    4|          0|
    |p_Result_s_reg_2514_pp0_iter1_reg                     |    4|   0|    4|          0|
    |p_b714_i_i_reg_472                                    |    1|   0|    1|          0|
    |p_b714_i_i_reg_472_pp0_iter1_reg                      |    1|   0|    1|          0|
    |reg_582                                               |   32|   0|   32|          0|
    |reg_582_pp0_iter1_reg                                 |   32|   0|   32|          0|
    |reg_587                                               |  192|   0|  192|          0|
    |reg_591                                               |   32|   0|   32|          0|
    |reg_595                                               |   18|   0|   18|          0|
    |reg_595_pp0_iter1_reg                                 |   18|   0|   18|          0|
    |reg_600                                               |    2|   0|    2|          0|
    |reg_600_pp0_iter1_reg                                 |    2|   0|    2|          0|
    |reg_625                                               |   33|   0|   33|          0|
    |rhs_reg_2390                                          |   16|   0|   16|          0|
    |rxSar_recvd_V_1_1_reg_2557                            |   32|   0|   32|          0|
    |rxSar_recvd_V_1_reg_2533                              |   32|   0|   32|          0|
    |rxSar_recvd_V_2_reg_2528                              |   32|   0|   32|          0|
    |rxSar_recvd_V_3_reg_2518                              |   32|   0|   32|          0|
    |tmp_243_reg_2497                                      |    1|   0|    1|          0|
    |tmp_243_reg_2497_pp0_iter1_reg                        |    1|   0|    1|          0|
    |tmp_i_i_reg_2486                                      |    1|   0|    1|          0|
    |tmp_i_i_reg_2486_pp0_iter1_reg                        |    1|   0|    1|          0|
    |trunc_ln145_reg_2490                                  |   16|   0|   16|          0|
    |trunc_ln145_reg_2490_pp0_iter1_reg                    |   16|   0|   16|          0|
    |txSar2rxEng_upd_rsp_read_1_reg_2539                   |  160|   0|  160|          0|
    |txSar_count_V_2_reg_490                               |    2|   0|    2|          0|
    |txSar_fastRetransmitted_1_reg_2523                    |    1|   0|    1|          0|
    |txSar_fastRetransmitted_1_reg_2523_pp0_iter1_reg      |    1|   0|    1|          0|
    |txSar_fastRetransmitted_2_reg_504                     |    1|   0|    1|          0|
    |txSar_fastRetransmitted_reg_2552                      |    1|   0|    1|          0|
    |txSar_nextByte_V_reg_2562                             |   32|   0|   32|          0|
    |txSar_prevAck_V_reg_2544                              |   32|   0|   32|          0|
    +------------------------------------------------------+-----+----+-----+-----------+
    |Total                                                 | 1412|   0| 1412|          0|
    +------------------------------------------------------+-----+----+-----+-----------+



================================================================
== Interface
================================================================
* Summary: 
+-----------------------------------------+-----+-----+------------+----------------------------------+--------------+
|                RTL Ports                | Dir | Bits|  Protocol  |           Source Object          |    C Type    |
+-----------------------------------------+-----+-----+------------+----------------------------------+--------------+
|ap_clk                                   |   in|    1|  ap_ctrl_hs|                          rxTcpFSM|  return value|
|ap_rst                                   |   in|    1|  ap_ctrl_hs|                          rxTcpFSM|  return value|
|ap_start                                 |   in|    1|  ap_ctrl_hs|                          rxTcpFSM|  return value|
|ap_done                                  |  out|    1|  ap_ctrl_hs|                          rxTcpFSM|  return value|
|ap_continue                              |   in|    1|  ap_ctrl_hs|                          rxTcpFSM|  return value|
|ap_idle                                  |  out|    1|  ap_ctrl_hs|                          rxTcpFSM|  return value|
|ap_ready                                 |  out|    1|  ap_ctrl_hs|                          rxTcpFSM|  return value|
|rxbuffer_data_count_dout                 |   in|   16|     ap_fifo|               rxbuffer_data_count|       pointer|
|rxbuffer_data_count_empty_n              |   in|    1|     ap_fifo|               rxbuffer_data_count|       pointer|
|rxbuffer_data_count_read                 |  out|    1|     ap_fifo|               rxbuffer_data_count|       pointer|
|rxbuffer_max_data_count_dout             |   in|   16|     ap_fifo|           rxbuffer_max_data_count|       pointer|
|rxbuffer_max_data_count_empty_n          |   in|    1|     ap_fifo|           rxbuffer_max_data_count|       pointer|
|rxbuffer_max_data_count_read             |  out|    1|     ap_fifo|           rxbuffer_max_data_count|       pointer|
|rxEng_fsmMetaDataFifo_dout               |   in|  288|     ap_fifo|             rxEng_fsmMetaDataFifo|       pointer|
|rxEng_fsmMetaDataFifo_empty_n            |   in|    1|     ap_fifo|             rxEng_fsmMetaDataFifo|       pointer|
|rxEng_fsmMetaDataFifo_read               |  out|    1|     ap_fifo|             rxEng_fsmMetaDataFifo|       pointer|
|stateTable2rxEng_upd_rsp_dout            |   in|   32|     ap_fifo|          stateTable2rxEng_upd_rsp|       pointer|
|stateTable2rxEng_upd_rsp_empty_n         |   in|    1|     ap_fifo|          stateTable2rxEng_upd_rsp|       pointer|
|stateTable2rxEng_upd_rsp_read            |  out|    1|     ap_fifo|          stateTable2rxEng_upd_rsp|       pointer|
|rxSar2rxEng_upd_rsp_dout                 |   in|  192|     ap_fifo|               rxSar2rxEng_upd_rsp|       pointer|
|rxSar2rxEng_upd_rsp_empty_n              |   in|    1|     ap_fifo|               rxSar2rxEng_upd_rsp|       pointer|
|rxSar2rxEng_upd_rsp_read                 |  out|    1|     ap_fifo|               rxSar2rxEng_upd_rsp|       pointer|
|txSar2rxEng_upd_rsp_dout                 |   in|  160|     ap_fifo|               txSar2rxEng_upd_rsp|       pointer|
|txSar2rxEng_upd_rsp_empty_n              |   in|    1|     ap_fifo|               txSar2rxEng_upd_rsp|       pointer|
|txSar2rxEng_upd_rsp_read                 |  out|    1|     ap_fifo|               txSar2rxEng_upd_rsp|       pointer|
|rxEng2stateTable_upd_req_din             |  out|   96|     ap_fifo|          rxEng2stateTable_upd_req|       pointer|
|rxEng2stateTable_upd_req_full_n          |   in|    1|     ap_fifo|          rxEng2stateTable_upd_req|       pointer|
|rxEng2stateTable_upd_req_write           |  out|    1|     ap_fifo|          rxEng2stateTable_upd_req|       pointer|
|rxEng2rxSar_upd_req_din                  |  out|  192|     ap_fifo|               rxEng2rxSar_upd_req|       pointer|
|rxEng2rxSar_upd_req_full_n               |   in|    1|     ap_fifo|               rxEng2rxSar_upd_req|       pointer|
|rxEng2rxSar_upd_req_write                |  out|    1|     ap_fifo|               rxEng2rxSar_upd_req|       pointer|
|rxEng2txSar_upd_req_din                  |  out|  192|     ap_fifo|               rxEng2txSar_upd_req|       pointer|
|rxEng2txSar_upd_req_full_n               |   in|    1|     ap_fifo|               rxEng2txSar_upd_req|       pointer|
|rxEng2txSar_upd_req_write                |  out|    1|     ap_fifo|               rxEng2txSar_upd_req|       pointer|
|rxEng2timer_clearRetransmitTimer_din     |  out|   32|     ap_fifo|  rxEng2timer_clearRetransmitTimer|       pointer|
|rxEng2timer_clearRetransmitTimer_full_n  |   in|    1|     ap_fifo|  rxEng2timer_clearRetransmitTimer|       pointer|
|rxEng2timer_clearRetransmitTimer_write   |  out|    1|     ap_fifo|  rxEng2timer_clearRetransmitTimer|       pointer|
|rxEng_fsmEventFifo_din                   |  out|  128|     ap_fifo|                rxEng_fsmEventFifo|       pointer|
|rxEng_fsmEventFifo_full_n                |   in|    1|     ap_fifo|                rxEng_fsmEventFifo|       pointer|
|rxEng_fsmEventFifo_write                 |  out|    1|     ap_fifo|                rxEng_fsmEventFifo|       pointer|
|rxEng_fsmDropFifo_din                    |  out|    1|     ap_fifo|                 rxEng_fsmDropFifo|       pointer|
|rxEng_fsmDropFifo_full_n                 |   in|    1|     ap_fifo|                 rxEng_fsmDropFifo|       pointer|
|rxEng_fsmDropFifo_write                  |  out|    1|     ap_fifo|                 rxEng_fsmDropFifo|       pointer|
|rxEng2timer_clearProbeTimer_din          |  out|   16|     ap_fifo|       rxEng2timer_clearProbeTimer|       pointer|
|rxEng2timer_clearProbeTimer_full_n       |   in|    1|     ap_fifo|       rxEng2timer_clearProbeTimer|       pointer|
|rxEng2timer_clearProbeTimer_write        |  out|    1|     ap_fifo|       rxEng2timer_clearProbeTimer|       pointer|
|rxEng2rxApp_notification_din             |  out|   96|     ap_fifo|          rxEng2rxApp_notification|       pointer|
|rxEng2rxApp_notification_full_n          |   in|    1|     ap_fifo|          rxEng2rxApp_notification|       pointer|
|rxEng2rxApp_notification_write           |  out|    1|     ap_fifo|          rxEng2rxApp_notification|       pointer|
|rxEng2timer_setCloseTimer_din            |  out|   16|     ap_fifo|         rxEng2timer_setCloseTimer|       pointer|
|rxEng2timer_setCloseTimer_full_n         |   in|    1|     ap_fifo|         rxEng2timer_setCloseTimer|       pointer|
|rxEng2timer_setCloseTimer_write          |  out|    1|     ap_fifo|         rxEng2timer_setCloseTimer|       pointer|
|conEstablishedFifo_din                   |  out|   96|     ap_fifo|                conEstablishedFifo|       pointer|
|conEstablishedFifo_full_n                |   in|    1|     ap_fifo|                conEstablishedFifo|       pointer|
|conEstablishedFifo_write                 |  out|    1|     ap_fifo|                conEstablishedFifo|       pointer|
+-----------------------------------------+-----+-----+------------+----------------------------------+--------------+

