

================================================================
== Vitis HLS Report for 'stream_merger_event_s'
================================================================
* Date:           Tue Jul 19 06:14:02 2022

* Version:        2020.2 (Build 3064766 on Wed Nov 18 09:12:47 MST 2020)
* Project:        toe_prj
* Solution:       solution1 (Vivado IP Flow Target)
* Product family: virtexuplus
* Target device:  xcvu3p-ffvc1517-2-i


================================================================
== Performance Estimates
================================================================
+ Timing: 
    * Summary: 
    +--------+---------+----------+------------+
    |  Clock |  Target | Estimated| Uncertainty|
    +--------+---------+----------+------------+
    |ap_clk  |  3.20 ns|  1.168 ns|     0.86 ns|
    +--------+---------+----------+------------+

+ Latency: 
    * Summary: 
    +---------+---------+----------+----------+-----+-----+---------+
    |  Latency (cycles) |  Latency (absolute) |  Interval | Pipeline|
    |   min   |   max   |    min   |    max   | min | max |   Type  |
    +---------+---------+----------+----------+-----+-----+---------+
    |        2|        2|  6.400 ns|  6.400 ns|    1|    1|      yes|
    +---------+---------+----------+----------+-----+-----+---------+

    + Detail: 
        * Instance: 
        N/A

        * Loop: 
        N/A



================================================================
== Utilization Estimates
================================================================
* Summary: 
+-----------------+---------+------+--------+--------+-----+
|       Name      | BRAM_18K|  DSP |   FF   |   LUT  | URAM|
+-----------------+---------+------+--------+--------+-----+
|DSP              |        -|     -|       -|       -|    -|
|Expression       |        -|     -|       0|      18|    -|
|FIFO             |        -|     -|       -|       -|    -|
|Instance         |        -|     -|       -|       -|    -|
|Memory           |        -|     -|       -|       -|    -|
|Multiplexer      |        -|     -|       -|      50|    -|
|Register         |        -|     -|     391|       -|    -|
+-----------------+---------+------+--------+--------+-----+
|Total            |        0|     0|     391|      68|    0|
+-----------------+---------+------+--------+--------+-----+
|Available        |     1440|  2280|  788160|  394080|  320|
+-----------------+---------+------+--------+--------+-----+
|Utilization (%)  |        0|     0|      ~0|      ~0|    0|
+-----------------+---------+------+--------+--------+-----+

+ Detail: 
    * Instance: 
    N/A

    * DSP: 
    N/A

    * Memory: 
    N/A

    * FIFO: 
    N/A

    * Expression: 
    +----------------------------------+----------+----+---+----+------------+------------+
    |           Variable Name          | Operation| DSP| FF| LUT| Bitwidth P0| Bitwidth P1|
    +----------------------------------+----------+----+---+----+------------+------------+
    |ap_block_state2_pp0_stage0_iter1  |       and|   0|  0|   2|           1|           1|
    |ap_predicate_op22_read_state2     |       and|   0|  0|   2|           1|           1|
    |ap_predicate_op23_write_state3    |       and|   0|  0|   2|           1|           1|
    |tmp_i_246_nbreadreq_fu_38_p3      |       and|   0|  0|   2|           1|           0|
    |tmp_i_nbreadreq_fu_24_p3          |       and|   0|  0|   2|           1|           0|
    |ap_block_pp0_stage0_01001         |        or|   0|  0|   2|           1|           1|
    |ap_block_state1_pp0_stage0_iter0  |        or|   0|  0|   2|           1|           1|
    |ap_block_state3_pp0_stage0_iter2  |        or|   0|  0|   2|           1|           1|
    |ap_enable_pp0                     |       xor|   0|  0|   2|           1|           2|
    +----------------------------------+----------+----+---+----+------------+------------+
    |Total                             |          |   0|  0|  18|           9|           8|
    +----------------------------------+----------+----+---+----+------------+------------+

    * Multiplexer: 
    +------------------------------------+----+-----------+-----+-----------+
    |                Name                | LUT| Input Size| Bits| Total Bits|
    +------------------------------------+----+-----------+-----+-----------+
    |ap_done                             |   9|          2|    1|          2|
    |probeTimer2eventEng_setEvent_blk_n  |   9|          2|    1|          2|
    |rtTimer2eventEng_setEvent_blk_n     |   9|          2|    1|          2|
    |timer2eventEng_setEvent_blk_n       |   9|          2|    1|          2|
    |timer2eventEng_setEvent_din         |  14|          3|  128|        384|
    +------------------------------------+----+-----------+-----+-----------+
    |Total                               |  50|         11|  132|        392|
    +------------------------------------+----+-----------+-----+-----------+

    * Register: 
    +----------------------------+-----+----+-----+-----------+
    |            Name            |  FF | LUT| Bits| Const Bits|
    +----------------------------+-----+----+-----+-----------+
    |ap_CS_fsm                   |    1|   0|    1|          0|
    |ap_done_reg                 |    1|   0|    1|          0|
    |ap_enable_reg_pp0_iter1     |    1|   0|    1|          0|
    |ap_enable_reg_pp0_iter2     |    1|   0|    1|          0|
    |tmp_235_reg_72              |  128|   0|  128|          0|
    |tmp_i_246_reg_68            |    1|   0|    1|          0|
    |tmp_i_reg_59                |    1|   0|    1|          0|
    |tmp_i_reg_59_pp0_iter1_reg  |    1|   0|    1|          0|
    |tmp_reg_63                  |  128|   0|  128|          0|
    |tmp_reg_63_pp0_iter1_reg    |  128|   0|  128|          0|
    +----------------------------+-----+----+-----+-----------+
    |Total                       |  391|   0|  391|          0|
    +----------------------------+-----+----+-----+-----------+



================================================================
== Interface
================================================================
* Summary: 
+--------------------------------------+-----+-----+------------+------------------------------+--------------+
|               RTL Ports              | Dir | Bits|  Protocol  |         Source Object        |    C Type    |
+--------------------------------------+-----+-----+------------+------------------------------+--------------+
|ap_clk                                |   in|    1|  ap_ctrl_hs|          stream_merger<event>|  return value|
|ap_rst                                |   in|    1|  ap_ctrl_hs|          stream_merger<event>|  return value|
|ap_start                              |   in|    1|  ap_ctrl_hs|          stream_merger<event>|  return value|
|ap_done                               |  out|    1|  ap_ctrl_hs|          stream_merger<event>|  return value|
|ap_continue                           |   in|    1|  ap_ctrl_hs|          stream_merger<event>|  return value|
|ap_idle                               |  out|    1|  ap_ctrl_hs|          stream_merger<event>|  return value|
|ap_ready                              |  out|    1|  ap_ctrl_hs|          stream_merger<event>|  return value|
|rtTimer2eventEng_setEvent_dout        |   in|  128|     ap_fifo|     rtTimer2eventEng_setEvent|       pointer|
|rtTimer2eventEng_setEvent_empty_n     |   in|    1|     ap_fifo|     rtTimer2eventEng_setEvent|       pointer|
|rtTimer2eventEng_setEvent_read        |  out|    1|     ap_fifo|     rtTimer2eventEng_setEvent|       pointer|
|probeTimer2eventEng_setEvent_dout     |   in|  128|     ap_fifo|  probeTimer2eventEng_setEvent|       pointer|
|probeTimer2eventEng_setEvent_empty_n  |   in|    1|     ap_fifo|  probeTimer2eventEng_setEvent|       pointer|
|probeTimer2eventEng_setEvent_read     |  out|    1|     ap_fifo|  probeTimer2eventEng_setEvent|       pointer|
|timer2eventEng_setEvent_din           |  out|  128|     ap_fifo|       timer2eventEng_setEvent|       pointer|
|timer2eventEng_setEvent_full_n        |   in|    1|     ap_fifo|       timer2eventEng_setEvent|       pointer|
|timer2eventEng_setEvent_write         |  out|    1|     ap_fifo|       timer2eventEng_setEvent|       pointer|
+--------------------------------------+-----+-----+------------+------------------------------+--------------+

