

================================================================
== Vitis HLS Report for 'tasi_pkg_pusher_512_s'
================================================================
* Date:           Tue Jul 19 06:14:54 2022

* Version:        2020.2 (Build 3064766 on Wed Nov 18 09:12:47 MST 2020)
* Project:        toe_prj
* Solution:       solution1 (Vivado IP Flow Target)
* Product family: virtexuplus
* Target device:  xcvu3p-ffvc1517-2-i


================================================================
== Performance Estimates
================================================================
+ Timing: 
    * Summary: 
    +--------+---------+----------+------------+
    |  Clock |  Target | Estimated| Uncertainty|
    +--------+---------+----------+------------+
    |ap_clk  |  3.20 ns|  3.029 ns|     0.86 ns|
    +--------+---------+----------+------------+

+ Latency: 
    * Summary: 
    +---------+---------+----------+----------+-----+-----+---------+
    |  Latency (cycles) |  Latency (absolute) |  Interval | Pipeline|
    |   min   |   max   |    min   |    max   | min | max |   Type  |
    +---------+---------+----------+----------+-----+-----+---------+
    |        2|        2|  6.400 ns|  6.400 ns|    1|    1|      yes|
    +---------+---------+----------+----------+-----+-----+---------+

    + Detail: 
        * Instance: 
        N/A

        * Loop: 
        N/A



================================================================
== Utilization Estimates
================================================================
* Summary: 
+-----------------+---------+------+--------+--------+-----+
|       Name      | BRAM_18K|  DSP |   FF   |   LUT  | URAM|
+-----------------+---------+------+--------+--------+-----+
|DSP              |        -|     -|       -|       -|    -|
|Expression       |        -|     -|       0|   30667|    -|
|FIFO             |        -|     -|       -|       -|    -|
|Instance         |        -|     -|       0|     273|    -|
|Memory           |        -|     -|       -|       -|    -|
|Multiplexer      |        -|     -|       -|     202|    -|
|Register         |        -|     -|    5842|       -|    -|
+-----------------+---------+------+--------+--------+-----+
|Total            |        0|     0|    5842|   31142|    0|
+-----------------+---------+------+--------+--------+-----+
|Available        |     1440|  2280|  788160|  394080|  320|
+-----------------+---------+------+--------+--------+-----+
|Utilization (%)  |        0|     0|      ~0|       7|    0|
+-----------------+---------+------+--------+--------+-----+

+ Detail: 
    * Instance: 
    +---------------------+----------------+---------+----+---+-----+-----+
    |       Instance      |     Module     | BRAM_18K| DSP| FF| LUT | URAM|
    +---------------------+----------------+---------+----+---+-----+-----+
    |mux_646_64_1_1_U373  |mux_646_64_1_1  |        0|   0|  0|  273|    0|
    +---------------------+----------------+---------+----+---+-----+-----+
    |Total                |                |        0|   0|  0|  273|    0|
    +---------------------+----------------+---------+----+---+-----+-----+

    * DSP: 
    N/A

    * Memory: 
    N/A

    * FIFO: 
    N/A

    * Expression: 
    +----------------------------------+----------+----+---+------+------------+------------+
    |           Variable Name          | Operation| DSP| FF|  LUT | Bitwidth P0| Bitwidth P1|
    +----------------------------------+----------+----+---+------+------------+------------+
    |add_ln692_fu_1201_p2              |         +|   0|  0|    25|          18|           8|
    |ret_fu_1235_p2                    |         +|   0|  0|    31|          24|          24|
    |p_Val2_4_fu_1247_p2               |         -|   0|  0|    25|           1|          18|
    |sub_ln1077_fu_597_p2              |         -|   0|  0|    18|          11|          10|
    |sub_ln1078_fu_715_p2              |         -|   0|  0|    15|           8|           7|
    |sub_ln414_2_fu_665_p2             |         -|   0|  0|    17|           9|          10|
    |sub_ln414_3_fu_761_p2             |         -|   0|  0|    14|           6|           7|
    |sub_ln414_4_fu_783_p2             |         -|   0|  0|    14|           6|           7|
    |sub_ln414_fu_643_p2               |         -|   0|  0|    17|           9|          10|
    |sub_ln674_1_fu_721_p2             |         -|   0|  0|    15|           8|           7|
    |sub_ln674_fu_603_p2               |         -|   0|  0|    18|          11|          10|
    |sub_ln692_1_fu_1141_p2            |         -|   0|  0|    30|          23|          23|
    |sub_ln692_fu_1189_p2              |         -|   0|  0|    30|          23|          23|
    |and_ln414_10_fu_869_p2            |       and|   0|  0|   511|         512|         512|
    |and_ln414_11_fu_1481_p2           |       and|   0|  0|    64|          64|          64|
    |and_ln414_12_fu_911_p2            |       and|   0|  0|    64|          64|          64|
    |and_ln414_7_fu_827_p2             |       and|   0|  0|    64|          64|          64|
    |and_ln414_9_fu_1465_p2            |       and|   0|  0|   511|         512|         512|
    |and_ln414_fu_709_p2               |       and|   0|  0|   511|         512|         512|
    |and_ln819_fu_927_p2               |       and|   0|  0|    64|          64|          64|
    |ap_condition_1304                 |       and|   0|  0|     2|           1|           1|
    |ap_condition_209                  |       and|   0|  0|     2|           1|           1|
    |ap_condition_352                  |       and|   0|  0|     2|           1|           1|
    |ap_condition_361                  |       and|   0|  0|     2|           1|           1|
    |ap_condition_396                  |       and|   0|  0|     2|           1|           1|
    |ap_condition_471                  |       and|   0|  0|     2|           1|           1|
    |ap_predicate_op128_read_state1    |       and|   0|  0|     2|           1|           1|
    |ap_predicate_op135_read_state1    |       and|   0|  0|     2|           1|           1|
    |ap_predicate_op185_read_state1    |       and|   0|  0|     2|           1|           1|
    |ap_predicate_op220_write_state2   |       and|   0|  0|     2|           1|           1|
    |ap_predicate_op221_write_state2   |       and|   0|  0|     2|           1|           1|
    |ap_predicate_op223_write_state2   |       and|   0|  0|     2|           1|           1|
    |ap_predicate_op225_write_state2   |       and|   0|  0|     2|           1|           1|
    |ap_predicate_op229_write_state2   |       and|   0|  0|     2|           1|           1|
    |ap_predicate_op231_write_state2   |       and|   0|  0|     2|           1|           1|
    |ap_predicate_op235_write_state2   |       and|   0|  0|     2|           1|           1|
    |ap_predicate_op236_write_state3   |       and|   0|  0|     2|           1|           1|
    |ap_predicate_op237_write_state3   |       and|   0|  0|     2|           1|           1|
    |ap_predicate_op238_write_state3   |       and|   0|  0|     2|           1|           1|
    |ap_predicate_op239_write_state3   |       and|   0|  0|     2|           1|           1|
    |ap_predicate_op53_read_state1     |       and|   0|  0|     2|           1|           1|
    |grp_nbreadreq_fu_326_p3           |       and|   0|  0|     2|           1|           0|
    |p_Result_143_fu_619_p2            |       and|   0|  0|   511|         512|         512|
    |p_Result_144_fu_1435_p2           |       and|   0|  0|   511|         512|         512|
    |p_Result_145_fu_737_p2            |       and|   0|  0|    64|          64|          64|
    |p_Result_146_fu_1455_p2           |       and|   0|  0|    64|          64|          64|
    |p_Result_147_fu_853_p2            |       and|   0|  0|   511|         512|         512|
    |p_Result_149_fu_895_p2            |       and|   0|  0|    64|          64|          64|
    |p_Result_151_fu_513_p2            |       and|   0|  0|   511|         512|         512|
    |p_Result_152_fu_529_p2            |       and|   0|  0|   511|         512|         512|
    |p_Result_153_fu_555_p2            |       and|   0|  0|    64|          64|          64|
    |p_Result_154_fu_571_p2            |       and|   0|  0|    64|          64|          64|
    |tmp_i_nbreadreq_fu_340_p3         |       and|   0|  0|    64|           1|           0|
    |icmp_ln414_1_fu_755_p2            |      icmp|   0|  0|    17|          26|           1|
    |icmp_ln414_fu_637_p2              |      icmp|   0|  0|    16|          23|           1|
    |icmp_ln870_fu_975_p2              |      icmp|   0|  0|    13|          18|           7|
    |icmp_ln886_1_fu_969_p2            |      icmp|   0|  0|    13|          18|           7|
    |icmp_ln886_fu_1241_p2             |      icmp|   0|  0|    16|          24|          19|
    |sendWord_last_V_1_fu_933_p2       |      icmp|   0|  0|    29|          64|           1|
    |lshr_ln414_2_fu_565_p2            |      lshr|   0|  0|   182|           2|          64|
    |lshr_ln414_3_fu_703_p2            |      lshr|   0|  0|  2171|           2|         512|
    |lshr_ln414_4_fu_821_p2            |      lshr|   0|  0|   182|           2|          64|
    |lshr_ln414_5_fu_863_p2            |      lshr|   0|  0|  2171|           2|         512|
    |lshr_ln414_6_fu_905_p2            |      lshr|   0|  0|   182|           2|          64|
    |lshr_ln414_fu_523_p2              |      lshr|   0|  0|  2171|           2|         512|
    |lshr_ln674_1_fu_507_p2            |      lshr|   0|  0|  2171|           2|         512|
    |lshr_ln674_2_fu_543_p2            |      lshr|   0|  0|   182|          64|          64|
    |lshr_ln674_3_fu_549_p2            |      lshr|   0|  0|   182|           2|          64|
    |lshr_ln674_4_fu_613_p2            |      lshr|   0|  0|  2171|           2|         512|
    |lshr_ln674_5_fu_731_p2            |      lshr|   0|  0|   182|           2|          64|
    |lshr_ln674_6_fu_841_p2            |      lshr|   0|  0|  2171|         512|         512|
    |lshr_ln674_7_fu_847_p2            |      lshr|   0|  0|  2171|           2|         512|
    |lshr_ln674_8_fu_883_p2            |      lshr|   0|  0|   182|          64|          64|
    |lshr_ln674_9_fu_889_p2            |      lshr|   0|  0|   182|           2|          64|
    |lshr_ln674_fu_501_p2              |      lshr|   0|  0|  2171|         512|         512|
    |ap_block_pp0_stage0_01001         |        or|   0|  0|     2|           1|           1|
    |ap_block_pp0_stage0_11001         |        or|   0|  0|     2|           1|           1|
    |ap_block_state1_pp0_stage0_iter0  |        or|   0|  0|     2|           1|           1|
    |ap_block_state2_io                |        or|   0|  0|     2|           1|           1|
    |ap_block_state2_pp0_stage0_iter1  |        or|   0|  0|     2|           1|           1|
    |ap_block_state3_io                |        or|   0|  0|     2|           1|           1|
    |ap_block_state3_pp0_stage0_iter2  |        or|   0|  0|     2|           1|           1|
    |or_ln174_fu_1604_p2               |        or|   0|  0|    96|          96|          57|
    |p_Result_148_fu_1471_p2           |        or|   0|  0|   511|         512|         512|
    |p_Result_150_fu_1487_p2           |        or|   0|  0|    64|          64|          64|
    |select_ln207_fu_1153_p3           |    select|   0|  0|     3|           1|           3|
    |select_ln243_fu_945_p3            |    select|   0|  0|     3|           1|           1|
    |select_ln414_10_fu_1449_p3        |    select|   0|  0|    63|           1|          64|
    |select_ln414_4_fu_657_p3          |    select|   0|  0|    10|           1|          10|
    |select_ln414_5_fu_671_p3          |    select|   0|  0|    10|           1|          10|
    |select_ln414_6_fu_1429_p3         |    select|   0|  0|   428|           1|         512|
    |select_ln414_7_fu_767_p3          |    select|   0|  0|     7|           1|           6|
    |select_ln414_8_fu_775_p3          |    select|   0|  0|     7|           1|           7|
    |select_ln414_9_fu_789_p3          |    select|   0|  0|     7|           1|           7|
    |select_ln414_fu_649_p3            |    select|   0|  0|    10|           1|           9|
    |shl_ln414_4_fu_697_p2             |       shl|   0|  0|  2171|           2|         512|
    |shl_ln414_5_fu_809_p2             |       shl|   0|  0|   182|          64|          64|
    |shl_ln414_6_fu_815_p2             |       shl|   0|  0|   182|           2|          64|
    |shl_ln414_fu_691_p2               |       shl|   0|  0|  2171|         512|         512|
    |shl_ln819_fu_921_p2               |       shl|   0|  0|   182|           1|          64|
    |ap_enable_pp0                     |       xor|   0|  0|     2|           1|           2|
    |xor_ln414_1_fu_1476_p2            |       xor|   0|  0|    64|          64|           2|
    |xor_ln414_fu_1460_p2              |       xor|   0|  0|   511|         512|           2|
    +----------------------------------+----------+----+---+------+------------+------------+
    |Total                             |          |   0|  0| 30667|        8048|       11992|
    +----------------------------------+----------+----+---+------+------------+------------+

    * Multiplexer: 
    +------------------------------------------------+----+-----------+------+-----------+
    |                      Name                      | LUT| Input Size| Bits | Total Bits|
    +------------------------------------------------+----+-----------+------+-----------+
    |ap_done                                         |   9|          2|     1|          2|
    |ap_phi_reg_pp0_iter1_sendWord_keep_V_4_reg_368  |  14|          3|    64|        192|
    |ap_phi_reg_pp0_iter1_sendWord_last_V_2_reg_379  |  14|          3|     1|          3|
    |cmd_bbt_V                                       |  14|          3|    23|         69|
    |cmd_saddr_V                                     |  14|          3|    32|         96|
    |m_axis_txwrite_cmd_V_TDATA_blk_n                |   9|          2|     1|          2|
    |m_axis_txwrite_cmd_V_TDATA_int_regslice         |  26|          5|   128|        640|
    |prevWord_data_V                                 |   9|          2|   512|       1024|
    |remainingLength_V                               |   9|          2|    18|         36|
    |tasiPkgPushState                                |  31|          6|     3|         18|
    |tasi_dataFifo_blk_n                             |   9|          2|     1|          2|
    |tasi_meta2pkgPushCmd_blk_n                      |   9|          2|     1|          2|
    |txBufferWriteData_internal_blk_n                |   9|          2|     1|          2|
    |txBufferWriteData_internal_din                  |  26|          5|  1024|       5120|
    +------------------------------------------------+----+-----------+------+-----------+
    |Total                                           | 202|         42|  1810|       7208|
    +------------------------------------------------+----+-----------+------+-----------+

    * Register: 
    +------------------------------------------------+------+----+------+-----------+
    |                      Name                      |  FF  | LUT| Bits | Const Bits|
    +------------------------------------------------+------+----+------+-----------+
    |and_ln414_10_reg_1726                           |   512|   0|   512|          0|
    |and_ln414_12_reg_1736                           |    64|   0|    64|          0|
    |and_ln414_7_reg_1716                            |    64|   0|    64|          0|
    |and_ln414_reg_1700                              |   512|   0|   512|          0|
    |ap_CS_fsm                                       |     1|   0|     1|          0|
    |ap_done_reg                                     |     1|   0|     1|          0|
    |ap_enable_reg_pp0_iter1                         |     1|   0|     1|          0|
    |ap_enable_reg_pp0_iter2                         |     1|   0|     1|          0|
    |ap_phi_reg_pp0_iter1_sendWord_keep_V_4_reg_368  |    64|   0|    64|          0|
    |ap_phi_reg_pp0_iter1_sendWord_last_V_2_reg_379  |     1|   0|     1|          0|
    |cmd_bbt_V                                       |    23|   0|    23|          0|
    |cmd_drr_V                                       |     1|   0|     1|          0|
    |cmd_drr_V_load_reg_1645                         |     1|   0|     1|          0|
    |cmd_dsa_V                                       |     6|   0|     6|          0|
    |cmd_dsa_V_load_reg_1631                         |     6|   0|     6|          0|
    |cmd_eof_V                                       |     1|   0|     1|          0|
    |cmd_eof_V_load_reg_1638                         |     1|   0|     1|          0|
    |cmd_rsvd_V                                      |     4|   0|     4|          0|
    |cmd_rsvd_V_load_reg_1665                        |     4|   0|     4|          0|
    |cmd_saddr_V                                     |    32|   0|    32|          0|
    |cmd_tag_V                                       |     4|   0|     4|          0|
    |cmd_tag_V_load_reg_1658                         |     4|   0|     4|          0|
    |cmd_type_V                                      |     1|   0|     1|          0|
    |cmd_type_V_load_reg_1624                        |     1|   0|     1|          0|
    |icmp_ln414_1_reg_1705                           |     1|   0|     1|          0|
    |icmp_ln414_reg_1689                             |     1|   0|     1|          0|
    |icmp_ln870_reg_1782                             |     1|   0|     1|          0|
    |icmp_ln870_reg_1782_pp0_iter1_reg               |     1|   0|     1|          0|
    |icmp_ln886_1_reg_1778                           |     1|   0|     1|          0|
    |icmp_ln886_1_reg_1778_pp0_iter1_reg             |     1|   0|     1|          0|
    |icmp_ln886_reg_1816                             |     1|   0|     1|          0|
    |icmp_ln886_reg_1816_pp0_iter1_reg               |     1|   0|     1|          0|
    |len_V_reg_1820                                  |    16|   0|    16|          0|
    |lengthFirstPkg_V                                |    18|   0|    18|          0|
    |lshr_ln414_5_reg_1721                           |   512|   0|   512|          0|
    |lshr_ln414_6_reg_1731                           |    64|   0|    64|          0|
    |offset_V                                        |     6|   0|     6|          0|
    |p_Result_142_reg_1791                           |    32|   0|    32|          0|
    |p_Result_152_reg_1672                           |   512|   0|   512|          0|
    |p_Result_154_reg_1677                           |    64|   0|    64|          0|
    |p_Result_s_reg_1801                             |    32|   0|    32|          0|
    |p_Val2_10_reg_1652                              |    32|   0|    32|          0|
    |prevWord_data_V                                 |   512|   0|   512|          0|
    |prevWord_keep_V                                 |    64|   0|    64|          0|
    |remainingLength_V                               |    18|   0|    18|          0|
    |rhs_reg_1619                                    |    23|   0|    23|          0|
    |sendWord_data_V_1_reg_1762                      |   512|   0|   512|          0|
    |sendWord_last_V_1_reg_1741                      |     1|   0|     1|          0|
    |shl_ln414_5_reg_1710                            |    64|   0|    64|          0|
    |shl_ln414_reg_1694                              |   512|   0|   512|          0|
    |sub_ln692_1_reg_1796                            |    23|   0|    23|          0|
    |sub_ln692_reg_1806                              |    23|   0|    23|          0|
    |tasiPkgPushState                                |     3|   0|     3|          0|
    |tasiPkgPushState_load_reg_1615                  |     3|   0|     3|          0|
    |tasiPkgPushState_load_reg_1615_pp0_iter1_reg    |     3|   0|     3|          0|
    |tasi_dataFifo_read_1_reg_1750                   |  1024|   0|  1024|          0|
    |tmp_1_i_reg_1746                                |     1|   0|     1|          0|
    |tmp_2_i_reg_1682                                |     1|   0|     1|          0|
    |tmp_i_244_reg_1758                              |     1|   0|     1|          0|
    |tmp_i_244_reg_1758_pp0_iter1_reg                |     1|   0|     1|          0|
    |tmp_reg_1811                                    |   447|   0|   447|          0|
    +------------------------------------------------+------+----+------+-----------+
    |Total                                           |  5842|   0|  5842|          0|
    +------------------------------------------------+------+----+------+-----------+



================================================================
== Interface
================================================================
* Summary: 
+-----------------------------------+-----+------+------------+----------------------------+--------------+
|             RTL Ports             | Dir | Bits |  Protocol  |        Source Object       |    C Type    |
+-----------------------------------+-----+------+------------+----------------------------+--------------+
|ap_clk                             |   in|     1|  ap_ctrl_hs|        tasi_pkg_pusher<512>|  return value|
|ap_rst                             |   in|     1|  ap_ctrl_hs|        tasi_pkg_pusher<512>|  return value|
|ap_start                           |   in|     1|  ap_ctrl_hs|        tasi_pkg_pusher<512>|  return value|
|ap_done                            |  out|     1|  ap_ctrl_hs|        tasi_pkg_pusher<512>|  return value|
|ap_continue                        |   in|     1|  ap_ctrl_hs|        tasi_pkg_pusher<512>|  return value|
|ap_idle                            |  out|     1|  ap_ctrl_hs|        tasi_pkg_pusher<512>|  return value|
|ap_ready                           |  out|     1|  ap_ctrl_hs|        tasi_pkg_pusher<512>|  return value|
|tasi_dataFifo_dout                 |   in|  1024|     ap_fifo|               tasi_dataFifo|       pointer|
|tasi_dataFifo_empty_n              |   in|     1|     ap_fifo|               tasi_dataFifo|       pointer|
|tasi_dataFifo_read                 |  out|     1|     ap_fifo|               tasi_dataFifo|       pointer|
|tasi_meta2pkgPushCmd_dout          |   in|   128|     ap_fifo|        tasi_meta2pkgPushCmd|       pointer|
|tasi_meta2pkgPushCmd_empty_n       |   in|     1|     ap_fifo|        tasi_meta2pkgPushCmd|       pointer|
|tasi_meta2pkgPushCmd_read          |  out|     1|     ap_fifo|        tasi_meta2pkgPushCmd|       pointer|
|txBufferWriteData_internal_din     |  out|  1024|     ap_fifo|  txBufferWriteData_internal|       pointer|
|txBufferWriteData_internal_full_n  |   in|     1|     ap_fifo|  txBufferWriteData_internal|       pointer|
|txBufferWriteData_internal_write   |  out|     1|     ap_fifo|  txBufferWriteData_internal|       pointer|
|m_axis_txwrite_cmd_V_TREADY        |   in|     1|        axis|        m_axis_txwrite_cmd_V|       pointer|
|m_axis_txwrite_cmd_V_TDATA         |  out|   128|        axis|        m_axis_txwrite_cmd_V|       pointer|
|m_axis_txwrite_cmd_V_TVALID        |  out|     1|        axis|        m_axis_txwrite_cmd_V|       pointer|
+-----------------------------------+-----+------+------------+----------------------------+--------------+

