

================================================================
== Vitis HLS Report for 'toe_top_entry3'
================================================================
* Date:           Tue Jul 19 06:13:50 2022

* Version:        2020.2 (Build 3064766 on Wed Nov 18 09:12:47 MST 2020)
* Project:        toe_prj
* Solution:       solution1 (Vivado IP Flow Target)
* Product family: virtexuplus
* Target device:  xcvu3p-ffvc1517-2-i


================================================================
== Performance Estimates
================================================================
+ Timing: 
    * Summary: 
    +--------+---------+----------+------------+
    |  Clock |  Target | Estimated| Uncertainty|
    +--------+---------+----------+------------+
    |ap_clk  |  3.20 ns|  1.168 ns|     0.86 ns|
    +--------+---------+----------+------------+

+ Latency: 
    * Summary: 
    +---------+---------+----------+----------+-----+-----+---------+
    |  Latency (cycles) |  Latency (absolute) |  Interval | Pipeline|
    |   min   |   max   |    min   |    max   | min | max |   Type  |
    +---------+---------+----------+----------+-----+-----+---------+
    |        0|        0|      0 ns|      0 ns|    0|    0|     none|
    +---------+---------+----------+----------+-----+-----+---------+

    + Detail: 
        * Instance: 
        N/A

        * Loop: 
        N/A



================================================================
== Utilization Estimates
================================================================
* Summary: 
+-----------------+---------+------+--------+--------+-----+
|       Name      | BRAM_18K|  DSP |   FF   |   LUT  | URAM|
+-----------------+---------+------+--------+--------+-----+
|DSP              |        -|     -|       -|       -|    -|
|Expression       |        -|     -|       0|       2|    -|
|FIFO             |        -|     -|       -|       -|    -|
|Instance         |        -|     -|       -|       -|    -|
|Memory           |        -|     -|       -|       -|    -|
|Multiplexer      |        -|     -|       -|      36|    -|
|Register         |        -|     -|       2|       -|    -|
+-----------------+---------+------+--------+--------+-----+
|Total            |        0|     0|       2|      38|    0|
+-----------------+---------+------+--------+--------+-----+
|Available        |     1440|  2280|  788160|  394080|  320|
+-----------------+---------+------+--------+--------+-----+
|Utilization (%)  |        0|     0|      ~0|      ~0|    0|
+-----------------+---------+------+--------+--------+-----+

+ Detail: 
    * Instance: 
    N/A

    * DSP: 
    N/A

    * Memory: 
    N/A

    * FIFO: 
    N/A

    * Expression: 
    +-----------------+----------+----+---+----+------------+------------+
    |  Variable Name  | Operation| DSP| FF| LUT| Bitwidth P0| Bitwidth P1|
    +-----------------+----------+----+---+----+------------+------------+
    |ap_block_state1  |        or|   0|  0|   2|           1|           1|
    +-----------------+----------+----+---+----+------------+------------+
    |Total            |          |   0|  0|   2|           1|           1|
    +-----------------+----------+----+---+----+------------+------------+

    * Multiplexer: 
    +-------------------------------+----+-----------+-----+-----------+
    |              Name             | LUT| Input Size| Bits| Total Bits|
    +-------------------------------+----+-----------+-----+-----------+
    |ap_done                        |   9|          2|    1|          2|
    |axis_data_count_out_blk_n      |   9|          2|    1|          2|
    |axis_max_data_count_out_blk_n  |   9|          2|    1|          2|
    |myIpAddress_out_blk_n          |   9|          2|    1|          2|
    +-------------------------------+----+-----------+-----+-----------+
    |Total                          |  36|          8|    4|          8|
    +-------------------------------+----+-----------+-----+-----------+

    * Register: 
    +-------------+---+----+-----+-----------+
    |     Name    | FF| LUT| Bits| Const Bits|
    +-------------+---+----+-----+-----------+
    |ap_CS_fsm    |  1|   0|    1|          0|
    |ap_done_reg  |  1|   0|    1|          0|
    +-------------+---+----+-----+-----------+
    |Total        |  2|   0|    2|          0|
    +-------------+---+----+-----+-----------+



================================================================
== Interface
================================================================
* Summary: 
+--------------------------------+-----+-----+------------+-------------------------+--------------+
|            RTL Ports           | Dir | Bits|  Protocol  |      Source Object      |    C Type    |
+--------------------------------+-----+-----+------------+-------------------------+--------------+
|ap_clk                          |   in|    1|  ap_ctrl_hs|           toe_top.entry3|  return value|
|ap_rst                          |   in|    1|  ap_ctrl_hs|           toe_top.entry3|  return value|
|ap_start                        |   in|    1|  ap_ctrl_hs|           toe_top.entry3|  return value|
|ap_done                         |  out|    1|  ap_ctrl_hs|           toe_top.entry3|  return value|
|ap_continue                     |   in|    1|  ap_ctrl_hs|           toe_top.entry3|  return value|
|ap_idle                         |  out|    1|  ap_ctrl_hs|           toe_top.entry3|  return value|
|ap_ready                        |  out|    1|  ap_ctrl_hs|           toe_top.entry3|  return value|
|axis_data_count                 |   in|   16|     ap_none|          axis_data_count|        scalar|
|axis_max_data_count             |   in|   16|     ap_none|      axis_max_data_count|        scalar|
|myIpAddress                     |   in|   32|     ap_none|              myIpAddress|        scalar|
|axis_data_count_out_din         |  out|   16|     ap_fifo|      axis_data_count_out|       pointer|
|axis_data_count_out_full_n      |   in|    1|     ap_fifo|      axis_data_count_out|       pointer|
|axis_data_count_out_write       |  out|    1|     ap_fifo|      axis_data_count_out|       pointer|
|axis_max_data_count_out_din     |  out|   16|     ap_fifo|  axis_max_data_count_out|       pointer|
|axis_max_data_count_out_full_n  |   in|    1|     ap_fifo|  axis_max_data_count_out|       pointer|
|axis_max_data_count_out_write   |  out|    1|     ap_fifo|  axis_max_data_count_out|       pointer|
|myIpAddress_out_din             |  out|   32|     ap_fifo|          myIpAddress_out|       pointer|
|myIpAddress_out_full_n          |   in|    1|     ap_fifo|          myIpAddress_out|       pointer|
|myIpAddress_out_write           |  out|    1|     ap_fifo|          myIpAddress_out|       pointer|
+--------------------------------+-----+-----+------------+-------------------------+--------------+

