

================================================================
== Vitis HLS Report for 'tupleSplitter'
================================================================
* Date:           Tue Jul 19 06:14:34 2022

* Version:        2020.2 (Build 3064766 on Wed Nov 18 09:12:47 MST 2020)
* Project:        toe_prj
* Solution:       solution1 (Vivado IP Flow Target)
* Product family: virtexuplus
* Target device:  xcvu3p-ffvc1517-2-i


================================================================
== Performance Estimates
================================================================
+ Timing: 
    * Summary: 
    +--------+---------+----------+------------+
    |  Clock |  Target | Estimated| Uncertainty|
    +--------+---------+----------+------------+
    |ap_clk  |  3.20 ns|  1.412 ns|     0.86 ns|
    +--------+---------+----------+------------+

+ Latency: 
    * Summary: 
    +---------+---------+----------+----------+-----+-----+---------+
    |  Latency (cycles) |  Latency (absolute) |  Interval | Pipeline|
    |   min   |   max   |    min   |    max   | min | max |   Type  |
    +---------+---------+----------+----------+-----+-----+---------+
    |        1|        1|  3.200 ns|  3.200 ns|    1|    1|      yes|
    +---------+---------+----------+----------+-----+-----+---------+

    + Detail: 
        * Instance: 
        N/A

        * Loop: 
        N/A



================================================================
== Utilization Estimates
================================================================
* Summary: 
+-----------------+---------+------+--------+--------+-----+
|       Name      | BRAM_18K|  DSP |   FF   |   LUT  | URAM|
+-----------------+---------+------+--------+--------+-----+
|DSP              |        -|     -|       -|       -|    -|
|Expression       |        -|     -|       0|      32|    -|
|FIFO             |        -|     -|       -|       -|    -|
|Instance         |        -|     -|       -|       -|    -|
|Memory           |        -|     -|       -|       -|    -|
|Multiplexer      |        -|     -|       -|      82|    -|
|Register         |        -|     -|     328|       -|    -|
+-----------------+---------+------+--------+--------+-----+
|Total            |        0|     0|     328|     114|    0|
+-----------------+---------+------+--------+--------+-----+
|Available        |     1440|  2280|  788160|  394080|  320|
+-----------------+---------+------+--------+--------+-----+
|Utilization (%)  |        0|     0|      ~0|      ~0|    0|
+-----------------+---------+------+--------+--------+-----+

+ Detail: 
    * Instance: 
    N/A

    * DSP: 
    N/A

    * Memory: 
    N/A

    * FIFO: 
    N/A

    * Expression: 
    +----------------------------------+----------+----+---+----+------------+------------+
    |           Variable Name          | Operation| DSP| FF| LUT| Bitwidth P0| Bitwidth P1|
    +----------------------------------+----------+----+---+----+------------+------------+
    |and_ln725_fu_112_p2               |       and|   0|  0|   2|           1|           1|
    |ap_condition_188                  |       and|   0|  0|   2|           1|           1|
    |ap_predicate_op34_read_state1     |       and|   0|  0|   2|           1|           1|
    |ap_predicate_op37_read_state1     |       and|   0|  0|   2|           1|           1|
    |ap_predicate_op42_read_state1     |       and|   0|  0|   2|           1|           1|
    |ap_predicate_op46_write_state2    |       and|   0|  0|   2|           1|           1|
    |ap_predicate_op49_write_state2    |       and|   0|  0|   2|           1|           1|
    |tmp_7_i_nbreadreq_fu_50_p3        |       and|   0|  0|   2|           1|           0|
    |tmp_i_111_nbreadreq_fu_42_p3      |       and|   0|  0|   2|           1|           0|
    |tmp_i_nbreadreq_fu_70_p3          |       and|   0|  0|   2|           1|           0|
    |ap_block_pp0_stage0_01001         |        or|   0|  0|   2|           1|           1|
    |ap_block_state1_pp0_stage0_iter0  |        or|   0|  0|   2|           1|           1|
    |ap_block_state2_pp0_stage0_iter1  |        or|   0|  0|   2|           1|           1|
    |or_ln732_fu_124_p2                |        or|   0|  0|   2|           1|           1|
    |ap_enable_pp0                     |       xor|   0|  0|   2|           1|           2|
    |xor_ln732_fu_118_p2               |       xor|   0|  0|   2|           1|           2|
    +----------------------------------+----------+----+---+----+------------+------------+
    |Total                             |          |   0|  0|  32|          16|          15|
    +----------------------------------+----------+----+---+----+------------+------------+

    * Multiplexer: 
    +-------------------------------+----+-----------+-----+-----------+
    |              Name             | LUT| Input Size| Bits| Total Bits|
    +-------------------------------+----+-----------+-----+-----------+
    |ap_done                        |   9|          2|    1|          2|
    |sLookup2txEng_rev_rsp_blk_n    |   9|          2|    1|          2|
    |txEng_ipTupleFifo_blk_n        |   9|          2|    1|          2|
    |txEng_ipTupleFifo_din          |  14|          3|   64|        192|
    |txEng_isLookUpFifo_blk_n       |   9|          2|    1|          2|
    |txEng_tcpTupleFifo_blk_n       |   9|          2|    1|          2|
    |txEng_tcpTupleFifo_din         |  14|          3|   96|        288|
    |txEng_tupleShortCutFifo_blk_n  |   9|          2|    1|          2|
    +-------------------------------+----+-----------+-----+-----------+
    |Total                          |  82|         18|  166|        492|
    +-------------------------------+----+-----------+-----+-----------+

    * Register: 
    +--------------------------------------+----+----+-----+-----------+
    |                 Name                 | FF | LUT| Bits| Const Bits|
    +--------------------------------------+----+----+-----+-----------+
    |and_ln725_reg_154                     |   1|   0|    1|          0|
    |ap_CS_fsm                             |   1|   0|    1|          0|
    |ap_done_reg                           |   1|   0|    1|          0|
    |ap_enable_reg_pp0_iter1               |   1|   0|    1|          0|
    |or_ln732_reg_158                      |   1|   0|    1|          0|
    |sLookup2txEng_rev_rsp_read_reg_172    |  96|   0|   96|          0|
    |trunc_ln174_1_reg_167                 |  64|   0|   64|          0|
    |trunc_ln174_reg_177                   |  64|   0|   64|          0|
    |ts_getMeta                            |   1|   0|    1|          0|
    |ts_getMeta_load_reg_150               |   1|   0|    1|          0|
    |ts_isLookUp                           |   1|   0|    1|          0|
    |txEng_tupleShortCutFifo_read_reg_162  |  96|   0|   96|          0|
    +--------------------------------------+----+----+-----+-----------+
    |Total                                 | 328|   0|  328|          0|
    +--------------------------------------+----+----+-----+-----------+



================================================================
== Interface
================================================================
* Summary: 
+---------------------------------+-----+-----+------------+-------------------------+--------------+
|            RTL Ports            | Dir | Bits|  Protocol  |      Source Object      |    C Type    |
+---------------------------------+-----+-----+------------+-------------------------+--------------+
|ap_clk                           |   in|    1|  ap_ctrl_hs|            tupleSplitter|  return value|
|ap_rst                           |   in|    1|  ap_ctrl_hs|            tupleSplitter|  return value|
|ap_start                         |   in|    1|  ap_ctrl_hs|            tupleSplitter|  return value|
|ap_done                          |  out|    1|  ap_ctrl_hs|            tupleSplitter|  return value|
|ap_continue                      |   in|    1|  ap_ctrl_hs|            tupleSplitter|  return value|
|ap_idle                          |  out|    1|  ap_ctrl_hs|            tupleSplitter|  return value|
|ap_ready                         |  out|    1|  ap_ctrl_hs|            tupleSplitter|  return value|
|txEng_tupleShortCutFifo_dout     |   in|   96|     ap_fifo|  txEng_tupleShortCutFifo|       pointer|
|txEng_tupleShortCutFifo_empty_n  |   in|    1|     ap_fifo|  txEng_tupleShortCutFifo|       pointer|
|txEng_tupleShortCutFifo_read     |  out|    1|     ap_fifo|  txEng_tupleShortCutFifo|       pointer|
|sLookup2txEng_rev_rsp_dout       |   in|   96|     ap_fifo|    sLookup2txEng_rev_rsp|       pointer|
|sLookup2txEng_rev_rsp_empty_n    |   in|    1|     ap_fifo|    sLookup2txEng_rev_rsp|       pointer|
|sLookup2txEng_rev_rsp_read       |  out|    1|     ap_fifo|    sLookup2txEng_rev_rsp|       pointer|
|txEng_isLookUpFifo_dout          |   in|    1|     ap_fifo|       txEng_isLookUpFifo|       pointer|
|txEng_isLookUpFifo_empty_n       |   in|    1|     ap_fifo|       txEng_isLookUpFifo|       pointer|
|txEng_isLookUpFifo_read          |  out|    1|     ap_fifo|       txEng_isLookUpFifo|       pointer|
|txEng_ipTupleFifo_din            |  out|   64|     ap_fifo|        txEng_ipTupleFifo|       pointer|
|txEng_ipTupleFifo_full_n         |   in|    1|     ap_fifo|        txEng_ipTupleFifo|       pointer|
|txEng_ipTupleFifo_write          |  out|    1|     ap_fifo|        txEng_ipTupleFifo|       pointer|
|txEng_tcpTupleFifo_din           |  out|   96|     ap_fifo|       txEng_tcpTupleFifo|       pointer|
|txEng_tcpTupleFifo_full_n        |   in|    1|     ap_fifo|       txEng_tcpTupleFifo|       pointer|
|txEng_tcpTupleFifo_write         |  out|    1|     ap_fifo|       txEng_tcpTupleFifo|       pointer|
+---------------------------------+-----+-----+------------+-------------------------+--------------+

