

================================================================
== Vitis HLS Report for 'tx_app_if'
================================================================
* Date:           Tue Jul 19 06:14:56 2022

* Version:        2020.2 (Build 3064766 on Wed Nov 18 09:12:47 MST 2020)
* Project:        toe_prj
* Solution:       solution1 (Vivado IP Flow Target)
* Product family: virtexuplus
* Target device:  xcvu3p-ffvc1517-2-i


================================================================
== Performance Estimates
================================================================
+ Timing: 
    * Summary: 
    +--------+---------+----------+------------+
    |  Clock |  Target | Estimated| Uncertainty|
    +--------+---------+----------+------------+
    |ap_clk  |  3.20 ns|  2.336 ns|     0.86 ns|
    +--------+---------+----------+------------+

+ Latency: 
    * Summary: 
    +---------+---------+----------+----------+-----+-----+---------+
    |  Latency (cycles) |  Latency (absolute) |  Interval | Pipeline|
    |   min   |   max   |    min   |    max   | min | max |   Type  |
    +---------+---------+----------+----------+-----+-----+---------+
    |        2|        2|  6.400 ns|  6.400 ns|    1|    1|      yes|
    +---------+---------+----------+----------+-----+-----+---------+

    + Detail: 
        * Instance: 
        N/A

        * Loop: 
        N/A



================================================================
== Utilization Estimates
================================================================
* Summary: 
+-----------------+---------+------+--------+--------+-----+
|       Name      | BRAM_18K|  DSP |   FF   |   LUT  | URAM|
+-----------------+---------+------+--------+--------+-----+
|DSP              |        -|     -|       -|       -|    -|
|Expression       |        -|     -|       0|     230|    -|
|FIFO             |        -|     -|       -|       -|    -|
|Instance         |        -|     -|       -|       -|    -|
|Memory           |        -|     -|       -|       -|    -|
|Multiplexer      |        -|     -|       -|     177|    -|
|Register         |        -|     -|     422|       -|    -|
+-----------------+---------+------+--------+--------+-----+
|Total            |        0|     0|     422|     407|    0|
+-----------------+---------+------+--------+--------+-----+
|Available        |     1440|  2280|  788160|  394080|  320|
+-----------------+---------+------+--------+--------+-----+
|Utilization (%)  |        0|     0|      ~0|      ~0|    0|
+-----------------+---------+------+--------+--------+-----+

+ Detail: 
    * Instance: 
    N/A

    * DSP: 
    N/A

    * Memory: 
    N/A

    * FIFO: 
    N/A

    * Expression: 
    +----------------------------------+----------+----+---+----+------------+------------+
    |           Variable Name          | Operation| DSP| FF| LUT| Bitwidth P0| Bitwidth P1|
    +----------------------------------+----------+----+---+----+------------+------------+
    |add_ln135_fu_383_p2               |         +|   0|  0|  39|          32|           3|
    |ap_condition_285                  |       and|   0|  0|   2|           1|           1|
    |ap_condition_456                  |       and|   0|  0|   2|           1|           1|
    |ap_condition_72                   |       and|   0|  0|   2|           1|           1|
    |ap_predicate_op112_write_state2   |       and|   0|  0|   2|           1|           1|
    |ap_predicate_op115_write_state2   |       and|   0|  0|   2|           1|           1|
    |ap_predicate_op116_write_state2   |       and|   0|  0|   2|           1|           1|
    |ap_predicate_op117_write_state2   |       and|   0|  0|   2|           1|           1|
    |ap_predicate_op122_write_state3   |       and|   0|  0|   2|           1|           1|
    |ap_predicate_op123_write_state3   |       and|   0|  0|   2|           1|           1|
    |ap_predicate_op124_write_state3   |       and|   0|  0|   2|           1|           1|
    |ap_predicate_op125_write_state3   |       and|   0|  0|   2|           1|           1|
    |ap_predicate_op129_write_state3   |       and|   0|  0|   2|           1|           1|
    |ap_predicate_op136_write_state3   |       and|   0|  0|   2|           1|           1|
    |ap_predicate_op140_write_state3   |       and|   0|  0|   2|           1|           1|
    |ap_predicate_op31_read_state1     |       and|   0|  0|   2|           1|           1|
    |ap_predicate_op33_read_state1     |       and|   0|  0|   2|           1|           1|
    |ap_predicate_op35_read_state1     |       and|   0|  0|   2|           1|           1|
    |ap_predicate_op43_read_state1     |       and|   0|  0|   2|           1|           1|
    |ap_predicate_op8_read_state1      |       and|   0|  0|   2|           1|           1|
    |tmp_1_i_i_nbreadreq_fu_218_p3     |       and|   0|  0|   3|           1|           0|
    |tmp_2_i_i_nbreadreq_fu_162_p3     |       and|   0|  0|   3|           1|           0|
    |tmp_3_i_i_nbreadreq_fu_170_p3     |       and|   0|  0|   3|           1|           0|
    |tmp_4_i_i_nbreadreq_fu_178_p3     |       and|   0|  0|   3|           1|           0|
    |tmp_5_i_i_nbreadreq_fu_186_p3     |       and|   0|  0|   3|           1|           0|
    |tmp_i_i_107_nbreadreq_fu_142_p3   |       and|   0|  0|   3|           1|           0|
    |tmp_i_i_nbreadreq_fu_134_p3       |       and|   0|  0|   3|           1|           0|
    |icmp_ln135_fu_388_p2              |      icmp|   0|  0|  20|          32|           2|
    |ap_block_pp0_stage0_01001         |        or|   0|  0|   2|           1|           1|
    |ap_block_pp0_stage0_11001         |        or|   0|  0|   2|           1|           1|
    |ap_block_state1_pp0_stage0_iter0  |        or|   0|  0|   2|           1|           1|
    |ap_block_state2_io                |        or|   0|  0|   2|           1|           1|
    |ap_block_state2_pp0_stage0_iter1  |        or|   0|  0|   2|           1|           1|
    |ap_block_state3_io                |        or|   0|  0|   2|           1|           1|
    |ap_block_state3_pp0_stage0_iter2  |        or|   0|  0|   2|           1|           1|
    |or_ln174_1_fu_405_p2              |        or|   0|  0|  48|          48|           2|
    |or_ln174_fu_469_p2                |        or|   0|  0|  48|          48|           3|
    |ap_enable_pp0                     |       xor|   0|  0|   2|           1|           2|
    +----------------------------------+----------+----+---+----+------------+------------+
    |Total                             |          |   0|  0| 230|         194|          38|
    +----------------------------------+----------+----+---+----+------------+------------+

    * Multiplexer: 
    +-------------------------------------------+----+-----------+-----+-----------+
    |                    Name                   | LUT| Input Size| Bits| Total Bits|
    +-------------------------------------------+----+-----------+-----+-----------+
    |ap_done                                    |   9|          2|    1|          2|
    |conEstablishedFifo_blk_n                   |   9|          2|    1|          2|
    |m_axis_open_conn_rsp_V_TDATA_blk_n         |   9|          2|    1|          2|
    |m_axis_open_conn_rsp_V_TDATA_int_regslice  |  20|          4|   96|        384|
    |myIpAddress_blk_n                          |   9|          2|    1|          2|
    |portTable2txApp_port_rsp_blk_n             |   9|          2|    1|          2|
    |sLookup2txApp_rsp_blk_n                    |   9|          2|    1|          2|
    |s_axis_close_conn_req_V_TDATA_blk_n        |   9|          2|    1|          2|
    |s_axis_open_conn_req_V_TDATA_blk_n         |   9|          2|    1|          2|
    |stateTable2txApp_upd_rsp_blk_n             |   9|          2|    1|          2|
    |timer2txApp_notification_blk_n             |   9|          2|    1|          2|
    |txApp2eventEng_mergeEvent_blk_n            |   9|          2|    1|          2|
    |txApp2eventEng_mergeEvent_din              |  14|          3|  128|        384|
    |txApp2sLookup_req_blk_n                    |   9|          2|    1|          2|
    |txApp2stateTable_upd_req_blk_n             |   9|          2|    1|          2|
    |txApp2stateTable_upd_req_din               |  26|          5|   96|        480|
    +-------------------------------------------+----+-----------+-----+-----------+
    |Total                                      | 177|         38|  333|       1274|
    +-------------------------------------------+----+-----------+-----+-----------+

    * Register: 
    +----------------------------------------------------+----+----+-----+-----------+
    |                        Name                        | FF | LUT| Bits| Const Bits|
    +----------------------------------------------------+----+----+-----+-----------+
    |ap_CS_fsm                                           |   1|   0|    1|          0|
    |ap_done_reg                                         |   1|   0|    1|          0|
    |ap_enable_reg_pp0_iter1                             |   1|   0|    1|          0|
    |ap_enable_reg_pp0_iter2                             |   1|   0|    1|          0|
    |icmp_ln135_reg_584                                  |   1|   0|    1|          0|
    |openSessionStatus_reg_559                           |  96|   0|   96|          0|
    |p_Result_1_i_i_reg_498                              |   8|   0|    8|          0|
    |p_Result_3_i_i_reg_508                              |   8|   0|    8|          0|
    |p_Result_5_i_i_reg_518                              |   8|   0|    8|          0|
    |p_Result_6_i_i_reg_523                              |   8|   0|    8|          0|
    |p_Result_i_i_108_reg_493                            |   8|   0|    8|          0|
    |p_Result_i_i_reg_488                                |   8|   0|    8|          0|
    |s_axis_close_conn_req_V_read_reg_548                |  16|   0|   16|          0|
    |s_axis_close_conn_req_V_read_reg_548_pp0_iter1_reg  |  16|   0|   16|          0|
    |session_hit_reg_570                                 |   1|   0|    1|          0|
    |session_hit_reg_570_pp0_iter1_reg                   |   1|   0|    1|          0|
    |state_5_reg_578                                     |  32|   0|   32|          0|
    |state_5_reg_578_pp0_iter1_reg                       |  32|   0|   32|          0|
    |tai_closeSessionID_V                                |  16|   0|   16|          0|
    |tai_fsmState                                        |   1|   0|    1|          0|
    |tai_fsmState_load_reg_528                           |   1|   0|    1|          0|
    |tai_fsmState_load_reg_528_pp0_iter1_reg             |   1|   0|    1|          0|
    |tmp_1_i_i_reg_574                                   |   1|   0|    1|          0|
    |tmp_1_i_i_reg_574_pp0_iter1_reg                     |   1|   0|    1|          0|
    |tmp_2_i_i_reg_532                                   |   1|   0|    1|          0|
    |tmp_2_i_i_reg_532_pp0_iter1_reg                     |   1|   0|    1|          0|
    |tmp_3_i_i_reg_536                                   |   1|   0|    1|          0|
    |tmp_3_i_i_reg_536_pp0_iter1_reg                     |   1|   0|    1|          0|
    |tmp_4_i_i_reg_540                                   |   1|   0|    1|          0|
    |tmp_4_i_i_reg_540_pp0_iter1_reg                     |   1|   0|    1|          0|
    |tmp_5_i_i_reg_544                                   |   1|   0|    1|          0|
    |tmp_5_i_i_reg_544_pp0_iter1_reg                     |   1|   0|    1|          0|
    |tmp_i_i_107_reg_484                                 |   1|   0|    1|          0|
    |tmp_i_i_reg_480                                     |   1|   0|    1|          0|
    |tmp_reg_554                                         |  96|   0|   96|          0|
    |trunc_ln145_reg_564                                 |  16|   0|   16|          0|
    |trunc_ln145_reg_564_pp0_iter1_reg                   |  16|   0|   16|          0|
    |trunc_ln674_1_reg_513                               |   8|   0|    8|          0|
    |trunc_ln674_reg_503                                 |   8|   0|    8|          0|
    +----------------------------------------------------+----+----+-----+-----------+
    |Total                                               | 422|   0|  422|          0|
    +----------------------------------------------------+----+----+-----+-----------+



================================================================
== Interface
================================================================
* Summary: 
+----------------------------------+-----+-----+------------+---------------------------+--------------+
|             RTL Ports            | Dir | Bits|  Protocol  |       Source Object       |    C Type    |
+----------------------------------+-----+-----+------------+---------------------------+--------------+
|ap_clk                            |   in|    1|  ap_ctrl_hs|                  tx_app_if|  return value|
|ap_rst                            |   in|    1|  ap_ctrl_hs|                  tx_app_if|  return value|
|ap_start                          |   in|    1|  ap_ctrl_hs|                  tx_app_if|  return value|
|ap_done                           |  out|    1|  ap_ctrl_hs|                  tx_app_if|  return value|
|ap_continue                       |   in|    1|  ap_ctrl_hs|                  tx_app_if|  return value|
|ap_idle                           |  out|    1|  ap_ctrl_hs|                  tx_app_if|  return value|
|ap_ready                          |  out|    1|  ap_ctrl_hs|                  tx_app_if|  return value|
|s_axis_open_conn_req_V_TVALID     |   in|    1|        axis|     s_axis_open_conn_req_V|       pointer|
|s_axis_open_conn_req_V_TDATA      |   in|   64|        axis|     s_axis_open_conn_req_V|       pointer|
|s_axis_open_conn_req_V_TREADY     |  out|    1|        axis|     s_axis_open_conn_req_V|       pointer|
|portTable2txApp_port_rsp_dout     |   in|   16|     ap_fifo|   portTable2txApp_port_rsp|       pointer|
|portTable2txApp_port_rsp_empty_n  |   in|    1|     ap_fifo|   portTable2txApp_port_rsp|       pointer|
|portTable2txApp_port_rsp_read     |  out|    1|     ap_fifo|   portTable2txApp_port_rsp|       pointer|
|s_axis_close_conn_req_V_TVALID    |   in|    1|        axis|    s_axis_close_conn_req_V|       pointer|
|s_axis_close_conn_req_V_TDATA     |   in|   16|        axis|    s_axis_close_conn_req_V|       pointer|
|s_axis_close_conn_req_V_TREADY    |  out|    1|        axis|    s_axis_close_conn_req_V|       pointer|
|timer2txApp_notification_dout     |   in|   96|     ap_fifo|   timer2txApp_notification|       pointer|
|timer2txApp_notification_empty_n  |   in|    1|     ap_fifo|   timer2txApp_notification|       pointer|
|timer2txApp_notification_read     |  out|    1|     ap_fifo|   timer2txApp_notification|       pointer|
|conEstablishedFifo_dout           |   in|   96|     ap_fifo|         conEstablishedFifo|       pointer|
|conEstablishedFifo_empty_n        |   in|    1|     ap_fifo|         conEstablishedFifo|       pointer|
|conEstablishedFifo_read           |  out|    1|     ap_fifo|         conEstablishedFifo|       pointer|
|sLookup2txApp_rsp_dout            |   in|   32|     ap_fifo|          sLookup2txApp_rsp|       pointer|
|sLookup2txApp_rsp_empty_n         |   in|    1|     ap_fifo|          sLookup2txApp_rsp|       pointer|
|sLookup2txApp_rsp_read            |  out|    1|     ap_fifo|          sLookup2txApp_rsp|       pointer|
|stateTable2txApp_upd_rsp_dout     |   in|   32|     ap_fifo|   stateTable2txApp_upd_rsp|       pointer|
|stateTable2txApp_upd_rsp_empty_n  |   in|    1|     ap_fifo|   stateTable2txApp_upd_rsp|       pointer|
|stateTable2txApp_upd_rsp_read     |  out|    1|     ap_fifo|   stateTable2txApp_upd_rsp|       pointer|
|myIpAddress_dout                  |   in|   32|     ap_fifo|                myIpAddress|       pointer|
|myIpAddress_empty_n               |   in|    1|     ap_fifo|                myIpAddress|       pointer|
|myIpAddress_read                  |  out|    1|     ap_fifo|                myIpAddress|       pointer|
|txApp2sLookup_req_din             |  out|   96|     ap_fifo|          txApp2sLookup_req|       pointer|
|txApp2sLookup_req_full_n          |   in|    1|     ap_fifo|          txApp2sLookup_req|       pointer|
|txApp2sLookup_req_write           |  out|    1|     ap_fifo|          txApp2sLookup_req|       pointer|
|m_axis_open_conn_rsp_V_TREADY     |   in|    1|        axis|     m_axis_open_conn_rsp_V|       pointer|
|m_axis_open_conn_rsp_V_TDATA      |  out|   96|        axis|     m_axis_open_conn_rsp_V|       pointer|
|m_axis_open_conn_rsp_V_TVALID     |  out|    1|        axis|     m_axis_open_conn_rsp_V|       pointer|
|txApp2stateTable_upd_req_din      |  out|   96|     ap_fifo|   txApp2stateTable_upd_req|       pointer|
|txApp2stateTable_upd_req_full_n   |   in|    1|     ap_fifo|   txApp2stateTable_upd_req|       pointer|
|txApp2stateTable_upd_req_write    |  out|    1|     ap_fifo|   txApp2stateTable_upd_req|       pointer|
|txApp2eventEng_mergeEvent_din     |  out|  128|     ap_fifo|  txApp2eventEng_mergeEvent|       pointer|
|txApp2eventEng_mergeEvent_full_n  |   in|    1|     ap_fifo|  txApp2eventEng_mergeEvent|       pointer|
|txApp2eventEng_mergeEvent_write   |  out|    1|     ap_fifo|  txApp2eventEng_mergeEvent|       pointer|
+----------------------------------+-----+-----+------------+---------------------------+--------------+

