

================================================================
== Vitis HLS Report for 'txEngMemAccessBreakdown'
================================================================
* Date:           Tue Jul 19 06:14:33 2022

* Version:        2020.2 (Build 3064766 on Wed Nov 18 09:12:47 MST 2020)
* Project:        toe_prj
* Solution:       solution1 (Vivado IP Flow Target)
* Product family: virtexuplus
* Target device:  xcvu3p-ffvc1517-2-i


================================================================
== Performance Estimates
================================================================
+ Timing: 
    * Summary: 
    +--------+---------+----------+------------+
    |  Clock |  Target | Estimated| Uncertainty|
    +--------+---------+----------+------------+
    |ap_clk  |  3.20 ns|  3.271 ns|     0.86 ns|
    +--------+---------+----------+------------+

+ Latency: 
    * Summary: 
    +---------+---------+----------+----------+-----+-----+---------+
    |  Latency (cycles) |  Latency (absolute) |  Interval | Pipeline|
    |   min   |   max   |    min   |    max   | min | max |   Type  |
    +---------+---------+----------+----------+-----+-----+---------+
    |        2|        2|  6.542 ns|  6.542 ns|    1|    1|      yes|
    +---------+---------+----------+----------+-----+-----+---------+

    + Detail: 
        * Instance: 
        N/A

        * Loop: 
        N/A



================================================================
== Utilization Estimates
================================================================
* Summary: 
+-----------------+---------+------+--------+--------+-----+
|       Name      | BRAM_18K|  DSP |   FF   |   LUT  | URAM|
+-----------------+---------+------+--------+--------+-----+
|DSP              |        -|     -|       -|       -|    -|
|Expression       |        -|     -|       0|     278|    -|
|FIFO             |        -|     -|       -|       -|    -|
|Instance         |        -|     -|       -|       -|    -|
|Memory           |        -|     -|       -|       -|    -|
|Multiplexer      |        -|     -|       -|      70|    -|
|Register         |        -|     -|     219|       -|    -|
+-----------------+---------+------+--------+--------+-----+
|Total            |        0|     0|     219|     348|    0|
+-----------------+---------+------+--------+--------+-----+
|Available        |     1440|  2280|  788160|  394080|  320|
+-----------------+---------+------+--------+--------+-----+
|Utilization (%)  |        0|     0|      ~0|      ~0|    0|
+-----------------+---------+------+--------+--------+-----+

+ Detail: 
    * Instance: 
    N/A

    * DSP: 
    N/A

    * Memory: 
    N/A

    * FIFO: 
    N/A

    * Expression: 
    +----------------------------------+----------+----+---+----+------------+------------+
    |           Variable Name          | Operation| DSP| FF| LUT| Bitwidth P0| Bitwidth P1|
    +----------------------------------+----------+----+---+----+------------+------------+
    |ret_fu_144_p2                     |         +|   0|  0|  31|          24|          24|
    |len_V_1_fu_166_p2                 |         -|   0|  0|  23|           1|          16|
    |len_V_fu_217_p2                   |         -|   0|  0|  23|          16|          16|
    |ap_condition_134                  |       and|   0|  0|   2|           1|           1|
    |ap_condition_185                  |       and|   0|  0|   2|           1|           1|
    |ap_condition_217                  |       and|   0|  0|   2|           1|           1|
    |ap_predicate_op18_read_state1     |       and|   0|  0|   2|           1|           1|
    |ap_predicate_op34_write_state2    |       and|   0|  0|   2|           1|           1|
    |ap_predicate_op36_write_state2    |       and|   0|  0|   2|           1|           1|
    |ap_predicate_op47_write_state3    |       and|   0|  0|   2|           1|           1|
    |ap_predicate_op49_write_state3    |       and|   0|  0|   2|           1|           1|
    |tmp_i_nbreadreq_fu_68_p3          |       and|   0|  0|  57|           1|           0|
    |icmp_ln886_fu_150_p2              |      icmp|   0|  0|  16|          24|          19|
    |ap_block_pp0_stage0_01001         |        or|   0|  0|   2|           1|           1|
    |ap_block_pp0_stage0_11001         |        or|   0|  0|   2|           1|           1|
    |ap_block_state1_pp0_stage0_iter0  |        or|   0|  0|   2|           1|           1|
    |ap_block_state2_io                |        or|   0|  0|   2|           1|           1|
    |ap_block_state2_pp0_stage0_iter1  |        or|   0|  0|   2|           1|           1|
    |ap_block_state3_io                |        or|   0|  0|   2|           1|           1|
    |ap_block_state3_pp0_stage0_iter2  |        or|   0|  0|   2|           1|           1|
    |or_ln174_fu_198_p2                |        or|   0|  0|  96|          96|          57|
    |ap_enable_pp0                     |       xor|   0|  0|   2|           1|           2|
    +----------------------------------+----------+----+---+----+------------+------------+
    |Total                             |          |   0|  0| 278|         178|         149|
    +----------------------------------+----------+----+---+----+------------+------------+

    * Multiplexer: 
    +----------------------------------------+----+-----------+-----+-----------+
    |                  Name                  | LUT| Input Size| Bits| Total Bits|
    +----------------------------------------+----+-----------+-----+-----------+
    |ap_done                                 |   9|          2|    1|          2|
    |m_axis_txread_cmd_V_TDATA_blk_n         |   9|          2|    1|          2|
    |m_axis_txread_cmd_V_TDATA_int_regslice  |  20|          4|  128|        512|
    |memAccessBreakdown2txPkgStitcher_blk_n  |   9|          2|    1|          2|
    |memAccessBreakdown2txPkgStitcher_din    |  14|          3|    1|          3|
    |txMetaloader2memAccessBreakdown_blk_n   |   9|          2|    1|          2|
    +----------------------------------------+----+-----------+-----+-----------+
    |Total                                   |  70|         15|  133|        523|
    +----------------------------------------+----+-----------+-----+-----------+

    * Register: 
    +--------------------------------------------------+-----+----+-----+-----------+
    |                       Name                       |  FF | LUT| Bits| Const Bits|
    +--------------------------------------------------+-----+----+-----+-----------+
    |ap_CS_fsm                                         |    1|   0|    1|          0|
    |ap_done_reg                                       |    1|   0|    1|          0|
    |ap_enable_reg_pp0_iter1                           |    1|   0|    1|          0|
    |ap_enable_reg_pp0_iter2                           |    1|   0|    1|          0|
    |cmd_bbt_V_1                                       |   16|   0|   16|          0|
    |icmp_ln886_reg_254                                |    1|   0|    1|          0|
    |icmp_ln886_reg_254_pp0_iter1_reg                  |    1|   0|    1|          0|
    |len_V_1_reg_258                                   |   16|   0|   16|          0|
    |lengthFirstAccess_V                               |   16|   0|   16|          0|
    |p_Val2_s_reg_249                                  |   32|   0|   32|          0|
    |tmp_i_reg_240                                     |    1|   0|    1|          0|
    |tmp_i_reg_240_pp0_iter1_reg                       |    1|   0|    1|          0|
    |txEngBreakdownState_V                             |    1|   0|    1|          0|
    |txEngBreakdownState_V_load_reg_236                |    1|   0|    1|          0|
    |txEngBreakdownState_V_load_reg_236_pp0_iter1_reg  |    1|   0|    1|          0|
    |txMetaloader2memAccessBreakdown_read_reg_244      |  128|   0|  128|          0|
    +--------------------------------------------------+-----+----+-----+-----------+
    |Total                                             |  219|   0|  219|          0|
    +--------------------------------------------------+-----+----+-----+-----------+



================================================================
== Interface
================================================================
* Summary: 
+-----------------------------------------+-----+-----+------------+----------------------------------+--------------+
|                RTL Ports                | Dir | Bits|  Protocol  |           Source Object          |    C Type    |
+-----------------------------------------+-----+-----+------------+----------------------------------+--------------+
|ap_clk                                   |   in|    1|  ap_ctrl_hs|           txEngMemAccessBreakdown|  return value|
|ap_rst                                   |   in|    1|  ap_ctrl_hs|           txEngMemAccessBreakdown|  return value|
|ap_start                                 |   in|    1|  ap_ctrl_hs|           txEngMemAccessBreakdown|  return value|
|ap_done                                  |  out|    1|  ap_ctrl_hs|           txEngMemAccessBreakdown|  return value|
|ap_continue                              |   in|    1|  ap_ctrl_hs|           txEngMemAccessBreakdown|  return value|
|ap_idle                                  |  out|    1|  ap_ctrl_hs|           txEngMemAccessBreakdown|  return value|
|ap_ready                                 |  out|    1|  ap_ctrl_hs|           txEngMemAccessBreakdown|  return value|
|txMetaloader2memAccessBreakdown_dout     |   in|  128|     ap_fifo|   txMetaloader2memAccessBreakdown|       pointer|
|txMetaloader2memAccessBreakdown_empty_n  |   in|    1|     ap_fifo|   txMetaloader2memAccessBreakdown|       pointer|
|txMetaloader2memAccessBreakdown_read     |  out|    1|     ap_fifo|   txMetaloader2memAccessBreakdown|       pointer|
|memAccessBreakdown2txPkgStitcher_din     |  out|    1|     ap_fifo|  memAccessBreakdown2txPkgStitcher|       pointer|
|memAccessBreakdown2txPkgStitcher_full_n  |   in|    1|     ap_fifo|  memAccessBreakdown2txPkgStitcher|       pointer|
|memAccessBreakdown2txPkgStitcher_write   |  out|    1|     ap_fifo|  memAccessBreakdown2txPkgStitcher|       pointer|
|m_axis_txread_cmd_V_TREADY               |   in|    1|        axis|               m_axis_txread_cmd_V|       pointer|
|m_axis_txread_cmd_V_TDATA                |  out|  128|        axis|               m_axis_txread_cmd_V|       pointer|
|m_axis_txread_cmd_V_TVALID               |  out|    1|        axis|               m_axis_txread_cmd_V|       pointer|
+-----------------------------------------+-----+-----+------------+----------------------------------+--------------+

