

================================================================
== Vitis HLS Report for 'extract_ip_meta_512_s'
================================================================
* Date:           Tue Jul 19 06:01:11 2022

* Version:        2020.2 (Build 3064766 on Wed Nov 18 09:12:47 MST 2020)
* Project:        ip_handler_prj
* Solution:       solution1 (Vivado IP Flow Target)
* Product family: virtexuplus
* Target device:  xcvu3p-ffvc1517-2-i


================================================================
== Performance Estimates
================================================================
+ Timing: 
    * Summary: 
    +--------+---------+----------+------------+
    |  Clock |  Target | Estimated| Uncertainty|
    +--------+---------+----------+------------+
    |ap_clk  |  3.20 ns|  2.149 ns|     0.86 ns|
    +--------+---------+----------+------------+

+ Latency: 
    * Summary: 
    +---------+---------+----------+----------+-----+-----+---------+
    |  Latency (cycles) |  Latency (absolute) |  Interval | Pipeline|
    |   min   |   max   |    min   |    max   | min | max |   Type  |
    +---------+---------+----------+----------+-----+-----+---------+
    |        2|        2|  6.400 ns|  6.400 ns|    1|    1|      yes|
    +---------+---------+----------+----------+-----+-----+---------+

    + Detail: 
        * Instance: 
        N/A

        * Loop: 
        N/A

============================================================
+ Verbose Summary: Synthesis Manager
============================================================
InlineROM: 1
ExposeGlobal: 0
============================================================
+ Verbose Summary: CDFG Model
============================================================
IsTopModel: 0
ResetActiveHigh: 1
IsCombinational: 2
IsDatapathOnly: 0
HasWiredReturn: 1
HasMFsm: 2
HasVarLatency: 0
IsPipeline: 1
IsRtlPipelined: 1
IsInstanceOverlapped: 0
IsDontTouch: 0
HasImplIP: 0
IsGatedGlobalClock: 0

+ Individual pipeline summary: 
  * Pipeline-0: initiation interval (II) = 1, depth = 3


============================================================
+ Verbose Summary: Schedule
============================================================
* Number of FSM states : 3
* Pipeline : 1
  Pipeline-0 : II = 1, D = 3, States = { 1 2 3 }
* Dataflow Pipeline: 0

* FSM state transitions: 
1 --> 2 
2 --> 3 
3 --> 

* FSM state operations: 

State 1 <SV = 0> <Delay = 1.16>
ST_1 : Operation 4 [1/1] (0.00ns)   --->   "%tmp_i_i = nbreadreq i1 @_ssdm_op_NbReadReq.ap_fifo.i1024P0A, i1024 %ipDataFifo, i32 1" [/opt/xilinx/Vitis_HLS/2020.2/common/technology/autopilot/hls_stream_39.h:136]   --->   Operation 4 'nbreadreq' 'tmp_i_i' <Predicate = true> <Delay = 0.00> <CoreInst = "FIFO_SRL">   --->   Core 81 'FIFO_SRL' <Latency = 0> <II = 1> <Delay = 1.33> <Storage> <Opcode : 'read' 'write' 'nbread' 'nbwrite'> <Ports = 0> <Width = 1024> <Depth = 2> <FIFO>
ST_1 : Operation 5 [1/1] (0.38ns)   --->   "%br_ln147 = br i1 %tmp_i_i, void %._crit_edge1.i.i, void" [/home/haiyang3/eth-axi-streamer/fpga-network-stack/hls/ip_handler/ip_handler.cpp:147->/home/haiyang3/eth-axi-streamer/fpga-network-stack/hls/ip_handler/ip_handler.cpp:475]   --->   Operation 5 'br' 'br_ln147' <Predicate = true> <Delay = 0.38>
ST_1 : Operation 6 [1/1] (1.16ns)   --->   "%ipDataFifo_read = read i1024 @_ssdm_op_Read.ap_fifo.volatile.i1024P0A, i1024 %ipDataFifo" [/opt/xilinx/Vitis_HLS/2020.2/common/technology/autopilot/hls_stream_39.h:145]   --->   Operation 6 'read' 'ipDataFifo_read' <Predicate = (tmp_i_i)> <Delay = 1.16> <CoreInst = "FIFO_SRL">   --->   Core 81 'FIFO_SRL' <Latency = 0> <II = 1> <Delay = 1.33> <Storage> <Opcode : 'read' 'write' 'nbread' 'nbwrite'> <Ports = 0> <Width = 1024> <Depth = 2> <FIFO>
ST_1 : Operation 7 [1/1] (0.00ns)   --->   "%tmp_last_V = bitselect i1 @_ssdm_op_BitSelect.i1.i1024.i32, i1024 %ipDataFifo_read, i32 576" [/opt/xilinx/Vitis_HLS/2020.2/common/technology/autopilot/hls_stream_39.h:145]   --->   Operation 7 'bitselect' 'tmp_last_V' <Predicate = (tmp_i_i)> <Delay = 0.00>

State 2 <SV = 1> <Delay = 1.83>
ST_2 : Operation 8 [1/1] (0.00ns)   --->   "%specinterface_ln0 = specinterface void @_ssdm_op_SpecInterface, i1024 %ipDataFifo, void @empty_3, i32 0, i32 0, void @empty_1, i32 0, i32 0, void @empty_1, void @empty_1, void @empty_1, i32 0, i32 0, i32 0, i32 0, void @empty_1, void @empty_1"   --->   Operation 8 'specinterface' 'specinterface_ln0' <Predicate = true> <Delay = 0.00>
ST_2 : Operation 9 [1/1] (0.00ns)   --->   "%specinterface_ln0 = specinterface void @_ssdm_op_SpecInterface, i1024 %ipDataFifo, void @empty_3, i32 0, i32 0, void @empty_1, i32 0, i32 0, void @empty_1, void @empty_1, void @empty_1, i32 0, i32 0, i32 0, i32 0, void @empty_1, void @empty_1"   --->   Operation 9 'specinterface' 'specinterface_ln0' <Predicate = true> <Delay = 0.00>
ST_2 : Operation 10 [1/1] (0.00ns)   --->   "%specinterface_ln0 = specinterface void @_ssdm_op_SpecInterface, i1024 %ipDataFifo, void @empty_3, i32 0, i32 0, void @empty_1, i32 0, i32 0, void @empty_1, void @empty_1, void @empty_1, i32 0, i32 0, i32 0, i32 0, void @empty_1, void @empty_1"   --->   Operation 10 'specinterface' 'specinterface_ln0' <Predicate = true> <Delay = 0.00>
ST_2 : Operation 11 [1/1] (0.00ns)   --->   "%specinterface_ln0 = specinterface void @_ssdm_op_SpecInterface, i1024 %ipDataMetaFifo, void @empty_3, i32 0, i32 0, void @empty_1, i32 0, i32 0, void @empty_1, void @empty_1, void @empty_1, i32 0, i32 0, i32 0, i32 0, void @empty_1, void @empty_1"   --->   Operation 11 'specinterface' 'specinterface_ln0' <Predicate = true> <Delay = 0.00>
ST_2 : Operation 12 [1/1] (0.00ns)   --->   "%specinterface_ln0 = specinterface void @_ssdm_op_SpecInterface, i1024 %ipDataMetaFifo, void @empty_3, i32 0, i32 0, void @empty_1, i32 0, i32 0, void @empty_1, void @empty_1, void @empty_1, i32 0, i32 0, i32 0, i32 0, void @empty_1, void @empty_1"   --->   Operation 12 'specinterface' 'specinterface_ln0' <Predicate = true> <Delay = 0.00>
ST_2 : Operation 13 [1/1] (0.00ns)   --->   "%specinterface_ln0 = specinterface void @_ssdm_op_SpecInterface, i1024 %ipDataMetaFifo, void @empty_3, i32 0, i32 0, void @empty_1, i32 0, i32 0, void @empty_1, void @empty_1, void @empty_1, i32 0, i32 0, i32 0, i32 0, void @empty_1, void @empty_1"   --->   Operation 13 'specinterface' 'specinterface_ln0' <Predicate = true> <Delay = 0.00>
ST_2 : Operation 14 [1/1] (0.00ns)   --->   "%specinterface_ln0 = specinterface void @_ssdm_op_SpecInterface, i8 %ipv4ProtocolFifo, void @empty_3, i32 0, i32 0, void @empty_1, i32 0, i32 0, void @empty_1, void @empty_1, void @empty_1, i32 0, i32 0, i32 0, i32 0, void @empty_1, void @empty_1"   --->   Operation 14 'specinterface' 'specinterface_ln0' <Predicate = true> <Delay = 0.00>
ST_2 : Operation 15 [1/1] (0.00ns)   --->   "%specinterface_ln0 = specinterface void @_ssdm_op_SpecInterface, i8 %ipv4ProtocolFifo, void @empty_3, i32 0, i32 0, void @empty_1, i32 0, i32 0, void @empty_1, void @empty_1, void @empty_1, i32 0, i32 0, i32 0, i32 0, void @empty_1, void @empty_1"   --->   Operation 15 'specinterface' 'specinterface_ln0' <Predicate = true> <Delay = 0.00>
ST_2 : Operation 16 [1/1] (0.00ns)   --->   "%specinterface_ln0 = specinterface void @_ssdm_op_SpecInterface, i8 %ipv4ProtocolFifo, void @empty_3, i32 0, i32 0, void @empty_1, i32 0, i32 0, void @empty_1, void @empty_1, void @empty_1, i32 0, i32 0, i32 0, i32 0, void @empty_1, void @empty_1"   --->   Operation 16 'specinterface' 'specinterface_ln0' <Predicate = true> <Delay = 0.00>
ST_2 : Operation 17 [1/1] (0.00ns)   --->   "%specinterface_ln0 = specinterface void @_ssdm_op_SpecInterface, i1 %validIpAddressFifo, void @empty_3, i32 0, i32 0, void @empty_1, i32 0, i32 0, void @empty_1, void @empty_1, void @empty_1, i32 0, i32 0, i32 0, i32 0, void @empty_1, void @empty_1"   --->   Operation 17 'specinterface' 'specinterface_ln0' <Predicate = true> <Delay = 0.00>
ST_2 : Operation 18 [1/1] (0.00ns)   --->   "%specinterface_ln0 = specinterface void @_ssdm_op_SpecInterface, i1 %validIpAddressFifo, void @empty_3, i32 0, i32 0, void @empty_1, i32 0, i32 0, void @empty_1, void @empty_1, void @empty_1, i32 0, i32 0, i32 0, i32 0, void @empty_1, void @empty_1"   --->   Operation 18 'specinterface' 'specinterface_ln0' <Predicate = true> <Delay = 0.00>
ST_2 : Operation 19 [1/1] (0.00ns)   --->   "%specinterface_ln0 = specinterface void @_ssdm_op_SpecInterface, i1 %validIpAddressFifo, void @empty_3, i32 0, i32 0, void @empty_1, i32 0, i32 0, void @empty_1, void @empty_1, void @empty_1, i32 0, i32 0, i32 0, i32 0, void @empty_1, void @empty_1"   --->   Operation 19 'specinterface' 'specinterface_ln0' <Predicate = true> <Delay = 0.00>
ST_2 : Operation 20 [1/1] (0.00ns)   --->   "%specinterface_ln0 = specinterface void @_ssdm_op_SpecInterface, i32 %myIpAddress, void @ap_fifo_str, i32 0, i32 0, void @p_str, i32 0, i32 0, void @p_str, void @p_str, void @p_str, i32 2, i32 2, i32 16, i32 16, void @p_str, void @ScalarProp_str"   --->   Operation 20 'specinterface' 'specinterface_ln0' <Predicate = true> <Delay = 0.00>
ST_2 : Operation 21 [1/1] (1.16ns)   --->   "%myIpAddress_read = read i32 @_ssdm_op_Read.ap_fifo.i32P0A, i32 %myIpAddress"   --->   Operation 21 'read' 'myIpAddress_read' <Predicate = true> <Delay = 1.16> <CoreInst = "FIFO_SRL">   --->   Core 81 'FIFO_SRL' <Latency = 0> <II = 1> <Delay = 1.40> <Storage> <Opcode : 'read' 'write' 'nbread' 'nbwrite'> <Ports = 0> <Width = 32> <Depth = 6> <FIFO>
ST_2 : Operation 22 [1/1] (0.00ns)   --->   "%specinterface_ln0 = specinterface void @_ssdm_op_SpecInterface, i1024 %ipDataFifo, void @empty_3, i32 0, i32 0, void @empty_1, i32 0, i32 0, void @empty_1, void @empty_1, void @empty_1, i32 0, i32 0, i32 0, i32 0, void @empty_1, void @empty_1"   --->   Operation 22 'specinterface' 'specinterface_ln0' <Predicate = true> <Delay = 0.00>
ST_2 : Operation 23 [1/1] (0.00ns)   --->   "%specinterface_ln0 = specinterface void @_ssdm_op_SpecInterface, i1024 %ipDataFifo, void @empty_3, i32 0, i32 0, void @empty_1, i32 0, i32 0, void @empty_1, void @empty_1, void @empty_1, i32 0, i32 0, i32 0, i32 0, void @empty_1, void @empty_1"   --->   Operation 23 'specinterface' 'specinterface_ln0' <Predicate = true> <Delay = 0.00>
ST_2 : Operation 24 [1/1] (0.00ns)   --->   "%specinterface_ln0 = specinterface void @_ssdm_op_SpecInterface, i1024 %ipDataFifo, void @empty_3, i32 0, i32 0, void @empty_1, i32 0, i32 0, void @empty_1, void @empty_1, void @empty_1, i32 0, i32 0, i32 0, i32 0, void @empty_1, void @empty_1"   --->   Operation 24 'specinterface' 'specinterface_ln0' <Predicate = true> <Delay = 0.00>
ST_2 : Operation 25 [1/1] (0.00ns)   --->   "%specinterface_ln0 = specinterface void @_ssdm_op_SpecInterface, i1024 %ipDataMetaFifo, void @empty_3, i32 0, i32 0, void @empty_1, i32 0, i32 0, void @empty_1, void @empty_1, void @empty_1, i32 0, i32 0, i32 0, i32 0, void @empty_1, void @empty_1"   --->   Operation 25 'specinterface' 'specinterface_ln0' <Predicate = true> <Delay = 0.00>
ST_2 : Operation 26 [1/1] (0.00ns)   --->   "%specinterface_ln0 = specinterface void @_ssdm_op_SpecInterface, i1024 %ipDataMetaFifo, void @empty_3, i32 0, i32 0, void @empty_1, i32 0, i32 0, void @empty_1, void @empty_1, void @empty_1, i32 0, i32 0, i32 0, i32 0, void @empty_1, void @empty_1"   --->   Operation 26 'specinterface' 'specinterface_ln0' <Predicate = true> <Delay = 0.00>
ST_2 : Operation 27 [1/1] (0.00ns)   --->   "%specinterface_ln0 = specinterface void @_ssdm_op_SpecInterface, i1024 %ipDataMetaFifo, void @empty_3, i32 0, i32 0, void @empty_1, i32 0, i32 0, void @empty_1, void @empty_1, void @empty_1, i32 0, i32 0, i32 0, i32 0, void @empty_1, void @empty_1"   --->   Operation 27 'specinterface' 'specinterface_ln0' <Predicate = true> <Delay = 0.00>
ST_2 : Operation 28 [1/1] (0.00ns)   --->   "%specinterface_ln0 = specinterface void @_ssdm_op_SpecInterface, i8 %ipv4ProtocolFifo, void @empty_3, i32 0, i32 0, void @empty_1, i32 0, i32 0, void @empty_1, void @empty_1, void @empty_1, i32 0, i32 0, i32 0, i32 0, void @empty_1, void @empty_1"   --->   Operation 28 'specinterface' 'specinterface_ln0' <Predicate = true> <Delay = 0.00>
ST_2 : Operation 29 [1/1] (0.00ns)   --->   "%specinterface_ln0 = specinterface void @_ssdm_op_SpecInterface, i8 %ipv4ProtocolFifo, void @empty_3, i32 0, i32 0, void @empty_1, i32 0, i32 0, void @empty_1, void @empty_1, void @empty_1, i32 0, i32 0, i32 0, i32 0, void @empty_1, void @empty_1"   --->   Operation 29 'specinterface' 'specinterface_ln0' <Predicate = true> <Delay = 0.00>
ST_2 : Operation 30 [1/1] (0.00ns)   --->   "%specinterface_ln0 = specinterface void @_ssdm_op_SpecInterface, i8 %ipv4ProtocolFifo, void @empty_3, i32 0, i32 0, void @empty_1, i32 0, i32 0, void @empty_1, void @empty_1, void @empty_1, i32 0, i32 0, i32 0, i32 0, void @empty_1, void @empty_1"   --->   Operation 30 'specinterface' 'specinterface_ln0' <Predicate = true> <Delay = 0.00>
ST_2 : Operation 31 [1/1] (0.00ns)   --->   "%specinterface_ln0 = specinterface void @_ssdm_op_SpecInterface, i1 %validIpAddressFifo, void @empty_3, i32 0, i32 0, void @empty_1, i32 0, i32 0, void @empty_1, void @empty_1, void @empty_1, i32 0, i32 0, i32 0, i32 0, void @empty_1, void @empty_1"   --->   Operation 31 'specinterface' 'specinterface_ln0' <Predicate = true> <Delay = 0.00>
ST_2 : Operation 32 [1/1] (0.00ns)   --->   "%specinterface_ln0 = specinterface void @_ssdm_op_SpecInterface, i1 %validIpAddressFifo, void @empty_3, i32 0, i32 0, void @empty_1, i32 0, i32 0, void @empty_1, void @empty_1, void @empty_1, i32 0, i32 0, i32 0, i32 0, void @empty_1, void @empty_1"   --->   Operation 32 'specinterface' 'specinterface_ln0' <Predicate = true> <Delay = 0.00>
ST_2 : Operation 33 [1/1] (0.00ns)   --->   "%specinterface_ln0 = specinterface void @_ssdm_op_SpecInterface, i1 %validIpAddressFifo, void @empty_3, i32 0, i32 0, void @empty_1, i32 0, i32 0, void @empty_1, void @empty_1, void @empty_1, i32 0, i32 0, i32 0, i32 0, void @empty_1, void @empty_1"   --->   Operation 33 'specinterface' 'specinterface_ln0' <Predicate = true> <Delay = 0.00>
ST_2 : Operation 34 [1/1] (0.00ns)   --->   "%specinterface_ln0 = specinterface void @_ssdm_op_SpecInterface, i8 %ipv4ProtocolFifo, void @empty_3, i32 0, i32 0, void @empty_1, i32 0, i32 0, void @empty_1, void @empty_1, void @empty_1, i32 0, i32 0, i32 0, i32 0, void @empty_1, void @empty_1"   --->   Operation 34 'specinterface' 'specinterface_ln0' <Predicate = true> <Delay = 0.00>
ST_2 : Operation 35 [1/1] (0.00ns)   --->   "%specinterface_ln0 = specinterface void @_ssdm_op_SpecInterface, i1 %validIpAddressFifo, void @empty_3, i32 0, i32 0, void @empty_1, i32 0, i32 0, void @empty_1, void @empty_1, void @empty_1, i32 0, i32 0, i32 0, i32 0, void @empty_1, void @empty_1"   --->   Operation 35 'specinterface' 'specinterface_ln0' <Predicate = true> <Delay = 0.00>
ST_2 : Operation 36 [1/1] (0.00ns)   --->   "%specinterface_ln0 = specinterface void @_ssdm_op_SpecInterface, i1024 %ipDataMetaFifo, void @empty_3, i32 0, i32 0, void @empty_1, i32 0, i32 0, void @empty_1, void @empty_1, void @empty_1, i32 0, i32 0, i32 0, i32 0, void @empty_1, void @empty_1"   --->   Operation 36 'specinterface' 'specinterface_ln0' <Predicate = true> <Delay = 0.00>
ST_2 : Operation 37 [1/1] (0.00ns)   --->   "%specinterface_ln0 = specinterface void @_ssdm_op_SpecInterface, i1024 %ipDataFifo, void @empty_3, i32 0, i32 0, void @empty_1, i32 0, i32 0, void @empty_1, void @empty_1, void @empty_1, i32 0, i32 0, i32 0, i32 0, void @empty_1, void @empty_1"   --->   Operation 37 'specinterface' 'specinterface_ln0' <Predicate = true> <Delay = 0.00>
ST_2 : Operation 38 [1/1] (0.00ns)   --->   "%specpipeline_ln135 = specpipeline void @_ssdm_op_SpecPipeline, i32 1, i32 0, i32 0, i32 0, void @empty_1" [/home/haiyang3/eth-axi-streamer/fpga-network-stack/hls/ip_handler/ip_handler.cpp:135->/home/haiyang3/eth-axi-streamer/fpga-network-stack/hls/ip_handler/ip_handler.cpp:475]   --->   Operation 38 'specpipeline' 'specpipeline_ln135' <Predicate = true> <Delay = 0.00>
ST_2 : Operation 39 [1/1] (0.00ns)   --->   "%header_ready_load = load i1 %header_ready" [/home/haiyang3/eth-axi-streamer/fpga-network-stack/hls/ip_handler/../ethernet/../packet.hpp:55]   --->   Operation 39 'load' 'header_ready_load' <Predicate = (tmp_i_i)> <Delay = 0.00>
ST_2 : Operation 40 [1/1] (0.00ns)   --->   "%header_idx_load = load i16 %header_idx" [/home/haiyang3/eth-axi-streamer/fpga-network-stack/hls/ip_handler/../ethernet/../packet.hpp:58]   --->   Operation 40 'load' 'header_idx_load' <Predicate = (tmp_i_i)> <Delay = 0.00>
ST_2 : Operation 41 [1/1] (0.00ns)   --->   "%p_Val2_s = load i160 %header_header_V"   --->   Operation 41 'load' 'p_Val2_s' <Predicate = (tmp_i_i)> <Delay = 0.00>
ST_2 : Operation 42 [1/1] (0.00ns)   --->   "%br_ln55 = br i1 %header_ready_load, void %.critedge7.i.i, void %.critedge.i.i" [/home/haiyang3/eth-axi-streamer/fpga-network-stack/hls/ip_handler/../ethernet/../packet.hpp:55]   --->   Operation 42 'br' 'br_ln55' <Predicate = (tmp_i_i)> <Delay = 0.00>
ST_2 : Operation 43 [1/1] (0.00ns)   --->   "%shl_ln = bitconcatenate i25 @_ssdm_op_BitConcatenate.i25.i16.i9, i16 %header_idx_load, i9 0" [/home/haiyang3/eth-axi-streamer/fpga-network-stack/hls/ip_handler/../ethernet/../packet.hpp:58]   --->   Operation 43 'bitconcatenate' 'shl_ln' <Predicate = (tmp_i_i & !header_ready_load)> <Delay = 0.00>
ST_2 : Operation 44 [1/1] (0.00ns)   --->   "%tmp_66 = trunc i1024 %ipDataFifo_read"   --->   Operation 44 'trunc' 'tmp_66' <Predicate = (tmp_i_i & !header_ready_load)> <Delay = 0.00>
ST_2 : Operation 45 [1/1] (0.77ns)   --->   "%icmp_ln414 = icmp_ugt  i25 %shl_ln, i25 159"   --->   Operation 45 'icmp' 'icmp_ln414' <Predicate = (tmp_i_i & !header_ready_load)> <Delay = 0.77> <CoreInst = "Cmp">   --->   Core 9 'Cmp' <Latency = 0> <II = 1> <Delay = 0.85> <FuncUnit> <Opcode : 'icmp'> <InPorts = 2> <OutPorts = 1>
ST_2 : Operation 46 [1/1] (0.00ns) (grouped into LUT with out node and_ln414_2)   --->   "%trunc_ln414 = trunc i1024 %ipDataFifo_read"   --->   Operation 46 'trunc' 'trunc_ln414' <Predicate = (tmp_i_i & !header_ready_load)> <Delay = 0.00>
ST_2 : Operation 47 [1/1] (0.00ns) (grouped into LUT with out node and_ln414_2)   --->   "%st = bitconcatenate i160 @_ssdm_op_BitConcatenate.i160.i1.i159, i1 %trunc_ln414, i159 0"   --->   Operation 47 'bitconcatenate' 'st' <Predicate = (tmp_i_i & !header_ready_load)> <Delay = 0.00>
ST_2 : Operation 48 [1/1] (0.00ns) (grouped into LUT with out node and_ln414_2)   --->   "%select_ln414 = select i1 %icmp_ln414, i160 %st, i160 %tmp_66"   --->   Operation 48 'select' 'select_ln414' <Predicate = (tmp_i_i & !header_ready_load)> <Delay = 0.00> <CoreInst = "Sel">   --->   Core 73 'Sel' <Latency = 0> <II = 1> <Delay = 0.24> <FuncUnit> <Opcode : 'select'> <InPorts = 3> <OutPorts = 1>
ST_2 : Operation 49 [1/1] (0.00ns) (grouped into LUT with out node and_ln414_2)   --->   "%tmp = partselect i160 @llvm.part.select.i160, i160 %select_ln414, i32 159, i32 0"   --->   Operation 49 'partselect' 'tmp' <Predicate = (tmp_i_i & !header_ready_load)> <Delay = 0.00>
ST_2 : Operation 50 [1/1] (0.00ns) (grouped into LUT with out node and_ln414_2)   --->   "%select_ln414_1 = select i1 %icmp_ln414, i160 %tmp, i160 %tmp_66"   --->   Operation 50 'select' 'select_ln414_1' <Predicate = (tmp_i_i & !header_ready_load)> <Delay = 0.00> <CoreInst = "Sel">   --->   Core 73 'Sel' <Latency = 0> <II = 1> <Delay = 0.24> <FuncUnit> <Opcode : 'select'> <InPorts = 3> <OutPorts = 1>
ST_2 : Operation 51 [1/1] (0.00ns) (grouped into LUT with out node and_ln414)   --->   "%select_ln414_2 = select i1 %icmp_ln414, i160 730750818665451459101842416358141509827966271488, i160 1461501637330902918203684832716283019655932542975"   --->   Operation 51 'select' 'select_ln414_2' <Predicate = (tmp_i_i & !header_ready_load)> <Delay = 0.00> <CoreInst = "Sel">   --->   Core 73 'Sel' <Latency = 0> <II = 1> <Delay = 0.24> <FuncUnit> <Opcode : 'select'> <InPorts = 3> <OutPorts = 1>
ST_2 : Operation 52 [1/1] (0.00ns) (grouped into LUT with out node and_ln414)   --->   "%select_ln414_3 = select i1 %icmp_ln414, i160 1, i160 1461501637330902918203684832716283019655932542975"   --->   Operation 52 'select' 'select_ln414_3' <Predicate = (tmp_i_i & !header_ready_load)> <Delay = 0.00> <CoreInst = "Sel">   --->   Core 73 'Sel' <Latency = 0> <II = 1> <Delay = 0.24> <FuncUnit> <Opcode : 'select'> <InPorts = 3> <OutPorts = 1>
ST_2 : Operation 53 [1/1] (0.39ns) (out node of the LUT)   --->   "%and_ln414 = and i160 %select_ln414_2, i160 %select_ln414_3"   --->   Operation 53 'and' 'and_ln414' <Predicate = (tmp_i_i & !header_ready_load)> <Delay = 0.39> <CoreInst = "LogicGate">   --->   Core 74 'LogicGate' <Latency = 0> <II = 1> <Delay = 0.12> <FuncUnit> <Opcode : 'and' 'or' 'xor'> <InPorts = 2> <OutPorts = 1>
ST_2 : Operation 54 [1/1] (0.00ns) (grouped into LUT with out node p_Result_s)   --->   "%xor_ln414 = xor i160 %and_ln414, i160 1461501637330902918203684832716283019655932542975"   --->   Operation 54 'xor' 'xor_ln414' <Predicate = (tmp_i_i & !header_ready_load)> <Delay = 0.00> <CoreInst = "LogicGate">   --->   Core 74 'LogicGate' <Latency = 0> <II = 1> <Delay = 0.12> <FuncUnit> <Opcode : 'and' 'or' 'xor'> <InPorts = 2> <OutPorts = 1>
ST_2 : Operation 55 [1/1] (0.00ns) (grouped into LUT with out node p_Result_s)   --->   "%and_ln414_1 = and i160 %p_Val2_s, i160 %xor_ln414"   --->   Operation 55 'and' 'and_ln414_1' <Predicate = (tmp_i_i & !header_ready_load)> <Delay = 0.00> <CoreInst = "LogicGate">   --->   Core 74 'LogicGate' <Latency = 0> <II = 1> <Delay = 0.12> <FuncUnit> <Opcode : 'and' 'or' 'xor'> <InPorts = 2> <OutPorts = 1>
ST_2 : Operation 56 [1/1] (0.39ns) (out node of the LUT)   --->   "%and_ln414_2 = and i160 %select_ln414_1, i160 %and_ln414"   --->   Operation 56 'and' 'and_ln414_2' <Predicate = (tmp_i_i & !header_ready_load)> <Delay = 0.39> <CoreInst = "LogicGate">   --->   Core 74 'LogicGate' <Latency = 0> <II = 1> <Delay = 0.12> <FuncUnit> <Opcode : 'and' 'or' 'xor'> <InPorts = 2> <OutPorts = 1>
ST_2 : Operation 57 [1/1] (0.25ns) (out node of the LUT)   --->   "%p_Result_s = or i160 %and_ln414_1, i160 %and_ln414_2"   --->   Operation 57 'or' 'p_Result_s' <Predicate = (tmp_i_i & !header_ready_load)> <Delay = 0.25> <CoreInst = "LogicGate">   --->   Core 74 'LogicGate' <Latency = 0> <II = 1> <Delay = 0.12> <FuncUnit> <Opcode : 'and' 'or' 'xor'> <InPorts = 2> <OutPorts = 1>
ST_2 : Operation 58 [1/1] (0.00ns)   --->   "%store_ln414 = store i160 %p_Result_s, i160 %header_header_V"   --->   Operation 58 'store' 'store_ln414' <Predicate = (tmp_i_i & !header_ready_load)> <Delay = 0.00>
ST_2 : Operation 59 [1/1] (0.78ns)   --->   "%add_ln67 = add i16 %header_idx_load, i16 1" [/home/haiyang3/eth-axi-streamer/fpga-network-stack/hls/ip_handler/../ethernet/../packet.hpp:67]   --->   Operation 59 'add' 'add_ln67' <Predicate = (tmp_i_i & !header_ready_load & !tmp_last_V)> <Delay = 0.78> <CoreInst = "Adder">   --->   Core 1 'Adder' <Latency = 0> <II = 1> <Delay = 0.78> <FuncUnit> <Opcode : 'add' 'sub'> <InPorts = 2> <OutPorts = 1>
ST_2 : Operation 60 [1/1] (0.38ns)   --->   "%br_ln0 = br void"   --->   Operation 60 'br' 'br_ln0' <Predicate = (tmp_i_i & !header_ready_load)> <Delay = 0.38>
ST_2 : Operation 61 [1/1] (0.38ns)   --->   "%br_ln0 = br void"   --->   Operation 61 'br' 'br_ln0' <Predicate = (tmp_i_i & header_ready_load)> <Delay = 0.38>
ST_2 : Operation 62 [1/1] (0.00ns)   --->   "%header_ready_flag_0_i_i = phi i1 0, void %.critedge.i.i, i1 1, void %.critedge7.i.i"   --->   Operation 62 'phi' 'header_ready_flag_0_i_i' <Predicate = (tmp_i_i)> <Delay = 0.00>
ST_2 : Operation 63 [1/1] (0.00ns)   --->   "%header_idx_new_0_i_i = phi i16 0, void %.critedge.i.i, i16 %add_ln67, void %.critedge7.i.i" [/home/haiyang3/eth-axi-streamer/fpga-network-stack/hls/ip_handler/../ethernet/../packet.hpp:67]   --->   Operation 63 'phi' 'header_idx_new_0_i_i' <Predicate = (tmp_i_i & !tmp_last_V)> <Delay = 0.00>
ST_2 : Operation 64 [1/1] (0.00ns)   --->   "%metaWritten_load = load i1 %metaWritten" [/home/haiyang3/eth-axi-streamer/fpga-network-stack/hls/ip_handler/ip_handler.cpp:153->/home/haiyang3/eth-axi-streamer/fpga-network-stack/hls/ip_handler/ip_handler.cpp:475]   --->   Operation 64 'load' 'metaWritten_load' <Predicate = (tmp_i_i)> <Delay = 0.00>
ST_2 : Operation 65 [1/1] (0.38ns)   --->   "%br_ln153 = br i1 %metaWritten_load, void, void %._crit_edge2.i.i" [/home/haiyang3/eth-axi-streamer/fpga-network-stack/hls/ip_handler/ip_handler.cpp:153->/home/haiyang3/eth-axi-streamer/fpga-network-stack/hls/ip_handler/ip_handler.cpp:475]   --->   Operation 65 'br' 'br_ln153' <Predicate = (tmp_i_i)> <Delay = 0.38>
ST_2 : Operation 66 [1/1] (0.38ns)   --->   "%br_ln160 = br void %._crit_edge2.i.i" [/home/haiyang3/eth-axi-streamer/fpga-network-stack/hls/ip_handler/ip_handler.cpp:160->/home/haiyang3/eth-axi-streamer/fpga-network-stack/hls/ip_handler/ip_handler.cpp:475]   --->   Operation 66 'br' 'br_ln160' <Predicate = (tmp_i_i & !metaWritten_load)> <Delay = 0.38>
ST_2 : Operation 67 [1/1] (0.00ns) (grouped into LUT with out node or_ln162_1)   --->   "%metaWritten_flag_0_i_i = phi i1 0, void, i1 1, void"   --->   Operation 67 'phi' 'metaWritten_flag_0_i_i' <Predicate = (tmp_i_i)> <Delay = 0.00>
ST_2 : Operation 68 [1/1] (0.12ns)   --->   "%or_ln162 = or i1 %tmp_last_V, i1 %header_ready_flag_0_i_i" [/home/haiyang3/eth-axi-streamer/fpga-network-stack/hls/ip_handler/ip_handler.cpp:162->/home/haiyang3/eth-axi-streamer/fpga-network-stack/hls/ip_handler/ip_handler.cpp:475]   --->   Operation 68 'or' 'or_ln162' <Predicate = (tmp_i_i)> <Delay = 0.12> <CoreInst = "LogicGate">   --->   Core 74 'LogicGate' <Latency = 0> <II = 1> <Delay = 0.12> <FuncUnit> <Opcode : 'and' 'or' 'xor'> <InPorts = 2> <OutPorts = 1>
ST_2 : Operation 69 [1/1] (0.12ns)   --->   "%xor_ln162 = xor i1 %tmp_last_V, i1 1" [/home/haiyang3/eth-axi-streamer/fpga-network-stack/hls/ip_handler/ip_handler.cpp:162->/home/haiyang3/eth-axi-streamer/fpga-network-stack/hls/ip_handler/ip_handler.cpp:475]   --->   Operation 69 'xor' 'xor_ln162' <Predicate = (tmp_i_i)> <Delay = 0.12> <CoreInst = "LogicGate">   --->   Core 74 'LogicGate' <Latency = 0> <II = 1> <Delay = 0.12> <FuncUnit> <Opcode : 'and' 'or' 'xor'> <InPorts = 2> <OutPorts = 1>
ST_2 : Operation 70 [1/1] (0.24ns)   --->   "%select_ln162 = select i1 %tmp_last_V, i16 0, i16 %header_idx_new_0_i_i" [/home/haiyang3/eth-axi-streamer/fpga-network-stack/hls/ip_handler/ip_handler.cpp:162->/home/haiyang3/eth-axi-streamer/fpga-network-stack/hls/ip_handler/ip_handler.cpp:475]   --->   Operation 70 'select' 'select_ln162' <Predicate = (tmp_i_i)> <Delay = 0.24> <CoreInst = "Sel">   --->   Core 73 'Sel' <Latency = 0> <II = 1> <Delay = 0.24> <FuncUnit> <Opcode : 'select'> <InPorts = 3> <OutPorts = 1>
ST_2 : Operation 71 [1/1] (0.12ns) (out node of the LUT)   --->   "%or_ln162_1 = or i1 %tmp_last_V, i1 %metaWritten_flag_0_i_i" [/home/haiyang3/eth-axi-streamer/fpga-network-stack/hls/ip_handler/ip_handler.cpp:162->/home/haiyang3/eth-axi-streamer/fpga-network-stack/hls/ip_handler/ip_handler.cpp:475]   --->   Operation 71 'or' 'or_ln162_1' <Predicate = (tmp_i_i)> <Delay = 0.12> <CoreInst = "LogicGate">   --->   Core 74 'LogicGate' <Latency = 0> <II = 1> <Delay = 0.12> <FuncUnit> <Opcode : 'and' 'or' 'xor'> <InPorts = 2> <OutPorts = 1>
ST_2 : Operation 72 [1/1] (0.38ns)   --->   "%br_ln162 = br void %._crit_edge1.i.i" [/home/haiyang3/eth-axi-streamer/fpga-network-stack/hls/ip_handler/ip_handler.cpp:162->/home/haiyang3/eth-axi-streamer/fpga-network-stack/hls/ip_handler/ip_handler.cpp:475]   --->   Operation 72 'br' 'br_ln162' <Predicate = (tmp_i_i)> <Delay = 0.38>
ST_2 : Operation 73 [1/1] (0.00ns)   --->   "%header_ready_flag_1_i_i = phi i1 0, void %entry, i1 %or_ln162, void %._crit_edge2.i.i" [/home/haiyang3/eth-axi-streamer/fpga-network-stack/hls/ip_handler/ip_handler.cpp:162->/home/haiyang3/eth-axi-streamer/fpga-network-stack/hls/ip_handler/ip_handler.cpp:475]   --->   Operation 73 'phi' 'header_ready_flag_1_i_i' <Predicate = true> <Delay = 0.00>
ST_2 : Operation 74 [1/1] (0.00ns)   --->   "%header_ready_new_1_i_i = phi i1 0, void %entry, i1 %xor_ln162, void %._crit_edge2.i.i" [/home/haiyang3/eth-axi-streamer/fpga-network-stack/hls/ip_handler/ip_handler.cpp:162->/home/haiyang3/eth-axi-streamer/fpga-network-stack/hls/ip_handler/ip_handler.cpp:475]   --->   Operation 74 'phi' 'header_ready_new_1_i_i' <Predicate = true> <Delay = 0.00>
ST_2 : Operation 75 [1/1] (0.00ns)   --->   "%header_idx_new_1_i_i = phi i16 0, void %entry, i16 %select_ln162, void %._crit_edge2.i.i" [/home/haiyang3/eth-axi-streamer/fpga-network-stack/hls/ip_handler/ip_handler.cpp:162->/home/haiyang3/eth-axi-streamer/fpga-network-stack/hls/ip_handler/ip_handler.cpp:475]   --->   Operation 75 'phi' 'header_idx_new_1_i_i' <Predicate = true> <Delay = 0.00>
ST_2 : Operation 76 [1/1] (0.00ns)   --->   "%metaWritten_flag_1_i_i = phi i1 0, void %entry, i1 %or_ln162_1, void %._crit_edge2.i.i" [/home/haiyang3/eth-axi-streamer/fpga-network-stack/hls/ip_handler/ip_handler.cpp:162->/home/haiyang3/eth-axi-streamer/fpga-network-stack/hls/ip_handler/ip_handler.cpp:475]   --->   Operation 76 'phi' 'metaWritten_flag_1_i_i' <Predicate = true> <Delay = 0.00>
ST_2 : Operation 77 [1/1] (0.00ns)   --->   "%br_ln162 = br i1 %metaWritten_flag_1_i_i, void %._crit_edge1.new4.i.i, void %mergeST3.i.i" [/home/haiyang3/eth-axi-streamer/fpga-network-stack/hls/ip_handler/ip_handler.cpp:162->/home/haiyang3/eth-axi-streamer/fpga-network-stack/hls/ip_handler/ip_handler.cpp:475]   --->   Operation 77 'br' 'br_ln162' <Predicate = true> <Delay = 0.00>
ST_2 : Operation 78 [1/1] (0.00ns)   --->   "%store_ln159 = store i1 %header_ready_new_1_i_i, i1 %metaWritten" [/home/haiyang3/eth-axi-streamer/fpga-network-stack/hls/ip_handler/ip_handler.cpp:159->/home/haiyang3/eth-axi-streamer/fpga-network-stack/hls/ip_handler/ip_handler.cpp:475]   --->   Operation 78 'store' 'store_ln159' <Predicate = (metaWritten_flag_1_i_i)> <Delay = 0.00>
ST_2 : Operation 79 [1/1] (0.00ns)   --->   "%br_ln0 = br void %._crit_edge1.new4.i.i"   --->   Operation 79 'br' 'br_ln0' <Predicate = (metaWritten_flag_1_i_i)> <Delay = 0.00>
ST_2 : Operation 80 [1/1] (0.00ns)   --->   "%br_ln162 = br i1 %header_ready_flag_1_i_i, void %.exit, void %mergeST1.i.i" [/home/haiyang3/eth-axi-streamer/fpga-network-stack/hls/ip_handler/ip_handler.cpp:162->/home/haiyang3/eth-axi-streamer/fpga-network-stack/hls/ip_handler/ip_handler.cpp:475]   --->   Operation 80 'br' 'br_ln162' <Predicate = true> <Delay = 0.00>
ST_2 : Operation 81 [1/1] (0.00ns)   --->   "%store_ln67 = store i16 %header_idx_new_1_i_i, i16 %header_idx" [/home/haiyang3/eth-axi-streamer/fpga-network-stack/hls/ip_handler/../ethernet/../packet.hpp:67]   --->   Operation 81 'store' 'store_ln67' <Predicate = (header_ready_flag_1_i_i)> <Delay = 0.00>
ST_2 : Operation 82 [1/1] (0.00ns)   --->   "%store_ln65 = store i1 %header_ready_new_1_i_i, i1 %header_ready" [/home/haiyang3/eth-axi-streamer/fpga-network-stack/hls/ip_handler/../ethernet/../packet.hpp:65]   --->   Operation 82 'store' 'store_ln65' <Predicate = (header_ready_flag_1_i_i)> <Delay = 0.00>
ST_2 : Operation 83 [1/1] (0.00ns)   --->   "%br_ln0 = br void %.exit"   --->   Operation 83 'br' 'br_ln0' <Predicate = (header_ready_flag_1_i_i)> <Delay = 0.00>

State 3 <SV = 2> <Delay = 2.14>
ST_3 : Operation 84 [1/1] (1.16ns)   --->   "%write_ln174 = write void @_ssdm_op_Write.ap_fifo.volatile.i1024P0A, i1024 %ipDataMetaFifo, i1024 %ipDataFifo_read" [/opt/xilinx/Vitis_HLS/2020.2/common/technology/autopilot/hls_stream_39.h:174]   --->   Operation 84 'write' 'write_ln174' <Predicate = (tmp_i_i & !header_ready_load)> <Delay = 1.16> <CoreInst = "FIFO_SRL">   --->   Core 81 'FIFO_SRL' <Latency = 0> <II = 1> <Delay = 1.33> <Storage> <Opcode : 'read' 'write' 'nbread' 'nbwrite'> <Ports = 0> <Width = 1024> <Depth = 2> <FIFO>
ST_3 : Operation 85 [1/1] (1.16ns)   --->   "%write_ln174 = write void @_ssdm_op_Write.ap_fifo.volatile.i1024P0A, i1024 %ipDataMetaFifo, i1024 %ipDataFifo_read" [/opt/xilinx/Vitis_HLS/2020.2/common/technology/autopilot/hls_stream_39.h:174]   --->   Operation 85 'write' 'write_ln174' <Predicate = (tmp_i_i & header_ready_load)> <Delay = 1.16> <CoreInst = "FIFO_SRL">   --->   Core 81 'FIFO_SRL' <Latency = 0> <II = 1> <Delay = 1.33> <Storage> <Opcode : 'read' 'write' 'nbread' 'nbwrite'> <Ports = 0> <Width = 1024> <Depth = 2> <FIFO>
ST_3 : Operation 86 [1/1] (0.00ns)   --->   "%p_Val2_7 = phi i160 %p_Val2_s, void %.critedge.i.i, i160 %p_Result_s, void %.critedge7.i.i"   --->   Operation 86 'phi' 'p_Val2_7' <Predicate = (tmp_i_i)> <Delay = 0.00>
ST_3 : Operation 87 [1/1] (0.00ns)   --->   "%dstIpAddress_V = partselect i32 @_ssdm_op_PartSelect.i32.i160.i32.i32, i160 %p_Val2_7, i32 128, i32 159"   --->   Operation 87 'partselect' 'dstIpAddress_V' <Predicate = (tmp_i_i & !metaWritten_load)> <Delay = 0.00>
ST_3 : Operation 88 [1/1] (0.85ns)   --->   "%icmp_ln870 = icmp_eq  i32 %dstIpAddress_V, i32 %myIpAddress_read"   --->   Operation 88 'icmp' 'icmp_ln870' <Predicate = (tmp_i_i & !metaWritten_load)> <Delay = 0.85> <CoreInst = "Cmp">   --->   Core 9 'Cmp' <Latency = 0> <II = 1> <Delay = 0.85> <FuncUnit> <Opcode : 'icmp'> <InPorts = 2> <OutPorts = 1>
ST_3 : Operation 89 [1/1] (0.85ns)   --->   "%icmp_ln870_1 = icmp_eq  i32 %dstIpAddress_V, i32 4294967295"   --->   Operation 89 'icmp' 'icmp_ln870_1' <Predicate = (tmp_i_i & !metaWritten_load)> <Delay = 0.85> <CoreInst = "Cmp">   --->   Core 9 'Cmp' <Latency = 0> <II = 1> <Delay = 0.85> <FuncUnit> <Opcode : 'icmp'> <InPorts = 2> <OutPorts = 1>
ST_3 : Operation 90 [1/1] (0.12ns)   --->   "%or_ln156 = or i1 %icmp_ln870, i1 %icmp_ln870_1" [/home/haiyang3/eth-axi-streamer/fpga-network-stack/hls/ip_handler/ip_handler.cpp:156->/home/haiyang3/eth-axi-streamer/fpga-network-stack/hls/ip_handler/ip_handler.cpp:475]   --->   Operation 90 'or' 'or_ln156' <Predicate = (tmp_i_i & !metaWritten_load)> <Delay = 0.12> <CoreInst = "LogicGate">   --->   Core 74 'LogicGate' <Latency = 0> <II = 1> <Delay = 0.12> <FuncUnit> <Opcode : 'and' 'or' 'xor'> <InPorts = 2> <OutPorts = 1>
ST_3 : Operation 91 [1/1] (1.16ns)   --->   "%write_ln174 = write void @_ssdm_op_Write.ap_fifo.volatile.i1P0A, i1 %validIpAddressFifo, i1 %or_ln156" [/opt/xilinx/Vitis_HLS/2020.2/common/technology/autopilot/hls_stream_39.h:174]   --->   Operation 91 'write' 'write_ln174' <Predicate = (tmp_i_i & !metaWritten_load)> <Delay = 1.16> <CoreInst = "FIFO_SRL">   --->   Core 81 'FIFO_SRL' <Latency = 0> <II = 1> <Delay = 1.38> <Storage> <Opcode : 'read' 'write' 'nbread' 'nbwrite'> <Ports = 0> <Width = 1> <Depth = 32> <FIFO>
ST_3 : Operation 92 [1/1] (0.00ns)   --->   "%p_0 = partselect i8 @_ssdm_op_PartSelect.i8.i160.i32.i32, i160 %p_Val2_7, i32 72, i32 79"   --->   Operation 92 'partselect' 'p_0' <Predicate = (tmp_i_i & !metaWritten_load)> <Delay = 0.00>
ST_3 : Operation 93 [1/1] (1.16ns)   --->   "%write_ln174 = write void @_ssdm_op_Write.ap_fifo.volatile.i8P0A, i8 %ipv4ProtocolFifo, i8 %p_0" [/opt/xilinx/Vitis_HLS/2020.2/common/technology/autopilot/hls_stream_39.h:174]   --->   Operation 93 'write' 'write_ln174' <Predicate = (tmp_i_i & !metaWritten_load)> <Delay = 1.16> <CoreInst = "FIFO_SRL">   --->   Core 81 'FIFO_SRL' <Latency = 0> <II = 1> <Delay = 1.34> <Storage> <Opcode : 'read' 'write' 'nbread' 'nbwrite'> <Ports = 0> <Width = 8> <Depth = 32> <FIFO>
ST_3 : Operation 94 [1/1] (0.00ns)   --->   "%ret_ln475 = ret" [/home/haiyang3/eth-axi-streamer/fpga-network-stack/hls/ip_handler/ip_handler.cpp:475]   --->   Operation 94 'ret' 'ret_ln475' <Predicate = true> <Delay = 0.00>


============================================================
+ Verbose Summary: Timing violations
============================================================
Target clock period: 3.2ns, clock uncertainty: 0.864ns.

 <State 1>: 1.17ns
The critical path consists of the following:
	fifo read on port 'ipDataFifo' (/opt/xilinx/Vitis_HLS/2020.2/common/technology/autopilot/hls_stream_39.h:145) [49]  (1.17 ns)

 <State 2>: 1.83ns
The critical path consists of the following:
	'load' operation ('header_idx_load', /home/haiyang3/eth-axi-streamer/fpga-network-stack/hls/ip_handler/../ethernet/../packet.hpp:58) on static variable 'header_idx' [52]  (0 ns)
	'icmp' operation ('icmp_ln414') [58]  (0.779 ns)
	'select' operation ('select_ln414_3') [65]  (0 ns)
	'and' operation ('and_ln414') [66]  (0.398 ns)
	'and' operation ('and_ln414_2') [69]  (0.398 ns)
	'or' operation ('__Result__') [70]  (0.258 ns)

 <State 3>: 2.15ns
The critical path consists of the following:
	'phi' operation ('__Result__') with incoming values : ('__Val2__') ('__Result__') [81]  (0 ns)
	'icmp' operation ('icmp_ln870') [86]  (0.859 ns)
	'or' operation ('or_ln156', /home/haiyang3/eth-axi-streamer/fpga-network-stack/hls/ip_handler/ip_handler.cpp:156->/home/haiyang3/eth-axi-streamer/fpga-network-stack/hls/ip_handler/ip_handler.cpp:475) [88]  (0.122 ns)
	fifo write on port 'validIpAddressFifo' (/opt/xilinx/Vitis_HLS/2020.2/common/technology/autopilot/hls_stream_39.h:174) [89]  (1.17 ns)


============================================================
+ Verbose Summary: Binding
============================================================
N/A
* FSMD analyzer results:
  - Output states:
 - Input state : 
  - Chain level:
	State 1
	State 2
	State 3


============================================================
+ Verbose Summary: Datapath Resource usage 
============================================================
N/A
