

================================================================
== Vitis HLS Report for 'ip_invalid_dropper_512_s'
================================================================
* Date:           Tue Jul 19 06:01:16 2022

* Version:        2020.2 (Build 3064766 on Wed Nov 18 09:12:47 MST 2020)
* Project:        ip_handler_prj
* Solution:       solution1 (Vivado IP Flow Target)
* Product family: virtexuplus
* Target device:  xcvu3p-ffvc1517-2-i


================================================================
== Performance Estimates
================================================================
+ Timing: 
    * Summary: 
    +--------+---------+----------+------------+
    |  Clock |  Target | Estimated| Uncertainty|
    +--------+---------+----------+------------+
    |ap_clk  |  3.20 ns|  1.832 ns|     0.86 ns|
    +--------+---------+----------+------------+

+ Latency: 
    * Summary: 
    +---------+---------+----------+----------+-----+-----+---------+
    |  Latency (cycles) |  Latency (absolute) |  Interval | Pipeline|
    |   min   |   max   |    min   |    max   | min | max |   Type  |
    +---------+---------+----------+----------+-----+-----+---------+
    |        1|        1|  3.200 ns|  3.200 ns|    1|    1|      yes|
    +---------+---------+----------+----------+-----+-----+---------+

    + Detail: 
        * Instance: 
        N/A

        * Loop: 
        N/A

============================================================
+ Verbose Summary: Synthesis Manager
============================================================
InlineROM: 1
ExposeGlobal: 0
============================================================
+ Verbose Summary: CDFG Model
============================================================
IsTopModel: 0
ResetActiveHigh: 1
IsCombinational: 2
IsDatapathOnly: 0
HasWiredReturn: 1
HasMFsm: 2
HasVarLatency: 0
IsPipeline: 1
IsRtlPipelined: 1
IsInstanceOverlapped: 0
IsDontTouch: 0
HasImplIP: 0
IsGatedGlobalClock: 0

+ Individual pipeline summary: 
  * Pipeline-0: initiation interval (II) = 1, depth = 2


============================================================
+ Verbose Summary: Schedule
============================================================
* Number of FSM states : 2
* Pipeline : 1
  Pipeline-0 : II = 1, D = 2, States = { 1 2 }
* Dataflow Pipeline: 0

* FSM state transitions: 
1 --> 2 
2 --> 

* FSM state operations: 

State 1 <SV = 0> <Delay = 1.83>
ST_1 : Operation 3 [1/1] (0.00ns)   --->   "%specinterface_ln0 = specinterface void @_ssdm_op_SpecInterface, i1024 %ipDataCheckFifo, void @empty_3, i32 0, i32 0, void @empty_1, i32 0, i32 0, void @empty_1, void @empty_1, void @empty_1, i32 0, i32 0, i32 0, i32 0, void @empty_1, void @empty_1"   --->   Operation 3 'specinterface' 'specinterface_ln0' <Predicate = true> <Delay = 0.00>
ST_1 : Operation 4 [1/1] (0.00ns)   --->   "%specinterface_ln0 = specinterface void @_ssdm_op_SpecInterface, i1024 %ipDataCheckFifo, void @empty_3, i32 0, i32 0, void @empty_1, i32 0, i32 0, void @empty_1, void @empty_1, void @empty_1, i32 0, i32 0, i32 0, i32 0, void @empty_1, void @empty_1"   --->   Operation 4 'specinterface' 'specinterface_ln0' <Predicate = true> <Delay = 0.00>
ST_1 : Operation 5 [1/1] (0.00ns)   --->   "%specinterface_ln0 = specinterface void @_ssdm_op_SpecInterface, i1024 %ipDataCheckFifo, void @empty_3, i32 0, i32 0, void @empty_1, i32 0, i32 0, void @empty_1, void @empty_1, void @empty_1, i32 0, i32 0, i32 0, i32 0, void @empty_1, void @empty_1"   --->   Operation 5 'specinterface' 'specinterface_ln0' <Predicate = true> <Delay = 0.00>
ST_1 : Operation 6 [1/1] (0.00ns)   --->   "%specinterface_ln0 = specinterface void @_ssdm_op_SpecInterface, i1024 %ipDataDropFifo, void @empty_3, i32 0, i32 0, void @empty_1, i32 0, i32 0, void @empty_1, void @empty_1, void @empty_1, i32 0, i32 0, i32 0, i32 0, void @empty_1, void @empty_1"   --->   Operation 6 'specinterface' 'specinterface_ln0' <Predicate = true> <Delay = 0.00>
ST_1 : Operation 7 [1/1] (0.00ns)   --->   "%specinterface_ln0 = specinterface void @_ssdm_op_SpecInterface, i1024 %ipDataDropFifo, void @empty_3, i32 0, i32 0, void @empty_1, i32 0, i32 0, void @empty_1, void @empty_1, void @empty_1, i32 0, i32 0, i32 0, i32 0, void @empty_1, void @empty_1"   --->   Operation 7 'specinterface' 'specinterface_ln0' <Predicate = true> <Delay = 0.00>
ST_1 : Operation 8 [1/1] (0.00ns)   --->   "%specinterface_ln0 = specinterface void @_ssdm_op_SpecInterface, i1024 %ipDataDropFifo, void @empty_3, i32 0, i32 0, void @empty_1, i32 0, i32 0, void @empty_1, void @empty_1, void @empty_1, i32 0, i32 0, i32 0, i32 0, void @empty_1, void @empty_1"   --->   Operation 8 'specinterface' 'specinterface_ln0' <Predicate = true> <Delay = 0.00>
ST_1 : Operation 9 [1/1] (0.00ns)   --->   "%specinterface_ln0 = specinterface void @_ssdm_op_SpecInterface, i1 %ipv4ValidFifo, void @empty_3, i32 0, i32 0, void @empty_1, i32 0, i32 0, void @empty_1, void @empty_1, void @empty_1, i32 0, i32 0, i32 0, i32 0, void @empty_1, void @empty_1"   --->   Operation 9 'specinterface' 'specinterface_ln0' <Predicate = true> <Delay = 0.00>
ST_1 : Operation 10 [1/1] (0.00ns)   --->   "%specinterface_ln0 = specinterface void @_ssdm_op_SpecInterface, i1 %ipv4ValidFifo, void @empty_3, i32 0, i32 0, void @empty_1, i32 0, i32 0, void @empty_1, void @empty_1, void @empty_1, i32 0, i32 0, i32 0, i32 0, void @empty_1, void @empty_1"   --->   Operation 10 'specinterface' 'specinterface_ln0' <Predicate = true> <Delay = 0.00>
ST_1 : Operation 11 [1/1] (0.00ns)   --->   "%specinterface_ln0 = specinterface void @_ssdm_op_SpecInterface, i1 %ipv4ValidFifo, void @empty_3, i32 0, i32 0, void @empty_1, i32 0, i32 0, void @empty_1, void @empty_1, void @empty_1, i32 0, i32 0, i32 0, i32 0, void @empty_1, void @empty_1"   --->   Operation 11 'specinterface' 'specinterface_ln0' <Predicate = true> <Delay = 0.00>
ST_1 : Operation 12 [1/1] (0.00ns)   --->   "%specinterface_ln0 = specinterface void @_ssdm_op_SpecInterface, i1 %validChecksumFifo, void @empty_3, i32 0, i32 0, void @empty_1, i32 0, i32 0, void @empty_1, void @empty_1, void @empty_1, i32 0, i32 0, i32 0, i32 0, void @empty_1, void @empty_1"   --->   Operation 12 'specinterface' 'specinterface_ln0' <Predicate = true> <Delay = 0.00>
ST_1 : Operation 13 [1/1] (0.00ns)   --->   "%specinterface_ln0 = specinterface void @_ssdm_op_SpecInterface, i1 %validChecksumFifo, void @empty_3, i32 0, i32 0, void @empty_1, i32 0, i32 0, void @empty_1, void @empty_1, void @empty_1, i32 0, i32 0, i32 0, i32 0, void @empty_1, void @empty_1"   --->   Operation 13 'specinterface' 'specinterface_ln0' <Predicate = true> <Delay = 0.00>
ST_1 : Operation 14 [1/1] (0.00ns)   --->   "%specinterface_ln0 = specinterface void @_ssdm_op_SpecInterface, i1 %validChecksumFifo, void @empty_3, i32 0, i32 0, void @empty_1, i32 0, i32 0, void @empty_1, void @empty_1, void @empty_1, i32 0, i32 0, i32 0, i32 0, void @empty_1, void @empty_1"   --->   Operation 14 'specinterface' 'specinterface_ln0' <Predicate = true> <Delay = 0.00>
ST_1 : Operation 15 [1/1] (0.00ns)   --->   "%specinterface_ln0 = specinterface void @_ssdm_op_SpecInterface, i1 %validIpAddressFifo, void @empty_3, i32 0, i32 0, void @empty_1, i32 0, i32 0, void @empty_1, void @empty_1, void @empty_1, i32 0, i32 0, i32 0, i32 0, void @empty_1, void @empty_1"   --->   Operation 15 'specinterface' 'specinterface_ln0' <Predicate = true> <Delay = 0.00>
ST_1 : Operation 16 [1/1] (0.00ns)   --->   "%specinterface_ln0 = specinterface void @_ssdm_op_SpecInterface, i1 %validIpAddressFifo, void @empty_3, i32 0, i32 0, void @empty_1, i32 0, i32 0, void @empty_1, void @empty_1, void @empty_1, i32 0, i32 0, i32 0, i32 0, void @empty_1, void @empty_1"   --->   Operation 16 'specinterface' 'specinterface_ln0' <Predicate = true> <Delay = 0.00>
ST_1 : Operation 17 [1/1] (0.00ns)   --->   "%specinterface_ln0 = specinterface void @_ssdm_op_SpecInterface, i1 %validIpAddressFifo, void @empty_3, i32 0, i32 0, void @empty_1, i32 0, i32 0, void @empty_1, void @empty_1, void @empty_1, i32 0, i32 0, i32 0, i32 0, void @empty_1, void @empty_1"   --->   Operation 17 'specinterface' 'specinterface_ln0' <Predicate = true> <Delay = 0.00>
ST_1 : Operation 18 [1/1] (0.00ns)   --->   "%specinterface_ln0 = specinterface void @_ssdm_op_SpecInterface, i1024 %ipDataDropFifo, void @empty_3, i32 0, i32 0, void @empty_1, i32 0, i32 0, void @empty_1, void @empty_1, void @empty_1, i32 0, i32 0, i32 0, i32 0, void @empty_1, void @empty_1"   --->   Operation 18 'specinterface' 'specinterface_ln0' <Predicate = true> <Delay = 0.00>
ST_1 : Operation 19 [1/1] (0.00ns)   --->   "%specinterface_ln0 = specinterface void @_ssdm_op_SpecInterface, i1 %ipv4ValidFifo, void @empty_3, i32 0, i32 0, void @empty_1, i32 0, i32 0, void @empty_1, void @empty_1, void @empty_1, i32 0, i32 0, i32 0, i32 0, void @empty_1, void @empty_1"   --->   Operation 19 'specinterface' 'specinterface_ln0' <Predicate = true> <Delay = 0.00>
ST_1 : Operation 20 [1/1] (0.00ns)   --->   "%specinterface_ln0 = specinterface void @_ssdm_op_SpecInterface, i1 %validChecksumFifo, void @empty_3, i32 0, i32 0, void @empty_1, i32 0, i32 0, void @empty_1, void @empty_1, void @empty_1, i32 0, i32 0, i32 0, i32 0, void @empty_1, void @empty_1"   --->   Operation 20 'specinterface' 'specinterface_ln0' <Predicate = true> <Delay = 0.00>
ST_1 : Operation 21 [1/1] (0.00ns)   --->   "%specinterface_ln0 = specinterface void @_ssdm_op_SpecInterface, i1024 %ipDataCheckFifo, void @empty_3, i32 0, i32 0, void @empty_1, i32 0, i32 0, void @empty_1, void @empty_1, void @empty_1, i32 0, i32 0, i32 0, i32 0, void @empty_1, void @empty_1"   --->   Operation 21 'specinterface' 'specinterface_ln0' <Predicate = true> <Delay = 0.00>
ST_1 : Operation 22 [1/1] (0.00ns)   --->   "%specinterface_ln0 = specinterface void @_ssdm_op_SpecInterface, i1 %validIpAddressFifo, void @empty_3, i32 0, i32 0, void @empty_1, i32 0, i32 0, void @empty_1, void @empty_1, void @empty_1, i32 0, i32 0, i32 0, i32 0, void @empty_1, void @empty_1"   --->   Operation 22 'specinterface' 'specinterface_ln0' <Predicate = true> <Delay = 0.00>
ST_1 : Operation 23 [1/1] (0.00ns)   --->   "%specpipeline_ln176 = specpipeline void @_ssdm_op_SpecPipeline, i32 1, i32 0, i32 0, i32 0, void @empty_1" [/home/haiyang3/eth-axi-streamer/fpga-network-stack/hls/ip_handler/ip_handler.cpp:176]   --->   Operation 23 'specpipeline' 'specpipeline_ln176' <Predicate = true> <Delay = 0.00>
ST_1 : Operation 24 [1/1] (0.00ns)   --->   "%iid_state_load = load i2 %iid_state" [/home/haiyang3/eth-axi-streamer/fpga-network-stack/hls/ip_handler/ip_handler.cpp:188]   --->   Operation 24 'load' 'iid_state_load' <Predicate = true> <Delay = 0.00>
ST_1 : Operation 25 [1/1] (0.65ns)   --->   "%switch_ln188 = switch i2 %iid_state_load, void %ip_invalid_dropper<512>.exit, i2 0, void, i2 1, void, i2 2, void" [/home/haiyang3/eth-axi-streamer/fpga-network-stack/hls/ip_handler/ip_handler.cpp:188]   --->   Operation 25 'switch' 'switch_ln188' <Predicate = true> <Delay = 0.65>
ST_1 : Operation 26 [1/1] (0.00ns)   --->   "%tmp_5_i = nbreadreq i1 @_ssdm_op_NbReadReq.ap_fifo.i1024P0A, i1024 %ipDataCheckFifo, i32 1" [/opt/xilinx/Vitis_HLS/2020.2/common/technology/autopilot/hls_stream_39.h:136]   --->   Operation 26 'nbreadreq' 'tmp_5_i' <Predicate = (iid_state_load == 2)> <Delay = 0.00> <CoreInst = "FIFO">   --->   Core 78 'FIFO' <Latency = 0> <II = 1> <Delay = 1.30> <Storage> <Opcode : 'read' 'write' 'nbread' 'nbwrite'> <Ports = 0> <Width = 1024> <Depth = 64> <FIFO>
ST_1 : Operation 27 [1/1] (0.00ns)   --->   "%br_ln221 = br i1 %tmp_5_i, void %ip_invalid_dropper<512>.exit, void" [/home/haiyang3/eth-axi-streamer/fpga-network-stack/hls/ip_handler/ip_handler.cpp:221]   --->   Operation 27 'br' 'br_ln221' <Predicate = (iid_state_load == 2)> <Delay = 0.00>
ST_1 : Operation 28 [1/1] (1.16ns)   --->   "%ipDataCheckFifo_read_1 = read i1024 @_ssdm_op_Read.ap_fifo.volatile.i1024P0A, i1024 %ipDataCheckFifo" [/opt/xilinx/Vitis_HLS/2020.2/common/technology/autopilot/hls_stream_39.h:145]   --->   Operation 28 'read' 'ipDataCheckFifo_read_1' <Predicate = (iid_state_load == 2 & tmp_5_i)> <Delay = 1.16> <CoreInst = "FIFO">   --->   Core 78 'FIFO' <Latency = 0> <II = 1> <Delay = 1.30> <Storage> <Opcode : 'read' 'write' 'nbread' 'nbwrite'> <Ports = 0> <Width = 1024> <Depth = 64> <FIFO>
ST_1 : Operation 29 [1/1] (0.00ns)   --->   "%tmp_last_V_2 = bitselect i1 @_ssdm_op_BitSelect.i1.i1024.i32, i1024 %ipDataCheckFifo_read_1, i32 576" [/opt/xilinx/Vitis_HLS/2020.2/common/technology/autopilot/hls_stream_39.h:145]   --->   Operation 29 'bitselect' 'tmp_last_V_2' <Predicate = (iid_state_load == 2 & tmp_5_i)> <Delay = 0.00>
ST_1 : Operation 30 [1/1] (0.00ns)   --->   "%br_ln224 = br i1 %tmp_last_V_2, void %ip_invalid_dropper<512>.exit, void" [/home/haiyang3/eth-axi-streamer/fpga-network-stack/hls/ip_handler/ip_handler.cpp:224]   --->   Operation 30 'br' 'br_ln224' <Predicate = (iid_state_load == 2 & tmp_5_i)> <Delay = 0.00>
ST_1 : Operation 31 [1/1] (0.41ns)   --->   "%store_ln226 = store i2 0, i2 %iid_state" [/home/haiyang3/eth-axi-streamer/fpga-network-stack/hls/ip_handler/ip_handler.cpp:226]   --->   Operation 31 'store' 'store_ln226' <Predicate = (iid_state_load == 2 & tmp_5_i & tmp_last_V_2)> <Delay = 0.41>
ST_1 : Operation 32 [1/1] (0.00ns)   --->   "%br_ln227 = br void %ip_invalid_dropper<512>.exit" [/home/haiyang3/eth-axi-streamer/fpga-network-stack/hls/ip_handler/ip_handler.cpp:227]   --->   Operation 32 'br' 'br_ln227' <Predicate = (iid_state_load == 2 & tmp_5_i & tmp_last_V_2)> <Delay = 0.00>
ST_1 : Operation 33 [1/1] (0.00ns)   --->   "%tmp_4_i = nbreadreq i1 @_ssdm_op_NbReadReq.ap_fifo.i1024P0A, i1024 %ipDataCheckFifo, i32 1" [/opt/xilinx/Vitis_HLS/2020.2/common/technology/autopilot/hls_stream_39.h:136]   --->   Operation 33 'nbreadreq' 'tmp_4_i' <Predicate = (iid_state_load == 1)> <Delay = 0.00> <CoreInst = "FIFO">   --->   Core 78 'FIFO' <Latency = 0> <II = 1> <Delay = 1.30> <Storage> <Opcode : 'read' 'write' 'nbread' 'nbwrite'> <Ports = 0> <Width = 1024> <Depth = 64> <FIFO>
ST_1 : Operation 34 [1/1] (0.00ns)   --->   "%br_ln210 = br i1 %tmp_4_i, void %ip_invalid_dropper<512>.exit, void" [/home/haiyang3/eth-axi-streamer/fpga-network-stack/hls/ip_handler/ip_handler.cpp:210]   --->   Operation 34 'br' 'br_ln210' <Predicate = (iid_state_load == 1)> <Delay = 0.00>
ST_1 : Operation 35 [1/1] (1.16ns)   --->   "%ipDataCheckFifo_read = read i1024 @_ssdm_op_Read.ap_fifo.volatile.i1024P0A, i1024 %ipDataCheckFifo" [/opt/xilinx/Vitis_HLS/2020.2/common/technology/autopilot/hls_stream_39.h:145]   --->   Operation 35 'read' 'ipDataCheckFifo_read' <Predicate = (iid_state_load == 1 & tmp_4_i)> <Delay = 1.16> <CoreInst = "FIFO">   --->   Core 78 'FIFO' <Latency = 0> <II = 1> <Delay = 1.30> <Storage> <Opcode : 'read' 'write' 'nbread' 'nbwrite'> <Ports = 0> <Width = 1024> <Depth = 64> <FIFO>
ST_1 : Operation 36 [1/1] (0.00ns)   --->   "%tmp_last_V = bitselect i1 @_ssdm_op_BitSelect.i1.i1024.i32, i1024 %ipDataCheckFifo_read, i32 576" [/opt/xilinx/Vitis_HLS/2020.2/common/technology/autopilot/hls_stream_39.h:145]   --->   Operation 36 'bitselect' 'tmp_last_V' <Predicate = (iid_state_load == 1 & tmp_4_i)> <Delay = 0.00>
ST_1 : Operation 37 [1/1] (0.00ns)   --->   "%br_ln214 = br i1 %tmp_last_V, void %ip_invalid_dropper<512>.exit, void" [/home/haiyang3/eth-axi-streamer/fpga-network-stack/hls/ip_handler/ip_handler.cpp:214]   --->   Operation 37 'br' 'br_ln214' <Predicate = (iid_state_load == 1 & tmp_4_i)> <Delay = 0.00>
ST_1 : Operation 38 [1/1] (0.41ns)   --->   "%store_ln216 = store i2 0, i2 %iid_state" [/home/haiyang3/eth-axi-streamer/fpga-network-stack/hls/ip_handler/ip_handler.cpp:216]   --->   Operation 38 'store' 'store_ln216' <Predicate = (iid_state_load == 1 & tmp_4_i & tmp_last_V)> <Delay = 0.41>
ST_1 : Operation 39 [1/1] (0.00ns)   --->   "%br_ln217 = br void %ip_invalid_dropper<512>.exit" [/home/haiyang3/eth-axi-streamer/fpga-network-stack/hls/ip_handler/ip_handler.cpp:217]   --->   Operation 39 'br' 'br_ln217' <Predicate = (iid_state_load == 1 & tmp_4_i & tmp_last_V)> <Delay = 0.00>
ST_1 : Operation 40 [1/1] (0.00ns)   --->   "%tmp_i = nbreadreq i1 @_ssdm_op_NbReadReq.ap_fifo.i1P0A, i1 %validChecksumFifo, i32 1" [/opt/xilinx/Vitis_HLS/2020.2/common/technology/autopilot/hls_stream_39.h:136]   --->   Operation 40 'nbreadreq' 'tmp_i' <Predicate = (iid_state_load == 0)> <Delay = 0.00> <CoreInst = "FIFO_SRL">   --->   Core 81 'FIFO_SRL' <Latency = 0> <II = 1> <Delay = 1.35> <Storage> <Opcode : 'read' 'write' 'nbread' 'nbwrite'> <Ports = 0> <Width = 1> <Depth = 4> <FIFO>
ST_1 : Operation 41 [1/1] (0.00ns)   --->   "%br_ln191 = br i1 %tmp_i, void %ip_invalid_dropper<512>.exit, void" [/home/haiyang3/eth-axi-streamer/fpga-network-stack/hls/ip_handler/ip_handler.cpp:191]   --->   Operation 41 'br' 'br_ln191' <Predicate = (iid_state_load == 0)> <Delay = 0.00>
ST_1 : Operation 42 [1/1] (0.00ns)   --->   "%tmp_6_i = nbreadreq i1 @_ssdm_op_NbReadReq.ap_fifo.i1P0A, i1 %validIpAddressFifo, i32 1" [/opt/xilinx/Vitis_HLS/2020.2/common/technology/autopilot/hls_stream_39.h:136]   --->   Operation 42 'nbreadreq' 'tmp_6_i' <Predicate = (iid_state_load == 0 & tmp_i)> <Delay = 0.00> <CoreInst = "FIFO_SRL">   --->   Core 81 'FIFO_SRL' <Latency = 0> <II = 1> <Delay = 1.38> <Storage> <Opcode : 'read' 'write' 'nbread' 'nbwrite'> <Ports = 0> <Width = 1> <Depth = 32> <FIFO>
ST_1 : Operation 43 [1/1] (0.00ns)   --->   "%br_ln191 = br i1 %tmp_6_i, void %ip_invalid_dropper<512>.exit, void" [/home/haiyang3/eth-axi-streamer/fpga-network-stack/hls/ip_handler/ip_handler.cpp:191]   --->   Operation 43 'br' 'br_ln191' <Predicate = (iid_state_load == 0 & tmp_i)> <Delay = 0.00>
ST_1 : Operation 44 [1/1] (1.16ns)   --->   "%tmp = read i1 @_ssdm_op_Read.ap_fifo.volatile.i1P0A, i1 %validChecksumFifo" [/opt/xilinx/Vitis_HLS/2020.2/common/technology/autopilot/hls_stream_39.h:145]   --->   Operation 44 'read' 'tmp' <Predicate = (iid_state_load == 0 & tmp_i & tmp_6_i)> <Delay = 1.16> <CoreInst = "FIFO_SRL">   --->   Core 81 'FIFO_SRL' <Latency = 0> <II = 1> <Delay = 1.35> <Storage> <Opcode : 'read' 'write' 'nbread' 'nbwrite'> <Ports = 0> <Width = 1> <Depth = 4> <FIFO>
ST_1 : Operation 45 [1/1] (1.16ns)   --->   "%tmp_2 = read i1 @_ssdm_op_Read.ap_fifo.volatile.i1P0A, i1 %validIpAddressFifo" [/opt/xilinx/Vitis_HLS/2020.2/common/technology/autopilot/hls_stream_39.h:145]   --->   Operation 45 'read' 'tmp_2' <Predicate = (iid_state_load == 0 & tmp_i & tmp_6_i)> <Delay = 1.16> <CoreInst = "FIFO_SRL">   --->   Core 81 'FIFO_SRL' <Latency = 0> <II = 1> <Delay = 1.38> <Storage> <Opcode : 'read' 'write' 'nbread' 'nbwrite'> <Ports = 0> <Width = 1> <Depth = 32> <FIFO>
ST_1 : Operation 46 [1/1] (0.12ns)   --->   "%and_ln195 = and i1 %tmp, i1 %tmp_2" [/home/haiyang3/eth-axi-streamer/fpga-network-stack/hls/ip_handler/ip_handler.cpp:195]   --->   Operation 46 'and' 'and_ln195' <Predicate = (iid_state_load == 0 & tmp_i & tmp_6_i)> <Delay = 0.12> <CoreInst = "LogicGate">   --->   Core 74 'LogicGate' <Latency = 0> <II = 1> <Delay = 0.12> <FuncUnit> <Opcode : 'and' 'or' 'xor'> <InPorts = 2> <OutPorts = 1>
ST_1 : Operation 47 [1/1] (0.00ns)   --->   "%br_ln195 = br i1 %and_ln195, void, void" [/home/haiyang3/eth-axi-streamer/fpga-network-stack/hls/ip_handler/ip_handler.cpp:195]   --->   Operation 47 'br' 'br_ln195' <Predicate = (iid_state_load == 0 & tmp_i & tmp_6_i)> <Delay = 0.00>
ST_1 : Operation 48 [1/1] (0.41ns)   --->   "%store_ln205 = store i2 2, i2 %iid_state" [/home/haiyang3/eth-axi-streamer/fpga-network-stack/hls/ip_handler/ip_handler.cpp:205]   --->   Operation 48 'store' 'store_ln205' <Predicate = (iid_state_load == 0 & tmp_i & tmp_6_i & !and_ln195)> <Delay = 0.41>
ST_1 : Operation 49 [1/1] (0.00ns)   --->   "%br_ln0 = br void %ip_invalid_dropper<512>.exit"   --->   Operation 49 'br' 'br_ln0' <Predicate = (iid_state_load == 0 & tmp_i & tmp_6_i & !and_ln195)> <Delay = 0.00>
ST_1 : Operation 50 [1/1] (0.41ns)   --->   "%store_ln199 = store i2 1, i2 %iid_state" [/home/haiyang3/eth-axi-streamer/fpga-network-stack/hls/ip_handler/ip_handler.cpp:199]   --->   Operation 50 'store' 'store_ln199' <Predicate = (iid_state_load == 0 & tmp_i & tmp_6_i & and_ln195)> <Delay = 0.41>
ST_1 : Operation 51 [1/1] (0.00ns)   --->   "%br_ln200 = br void %ip_invalid_dropper<512>.exit" [/home/haiyang3/eth-axi-streamer/fpga-network-stack/hls/ip_handler/ip_handler.cpp:200]   --->   Operation 51 'br' 'br_ln200' <Predicate = (iid_state_load == 0 & tmp_i & tmp_6_i & and_ln195)> <Delay = 0.00>

State 2 <SV = 1> <Delay = 1.16>
ST_2 : Operation 52 [1/1] (1.16ns)   --->   "%write_ln174 = write void @_ssdm_op_Write.ap_fifo.volatile.i1024P0A, i1024 %ipDataDropFifo, i1024 %ipDataCheckFifo_read" [/opt/xilinx/Vitis_HLS/2020.2/common/technology/autopilot/hls_stream_39.h:174]   --->   Operation 52 'write' 'write_ln174' <Predicate = (iid_state_load == 1 & tmp_4_i)> <Delay = 1.16> <CoreInst = "FIFO_SRL">   --->   Core 81 'FIFO_SRL' <Latency = 0> <II = 1> <Delay = 1.33> <Storage> <Opcode : 'read' 'write' 'nbread' 'nbwrite'> <Ports = 0> <Width = 1024> <Depth = 2> <FIFO>
ST_2 : Operation 53 [1/1] (1.16ns)   --->   "%write_ln174 = write void @_ssdm_op_Write.ap_fifo.volatile.i1P0A, i1 %ipv4ValidFifo, i1 0" [/opt/xilinx/Vitis_HLS/2020.2/common/technology/autopilot/hls_stream_39.h:174]   --->   Operation 53 'write' 'write_ln174' <Predicate = (iid_state_load == 0 & tmp_i & tmp_6_i & !and_ln195)> <Delay = 1.16> <CoreInst = "FIFO_SRL">   --->   Core 81 'FIFO_SRL' <Latency = 0> <II = 1> <Delay = 1.31> <Storage> <Opcode : 'read' 'write' 'nbread' 'nbwrite'> <Ports = 0> <Width = 1> <Depth = 8> <FIFO>
ST_2 : Operation 54 [1/1] (1.16ns)   --->   "%write_ln174 = write void @_ssdm_op_Write.ap_fifo.volatile.i1P0A, i1 %ipv4ValidFifo, i1 1" [/opt/xilinx/Vitis_HLS/2020.2/common/technology/autopilot/hls_stream_39.h:174]   --->   Operation 54 'write' 'write_ln174' <Predicate = (iid_state_load == 0 & tmp_i & tmp_6_i & and_ln195)> <Delay = 1.16> <CoreInst = "FIFO_SRL">   --->   Core 81 'FIFO_SRL' <Latency = 0> <II = 1> <Delay = 1.31> <Storage> <Opcode : 'read' 'write' 'nbread' 'nbwrite'> <Ports = 0> <Width = 1> <Depth = 8> <FIFO>
ST_2 : Operation 55 [1/1] (0.00ns)   --->   "%ret_ln0 = ret"   --->   Operation 55 'ret' 'ret_ln0' <Predicate = true> <Delay = 0.00>


============================================================
+ Verbose Summary: Timing violations
============================================================
Target clock period: 3.2ns, clock uncertainty: 0.864ns.

 <State 1>: 1.83ns
The critical path consists of the following:
	fifo read on port 'validChecksumFifo' (/opt/xilinx/Vitis_HLS/2020.2/common/technology/autopilot/hls_stream_39.h:145) [61]  (1.17 ns)
	'and' operation ('and_ln195', /home/haiyang3/eth-axi-streamer/fpga-network-stack/hls/ip_handler/ip_handler.cpp:195) [63]  (0.122 ns)
	blocking operation 0.542 ns on control path)

 <State 2>: 1.17ns
The critical path consists of the following:
	fifo write on port 'ipv4ValidFifo' (/opt/xilinx/Vitis_HLS/2020.2/common/technology/autopilot/hls_stream_39.h:174) [66]  (1.17 ns)


============================================================
+ Verbose Summary: Binding
============================================================
N/A
* FSMD analyzer results:
  - Output states:
 - Input state : 
  - Chain level:
	State 1
	State 2


============================================================
+ Verbose Summary: Datapath Resource usage 
============================================================
N/A
